# gmm-acc-stats-ali exp/tri2a/18.mdl "ark,s,cs:apply-cmvn  --utt2spk=ark:data/train/split16/14/utt2spk scp:data/train/split16/14/cmvn.scp scp:data/train/split16/14/feats.scp ark:- | add-deltas  ark:- ark:- |" "ark,s,cs:gunzip -c exp/tri2a/ali.14.gz|" exp/tri2a/18.14.acc 
# Started at Fri Oct 29 08:10:13 +07 2021
#
gmm-acc-stats-ali exp/tri2a/18.mdl 'ark,s,cs:apply-cmvn  --utt2spk=ark:data/train/split16/14/utt2spk scp:data/train/split16/14/cmvn.scp scp:data/train/split16/14/feats.scp ark:- | add-deltas  ark:- ark:- |' 'ark,s,cs:gunzip -c exp/tri2a/ali.14.gz|' exp/tri2a/18.14.acc 
apply-cmvn --utt2spk=ark:data/train/split16/14/utt2spk scp:data/train/split16/14/cmvn.scp scp:data/train/split16/14/feats.scp ark:- 
add-deltas ark:- ark:- 
LOG (gmm-acc-stats-ali[5.5.987~1-eb8d0]:main():gmm-acc-stats-ali.cc:105) Processed 50 utterances; for utterance VIVOSSPK39-050 avg. like is -98.7842 over 648 frames.
LOG (gmm-acc-stats-ali[5.5.987~1-eb8d0]:main():gmm-acc-stats-ali.cc:105) Processed 100 utterances; for utterance VIVOSSPK39-100 avg. like is -96.3072 over 714 frames.
WARNING (gmm-acc-stats-ali[5.5.987~1-eb8d0]:main():gmm-acc-stats-ali.cc:79) No alignment for utterance VIVOSSPK39-130
LOG (gmm-acc-stats-ali[5.5.987~1-eb8d0]:main():gmm-acc-stats-ali.cc:105) Processed 150 utterances; for utterance VIVOSSPK39-151 avg. like is -97.2635 over 486 frames.
WARNING (gmm-acc-stats-ali[5.5.987~1-eb8d0]:main():gmm-acc-stats-ali.cc:79) No alignment for utterance VIVOSSPK39-170
WARNING (gmm-acc-stats-ali[5.5.987~1-eb8d0]:main():gmm-acc-stats-ali.cc:79) No alignment for utterance VIVOSSPK40-017
LOG (gmm-acc-stats-ali[5.5.987~1-eb8d0]:main():gmm-acc-stats-ali.cc:105) Processed 200 utterances; for utterance VIVOSSPK40-019 avg. like is -98.3264 over 379 frames.
WARNING (gmm-acc-stats-ali[5.5.987~1-eb8d0]:main():gmm-acc-stats-ali.cc:79) No alignment for utterance VIVOSSPK40-020
WARNING (gmm-acc-stats-ali[5.5.987~1-eb8d0]:main():gmm-acc-stats-ali.cc:79) No alignment for utterance VIVOSSPK40-025
WARNING (gmm-acc-stats-ali[5.5.987~1-eb8d0]:main():gmm-acc-stats-ali.cc:79) No alignment for utterance VIVOSSPK40-026
WARNING (gmm-acc-stats-ali[5.5.987~1-eb8d0]:main():gmm-acc-stats-ali.cc:79) No alignment for utterance VIVOSSPK40-033
WARNING (gmm-acc-stats-ali[5.5.987~1-eb8d0]:main():gmm-acc-stats-ali.cc:79) No alignment for utterance VIVOSSPK40-038
WARNING (gmm-acc-stats-ali[5.5.987~1-eb8d0]:main():gmm-acc-stats-ali.cc:79) No alignment for utterance VIVOSSPK40-042
WARNING (gmm-acc-stats-ali[5.5.987~1-eb8d0]:main():gmm-acc-stats-ali.cc:79) No alignment for utterance VIVOSSPK40-045
WARNING (gmm-acc-stats-ali[5.5.987~1-eb8d0]:main():gmm-acc-stats-ali.cc:79) No alignment for utterance VIVOSSPK40-048
WARNING (gmm-acc-stats-ali[5.5.987~1-eb8d0]:main():gmm-acc-stats-ali.cc:79) No alignment for utterance VIVOSSPK40-049
WARNING (gmm-acc-stats-ali[5.5.987~1-eb8d0]:main():gmm-acc-stats-ali.cc:79) No alignment for utterance VIVOSSPK40-054
WARNING (gmm-acc-stats-ali[5.5.987~1-eb8d0]:main():gmm-acc-stats-ali.cc:79) No alignment for utterance VIVOSSPK40-055
WARNING (gmm-acc-stats-ali[5.5.987~1-eb8d0]:main():gmm-acc-stats-ali.cc:79) No alignment for utterance VIVOSSPK40-077
LOG (gmm-acc-stats-ali[5.5.987~1-eb8d0]:main():gmm-acc-stats-ali.cc:105) Processed 250 utterances; for utterance VIVOSSPK40-081 avg. like is -94.3583 over 401 frames.
WARNING (gmm-acc-stats-ali[5.5.987~1-eb8d0]:main():gmm-acc-stats-ali.cc:79) No alignment for utterance VIVOSSPK40-088
WARNING (gmm-acc-stats-ali[5.5.987~1-eb8d0]:main():gmm-acc-stats-ali.cc:79) No alignment for utterance VIVOSSPK40-096
WARNING (gmm-acc-stats-ali[5.5.987~1-eb8d0]:main():gmm-acc-stats-ali.cc:79) No alignment for utterance VIVOSSPK40-097
WARNING (gmm-acc-stats-ali[5.5.987~1-eb8d0]:main():gmm-acc-stats-ali.cc:79) No alignment for utterance VIVOSSPK40-101
WARNING (gmm-acc-stats-ali[5.5.987~1-eb8d0]:main():gmm-acc-stats-ali.cc:79) No alignment for utterance VIVOSSPK40-104
WARNING (gmm-acc-stats-ali[5.5.987~1-eb8d0]:main():gmm-acc-stats-ali.cc:79) No alignment for utterance VIVOSSPK40-106
WARNING (gmm-acc-stats-ali[5.5.987~1-eb8d0]:main():gmm-acc-stats-ali.cc:79) No alignment for utterance VIVOSSPK40-108
WARNING (gmm-acc-stats-ali[5.5.987~1-eb8d0]:main():gmm-acc-stats-ali.cc:79) No alignment for utterance VIVOSSPK40-109
WARNING (gmm-acc-stats-ali[5.5.987~1-eb8d0]:main():gmm-acc-stats-ali.cc:79) No alignment for utterance VIVOSSPK40-112
WARNING (gmm-acc-stats-ali[5.5.987~1-eb8d0]:main():gmm-acc-stats-ali.cc:79) No alignment for utterance VIVOSSPK40-113
WARNING (gmm-acc-stats-ali[5.5.987~1-eb8d0]:main():gmm-acc-stats-ali.cc:79) No alignment for utterance VIVOSSPK40-115
WARNING (gmm-acc-stats-ali[5.5.987~1-eb8d0]:main():gmm-acc-stats-ali.cc:79) No alignment for utterance VIVOSSPK40-116
WARNING (gmm-acc-stats-ali[5.5.987~1-eb8d0]:main():gmm-acc-stats-ali.cc:79) No alignment for utterance VIVOSSPK40-119
WARNING (gmm-acc-stats-ali[5.5.987~1-eb8d0]:main():gmm-acc-stats-ali.cc:79) No alignment for utterance VIVOSSPK40-127
WARNING (gmm-acc-stats-ali[5.5.987~1-eb8d0]:main():gmm-acc-stats-ali.cc:79) No alignment for utterance VIVOSSPK40-129
WARNING (gmm-acc-stats-ali[5.5.987~1-eb8d0]:main():gmm-acc-stats-ali.cc:79) No alignment for utterance VIVOSSPK40-134
WARNING (gmm-acc-stats-ali[5.5.987~1-eb8d0]:main():gmm-acc-stats-ali.cc:79) No alignment for utterance VIVOSSPK40-137
WARNING (gmm-acc-stats-ali[5.5.987~1-eb8d0]:main():gmm-acc-stats-ali.cc:79) No alignment for utterance VIVOSSPK40-139
WARNING (gmm-acc-stats-ali[5.5.987~1-eb8d0]:main():gmm-acc-stats-ali.cc:79) No alignment for utterance VIVOSSPK40-141
WARNING (gmm-acc-stats-ali[5.5.987~1-eb8d0]:main():gmm-acc-stats-ali.cc:79) No alignment for utterance VIVOSSPK40-145
WARNING (gmm-acc-stats-ali[5.5.987~1-eb8d0]:main():gmm-acc-stats-ali.cc:79) No alignment for utterance VIVOSSPK40-146
WARNING (gmm-acc-stats-ali[5.5.987~1-eb8d0]:main():gmm-acc-stats-ali.cc:79) No alignment for utterance VIVOSSPK40-148
LOG (gmm-acc-stats-ali[5.5.987~1-eb8d0]:main():gmm-acc-stats-ali.cc:105) Processed 300 utterances; for utterance VIVOSSPK40-153 avg. like is -93.9506 over 445 frames.
WARNING (gmm-acc-stats-ali[5.5.987~1-eb8d0]:main():gmm-acc-stats-ali.cc:79) No alignment for utterance VIVOSSPK40-158
WARNING (gmm-acc-stats-ali[5.5.987~1-eb8d0]:main():gmm-acc-stats-ali.cc:79) No alignment for utterance VIVOSSPK40-160
WARNING (gmm-acc-stats-ali[5.5.987~1-eb8d0]:main():gmm-acc-stats-ali.cc:79) No alignment for utterance VIVOSSPK40-161
WARNING (gmm-acc-stats-ali[5.5.987~1-eb8d0]:main():gmm-acc-stats-ali.cc:79) No alignment for utterance VIVOSSPK40-168
WARNING (gmm-acc-stats-ali[5.5.987~1-eb8d0]:main():gmm-acc-stats-ali.cc:79) No alignment for utterance VIVOSSPK40-171
WARNING (gmm-acc-stats-ali[5.5.987~1-eb8d0]:main():gmm-acc-stats-ali.cc:79) No alignment for utterance VIVOSSPK40-176
WARNING (gmm-acc-stats-ali[5.5.987~1-eb8d0]:main():gmm-acc-stats-ali.cc:79) No alignment for utterance VIVOSSPK40-185
WARNING (gmm-acc-stats-ali[5.5.987~1-eb8d0]:main():gmm-acc-stats-ali.cc:79) No alignment for utterance VIVOSSPK40-186
WARNING (gmm-acc-stats-ali[5.5.987~1-eb8d0]:main():gmm-acc-stats-ali.cc:79) No alignment for utterance VIVOSSPK40-187
WARNING (gmm-acc-stats-ali[5.5.987~1-eb8d0]:main():gmm-acc-stats-ali.cc:79) No alignment for utterance VIVOSSPK40-188
WARNING (gmm-acc-stats-ali[5.5.987~1-eb8d0]:main():gmm-acc-stats-ali.cc:79) No alignment for utterance VIVOSSPK40-189
WARNING (gmm-acc-stats-ali[5.5.987~1-eb8d0]:main():gmm-acc-stats-ali.cc:79) No alignment for utterance VIVOSSPK40-190
WARNING (gmm-acc-stats-ali[5.5.987~1-eb8d0]:main():gmm-acc-stats-ali.cc:79) No alignment for utterance VIVOSSPK40-195
WARNING (gmm-acc-stats-ali[5.5.987~1-eb8d0]:main():gmm-acc-stats-ali.cc:79) No alignment for utterance VIVOSSPK40-196
WARNING (gmm-acc-stats-ali[5.5.987~1-eb8d0]:main():gmm-acc-stats-ali.cc:79) No alignment for utterance VIVOSSPK40-204
WARNING (gmm-acc-stats-ali[5.5.987~1-eb8d0]:main():gmm-acc-stats-ali.cc:79) No alignment for utterance VIVOSSPK40-205
WARNING (gmm-acc-stats-ali[5.5.987~1-eb8d0]:main():gmm-acc-stats-ali.cc:79) No alignment for utterance VIVOSSPK40-212
WARNING (gmm-acc-stats-ali[5.5.987~1-eb8d0]:main():gmm-acc-stats-ali.cc:79) No alignment for utterance VIVOSSPK40-213
WARNING (gmm-acc-stats-ali[5.5.987~1-eb8d0]:main():gmm-acc-stats-ali.cc:79) No alignment for utterance VIVOSSPK40-216
WARNING (gmm-acc-stats-ali[5.5.987~1-eb8d0]:main():gmm-acc-stats-ali.cc:79) No alignment for utterance VIVOSSPK40-217
WARNING (gmm-acc-stats-ali[5.5.987~1-eb8d0]:main():gmm-acc-stats-ali.cc:79) No alignment for utterance VIVOSSPK40-222
WARNING (gmm-acc-stats-ali[5.5.987~1-eb8d0]:main():gmm-acc-stats-ali.cc:79) No alignment for utterance VIVOSSPK40-223
WARNING (gmm-acc-stats-ali[5.5.987~1-eb8d0]:main():gmm-acc-stats-ali.cc:79) No alignment for utterance VIVOSSPK40-225
LOG (gmm-acc-stats-ali[5.5.987~1-eb8d0]:main():gmm-acc-stats-ali.cc:105) Processed 350 utterances; for utterance VIVOSSPK40-226 avg. like is -95.1509 over 410 frames.
WARNING (gmm-acc-stats-ali[5.5.987~1-eb8d0]:main():gmm-acc-stats-ali.cc:79) No alignment for utterance VIVOSSPK40-229
WARNING (gmm-acc-stats-ali[5.5.987~1-eb8d0]:main():gmm-acc-stats-ali.cc:79) No alignment for utterance VIVOSSPK40-230
WARNING (gmm-acc-stats-ali[5.5.987~1-eb8d0]:main():gmm-acc-stats-ali.cc:79) No alignment for utterance VIVOSSPK40-233
WARNING (gmm-acc-stats-ali[5.5.987~1-eb8d0]:main():gmm-acc-stats-ali.cc:79) No alignment for utterance VIVOSSPK40-237
WARNING (gmm-acc-stats-ali[5.5.987~1-eb8d0]:main():gmm-acc-stats-ali.cc:79) No alignment for utterance VIVOSSPK40-239
WARNING (gmm-acc-stats-ali[5.5.987~1-eb8d0]:main():gmm-acc-stats-ali.cc:79) No alignment for utterance VIVOSSPK40-240
WARNING (gmm-acc-stats-ali[5.5.987~1-eb8d0]:main():gmm-acc-stats-ali.cc:79) No alignment for utterance VIVOSSPK40-241
WARNING (gmm-acc-stats-ali[5.5.987~1-eb8d0]:main():gmm-acc-stats-ali.cc:79) No alignment for utterance VIVOSSPK40-243
WARNING (gmm-acc-stats-ali[5.5.987~1-eb8d0]:main():gmm-acc-stats-ali.cc:79) No alignment for utterance VIVOSSPK40-244
WARNING (gmm-acc-stats-ali[5.5.987~1-eb8d0]:main():gmm-acc-stats-ali.cc:79) No alignment for utterance VIVOSSPK40-245
WARNING (gmm-acc-stats-ali[5.5.987~1-eb8d0]:main():gmm-acc-stats-ali.cc:79) No alignment for utterance VIVOSSPK40-247
WARNING (gmm-acc-stats-ali[5.5.987~1-eb8d0]:main():gmm-acc-stats-ali.cc:79) No alignment for utterance VIVOSSPK40-248
WARNING (gmm-acc-stats-ali[5.5.987~1-eb8d0]:main():gmm-acc-stats-ali.cc:79) No alignment for utterance VIVOSSPK40-251
WARNING (gmm-acc-stats-ali[5.5.987~1-eb8d0]:main():gmm-acc-stats-ali.cc:79) No alignment for utterance VIVOSSPK40-254
WARNING (gmm-acc-stats-ali[5.5.987~1-eb8d0]:main():gmm-acc-stats-ali.cc:79) No alignment for utterance VIVOSSPK40-256
WARNING (gmm-acc-stats-ali[5.5.987~1-eb8d0]:main():gmm-acc-stats-ali.cc:79) No alignment for utterance VIVOSSPK40-257
WARNING (gmm-acc-stats-ali[5.5.987~1-eb8d0]:main():gmm-acc-stats-ali.cc:79) No alignment for utterance VIVOSSPK40-258
WARNING (gmm-acc-stats-ali[5.5.987~1-eb8d0]:main():gmm-acc-stats-ali.cc:79) No alignment for utterance VIVOSSPK40-259
WARNING (gmm-acc-stats-ali[5.5.987~1-eb8d0]:main():gmm-acc-stats-ali.cc:79) No alignment for utterance VIVOSSPK40-262
WARNING (gmm-acc-stats-ali[5.5.987~1-eb8d0]:main():gmm-acc-stats-ali.cc:79) No alignment for utterance VIVOSSPK40-263
WARNING (gmm-acc-stats-ali[5.5.987~1-eb8d0]:main():gmm-acc-stats-ali.cc:79) No alignment for utterance VIVOSSPK40-264
WARNING (gmm-acc-stats-ali[5.5.987~1-eb8d0]:main():gmm-acc-stats-ali.cc:79) No alignment for utterance VIVOSSPK40-265
WARNING (gmm-acc-stats-ali[5.5.987~1-eb8d0]:main():gmm-acc-stats-ali.cc:79) No alignment for utterance VIVOSSPK40-267
WARNING (gmm-acc-stats-ali[5.5.987~1-eb8d0]:main():gmm-acc-stats-ali.cc:79) No alignment for utterance VIVOSSPK40-268
WARNING (gmm-acc-stats-ali[5.5.987~1-eb8d0]:main():gmm-acc-stats-ali.cc:79) No alignment for utterance VIVOSSPK40-272
WARNING (gmm-acc-stats-ali[5.5.987~1-eb8d0]:main():gmm-acc-stats-ali.cc:79) No alignment for utterance VIVOSSPK40-276
WARNING (gmm-acc-stats-ali[5.5.987~1-eb8d0]:main():gmm-acc-stats-ali.cc:79) No alignment for utterance VIVOSSPK40-278
WARNING (gmm-acc-stats-ali[5.5.987~1-eb8d0]:main():gmm-acc-stats-ali.cc:79) No alignment for utterance VIVOSSPK40-280
WARNING (gmm-acc-stats-ali[5.5.987~1-eb8d0]:main():gmm-acc-stats-ali.cc:79) No alignment for utterance VIVOSSPK40-281
WARNING (gmm-acc-stats-ali[5.5.987~1-eb8d0]:main():gmm-acc-stats-ali.cc:79) No alignment for utterance VIVOSSPK40-282
WARNING (gmm-acc-stats-ali[5.5.987~1-eb8d0]:main():gmm-acc-stats-ali.cc:79) No alignment for utterance VIVOSSPK40-283
WARNING (gmm-acc-stats-ali[5.5.987~1-eb8d0]:main():gmm-acc-stats-ali.cc:79) No alignment for utterance VIVOSSPK40-284
WARNING (gmm-acc-stats-ali[5.5.987~1-eb8d0]:main():gmm-acc-stats-ali.cc:79) No alignment for utterance VIVOSSPK40-288
WARNING (gmm-acc-stats-ali[5.5.987~1-eb8d0]:main():gmm-acc-stats-ali.cc:79) No alignment for utterance VIVOSSPK40-290
WARNING (gmm-acc-stats-ali[5.5.987~1-eb8d0]:main():gmm-acc-stats-ali.cc:79) No alignment for utterance VIVOSSPK40-293
WARNING (gmm-acc-stats-ali[5.5.987~1-eb8d0]:main():gmm-acc-stats-ali.cc:79) No alignment for utterance VIVOSSPK41-001
LOG (gmm-acc-stats-ali[5.5.987~1-eb8d0]:main():gmm-acc-stats-ali.cc:105) Processed 400 utterances; for utterance VIVOSSPK41-012 avg. like is -97.6645 over 289 frames.
WARNING (gmm-acc-stats-ali[5.5.987~1-eb8d0]:main():gmm-acc-stats-ali.cc:79) No alignment for utterance VIVOSSPK41-020
WARNING (gmm-acc-stats-ali[5.5.987~1-eb8d0]:main():gmm-acc-stats-ali.cc:79) No alignment for utterance VIVOSSPK41-034
WARNING (gmm-acc-stats-ali[5.5.987~1-eb8d0]:main():gmm-acc-stats-ali.cc:79) No alignment for utterance VIVOSSPK41-046
WARNING (gmm-acc-stats-ali[5.5.987~1-eb8d0]:main():gmm-acc-stats-ali.cc:79) No alignment for utterance VIVOSSPK41-065
LOG (gmm-acc-stats-ali[5.5.987~1-eb8d0]:main():gmm-acc-stats-ali.cc:105) Processed 450 utterances; for utterance VIVOSSPK41-066 avg. like is -96.8081 over 279 frames.
WARNING (gmm-acc-stats-ali[5.5.987~1-eb8d0]:main():gmm-acc-stats-ali.cc:79) No alignment for utterance VIVOSSPK41-071
WARNING (gmm-acc-stats-ali[5.5.987~1-eb8d0]:main():gmm-acc-stats-ali.cc:79) No alignment for utterance VIVOSSPK41-073
WARNING (gmm-acc-stats-ali[5.5.987~1-eb8d0]:main():gmm-acc-stats-ali.cc:79) No alignment for utterance VIVOSSPK41-075
WARNING (gmm-acc-stats-ali[5.5.987~1-eb8d0]:main():gmm-acc-stats-ali.cc:79) No alignment for utterance VIVOSSPK41-077
WARNING (gmm-acc-stats-ali[5.5.987~1-eb8d0]:main():gmm-acc-stats-ali.cc:79) No alignment for utterance VIVOSSPK41-085
WARNING (gmm-acc-stats-ali[5.5.987~1-eb8d0]:main():gmm-acc-stats-ali.cc:79) No alignment for utterance VIVOSSPK41-088
WARNING (gmm-acc-stats-ali[5.5.987~1-eb8d0]:main():gmm-acc-stats-ali.cc:79) No alignment for utterance VIVOSSPK41-089
WARNING (gmm-acc-stats-ali[5.5.987~1-eb8d0]:main():gmm-acc-stats-ali.cc:79) No alignment for utterance VIVOSSPK41-093
WARNING (gmm-acc-stats-ali[5.5.987~1-eb8d0]:main():gmm-acc-stats-ali.cc:79) No alignment for utterance VIVOSSPK41-095
WARNING (gmm-acc-stats-ali[5.5.987~1-eb8d0]:main():gmm-acc-stats-ali.cc:79) No alignment for utterance VIVOSSPK41-098
WARNING (gmm-acc-stats-ali[5.5.987~1-eb8d0]:main():gmm-acc-stats-ali.cc:79) No alignment for utterance VIVOSSPK41-102
WARNING (gmm-acc-stats-ali[5.5.987~1-eb8d0]:main():gmm-acc-stats-ali.cc:79) No alignment for utterance VIVOSSPK41-105
WARNING (gmm-acc-stats-ali[5.5.987~1-eb8d0]:main():gmm-acc-stats-ali.cc:79) No alignment for utterance VIVOSSPK41-106
WARNING (gmm-acc-stats-ali[5.5.987~1-eb8d0]:main():gmm-acc-stats-ali.cc:79) No alignment for utterance VIVOSSPK41-107
WARNING (gmm-acc-stats-ali[5.5.987~1-eb8d0]:main():gmm-acc-stats-ali.cc:79) No alignment for utterance VIVOSSPK41-108
WARNING (gmm-acc-stats-ali[5.5.987~1-eb8d0]:main():gmm-acc-stats-ali.cc:79) No alignment for utterance VIVOSSPK41-110
WARNING (gmm-acc-stats-ali[5.5.987~1-eb8d0]:main():gmm-acc-stats-ali.cc:79) No alignment for utterance VIVOSSPK41-112
WARNING (gmm-acc-stats-ali[5.5.987~1-eb8d0]:main():gmm-acc-stats-ali.cc:79) No alignment for utterance VIVOSSPK41-113
WARNING (gmm-acc-stats-ali[5.5.987~1-eb8d0]:main():gmm-acc-stats-ali.cc:79) No alignment for utterance VIVOSSPK41-114
WARNING (gmm-acc-stats-ali[5.5.987~1-eb8d0]:main():gmm-acc-stats-ali.cc:79) No alignment for utterance VIVOSSPK41-119
WARNING (gmm-acc-stats-ali[5.5.987~1-eb8d0]:main():gmm-acc-stats-ali.cc:79) No alignment for utterance VIVOSSPK41-120
WARNING (gmm-acc-stats-ali[5.5.987~1-eb8d0]:main():gmm-acc-stats-ali.cc:79) No alignment for utterance VIVOSSPK41-121
WARNING (gmm-acc-stats-ali[5.5.987~1-eb8d0]:main():gmm-acc-stats-ali.cc:79) No alignment for utterance VIVOSSPK41-125
WARNING (gmm-acc-stats-ali[5.5.987~1-eb8d0]:main():gmm-acc-stats-ali.cc:79) No alignment for utterance VIVOSSPK41-128
WARNING (gmm-acc-stats-ali[5.5.987~1-eb8d0]:main():gmm-acc-stats-ali.cc:79) No alignment for utterance VIVOSSPK41-129
WARNING (gmm-acc-stats-ali[5.5.987~1-eb8d0]:main():gmm-acc-stats-ali.cc:79) No alignment for utterance VIVOSSPK41-136
WARNING (gmm-acc-stats-ali[5.5.987~1-eb8d0]:main():gmm-acc-stats-ali.cc:79) No alignment for utterance VIVOSSPK41-137
WARNING (gmm-acc-stats-ali[5.5.987~1-eb8d0]:main():gmm-acc-stats-ali.cc:79) No alignment for utterance VIVOSSPK41-141
LOG (gmm-acc-stats-ali[5.5.987~1-eb8d0]:main():gmm-acc-stats-ali.cc:105) Processed 500 utterances; for utterance VIVOSSPK41-144 avg. like is -96.0865 over 392 frames.
WARNING (gmm-acc-stats-ali[5.5.987~1-eb8d0]:main():gmm-acc-stats-ali.cc:79) No alignment for utterance VIVOSSPK41-146
WARNING (gmm-acc-stats-ali[5.5.987~1-eb8d0]:main():gmm-acc-stats-ali.cc:79) No alignment for utterance VIVOSSPK41-148
WARNING (gmm-acc-stats-ali[5.5.987~1-eb8d0]:main():gmm-acc-stats-ali.cc:79) No alignment for utterance VIVOSSPK41-151
WARNING (gmm-acc-stats-ali[5.5.987~1-eb8d0]:main():gmm-acc-stats-ali.cc:79) No alignment for utterance VIVOSSPK41-152
WARNING (gmm-acc-stats-ali[5.5.987~1-eb8d0]:main():gmm-acc-stats-ali.cc:79) No alignment for utterance VIVOSSPK41-154
WARNING (gmm-acc-stats-ali[5.5.987~1-eb8d0]:main():gmm-acc-stats-ali.cc:79) No alignment for utterance VIVOSSPK41-157
WARNING (gmm-acc-stats-ali[5.5.987~1-eb8d0]:main():gmm-acc-stats-ali.cc:79) No alignment for utterance VIVOSSPK41-158
WARNING (gmm-acc-stats-ali[5.5.987~1-eb8d0]:main():gmm-acc-stats-ali.cc:79) No alignment for utterance VIVOSSPK41-160
WARNING (gmm-acc-stats-ali[5.5.987~1-eb8d0]:main():gmm-acc-stats-ali.cc:79) No alignment for utterance VIVOSSPK41-175
WARNING (gmm-acc-stats-ali[5.5.987~1-eb8d0]:main():gmm-acc-stats-ali.cc:79) No alignment for utterance VIVOSSPK41-181
WARNING (gmm-acc-stats-ali[5.5.987~1-eb8d0]:main():gmm-acc-stats-ali.cc:79) No alignment for utterance VIVOSSPK41-186
WARNING (gmm-acc-stats-ali[5.5.987~1-eb8d0]:main():gmm-acc-stats-ali.cc:79) No alignment for utterance VIVOSSPK41-196
WARNING (gmm-acc-stats-ali[5.5.987~1-eb8d0]:main():gmm-acc-stats-ali.cc:79) No alignment for utterance VIVOSSPK41-200
LOG (gmm-acc-stats-ali[5.5.987~1-eb8d0]:main():gmm-acc-stats-ali.cc:105) Processed 550 utterances; for utterance VIVOSSPK41-207 avg. like is -96.9725 over 373 frames.
WARNING (gmm-acc-stats-ali[5.5.987~1-eb8d0]:main():gmm-acc-stats-ali.cc:79) No alignment for utterance VIVOSSPK41-238
WARNING (gmm-acc-stats-ali[5.5.987~1-eb8d0]:main():gmm-acc-stats-ali.cc:79) No alignment for utterance VIVOSSPK41-242
WARNING (gmm-acc-stats-ali[5.5.987~1-eb8d0]:main():gmm-acc-stats-ali.cc:79) No alignment for utterance VIVOSSPK41-247
LOG (gmm-acc-stats-ali[5.5.987~1-eb8d0]:main():gmm-acc-stats-ali.cc:105) Processed 600 utterances; for utterance VIVOSSPK41-260 avg. like is -94.4369 over 310 frames.
WARNING (gmm-acc-stats-ali[5.5.987~1-eb8d0]:main():gmm-acc-stats-ali.cc:79) No alignment for utterance VIVOSSPK41-275
WARNING (gmm-acc-stats-ali[5.5.987~1-eb8d0]:main():gmm-acc-stats-ali.cc:79) No alignment for utterance VIVOSSPK41-292
LOG (apply-cmvn[5.5.987~1-eb8d0]:main():apply-cmvn.cc:162) Applied cepstral mean normalization to 784 utterances, errors on 0
LOG (gmm-acc-stats-ali[5.5.987~1-eb8d0]:main():gmm-acc-stats-ali.cc:112) Done 638 files, 146 with errors.
LOG (gmm-acc-stats-ali[5.5.987~1-eb8d0]:main():gmm-acc-stats-ali.cc:115) Overall avg like per frame (Gaussian only) = -95.9996 over 274961 frames.
LOG (gmm-acc-stats-ali[5.5.987~1-eb8d0]:main():gmm-acc-stats-ali.cc:123) Written accs.
# Accounting: time=1 threads=1
# Ended (code 0) at Fri Oct 29 08:10:14 +07 2021, elapsed time 1 seconds
