# gmm-acc-stats-ali exp/tri2a/2.mdl "ark,s,cs:apply-cmvn  --utt2spk=ark:data/train/split16/1/utt2spk scp:data/train/split16/1/cmvn.scp scp:data/train/split16/1/feats.scp ark:- | add-deltas  ark:- ark:- |" "ark,s,cs:gunzip -c exp/tri2a/ali.1.gz|" exp/tri2a/2.1.acc 
# Started at Fri Oct 29 08:09:27 +07 2021
#
gmm-acc-stats-ali exp/tri2a/2.mdl 'ark,s,cs:apply-cmvn  --utt2spk=ark:data/train/split16/1/utt2spk scp:data/train/split16/1/cmvn.scp scp:data/train/split16/1/feats.scp ark:- | add-deltas  ark:- ark:- |' 'ark,s,cs:gunzip -c exp/tri2a/ali.1.gz|' exp/tri2a/2.1.acc 
apply-cmvn --utt2spk=ark:data/train/split16/1/utt2spk scp:data/train/split16/1/cmvn.scp scp:data/train/split16/1/feats.scp ark:- 
add-deltas ark:- ark:- 
LOG (gmm-acc-stats-ali[5.5.987~1-eb8d0]:main():gmm-acc-stats-ali.cc:105) Processed 50 utterances; for utterance VIVOSSPK01-R050 avg. like is -94.7538 over 445 frames.
LOG (gmm-acc-stats-ali[5.5.987~1-eb8d0]:main():gmm-acc-stats-ali.cc:105) Processed 100 utterances; for utterance VIVOSSPK01-R100 avg. like is -95.4115 over 504 frames.
LOG (gmm-acc-stats-ali[5.5.987~1-eb8d0]:main():gmm-acc-stats-ali.cc:105) Processed 150 utterances; for utterance VIVOSSPK01-R150 avg. like is -91.6964 over 261 frames.
LOG (gmm-acc-stats-ali[5.5.987~1-eb8d0]:main():gmm-acc-stats-ali.cc:105) Processed 200 utterances; for utterance VIVOSSPK01-R200 avg. like is -95.4704 over 361 frames.
LOG (gmm-acc-stats-ali[5.5.987~1-eb8d0]:main():gmm-acc-stats-ali.cc:105) Processed 250 utterances; for utterance VIVOSSPK01-T050 avg. like is -93.9315 over 304 frames.
LOG (gmm-acc-stats-ali[5.5.987~1-eb8d0]:main():gmm-acc-stats-ali.cc:105) Processed 300 utterances; for utterance VIVOSSPK02-R050 avg. like is -93.1738 over 254 frames.
LOG (gmm-acc-stats-ali[5.5.987~1-eb8d0]:main():gmm-acc-stats-ali.cc:105) Processed 350 utterances; for utterance VIVOSSPK02-R100 avg. like is -92.7199 over 279 frames.
LOG (gmm-acc-stats-ali[5.5.987~1-eb8d0]:main():gmm-acc-stats-ali.cc:105) Processed 400 utterances; for utterance VIVOSSPK02-R150 avg. like is -94.2537 over 289 frames.
LOG (gmm-acc-stats-ali[5.5.987~1-eb8d0]:main():gmm-acc-stats-ali.cc:105) Processed 450 utterances; for utterance VIVOSSPK02-R200 avg. like is -95.9906 over 311 frames.
LOG (gmm-acc-stats-ali[5.5.987~1-eb8d0]:main():gmm-acc-stats-ali.cc:105) Processed 500 utterances; for utterance VIVOSSPK02-T050 avg. like is -97.2772 over 242 frames.
LOG (gmm-acc-stats-ali[5.5.987~1-eb8d0]:main():gmm-acc-stats-ali.cc:105) Processed 550 utterances; for utterance VIVOSSPK03-R050 avg. like is -94.332 over 417 frames.
LOG (gmm-acc-stats-ali[5.5.987~1-eb8d0]:main():gmm-acc-stats-ali.cc:105) Processed 600 utterances; for utterance VIVOSSPK03-R100 avg. like is -99.7429 over 392 frames.
LOG (gmm-acc-stats-ali[5.5.987~1-eb8d0]:main():gmm-acc-stats-ali.cc:105) Processed 650 utterances; for utterance VIVOSSPK03-R150 avg. like is -97.3483 over 392 frames.
LOG (gmm-acc-stats-ali[5.5.987~1-eb8d0]:main():gmm-acc-stats-ali.cc:105) Processed 700 utterances; for utterance VIVOSSPK03-R200 avg. like is -98.8046 over 264 frames.
LOG (apply-cmvn[5.5.987~1-eb8d0]:main():apply-cmvn.cc:162) Applied cepstral mean normalization to 750 utterances, errors on 0
LOG (gmm-acc-stats-ali[5.5.987~1-eb8d0]:main():gmm-acc-stats-ali.cc:105) Processed 750 utterances; for utterance VIVOSSPK03-T050 avg. like is -96.1449 over 264 frames.
LOG (gmm-acc-stats-ali[5.5.987~1-eb8d0]:main():gmm-acc-stats-ali.cc:112) Done 750 files, 0 with errors.
LOG (gmm-acc-stats-ali[5.5.987~1-eb8d0]:main():gmm-acc-stats-ali.cc:115) Overall avg like per frame (Gaussian only) = -94.8575 over 249681 frames.
LOG (gmm-acc-stats-ali[5.5.987~1-eb8d0]:main():gmm-acc-stats-ali.cc:123) Written accs.
# Accounting: time=0 threads=1
# Ended (code 0) at Fri Oct 29 08:09:27 +07 2021, elapsed time 0 seconds
