# gmm-acc-stats-ali exp/tri2a/23.mdl "ark,s,cs:apply-cmvn  --utt2spk=ark:data/train/split16/2/utt2spk scp:data/train/split16/2/cmvn.scp scp:data/train/split16/2/feats.scp ark:- | add-deltas  ark:- ark:- |" "ark,s,cs:gunzip -c exp/tri2a/ali.2.gz|" exp/tri2a/23.2.acc 
# Started at Fri Oct 29 08:10:36 +07 2021
#
gmm-acc-stats-ali exp/tri2a/23.mdl 'ark,s,cs:apply-cmvn  --utt2spk=ark:data/train/split16/2/utt2spk scp:data/train/split16/2/cmvn.scp scp:data/train/split16/2/feats.scp ark:- | add-deltas  ark:- ark:- |' 'ark,s,cs:gunzip -c exp/tri2a/ali.2.gz|' exp/tri2a/23.2.acc 
apply-cmvn --utt2spk=ark:data/train/split16/2/utt2spk scp:data/train/split16/2/cmvn.scp scp:data/train/split16/2/feats.scp ark:- 
add-deltas ark:- ark:- 
LOG (gmm-acc-stats-ali[5.5.987~1-eb8d0]:main():gmm-acc-stats-ali.cc:105) Processed 50 utterances; for utterance VIVOSSPK04-R050 avg. like is -84.8645 over 339 frames.
LOG (gmm-acc-stats-ali[5.5.987~1-eb8d0]:main():gmm-acc-stats-ali.cc:105) Processed 100 utterances; for utterance VIVOSSPK04-R100 avg. like is -88.7292 over 267 frames.
LOG (gmm-acc-stats-ali[5.5.987~1-eb8d0]:main():gmm-acc-stats-ali.cc:105) Processed 150 utterances; for utterance VIVOSSPK04-R150 avg. like is -88.5446 over 261 frames.
LOG (gmm-acc-stats-ali[5.5.987~1-eb8d0]:main():gmm-acc-stats-ali.cc:105) Processed 200 utterances; for utterance VIVOSSPK04-R200 avg. like is -81.9386 over 226 frames.
LOG (gmm-acc-stats-ali[5.5.987~1-eb8d0]:main():gmm-acc-stats-ali.cc:105) Processed 250 utterances; for utterance VIVOSSPK04-T050 avg. like is -89.0898 over 461 frames.
LOG (gmm-acc-stats-ali[5.5.987~1-eb8d0]:main():gmm-acc-stats-ali.cc:105) Processed 300 utterances; for utterance VIVOSSPK05-R050 avg. like is -90.1595 over 392 frames.
LOG (gmm-acc-stats-ali[5.5.987~1-eb8d0]:main():gmm-acc-stats-ali.cc:105) Processed 350 utterances; for utterance VIVOSSPK05-R100 avg. like is -85.4757 over 323 frames.
LOG (gmm-acc-stats-ali[5.5.987~1-eb8d0]:main():gmm-acc-stats-ali.cc:105) Processed 400 utterances; for utterance VIVOSSPK05-R150 avg. like is -88.9113 over 442 frames.
LOG (gmm-acc-stats-ali[5.5.987~1-eb8d0]:main():gmm-acc-stats-ali.cc:105) Processed 450 utterances; for utterance VIVOSSPK05-R200 avg. like is -86.2624 over 454 frames.
LOG (gmm-acc-stats-ali[5.5.987~1-eb8d0]:main():gmm-acc-stats-ali.cc:105) Processed 500 utterances; for utterance VIVOSSPK05-T050 avg. like is -87.347 over 442 frames.
LOG (gmm-acc-stats-ali[5.5.987~1-eb8d0]:main():gmm-acc-stats-ali.cc:105) Processed 550 utterances; for utterance VIVOSSPK06-R050 avg. like is -89.806 over 567 frames.
LOG (gmm-acc-stats-ali[5.5.987~1-eb8d0]:main():gmm-acc-stats-ali.cc:105) Processed 600 utterances; for utterance VIVOSSPK06-R100 avg. like is -86.0587 over 411 frames.
LOG (gmm-acc-stats-ali[5.5.987~1-eb8d0]:main():gmm-acc-stats-ali.cc:105) Processed 650 utterances; for utterance VIVOSSPK06-R150 avg. like is -86.8875 over 398 frames.
LOG (gmm-acc-stats-ali[5.5.987~1-eb8d0]:main():gmm-acc-stats-ali.cc:105) Processed 700 utterances; for utterance VIVOSSPK06-R200 avg. like is -88.7087 over 404 frames.
LOG (apply-cmvn[5.5.987~1-eb8d0]:main():apply-cmvn.cc:162) Applied cepstral mean normalization to 750 utterances, errors on 0
LOG (gmm-acc-stats-ali[5.5.987~1-eb8d0]:main():gmm-acc-stats-ali.cc:105) Processed 750 utterances; for utterance VIVOSSPK06-T050 avg. like is -86.9688 over 307 frames.
LOG (gmm-acc-stats-ali[5.5.987~1-eb8d0]:main():gmm-acc-stats-ali.cc:112) Done 750 files, 0 with errors.
LOG (gmm-acc-stats-ali[5.5.987~1-eb8d0]:main():gmm-acc-stats-ali.cc:115) Overall avg like per frame (Gaussian only) = -87.06 over 266204 frames.
LOG (gmm-acc-stats-ali[5.5.987~1-eb8d0]:main():gmm-acc-stats-ali.cc:123) Written accs.
# Accounting: time=1 threads=1
# Ended (code 0) at Fri Oct 29 08:10:37 +07 2021, elapsed time 1 seconds
