# build-tree --verbose=1 --max-leaves=2500 --cluster-thresh=-1 exp/tri2a/treeacc data/lang/phones/roots.int exp/tri2a/questions.qst data/lang/topo exp/tri2a/tree 
# Started at Fri Oct 29 08:09:19 +07 2021
#
build-tree --verbose=1 --max-leaves=2500 --cluster-thresh=-1 exp/tri2a/treeacc data/lang/phones/roots.int exp/tri2a/questions.qst data/lang/topo exp/tri2a/tree 
LOG (build-tree[5.5.987~1-eb8d0]:main():build-tree.cc:104) Number of separate statistics is 22859
LOG (build-tree[5.5.987~1-eb8d0]:BuildTree():build-tree.cc:161) BuildTree: before building trees, map has 28 leaves.
LOG (build-tree[5.5.987~1-eb8d0]:SplitDecisionTree():build-tree-utils.cc:577) DoDecisionTreeSplit: split 2472 times, #leaves now 2500
LOG (build-tree[5.5.987~1-eb8d0]:BuildTree():build-tree.cc:187) Setting clustering threshold to smallest split 905.438
VLOG[1] (build-tree[5.5.987~1-eb8d0]:BuildTree():build-tree.cc:196) After decision tree split, num-leaves = 2500, like-impr = 5.54188 per frame over 5.19241e+06 frames.
VLOG[1] (build-tree[5.5.987~1-eb8d0]:BuildTree():build-tree.cc:200) Including just phones that were split, improvement is 5.54188 per frame over 5.19241e+06 frames.
LOG (build-tree[5.5.987~1-eb8d0]:BuildTree():build-tree.cc:215) BuildTree: removed 523 leaves.
VLOG[1] (build-tree[5.5.987~1-eb8d0]:ClusterEventMapToNClustersRestrictedByMap():build-tree-utils.cc:914) Number of non-empty clusters in map = 28
VLOG[1] (build-tree[5.5.987~1-eb8d0]:ClusterEventMapToNClustersRestrictedByMap():build-tree-utils.cc:915) Number of non-empty clusters = 1977
LOG (build-tree[5.5.987~1-eb8d0]:BuildTree():build-tree.cc:231) BuildTree: Rounded num leaves to multiple of 8 by removing 1 leaves.
VLOG[1] (build-tree[5.5.987~1-eb8d0]:BuildTree():build-tree.cc:256) Objf change due to clustering -0.0506031 per frame.
VLOG[1] (build-tree[5.5.987~1-eb8d0]:BuildTree():build-tree.cc:259) Normalizing over only split phones, this is: -0.0506031 per frame.
VLOG[1] (build-tree[5.5.987~1-eb8d0]:BuildTree():build-tree.cc:262) Num-leaves is now 1976
VLOG[1] (build-tree[5.5.987~1-eb8d0]:main():build-tree.cc:143) For pdf-id 1, low count 9
VLOG[1] (build-tree[5.5.987~1-eb8d0]:main():build-tree.cc:143) For pdf-id 2, low count 3
WARNING (build-tree[5.5.987~1-eb8d0]:main():build-tree.cc:185) Saw no stats for following phones: 2 3 4 5 6 7 8 9 11 12 13 20 21 28 35 38 42 51 54 56 57 60 61 62 65 70 77 78 80 81 82 86 90 93 100 101 103 106 
LOG (build-tree[5.5.987~1-eb8d0]:main():build-tree.cc:189) Wrote tree
# Accounting: time=1 threads=1
# Ended (code 0) at Fri Oct 29 08:09:20 +07 2021, elapsed time 1 seconds
