# gmm-est --mix-up=10900 --power=0.25 --write-occs=exp/tri2a/14.occs exp/tri2a/13.mdl "gmm-sum-accs - exp/tri2a/13.*.acc |" exp/tri2a/14.mdl 
# Started at Fri Oct 29 08:10:02 +07 2021
#
gmm-est --mix-up=10900 --power=0.25 --write-occs=exp/tri2a/14.occs exp/tri2a/13.mdl 'gmm-sum-accs - exp/tri2a/13.*.acc |' exp/tri2a/14.mdl 
gmm-sum-accs - exp/tri2a/13.1.acc exp/tri2a/13.10.acc exp/tri2a/13.11.acc exp/tri2a/13.12.acc exp/tri2a/13.13.acc exp/tri2a/13.14.acc exp/tri2a/13.15.acc exp/tri2a/13.16.acc exp/tri2a/13.2.acc exp/tri2a/13.3.acc exp/tri2a/13.4.acc exp/tri2a/13.5.acc exp/tri2a/13.6.acc exp/tri2a/13.7.acc exp/tri2a/13.8.acc exp/tri2a/13.9.acc 
LOG (gmm-sum-accs[5.5.987~1-eb8d0]:main():gmm-sum-accs.cc:63) Summed 16 stats, total count 5.15467e+06, avg like/frame -93.6242
LOG (gmm-sum-accs[5.5.987~1-eb8d0]:main():gmm-sum-accs.cc:66) Total count of stats is 5.15467e+06
LOG (gmm-sum-accs[5.5.987~1-eb8d0]:main():gmm-sum-accs.cc:67) Written stats to -
LOG (gmm-est[5.5.987~1-eb8d0]:MleUpdate():transition-model.cc:528) TransitionModel::Update, objf change is 0 per frame over 5.15467e+06 frames. 
LOG (gmm-est[5.5.987~1-eb8d0]:MleUpdate():transition-model.cc:531) 450 probabilities floored, 4440 out of 7335 transition-states skipped due to insuffient data (it is normal to have some skipped.)
LOG (gmm-est[5.5.987~1-eb8d0]:main():gmm-est.cc:102) Transition model update: Overall 0 log-like improvement per frame over 5.15467e+06 frames.
WARNING (gmm-est[5.5.987~1-eb8d0]:MleDiagGmmUpdate():mle-diag-gmm.cc:365) Gaussian has too little data but not removing it because it is the last Gaussian: i = 0, occ = 9, weight = 1
WARNING (gmm-est[5.5.987~1-eb8d0]:MleDiagGmmUpdate():mle-diag-gmm.cc:365) Gaussian has too little data but not removing it because it is the last Gaussian: i = 0, occ = 3, weight = 1
LOG (gmm-est[5.5.987~1-eb8d0]:MleAmDiagGmmUpdate():mle-am-diag-gmm.cc:225) 0 variance elements floored in 0 Gaussians, out of 10200
LOG (gmm-est[5.5.987~1-eb8d0]:MleAmDiagGmmUpdate():mle-am-diag-gmm.cc:229) Removed 0 Gaussians due to counts < --min-gaussian-occupancy=10 and --remove-low-count-gaussians=true
LOG (gmm-est[5.5.987~1-eb8d0]:main():gmm-est.cc:113) GMM update: Overall 0.0742886 objective function improvement per frame over 5.15467e+06 frames
LOG (gmm-est[5.5.987~1-eb8d0]:main():gmm-est.cc:116) GMM update: Overall avg like per frame = -93.6242 over 5.15467e+06 frames.
LOG (gmm-est[5.5.987~1-eb8d0]:SplitByCount():am-diag-gmm.cc:116) Split 1976 states with target = 10900, power = 0.25, perturb_factor = 0.01 and min_count = 20, split #Gauss from 10200 to 10900
LOG (gmm-est[5.5.987~1-eb8d0]:main():gmm-est.cc:146) Written model to exp/tri2a/14.mdl
# Accounting: time=0 threads=1
# Ended (code 0) at Fri Oct 29 08:10:02 +07 2021, elapsed time 0 seconds
