# gmm-est --mix-up=20000 --power=0.25 --write-occs=exp/tri2a/29.occs exp/tri2a/28.mdl "gmm-sum-accs - exp/tri2a/28.*.acc |" exp/tri2a/29.mdl 
# Started at Fri Oct 29 08:10:53 +07 2021
#
gmm-est --mix-up=20000 --power=0.25 --write-occs=exp/tri2a/29.occs exp/tri2a/28.mdl 'gmm-sum-accs - exp/tri2a/28.*.acc |' exp/tri2a/29.mdl 
gmm-sum-accs - exp/tri2a/28.1.acc exp/tri2a/28.10.acc exp/tri2a/28.11.acc exp/tri2a/28.12.acc exp/tri2a/28.13.acc exp/tri2a/28.14.acc exp/tri2a/28.15.acc exp/tri2a/28.16.acc exp/tri2a/28.2.acc exp/tri2a/28.3.acc exp/tri2a/28.4.acc exp/tri2a/28.5.acc exp/tri2a/28.6.acc exp/tri2a/28.7.acc exp/tri2a/28.8.acc exp/tri2a/28.9.acc 
LOG (gmm-sum-accs[5.5.987~1-eb8d0]:main():gmm-sum-accs.cc:63) Summed 16 stats, total count 5.16136e+06, avg like/frame -92.0707
LOG (gmm-sum-accs[5.5.987~1-eb8d0]:main():gmm-sum-accs.cc:66) Total count of stats is 5.16136e+06
LOG (gmm-sum-accs[5.5.987~1-eb8d0]:main():gmm-sum-accs.cc:67) Written stats to -
LOG (gmm-est[5.5.987~1-eb8d0]:MleUpdate():transition-model.cc:528) TransitionModel::Update, objf change is 0 per frame over 5.16136e+06 frames. 
LOG (gmm-est[5.5.987~1-eb8d0]:MleUpdate():transition-model.cc:531) 451 probabilities floored, 4450 out of 7335 transition-states skipped due to insuffient data (it is normal to have some skipped.)
LOG (gmm-est[5.5.987~1-eb8d0]:main():gmm-est.cc:102) Transition model update: Overall 0 log-like improvement per frame over 5.16136e+06 frames.
WARNING (gmm-est[5.5.987~1-eb8d0]:MleDiagGmmUpdate():mle-diag-gmm.cc:365) Gaussian has too little data but not removing it because it is the last Gaussian: i = 0, occ = 9, weight = 1
WARNING (gmm-est[5.5.987~1-eb8d0]:MleDiagGmmUpdate():mle-diag-gmm.cc:365) Gaussian has too little data but not removing it because it is the last Gaussian: i = 0, occ = 3, weight = 1
LOG (gmm-est[5.5.987~1-eb8d0]:MleAmDiagGmmUpdate():mle-am-diag-gmm.cc:225) 0 variance elements floored in 0 Gaussians, out of 20000
LOG (gmm-est[5.5.987~1-eb8d0]:MleAmDiagGmmUpdate():mle-am-diag-gmm.cc:229) Removed 0 Gaussians due to counts < --min-gaussian-occupancy=10 and --remove-low-count-gaussians=true
LOG (gmm-est[5.5.987~1-eb8d0]:main():gmm-est.cc:113) GMM update: Overall 0.0341961 objective function improvement per frame over 5.16136e+06 frames
LOG (gmm-est[5.5.987~1-eb8d0]:main():gmm-est.cc:116) GMM update: Overall avg like per frame = -92.0707 over 5.16136e+06 frames.
LOG (gmm-est[5.5.987~1-eb8d0]:SplitByCount():am-diag-gmm.cc:116) Split 1976 states with target = 20000, power = 0.25, perturb_factor = 0.01 and min_count = 20, split #Gauss from 20000 to 20000
LOG (gmm-est[5.5.987~1-eb8d0]:main():gmm-est.cc:146) Written model to exp/tri2a/29.mdl
# Accounting: time=1 threads=1
# Ended (code 0) at Fri Oct 29 08:10:54 +07 2021, elapsed time 1 seconds
