# gmm-acc-stats-ali exp/tri1/10.mdl "ark,s,cs:apply-cmvn  --utt2spk=ark:data/train/split16/4/utt2spk scp:data/train/split16/4/cmvn.scp scp:data/train/split16/4/feats.scp ark:- | add-deltas  ark:- ark:- |" "ark,s,cs:gunzip -c exp/tri1/ali.4.gz|" exp/tri1/10.4.acc 
# Started at Fri Oct 29 08:07:27 +07 2021
#
gmm-acc-stats-ali exp/tri1/10.mdl 'ark,s,cs:apply-cmvn  --utt2spk=ark:data/train/split16/4/utt2spk scp:data/train/split16/4/cmvn.scp scp:data/train/split16/4/feats.scp ark:- | add-deltas  ark:- ark:- |' 'ark,s,cs:gunzip -c exp/tri1/ali.4.gz|' exp/tri1/10.4.acc 
add-deltas ark:- ark:- 
apply-cmvn --utt2spk=ark:data/train/split16/4/utt2spk scp:data/train/split16/4/cmvn.scp scp:data/train/split16/4/feats.scp ark:- 
LOG (gmm-acc-stats-ali[5.5.987~1-eb8d0]:main():gmm-acc-stats-ali.cc:105) Processed 50 utterances; for utterance VIVOSSPK10-R050 avg. like is -91.1477 over 229 frames.
LOG (gmm-acc-stats-ali[5.5.987~1-eb8d0]:main():gmm-acc-stats-ali.cc:105) Processed 100 utterances; for utterance VIVOSSPK10-R100 avg. like is -91.4645 over 332 frames.
LOG (gmm-acc-stats-ali[5.5.987~1-eb8d0]:main():gmm-acc-stats-ali.cc:105) Processed 150 utterances; for utterance VIVOSSPK10-R150 avg. like is -96.9228 over 320 frames.
LOG (gmm-acc-stats-ali[5.5.987~1-eb8d0]:main():gmm-acc-stats-ali.cc:105) Processed 200 utterances; for utterance VIVOSSPK10-R200 avg. like is -90.9186 over 348 frames.
LOG (gmm-acc-stats-ali[5.5.987~1-eb8d0]:main():gmm-acc-stats-ali.cc:105) Processed 250 utterances; for utterance VIVOSSPK10-T050 avg. like is -78.3871 over 217 frames.
LOG (gmm-acc-stats-ali[5.5.987~1-eb8d0]:main():gmm-acc-stats-ali.cc:105) Processed 300 utterances; for utterance VIVOSSPK11-R050 avg. like is -87.3759 over 379 frames.
LOG (gmm-acc-stats-ali[5.5.987~1-eb8d0]:main():gmm-acc-stats-ali.cc:105) Processed 350 utterances; for utterance VIVOSSPK11-R100 avg. like is -88.3165 over 236 frames.
LOG (gmm-acc-stats-ali[5.5.987~1-eb8d0]:main():gmm-acc-stats-ali.cc:105) Processed 400 utterances; for utterance VIVOSSPK11-R150 avg. like is -88.4472 over 270 frames.
LOG (gmm-acc-stats-ali[5.5.987~1-eb8d0]:main():gmm-acc-stats-ali.cc:105) Processed 450 utterances; for utterance VIVOSSPK11-R200 avg. like is -86.098 over 423 frames.
LOG (gmm-acc-stats-ali[5.5.987~1-eb8d0]:main():gmm-acc-stats-ali.cc:105) Processed 500 utterances; for utterance VIVOSSPK11-T050 avg. like is -86.5848 over 298 frames.
LOG (gmm-acc-stats-ali[5.5.987~1-eb8d0]:main():gmm-acc-stats-ali.cc:105) Processed 550 utterances; for utterance VIVOSSPK12-R050 avg. like is -87.9923 over 267 frames.
LOG (gmm-acc-stats-ali[5.5.987~1-eb8d0]:main():gmm-acc-stats-ali.cc:105) Processed 600 utterances; for utterance VIVOSSPK12-R100 avg. like is -91.4258 over 389 frames.
LOG (gmm-acc-stats-ali[5.5.987~1-eb8d0]:main():gmm-acc-stats-ali.cc:105) Processed 650 utterances; for utterance VIVOSSPK12-R150 avg. like is -93.375 over 517 frames.
LOG (gmm-acc-stats-ali[5.5.987~1-eb8d0]:main():gmm-acc-stats-ali.cc:105) Processed 700 utterances; for utterance VIVOSSPK12-R200 avg. like is -88.639 over 429 frames.
LOG (apply-cmvn[5.5.987~1-eb8d0]:main():apply-cmvn.cc:162) Applied cepstral mean normalization to 750 utterances, errors on 0
LOG (gmm-acc-stats-ali[5.5.987~1-eb8d0]:main():gmm-acc-stats-ali.cc:105) Processed 750 utterances; for utterance VIVOSSPK12-T050 avg. like is -85.8547 over 386 frames.
LOG (gmm-acc-stats-ali[5.5.987~1-eb8d0]:main():gmm-acc-stats-ali.cc:112) Done 750 files, 0 with errors.
LOG (gmm-acc-stats-ali[5.5.987~1-eb8d0]:main():gmm-acc-stats-ali.cc:115) Overall avg like per frame (Gaussian only) = -90.8525 over 278064 frames.
LOG (gmm-acc-stats-ali[5.5.987~1-eb8d0]:main():gmm-acc-stats-ali.cc:123) Written accs.
# Accounting: time=2 threads=1
# Ended (code 0) at Fri Oct 29 08:07:29 +07 2021, elapsed time 2 seconds
