# gmm-est --mix-up=4600 --power=0.25 --write-occs=exp/tri1/5.occs exp/tri1/4.mdl "gmm-sum-accs - exp/tri1/4.*.acc |" exp/tri1/5.mdl 
# Started at Fri Oct 29 08:07:07 +07 2021
#
gmm-est --mix-up=4600 --power=0.25 --write-occs=exp/tri1/5.occs exp/tri1/4.mdl 'gmm-sum-accs - exp/tri1/4.*.acc |' exp/tri1/5.mdl 
gmm-sum-accs - exp/tri1/4.1.acc exp/tri1/4.10.acc exp/tri1/4.11.acc exp/tri1/4.12.acc exp/tri1/4.13.acc exp/tri1/4.14.acc exp/tri1/4.15.acc exp/tri1/4.16.acc exp/tri1/4.2.acc exp/tri1/4.3.acc exp/tri1/4.4.acc exp/tri1/4.5.acc exp/tri1/4.6.acc exp/tri1/4.7.acc exp/tri1/4.8.acc exp/tri1/4.9.acc 
LOG (gmm-sum-accs[5.5.987~1-eb8d0]:main():gmm-sum-accs.cc:63) Summed 16 stats, total count 5.26707e+06, avg like/frame -97.0167
LOG (gmm-sum-accs[5.5.987~1-eb8d0]:main():gmm-sum-accs.cc:66) Total count of stats is 5.26707e+06
LOG (gmm-sum-accs[5.5.987~1-eb8d0]:main():gmm-sum-accs.cc:67) Written stats to -
LOG (gmm-est[5.5.987~1-eb8d0]:MleUpdate():transition-model.cc:528) TransitionModel::Update, objf change is 0 per frame over 5.26707e+06 frames. 
LOG (gmm-est[5.5.987~1-eb8d0]:MleUpdate():transition-model.cc:531) 336 probabilities floored, 4375 out of 7309 transition-states skipped due to insuffient data (it is normal to have some skipped.)
LOG (gmm-est[5.5.987~1-eb8d0]:main():gmm-est.cc:102) Transition model update: Overall 0 log-like improvement per frame over 5.26707e+06 frames.
WARNING (gmm-est[5.5.987~1-eb8d0]:MleDiagGmmUpdate():mle-diag-gmm.cc:365) Gaussian has too little data but not removing it because it is the last Gaussian: i = 0, occ = 9, weight = 1
WARNING (gmm-est[5.5.987~1-eb8d0]:MleDiagGmmUpdate():mle-diag-gmm.cc:365) Gaussian has too little data but not removing it because it is the last Gaussian: i = 0, occ = 3, weight = 1
LOG (gmm-est[5.5.987~1-eb8d0]:MleAmDiagGmmUpdate():mle-am-diag-gmm.cc:225) 0 variance elements floored in 0 Gaussians, out of 3900
LOG (gmm-est[5.5.987~1-eb8d0]:MleAmDiagGmmUpdate():mle-am-diag-gmm.cc:229) Removed 0 Gaussians due to counts < --min-gaussian-occupancy=10 and --remove-low-count-gaussians=true
LOG (gmm-est[5.5.987~1-eb8d0]:main():gmm-est.cc:113) GMM update: Overall 0.233125 objective function improvement per frame over 5.26707e+06 frames
LOG (gmm-est[5.5.987~1-eb8d0]:main():gmm-est.cc:116) GMM update: Overall avg like per frame = -97.0167 over 5.26707e+06 frames.
LOG (gmm-est[5.5.987~1-eb8d0]:SplitByCount():am-diag-gmm.cc:116) Split 1912 states with target = 4600, power = 0.25, perturb_factor = 0.01 and min_count = 20, split #Gauss from 3900 to 4600
LOG (gmm-est[5.5.987~1-eb8d0]:main():gmm-est.cc:146) Written model to exp/tri1/5.mdl
# Accounting: time=1 threads=1
# Ended (code 0) at Fri Oct 29 08:07:08 +07 2021, elapsed time 1 seconds
