# gmm-acc-stats-ali exp/mono/21.mdl "ark,s,cs:apply-cmvn  --utt2spk=ark:data/train/split16/10/utt2spk scp:data/train/split16/10/cmvn.scp scp:data/train/split16/10/feats.scp ark:- | add-deltas  ark:- ark:- |" "ark:gunzip -c exp/mono/ali.10.gz|" exp/mono/21.10.acc 
# Started at Fri Oct 29 08:04:49 +07 2021
#
gmm-acc-stats-ali exp/mono/21.mdl 'ark,s,cs:apply-cmvn  --utt2spk=ark:data/train/split16/10/utt2spk scp:data/train/split16/10/cmvn.scp scp:data/train/split16/10/feats.scp ark:- | add-deltas  ark:- ark:- |' 'ark:gunzip -c exp/mono/ali.10.gz|' exp/mono/21.10.acc 
apply-cmvn --utt2spk=ark:data/train/split16/10/utt2spk scp:data/train/split16/10/cmvn.scp scp:data/train/split16/10/feats.scp ark:- 
add-deltas ark:- ark:- 
LOG (gmm-acc-stats-ali[5.5.987~1-eb8d0]:main():gmm-acc-stats-ali.cc:105) Processed 50 utterances; for utterance VIVOSSPK27-050 avg. like is -95.687 over 829 frames.
WARNING (gmm-acc-stats-ali[5.5.987~1-eb8d0]:main():gmm-acc-stats-ali.cc:79) No alignment for utterance VIVOSSPK27-078
WARNING (gmm-acc-stats-ali[5.5.987~1-eb8d0]:main():gmm-acc-stats-ali.cc:79) No alignment for utterance VIVOSSPK27-087
WARNING (gmm-acc-stats-ali[5.5.987~1-eb8d0]:main():gmm-acc-stats-ali.cc:79) No alignment for utterance VIVOSSPK27-094
WARNING (gmm-acc-stats-ali[5.5.987~1-eb8d0]:main():gmm-acc-stats-ali.cc:79) No alignment for utterance VIVOSSPK27-095
WARNING (gmm-acc-stats-ali[5.5.987~1-eb8d0]:main():gmm-acc-stats-ali.cc:79) No alignment for utterance VIVOSSPK27-097
WARNING (gmm-acc-stats-ali[5.5.987~1-eb8d0]:main():gmm-acc-stats-ali.cc:79) No alignment for utterance VIVOSSPK27-099
LOG (gmm-acc-stats-ali[5.5.987~1-eb8d0]:main():gmm-acc-stats-ali.cc:105) Processed 100 utterances; for utterance VIVOSSPK27-106 avg. like is -93.7531 over 1404 frames.
WARNING (gmm-acc-stats-ali[5.5.987~1-eb8d0]:main():gmm-acc-stats-ali.cc:79) No alignment for utterance VIVOSSPK27-131
WARNING (gmm-acc-stats-ali[5.5.987~1-eb8d0]:main():gmm-acc-stats-ali.cc:79) No alignment for utterance VIVOSSPK27-156
LOG (gmm-acc-stats-ali[5.5.987~1-eb8d0]:main():gmm-acc-stats-ali.cc:105) Processed 150 utterances; for utterance VIVOSSPK27-158 avg. like is -94.2524 over 639 frames.
LOG (gmm-acc-stats-ali[5.5.987~1-eb8d0]:main():gmm-acc-stats-ali.cc:105) Processed 200 utterances; for utterance VIVOSSPK27-208 avg. like is -90.0115 over 920 frames.
WARNING (gmm-acc-stats-ali[5.5.987~1-eb8d0]:main():gmm-acc-stats-ali.cc:79) No alignment for utterance VIVOSSPK27-209
WARNING (gmm-acc-stats-ali[5.5.987~1-eb8d0]:main():gmm-acc-stats-ali.cc:79) No alignment for utterance VIVOSSPK28-001
LOG (gmm-acc-stats-ali[5.5.987~1-eb8d0]:main():gmm-acc-stats-ali.cc:105) Processed 250 utterances; for utterance VIVOSSPK28-016 avg. like is -100.395 over 576 frames.
LOG (gmm-acc-stats-ali[5.5.987~1-eb8d0]:main():gmm-acc-stats-ali.cc:105) Processed 300 utterances; for utterance VIVOSSPK28-066 avg. like is -101.83 over 523 frames.
WARNING (gmm-acc-stats-ali[5.5.987~1-eb8d0]:main():gmm-acc-stats-ali.cc:79) No alignment for utterance VIVOSSPK28-089
LOG (gmm-acc-stats-ali[5.5.987~1-eb8d0]:main():gmm-acc-stats-ali.cc:105) Processed 350 utterances; for utterance VIVOSSPK28-117 avg. like is -100.959 over 514 frames.
WARNING (gmm-acc-stats-ali[5.5.987~1-eb8d0]:main():gmm-acc-stats-ali.cc:79) No alignment for utterance VIVOSSPK28-141
LOG (gmm-acc-stats-ali[5.5.987~1-eb8d0]:main():gmm-acc-stats-ali.cc:105) Processed 400 utterances; for utterance VIVOSSPK28-168 avg. like is -97.8564 over 748 frames.
LOG (gmm-acc-stats-ali[5.5.987~1-eb8d0]:main():gmm-acc-stats-ali.cc:105) Processed 450 utterances; for utterance VIVOSSPK29-048 avg. like is -95.808 over 848 frames.
LOG (gmm-acc-stats-ali[5.5.987~1-eb8d0]:main():gmm-acc-stats-ali.cc:105) Processed 500 utterances; for utterance VIVOSSPK29-098 avg. like is -96.7134 over 642 frames.
LOG (gmm-acc-stats-ali[5.5.987~1-eb8d0]:main():gmm-acc-stats-ali.cc:105) Processed 550 utterances; for utterance VIVOSSPK29-148 avg. like is -97.6397 over 773 frames.
LOG (apply-cmvn[5.5.987~1-eb8d0]:main():apply-cmvn.cc:162) Applied cepstral mean normalization to 614 utterances, errors on 0
LOG (gmm-acc-stats-ali[5.5.987~1-eb8d0]:main():gmm-acc-stats-ali.cc:105) Processed 600 utterances; for utterance VIVOSSPK29-198 avg. like is -95.3283 over 832 frames.
LOG (gmm-acc-stats-ali[5.5.987~1-eb8d0]:main():gmm-acc-stats-ali.cc:112) Done 602 files, 12 with errors.
LOG (gmm-acc-stats-ali[5.5.987~1-eb8d0]:main():gmm-acc-stats-ali.cc:115) Overall avg like per frame (Gaussian only) = -96.8571 over 451470 frames.
LOG (gmm-acc-stats-ali[5.5.987~1-eb8d0]:main():gmm-acc-stats-ali.cc:123) Written accs.
# Accounting: time=1 threads=1
# Ended (code 0) at Fri Oct 29 08:04:50 +07 2021, elapsed time 1 seconds
