# gmm-acc-stats-ali exp/mono/6.mdl "ark,s,cs:apply-cmvn  --utt2spk=ark:data/train/split16/10/utt2spk scp:data/train/split16/10/cmvn.scp scp:data/train/split16/10/feats.scp ark:- | add-deltas  ark:- ark:- |" "ark:gunzip -c exp/mono/ali.10.gz|" exp/mono/6.10.acc 
# Started at Fri Oct 29 08:03:00 +07 2021
#
gmm-acc-stats-ali exp/mono/6.mdl 'ark,s,cs:apply-cmvn  --utt2spk=ark:data/train/split16/10/utt2spk scp:data/train/split16/10/cmvn.scp scp:data/train/split16/10/feats.scp ark:- | add-deltas  ark:- ark:- |' 'ark:gunzip -c exp/mono/ali.10.gz|' exp/mono/6.10.acc 
apply-cmvn --utt2spk=ark:data/train/split16/10/utt2spk scp:data/train/split16/10/cmvn.scp scp:data/train/split16/10/feats.scp ark:- 
add-deltas ark:- ark:- 
LOG (gmm-acc-stats-ali[5.5.987~1-eb8d0]:main():gmm-acc-stats-ali.cc:105) Processed 50 utterances; for utterance VIVOSSPK27-050 avg. like is -98.9595 over 829 frames.
WARNING (gmm-acc-stats-ali[5.5.987~1-eb8d0]:main():gmm-acc-stats-ali.cc:79) No alignment for utterance VIVOSSPK27-078
WARNING (gmm-acc-stats-ali[5.5.987~1-eb8d0]:main():gmm-acc-stats-ali.cc:79) No alignment for utterance VIVOSSPK27-087
WARNING (gmm-acc-stats-ali[5.5.987~1-eb8d0]:main():gmm-acc-stats-ali.cc:79) No alignment for utterance VIVOSSPK27-094
WARNING (gmm-acc-stats-ali[5.5.987~1-eb8d0]:main():gmm-acc-stats-ali.cc:79) No alignment for utterance VIVOSSPK27-097
WARNING (gmm-acc-stats-ali[5.5.987~1-eb8d0]:main():gmm-acc-stats-ali.cc:79) No alignment for utterance VIVOSSPK27-099
LOG (gmm-acc-stats-ali[5.5.987~1-eb8d0]:main():gmm-acc-stats-ali.cc:105) Processed 100 utterances; for utterance VIVOSSPK27-105 avg. like is -100.045 over 917 frames.
WARNING (gmm-acc-stats-ali[5.5.987~1-eb8d0]:main():gmm-acc-stats-ali.cc:79) No alignment for utterance VIVOSSPK27-131
WARNING (gmm-acc-stats-ali[5.5.987~1-eb8d0]:main():gmm-acc-stats-ali.cc:79) No alignment for utterance VIVOSSPK27-156
LOG (gmm-acc-stats-ali[5.5.987~1-eb8d0]:main():gmm-acc-stats-ali.cc:105) Processed 150 utterances; for utterance VIVOSSPK27-157 avg. like is -100.558 over 704 frames.
WARNING (gmm-acc-stats-ali[5.5.987~1-eb8d0]:main():gmm-acc-stats-ali.cc:79) No alignment for utterance VIVOSSPK27-205
LOG (gmm-acc-stats-ali[5.5.987~1-eb8d0]:main():gmm-acc-stats-ali.cc:105) Processed 200 utterances; for utterance VIVOSSPK27-208 avg. like is -92.9096 over 920 frames.
WARNING (gmm-acc-stats-ali[5.5.987~1-eb8d0]:main():gmm-acc-stats-ali.cc:79) No alignment for utterance VIVOSSPK28-001
LOG (gmm-acc-stats-ali[5.5.987~1-eb8d0]:main():gmm-acc-stats-ali.cc:105) Processed 250 utterances; for utterance VIVOSSPK28-015 avg. like is -104.084 over 698 frames.
LOG (gmm-acc-stats-ali[5.5.987~1-eb8d0]:main():gmm-acc-stats-ali.cc:105) Processed 300 utterances; for utterance VIVOSSPK28-065 avg. like is -101.007 over 973 frames.
LOG (gmm-acc-stats-ali[5.5.987~1-eb8d0]:main():gmm-acc-stats-ali.cc:105) Processed 350 utterances; for utterance VIVOSSPK28-115 avg. like is -104.62 over 629 frames.
WARNING (gmm-acc-stats-ali[5.5.987~1-eb8d0]:main():gmm-acc-stats-ali.cc:79) No alignment for utterance VIVOSSPK28-146
WARNING (gmm-acc-stats-ali[5.5.987~1-eb8d0]:main():gmm-acc-stats-ali.cc:79) No alignment for utterance VIVOSSPK28-163
LOG (gmm-acc-stats-ali[5.5.987~1-eb8d0]:main():gmm-acc-stats-ali.cc:105) Processed 400 utterances; for utterance VIVOSSPK28-167 avg. like is -96.6148 over 686 frames.
LOG (gmm-acc-stats-ali[5.5.987~1-eb8d0]:main():gmm-acc-stats-ali.cc:105) Processed 450 utterances; for utterance VIVOSSPK29-047 avg. like is -100.777 over 639 frames.
LOG (gmm-acc-stats-ali[5.5.987~1-eb8d0]:main():gmm-acc-stats-ali.cc:105) Processed 500 utterances; for utterance VIVOSSPK29-097 avg. like is -100.221 over 526 frames.
LOG (gmm-acc-stats-ali[5.5.987~1-eb8d0]:main():gmm-acc-stats-ali.cc:105) Processed 550 utterances; for utterance VIVOSSPK29-147 avg. like is -96.3033 over 617 frames.
LOG (gmm-acc-stats-ali[5.5.987~1-eb8d0]:main():gmm-acc-stats-ali.cc:105) Processed 600 utterances; for utterance VIVOSSPK29-197 avg. like is -98.5082 over 551 frames.
LOG (apply-cmvn[5.5.987~1-eb8d0]:main():apply-cmvn.cc:162) Applied cepstral mean normalization to 614 utterances, errors on 0
LOG (gmm-acc-stats-ali[5.5.987~1-eb8d0]:main():gmm-acc-stats-ali.cc:112) Done 603 files, 11 with errors.
LOG (gmm-acc-stats-ali[5.5.987~1-eb8d0]:main():gmm-acc-stats-ali.cc:115) Overall avg like per frame (Gaussian only) = -100.254 over 452337 frames.
LOG (gmm-acc-stats-ali[5.5.987~1-eb8d0]:main():gmm-acc-stats-ali.cc:123) Written accs.
# Accounting: time=2 threads=1
# Ended (code 0) at Fri Oct 29 08:03:02 +07 2021, elapsed time 2 seconds
