# gmm-acc-stats-ali exp/mono/35.mdl "ark,s,cs:apply-cmvn  --utt2spk=ark:data/train/split16/13/utt2spk scp:data/train/split16/13/cmvn.scp scp:data/train/split16/13/feats.scp ark:- | add-deltas  ark:- ark:- |" "ark:gunzip -c exp/mono/ali.13.gz|" exp/mono/35.13.acc 
# Started at Fri Oct 29 08:06:10 +07 2021
#
gmm-acc-stats-ali exp/mono/35.mdl 'ark,s,cs:apply-cmvn  --utt2spk=ark:data/train/split16/13/utt2spk scp:data/train/split16/13/cmvn.scp scp:data/train/split16/13/feats.scp ark:- | add-deltas  ark:- ark:- |' 'ark:gunzip -c exp/mono/ali.13.gz|' exp/mono/35.13.acc 
apply-cmvn --utt2spk=ark:data/train/split16/13/utt2spk scp:data/train/split16/13/cmvn.scp scp:data/train/split16/13/feats.scp ark:- 
add-deltas ark:- ark:- 
LOG (gmm-acc-stats-ali[5.5.987~1-eb8d0]:main():gmm-acc-stats-ali.cc:105) Processed 50 utterances; for utterance VIVOSSPK36-050 avg. like is -100.587 over 773 frames.
WARNING (gmm-acc-stats-ali[5.5.987~1-eb8d0]:main():gmm-acc-stats-ali.cc:79) No alignment for utterance VIVOSSPK36-060
WARNING (gmm-acc-stats-ali[5.5.987~1-eb8d0]:main():gmm-acc-stats-ali.cc:79) No alignment for utterance VIVOSSPK36-065
WARNING (gmm-acc-stats-ali[5.5.987~1-eb8d0]:main():gmm-acc-stats-ali.cc:79) No alignment for utterance VIVOSSPK36-071
WARNING (gmm-acc-stats-ali[5.5.987~1-eb8d0]:main():gmm-acc-stats-ali.cc:79) No alignment for utterance VIVOSSPK36-100
LOG (gmm-acc-stats-ali[5.5.987~1-eb8d0]:main():gmm-acc-stats-ali.cc:105) Processed 100 utterances; for utterance VIVOSSPK36-104 avg. like is -102.183 over 376 frames.
WARNING (gmm-acc-stats-ali[5.5.987~1-eb8d0]:main():gmm-acc-stats-ali.cc:79) No alignment for utterance VIVOSSPK36-134
LOG (gmm-acc-stats-ali[5.5.987~1-eb8d0]:main():gmm-acc-stats-ali.cc:105) Processed 150 utterances; for utterance VIVOSSPK36-155 avg. like is -101.862 over 679 frames.
WARNING (gmm-acc-stats-ali[5.5.987~1-eb8d0]:main():gmm-acc-stats-ali.cc:79) No alignment for utterance VIVOSSPK36-159
WARNING (gmm-acc-stats-ali[5.5.987~1-eb8d0]:main():gmm-acc-stats-ali.cc:79) No alignment for utterance VIVOSSPK36-176
WARNING (gmm-acc-stats-ali[5.5.987~1-eb8d0]:main():gmm-acc-stats-ali.cc:79) No alignment for utterance VIVOSSPK36-189
LOG (gmm-acc-stats-ali[5.5.987~1-eb8d0]:main():gmm-acc-stats-ali.cc:105) Processed 200 utterances; for utterance VIVOSSPK36-208 avg. like is -98.2892 over 398 frames.
LOG (gmm-acc-stats-ali[5.5.987~1-eb8d0]:main():gmm-acc-stats-ali.cc:105) Processed 250 utterances; for utterance VIVOSSPK37-033 avg. like is -94.5002 over 832 frames.
LOG (gmm-acc-stats-ali[5.5.987~1-eb8d0]:main():gmm-acc-stats-ali.cc:105) Processed 300 utterances; for utterance VIVOSSPK37-083 avg. like is -94.3258 over 532 frames.
LOG (gmm-acc-stats-ali[5.5.987~1-eb8d0]:main():gmm-acc-stats-ali.cc:105) Processed 350 utterances; for utterance VIVOSSPK38-002 avg. like is -91.1105 over 1248 frames.
LOG (gmm-acc-stats-ali[5.5.987~1-eb8d0]:main():gmm-acc-stats-ali.cc:105) Processed 400 utterances; for utterance VIVOSSPK38-052 avg. like is -98.4715 over 470 frames.
LOG (gmm-acc-stats-ali[5.5.987~1-eb8d0]:main():gmm-acc-stats-ali.cc:105) Processed 450 utterances; for utterance VIVOSSPK38-102 avg. like is -100.684 over 667 frames.
LOG (gmm-acc-stats-ali[5.5.987~1-eb8d0]:main():gmm-acc-stats-ali.cc:105) Processed 500 utterances; for utterance VIVOSSPK38-152 avg. like is -101.276 over 432 frames.
LOG (gmm-acc-stats-ali[5.5.987~1-eb8d0]:main():gmm-acc-stats-ali.cc:105) Processed 550 utterances; for utterance VIVOSSPK38-202 avg. like is -100.096 over 536 frames.
LOG (gmm-acc-stats-ali[5.5.987~1-eb8d0]:main():gmm-acc-stats-ali.cc:105) Processed 600 utterances; for utterance VIVOSSPK38-252 avg. like is -99.4352 over 617 frames.
LOG (apply-cmvn[5.5.987~1-eb8d0]:main():apply-cmvn.cc:162) Applied cepstral mean normalization to 648 utterances, errors on 0
LOG (gmm-acc-stats-ali[5.5.987~1-eb8d0]:main():gmm-acc-stats-ali.cc:112) Done 640 files, 8 with errors.
LOG (gmm-acc-stats-ali[5.5.987~1-eb8d0]:main():gmm-acc-stats-ali.cc:115) Overall avg like per frame (Gaussian only) = -99.2859 over 396452 frames.
LOG (gmm-acc-stats-ali[5.5.987~1-eb8d0]:main():gmm-acc-stats-ali.cc:123) Written accs.
# Accounting: time=2 threads=1
# Ended (code 0) at Fri Oct 29 08:06:12 +07 2021, elapsed time 2 seconds
