# gmm-acc-stats-ali exp/mono/6.mdl "ark,s,cs:apply-cmvn  --utt2spk=ark:data/train/split16/12/utt2spk scp:data/train/split16/12/cmvn.scp scp:data/train/split16/12/feats.scp ark:- | add-deltas  ark:- ark:- |" "ark:gunzip -c exp/mono/ali.12.gz|" exp/mono/6.12.acc 
# Started at Fri Oct 29 08:03:00 +07 2021
#
gmm-acc-stats-ali exp/mono/6.mdl 'ark,s,cs:apply-cmvn  --utt2spk=ark:data/train/split16/12/utt2spk scp:data/train/split16/12/cmvn.scp scp:data/train/split16/12/feats.scp ark:- | add-deltas  ark:- ark:- |' 'ark:gunzip -c exp/mono/ali.12.gz|' exp/mono/6.12.acc 
add-deltas ark:- ark:- 
apply-cmvn --utt2spk=ark:data/train/split16/12/utt2spk scp:data/train/split16/12/cmvn.scp scp:data/train/split16/12/feats.scp ark:- 
LOG (gmm-acc-stats-ali[5.5.987~1-eb8d0]:main():gmm-acc-stats-ali.cc:105) Processed 50 utterances; for utterance VIVOSSPK33-050 avg. like is -99.7246 over 467 frames.
LOG (gmm-acc-stats-ali[5.5.987~1-eb8d0]:main():gmm-acc-stats-ali.cc:105) Processed 100 utterances; for utterance VIVOSSPK33-100 avg. like is -101.659 over 607 frames.
WARNING (gmm-acc-stats-ali[5.5.987~1-eb8d0]:main():gmm-acc-stats-ali.cc:79) No alignment for utterance VIVOSSPK33-109
WARNING (gmm-acc-stats-ali[5.5.987~1-eb8d0]:main():gmm-acc-stats-ali.cc:79) No alignment for utterance VIVOSSPK33-143
LOG (gmm-acc-stats-ali[5.5.987~1-eb8d0]:main():gmm-acc-stats-ali.cc:105) Processed 150 utterances; for utterance VIVOSSPK33-152 avg. like is -105.185 over 523 frames.
WARNING (gmm-acc-stats-ali[5.5.987~1-eb8d0]:main():gmm-acc-stats-ali.cc:79) No alignment for utterance VIVOSSPK33-154
LOG (gmm-acc-stats-ali[5.5.987~1-eb8d0]:main():gmm-acc-stats-ali.cc:105) Processed 200 utterances; for utterance VIVOSSPK33-203 avg. like is -103.642 over 642 frames.
WARNING (gmm-acc-stats-ali[5.5.987~1-eb8d0]:main():gmm-acc-stats-ali.cc:79) No alignment for utterance VIVOSSPK34-004
WARNING (gmm-acc-stats-ali[5.5.987~1-eb8d0]:main():gmm-acc-stats-ali.cc:79) No alignment for utterance VIVOSSPK34-006
WARNING (gmm-acc-stats-ali[5.5.987~1-eb8d0]:main():gmm-acc-stats-ali.cc:79) No alignment for utterance VIVOSSPK34-007
WARNING (gmm-acc-stats-ali[5.5.987~1-eb8d0]:main():gmm-acc-stats-ali.cc:79) No alignment for utterance VIVOSSPK34-008
WARNING (gmm-acc-stats-ali[5.5.987~1-eb8d0]:main():gmm-acc-stats-ali.cc:79) No alignment for utterance VIVOSSPK34-012
WARNING (gmm-acc-stats-ali[5.5.987~1-eb8d0]:main():gmm-acc-stats-ali.cc:79) No alignment for utterance VIVOSSPK34-017
WARNING (gmm-acc-stats-ali[5.5.987~1-eb8d0]:main():gmm-acc-stats-ali.cc:79) No alignment for utterance VIVOSSPK34-034
WARNING (gmm-acc-stats-ali[5.5.987~1-eb8d0]:main():gmm-acc-stats-ali.cc:79) No alignment for utterance VIVOSSPK34-036
LOG (gmm-acc-stats-ali[5.5.987~1-eb8d0]:main():gmm-acc-stats-ali.cc:105) Processed 250 utterances; for utterance VIVOSSPK34-041 avg. like is -107.348 over 667 frames.
WARNING (gmm-acc-stats-ali[5.5.987~1-eb8d0]:main():gmm-acc-stats-ali.cc:79) No alignment for utterance VIVOSSPK34-064
WARNING (gmm-acc-stats-ali[5.5.987~1-eb8d0]:main():gmm-acc-stats-ali.cc:79) No alignment for utterance VIVOSSPK34-075
WARNING (gmm-acc-stats-ali[5.5.987~1-eb8d0]:main():gmm-acc-stats-ali.cc:79) No alignment for utterance VIVOSSPK34-076
WARNING (gmm-acc-stats-ali[5.5.987~1-eb8d0]:main():gmm-acc-stats-ali.cc:79) No alignment for utterance VIVOSSPK34-078
WARNING (gmm-acc-stats-ali[5.5.987~1-eb8d0]:main():gmm-acc-stats-ali.cc:79) No alignment for utterance VIVOSSPK34-082
WARNING (gmm-acc-stats-ali[5.5.987~1-eb8d0]:main():gmm-acc-stats-ali.cc:79) No alignment for utterance VIVOSSPK34-089
LOG (gmm-acc-stats-ali[5.5.987~1-eb8d0]:main():gmm-acc-stats-ali.cc:105) Processed 300 utterances; for utterance VIVOSSPK34-097 avg. like is -107.508 over 404 frames.
WARNING (gmm-acc-stats-ali[5.5.987~1-eb8d0]:main():gmm-acc-stats-ali.cc:79) No alignment for utterance VIVOSSPK34-100
LOG (gmm-acc-stats-ali[5.5.987~1-eb8d0]:main():gmm-acc-stats-ali.cc:105) Processed 350 utterances; for utterance VIVOSSPK34-148 avg. like is -105.412 over 695 frames.
LOG (gmm-acc-stats-ali[5.5.987~1-eb8d0]:main():gmm-acc-stats-ali.cc:105) Processed 400 utterances; for utterance VIVOSSPK34-198 avg. like is -105.263 over 354 frames.
LOG (gmm-acc-stats-ali[5.5.987~1-eb8d0]:main():gmm-acc-stats-ali.cc:105) Processed 450 utterances; for utterance VIVOSSPK34-248 avg. like is -104.663 over 482 frames.
LOG (gmm-acc-stats-ali[5.5.987~1-eb8d0]:main():gmm-acc-stats-ali.cc:105) Processed 500 utterances; for utterance VIVOSSPK34-298 avg. like is -109.908 over 576 frames.
LOG (gmm-acc-stats-ali[5.5.987~1-eb8d0]:main():gmm-acc-stats-ali.cc:105) Processed 550 utterances; for utterance VIVOSSPK35-048 avg. like is -92.4739 over 1511 frames.
LOG (gmm-acc-stats-ali[5.5.987~1-eb8d0]:main():gmm-acc-stats-ali.cc:105) Processed 600 utterances; for utterance VIVOSSPK35-098 avg. like is -90.08 over 1348 frames.
LOG (gmm-acc-stats-ali[5.5.987~1-eb8d0]:main():gmm-acc-stats-ali.cc:105) Processed 650 utterances; for utterance VIVOSSPK35-148 avg. like is -93.228 over 948 frames.
LOG (gmm-acc-stats-ali[5.5.987~1-eb8d0]:main():gmm-acc-stats-ali.cc:105) Processed 700 utterances; for utterance VIVOSSPK35-198 avg. like is -91.4777 over 1282 frames.
LOG (gmm-acc-stats-ali[5.5.987~1-eb8d0]:main():gmm-acc-stats-ali.cc:105) Processed 750 utterances; for utterance VIVOSSPK35-248 avg. like is -91.9186 over 1023 frames.
LOG (apply-cmvn[5.5.987~1-eb8d0]:main():apply-cmvn.cc:162) Applied cepstral mean normalization to 782 utterances, errors on 0
WARNING (gmm-acc-stats-ali[5.5.987~1-eb8d0]:main():gmm-acc-stats-ali.cc:79) No alignment for utterance VIVOSSPK35-262
LOG (gmm-acc-stats-ali[5.5.987~1-eb8d0]:main():gmm-acc-stats-ali.cc:112) Done 763 files, 19 with errors.
LOG (gmm-acc-stats-ali[5.5.987~1-eb8d0]:main():gmm-acc-stats-ali.cc:115) Overall avg like per frame (Gaussian only) = -98.1006 over 613182 frames.
LOG (gmm-acc-stats-ali[5.5.987~1-eb8d0]:main():gmm-acc-stats-ali.cc:123) Written accs.
# Accounting: time=2 threads=1
# Ended (code 0) at Fri Oct 29 08:03:02 +07 2021, elapsed time 2 seconds
