# gmm-align-compiled --transition-scale=1.0 --acoustic-scale=0.1 --self-loop-scale=0.1 --beam=10 --retry-beam=40 --careful=false "gmm-boost-silence --boost=1.0 1 exp/mono/2.mdl - |" "ark:gunzip -c exp/mono/fsts.8.gz|" "ark,s,cs:apply-cmvn  --utt2spk=ark:data/train/split16/8/utt2spk scp:data/train/split16/8/cmvn.scp scp:data/train/split16/8/feats.scp ark:- | add-deltas  ark:- ark:- |" "ark,t:|gzip -c >exp/mono/ali.8.gz" 
# Started at Fri Oct 29 08:02:07 +07 2021
#
gmm-align-compiled --transition-scale=1.0 --acoustic-scale=0.1 --self-loop-scale=0.1 --beam=10 --retry-beam=40 --careful=false 'gmm-boost-silence --boost=1.0 1 exp/mono/2.mdl - |' 'ark:gunzip -c exp/mono/fsts.8.gz|' 'ark,s,cs:apply-cmvn  --utt2spk=ark:data/train/split16/8/utt2spk scp:data/train/split16/8/cmvn.scp scp:data/train/split16/8/feats.scp ark:- | add-deltas  ark:- ark:- |' 'ark,t:|gzip -c >exp/mono/ali.8.gz' 
gmm-boost-silence --boost=1.0 1 exp/mono/2.mdl - 
WARNING (gmm-boost-silence[5.5.987~1-eb8d0]:main():gmm-boost-silence.cc:82) The pdfs for the silence phones may be shared by other phones (note: this probably does not matter.)
LOG (gmm-boost-silence[5.5.987~1-eb8d0]:main():gmm-boost-silence.cc:93) Boosted weights for 5 pdfs, by factor of 1
LOG (gmm-boost-silence[5.5.987~1-eb8d0]:main():gmm-boost-silence.cc:103) Wrote model to -
add-deltas ark:- ark:- 
apply-cmvn --utt2spk=ark:data/train/split16/8/utt2spk scp:data/train/split16/8/cmvn.scp scp:data/train/split16/8/feats.scp ark:- 
LOG (gmm-align-compiled[5.5.987~1-eb8d0]:main():gmm-align-compiled.cc:127) VIVOSSPK21-001
LOG (gmm-align-compiled[5.5.987~1-eb8d0]:main():gmm-align-compiled.cc:127) VIVOSSPK21-002
LOG (gmm-align-compiled[5.5.987~1-eb8d0]:main():gmm-align-compiled.cc:127) VIVOSSPK21-003
LOG (gmm-align-compiled[5.5.987~1-eb8d0]:main():gmm-align-compiled.cc:127) VIVOSSPK21-004
LOG (gmm-align-compiled[5.5.987~1-eb8d0]:main():gmm-align-compiled.cc:127) VIVOSSPK21-005
LOG (gmm-align-compiled[5.5.987~1-eb8d0]:main():gmm-align-compiled.cc:127) VIVOSSPK21-006
LOG (gmm-align-compiled[5.5.987~1-eb8d0]:main():gmm-align-compiled.cc:127) VIVOSSPK21-007
LOG (gmm-align-compiled[5.5.987~1-eb8d0]:main():gmm-align-compiled.cc:127) VIVOSSPK21-008
LOG (gmm-align-compiled[5.5.987~1-eb8d0]:main():gmm-align-compiled.cc:127) VIVOSSPK21-009
LOG (gmm-align-compiled[5.5.987~1-eb8d0]:main():gmm-align-compiled.cc:127) VIVOSSPK21-010
LOG (gmm-align-compiled[5.5.987~1-eb8d0]:main():gmm-align-compiled.cc:127) VIVOSSPK21-011
LOG (gmm-align-compiled[5.5.987~1-eb8d0]:main():gmm-align-compiled.cc:127) VIVOSSPK21-012
LOG (gmm-align-compiled[5.5.987~1-eb8d0]:main():gmm-align-compiled.cc:127) VIVOSSPK21-013
WARNING (gmm-align-compiled[5.5.987~1-eb8d0]:AlignUtteranceWrapper():decoder-wrappers.cc:617) Retrying utterance VIVOSSPK21-013 with beam 40
LOG (gmm-align-compiled[5.5.987~1-eb8d0]:main():gmm-align-compiled.cc:127) VIVOSSPK21-014
LOG (gmm-align-compiled[5.5.987~1-eb8d0]:main():gmm-align-compiled.cc:127) VIVOSSPK21-015
LOG (gmm-align-compiled[5.5.987~1-eb8d0]:main():gmm-align-compiled.cc:127) VIVOSSPK21-016
LOG (gmm-align-compiled[5.5.987~1-eb8d0]:main():gmm-align-compiled.cc:127) VIVOSSPK21-017
LOG (gmm-align-compiled[5.5.987~1-eb8d0]:main():gmm-align-compiled.cc:127) VIVOSSPK21-018
LOG (gmm-align-compiled[5.5.987~1-eb8d0]:main():gmm-align-compiled.cc:127) VIVOSSPK21-019
LOG (gmm-align-compiled[5.5.987~1-eb8d0]:main():gmm-align-compiled.cc:127) VIVOSSPK21-020
LOG (gmm-align-compiled[5.5.987~1-eb8d0]:main():gmm-align-compiled.cc:127) VIVOSSPK21-021
LOG (gmm-align-compiled[5.5.987~1-eb8d0]:main():gmm-align-compiled.cc:127) VIVOSSPK21-022
LOG (gmm-align-compiled[5.5.987~1-eb8d0]:main():gmm-align-compiled.cc:127) VIVOSSPK21-023
LOG (gmm-align-compiled[5.5.987~1-eb8d0]:main():gmm-align-compiled.cc:127) VIVOSSPK21-024
LOG (gmm-align-compiled[5.5.987~1-eb8d0]:main():gmm-align-compiled.cc:127) VIVOSSPK21-025
LOG (gmm-align-compiled[5.5.987~1-eb8d0]:main():gmm-align-compiled.cc:127) VIVOSSPK21-026
LOG (gmm-align-compiled[5.5.987~1-eb8d0]:main():gmm-align-compiled.cc:127) VIVOSSPK21-027
LOG (gmm-align-compiled[5.5.987~1-eb8d0]:main():gmm-align-compiled.cc:127) VIVOSSPK21-028
LOG (gmm-align-compiled[5.5.987~1-eb8d0]:main():gmm-align-compiled.cc:127) VIVOSSPK21-029
LOG (gmm-align-compiled[5.5.987~1-eb8d0]:main():gmm-align-compiled.cc:127) VIVOSSPK21-030
LOG (gmm-align-compiled[5.5.987~1-eb8d0]:main():gmm-align-compiled.cc:127) VIVOSSPK21-031
LOG (gmm-align-compiled[5.5.987~1-eb8d0]:main():gmm-align-compiled.cc:127) VIVOSSPK21-032
LOG (gmm-align-compiled[5.5.987~1-eb8d0]:main():gmm-align-compiled.cc:127) VIVOSSPK21-033
LOG (gmm-align-compiled[5.5.987~1-eb8d0]:main():gmm-align-compiled.cc:127) VIVOSSPK21-034
LOG (gmm-align-compiled[5.5.987~1-eb8d0]:main():gmm-align-compiled.cc:127) VIVOSSPK21-035
LOG (gmm-align-compiled[5.5.987~1-eb8d0]:main():gmm-align-compiled.cc:127) VIVOSSPK21-036
LOG (gmm-align-compiled[5.5.987~1-eb8d0]:main():gmm-align-compiled.cc:127) VIVOSSPK21-037
LOG (gmm-align-compiled[5.5.987~1-eb8d0]:main():gmm-align-compiled.cc:127) VIVOSSPK21-038
LOG (gmm-align-compiled[5.5.987~1-eb8d0]:main():gmm-align-compiled.cc:127) VIVOSSPK21-039
LOG (gmm-align-compiled[5.5.987~1-eb8d0]:main():gmm-align-compiled.cc:127) VIVOSSPK21-040
LOG (gmm-align-compiled[5.5.987~1-eb8d0]:main():gmm-align-compiled.cc:127) VIVOSSPK21-041
LOG (gmm-align-compiled[5.5.987~1-eb8d0]:main():gmm-align-compiled.cc:127) VIVOSSPK21-042
LOG (gmm-align-compiled[5.5.987~1-eb8d0]:main():gmm-align-compiled.cc:127) VIVOSSPK21-043
LOG (gmm-align-compiled[5.5.987~1-eb8d0]:main():gmm-align-compiled.cc:127) VIVOSSPK21-044
LOG (gmm-align-compiled[5.5.987~1-eb8d0]:main():gmm-align-compiled.cc:127) VIVOSSPK21-045
LOG (gmm-align-compiled[5.5.987~1-eb8d0]:main():gmm-align-compiled.cc:127) VIVOSSPK21-046
LOG (gmm-align-compiled[5.5.987~1-eb8d0]:main():gmm-align-compiled.cc:127) VIVOSSPK21-047
LOG (gmm-align-compiled[5.5.987~1-eb8d0]:main():gmm-align-compiled.cc:127) VIVOSSPK21-048
LOG (gmm-align-compiled[5.5.987~1-eb8d0]:main():gmm-align-compiled.cc:127) VIVOSSPK21-049
LOG (gmm-align-compiled[5.5.987~1-eb8d0]:main():gmm-align-compiled.cc:127) VIVOSSPK21-050
LOG (gmm-align-compiled[5.5.987~1-eb8d0]:main():gmm-align-compiled.cc:127) VIVOSSPK21-051
LOG (gmm-align-compiled[5.5.987~1-eb8d0]:main():gmm-align-compiled.cc:127) VIVOSSPK21-052
LOG (gmm-align-compiled[5.5.987~1-eb8d0]:main():gmm-align-compiled.cc:127) VIVOSSPK21-053
LOG (gmm-align-compiled[5.5.987~1-eb8d0]:main():gmm-align-compiled.cc:127) VIVOSSPK21-054
LOG (gmm-align-compiled[5.5.987~1-eb8d0]:main():gmm-align-compiled.cc:127) VIVOSSPK21-055
LOG (gmm-align-compiled[5.5.987~1-eb8d0]:main():gmm-align-compiled.cc:127) VIVOSSPK21-056
LOG (gmm-align-compiled[5.5.987~1-eb8d0]:main():gmm-align-compiled.cc:127) VIVOSSPK21-057
LOG (gmm-align-compiled[5.5.987~1-eb8d0]:main():gmm-align-compiled.cc:127) VIVOSSPK21-058
LOG (gmm-align-compiled[5.5.987~1-eb8d0]:main():gmm-align-compiled.cc:127) VIVOSSPK21-059
LOG (gmm-align-compiled[5.5.987~1-eb8d0]:main():gmm-align-compiled.cc:127) VIVOSSPK21-060
LOG (gmm-align-compiled[5.5.987~1-eb8d0]:main():gmm-align-compiled.cc:127) VIVOSSPK21-061
LOG (gmm-align-compiled[5.5.987~1-eb8d0]:main():gmm-align-compiled.cc:127) VIVOSSPK21-062
LOG (gmm-align-compiled[5.5.987~1-eb8d0]:main():gmm-align-compiled.cc:127) VIVOSSPK21-063
LOG (gmm-align-compiled[5.5.987~1-eb8d0]:main():gmm-align-compiled.cc:127) VIVOSSPK21-064
LOG (gmm-align-compiled[5.5.987~1-eb8d0]:main():gmm-align-compiled.cc:127) VIVOSSPK21-065
LOG (gmm-align-compiled[5.5.987~1-eb8d0]:main():gmm-align-compiled.cc:127) VIVOSSPK21-066
LOG (gmm-align-compiled[5.5.987~1-eb8d0]:main():gmm-align-compiled.cc:127) VIVOSSPK21-067
LOG (gmm-align-compiled[5.5.987~1-eb8d0]:main():gmm-align-compiled.cc:127) VIVOSSPK21-068
LOG (gmm-align-compiled[5.5.987~1-eb8d0]:main():gmm-align-compiled.cc:127) VIVOSSPK21-069
LOG (gmm-align-compiled[5.5.987~1-eb8d0]:main():gmm-align-compiled.cc:127) VIVOSSPK21-070
LOG (gmm-align-compiled[5.5.987~1-eb8d0]:main():gmm-align-compiled.cc:127) VIVOSSPK21-071
LOG (gmm-align-compiled[5.5.987~1-eb8d0]:main():gmm-align-compiled.cc:127) VIVOSSPK21-072
LOG (gmm-align-compiled[5.5.987~1-eb8d0]:main():gmm-align-compiled.cc:127) VIVOSSPK21-073
LOG (gmm-align-compiled[5.5.987~1-eb8d0]:main():gmm-align-compiled.cc:127) VIVOSSPK21-074
LOG (gmm-align-compiled[5.5.987~1-eb8d0]:main():gmm-align-compiled.cc:127) VIVOSSPK21-075
LOG (gmm-align-compiled[5.5.987~1-eb8d0]:main():gmm-align-compiled.cc:127) VIVOSSPK21-076
LOG (gmm-align-compiled[5.5.987~1-eb8d0]:main():gmm-align-compiled.cc:127) VIVOSSPK21-077
LOG (gmm-align-compiled[5.5.987~1-eb8d0]:main():gmm-align-compiled.cc:127) VIVOSSPK21-078
LOG (gmm-align-compiled[5.5.987~1-eb8d0]:main():gmm-align-compiled.cc:127) VIVOSSPK21-079
LOG (gmm-align-compiled[5.5.987~1-eb8d0]:main():gmm-align-compiled.cc:127) VIVOSSPK21-080
LOG (gmm-align-compiled[5.5.987~1-eb8d0]:main():gmm-align-compiled.cc:127) VIVOSSPK21-081
LOG (gmm-align-compiled[5.5.987~1-eb8d0]:main():gmm-align-compiled.cc:127) VIVOSSPK21-082
LOG (gmm-align-compiled[5.5.987~1-eb8d0]:main():gmm-align-compiled.cc:127) VIVOSSPK21-083
LOG (gmm-align-compiled[5.5.987~1-eb8d0]:main():gmm-align-compiled.cc:127) VIVOSSPK21-084
LOG (gmm-align-compiled[5.5.987~1-eb8d0]:main():gmm-align-compiled.cc:127) VIVOSSPK21-085
LOG (gmm-align-compiled[5.5.987~1-eb8d0]:main():gmm-align-compiled.cc:127) VIVOSSPK21-086
LOG (gmm-align-compiled[5.5.987~1-eb8d0]:main():gmm-align-compiled.cc:127) VIVOSSPK21-087
LOG (gmm-align-compiled[5.5.987~1-eb8d0]:main():gmm-align-compiled.cc:127) VIVOSSPK21-088
LOG (gmm-align-compiled[5.5.987~1-eb8d0]:main():gmm-align-compiled.cc:127) VIVOSSPK21-089
LOG (gmm-align-compiled[5.5.987~1-eb8d0]:main():gmm-align-compiled.cc:127) VIVOSSPK21-090
LOG (gmm-align-compiled[5.5.987~1-eb8d0]:main():gmm-align-compiled.cc:127) VIVOSSPK21-091
LOG (gmm-align-compiled[5.5.987~1-eb8d0]:main():gmm-align-compiled.cc:127) VIVOSSPK21-092
LOG (gmm-align-compiled[5.5.987~1-eb8d0]:main():gmm-align-compiled.cc:127) VIVOSSPK21-093
LOG (gmm-align-compiled[5.5.987~1-eb8d0]:main():gmm-align-compiled.cc:127) VIVOSSPK21-094
LOG (gmm-align-compiled[5.5.987~1-eb8d0]:main():gmm-align-compiled.cc:127) VIVOSSPK21-095
LOG (gmm-align-compiled[5.5.987~1-eb8d0]:main():gmm-align-compiled.cc:127) VIVOSSPK21-096
LOG (gmm-align-compiled[5.5.987~1-eb8d0]:main():gmm-align-compiled.cc:127) VIVOSSPK21-097
LOG (gmm-align-compiled[5.5.987~1-eb8d0]:main():gmm-align-compiled.cc:127) VIVOSSPK21-098
LOG (gmm-align-compiled[5.5.987~1-eb8d0]:main():gmm-align-compiled.cc:127) VIVOSSPK21-099
LOG (gmm-align-compiled[5.5.987~1-eb8d0]:main():gmm-align-compiled.cc:127) VIVOSSPK21-100
LOG (gmm-align-compiled[5.5.987~1-eb8d0]:main():gmm-align-compiled.cc:127) VIVOSSPK21-101
LOG (gmm-align-compiled[5.5.987~1-eb8d0]:main():gmm-align-compiled.cc:127) VIVOSSPK21-102
LOG (gmm-align-compiled[5.5.987~1-eb8d0]:main():gmm-align-compiled.cc:127) VIVOSSPK21-103
LOG (gmm-align-compiled[5.5.987~1-eb8d0]:main():gmm-align-compiled.cc:127) VIVOSSPK21-104
LOG (gmm-align-compiled[5.5.987~1-eb8d0]:main():gmm-align-compiled.cc:127) VIVOSSPK21-105
LOG (gmm-align-compiled[5.5.987~1-eb8d0]:main():gmm-align-compiled.cc:127) VIVOSSPK21-106
LOG (gmm-align-compiled[5.5.987~1-eb8d0]:main():gmm-align-compiled.cc:127) VIVOSSPK21-107
LOG (gmm-align-compiled[5.5.987~1-eb8d0]:main():gmm-align-compiled.cc:127) VIVOSSPK21-108
LOG (gmm-align-compiled[5.5.987~1-eb8d0]:main():gmm-align-compiled.cc:127) VIVOSSPK21-109
LOG (gmm-align-compiled[5.5.987~1-eb8d0]:main():gmm-align-compiled.cc:127) VIVOSSPK21-110
LOG (gmm-align-compiled[5.5.987~1-eb8d0]:main():gmm-align-compiled.cc:127) VIVOSSPK21-111
LOG (gmm-align-compiled[5.5.987~1-eb8d0]:main():gmm-align-compiled.cc:127) VIVOSSPK21-112
LOG (gmm-align-compiled[5.5.987~1-eb8d0]:main():gmm-align-compiled.cc:127) VIVOSSPK21-113
LOG (gmm-align-compiled[5.5.987~1-eb8d0]:main():gmm-align-compiled.cc:127) VIVOSSPK21-114
LOG (gmm-align-compiled[5.5.987~1-eb8d0]:main():gmm-align-compiled.cc:127) VIVOSSPK21-115
LOG (gmm-align-compiled[5.5.987~1-eb8d0]:main():gmm-align-compiled.cc:127) VIVOSSPK21-116
LOG (gmm-align-compiled[5.5.987~1-eb8d0]:main():gmm-align-compiled.cc:127) VIVOSSPK21-117
LOG (gmm-align-compiled[5.5.987~1-eb8d0]:main():gmm-align-compiled.cc:127) VIVOSSPK21-118
LOG (gmm-align-compiled[5.5.987~1-eb8d0]:main():gmm-align-compiled.cc:127) VIVOSSPK21-119
LOG (gmm-align-compiled[5.5.987~1-eb8d0]:main():gmm-align-compiled.cc:127) VIVOSSPK21-120
LOG (gmm-align-compiled[5.5.987~1-eb8d0]:main():gmm-align-compiled.cc:127) VIVOSSPK21-121
LOG (gmm-align-compiled[5.5.987~1-eb8d0]:main():gmm-align-compiled.cc:127) VIVOSSPK21-122
LOG (gmm-align-compiled[5.5.987~1-eb8d0]:main():gmm-align-compiled.cc:127) VIVOSSPK21-123
LOG (gmm-align-compiled[5.5.987~1-eb8d0]:main():gmm-align-compiled.cc:127) VIVOSSPK21-124
LOG (gmm-align-compiled[5.5.987~1-eb8d0]:main():gmm-align-compiled.cc:127) VIVOSSPK21-125
LOG (gmm-align-compiled[5.5.987~1-eb8d0]:main():gmm-align-compiled.cc:127) VIVOSSPK21-126
LOG (gmm-align-compiled[5.5.987~1-eb8d0]:main():gmm-align-compiled.cc:127) VIVOSSPK21-127
LOG (gmm-align-compiled[5.5.987~1-eb8d0]:main():gmm-align-compiled.cc:127) VIVOSSPK21-128
LOG (gmm-align-compiled[5.5.987~1-eb8d0]:main():gmm-align-compiled.cc:127) VIVOSSPK21-129
LOG (gmm-align-compiled[5.5.987~1-eb8d0]:main():gmm-align-compiled.cc:127) VIVOSSPK21-130
LOG (gmm-align-compiled[5.5.987~1-eb8d0]:main():gmm-align-compiled.cc:127) VIVOSSPK21-131
LOG (gmm-align-compiled[5.5.987~1-eb8d0]:main():gmm-align-compiled.cc:127) VIVOSSPK21-132
LOG (gmm-align-compiled[5.5.987~1-eb8d0]:main():gmm-align-compiled.cc:127) VIVOSSPK21-133
LOG (gmm-align-compiled[5.5.987~1-eb8d0]:main():gmm-align-compiled.cc:127) VIVOSSPK21-134
LOG (gmm-align-compiled[5.5.987~1-eb8d0]:main():gmm-align-compiled.cc:127) VIVOSSPK21-135
LOG (gmm-align-compiled[5.5.987~1-eb8d0]:main():gmm-align-compiled.cc:127) VIVOSSPK21-136
LOG (gmm-align-compiled[5.5.987~1-eb8d0]:main():gmm-align-compiled.cc:127) VIVOSSPK21-137
LOG (gmm-align-compiled[5.5.987~1-eb8d0]:main():gmm-align-compiled.cc:127) VIVOSSPK21-138
LOG (gmm-align-compiled[5.5.987~1-eb8d0]:main():gmm-align-compiled.cc:127) VIVOSSPK21-139
LOG (gmm-align-compiled[5.5.987~1-eb8d0]:main():gmm-align-compiled.cc:127) VIVOSSPK21-140
LOG (gmm-align-compiled[5.5.987~1-eb8d0]:main():gmm-align-compiled.cc:127) VIVOSSPK21-141
LOG (gmm-align-compiled[5.5.987~1-eb8d0]:main():gmm-align-compiled.cc:127) VIVOSSPK21-142
LOG (gmm-align-compiled[5.5.987~1-eb8d0]:main():gmm-align-compiled.cc:127) VIVOSSPK21-143
LOG (gmm-align-compiled[5.5.987~1-eb8d0]:main():gmm-align-compiled.cc:127) VIVOSSPK21-144
LOG (gmm-align-compiled[5.5.987~1-eb8d0]:main():gmm-align-compiled.cc:127) VIVOSSPK21-145
LOG (gmm-align-compiled[5.5.987~1-eb8d0]:main():gmm-align-compiled.cc:127) VIVOSSPK21-146
LOG (gmm-align-compiled[5.5.987~1-eb8d0]:main():gmm-align-compiled.cc:127) VIVOSSPK21-147
LOG (gmm-align-compiled[5.5.987~1-eb8d0]:main():gmm-align-compiled.cc:127) VIVOSSPK21-148
LOG (gmm-align-compiled[5.5.987~1-eb8d0]:main():gmm-align-compiled.cc:127) VIVOSSPK21-149
LOG (gmm-align-compiled[5.5.987~1-eb8d0]:main():gmm-align-compiled.cc:127) VIVOSSPK21-150
LOG (gmm-align-compiled[5.5.987~1-eb8d0]:main():gmm-align-compiled.cc:127) VIVOSSPK21-151
LOG (gmm-align-compiled[5.5.987~1-eb8d0]:main():gmm-align-compiled.cc:127) VIVOSSPK21-152
LOG (gmm-align-compiled[5.5.987~1-eb8d0]:main():gmm-align-compiled.cc:127) VIVOSSPK21-153
LOG (gmm-align-compiled[5.5.987~1-eb8d0]:main():gmm-align-compiled.cc:127) VIVOSSPK21-154
LOG (gmm-align-compiled[5.5.987~1-eb8d0]:main():gmm-align-compiled.cc:127) VIVOSSPK21-155
LOG (gmm-align-compiled[5.5.987~1-eb8d0]:main():gmm-align-compiled.cc:127) VIVOSSPK21-156
LOG (gmm-align-compiled[5.5.987~1-eb8d0]:main():gmm-align-compiled.cc:127) VIVOSSPK21-157
LOG (gmm-align-compiled[5.5.987~1-eb8d0]:main():gmm-align-compiled.cc:127) VIVOSSPK21-158
LOG (gmm-align-compiled[5.5.987~1-eb8d0]:main():gmm-align-compiled.cc:127) VIVOSSPK21-159
LOG (gmm-align-compiled[5.5.987~1-eb8d0]:main():gmm-align-compiled.cc:127) VIVOSSPK21-160
LOG (gmm-align-compiled[5.5.987~1-eb8d0]:main():gmm-align-compiled.cc:127) VIVOSSPK21-161
LOG (gmm-align-compiled[5.5.987~1-eb8d0]:main():gmm-align-compiled.cc:127) VIVOSSPK21-162
LOG (gmm-align-compiled[5.5.987~1-eb8d0]:main():gmm-align-compiled.cc:127) VIVOSSPK21-163
LOG (gmm-align-compiled[5.5.987~1-eb8d0]:main():gmm-align-compiled.cc:127) VIVOSSPK21-164
LOG (gmm-align-compiled[5.5.987~1-eb8d0]:main():gmm-align-compiled.cc:127) VIVOSSPK21-165
LOG (gmm-align-compiled[5.5.987~1-eb8d0]:main():gmm-align-compiled.cc:127) VIVOSSPK21-166
LOG (gmm-align-compiled[5.5.987~1-eb8d0]:main():gmm-align-compiled.cc:127) VIVOSSPK21-167
LOG (gmm-align-compiled[5.5.987~1-eb8d0]:main():gmm-align-compiled.cc:127) VIVOSSPK21-168
LOG (gmm-align-compiled[5.5.987~1-eb8d0]:main():gmm-align-compiled.cc:127) VIVOSSPK21-169
LOG (gmm-align-compiled[5.5.987~1-eb8d0]:main():gmm-align-compiled.cc:127) VIVOSSPK21-170
LOG (gmm-align-compiled[5.5.987~1-eb8d0]:main():gmm-align-compiled.cc:127) VIVOSSPK21-171
LOG (gmm-align-compiled[5.5.987~1-eb8d0]:main():gmm-align-compiled.cc:127) VIVOSSPK21-172
LOG (gmm-align-compiled[5.5.987~1-eb8d0]:main():gmm-align-compiled.cc:127) VIVOSSPK21-173
LOG (gmm-align-compiled[5.5.987~1-eb8d0]:main():gmm-align-compiled.cc:127) VIVOSSPK21-174
LOG (gmm-align-compiled[5.5.987~1-eb8d0]:main():gmm-align-compiled.cc:127) VIVOSSPK21-175
LOG (gmm-align-compiled[5.5.987~1-eb8d0]:main():gmm-align-compiled.cc:127) VIVOSSPK21-176
LOG (gmm-align-compiled[5.5.987~1-eb8d0]:main():gmm-align-compiled.cc:127) VIVOSSPK21-177
LOG (gmm-align-compiled[5.5.987~1-eb8d0]:main():gmm-align-compiled.cc:127) VIVOSSPK21-178
LOG (gmm-align-compiled[5.5.987~1-eb8d0]:main():gmm-align-compiled.cc:127) VIVOSSPK21-179
LOG (gmm-align-compiled[5.5.987~1-eb8d0]:main():gmm-align-compiled.cc:127) VIVOSSPK21-180
LOG (gmm-align-compiled[5.5.987~1-eb8d0]:main():gmm-align-compiled.cc:127) VIVOSSPK21-181
LOG (gmm-align-compiled[5.5.987~1-eb8d0]:main():gmm-align-compiled.cc:127) VIVOSSPK21-182
LOG (gmm-align-compiled[5.5.987~1-eb8d0]:main():gmm-align-compiled.cc:127) VIVOSSPK21-183
LOG (gmm-align-compiled[5.5.987~1-eb8d0]:main():gmm-align-compiled.cc:127) VIVOSSPK21-184
LOG (gmm-align-compiled[5.5.987~1-eb8d0]:main():gmm-align-compiled.cc:127) VIVOSSPK21-185
LOG (gmm-align-compiled[5.5.987~1-eb8d0]:main():gmm-align-compiled.cc:127) VIVOSSPK21-186
LOG (gmm-align-compiled[5.5.987~1-eb8d0]:main():gmm-align-compiled.cc:127) VIVOSSPK21-187
LOG (gmm-align-compiled[5.5.987~1-eb8d0]:main():gmm-align-compiled.cc:127) VIVOSSPK21-188
LOG (gmm-align-compiled[5.5.987~1-eb8d0]:main():gmm-align-compiled.cc:127) VIVOSSPK21-189
LOG (gmm-align-compiled[5.5.987~1-eb8d0]:main():gmm-align-compiled.cc:127) VIVOSSPK21-190
LOG (gmm-align-compiled[5.5.987~1-eb8d0]:main():gmm-align-compiled.cc:127) VIVOSSPK21-191
LOG (gmm-align-compiled[5.5.987~1-eb8d0]:main():gmm-align-compiled.cc:127) VIVOSSPK21-192
LOG (gmm-align-compiled[5.5.987~1-eb8d0]:main():gmm-align-compiled.cc:127) VIVOSSPK21-193
LOG (gmm-align-compiled[5.5.987~1-eb8d0]:main():gmm-align-compiled.cc:127) VIVOSSPK21-194
LOG (gmm-align-compiled[5.5.987~1-eb8d0]:main():gmm-align-compiled.cc:127) VIVOSSPK21-195
LOG (gmm-align-compiled[5.5.987~1-eb8d0]:main():gmm-align-compiled.cc:127) VIVOSSPK21-196
LOG (gmm-align-compiled[5.5.987~1-eb8d0]:main():gmm-align-compiled.cc:127) VIVOSSPK21-197
LOG (gmm-align-compiled[5.5.987~1-eb8d0]:main():gmm-align-compiled.cc:127) VIVOSSPK21-198
LOG (gmm-align-compiled[5.5.987~1-eb8d0]:main():gmm-align-compiled.cc:127) VIVOSSPK21-199
LOG (gmm-align-compiled[5.5.987~1-eb8d0]:main():gmm-align-compiled.cc:127) VIVOSSPK21-200
LOG (gmm-align-compiled[5.5.987~1-eb8d0]:main():gmm-align-compiled.cc:127) VIVOSSPK21-201
LOG (gmm-align-compiled[5.5.987~1-eb8d0]:main():gmm-align-compiled.cc:127) VIVOSSPK21-202
LOG (gmm-align-compiled[5.5.987~1-eb8d0]:main():gmm-align-compiled.cc:127) VIVOSSPK21-203
LOG (gmm-align-compiled[5.5.987~1-eb8d0]:main():gmm-align-compiled.cc:127) VIVOSSPK21-204
LOG (gmm-align-compiled[5.5.987~1-eb8d0]:main():gmm-align-compiled.cc:127) VIVOSSPK21-205
LOG (gmm-align-compiled[5.5.987~1-eb8d0]:main():gmm-align-compiled.cc:127) VIVOSSPK21-206
LOG (gmm-align-compiled[5.5.987~1-eb8d0]:main():gmm-align-compiled.cc:127) VIVOSSPK21-207
LOG (gmm-align-compiled[5.5.987~1-eb8d0]:main():gmm-align-compiled.cc:127) VIVOSSPK21-208
LOG (gmm-align-compiled[5.5.987~1-eb8d0]:main():gmm-align-compiled.cc:127) VIVOSSPK21-209
LOG (gmm-align-compiled[5.5.987~1-eb8d0]:main():gmm-align-compiled.cc:127) VIVOSSPK21-210
LOG (gmm-align-compiled[5.5.987~1-eb8d0]:main():gmm-align-compiled.cc:127) VIVOSSPK21-211
LOG (gmm-align-compiled[5.5.987~1-eb8d0]:main():gmm-align-compiled.cc:127) VIVOSSPK21-212
LOG (gmm-align-compiled[5.5.987~1-eb8d0]:main():gmm-align-compiled.cc:127) VIVOSSPK21-213
LOG (gmm-align-compiled[5.5.987~1-eb8d0]:main():gmm-align-compiled.cc:127) VIVOSSPK21-214
LOG (gmm-align-compiled[5.5.987~1-eb8d0]:main():gmm-align-compiled.cc:127) VIVOSSPK21-215
LOG (gmm-align-compiled[5.5.987~1-eb8d0]:main():gmm-align-compiled.cc:127) VIVOSSPK21-216
LOG (gmm-align-compiled[5.5.987~1-eb8d0]:main():gmm-align-compiled.cc:127) VIVOSSPK21-217
LOG (gmm-align-compiled[5.5.987~1-eb8d0]:main():gmm-align-compiled.cc:127) VIVOSSPK21-218
LOG (gmm-align-compiled[5.5.987~1-eb8d0]:main():gmm-align-compiled.cc:127) VIVOSSPK21-219
LOG (gmm-align-compiled[5.5.987~1-eb8d0]:main():gmm-align-compiled.cc:127) VIVOSSPK21-220
LOG (gmm-align-compiled[5.5.987~1-eb8d0]:main():gmm-align-compiled.cc:127) VIVOSSPK21-221
LOG (gmm-align-compiled[5.5.987~1-eb8d0]:main():gmm-align-compiled.cc:127) VIVOSSPK21-222
LOG (gmm-align-compiled[5.5.987~1-eb8d0]:main():gmm-align-compiled.cc:127) VIVOSSPK21-223
LOG (gmm-align-compiled[5.5.987~1-eb8d0]:main():gmm-align-compiled.cc:127) VIVOSSPK21-224
LOG (gmm-align-compiled[5.5.987~1-eb8d0]:main():gmm-align-compiled.cc:127) VIVOSSPK21-225
LOG (gmm-align-compiled[5.5.987~1-eb8d0]:main():gmm-align-compiled.cc:127) VIVOSSPK21-226
LOG (gmm-align-compiled[5.5.987~1-eb8d0]:main():gmm-align-compiled.cc:127) VIVOSSPK21-227
LOG (gmm-align-compiled[5.5.987~1-eb8d0]:main():gmm-align-compiled.cc:127) VIVOSSPK21-228
LOG (gmm-align-compiled[5.5.987~1-eb8d0]:main():gmm-align-compiled.cc:127) VIVOSSPK21-229
LOG (gmm-align-compiled[5.5.987~1-eb8d0]:main():gmm-align-compiled.cc:127) VIVOSSPK21-230
LOG (gmm-align-compiled[5.5.987~1-eb8d0]:main():gmm-align-compiled.cc:127) VIVOSSPK21-231
LOG (gmm-align-compiled[5.5.987~1-eb8d0]:main():gmm-align-compiled.cc:127) VIVOSSPK21-232
LOG (gmm-align-compiled[5.5.987~1-eb8d0]:main():gmm-align-compiled.cc:127) VIVOSSPK21-233
LOG (gmm-align-compiled[5.5.987~1-eb8d0]:main():gmm-align-compiled.cc:127) VIVOSSPK21-234
LOG (gmm-align-compiled[5.5.987~1-eb8d0]:main():gmm-align-compiled.cc:127) VIVOSSPK21-235
LOG (gmm-align-compiled[5.5.987~1-eb8d0]:main():gmm-align-compiled.cc:127) VIVOSSPK21-236
LOG (gmm-align-compiled[5.5.987~1-eb8d0]:main():gmm-align-compiled.cc:127) VIVOSSPK21-237
LOG (gmm-align-compiled[5.5.987~1-eb8d0]:main():gmm-align-compiled.cc:127) VIVOSSPK21-238
LOG (gmm-align-compiled[5.5.987~1-eb8d0]:main():gmm-align-compiled.cc:127) VIVOSSPK21-239
LOG (gmm-align-compiled[5.5.987~1-eb8d0]:main():gmm-align-compiled.cc:127) VIVOSSPK21-240
LOG (gmm-align-compiled[5.5.987~1-eb8d0]:main():gmm-align-compiled.cc:127) VIVOSSPK21-241
LOG (gmm-align-compiled[5.5.987~1-eb8d0]:main():gmm-align-compiled.cc:127) VIVOSSPK21-242
LOG (gmm-align-compiled[5.5.987~1-eb8d0]:main():gmm-align-compiled.cc:127) VIVOSSPK21-243
LOG (gmm-align-compiled[5.5.987~1-eb8d0]:main():gmm-align-compiled.cc:127) VIVOSSPK21-244
LOG (gmm-align-compiled[5.5.987~1-eb8d0]:main():gmm-align-compiled.cc:127) VIVOSSPK21-245
LOG (gmm-align-compiled[5.5.987~1-eb8d0]:main():gmm-align-compiled.cc:127) VIVOSSPK21-246
LOG (gmm-align-compiled[5.5.987~1-eb8d0]:main():gmm-align-compiled.cc:127) VIVOSSPK21-247
LOG (gmm-align-compiled[5.5.987~1-eb8d0]:main():gmm-align-compiled.cc:127) VIVOSSPK21-248
LOG (gmm-align-compiled[5.5.987~1-eb8d0]:main():gmm-align-compiled.cc:127) VIVOSSPK21-249
LOG (gmm-align-compiled[5.5.987~1-eb8d0]:main():gmm-align-compiled.cc:127) VIVOSSPK21-250
LOG (gmm-align-compiled[5.5.987~1-eb8d0]:main():gmm-align-compiled.cc:127) VIVOSSPK21-251
LOG (gmm-align-compiled[5.5.987~1-eb8d0]:main():gmm-align-compiled.cc:127) VIVOSSPK21-252
LOG (gmm-align-compiled[5.5.987~1-eb8d0]:main():gmm-align-compiled.cc:127) VIVOSSPK21-253
LOG (gmm-align-compiled[5.5.987~1-eb8d0]:main():gmm-align-compiled.cc:127) VIVOSSPK21-254
LOG (gmm-align-compiled[5.5.987~1-eb8d0]:main():gmm-align-compiled.cc:127) VIVOSSPK21-255
LOG (gmm-align-compiled[5.5.987~1-eb8d0]:main():gmm-align-compiled.cc:127) VIVOSSPK21-256
LOG (gmm-align-compiled[5.5.987~1-eb8d0]:main():gmm-align-compiled.cc:127) VIVOSSPK21-257
LOG (gmm-align-compiled[5.5.987~1-eb8d0]:main():gmm-align-compiled.cc:127) VIVOSSPK21-258
LOG (gmm-align-compiled[5.5.987~1-eb8d0]:main():gmm-align-compiled.cc:127) VIVOSSPK21-259
LOG (gmm-align-compiled[5.5.987~1-eb8d0]:main():gmm-align-compiled.cc:127) VIVOSSPK21-260
LOG (gmm-align-compiled[5.5.987~1-eb8d0]:main():gmm-align-compiled.cc:127) VIVOSSPK21-261
LOG (gmm-align-compiled[5.5.987~1-eb8d0]:main():gmm-align-compiled.cc:127) VIVOSSPK21-262
LOG (gmm-align-compiled[5.5.987~1-eb8d0]:main():gmm-align-compiled.cc:127) VIVOSSPK21-263
LOG (gmm-align-compiled[5.5.987~1-eb8d0]:main():gmm-align-compiled.cc:127) VIVOSSPK21-264
LOG (gmm-align-compiled[5.5.987~1-eb8d0]:main():gmm-align-compiled.cc:127) VIVOSSPK21-265
LOG (gmm-align-compiled[5.5.987~1-eb8d0]:main():gmm-align-compiled.cc:127) VIVOSSPK21-266
LOG (gmm-align-compiled[5.5.987~1-eb8d0]:main():gmm-align-compiled.cc:127) VIVOSSPK21-267
LOG (gmm-align-compiled[5.5.987~1-eb8d0]:main():gmm-align-compiled.cc:127) VIVOSSPK21-268
LOG (gmm-align-compiled[5.5.987~1-eb8d0]:main():gmm-align-compiled.cc:127) VIVOSSPK21-269
LOG (gmm-align-compiled[5.5.987~1-eb8d0]:main():gmm-align-compiled.cc:127) VIVOSSPK21-270
LOG (gmm-align-compiled[5.5.987~1-eb8d0]:main():gmm-align-compiled.cc:127) VIVOSSPK21-271
LOG (gmm-align-compiled[5.5.987~1-eb8d0]:main():gmm-align-compiled.cc:127) VIVOSSPK21-272
LOG (gmm-align-compiled[5.5.987~1-eb8d0]:main():gmm-align-compiled.cc:127) VIVOSSPK21-273
LOG (gmm-align-compiled[5.5.987~1-eb8d0]:main():gmm-align-compiled.cc:127) VIVOSSPK21-274
LOG (gmm-align-compiled[5.5.987~1-eb8d0]:main():gmm-align-compiled.cc:127) VIVOSSPK21-275
LOG (gmm-align-compiled[5.5.987~1-eb8d0]:main():gmm-align-compiled.cc:127) VIVOSSPK21-276
LOG (gmm-align-compiled[5.5.987~1-eb8d0]:main():gmm-align-compiled.cc:127) VIVOSSPK21-277
LOG (gmm-align-compiled[5.5.987~1-eb8d0]:main():gmm-align-compiled.cc:127) VIVOSSPK21-278
LOG (gmm-align-compiled[5.5.987~1-eb8d0]:main():gmm-align-compiled.cc:127) VIVOSSPK21-279
LOG (gmm-align-compiled[5.5.987~1-eb8d0]:main():gmm-align-compiled.cc:127) VIVOSSPK21-280
LOG (gmm-align-compiled[5.5.987~1-eb8d0]:main():gmm-align-compiled.cc:127) VIVOSSPK21-281
LOG (gmm-align-compiled[5.5.987~1-eb8d0]:main():gmm-align-compiled.cc:127) VIVOSSPK21-282
LOG (gmm-align-compiled[5.5.987~1-eb8d0]:main():gmm-align-compiled.cc:127) VIVOSSPK21-283
LOG (gmm-align-compiled[5.5.987~1-eb8d0]:main():gmm-align-compiled.cc:127) VIVOSSPK21-284
LOG (gmm-align-compiled[5.5.987~1-eb8d0]:main():gmm-align-compiled.cc:127) VIVOSSPK21-285
LOG (gmm-align-compiled[5.5.987~1-eb8d0]:main():gmm-align-compiled.cc:127) VIVOSSPK21-286
LOG (gmm-align-compiled[5.5.987~1-eb8d0]:main():gmm-align-compiled.cc:127) VIVOSSPK21-287
LOG (gmm-align-compiled[5.5.987~1-eb8d0]:main():gmm-align-compiled.cc:127) VIVOSSPK21-288
LOG (gmm-align-compiled[5.5.987~1-eb8d0]:main():gmm-align-compiled.cc:127) VIVOSSPK21-289
LOG (gmm-align-compiled[5.5.987~1-eb8d0]:main():gmm-align-compiled.cc:127) VIVOSSPK21-290
LOG (gmm-align-compiled[5.5.987~1-eb8d0]:main():gmm-align-compiled.cc:127) VIVOSSPK21-291
LOG (gmm-align-compiled[5.5.987~1-eb8d0]:main():gmm-align-compiled.cc:127) VIVOSSPK21-292
LOG (gmm-align-compiled[5.5.987~1-eb8d0]:main():gmm-align-compiled.cc:127) VIVOSSPK21-293
LOG (gmm-align-compiled[5.5.987~1-eb8d0]:main():gmm-align-compiled.cc:127) VIVOSSPK21-294
LOG (gmm-align-compiled[5.5.987~1-eb8d0]:main():gmm-align-compiled.cc:127) VIVOSSPK21-295
LOG (gmm-align-compiled[5.5.987~1-eb8d0]:main():gmm-align-compiled.cc:127) VIVOSSPK21-296
LOG (gmm-align-compiled[5.5.987~1-eb8d0]:main():gmm-align-compiled.cc:127) VIVOSSPK21-297
LOG (gmm-align-compiled[5.5.987~1-eb8d0]:main():gmm-align-compiled.cc:127) VIVOSSPK21-298
LOG (gmm-align-compiled[5.5.987~1-eb8d0]:main():gmm-align-compiled.cc:127) VIVOSSPK21-299
LOG (gmm-align-compiled[5.5.987~1-eb8d0]:main():gmm-align-compiled.cc:127) VIVOSSPK21-300
LOG (gmm-align-compiled[5.5.987~1-eb8d0]:main():gmm-align-compiled.cc:127) VIVOSSPK22-001
LOG (gmm-align-compiled[5.5.987~1-eb8d0]:main():gmm-align-compiled.cc:127) VIVOSSPK22-002
LOG (gmm-align-compiled[5.5.987~1-eb8d0]:main():gmm-align-compiled.cc:127) VIVOSSPK22-003
LOG (gmm-align-compiled[5.5.987~1-eb8d0]:main():gmm-align-compiled.cc:127) VIVOSSPK22-004
LOG (gmm-align-compiled[5.5.987~1-eb8d0]:main():gmm-align-compiled.cc:127) VIVOSSPK22-005
LOG (gmm-align-compiled[5.5.987~1-eb8d0]:main():gmm-align-compiled.cc:127) VIVOSSPK22-006
LOG (gmm-align-compiled[5.5.987~1-eb8d0]:main():gmm-align-compiled.cc:127) VIVOSSPK22-007
LOG (gmm-align-compiled[5.5.987~1-eb8d0]:main():gmm-align-compiled.cc:127) VIVOSSPK22-008
LOG (gmm-align-compiled[5.5.987~1-eb8d0]:main():gmm-align-compiled.cc:127) VIVOSSPK22-009
LOG (gmm-align-compiled[5.5.987~1-eb8d0]:main():gmm-align-compiled.cc:127) VIVOSSPK22-010
LOG (gmm-align-compiled[5.5.987~1-eb8d0]:main():gmm-align-compiled.cc:127) VIVOSSPK22-011
LOG (gmm-align-compiled[5.5.987~1-eb8d0]:main():gmm-align-compiled.cc:127) VIVOSSPK22-012
LOG (gmm-align-compiled[5.5.987~1-eb8d0]:main():gmm-align-compiled.cc:127) VIVOSSPK22-013
LOG (gmm-align-compiled[5.5.987~1-eb8d0]:main():gmm-align-compiled.cc:127) VIVOSSPK22-014
LOG (gmm-align-compiled[5.5.987~1-eb8d0]:main():gmm-align-compiled.cc:127) VIVOSSPK22-015
LOG (gmm-align-compiled[5.5.987~1-eb8d0]:main():gmm-align-compiled.cc:127) VIVOSSPK22-016
LOG (gmm-align-compiled[5.5.987~1-eb8d0]:main():gmm-align-compiled.cc:127) VIVOSSPK22-017
LOG (gmm-align-compiled[5.5.987~1-eb8d0]:main():gmm-align-compiled.cc:127) VIVOSSPK22-018
LOG (gmm-align-compiled[5.5.987~1-eb8d0]:main():gmm-align-compiled.cc:127) VIVOSSPK22-019
LOG (gmm-align-compiled[5.5.987~1-eb8d0]:main():gmm-align-compiled.cc:127) VIVOSSPK22-020
LOG (gmm-align-compiled[5.5.987~1-eb8d0]:main():gmm-align-compiled.cc:127) VIVOSSPK22-021
LOG (gmm-align-compiled[5.5.987~1-eb8d0]:main():gmm-align-compiled.cc:127) VIVOSSPK22-022
LOG (gmm-align-compiled[5.5.987~1-eb8d0]:main():gmm-align-compiled.cc:127) VIVOSSPK22-023
LOG (gmm-align-compiled[5.5.987~1-eb8d0]:main():gmm-align-compiled.cc:127) VIVOSSPK22-024
LOG (gmm-align-compiled[5.5.987~1-eb8d0]:main():gmm-align-compiled.cc:127) VIVOSSPK22-025
LOG (gmm-align-compiled[5.5.987~1-eb8d0]:main():gmm-align-compiled.cc:127) VIVOSSPK22-026
LOG (gmm-align-compiled[5.5.987~1-eb8d0]:main():gmm-align-compiled.cc:127) VIVOSSPK22-027
LOG (gmm-align-compiled[5.5.987~1-eb8d0]:main():gmm-align-compiled.cc:127) VIVOSSPK22-028
LOG (gmm-align-compiled[5.5.987~1-eb8d0]:main():gmm-align-compiled.cc:127) VIVOSSPK22-029
LOG (gmm-align-compiled[5.5.987~1-eb8d0]:main():gmm-align-compiled.cc:127) VIVOSSPK22-030
LOG (gmm-align-compiled[5.5.987~1-eb8d0]:main():gmm-align-compiled.cc:127) VIVOSSPK22-031
LOG (gmm-align-compiled[5.5.987~1-eb8d0]:main():gmm-align-compiled.cc:127) VIVOSSPK22-032
LOG (gmm-align-compiled[5.5.987~1-eb8d0]:main():gmm-align-compiled.cc:127) VIVOSSPK22-033
LOG (gmm-align-compiled[5.5.987~1-eb8d0]:main():gmm-align-compiled.cc:127) VIVOSSPK22-034
LOG (gmm-align-compiled[5.5.987~1-eb8d0]:main():gmm-align-compiled.cc:127) VIVOSSPK22-035
LOG (gmm-align-compiled[5.5.987~1-eb8d0]:main():gmm-align-compiled.cc:127) VIVOSSPK22-036
LOG (gmm-align-compiled[5.5.987~1-eb8d0]:main():gmm-align-compiled.cc:127) VIVOSSPK22-037
LOG (gmm-align-compiled[5.5.987~1-eb8d0]:main():gmm-align-compiled.cc:127) VIVOSSPK22-038
WARNING (gmm-align-compiled[5.5.987~1-eb8d0]:AlignUtteranceWrapper():decoder-wrappers.cc:617) Retrying utterance VIVOSSPK22-038 with beam 40
LOG (gmm-align-compiled[5.5.987~1-eb8d0]:main():gmm-align-compiled.cc:127) VIVOSSPK22-039
LOG (gmm-align-compiled[5.5.987~1-eb8d0]:main():gmm-align-compiled.cc:127) VIVOSSPK22-040
LOG (gmm-align-compiled[5.5.987~1-eb8d0]:main():gmm-align-compiled.cc:127) VIVOSSPK22-041
LOG (gmm-align-compiled[5.5.987~1-eb8d0]:main():gmm-align-compiled.cc:127) VIVOSSPK22-042
LOG (gmm-align-compiled[5.5.987~1-eb8d0]:main():gmm-align-compiled.cc:127) VIVOSSPK22-043
LOG (gmm-align-compiled[5.5.987~1-eb8d0]:main():gmm-align-compiled.cc:127) VIVOSSPK22-044
LOG (gmm-align-compiled[5.5.987~1-eb8d0]:main():gmm-align-compiled.cc:127) VIVOSSPK22-045
LOG (gmm-align-compiled[5.5.987~1-eb8d0]:main():gmm-align-compiled.cc:127) VIVOSSPK22-046
LOG (gmm-align-compiled[5.5.987~1-eb8d0]:main():gmm-align-compiled.cc:127) VIVOSSPK22-047
WARNING (gmm-align-compiled[5.5.987~1-eb8d0]:AlignUtteranceWrapper():decoder-wrappers.cc:617) Retrying utterance VIVOSSPK22-047 with beam 40
WARNING (gmm-align-compiled[5.5.987~1-eb8d0]:AlignUtteranceWrapper():decoder-wrappers.cc:626) Did not successfully decode file VIVOSSPK22-047, len = 404
LOG (gmm-align-compiled[5.5.987~1-eb8d0]:main():gmm-align-compiled.cc:127) VIVOSSPK22-048
LOG (gmm-align-compiled[5.5.987~1-eb8d0]:main():gmm-align-compiled.cc:127) VIVOSSPK22-049
LOG (gmm-align-compiled[5.5.987~1-eb8d0]:main():gmm-align-compiled.cc:127) VIVOSSPK22-050
LOG (gmm-align-compiled[5.5.987~1-eb8d0]:main():gmm-align-compiled.cc:127) VIVOSSPK22-051
LOG (gmm-align-compiled[5.5.987~1-eb8d0]:main():gmm-align-compiled.cc:127) VIVOSSPK22-052
WARNING (gmm-align-compiled[5.5.987~1-eb8d0]:AlignUtteranceWrapper():decoder-wrappers.cc:617) Retrying utterance VIVOSSPK22-052 with beam 40
LOG (gmm-align-compiled[5.5.987~1-eb8d0]:main():gmm-align-compiled.cc:127) VIVOSSPK22-053
LOG (gmm-align-compiled[5.5.987~1-eb8d0]:main():gmm-align-compiled.cc:127) VIVOSSPK22-054
LOG (gmm-align-compiled[5.5.987~1-eb8d0]:main():gmm-align-compiled.cc:127) VIVOSSPK22-055
LOG (gmm-align-compiled[5.5.987~1-eb8d0]:main():gmm-align-compiled.cc:127) VIVOSSPK22-056
LOG (gmm-align-compiled[5.5.987~1-eb8d0]:main():gmm-align-compiled.cc:127) VIVOSSPK22-057
LOG (gmm-align-compiled[5.5.987~1-eb8d0]:main():gmm-align-compiled.cc:127) VIVOSSPK22-058
LOG (gmm-align-compiled[5.5.987~1-eb8d0]:main():gmm-align-compiled.cc:127) VIVOSSPK22-059
LOG (gmm-align-compiled[5.5.987~1-eb8d0]:main():gmm-align-compiled.cc:127) VIVOSSPK22-060
LOG (gmm-align-compiled[5.5.987~1-eb8d0]:main():gmm-align-compiled.cc:127) VIVOSSPK22-061
LOG (gmm-align-compiled[5.5.987~1-eb8d0]:main():gmm-align-compiled.cc:127) VIVOSSPK22-062
LOG (gmm-align-compiled[5.5.987~1-eb8d0]:main():gmm-align-compiled.cc:127) VIVOSSPK22-063
LOG (gmm-align-compiled[5.5.987~1-eb8d0]:main():gmm-align-compiled.cc:127) VIVOSSPK22-064
LOG (gmm-align-compiled[5.5.987~1-eb8d0]:main():gmm-align-compiled.cc:127) VIVOSSPK22-065
LOG (gmm-align-compiled[5.5.987~1-eb8d0]:main():gmm-align-compiled.cc:127) VIVOSSPK22-066
LOG (gmm-align-compiled[5.5.987~1-eb8d0]:main():gmm-align-compiled.cc:127) VIVOSSPK22-067
LOG (gmm-align-compiled[5.5.987~1-eb8d0]:main():gmm-align-compiled.cc:127) VIVOSSPK22-068
WARNING (gmm-align-compiled[5.5.987~1-eb8d0]:AlignUtteranceWrapper():decoder-wrappers.cc:617) Retrying utterance VIVOSSPK22-068 with beam 40
LOG (gmm-align-compiled[5.5.987~1-eb8d0]:main():gmm-align-compiled.cc:127) VIVOSSPK22-069
LOG (gmm-align-compiled[5.5.987~1-eb8d0]:main():gmm-align-compiled.cc:127) VIVOSSPK22-070
LOG (gmm-align-compiled[5.5.987~1-eb8d0]:main():gmm-align-compiled.cc:127) VIVOSSPK22-071
LOG (gmm-align-compiled[5.5.987~1-eb8d0]:main():gmm-align-compiled.cc:127) VIVOSSPK22-072
LOG (gmm-align-compiled[5.5.987~1-eb8d0]:main():gmm-align-compiled.cc:127) VIVOSSPK22-073
LOG (gmm-align-compiled[5.5.987~1-eb8d0]:main():gmm-align-compiled.cc:127) VIVOSSPK22-074
LOG (gmm-align-compiled[5.5.987~1-eb8d0]:main():gmm-align-compiled.cc:127) VIVOSSPK22-075
LOG (gmm-align-compiled[5.5.987~1-eb8d0]:main():gmm-align-compiled.cc:127) VIVOSSPK22-076
LOG (gmm-align-compiled[5.5.987~1-eb8d0]:main():gmm-align-compiled.cc:127) VIVOSSPK22-077
LOG (gmm-align-compiled[5.5.987~1-eb8d0]:main():gmm-align-compiled.cc:127) VIVOSSPK22-078
LOG (gmm-align-compiled[5.5.987~1-eb8d0]:main():gmm-align-compiled.cc:127) VIVOSSPK22-079
LOG (gmm-align-compiled[5.5.987~1-eb8d0]:main():gmm-align-compiled.cc:127) VIVOSSPK22-080
LOG (gmm-align-compiled[5.5.987~1-eb8d0]:main():gmm-align-compiled.cc:127) VIVOSSPK22-081
LOG (gmm-align-compiled[5.5.987~1-eb8d0]:main():gmm-align-compiled.cc:127) VIVOSSPK22-082
LOG (gmm-align-compiled[5.5.987~1-eb8d0]:main():gmm-align-compiled.cc:127) VIVOSSPK22-083
LOG (gmm-align-compiled[5.5.987~1-eb8d0]:main():gmm-align-compiled.cc:127) VIVOSSPK22-084
LOG (gmm-align-compiled[5.5.987~1-eb8d0]:main():gmm-align-compiled.cc:127) VIVOSSPK22-085
LOG (gmm-align-compiled[5.5.987~1-eb8d0]:main():gmm-align-compiled.cc:127) VIVOSSPK22-086
LOG (gmm-align-compiled[5.5.987~1-eb8d0]:main():gmm-align-compiled.cc:127) VIVOSSPK22-087
LOG (gmm-align-compiled[5.5.987~1-eb8d0]:main():gmm-align-compiled.cc:127) VIVOSSPK22-088
LOG (gmm-align-compiled[5.5.987~1-eb8d0]:main():gmm-align-compiled.cc:127) VIVOSSPK22-089
LOG (gmm-align-compiled[5.5.987~1-eb8d0]:main():gmm-align-compiled.cc:127) VIVOSSPK22-090
LOG (gmm-align-compiled[5.5.987~1-eb8d0]:main():gmm-align-compiled.cc:127) VIVOSSPK22-091
LOG (gmm-align-compiled[5.5.987~1-eb8d0]:main():gmm-align-compiled.cc:127) VIVOSSPK22-092
LOG (gmm-align-compiled[5.5.987~1-eb8d0]:main():gmm-align-compiled.cc:127) VIVOSSPK22-093
LOG (gmm-align-compiled[5.5.987~1-eb8d0]:main():gmm-align-compiled.cc:127) VIVOSSPK22-094
LOG (gmm-align-compiled[5.5.987~1-eb8d0]:main():gmm-align-compiled.cc:127) VIVOSSPK22-095
LOG (gmm-align-compiled[5.5.987~1-eb8d0]:main():gmm-align-compiled.cc:127) VIVOSSPK22-096
LOG (gmm-align-compiled[5.5.987~1-eb8d0]:main():gmm-align-compiled.cc:127) VIVOSSPK22-097
LOG (gmm-align-compiled[5.5.987~1-eb8d0]:main():gmm-align-compiled.cc:127) VIVOSSPK22-098
LOG (gmm-align-compiled[5.5.987~1-eb8d0]:main():gmm-align-compiled.cc:127) VIVOSSPK22-099
LOG (gmm-align-compiled[5.5.987~1-eb8d0]:main():gmm-align-compiled.cc:127) VIVOSSPK22-100
LOG (gmm-align-compiled[5.5.987~1-eb8d0]:main():gmm-align-compiled.cc:127) VIVOSSPK22-101
LOG (gmm-align-compiled[5.5.987~1-eb8d0]:main():gmm-align-compiled.cc:127) VIVOSSPK22-102
LOG (gmm-align-compiled[5.5.987~1-eb8d0]:main():gmm-align-compiled.cc:127) VIVOSSPK22-103
LOG (gmm-align-compiled[5.5.987~1-eb8d0]:main():gmm-align-compiled.cc:127) VIVOSSPK22-104
LOG (gmm-align-compiled[5.5.987~1-eb8d0]:main():gmm-align-compiled.cc:127) VIVOSSPK22-105
LOG (gmm-align-compiled[5.5.987~1-eb8d0]:main():gmm-align-compiled.cc:127) VIVOSSPK22-106
LOG (gmm-align-compiled[5.5.987~1-eb8d0]:main():gmm-align-compiled.cc:127) VIVOSSPK22-107
LOG (gmm-align-compiled[5.5.987~1-eb8d0]:main():gmm-align-compiled.cc:127) VIVOSSPK22-108
LOG (gmm-align-compiled[5.5.987~1-eb8d0]:main():gmm-align-compiled.cc:127) VIVOSSPK22-109
LOG (gmm-align-compiled[5.5.987~1-eb8d0]:main():gmm-align-compiled.cc:127) VIVOSSPK22-110
LOG (gmm-align-compiled[5.5.987~1-eb8d0]:main():gmm-align-compiled.cc:127) VIVOSSPK22-111
LOG (gmm-align-compiled[5.5.987~1-eb8d0]:main():gmm-align-compiled.cc:127) VIVOSSPK22-112
LOG (gmm-align-compiled[5.5.987~1-eb8d0]:main():gmm-align-compiled.cc:127) VIVOSSPK22-113
LOG (gmm-align-compiled[5.5.987~1-eb8d0]:main():gmm-align-compiled.cc:127) VIVOSSPK22-114
LOG (gmm-align-compiled[5.5.987~1-eb8d0]:main():gmm-align-compiled.cc:127) VIVOSSPK22-115
LOG (gmm-align-compiled[5.5.987~1-eb8d0]:main():gmm-align-compiled.cc:127) VIVOSSPK22-116
WARNING (gmm-align-compiled[5.5.987~1-eb8d0]:AlignUtteranceWrapper():decoder-wrappers.cc:617) Retrying utterance VIVOSSPK22-116 with beam 40
LOG (gmm-align-compiled[5.5.987~1-eb8d0]:main():gmm-align-compiled.cc:127) VIVOSSPK22-117
LOG (gmm-align-compiled[5.5.987~1-eb8d0]:main():gmm-align-compiled.cc:127) VIVOSSPK22-118
LOG (gmm-align-compiled[5.5.987~1-eb8d0]:main():gmm-align-compiled.cc:127) VIVOSSPK22-119
LOG (gmm-align-compiled[5.5.987~1-eb8d0]:main():gmm-align-compiled.cc:127) VIVOSSPK22-120
LOG (gmm-align-compiled[5.5.987~1-eb8d0]:main():gmm-align-compiled.cc:127) VIVOSSPK22-121
LOG (gmm-align-compiled[5.5.987~1-eb8d0]:main():gmm-align-compiled.cc:127) VIVOSSPK22-122
LOG (gmm-align-compiled[5.5.987~1-eb8d0]:main():gmm-align-compiled.cc:127) VIVOSSPK22-123
LOG (gmm-align-compiled[5.5.987~1-eb8d0]:main():gmm-align-compiled.cc:127) VIVOSSPK22-124
LOG (gmm-align-compiled[5.5.987~1-eb8d0]:main():gmm-align-compiled.cc:127) VIVOSSPK22-125
LOG (gmm-align-compiled[5.5.987~1-eb8d0]:main():gmm-align-compiled.cc:127) VIVOSSPK22-126
LOG (gmm-align-compiled[5.5.987~1-eb8d0]:main():gmm-align-compiled.cc:127) VIVOSSPK22-127
LOG (gmm-align-compiled[5.5.987~1-eb8d0]:main():gmm-align-compiled.cc:127) VIVOSSPK22-128
LOG (gmm-align-compiled[5.5.987~1-eb8d0]:main():gmm-align-compiled.cc:127) VIVOSSPK22-129
LOG (gmm-align-compiled[5.5.987~1-eb8d0]:main():gmm-align-compiled.cc:127) VIVOSSPK22-130
LOG (gmm-align-compiled[5.5.987~1-eb8d0]:main():gmm-align-compiled.cc:127) VIVOSSPK22-131
LOG (gmm-align-compiled[5.5.987~1-eb8d0]:main():gmm-align-compiled.cc:127) VIVOSSPK22-132
LOG (gmm-align-compiled[5.5.987~1-eb8d0]:main():gmm-align-compiled.cc:127) VIVOSSPK22-133
LOG (gmm-align-compiled[5.5.987~1-eb8d0]:main():gmm-align-compiled.cc:127) VIVOSSPK22-134
LOG (gmm-align-compiled[5.5.987~1-eb8d0]:main():gmm-align-compiled.cc:127) VIVOSSPK22-135
LOG (gmm-align-compiled[5.5.987~1-eb8d0]:main():gmm-align-compiled.cc:127) VIVOSSPK22-136
LOG (gmm-align-compiled[5.5.987~1-eb8d0]:main():gmm-align-compiled.cc:127) VIVOSSPK22-137
LOG (gmm-align-compiled[5.5.987~1-eb8d0]:main():gmm-align-compiled.cc:127) VIVOSSPK22-138
LOG (gmm-align-compiled[5.5.987~1-eb8d0]:main():gmm-align-compiled.cc:127) VIVOSSPK22-139
LOG (gmm-align-compiled[5.5.987~1-eb8d0]:main():gmm-align-compiled.cc:127) VIVOSSPK22-140
LOG (gmm-align-compiled[5.5.987~1-eb8d0]:main():gmm-align-compiled.cc:127) VIVOSSPK22-141
LOG (gmm-align-compiled[5.5.987~1-eb8d0]:main():gmm-align-compiled.cc:127) VIVOSSPK22-142
LOG (gmm-align-compiled[5.5.987~1-eb8d0]:main():gmm-align-compiled.cc:127) VIVOSSPK22-143
LOG (gmm-align-compiled[5.5.987~1-eb8d0]:main():gmm-align-compiled.cc:127) VIVOSSPK22-144
LOG (gmm-align-compiled[5.5.987~1-eb8d0]:main():gmm-align-compiled.cc:127) VIVOSSPK22-145
LOG (gmm-align-compiled[5.5.987~1-eb8d0]:main():gmm-align-compiled.cc:127) VIVOSSPK22-146
LOG (gmm-align-compiled[5.5.987~1-eb8d0]:main():gmm-align-compiled.cc:127) VIVOSSPK22-147
LOG (gmm-align-compiled[5.5.987~1-eb8d0]:main():gmm-align-compiled.cc:127) VIVOSSPK22-148
LOG (gmm-align-compiled[5.5.987~1-eb8d0]:main():gmm-align-compiled.cc:127) VIVOSSPK22-149
LOG (gmm-align-compiled[5.5.987~1-eb8d0]:main():gmm-align-compiled.cc:127) VIVOSSPK22-150
LOG (gmm-align-compiled[5.5.987~1-eb8d0]:main():gmm-align-compiled.cc:127) VIVOSSPK22-151
LOG (gmm-align-compiled[5.5.987~1-eb8d0]:main():gmm-align-compiled.cc:127) VIVOSSPK22-152
LOG (gmm-align-compiled[5.5.987~1-eb8d0]:main():gmm-align-compiled.cc:127) VIVOSSPK22-153
LOG (gmm-align-compiled[5.5.987~1-eb8d0]:main():gmm-align-compiled.cc:127) VIVOSSPK22-154
LOG (gmm-align-compiled[5.5.987~1-eb8d0]:main():gmm-align-compiled.cc:127) VIVOSSPK22-155
LOG (gmm-align-compiled[5.5.987~1-eb8d0]:main():gmm-align-compiled.cc:127) VIVOSSPK22-156
LOG (gmm-align-compiled[5.5.987~1-eb8d0]:main():gmm-align-compiled.cc:127) VIVOSSPK22-157
WARNING (gmm-align-compiled[5.5.987~1-eb8d0]:AlignUtteranceWrapper():decoder-wrappers.cc:617) Retrying utterance VIVOSSPK22-157 with beam 40
LOG (gmm-align-compiled[5.5.987~1-eb8d0]:main():gmm-align-compiled.cc:127) VIVOSSPK22-158
LOG (gmm-align-compiled[5.5.987~1-eb8d0]:main():gmm-align-compiled.cc:127) VIVOSSPK22-159
WARNING (gmm-align-compiled[5.5.987~1-eb8d0]:AlignUtteranceWrapper():decoder-wrappers.cc:617) Retrying utterance VIVOSSPK22-159 with beam 40
LOG (gmm-align-compiled[5.5.987~1-eb8d0]:main():gmm-align-compiled.cc:127) VIVOSSPK22-160
LOG (gmm-align-compiled[5.5.987~1-eb8d0]:main():gmm-align-compiled.cc:127) VIVOSSPK22-161
WARNING (gmm-align-compiled[5.5.987~1-eb8d0]:AlignUtteranceWrapper():decoder-wrappers.cc:617) Retrying utterance VIVOSSPK22-161 with beam 40
WARNING (gmm-align-compiled[5.5.987~1-eb8d0]:AlignUtteranceWrapper():decoder-wrappers.cc:626) Did not successfully decode file VIVOSSPK22-161, len = 236
LOG (gmm-align-compiled[5.5.987~1-eb8d0]:main():gmm-align-compiled.cc:127) VIVOSSPK22-162
LOG (gmm-align-compiled[5.5.987~1-eb8d0]:main():gmm-align-compiled.cc:127) VIVOSSPK22-163
LOG (gmm-align-compiled[5.5.987~1-eb8d0]:main():gmm-align-compiled.cc:127) VIVOSSPK22-164
LOG (gmm-align-compiled[5.5.987~1-eb8d0]:main():gmm-align-compiled.cc:127) VIVOSSPK22-165
LOG (gmm-align-compiled[5.5.987~1-eb8d0]:main():gmm-align-compiled.cc:127) VIVOSSPK22-166
LOG (gmm-align-compiled[5.5.987~1-eb8d0]:main():gmm-align-compiled.cc:127) VIVOSSPK22-167
LOG (gmm-align-compiled[5.5.987~1-eb8d0]:main():gmm-align-compiled.cc:127) VIVOSSPK22-168
LOG (gmm-align-compiled[5.5.987~1-eb8d0]:main():gmm-align-compiled.cc:127) VIVOSSPK22-169
LOG (gmm-align-compiled[5.5.987~1-eb8d0]:main():gmm-align-compiled.cc:127) VIVOSSPK22-170
LOG (gmm-align-compiled[5.5.987~1-eb8d0]:main():gmm-align-compiled.cc:127) VIVOSSPK22-171
LOG (gmm-align-compiled[5.5.987~1-eb8d0]:main():gmm-align-compiled.cc:127) VIVOSSPK22-172
LOG (gmm-align-compiled[5.5.987~1-eb8d0]:main():gmm-align-compiled.cc:127) VIVOSSPK22-173
LOG (gmm-align-compiled[5.5.987~1-eb8d0]:main():gmm-align-compiled.cc:127) VIVOSSPK22-174
LOG (gmm-align-compiled[5.5.987~1-eb8d0]:main():gmm-align-compiled.cc:127) VIVOSSPK22-175
WARNING (gmm-align-compiled[5.5.987~1-eb8d0]:AlignUtteranceWrapper():decoder-wrappers.cc:617) Retrying utterance VIVOSSPK22-175 with beam 40
LOG (gmm-align-compiled[5.5.987~1-eb8d0]:main():gmm-align-compiled.cc:127) VIVOSSPK22-176
LOG (gmm-align-compiled[5.5.987~1-eb8d0]:main():gmm-align-compiled.cc:127) VIVOSSPK22-177
LOG (gmm-align-compiled[5.5.987~1-eb8d0]:main():gmm-align-compiled.cc:127) VIVOSSPK22-178
LOG (gmm-align-compiled[5.5.987~1-eb8d0]:main():gmm-align-compiled.cc:127) VIVOSSPK22-179
LOG (gmm-align-compiled[5.5.987~1-eb8d0]:main():gmm-align-compiled.cc:127) VIVOSSPK22-180
LOG (gmm-align-compiled[5.5.987~1-eb8d0]:main():gmm-align-compiled.cc:127) VIVOSSPK22-181
LOG (gmm-align-compiled[5.5.987~1-eb8d0]:main():gmm-align-compiled.cc:127) VIVOSSPK22-182
LOG (gmm-align-compiled[5.5.987~1-eb8d0]:main():gmm-align-compiled.cc:127) VIVOSSPK22-183
LOG (gmm-align-compiled[5.5.987~1-eb8d0]:main():gmm-align-compiled.cc:127) VIVOSSPK22-184
LOG (gmm-align-compiled[5.5.987~1-eb8d0]:main():gmm-align-compiled.cc:127) VIVOSSPK22-185
LOG (gmm-align-compiled[5.5.987~1-eb8d0]:main():gmm-align-compiled.cc:127) VIVOSSPK22-186
LOG (gmm-align-compiled[5.5.987~1-eb8d0]:main():gmm-align-compiled.cc:127) VIVOSSPK22-187
LOG (gmm-align-compiled[5.5.987~1-eb8d0]:main():gmm-align-compiled.cc:127) VIVOSSPK22-188
LOG (gmm-align-compiled[5.5.987~1-eb8d0]:main():gmm-align-compiled.cc:127) VIVOSSPK22-189
LOG (gmm-align-compiled[5.5.987~1-eb8d0]:main():gmm-align-compiled.cc:127) VIVOSSPK22-190
LOG (gmm-align-compiled[5.5.987~1-eb8d0]:main():gmm-align-compiled.cc:127) VIVOSSPK22-191
LOG (gmm-align-compiled[5.5.987~1-eb8d0]:main():gmm-align-compiled.cc:127) VIVOSSPK22-192
LOG (gmm-align-compiled[5.5.987~1-eb8d0]:main():gmm-align-compiled.cc:127) VIVOSSPK22-193
LOG (gmm-align-compiled[5.5.987~1-eb8d0]:main():gmm-align-compiled.cc:127) VIVOSSPK22-194
LOG (gmm-align-compiled[5.5.987~1-eb8d0]:main():gmm-align-compiled.cc:127) VIVOSSPK22-195
LOG (gmm-align-compiled[5.5.987~1-eb8d0]:main():gmm-align-compiled.cc:127) VIVOSSPK22-196
LOG (gmm-align-compiled[5.5.987~1-eb8d0]:main():gmm-align-compiled.cc:127) VIVOSSPK22-197
LOG (gmm-align-compiled[5.5.987~1-eb8d0]:main():gmm-align-compiled.cc:127) VIVOSSPK22-198
LOG (gmm-align-compiled[5.5.987~1-eb8d0]:main():gmm-align-compiled.cc:127) VIVOSSPK22-199
LOG (gmm-align-compiled[5.5.987~1-eb8d0]:main():gmm-align-compiled.cc:127) VIVOSSPK22-200
LOG (gmm-align-compiled[5.5.987~1-eb8d0]:main():gmm-align-compiled.cc:127) VIVOSSPK22-201
LOG (gmm-align-compiled[5.5.987~1-eb8d0]:main():gmm-align-compiled.cc:127) VIVOSSPK22-202
LOG (gmm-align-compiled[5.5.987~1-eb8d0]:main():gmm-align-compiled.cc:127) VIVOSSPK22-203
LOG (gmm-align-compiled[5.5.987~1-eb8d0]:main():gmm-align-compiled.cc:127) VIVOSSPK22-204
LOG (gmm-align-compiled[5.5.987~1-eb8d0]:main():gmm-align-compiled.cc:127) VIVOSSPK22-205
LOG (gmm-align-compiled[5.5.987~1-eb8d0]:main():gmm-align-compiled.cc:127) VIVOSSPK22-206
LOG (gmm-align-compiled[5.5.987~1-eb8d0]:main():gmm-align-compiled.cc:127) VIVOSSPK22-207
LOG (gmm-align-compiled[5.5.987~1-eb8d0]:main():gmm-align-compiled.cc:127) VIVOSSPK22-208
LOG (gmm-align-compiled[5.5.987~1-eb8d0]:main():gmm-align-compiled.cc:127) VIVOSSPK22-209
LOG (gmm-align-compiled[5.5.987~1-eb8d0]:main():gmm-align-compiled.cc:127) VIVOSSPK22-210
LOG (gmm-align-compiled[5.5.987~1-eb8d0]:main():gmm-align-compiled.cc:127) VIVOSSPK22-211
LOG (gmm-align-compiled[5.5.987~1-eb8d0]:main():gmm-align-compiled.cc:127) VIVOSSPK22-212
LOG (gmm-align-compiled[5.5.987~1-eb8d0]:main():gmm-align-compiled.cc:127) VIVOSSPK22-213
LOG (gmm-align-compiled[5.5.987~1-eb8d0]:main():gmm-align-compiled.cc:127) VIVOSSPK22-214
LOG (gmm-align-compiled[5.5.987~1-eb8d0]:main():gmm-align-compiled.cc:127) VIVOSSPK22-215
LOG (gmm-align-compiled[5.5.987~1-eb8d0]:main():gmm-align-compiled.cc:127) VIVOSSPK22-216
LOG (gmm-align-compiled[5.5.987~1-eb8d0]:main():gmm-align-compiled.cc:127) VIVOSSPK22-217
LOG (gmm-align-compiled[5.5.987~1-eb8d0]:main():gmm-align-compiled.cc:127) VIVOSSPK22-218
LOG (gmm-align-compiled[5.5.987~1-eb8d0]:main():gmm-align-compiled.cc:127) VIVOSSPK22-219
LOG (gmm-align-compiled[5.5.987~1-eb8d0]:main():gmm-align-compiled.cc:127) VIVOSSPK22-220
LOG (gmm-align-compiled[5.5.987~1-eb8d0]:main():gmm-align-compiled.cc:127) VIVOSSPK22-221
LOG (gmm-align-compiled[5.5.987~1-eb8d0]:main():gmm-align-compiled.cc:127) VIVOSSPK22-222
LOG (gmm-align-compiled[5.5.987~1-eb8d0]:main():gmm-align-compiled.cc:127) VIVOSSPK22-223
LOG (gmm-align-compiled[5.5.987~1-eb8d0]:main():gmm-align-compiled.cc:127) VIVOSSPK22-224
LOG (gmm-align-compiled[5.5.987~1-eb8d0]:main():gmm-align-compiled.cc:127) VIVOSSPK22-225
LOG (gmm-align-compiled[5.5.987~1-eb8d0]:main():gmm-align-compiled.cc:127) VIVOSSPK22-226
LOG (gmm-align-compiled[5.5.987~1-eb8d0]:main():gmm-align-compiled.cc:127) VIVOSSPK22-227
LOG (gmm-align-compiled[5.5.987~1-eb8d0]:main():gmm-align-compiled.cc:127) VIVOSSPK22-228
LOG (gmm-align-compiled[5.5.987~1-eb8d0]:main():gmm-align-compiled.cc:127) VIVOSSPK22-229
LOG (gmm-align-compiled[5.5.987~1-eb8d0]:main():gmm-align-compiled.cc:127) VIVOSSPK22-230
LOG (gmm-align-compiled[5.5.987~1-eb8d0]:main():gmm-align-compiled.cc:127) VIVOSSPK22-231
LOG (gmm-align-compiled[5.5.987~1-eb8d0]:main():gmm-align-compiled.cc:127) VIVOSSPK22-232
LOG (gmm-align-compiled[5.5.987~1-eb8d0]:main():gmm-align-compiled.cc:127) VIVOSSPK22-233
LOG (gmm-align-compiled[5.5.987~1-eb8d0]:main():gmm-align-compiled.cc:127) VIVOSSPK22-234
LOG (gmm-align-compiled[5.5.987~1-eb8d0]:main():gmm-align-compiled.cc:127) VIVOSSPK22-235
LOG (gmm-align-compiled[5.5.987~1-eb8d0]:main():gmm-align-compiled.cc:127) VIVOSSPK22-236
LOG (gmm-align-compiled[5.5.987~1-eb8d0]:main():gmm-align-compiled.cc:127) VIVOSSPK22-237
LOG (gmm-align-compiled[5.5.987~1-eb8d0]:main():gmm-align-compiled.cc:127) VIVOSSPK22-238
LOG (gmm-align-compiled[5.5.987~1-eb8d0]:main():gmm-align-compiled.cc:127) VIVOSSPK22-239
LOG (gmm-align-compiled[5.5.987~1-eb8d0]:main():gmm-align-compiled.cc:127) VIVOSSPK22-240
LOG (gmm-align-compiled[5.5.987~1-eb8d0]:main():gmm-align-compiled.cc:127) VIVOSSPK22-241
LOG (gmm-align-compiled[5.5.987~1-eb8d0]:main():gmm-align-compiled.cc:127) VIVOSSPK22-242
LOG (gmm-align-compiled[5.5.987~1-eb8d0]:main():gmm-align-compiled.cc:127) VIVOSSPK22-243
LOG (gmm-align-compiled[5.5.987~1-eb8d0]:main():gmm-align-compiled.cc:127) VIVOSSPK22-244
LOG (gmm-align-compiled[5.5.987~1-eb8d0]:main():gmm-align-compiled.cc:127) VIVOSSPK22-245
LOG (gmm-align-compiled[5.5.987~1-eb8d0]:main():gmm-align-compiled.cc:127) VIVOSSPK22-246
LOG (gmm-align-compiled[5.5.987~1-eb8d0]:main():gmm-align-compiled.cc:127) VIVOSSPK22-247
LOG (gmm-align-compiled[5.5.987~1-eb8d0]:main():gmm-align-compiled.cc:127) VIVOSSPK22-248
LOG (gmm-align-compiled[5.5.987~1-eb8d0]:main():gmm-align-compiled.cc:127) VIVOSSPK22-249
LOG (gmm-align-compiled[5.5.987~1-eb8d0]:main():gmm-align-compiled.cc:127) VIVOSSPK22-250
LOG (gmm-align-compiled[5.5.987~1-eb8d0]:main():gmm-align-compiled.cc:127) VIVOSSPK22-251
LOG (gmm-align-compiled[5.5.987~1-eb8d0]:main():gmm-align-compiled.cc:127) VIVOSSPK22-252
LOG (gmm-align-compiled[5.5.987~1-eb8d0]:main():gmm-align-compiled.cc:127) VIVOSSPK22-253
LOG (gmm-align-compiled[5.5.987~1-eb8d0]:main():gmm-align-compiled.cc:127) VIVOSSPK22-254
LOG (gmm-align-compiled[5.5.987~1-eb8d0]:main():gmm-align-compiled.cc:127) VIVOSSPK22-255
LOG (gmm-align-compiled[5.5.987~1-eb8d0]:main():gmm-align-compiled.cc:127) VIVOSSPK22-256
LOG (gmm-align-compiled[5.5.987~1-eb8d0]:main():gmm-align-compiled.cc:127) VIVOSSPK22-257
LOG (gmm-align-compiled[5.5.987~1-eb8d0]:main():gmm-align-compiled.cc:127) VIVOSSPK22-258
LOG (gmm-align-compiled[5.5.987~1-eb8d0]:main():gmm-align-compiled.cc:127) VIVOSSPK22-259
LOG (gmm-align-compiled[5.5.987~1-eb8d0]:main():gmm-align-compiled.cc:127) VIVOSSPK22-260
LOG (gmm-align-compiled[5.5.987~1-eb8d0]:main():gmm-align-compiled.cc:127) VIVOSSPK22-261
LOG (gmm-align-compiled[5.5.987~1-eb8d0]:main():gmm-align-compiled.cc:127) VIVOSSPK22-262
LOG (gmm-align-compiled[5.5.987~1-eb8d0]:main():gmm-align-compiled.cc:127) VIVOSSPK22-263
LOG (gmm-align-compiled[5.5.987~1-eb8d0]:main():gmm-align-compiled.cc:127) VIVOSSPK22-264
LOG (gmm-align-compiled[5.5.987~1-eb8d0]:main():gmm-align-compiled.cc:127) VIVOSSPK22-265
LOG (gmm-align-compiled[5.5.987~1-eb8d0]:main():gmm-align-compiled.cc:127) VIVOSSPK22-266
LOG (gmm-align-compiled[5.5.987~1-eb8d0]:main():gmm-align-compiled.cc:127) VIVOSSPK22-267
LOG (gmm-align-compiled[5.5.987~1-eb8d0]:main():gmm-align-compiled.cc:127) VIVOSSPK22-268
LOG (gmm-align-compiled[5.5.987~1-eb8d0]:main():gmm-align-compiled.cc:127) VIVOSSPK22-269
LOG (gmm-align-compiled[5.5.987~1-eb8d0]:main():gmm-align-compiled.cc:127) VIVOSSPK22-270
LOG (gmm-align-compiled[5.5.987~1-eb8d0]:main():gmm-align-compiled.cc:127) VIVOSSPK22-271
LOG (gmm-align-compiled[5.5.987~1-eb8d0]:main():gmm-align-compiled.cc:127) VIVOSSPK22-272
LOG (gmm-align-compiled[5.5.987~1-eb8d0]:main():gmm-align-compiled.cc:127) VIVOSSPK22-273
LOG (gmm-align-compiled[5.5.987~1-eb8d0]:main():gmm-align-compiled.cc:127) VIVOSSPK22-274
LOG (gmm-align-compiled[5.5.987~1-eb8d0]:main():gmm-align-compiled.cc:127) VIVOSSPK22-275
LOG (gmm-align-compiled[5.5.987~1-eb8d0]:main():gmm-align-compiled.cc:127) VIVOSSPK22-276
LOG (gmm-align-compiled[5.5.987~1-eb8d0]:main():gmm-align-compiled.cc:127) VIVOSSPK22-277
LOG (gmm-align-compiled[5.5.987~1-eb8d0]:main():gmm-align-compiled.cc:127) VIVOSSPK22-278
LOG (gmm-align-compiled[5.5.987~1-eb8d0]:main():gmm-align-compiled.cc:127) VIVOSSPK22-279
LOG (gmm-align-compiled[5.5.987~1-eb8d0]:main():gmm-align-compiled.cc:127) VIVOSSPK22-280
LOG (gmm-align-compiled[5.5.987~1-eb8d0]:main():gmm-align-compiled.cc:127) VIVOSSPK22-281
LOG (gmm-align-compiled[5.5.987~1-eb8d0]:main():gmm-align-compiled.cc:127) VIVOSSPK22-282
LOG (gmm-align-compiled[5.5.987~1-eb8d0]:main():gmm-align-compiled.cc:127) VIVOSSPK22-283
LOG (gmm-align-compiled[5.5.987~1-eb8d0]:main():gmm-align-compiled.cc:127) VIVOSSPK22-284
LOG (gmm-align-compiled[5.5.987~1-eb8d0]:main():gmm-align-compiled.cc:127) VIVOSSPK22-285
LOG (gmm-align-compiled[5.5.987~1-eb8d0]:main():gmm-align-compiled.cc:127) VIVOSSPK22-286
LOG (gmm-align-compiled[5.5.987~1-eb8d0]:main():gmm-align-compiled.cc:127) VIVOSSPK22-287
LOG (gmm-align-compiled[5.5.987~1-eb8d0]:main():gmm-align-compiled.cc:127) VIVOSSPK22-288
LOG (gmm-align-compiled[5.5.987~1-eb8d0]:main():gmm-align-compiled.cc:127) VIVOSSPK22-289
LOG (gmm-align-compiled[5.5.987~1-eb8d0]:main():gmm-align-compiled.cc:127) VIVOSSPK22-290
LOG (gmm-align-compiled[5.5.987~1-eb8d0]:main():gmm-align-compiled.cc:127) VIVOSSPK22-291
LOG (gmm-align-compiled[5.5.987~1-eb8d0]:main():gmm-align-compiled.cc:127) VIVOSSPK22-292
LOG (gmm-align-compiled[5.5.987~1-eb8d0]:main():gmm-align-compiled.cc:127) VIVOSSPK22-293
LOG (gmm-align-compiled[5.5.987~1-eb8d0]:main():gmm-align-compiled.cc:127) VIVOSSPK22-294
LOG (apply-cmvn[5.5.987~1-eb8d0]:main():apply-cmvn.cc:162) Applied cepstral mean normalization to 600 utterances, errors on 0
LOG (gmm-align-compiled[5.5.987~1-eb8d0]:main():gmm-align-compiled.cc:127) VIVOSSPK22-295
LOG (gmm-align-compiled[5.5.987~1-eb8d0]:main():gmm-align-compiled.cc:127) VIVOSSPK22-296
LOG (gmm-align-compiled[5.5.987~1-eb8d0]:main():gmm-align-compiled.cc:127) VIVOSSPK22-297
LOG (gmm-align-compiled[5.5.987~1-eb8d0]:main():gmm-align-compiled.cc:127) VIVOSSPK22-298
LOG (gmm-align-compiled[5.5.987~1-eb8d0]:main():gmm-align-compiled.cc:127) VIVOSSPK22-299
LOG (gmm-align-compiled[5.5.987~1-eb8d0]:main():gmm-align-compiled.cc:127) VIVOSSPK22-300
LOG (gmm-align-compiled[5.5.987~1-eb8d0]:main():gmm-align-compiled.cc:135) Overall log-likelihood per frame is -100.308 over 211048 frames.
LOG (gmm-align-compiled[5.5.987~1-eb8d0]:main():gmm-align-compiled.cc:137) Retried 10 out of 600 utterances.
LOG (gmm-align-compiled[5.5.987~1-eb8d0]:main():gmm-align-compiled.cc:139) Done 598, errors on 2
# Accounting: time=2 threads=1
# Ended (code 0) at Fri Oct 29 08:02:09 +07 2021, elapsed time 2 seconds
