# align-equal-compiled "ark:gunzip -c exp/mono/fsts.9.gz|" "ark,s,cs:apply-cmvn  --utt2spk=ark:data/train/split16/9/utt2spk scp:data/train/split16/9/cmvn.scp scp:data/train/split16/9/feats.scp ark:- | add-deltas  ark:- ark:- |" ark,t:- | gmm-acc-stats-ali --binary=true exp/mono/0.mdl "ark,s,cs:apply-cmvn  --utt2spk=ark:data/train/split16/9/utt2spk scp:data/train/split16/9/cmvn.scp scp:data/train/split16/9/feats.scp ark:- | add-deltas  ark:- ark:- |" ark:- exp/mono/0.9.acc 
# Started at Fri Oct 29 08:01:18 +07 2021
#
gmm-acc-stats-ali --binary=true exp/mono/0.mdl 'ark,s,cs:apply-cmvn  --utt2spk=ark:data/train/split16/9/utt2spk scp:data/train/split16/9/cmvn.scp scp:data/train/split16/9/feats.scp ark:- | add-deltas  ark:- ark:- |' ark:- exp/mono/0.9.acc 
align-equal-compiled 'ark:gunzip -c exp/mono/fsts.9.gz|' 'ark,s,cs:apply-cmvn  --utt2spk=ark:data/train/split16/9/utt2spk scp:data/train/split16/9/cmvn.scp scp:data/train/split16/9/feats.scp ark:- | add-deltas  ark:- ark:- |' ark,t:- 
apply-cmvn --utt2spk=ark:data/train/split16/9/utt2spk scp:data/train/split16/9/cmvn.scp scp:data/train/split16/9/feats.scp ark:- 
add-deltas ark:- ark:- 
add-deltas ark:- ark:- 
apply-cmvn --utt2spk=ark:data/train/split16/9/utt2spk scp:data/train/split16/9/cmvn.scp scp:data/train/split16/9/feats.scp ark:- 
WARNING (align-equal-compiled[5.5.987~1-eb8d0]:EqualAlign():fstext/fstext-utils-inl.h:919) EqualAlign: the randomly constructed paths lengths: 293,320,300,301,295,293,297,305,305,290
WARNING (align-equal-compiled[5.5.987~1-eb8d0]:EqualAlign():fstext/fstext-utils-inl.h:920) EqualAlign: utterance has too few frames 267 to align.
WARNING (align-equal-compiled[5.5.987~1-eb8d0]:main():align-equal-compiled.cc:100) AlignEqual: did not align utterence VIVOSSPK23-001
LOG (apply-cmvn[5.5.987~1-eb8d0]:main():apply-cmvn.cc:162) Applied cepstral mean normalization to 690 utterances, errors on 0
WARNING (align-equal-compiled[5.5.987~1-eb8d0]:EqualAlign():fstext/fstext-utils-inl.h:919) EqualAlign: the randomly constructed paths lengths: 472,436,465,429,447,453,449,415,453,435
WARNING (align-equal-compiled[5.5.987~1-eb8d0]:EqualAlign():fstext/fstext-utils-inl.h:920) EqualAlign: utterance has too few frames 304 to align.
WARNING (align-equal-compiled[5.5.987~1-eb8d0]:main():align-equal-compiled.cc:100) AlignEqual: did not align utterence VIVOSSPK26-300
WARNING (align-equal-compiled[5.5.987~1-eb8d0]:main():align-equal-compiled.cc:109) Computed 688 alignments; 0 lacked features, 2 had other errors.
WARNING (gmm-acc-stats-ali[5.5.987~1-eb8d0]:main():gmm-acc-stats-ali.cc:79) No alignment for utterance VIVOSSPK23-001
LOG (gmm-acc-stats-ali[5.5.987~1-eb8d0]:main():gmm-acc-stats-ali.cc:105) Processed 50 utterances; for utterance VIVOSSPK23-051 avg. like is -114.755 over 539 frames.
LOG (gmm-acc-stats-ali[5.5.987~1-eb8d0]:main():gmm-acc-stats-ali.cc:105) Processed 100 utterances; for utterance VIVOSSPK23-101 avg. like is -111.484 over 789 frames.
LOG (gmm-acc-stats-ali[5.5.987~1-eb8d0]:main():gmm-acc-stats-ali.cc:105) Processed 150 utterances; for utterance VIVOSSPK24-041 avg. like is -112.548 over 554 frames.
LOG (gmm-acc-stats-ali[5.5.987~1-eb8d0]:main():gmm-acc-stats-ali.cc:105) Processed 200 utterances; for utterance VIVOSSPK24-091 avg. like is -110.546 over 467 frames.
LOG (gmm-acc-stats-ali[5.5.987~1-eb8d0]:main():gmm-acc-stats-ali.cc:105) Processed 250 utterances; for utterance VIVOSSPK25-041 avg. like is -115.311 over 1098 frames.
LOG (gmm-acc-stats-ali[5.5.987~1-eb8d0]:main():gmm-acc-stats-ali.cc:105) Processed 300 utterances; for utterance VIVOSSPK25-091 avg. like is -114.458 over 857 frames.
LOG (gmm-acc-stats-ali[5.5.987~1-eb8d0]:main():gmm-acc-stats-ali.cc:105) Processed 350 utterances; for utterance VIVOSSPK25-141 avg. like is -115.5 over 623 frames.
LOG (gmm-acc-stats-ali[5.5.987~1-eb8d0]:main():gmm-acc-stats-ali.cc:105) Processed 400 utterances; for utterance VIVOSSPK26-011 avg. like is -114.367 over 786 frames.
LOG (gmm-acc-stats-ali[5.5.987~1-eb8d0]:main():gmm-acc-stats-ali.cc:105) Processed 450 utterances; for utterance VIVOSSPK26-061 avg. like is -112.512 over 598 frames.
LOG (gmm-acc-stats-ali[5.5.987~1-eb8d0]:main():gmm-acc-stats-ali.cc:105) Processed 500 utterances; for utterance VIVOSSPK26-111 avg. like is -111.145 over 642 frames.
LOG (gmm-acc-stats-ali[5.5.987~1-eb8d0]:main():gmm-acc-stats-ali.cc:105) Processed 550 utterances; for utterance VIVOSSPK26-161 avg. like is -110.566 over 807 frames.
LOG (gmm-acc-stats-ali[5.5.987~1-eb8d0]:main():gmm-acc-stats-ali.cc:105) Processed 600 utterances; for utterance VIVOSSPK26-211 avg. like is -110.973 over 882 frames.
LOG (gmm-acc-stats-ali[5.5.987~1-eb8d0]:main():gmm-acc-stats-ali.cc:105) Processed 650 utterances; for utterance VIVOSSPK26-261 avg. like is -109.181 over 817 frames.
LOG (apply-cmvn[5.5.987~1-eb8d0]:main():apply-cmvn.cc:162) Applied cepstral mean normalization to 690 utterances, errors on 0
WARNING (gmm-acc-stats-ali[5.5.987~1-eb8d0]:main():gmm-acc-stats-ali.cc:79) No alignment for utterance VIVOSSPK26-300
LOG (gmm-acc-stats-ali[5.5.987~1-eb8d0]:main():gmm-acc-stats-ali.cc:112) Done 688 files, 2 with errors.
LOG (gmm-acc-stats-ali[5.5.987~1-eb8d0]:main():gmm-acc-stats-ali.cc:115) Overall avg like per frame (Gaussian only) = -111.792 over 510676 frames.
LOG (gmm-acc-stats-ali[5.5.987~1-eb8d0]:main():gmm-acc-stats-ali.cc:123) Written accs.
# Accounting: time=3 threads=1
# Ended (code 0) at Fri Oct 29 08:01:21 +07 2021, elapsed time 3 seconds
