# gmm-align-compiled --transition-scale=1.0 --acoustic-scale=0.1 --self-loop-scale=0.1 --beam=10 --retry-beam=40 --careful=false "gmm-boost-silence --boost=1.0 1 exp/mono/9.mdl - |" "ark:gunzip -c exp/mono/fsts.5.gz|" "ark,s,cs:apply-cmvn  --utt2spk=ark:data/train/split16/5/utt2spk scp:data/train/split16/5/cmvn.scp scp:data/train/split16/5/feats.scp ark:- | add-deltas  ark:- ark:- |" "ark,t:|gzip -c >exp/mono/ali.5.gz" 
# Started at Fri Oct 29 08:03:23 +07 2021
#
gmm-align-compiled --transition-scale=1.0 --acoustic-scale=0.1 --self-loop-scale=0.1 --beam=10 --retry-beam=40 --careful=false 'gmm-boost-silence --boost=1.0 1 exp/mono/9.mdl - |' 'ark:gunzip -c exp/mono/fsts.5.gz|' 'ark,s,cs:apply-cmvn  --utt2spk=ark:data/train/split16/5/utt2spk scp:data/train/split16/5/cmvn.scp scp:data/train/split16/5/feats.scp ark:- | add-deltas  ark:- ark:- |' 'ark,t:|gzip -c >exp/mono/ali.5.gz' 
gmm-boost-silence --boost=1.0 1 exp/mono/9.mdl - 
WARNING (gmm-boost-silence[5.5.987~1-eb8d0]:main():gmm-boost-silence.cc:82) The pdfs for the silence phones may be shared by other phones (note: this probably does not matter.)
LOG (gmm-boost-silence[5.5.987~1-eb8d0]:main():gmm-boost-silence.cc:93) Boosted weights for 5 pdfs, by factor of 1
LOG (gmm-boost-silence[5.5.987~1-eb8d0]:main():gmm-boost-silence.cc:103) Wrote model to -
apply-cmvn --utt2spk=ark:data/train/split16/5/utt2spk scp:data/train/split16/5/cmvn.scp scp:data/train/split16/5/feats.scp ark:- 
add-deltas ark:- ark:- 
LOG (gmm-align-compiled[5.5.987~1-eb8d0]:main():gmm-align-compiled.cc:127) VIVOSSPK13-001
LOG (gmm-align-compiled[5.5.987~1-eb8d0]:main():gmm-align-compiled.cc:127) VIVOSSPK13-002
LOG (gmm-align-compiled[5.5.987~1-eb8d0]:main():gmm-align-compiled.cc:127) VIVOSSPK13-003
WARNING (gmm-align-compiled[5.5.987~1-eb8d0]:AlignUtteranceWrapper():decoder-wrappers.cc:617) Retrying utterance VIVOSSPK13-003 with beam 40
LOG (gmm-align-compiled[5.5.987~1-eb8d0]:main():gmm-align-compiled.cc:127) VIVOSSPK13-004
LOG (gmm-align-compiled[5.5.987~1-eb8d0]:main():gmm-align-compiled.cc:127) VIVOSSPK13-005
LOG (gmm-align-compiled[5.5.987~1-eb8d0]:main():gmm-align-compiled.cc:127) VIVOSSPK13-006
LOG (gmm-align-compiled[5.5.987~1-eb8d0]:main():gmm-align-compiled.cc:127) VIVOSSPK13-007
LOG (gmm-align-compiled[5.5.987~1-eb8d0]:main():gmm-align-compiled.cc:127) VIVOSSPK13-008
LOG (gmm-align-compiled[5.5.987~1-eb8d0]:main():gmm-align-compiled.cc:127) VIVOSSPK13-009
LOG (gmm-align-compiled[5.5.987~1-eb8d0]:main():gmm-align-compiled.cc:127) VIVOSSPK13-010
LOG (gmm-align-compiled[5.5.987~1-eb8d0]:main():gmm-align-compiled.cc:127) VIVOSSPK13-011
LOG (gmm-align-compiled[5.5.987~1-eb8d0]:main():gmm-align-compiled.cc:127) VIVOSSPK13-012
LOG (gmm-align-compiled[5.5.987~1-eb8d0]:main():gmm-align-compiled.cc:127) VIVOSSPK13-013
LOG (gmm-align-compiled[5.5.987~1-eb8d0]:main():gmm-align-compiled.cc:127) VIVOSSPK13-014
LOG (gmm-align-compiled[5.5.987~1-eb8d0]:main():gmm-align-compiled.cc:127) VIVOSSPK13-015
LOG (gmm-align-compiled[5.5.987~1-eb8d0]:main():gmm-align-compiled.cc:127) VIVOSSPK13-016
LOG (gmm-align-compiled[5.5.987~1-eb8d0]:main():gmm-align-compiled.cc:127) VIVOSSPK13-017
LOG (gmm-align-compiled[5.5.987~1-eb8d0]:main():gmm-align-compiled.cc:127) VIVOSSPK13-018
LOG (gmm-align-compiled[5.5.987~1-eb8d0]:main():gmm-align-compiled.cc:127) VIVOSSPK13-019
LOG (gmm-align-compiled[5.5.987~1-eb8d0]:main():gmm-align-compiled.cc:127) VIVOSSPK13-020
LOG (gmm-align-compiled[5.5.987~1-eb8d0]:main():gmm-align-compiled.cc:127) VIVOSSPK13-021
LOG (gmm-align-compiled[5.5.987~1-eb8d0]:main():gmm-align-compiled.cc:127) VIVOSSPK13-022
LOG (gmm-align-compiled[5.5.987~1-eb8d0]:main():gmm-align-compiled.cc:127) VIVOSSPK13-023
LOG (gmm-align-compiled[5.5.987~1-eb8d0]:main():gmm-align-compiled.cc:127) VIVOSSPK13-024
LOG (gmm-align-compiled[5.5.987~1-eb8d0]:main():gmm-align-compiled.cc:127) VIVOSSPK13-025
LOG (gmm-align-compiled[5.5.987~1-eb8d0]:main():gmm-align-compiled.cc:127) VIVOSSPK13-026
LOG (gmm-align-compiled[5.5.987~1-eb8d0]:main():gmm-align-compiled.cc:127) VIVOSSPK13-027
LOG (gmm-align-compiled[5.5.987~1-eb8d0]:main():gmm-align-compiled.cc:127) VIVOSSPK13-028
LOG (gmm-align-compiled[5.5.987~1-eb8d0]:main():gmm-align-compiled.cc:127) VIVOSSPK13-029
LOG (gmm-align-compiled[5.5.987~1-eb8d0]:main():gmm-align-compiled.cc:127) VIVOSSPK13-030
LOG (gmm-align-compiled[5.5.987~1-eb8d0]:main():gmm-align-compiled.cc:127) VIVOSSPK13-031
LOG (gmm-align-compiled[5.5.987~1-eb8d0]:main():gmm-align-compiled.cc:127) VIVOSSPK13-032
LOG (gmm-align-compiled[5.5.987~1-eb8d0]:main():gmm-align-compiled.cc:127) VIVOSSPK13-033
LOG (gmm-align-compiled[5.5.987~1-eb8d0]:main():gmm-align-compiled.cc:127) VIVOSSPK13-034
LOG (gmm-align-compiled[5.5.987~1-eb8d0]:main():gmm-align-compiled.cc:127) VIVOSSPK13-035
LOG (gmm-align-compiled[5.5.987~1-eb8d0]:main():gmm-align-compiled.cc:127) VIVOSSPK13-036
LOG (gmm-align-compiled[5.5.987~1-eb8d0]:main():gmm-align-compiled.cc:127) VIVOSSPK13-037
LOG (gmm-align-compiled[5.5.987~1-eb8d0]:main():gmm-align-compiled.cc:127) VIVOSSPK13-038
LOG (gmm-align-compiled[5.5.987~1-eb8d0]:main():gmm-align-compiled.cc:127) VIVOSSPK13-039
LOG (gmm-align-compiled[5.5.987~1-eb8d0]:main():gmm-align-compiled.cc:127) VIVOSSPK13-040
LOG (gmm-align-compiled[5.5.987~1-eb8d0]:main():gmm-align-compiled.cc:127) VIVOSSPK13-041
LOG (gmm-align-compiled[5.5.987~1-eb8d0]:main():gmm-align-compiled.cc:127) VIVOSSPK13-042
LOG (gmm-align-compiled[5.5.987~1-eb8d0]:main():gmm-align-compiled.cc:127) VIVOSSPK13-043
LOG (gmm-align-compiled[5.5.987~1-eb8d0]:main():gmm-align-compiled.cc:127) VIVOSSPK13-044
LOG (gmm-align-compiled[5.5.987~1-eb8d0]:main():gmm-align-compiled.cc:127) VIVOSSPK13-045
LOG (gmm-align-compiled[5.5.987~1-eb8d0]:main():gmm-align-compiled.cc:127) VIVOSSPK13-046
LOG (gmm-align-compiled[5.5.987~1-eb8d0]:main():gmm-align-compiled.cc:127) VIVOSSPK13-047
LOG (gmm-align-compiled[5.5.987~1-eb8d0]:main():gmm-align-compiled.cc:127) VIVOSSPK13-048
LOG (gmm-align-compiled[5.5.987~1-eb8d0]:main():gmm-align-compiled.cc:127) VIVOSSPK13-049
LOG (gmm-align-compiled[5.5.987~1-eb8d0]:main():gmm-align-compiled.cc:127) VIVOSSPK13-050
LOG (gmm-align-compiled[5.5.987~1-eb8d0]:main():gmm-align-compiled.cc:127) VIVOSSPK13-051
LOG (gmm-align-compiled[5.5.987~1-eb8d0]:main():gmm-align-compiled.cc:127) VIVOSSPK13-052
LOG (gmm-align-compiled[5.5.987~1-eb8d0]:main():gmm-align-compiled.cc:127) VIVOSSPK13-053
LOG (gmm-align-compiled[5.5.987~1-eb8d0]:main():gmm-align-compiled.cc:127) VIVOSSPK13-054
LOG (gmm-align-compiled[5.5.987~1-eb8d0]:main():gmm-align-compiled.cc:127) VIVOSSPK13-055
LOG (gmm-align-compiled[5.5.987~1-eb8d0]:main():gmm-align-compiled.cc:127) VIVOSSPK13-056
LOG (gmm-align-compiled[5.5.987~1-eb8d0]:main():gmm-align-compiled.cc:127) VIVOSSPK13-057
LOG (gmm-align-compiled[5.5.987~1-eb8d0]:main():gmm-align-compiled.cc:127) VIVOSSPK13-058
LOG (gmm-align-compiled[5.5.987~1-eb8d0]:main():gmm-align-compiled.cc:127) VIVOSSPK13-059
LOG (gmm-align-compiled[5.5.987~1-eb8d0]:main():gmm-align-compiled.cc:127) VIVOSSPK13-060
LOG (gmm-align-compiled[5.5.987~1-eb8d0]:main():gmm-align-compiled.cc:127) VIVOSSPK13-061
LOG (gmm-align-compiled[5.5.987~1-eb8d0]:main():gmm-align-compiled.cc:127) VIVOSSPK13-062
LOG (gmm-align-compiled[5.5.987~1-eb8d0]:main():gmm-align-compiled.cc:127) VIVOSSPK13-063
LOG (gmm-align-compiled[5.5.987~1-eb8d0]:main():gmm-align-compiled.cc:127) VIVOSSPK13-064
LOG (gmm-align-compiled[5.5.987~1-eb8d0]:main():gmm-align-compiled.cc:127) VIVOSSPK13-065
LOG (gmm-align-compiled[5.5.987~1-eb8d0]:main():gmm-align-compiled.cc:127) VIVOSSPK13-066
LOG (gmm-align-compiled[5.5.987~1-eb8d0]:main():gmm-align-compiled.cc:127) VIVOSSPK13-067
LOG (gmm-align-compiled[5.5.987~1-eb8d0]:main():gmm-align-compiled.cc:127) VIVOSSPK13-068
LOG (gmm-align-compiled[5.5.987~1-eb8d0]:main():gmm-align-compiled.cc:127) VIVOSSPK13-069
LOG (gmm-align-compiled[5.5.987~1-eb8d0]:main():gmm-align-compiled.cc:127) VIVOSSPK13-070
LOG (gmm-align-compiled[5.5.987~1-eb8d0]:main():gmm-align-compiled.cc:127) VIVOSSPK13-071
LOG (gmm-align-compiled[5.5.987~1-eb8d0]:main():gmm-align-compiled.cc:127) VIVOSSPK13-072
LOG (gmm-align-compiled[5.5.987~1-eb8d0]:main():gmm-align-compiled.cc:127) VIVOSSPK13-073
LOG (gmm-align-compiled[5.5.987~1-eb8d0]:main():gmm-align-compiled.cc:127) VIVOSSPK13-074
LOG (gmm-align-compiled[5.5.987~1-eb8d0]:main():gmm-align-compiled.cc:127) VIVOSSPK13-075
LOG (gmm-align-compiled[5.5.987~1-eb8d0]:main():gmm-align-compiled.cc:127) VIVOSSPK13-076
LOG (gmm-align-compiled[5.5.987~1-eb8d0]:main():gmm-align-compiled.cc:127) VIVOSSPK13-077
LOG (gmm-align-compiled[5.5.987~1-eb8d0]:main():gmm-align-compiled.cc:127) VIVOSSPK13-078
LOG (gmm-align-compiled[5.5.987~1-eb8d0]:main():gmm-align-compiled.cc:127) VIVOSSPK13-079
LOG (gmm-align-compiled[5.5.987~1-eb8d0]:main():gmm-align-compiled.cc:127) VIVOSSPK13-080
LOG (gmm-align-compiled[5.5.987~1-eb8d0]:main():gmm-align-compiled.cc:127) VIVOSSPK13-081
LOG (gmm-align-compiled[5.5.987~1-eb8d0]:main():gmm-align-compiled.cc:127) VIVOSSPK13-082
LOG (gmm-align-compiled[5.5.987~1-eb8d0]:main():gmm-align-compiled.cc:127) VIVOSSPK13-083
LOG (gmm-align-compiled[5.5.987~1-eb8d0]:main():gmm-align-compiled.cc:127) VIVOSSPK13-084
LOG (gmm-align-compiled[5.5.987~1-eb8d0]:main():gmm-align-compiled.cc:127) VIVOSSPK13-085
LOG (gmm-align-compiled[5.5.987~1-eb8d0]:main():gmm-align-compiled.cc:127) VIVOSSPK13-086
LOG (gmm-align-compiled[5.5.987~1-eb8d0]:main():gmm-align-compiled.cc:127) VIVOSSPK13-087
LOG (gmm-align-compiled[5.5.987~1-eb8d0]:main():gmm-align-compiled.cc:127) VIVOSSPK13-088
LOG (gmm-align-compiled[5.5.987~1-eb8d0]:main():gmm-align-compiled.cc:127) VIVOSSPK13-089
LOG (gmm-align-compiled[5.5.987~1-eb8d0]:main():gmm-align-compiled.cc:127) VIVOSSPK13-090
LOG (gmm-align-compiled[5.5.987~1-eb8d0]:main():gmm-align-compiled.cc:127) VIVOSSPK13-091
LOG (gmm-align-compiled[5.5.987~1-eb8d0]:main():gmm-align-compiled.cc:127) VIVOSSPK13-092
LOG (gmm-align-compiled[5.5.987~1-eb8d0]:main():gmm-align-compiled.cc:127) VIVOSSPK13-093
LOG (gmm-align-compiled[5.5.987~1-eb8d0]:main():gmm-align-compiled.cc:127) VIVOSSPK13-094
LOG (gmm-align-compiled[5.5.987~1-eb8d0]:main():gmm-align-compiled.cc:127) VIVOSSPK13-095
LOG (gmm-align-compiled[5.5.987~1-eb8d0]:main():gmm-align-compiled.cc:127) VIVOSSPK13-096
LOG (gmm-align-compiled[5.5.987~1-eb8d0]:main():gmm-align-compiled.cc:127) VIVOSSPK13-097
LOG (gmm-align-compiled[5.5.987~1-eb8d0]:main():gmm-align-compiled.cc:127) VIVOSSPK13-098
LOG (gmm-align-compiled[5.5.987~1-eb8d0]:main():gmm-align-compiled.cc:127) VIVOSSPK13-099
LOG (gmm-align-compiled[5.5.987~1-eb8d0]:main():gmm-align-compiled.cc:127) VIVOSSPK13-100
LOG (gmm-align-compiled[5.5.987~1-eb8d0]:main():gmm-align-compiled.cc:127) VIVOSSPK13-101
LOG (gmm-align-compiled[5.5.987~1-eb8d0]:main():gmm-align-compiled.cc:127) VIVOSSPK13-102
LOG (gmm-align-compiled[5.5.987~1-eb8d0]:main():gmm-align-compiled.cc:127) VIVOSSPK13-103
LOG (gmm-align-compiled[5.5.987~1-eb8d0]:main():gmm-align-compiled.cc:127) VIVOSSPK13-104
LOG (gmm-align-compiled[5.5.987~1-eb8d0]:main():gmm-align-compiled.cc:127) VIVOSSPK13-105
LOG (gmm-align-compiled[5.5.987~1-eb8d0]:main():gmm-align-compiled.cc:127) VIVOSSPK13-106
LOG (gmm-align-compiled[5.5.987~1-eb8d0]:main():gmm-align-compiled.cc:127) VIVOSSPK13-107
LOG (gmm-align-compiled[5.5.987~1-eb8d0]:main():gmm-align-compiled.cc:127) VIVOSSPK13-108
LOG (gmm-align-compiled[5.5.987~1-eb8d0]:main():gmm-align-compiled.cc:127) VIVOSSPK13-109
LOG (gmm-align-compiled[5.5.987~1-eb8d0]:main():gmm-align-compiled.cc:127) VIVOSSPK13-110
LOG (gmm-align-compiled[5.5.987~1-eb8d0]:main():gmm-align-compiled.cc:127) VIVOSSPK13-111
LOG (gmm-align-compiled[5.5.987~1-eb8d0]:main():gmm-align-compiled.cc:127) VIVOSSPK13-112
LOG (gmm-align-compiled[5.5.987~1-eb8d0]:main():gmm-align-compiled.cc:127) VIVOSSPK13-113
LOG (gmm-align-compiled[5.5.987~1-eb8d0]:main():gmm-align-compiled.cc:127) VIVOSSPK13-114
LOG (gmm-align-compiled[5.5.987~1-eb8d0]:main():gmm-align-compiled.cc:127) VIVOSSPK13-115
LOG (gmm-align-compiled[5.5.987~1-eb8d0]:main():gmm-align-compiled.cc:127) VIVOSSPK13-116
LOG (gmm-align-compiled[5.5.987~1-eb8d0]:main():gmm-align-compiled.cc:127) VIVOSSPK13-117
LOG (gmm-align-compiled[5.5.987~1-eb8d0]:main():gmm-align-compiled.cc:127) VIVOSSPK13-118
LOG (gmm-align-compiled[5.5.987~1-eb8d0]:main():gmm-align-compiled.cc:127) VIVOSSPK13-119
LOG (gmm-align-compiled[5.5.987~1-eb8d0]:main():gmm-align-compiled.cc:127) VIVOSSPK13-120
LOG (gmm-align-compiled[5.5.987~1-eb8d0]:main():gmm-align-compiled.cc:127) VIVOSSPK13-121
LOG (gmm-align-compiled[5.5.987~1-eb8d0]:main():gmm-align-compiled.cc:127) VIVOSSPK13-122
LOG (gmm-align-compiled[5.5.987~1-eb8d0]:main():gmm-align-compiled.cc:127) VIVOSSPK13-123
LOG (gmm-align-compiled[5.5.987~1-eb8d0]:main():gmm-align-compiled.cc:127) VIVOSSPK13-124
LOG (gmm-align-compiled[5.5.987~1-eb8d0]:main():gmm-align-compiled.cc:127) VIVOSSPK13-125
LOG (gmm-align-compiled[5.5.987~1-eb8d0]:main():gmm-align-compiled.cc:127) VIVOSSPK13-126
LOG (gmm-align-compiled[5.5.987~1-eb8d0]:main():gmm-align-compiled.cc:127) VIVOSSPK13-127
WARNING (gmm-align-compiled[5.5.987~1-eb8d0]:AlignUtteranceWrapper():decoder-wrappers.cc:617) Retrying utterance VIVOSSPK13-127 with beam 40
LOG (gmm-align-compiled[5.5.987~1-eb8d0]:main():gmm-align-compiled.cc:127) VIVOSSPK13-128
LOG (gmm-align-compiled[5.5.987~1-eb8d0]:main():gmm-align-compiled.cc:127) VIVOSSPK13-129
LOG (gmm-align-compiled[5.5.987~1-eb8d0]:main():gmm-align-compiled.cc:127) VIVOSSPK13-130
LOG (gmm-align-compiled[5.5.987~1-eb8d0]:main():gmm-align-compiled.cc:127) VIVOSSPK13-131
LOG (gmm-align-compiled[5.5.987~1-eb8d0]:main():gmm-align-compiled.cc:127) VIVOSSPK13-132
LOG (gmm-align-compiled[5.5.987~1-eb8d0]:main():gmm-align-compiled.cc:127) VIVOSSPK13-133
LOG (gmm-align-compiled[5.5.987~1-eb8d0]:main():gmm-align-compiled.cc:127) VIVOSSPK13-134
LOG (gmm-align-compiled[5.5.987~1-eb8d0]:main():gmm-align-compiled.cc:127) VIVOSSPK13-135
LOG (gmm-align-compiled[5.5.987~1-eb8d0]:main():gmm-align-compiled.cc:127) VIVOSSPK13-136
LOG (gmm-align-compiled[5.5.987~1-eb8d0]:main():gmm-align-compiled.cc:127) VIVOSSPK13-137
LOG (gmm-align-compiled[5.5.987~1-eb8d0]:main():gmm-align-compiled.cc:127) VIVOSSPK13-138
LOG (gmm-align-compiled[5.5.987~1-eb8d0]:main():gmm-align-compiled.cc:127) VIVOSSPK13-139
LOG (gmm-align-compiled[5.5.987~1-eb8d0]:main():gmm-align-compiled.cc:127) VIVOSSPK13-140
LOG (gmm-align-compiled[5.5.987~1-eb8d0]:main():gmm-align-compiled.cc:127) VIVOSSPK13-141
LOG (gmm-align-compiled[5.5.987~1-eb8d0]:main():gmm-align-compiled.cc:127) VIVOSSPK13-142
LOG (gmm-align-compiled[5.5.987~1-eb8d0]:main():gmm-align-compiled.cc:127) VIVOSSPK13-143
LOG (gmm-align-compiled[5.5.987~1-eb8d0]:main():gmm-align-compiled.cc:127) VIVOSSPK13-144
LOG (gmm-align-compiled[5.5.987~1-eb8d0]:main():gmm-align-compiled.cc:127) VIVOSSPK13-145
LOG (gmm-align-compiled[5.5.987~1-eb8d0]:main():gmm-align-compiled.cc:127) VIVOSSPK13-146
LOG (gmm-align-compiled[5.5.987~1-eb8d0]:main():gmm-align-compiled.cc:127) VIVOSSPK13-147
LOG (gmm-align-compiled[5.5.987~1-eb8d0]:main():gmm-align-compiled.cc:127) VIVOSSPK13-148
LOG (gmm-align-compiled[5.5.987~1-eb8d0]:main():gmm-align-compiled.cc:127) VIVOSSPK13-149
LOG (gmm-align-compiled[5.5.987~1-eb8d0]:main():gmm-align-compiled.cc:127) VIVOSSPK13-150
LOG (gmm-align-compiled[5.5.987~1-eb8d0]:main():gmm-align-compiled.cc:127) VIVOSSPK13-151
LOG (gmm-align-compiled[5.5.987~1-eb8d0]:main():gmm-align-compiled.cc:127) VIVOSSPK13-152
LOG (gmm-align-compiled[5.5.987~1-eb8d0]:main():gmm-align-compiled.cc:127) VIVOSSPK13-153
LOG (gmm-align-compiled[5.5.987~1-eb8d0]:main():gmm-align-compiled.cc:127) VIVOSSPK13-154
LOG (gmm-align-compiled[5.5.987~1-eb8d0]:main():gmm-align-compiled.cc:127) VIVOSSPK13-155
LOG (gmm-align-compiled[5.5.987~1-eb8d0]:main():gmm-align-compiled.cc:127) VIVOSSPK13-156
LOG (gmm-align-compiled[5.5.987~1-eb8d0]:main():gmm-align-compiled.cc:127) VIVOSSPK13-157
LOG (gmm-align-compiled[5.5.987~1-eb8d0]:main():gmm-align-compiled.cc:127) VIVOSSPK13-158
LOG (gmm-align-compiled[5.5.987~1-eb8d0]:main():gmm-align-compiled.cc:127) VIVOSSPK13-159
LOG (gmm-align-compiled[5.5.987~1-eb8d0]:main():gmm-align-compiled.cc:127) VIVOSSPK13-160
LOG (gmm-align-compiled[5.5.987~1-eb8d0]:main():gmm-align-compiled.cc:127) VIVOSSPK13-161
LOG (gmm-align-compiled[5.5.987~1-eb8d0]:main():gmm-align-compiled.cc:127) VIVOSSPK13-162
LOG (gmm-align-compiled[5.5.987~1-eb8d0]:main():gmm-align-compiled.cc:127) VIVOSSPK13-163
LOG (gmm-align-compiled[5.5.987~1-eb8d0]:main():gmm-align-compiled.cc:127) VIVOSSPK13-164
LOG (gmm-align-compiled[5.5.987~1-eb8d0]:main():gmm-align-compiled.cc:127) VIVOSSPK13-165
LOG (gmm-align-compiled[5.5.987~1-eb8d0]:main():gmm-align-compiled.cc:127) VIVOSSPK13-166
LOG (gmm-align-compiled[5.5.987~1-eb8d0]:main():gmm-align-compiled.cc:127) VIVOSSPK13-167
LOG (gmm-align-compiled[5.5.987~1-eb8d0]:main():gmm-align-compiled.cc:127) VIVOSSPK13-168
LOG (gmm-align-compiled[5.5.987~1-eb8d0]:main():gmm-align-compiled.cc:127) VIVOSSPK13-169
LOG (gmm-align-compiled[5.5.987~1-eb8d0]:main():gmm-align-compiled.cc:127) VIVOSSPK13-170
LOG (gmm-align-compiled[5.5.987~1-eb8d0]:main():gmm-align-compiled.cc:127) VIVOSSPK13-171
LOG (gmm-align-compiled[5.5.987~1-eb8d0]:main():gmm-align-compiled.cc:127) VIVOSSPK13-172
LOG (gmm-align-compiled[5.5.987~1-eb8d0]:main():gmm-align-compiled.cc:127) VIVOSSPK13-173
LOG (gmm-align-compiled[5.5.987~1-eb8d0]:main():gmm-align-compiled.cc:127) VIVOSSPK13-174
LOG (gmm-align-compiled[5.5.987~1-eb8d0]:main():gmm-align-compiled.cc:127) VIVOSSPK13-175
LOG (gmm-align-compiled[5.5.987~1-eb8d0]:main():gmm-align-compiled.cc:127) VIVOSSPK13-176
LOG (gmm-align-compiled[5.5.987~1-eb8d0]:main():gmm-align-compiled.cc:127) VIVOSSPK13-177
LOG (gmm-align-compiled[5.5.987~1-eb8d0]:main():gmm-align-compiled.cc:127) VIVOSSPK13-178
LOG (gmm-align-compiled[5.5.987~1-eb8d0]:main():gmm-align-compiled.cc:127) VIVOSSPK13-179
LOG (gmm-align-compiled[5.5.987~1-eb8d0]:main():gmm-align-compiled.cc:127) VIVOSSPK13-180
LOG (gmm-align-compiled[5.5.987~1-eb8d0]:main():gmm-align-compiled.cc:127) VIVOSSPK13-181
LOG (gmm-align-compiled[5.5.987~1-eb8d0]:main():gmm-align-compiled.cc:127) VIVOSSPK13-182
LOG (gmm-align-compiled[5.5.987~1-eb8d0]:main():gmm-align-compiled.cc:127) VIVOSSPK13-183
LOG (gmm-align-compiled[5.5.987~1-eb8d0]:main():gmm-align-compiled.cc:127) VIVOSSPK13-184
LOG (gmm-align-compiled[5.5.987~1-eb8d0]:main():gmm-align-compiled.cc:127) VIVOSSPK13-185
LOG (gmm-align-compiled[5.5.987~1-eb8d0]:main():gmm-align-compiled.cc:127) VIVOSSPK13-186
LOG (gmm-align-compiled[5.5.987~1-eb8d0]:main():gmm-align-compiled.cc:127) VIVOSSPK13-187
LOG (gmm-align-compiled[5.5.987~1-eb8d0]:main():gmm-align-compiled.cc:127) VIVOSSPK13-188
WARNING (gmm-align-compiled[5.5.987~1-eb8d0]:AlignUtteranceWrapper():decoder-wrappers.cc:617) Retrying utterance VIVOSSPK13-188 with beam 40
LOG (gmm-align-compiled[5.5.987~1-eb8d0]:main():gmm-align-compiled.cc:127) VIVOSSPK13-189
LOG (gmm-align-compiled[5.5.987~1-eb8d0]:main():gmm-align-compiled.cc:127) VIVOSSPK13-190
LOG (gmm-align-compiled[5.5.987~1-eb8d0]:main():gmm-align-compiled.cc:127) VIVOSSPK13-191
LOG (gmm-align-compiled[5.5.987~1-eb8d0]:main():gmm-align-compiled.cc:127) VIVOSSPK13-192
LOG (gmm-align-compiled[5.5.987~1-eb8d0]:main():gmm-align-compiled.cc:127) VIVOSSPK13-193
LOG (gmm-align-compiled[5.5.987~1-eb8d0]:main():gmm-align-compiled.cc:127) VIVOSSPK13-194
LOG (gmm-align-compiled[5.5.987~1-eb8d0]:main():gmm-align-compiled.cc:127) VIVOSSPK13-195
LOG (gmm-align-compiled[5.5.987~1-eb8d0]:main():gmm-align-compiled.cc:127) VIVOSSPK13-196
LOG (gmm-align-compiled[5.5.987~1-eb8d0]:main():gmm-align-compiled.cc:127) VIVOSSPK13-197
LOG (gmm-align-compiled[5.5.987~1-eb8d0]:main():gmm-align-compiled.cc:127) VIVOSSPK13-198
LOG (gmm-align-compiled[5.5.987~1-eb8d0]:main():gmm-align-compiled.cc:127) VIVOSSPK13-199
LOG (gmm-align-compiled[5.5.987~1-eb8d0]:main():gmm-align-compiled.cc:127) VIVOSSPK13-200
LOG (gmm-align-compiled[5.5.987~1-eb8d0]:main():gmm-align-compiled.cc:127) VIVOSSPK13-201
LOG (gmm-align-compiled[5.5.987~1-eb8d0]:main():gmm-align-compiled.cc:127) VIVOSSPK13-202
LOG (gmm-align-compiled[5.5.987~1-eb8d0]:main():gmm-align-compiled.cc:127) VIVOSSPK13-203
LOG (gmm-align-compiled[5.5.987~1-eb8d0]:main():gmm-align-compiled.cc:127) VIVOSSPK13-204
LOG (gmm-align-compiled[5.5.987~1-eb8d0]:main():gmm-align-compiled.cc:127) VIVOSSPK13-205
LOG (gmm-align-compiled[5.5.987~1-eb8d0]:main():gmm-align-compiled.cc:127) VIVOSSPK13-206
LOG (gmm-align-compiled[5.5.987~1-eb8d0]:main():gmm-align-compiled.cc:127) VIVOSSPK13-207
LOG (gmm-align-compiled[5.5.987~1-eb8d0]:main():gmm-align-compiled.cc:127) VIVOSSPK13-208
LOG (gmm-align-compiled[5.5.987~1-eb8d0]:main():gmm-align-compiled.cc:127) VIVOSSPK13-209
LOG (gmm-align-compiled[5.5.987~1-eb8d0]:main():gmm-align-compiled.cc:127) VIVOSSPK13-210
LOG (gmm-align-compiled[5.5.987~1-eb8d0]:main():gmm-align-compiled.cc:127) VIVOSSPK13-211
LOG (gmm-align-compiled[5.5.987~1-eb8d0]:main():gmm-align-compiled.cc:127) VIVOSSPK13-212
LOG (gmm-align-compiled[5.5.987~1-eb8d0]:main():gmm-align-compiled.cc:127) VIVOSSPK13-213
LOG (gmm-align-compiled[5.5.987~1-eb8d0]:main():gmm-align-compiled.cc:127) VIVOSSPK13-214
LOG (gmm-align-compiled[5.5.987~1-eb8d0]:main():gmm-align-compiled.cc:127) VIVOSSPK13-215
LOG (gmm-align-compiled[5.5.987~1-eb8d0]:main():gmm-align-compiled.cc:127) VIVOSSPK13-216
LOG (gmm-align-compiled[5.5.987~1-eb8d0]:main():gmm-align-compiled.cc:127) VIVOSSPK13-217
WARNING (gmm-align-compiled[5.5.987~1-eb8d0]:AlignUtteranceWrapper():decoder-wrappers.cc:617) Retrying utterance VIVOSSPK13-217 with beam 40
LOG (gmm-align-compiled[5.5.987~1-eb8d0]:main():gmm-align-compiled.cc:127) VIVOSSPK13-218
LOG (gmm-align-compiled[5.5.987~1-eb8d0]:main():gmm-align-compiled.cc:127) VIVOSSPK13-219
WARNING (gmm-align-compiled[5.5.987~1-eb8d0]:AlignUtteranceWrapper():decoder-wrappers.cc:617) Retrying utterance VIVOSSPK13-219 with beam 40
LOG (gmm-align-compiled[5.5.987~1-eb8d0]:main():gmm-align-compiled.cc:127) VIVOSSPK13-220
WARNING (gmm-align-compiled[5.5.987~1-eb8d0]:AlignUtteranceWrapper():decoder-wrappers.cc:617) Retrying utterance VIVOSSPK13-220 with beam 40
LOG (gmm-align-compiled[5.5.987~1-eb8d0]:main():gmm-align-compiled.cc:127) VIVOSSPK13-221
WARNING (gmm-align-compiled[5.5.987~1-eb8d0]:AlignUtteranceWrapper():decoder-wrappers.cc:617) Retrying utterance VIVOSSPK13-221 with beam 40
LOG (gmm-align-compiled[5.5.987~1-eb8d0]:main():gmm-align-compiled.cc:127) VIVOSSPK13-222
LOG (gmm-align-compiled[5.5.987~1-eb8d0]:main():gmm-align-compiled.cc:127) VIVOSSPK13-223
LOG (gmm-align-compiled[5.5.987~1-eb8d0]:main():gmm-align-compiled.cc:127) VIVOSSPK13-224
LOG (gmm-align-compiled[5.5.987~1-eb8d0]:main():gmm-align-compiled.cc:127) VIVOSSPK13-225
LOG (gmm-align-compiled[5.5.987~1-eb8d0]:main():gmm-align-compiled.cc:127) VIVOSSPK13-226
LOG (gmm-align-compiled[5.5.987~1-eb8d0]:main():gmm-align-compiled.cc:127) VIVOSSPK13-227
LOG (gmm-align-compiled[5.5.987~1-eb8d0]:main():gmm-align-compiled.cc:127) VIVOSSPK13-228
LOG (gmm-align-compiled[5.5.987~1-eb8d0]:main():gmm-align-compiled.cc:127) VIVOSSPK13-229
LOG (gmm-align-compiled[5.5.987~1-eb8d0]:main():gmm-align-compiled.cc:127) VIVOSSPK13-230
WARNING (gmm-align-compiled[5.5.987~1-eb8d0]:AlignUtteranceWrapper():decoder-wrappers.cc:617) Retrying utterance VIVOSSPK13-230 with beam 40
LOG (gmm-align-compiled[5.5.987~1-eb8d0]:main():gmm-align-compiled.cc:127) VIVOSSPK13-231
WARNING (gmm-align-compiled[5.5.987~1-eb8d0]:AlignUtteranceWrapper():decoder-wrappers.cc:617) Retrying utterance VIVOSSPK13-231 with beam 40
LOG (gmm-align-compiled[5.5.987~1-eb8d0]:main():gmm-align-compiled.cc:127) VIVOSSPK13-232
LOG (gmm-align-compiled[5.5.987~1-eb8d0]:main():gmm-align-compiled.cc:127) VIVOSSPK13-233
LOG (gmm-align-compiled[5.5.987~1-eb8d0]:main():gmm-align-compiled.cc:127) VIVOSSPK13-234
LOG (gmm-align-compiled[5.5.987~1-eb8d0]:main():gmm-align-compiled.cc:127) VIVOSSPK13-235
LOG (gmm-align-compiled[5.5.987~1-eb8d0]:main():gmm-align-compiled.cc:127) VIVOSSPK13-236
LOG (gmm-align-compiled[5.5.987~1-eb8d0]:main():gmm-align-compiled.cc:127) VIVOSSPK13-237
WARNING (gmm-align-compiled[5.5.987~1-eb8d0]:AlignUtteranceWrapper():decoder-wrappers.cc:617) Retrying utterance VIVOSSPK13-237 with beam 40
LOG (gmm-align-compiled[5.5.987~1-eb8d0]:main():gmm-align-compiled.cc:127) VIVOSSPK13-238
LOG (gmm-align-compiled[5.5.987~1-eb8d0]:main():gmm-align-compiled.cc:127) VIVOSSPK13-239
WARNING (gmm-align-compiled[5.5.987~1-eb8d0]:AlignUtteranceWrapper():decoder-wrappers.cc:617) Retrying utterance VIVOSSPK13-239 with beam 40
LOG (gmm-align-compiled[5.5.987~1-eb8d0]:main():gmm-align-compiled.cc:127) VIVOSSPK13-240
WARNING (gmm-align-compiled[5.5.987~1-eb8d0]:AlignUtteranceWrapper():decoder-wrappers.cc:617) Retrying utterance VIVOSSPK13-240 with beam 40
LOG (gmm-align-compiled[5.5.987~1-eb8d0]:main():gmm-align-compiled.cc:127) VIVOSSPK13-241
WARNING (gmm-align-compiled[5.5.987~1-eb8d0]:AlignUtteranceWrapper():decoder-wrappers.cc:617) Retrying utterance VIVOSSPK13-241 with beam 40
LOG (gmm-align-compiled[5.5.987~1-eb8d0]:main():gmm-align-compiled.cc:127) VIVOSSPK13-242
WARNING (gmm-align-compiled[5.5.987~1-eb8d0]:AlignUtteranceWrapper():decoder-wrappers.cc:617) Retrying utterance VIVOSSPK13-242 with beam 40
LOG (gmm-align-compiled[5.5.987~1-eb8d0]:main():gmm-align-compiled.cc:127) VIVOSSPK13-243
LOG (gmm-align-compiled[5.5.987~1-eb8d0]:main():gmm-align-compiled.cc:127) VIVOSSPK13-244
LOG (gmm-align-compiled[5.5.987~1-eb8d0]:main():gmm-align-compiled.cc:127) VIVOSSPK13-245
WARNING (gmm-align-compiled[5.5.987~1-eb8d0]:AlignUtteranceWrapper():decoder-wrappers.cc:617) Retrying utterance VIVOSSPK13-245 with beam 40
LOG (gmm-align-compiled[5.5.987~1-eb8d0]:main():gmm-align-compiled.cc:127) VIVOSSPK13-246
WARNING (gmm-align-compiled[5.5.987~1-eb8d0]:AlignUtteranceWrapper():decoder-wrappers.cc:617) Retrying utterance VIVOSSPK13-246 with beam 40
LOG (gmm-align-compiled[5.5.987~1-eb8d0]:main():gmm-align-compiled.cc:127) VIVOSSPK13-247
LOG (gmm-align-compiled[5.5.987~1-eb8d0]:main():gmm-align-compiled.cc:127) VIVOSSPK13-248
LOG (gmm-align-compiled[5.5.987~1-eb8d0]:main():gmm-align-compiled.cc:127) VIVOSSPK13-249
LOG (gmm-align-compiled[5.5.987~1-eb8d0]:main():gmm-align-compiled.cc:127) VIVOSSPK13-250
LOG (gmm-align-compiled[5.5.987~1-eb8d0]:main():gmm-align-compiled.cc:127) VIVOSSPK13-251
LOG (gmm-align-compiled[5.5.987~1-eb8d0]:main():gmm-align-compiled.cc:127) VIVOSSPK13-252
LOG (gmm-align-compiled[5.5.987~1-eb8d0]:main():gmm-align-compiled.cc:127) VIVOSSPK13-253
LOG (gmm-align-compiled[5.5.987~1-eb8d0]:main():gmm-align-compiled.cc:127) VIVOSSPK13-254
LOG (gmm-align-compiled[5.5.987~1-eb8d0]:main():gmm-align-compiled.cc:127) VIVOSSPK13-255
LOG (gmm-align-compiled[5.5.987~1-eb8d0]:main():gmm-align-compiled.cc:127) VIVOSSPK13-256
LOG (gmm-align-compiled[5.5.987~1-eb8d0]:main():gmm-align-compiled.cc:127) VIVOSSPK13-257
LOG (gmm-align-compiled[5.5.987~1-eb8d0]:main():gmm-align-compiled.cc:127) VIVOSSPK13-258
LOG (gmm-align-compiled[5.5.987~1-eb8d0]:main():gmm-align-compiled.cc:127) VIVOSSPK13-259
LOG (gmm-align-compiled[5.5.987~1-eb8d0]:main():gmm-align-compiled.cc:127) VIVOSSPK13-260
LOG (gmm-align-compiled[5.5.987~1-eb8d0]:main():gmm-align-compiled.cc:127) VIVOSSPK13-261
LOG (gmm-align-compiled[5.5.987~1-eb8d0]:main():gmm-align-compiled.cc:127) VIVOSSPK13-262
LOG (gmm-align-compiled[5.5.987~1-eb8d0]:main():gmm-align-compiled.cc:127) VIVOSSPK13-263
LOG (gmm-align-compiled[5.5.987~1-eb8d0]:main():gmm-align-compiled.cc:127) VIVOSSPK13-264
LOG (gmm-align-compiled[5.5.987~1-eb8d0]:main():gmm-align-compiled.cc:127) VIVOSSPK13-265
LOG (gmm-align-compiled[5.5.987~1-eb8d0]:main():gmm-align-compiled.cc:127) VIVOSSPK13-266
LOG (gmm-align-compiled[5.5.987~1-eb8d0]:main():gmm-align-compiled.cc:127) VIVOSSPK13-267
LOG (gmm-align-compiled[5.5.987~1-eb8d0]:main():gmm-align-compiled.cc:127) VIVOSSPK13-268
LOG (gmm-align-compiled[5.5.987~1-eb8d0]:main():gmm-align-compiled.cc:127) VIVOSSPK13-269
LOG (gmm-align-compiled[5.5.987~1-eb8d0]:main():gmm-align-compiled.cc:127) VIVOSSPK13-270
LOG (gmm-align-compiled[5.5.987~1-eb8d0]:main():gmm-align-compiled.cc:127) VIVOSSPK13-271
LOG (gmm-align-compiled[5.5.987~1-eb8d0]:main():gmm-align-compiled.cc:127) VIVOSSPK13-272
LOG (gmm-align-compiled[5.5.987~1-eb8d0]:main():gmm-align-compiled.cc:127) VIVOSSPK13-273
LOG (gmm-align-compiled[5.5.987~1-eb8d0]:main():gmm-align-compiled.cc:127) VIVOSSPK13-274
LOG (gmm-align-compiled[5.5.987~1-eb8d0]:main():gmm-align-compiled.cc:127) VIVOSSPK13-275
LOG (gmm-align-compiled[5.5.987~1-eb8d0]:main():gmm-align-compiled.cc:127) VIVOSSPK13-276
LOG (gmm-align-compiled[5.5.987~1-eb8d0]:main():gmm-align-compiled.cc:127) VIVOSSPK13-277
LOG (gmm-align-compiled[5.5.987~1-eb8d0]:main():gmm-align-compiled.cc:127) VIVOSSPK13-278
LOG (gmm-align-compiled[5.5.987~1-eb8d0]:main():gmm-align-compiled.cc:127) VIVOSSPK13-279
LOG (gmm-align-compiled[5.5.987~1-eb8d0]:main():gmm-align-compiled.cc:127) VIVOSSPK13-280
LOG (gmm-align-compiled[5.5.987~1-eb8d0]:main():gmm-align-compiled.cc:127) VIVOSSPK13-281
LOG (gmm-align-compiled[5.5.987~1-eb8d0]:main():gmm-align-compiled.cc:127) VIVOSSPK13-282
LOG (gmm-align-compiled[5.5.987~1-eb8d0]:main():gmm-align-compiled.cc:127) VIVOSSPK13-283
LOG (gmm-align-compiled[5.5.987~1-eb8d0]:main():gmm-align-compiled.cc:127) VIVOSSPK13-284
LOG (gmm-align-compiled[5.5.987~1-eb8d0]:main():gmm-align-compiled.cc:127) VIVOSSPK13-285
LOG (gmm-align-compiled[5.5.987~1-eb8d0]:main():gmm-align-compiled.cc:127) VIVOSSPK13-286
LOG (gmm-align-compiled[5.5.987~1-eb8d0]:main():gmm-align-compiled.cc:127) VIVOSSPK13-287
LOG (gmm-align-compiled[5.5.987~1-eb8d0]:main():gmm-align-compiled.cc:127) VIVOSSPK13-288
LOG (gmm-align-compiled[5.5.987~1-eb8d0]:main():gmm-align-compiled.cc:127) VIVOSSPK13-289
LOG (gmm-align-compiled[5.5.987~1-eb8d0]:main():gmm-align-compiled.cc:127) VIVOSSPK13-290
LOG (gmm-align-compiled[5.5.987~1-eb8d0]:main():gmm-align-compiled.cc:127) VIVOSSPK13-291
LOG (gmm-align-compiled[5.5.987~1-eb8d0]:main():gmm-align-compiled.cc:127) VIVOSSPK13-292
LOG (gmm-align-compiled[5.5.987~1-eb8d0]:main():gmm-align-compiled.cc:127) VIVOSSPK13-293
LOG (gmm-align-compiled[5.5.987~1-eb8d0]:main():gmm-align-compiled.cc:127) VIVOSSPK13-294
LOG (gmm-align-compiled[5.5.987~1-eb8d0]:main():gmm-align-compiled.cc:127) VIVOSSPK13-295
LOG (gmm-align-compiled[5.5.987~1-eb8d0]:main():gmm-align-compiled.cc:127) VIVOSSPK13-296
LOG (gmm-align-compiled[5.5.987~1-eb8d0]:main():gmm-align-compiled.cc:127) VIVOSSPK13-297
LOG (gmm-align-compiled[5.5.987~1-eb8d0]:main():gmm-align-compiled.cc:127) VIVOSSPK13-298
LOG (gmm-align-compiled[5.5.987~1-eb8d0]:main():gmm-align-compiled.cc:127) VIVOSSPK13-299
LOG (gmm-align-compiled[5.5.987~1-eb8d0]:main():gmm-align-compiled.cc:127) VIVOSSPK13-300
LOG (gmm-align-compiled[5.5.987~1-eb8d0]:main():gmm-align-compiled.cc:127) VIVOSSPK14-001
LOG (gmm-align-compiled[5.5.987~1-eb8d0]:main():gmm-align-compiled.cc:127) VIVOSSPK14-002
LOG (gmm-align-compiled[5.5.987~1-eb8d0]:main():gmm-align-compiled.cc:127) VIVOSSPK14-003
LOG (gmm-align-compiled[5.5.987~1-eb8d0]:main():gmm-align-compiled.cc:127) VIVOSSPK14-004
LOG (gmm-align-compiled[5.5.987~1-eb8d0]:main():gmm-align-compiled.cc:127) VIVOSSPK14-005
LOG (gmm-align-compiled[5.5.987~1-eb8d0]:main():gmm-align-compiled.cc:127) VIVOSSPK14-006
WARNING (gmm-align-compiled[5.5.987~1-eb8d0]:AlignUtteranceWrapper():decoder-wrappers.cc:617) Retrying utterance VIVOSSPK14-006 with beam 40
LOG (gmm-align-compiled[5.5.987~1-eb8d0]:main():gmm-align-compiled.cc:127) VIVOSSPK14-007
LOG (gmm-align-compiled[5.5.987~1-eb8d0]:main():gmm-align-compiled.cc:127) VIVOSSPK14-008
LOG (gmm-align-compiled[5.5.987~1-eb8d0]:main():gmm-align-compiled.cc:127) VIVOSSPK14-009
LOG (gmm-align-compiled[5.5.987~1-eb8d0]:main():gmm-align-compiled.cc:127) VIVOSSPK14-010
LOG (gmm-align-compiled[5.5.987~1-eb8d0]:main():gmm-align-compiled.cc:127) VIVOSSPK14-011
LOG (gmm-align-compiled[5.5.987~1-eb8d0]:main():gmm-align-compiled.cc:127) VIVOSSPK14-012
LOG (gmm-align-compiled[5.5.987~1-eb8d0]:main():gmm-align-compiled.cc:127) VIVOSSPK14-013
LOG (gmm-align-compiled[5.5.987~1-eb8d0]:main():gmm-align-compiled.cc:127) VIVOSSPK14-014
LOG (gmm-align-compiled[5.5.987~1-eb8d0]:main():gmm-align-compiled.cc:127) VIVOSSPK14-015
LOG (gmm-align-compiled[5.5.987~1-eb8d0]:main():gmm-align-compiled.cc:127) VIVOSSPK14-016
LOG (gmm-align-compiled[5.5.987~1-eb8d0]:main():gmm-align-compiled.cc:127) VIVOSSPK14-017
LOG (gmm-align-compiled[5.5.987~1-eb8d0]:main():gmm-align-compiled.cc:127) VIVOSSPK14-018
LOG (gmm-align-compiled[5.5.987~1-eb8d0]:main():gmm-align-compiled.cc:127) VIVOSSPK14-019
LOG (gmm-align-compiled[5.5.987~1-eb8d0]:main():gmm-align-compiled.cc:127) VIVOSSPK14-020
LOG (gmm-align-compiled[5.5.987~1-eb8d0]:main():gmm-align-compiled.cc:127) VIVOSSPK14-021
LOG (gmm-align-compiled[5.5.987~1-eb8d0]:main():gmm-align-compiled.cc:127) VIVOSSPK14-022
LOG (gmm-align-compiled[5.5.987~1-eb8d0]:main():gmm-align-compiled.cc:127) VIVOSSPK14-023
LOG (gmm-align-compiled[5.5.987~1-eb8d0]:main():gmm-align-compiled.cc:127) VIVOSSPK14-024
WARNING (gmm-align-compiled[5.5.987~1-eb8d0]:AlignUtteranceWrapper():decoder-wrappers.cc:617) Retrying utterance VIVOSSPK14-024 with beam 40
LOG (gmm-align-compiled[5.5.987~1-eb8d0]:main():gmm-align-compiled.cc:127) VIVOSSPK14-025
LOG (gmm-align-compiled[5.5.987~1-eb8d0]:main():gmm-align-compiled.cc:127) VIVOSSPK14-026
LOG (gmm-align-compiled[5.5.987~1-eb8d0]:main():gmm-align-compiled.cc:127) VIVOSSPK14-027
LOG (gmm-align-compiled[5.5.987~1-eb8d0]:main():gmm-align-compiled.cc:127) VIVOSSPK14-028
WARNING (gmm-align-compiled[5.5.987~1-eb8d0]:AlignUtteranceWrapper():decoder-wrappers.cc:617) Retrying utterance VIVOSSPK14-028 with beam 40
LOG (gmm-align-compiled[5.5.987~1-eb8d0]:main():gmm-align-compiled.cc:127) VIVOSSPK14-029
LOG (gmm-align-compiled[5.5.987~1-eb8d0]:main():gmm-align-compiled.cc:127) VIVOSSPK14-030
LOG (gmm-align-compiled[5.5.987~1-eb8d0]:main():gmm-align-compiled.cc:127) VIVOSSPK14-031
LOG (gmm-align-compiled[5.5.987~1-eb8d0]:main():gmm-align-compiled.cc:127) VIVOSSPK14-032
LOG (gmm-align-compiled[5.5.987~1-eb8d0]:main():gmm-align-compiled.cc:127) VIVOSSPK14-033
LOG (gmm-align-compiled[5.5.987~1-eb8d0]:main():gmm-align-compiled.cc:127) VIVOSSPK14-034
LOG (gmm-align-compiled[5.5.987~1-eb8d0]:main():gmm-align-compiled.cc:127) VIVOSSPK14-035
LOG (gmm-align-compiled[5.5.987~1-eb8d0]:main():gmm-align-compiled.cc:127) VIVOSSPK14-036
LOG (gmm-align-compiled[5.5.987~1-eb8d0]:main():gmm-align-compiled.cc:127) VIVOSSPK14-037
LOG (gmm-align-compiled[5.5.987~1-eb8d0]:main():gmm-align-compiled.cc:127) VIVOSSPK14-038
LOG (gmm-align-compiled[5.5.987~1-eb8d0]:main():gmm-align-compiled.cc:127) VIVOSSPK14-039
LOG (gmm-align-compiled[5.5.987~1-eb8d0]:main():gmm-align-compiled.cc:127) VIVOSSPK14-040
LOG (gmm-align-compiled[5.5.987~1-eb8d0]:main():gmm-align-compiled.cc:127) VIVOSSPK14-041
LOG (gmm-align-compiled[5.5.987~1-eb8d0]:main():gmm-align-compiled.cc:127) VIVOSSPK14-042
LOG (gmm-align-compiled[5.5.987~1-eb8d0]:main():gmm-align-compiled.cc:127) VIVOSSPK14-043
LOG (gmm-align-compiled[5.5.987~1-eb8d0]:main():gmm-align-compiled.cc:127) VIVOSSPK14-044
LOG (gmm-align-compiled[5.5.987~1-eb8d0]:main():gmm-align-compiled.cc:127) VIVOSSPK14-045
LOG (gmm-align-compiled[5.5.987~1-eb8d0]:main():gmm-align-compiled.cc:127) VIVOSSPK14-046
LOG (gmm-align-compiled[5.5.987~1-eb8d0]:main():gmm-align-compiled.cc:127) VIVOSSPK14-047
LOG (gmm-align-compiled[5.5.987~1-eb8d0]:main():gmm-align-compiled.cc:127) VIVOSSPK14-048
LOG (gmm-align-compiled[5.5.987~1-eb8d0]:main():gmm-align-compiled.cc:127) VIVOSSPK14-049
LOG (gmm-align-compiled[5.5.987~1-eb8d0]:main():gmm-align-compiled.cc:127) VIVOSSPK14-050
LOG (gmm-align-compiled[5.5.987~1-eb8d0]:main():gmm-align-compiled.cc:127) VIVOSSPK14-051
LOG (gmm-align-compiled[5.5.987~1-eb8d0]:main():gmm-align-compiled.cc:127) VIVOSSPK14-052
LOG (gmm-align-compiled[5.5.987~1-eb8d0]:main():gmm-align-compiled.cc:127) VIVOSSPK14-053
LOG (gmm-align-compiled[5.5.987~1-eb8d0]:main():gmm-align-compiled.cc:127) VIVOSSPK14-054
LOG (gmm-align-compiled[5.5.987~1-eb8d0]:main():gmm-align-compiled.cc:127) VIVOSSPK14-055
LOG (gmm-align-compiled[5.5.987~1-eb8d0]:main():gmm-align-compiled.cc:127) VIVOSSPK14-056
LOG (gmm-align-compiled[5.5.987~1-eb8d0]:main():gmm-align-compiled.cc:127) VIVOSSPK14-057
LOG (gmm-align-compiled[5.5.987~1-eb8d0]:main():gmm-align-compiled.cc:127) VIVOSSPK14-058
LOG (gmm-align-compiled[5.5.987~1-eb8d0]:main():gmm-align-compiled.cc:127) VIVOSSPK14-059
LOG (gmm-align-compiled[5.5.987~1-eb8d0]:main():gmm-align-compiled.cc:127) VIVOSSPK14-060
LOG (gmm-align-compiled[5.5.987~1-eb8d0]:main():gmm-align-compiled.cc:127) VIVOSSPK14-061
LOG (gmm-align-compiled[5.5.987~1-eb8d0]:main():gmm-align-compiled.cc:127) VIVOSSPK14-062
LOG (gmm-align-compiled[5.5.987~1-eb8d0]:main():gmm-align-compiled.cc:127) VIVOSSPK14-063
LOG (gmm-align-compiled[5.5.987~1-eb8d0]:main():gmm-align-compiled.cc:127) VIVOSSPK14-064
LOG (gmm-align-compiled[5.5.987~1-eb8d0]:main():gmm-align-compiled.cc:127) VIVOSSPK14-065
LOG (gmm-align-compiled[5.5.987~1-eb8d0]:main():gmm-align-compiled.cc:127) VIVOSSPK14-066
LOG (gmm-align-compiled[5.5.987~1-eb8d0]:main():gmm-align-compiled.cc:127) VIVOSSPK14-067
LOG (gmm-align-compiled[5.5.987~1-eb8d0]:main():gmm-align-compiled.cc:127) VIVOSSPK14-068
LOG (gmm-align-compiled[5.5.987~1-eb8d0]:main():gmm-align-compiled.cc:127) VIVOSSPK14-069
LOG (gmm-align-compiled[5.5.987~1-eb8d0]:main():gmm-align-compiled.cc:127) VIVOSSPK14-070
LOG (gmm-align-compiled[5.5.987~1-eb8d0]:main():gmm-align-compiled.cc:127) VIVOSSPK14-071
LOG (gmm-align-compiled[5.5.987~1-eb8d0]:main():gmm-align-compiled.cc:127) VIVOSSPK14-072
LOG (gmm-align-compiled[5.5.987~1-eb8d0]:main():gmm-align-compiled.cc:127) VIVOSSPK14-073
LOG (gmm-align-compiled[5.5.987~1-eb8d0]:main():gmm-align-compiled.cc:127) VIVOSSPK14-074
LOG (gmm-align-compiled[5.5.987~1-eb8d0]:main():gmm-align-compiled.cc:127) VIVOSSPK14-075
LOG (gmm-align-compiled[5.5.987~1-eb8d0]:main():gmm-align-compiled.cc:127) VIVOSSPK14-076
LOG (gmm-align-compiled[5.5.987~1-eb8d0]:main():gmm-align-compiled.cc:127) VIVOSSPK14-077
LOG (gmm-align-compiled[5.5.987~1-eb8d0]:main():gmm-align-compiled.cc:127) VIVOSSPK14-078
LOG (gmm-align-compiled[5.5.987~1-eb8d0]:main():gmm-align-compiled.cc:127) VIVOSSPK14-079
LOG (gmm-align-compiled[5.5.987~1-eb8d0]:main():gmm-align-compiled.cc:127) VIVOSSPK14-080
LOG (gmm-align-compiled[5.5.987~1-eb8d0]:main():gmm-align-compiled.cc:127) VIVOSSPK14-081
LOG (gmm-align-compiled[5.5.987~1-eb8d0]:main():gmm-align-compiled.cc:127) VIVOSSPK14-082
LOG (gmm-align-compiled[5.5.987~1-eb8d0]:main():gmm-align-compiled.cc:127) VIVOSSPK14-083
LOG (gmm-align-compiled[5.5.987~1-eb8d0]:main():gmm-align-compiled.cc:127) VIVOSSPK14-084
LOG (gmm-align-compiled[5.5.987~1-eb8d0]:main():gmm-align-compiled.cc:127) VIVOSSPK14-085
LOG (gmm-align-compiled[5.5.987~1-eb8d0]:main():gmm-align-compiled.cc:127) VIVOSSPK14-086
LOG (gmm-align-compiled[5.5.987~1-eb8d0]:main():gmm-align-compiled.cc:127) VIVOSSPK14-087
LOG (gmm-align-compiled[5.5.987~1-eb8d0]:main():gmm-align-compiled.cc:127) VIVOSSPK14-088
LOG (gmm-align-compiled[5.5.987~1-eb8d0]:main():gmm-align-compiled.cc:127) VIVOSSPK14-089
LOG (gmm-align-compiled[5.5.987~1-eb8d0]:main():gmm-align-compiled.cc:127) VIVOSSPK14-090
LOG (gmm-align-compiled[5.5.987~1-eb8d0]:main():gmm-align-compiled.cc:127) VIVOSSPK14-091
LOG (gmm-align-compiled[5.5.987~1-eb8d0]:main():gmm-align-compiled.cc:127) VIVOSSPK14-092
LOG (gmm-align-compiled[5.5.987~1-eb8d0]:main():gmm-align-compiled.cc:127) VIVOSSPK14-093
LOG (gmm-align-compiled[5.5.987~1-eb8d0]:main():gmm-align-compiled.cc:127) VIVOSSPK14-094
LOG (gmm-align-compiled[5.5.987~1-eb8d0]:main():gmm-align-compiled.cc:127) VIVOSSPK14-095
LOG (gmm-align-compiled[5.5.987~1-eb8d0]:main():gmm-align-compiled.cc:127) VIVOSSPK14-096
LOG (gmm-align-compiled[5.5.987~1-eb8d0]:main():gmm-align-compiled.cc:127) VIVOSSPK14-097
LOG (gmm-align-compiled[5.5.987~1-eb8d0]:main():gmm-align-compiled.cc:127) VIVOSSPK14-098
LOG (gmm-align-compiled[5.5.987~1-eb8d0]:main():gmm-align-compiled.cc:127) VIVOSSPK14-099
LOG (gmm-align-compiled[5.5.987~1-eb8d0]:main():gmm-align-compiled.cc:127) VIVOSSPK14-100
LOG (gmm-align-compiled[5.5.987~1-eb8d0]:main():gmm-align-compiled.cc:127) VIVOSSPK14-101
LOG (gmm-align-compiled[5.5.987~1-eb8d0]:main():gmm-align-compiled.cc:127) VIVOSSPK14-102
LOG (gmm-align-compiled[5.5.987~1-eb8d0]:main():gmm-align-compiled.cc:127) VIVOSSPK14-103
LOG (gmm-align-compiled[5.5.987~1-eb8d0]:main():gmm-align-compiled.cc:127) VIVOSSPK14-104
LOG (gmm-align-compiled[5.5.987~1-eb8d0]:main():gmm-align-compiled.cc:127) VIVOSSPK14-105
LOG (gmm-align-compiled[5.5.987~1-eb8d0]:main():gmm-align-compiled.cc:127) VIVOSSPK14-106
LOG (gmm-align-compiled[5.5.987~1-eb8d0]:main():gmm-align-compiled.cc:127) VIVOSSPK14-107
LOG (gmm-align-compiled[5.5.987~1-eb8d0]:main():gmm-align-compiled.cc:127) VIVOSSPK14-108
LOG (gmm-align-compiled[5.5.987~1-eb8d0]:main():gmm-align-compiled.cc:127) VIVOSSPK14-109
LOG (gmm-align-compiled[5.5.987~1-eb8d0]:main():gmm-align-compiled.cc:127) VIVOSSPK14-110
LOG (gmm-align-compiled[5.5.987~1-eb8d0]:main():gmm-align-compiled.cc:127) VIVOSSPK14-111
LOG (gmm-align-compiled[5.5.987~1-eb8d0]:main():gmm-align-compiled.cc:127) VIVOSSPK14-112
LOG (gmm-align-compiled[5.5.987~1-eb8d0]:main():gmm-align-compiled.cc:127) VIVOSSPK14-113
LOG (gmm-align-compiled[5.5.987~1-eb8d0]:main():gmm-align-compiled.cc:127) VIVOSSPK14-114
LOG (gmm-align-compiled[5.5.987~1-eb8d0]:main():gmm-align-compiled.cc:127) VIVOSSPK14-115
LOG (gmm-align-compiled[5.5.987~1-eb8d0]:main():gmm-align-compiled.cc:127) VIVOSSPK14-116
LOG (gmm-align-compiled[5.5.987~1-eb8d0]:main():gmm-align-compiled.cc:127) VIVOSSPK14-117
LOG (gmm-align-compiled[5.5.987~1-eb8d0]:main():gmm-align-compiled.cc:127) VIVOSSPK14-118
LOG (gmm-align-compiled[5.5.987~1-eb8d0]:main():gmm-align-compiled.cc:127) VIVOSSPK14-119
LOG (gmm-align-compiled[5.5.987~1-eb8d0]:main():gmm-align-compiled.cc:127) VIVOSSPK14-120
LOG (gmm-align-compiled[5.5.987~1-eb8d0]:main():gmm-align-compiled.cc:127) VIVOSSPK14-121
LOG (gmm-align-compiled[5.5.987~1-eb8d0]:main():gmm-align-compiled.cc:127) VIVOSSPK14-122
LOG (gmm-align-compiled[5.5.987~1-eb8d0]:main():gmm-align-compiled.cc:127) VIVOSSPK14-123
LOG (gmm-align-compiled[5.5.987~1-eb8d0]:main():gmm-align-compiled.cc:127) VIVOSSPK14-124
LOG (gmm-align-compiled[5.5.987~1-eb8d0]:main():gmm-align-compiled.cc:127) VIVOSSPK14-125
LOG (gmm-align-compiled[5.5.987~1-eb8d0]:main():gmm-align-compiled.cc:127) VIVOSSPK14-126
LOG (gmm-align-compiled[5.5.987~1-eb8d0]:main():gmm-align-compiled.cc:127) VIVOSSPK14-127
LOG (gmm-align-compiled[5.5.987~1-eb8d0]:main():gmm-align-compiled.cc:127) VIVOSSPK14-128
LOG (gmm-align-compiled[5.5.987~1-eb8d0]:main():gmm-align-compiled.cc:127) VIVOSSPK14-129
LOG (gmm-align-compiled[5.5.987~1-eb8d0]:main():gmm-align-compiled.cc:127) VIVOSSPK14-130
LOG (gmm-align-compiled[5.5.987~1-eb8d0]:main():gmm-align-compiled.cc:127) VIVOSSPK14-131
LOG (gmm-align-compiled[5.5.987~1-eb8d0]:main():gmm-align-compiled.cc:127) VIVOSSPK14-132
LOG (gmm-align-compiled[5.5.987~1-eb8d0]:main():gmm-align-compiled.cc:127) VIVOSSPK14-133
LOG (gmm-align-compiled[5.5.987~1-eb8d0]:main():gmm-align-compiled.cc:127) VIVOSSPK14-134
LOG (gmm-align-compiled[5.5.987~1-eb8d0]:main():gmm-align-compiled.cc:127) VIVOSSPK14-135
LOG (gmm-align-compiled[5.5.987~1-eb8d0]:main():gmm-align-compiled.cc:127) VIVOSSPK14-136
LOG (gmm-align-compiled[5.5.987~1-eb8d0]:main():gmm-align-compiled.cc:127) VIVOSSPK14-137
LOG (gmm-align-compiled[5.5.987~1-eb8d0]:main():gmm-align-compiled.cc:127) VIVOSSPK14-138
LOG (gmm-align-compiled[5.5.987~1-eb8d0]:main():gmm-align-compiled.cc:127) VIVOSSPK14-139
LOG (gmm-align-compiled[5.5.987~1-eb8d0]:main():gmm-align-compiled.cc:127) VIVOSSPK14-140
LOG (gmm-align-compiled[5.5.987~1-eb8d0]:main():gmm-align-compiled.cc:127) VIVOSSPK14-141
LOG (gmm-align-compiled[5.5.987~1-eb8d0]:main():gmm-align-compiled.cc:127) VIVOSSPK14-142
LOG (gmm-align-compiled[5.5.987~1-eb8d0]:main():gmm-align-compiled.cc:127) VIVOSSPK14-143
LOG (gmm-align-compiled[5.5.987~1-eb8d0]:main():gmm-align-compiled.cc:127) VIVOSSPK14-144
LOG (gmm-align-compiled[5.5.987~1-eb8d0]:main():gmm-align-compiled.cc:127) VIVOSSPK14-145
LOG (gmm-align-compiled[5.5.987~1-eb8d0]:main():gmm-align-compiled.cc:127) VIVOSSPK14-146
LOG (gmm-align-compiled[5.5.987~1-eb8d0]:main():gmm-align-compiled.cc:127) VIVOSSPK14-147
LOG (gmm-align-compiled[5.5.987~1-eb8d0]:main():gmm-align-compiled.cc:127) VIVOSSPK14-148
LOG (gmm-align-compiled[5.5.987~1-eb8d0]:main():gmm-align-compiled.cc:127) VIVOSSPK14-149
LOG (gmm-align-compiled[5.5.987~1-eb8d0]:main():gmm-align-compiled.cc:127) VIVOSSPK14-150
LOG (gmm-align-compiled[5.5.987~1-eb8d0]:main():gmm-align-compiled.cc:127) VIVOSSPK14-151
LOG (gmm-align-compiled[5.5.987~1-eb8d0]:main():gmm-align-compiled.cc:127) VIVOSSPK14-152
LOG (gmm-align-compiled[5.5.987~1-eb8d0]:main():gmm-align-compiled.cc:127) VIVOSSPK14-153
LOG (gmm-align-compiled[5.5.987~1-eb8d0]:main():gmm-align-compiled.cc:127) VIVOSSPK14-154
LOG (gmm-align-compiled[5.5.987~1-eb8d0]:main():gmm-align-compiled.cc:127) VIVOSSPK14-155
LOG (gmm-align-compiled[5.5.987~1-eb8d0]:main():gmm-align-compiled.cc:127) VIVOSSPK14-156
LOG (gmm-align-compiled[5.5.987~1-eb8d0]:main():gmm-align-compiled.cc:127) VIVOSSPK14-157
LOG (gmm-align-compiled[5.5.987~1-eb8d0]:main():gmm-align-compiled.cc:127) VIVOSSPK14-158
LOG (gmm-align-compiled[5.5.987~1-eb8d0]:main():gmm-align-compiled.cc:127) VIVOSSPK14-159
LOG (gmm-align-compiled[5.5.987~1-eb8d0]:main():gmm-align-compiled.cc:127) VIVOSSPK14-160
LOG (gmm-align-compiled[5.5.987~1-eb8d0]:main():gmm-align-compiled.cc:127) VIVOSSPK14-161
LOG (gmm-align-compiled[5.5.987~1-eb8d0]:main():gmm-align-compiled.cc:127) VIVOSSPK14-162
LOG (gmm-align-compiled[5.5.987~1-eb8d0]:main():gmm-align-compiled.cc:127) VIVOSSPK14-163
LOG (gmm-align-compiled[5.5.987~1-eb8d0]:main():gmm-align-compiled.cc:127) VIVOSSPK14-164
LOG (gmm-align-compiled[5.5.987~1-eb8d0]:main():gmm-align-compiled.cc:127) VIVOSSPK14-165
LOG (gmm-align-compiled[5.5.987~1-eb8d0]:main():gmm-align-compiled.cc:127) VIVOSSPK14-166
LOG (gmm-align-compiled[5.5.987~1-eb8d0]:main():gmm-align-compiled.cc:127) VIVOSSPK14-167
LOG (gmm-align-compiled[5.5.987~1-eb8d0]:main():gmm-align-compiled.cc:127) VIVOSSPK14-168
LOG (gmm-align-compiled[5.5.987~1-eb8d0]:main():gmm-align-compiled.cc:127) VIVOSSPK14-169
LOG (gmm-align-compiled[5.5.987~1-eb8d0]:main():gmm-align-compiled.cc:127) VIVOSSPK14-170
LOG (gmm-align-compiled[5.5.987~1-eb8d0]:main():gmm-align-compiled.cc:127) VIVOSSPK14-171
LOG (gmm-align-compiled[5.5.987~1-eb8d0]:main():gmm-align-compiled.cc:127) VIVOSSPK14-172
LOG (gmm-align-compiled[5.5.987~1-eb8d0]:main():gmm-align-compiled.cc:127) VIVOSSPK14-173
WARNING (gmm-align-compiled[5.5.987~1-eb8d0]:AlignUtteranceWrapper():decoder-wrappers.cc:617) Retrying utterance VIVOSSPK14-173 with beam 40
LOG (gmm-align-compiled[5.5.987~1-eb8d0]:main():gmm-align-compiled.cc:127) VIVOSSPK14-174
LOG (gmm-align-compiled[5.5.987~1-eb8d0]:main():gmm-align-compiled.cc:127) VIVOSSPK14-175
LOG (gmm-align-compiled[5.5.987~1-eb8d0]:main():gmm-align-compiled.cc:127) VIVOSSPK14-176
LOG (gmm-align-compiled[5.5.987~1-eb8d0]:main():gmm-align-compiled.cc:127) VIVOSSPK14-177
LOG (gmm-align-compiled[5.5.987~1-eb8d0]:main():gmm-align-compiled.cc:127) VIVOSSPK14-178
LOG (gmm-align-compiled[5.5.987~1-eb8d0]:main():gmm-align-compiled.cc:127) VIVOSSPK14-179
LOG (gmm-align-compiled[5.5.987~1-eb8d0]:main():gmm-align-compiled.cc:127) VIVOSSPK14-180
LOG (gmm-align-compiled[5.5.987~1-eb8d0]:main():gmm-align-compiled.cc:127) VIVOSSPK14-181
LOG (gmm-align-compiled[5.5.987~1-eb8d0]:main():gmm-align-compiled.cc:127) VIVOSSPK14-182
LOG (gmm-align-compiled[5.5.987~1-eb8d0]:main():gmm-align-compiled.cc:127) VIVOSSPK14-183
LOG (gmm-align-compiled[5.5.987~1-eb8d0]:main():gmm-align-compiled.cc:127) VIVOSSPK14-184
LOG (gmm-align-compiled[5.5.987~1-eb8d0]:main():gmm-align-compiled.cc:127) VIVOSSPK14-185
LOG (gmm-align-compiled[5.5.987~1-eb8d0]:main():gmm-align-compiled.cc:127) VIVOSSPK14-186
LOG (gmm-align-compiled[5.5.987~1-eb8d0]:main():gmm-align-compiled.cc:127) VIVOSSPK14-187
LOG (gmm-align-compiled[5.5.987~1-eb8d0]:main():gmm-align-compiled.cc:127) VIVOSSPK14-188
LOG (gmm-align-compiled[5.5.987~1-eb8d0]:main():gmm-align-compiled.cc:127) VIVOSSPK14-189
LOG (gmm-align-compiled[5.5.987~1-eb8d0]:main():gmm-align-compiled.cc:127) VIVOSSPK14-190
LOG (gmm-align-compiled[5.5.987~1-eb8d0]:main():gmm-align-compiled.cc:127) VIVOSSPK14-191
LOG (gmm-align-compiled[5.5.987~1-eb8d0]:main():gmm-align-compiled.cc:127) VIVOSSPK14-192
LOG (gmm-align-compiled[5.5.987~1-eb8d0]:main():gmm-align-compiled.cc:127) VIVOSSPK14-193
LOG (gmm-align-compiled[5.5.987~1-eb8d0]:main():gmm-align-compiled.cc:127) VIVOSSPK14-194
LOG (gmm-align-compiled[5.5.987~1-eb8d0]:main():gmm-align-compiled.cc:127) VIVOSSPK14-195
LOG (gmm-align-compiled[5.5.987~1-eb8d0]:main():gmm-align-compiled.cc:127) VIVOSSPK14-196
LOG (gmm-align-compiled[5.5.987~1-eb8d0]:main():gmm-align-compiled.cc:127) VIVOSSPK14-197
LOG (gmm-align-compiled[5.5.987~1-eb8d0]:main():gmm-align-compiled.cc:127) VIVOSSPK14-198
LOG (gmm-align-compiled[5.5.987~1-eb8d0]:main():gmm-align-compiled.cc:127) VIVOSSPK14-199
LOG (gmm-align-compiled[5.5.987~1-eb8d0]:main():gmm-align-compiled.cc:127) VIVOSSPK14-200
LOG (gmm-align-compiled[5.5.987~1-eb8d0]:main():gmm-align-compiled.cc:127) VIVOSSPK14-201
LOG (gmm-align-compiled[5.5.987~1-eb8d0]:main():gmm-align-compiled.cc:127) VIVOSSPK14-202
LOG (gmm-align-compiled[5.5.987~1-eb8d0]:main():gmm-align-compiled.cc:127) VIVOSSPK14-203
LOG (gmm-align-compiled[5.5.987~1-eb8d0]:main():gmm-align-compiled.cc:127) VIVOSSPK14-204
LOG (gmm-align-compiled[5.5.987~1-eb8d0]:main():gmm-align-compiled.cc:127) VIVOSSPK14-205
LOG (gmm-align-compiled[5.5.987~1-eb8d0]:main():gmm-align-compiled.cc:127) VIVOSSPK14-206
LOG (gmm-align-compiled[5.5.987~1-eb8d0]:main():gmm-align-compiled.cc:127) VIVOSSPK14-207
LOG (gmm-align-compiled[5.5.987~1-eb8d0]:main():gmm-align-compiled.cc:127) VIVOSSPK14-208
LOG (gmm-align-compiled[5.5.987~1-eb8d0]:main():gmm-align-compiled.cc:127) VIVOSSPK14-209
LOG (gmm-align-compiled[5.5.987~1-eb8d0]:main():gmm-align-compiled.cc:127) VIVOSSPK14-210
LOG (gmm-align-compiled[5.5.987~1-eb8d0]:main():gmm-align-compiled.cc:127) VIVOSSPK14-211
LOG (gmm-align-compiled[5.5.987~1-eb8d0]:main():gmm-align-compiled.cc:127) VIVOSSPK14-212
LOG (gmm-align-compiled[5.5.987~1-eb8d0]:main():gmm-align-compiled.cc:127) VIVOSSPK14-213
LOG (gmm-align-compiled[5.5.987~1-eb8d0]:main():gmm-align-compiled.cc:127) VIVOSSPK14-214
LOG (gmm-align-compiled[5.5.987~1-eb8d0]:main():gmm-align-compiled.cc:127) VIVOSSPK14-215
LOG (gmm-align-compiled[5.5.987~1-eb8d0]:main():gmm-align-compiled.cc:127) VIVOSSPK14-216
LOG (gmm-align-compiled[5.5.987~1-eb8d0]:main():gmm-align-compiled.cc:127) VIVOSSPK14-217
LOG (gmm-align-compiled[5.5.987~1-eb8d0]:main():gmm-align-compiled.cc:127) VIVOSSPK14-218
LOG (gmm-align-compiled[5.5.987~1-eb8d0]:main():gmm-align-compiled.cc:127) VIVOSSPK14-219
LOG (gmm-align-compiled[5.5.987~1-eb8d0]:main():gmm-align-compiled.cc:127) VIVOSSPK14-220
LOG (gmm-align-compiled[5.5.987~1-eb8d0]:main():gmm-align-compiled.cc:127) VIVOSSPK14-221
LOG (gmm-align-compiled[5.5.987~1-eb8d0]:main():gmm-align-compiled.cc:127) VIVOSSPK14-222
LOG (gmm-align-compiled[5.5.987~1-eb8d0]:main():gmm-align-compiled.cc:127) VIVOSSPK14-223
LOG (gmm-align-compiled[5.5.987~1-eb8d0]:main():gmm-align-compiled.cc:127) VIVOSSPK14-224
LOG (gmm-align-compiled[5.5.987~1-eb8d0]:main():gmm-align-compiled.cc:127) VIVOSSPK14-225
LOG (gmm-align-compiled[5.5.987~1-eb8d0]:main():gmm-align-compiled.cc:127) VIVOSSPK14-226
LOG (gmm-align-compiled[5.5.987~1-eb8d0]:main():gmm-align-compiled.cc:127) VIVOSSPK14-227
LOG (gmm-align-compiled[5.5.987~1-eb8d0]:main():gmm-align-compiled.cc:127) VIVOSSPK14-228
LOG (gmm-align-compiled[5.5.987~1-eb8d0]:main():gmm-align-compiled.cc:127) VIVOSSPK14-229
LOG (gmm-align-compiled[5.5.987~1-eb8d0]:main():gmm-align-compiled.cc:127) VIVOSSPK14-230
LOG (gmm-align-compiled[5.5.987~1-eb8d0]:main():gmm-align-compiled.cc:127) VIVOSSPK14-231
LOG (gmm-align-compiled[5.5.987~1-eb8d0]:main():gmm-align-compiled.cc:127) VIVOSSPK14-232
LOG (gmm-align-compiled[5.5.987~1-eb8d0]:main():gmm-align-compiled.cc:127) VIVOSSPK14-233
LOG (gmm-align-compiled[5.5.987~1-eb8d0]:main():gmm-align-compiled.cc:127) VIVOSSPK14-234
LOG (gmm-align-compiled[5.5.987~1-eb8d0]:main():gmm-align-compiled.cc:127) VIVOSSPK14-235
LOG (gmm-align-compiled[5.5.987~1-eb8d0]:main():gmm-align-compiled.cc:127) VIVOSSPK14-236
LOG (gmm-align-compiled[5.5.987~1-eb8d0]:main():gmm-align-compiled.cc:127) VIVOSSPK14-237
LOG (gmm-align-compiled[5.5.987~1-eb8d0]:main():gmm-align-compiled.cc:127) VIVOSSPK14-238
LOG (gmm-align-compiled[5.5.987~1-eb8d0]:main():gmm-align-compiled.cc:127) VIVOSSPK14-239
LOG (gmm-align-compiled[5.5.987~1-eb8d0]:main():gmm-align-compiled.cc:127) VIVOSSPK14-240
LOG (gmm-align-compiled[5.5.987~1-eb8d0]:main():gmm-align-compiled.cc:127) VIVOSSPK14-241
LOG (gmm-align-compiled[5.5.987~1-eb8d0]:main():gmm-align-compiled.cc:127) VIVOSSPK14-242
LOG (gmm-align-compiled[5.5.987~1-eb8d0]:main():gmm-align-compiled.cc:127) VIVOSSPK14-243
LOG (gmm-align-compiled[5.5.987~1-eb8d0]:main():gmm-align-compiled.cc:127) VIVOSSPK14-244
LOG (gmm-align-compiled[5.5.987~1-eb8d0]:main():gmm-align-compiled.cc:127) VIVOSSPK14-245
LOG (gmm-align-compiled[5.5.987~1-eb8d0]:main():gmm-align-compiled.cc:127) VIVOSSPK14-246
LOG (gmm-align-compiled[5.5.987~1-eb8d0]:main():gmm-align-compiled.cc:127) VIVOSSPK14-247
LOG (gmm-align-compiled[5.5.987~1-eb8d0]:main():gmm-align-compiled.cc:127) VIVOSSPK14-248
LOG (gmm-align-compiled[5.5.987~1-eb8d0]:main():gmm-align-compiled.cc:127) VIVOSSPK14-249
LOG (gmm-align-compiled[5.5.987~1-eb8d0]:main():gmm-align-compiled.cc:127) VIVOSSPK14-250
LOG (gmm-align-compiled[5.5.987~1-eb8d0]:main():gmm-align-compiled.cc:127) VIVOSSPK14-251
LOG (gmm-align-compiled[5.5.987~1-eb8d0]:main():gmm-align-compiled.cc:127) VIVOSSPK14-252
LOG (gmm-align-compiled[5.5.987~1-eb8d0]:main():gmm-align-compiled.cc:127) VIVOSSPK14-253
LOG (gmm-align-compiled[5.5.987~1-eb8d0]:main():gmm-align-compiled.cc:127) VIVOSSPK14-254
LOG (gmm-align-compiled[5.5.987~1-eb8d0]:main():gmm-align-compiled.cc:127) VIVOSSPK14-255
LOG (gmm-align-compiled[5.5.987~1-eb8d0]:main():gmm-align-compiled.cc:127) VIVOSSPK14-256
LOG (gmm-align-compiled[5.5.987~1-eb8d0]:main():gmm-align-compiled.cc:127) VIVOSSPK14-257
LOG (gmm-align-compiled[5.5.987~1-eb8d0]:main():gmm-align-compiled.cc:127) VIVOSSPK14-258
LOG (gmm-align-compiled[5.5.987~1-eb8d0]:main():gmm-align-compiled.cc:127) VIVOSSPK14-259
LOG (gmm-align-compiled[5.5.987~1-eb8d0]:main():gmm-align-compiled.cc:127) VIVOSSPK14-260
LOG (gmm-align-compiled[5.5.987~1-eb8d0]:main():gmm-align-compiled.cc:127) VIVOSSPK14-261
LOG (gmm-align-compiled[5.5.987~1-eb8d0]:main():gmm-align-compiled.cc:127) VIVOSSPK14-262
LOG (gmm-align-compiled[5.5.987~1-eb8d0]:main():gmm-align-compiled.cc:127) VIVOSSPK14-263
LOG (gmm-align-compiled[5.5.987~1-eb8d0]:main():gmm-align-compiled.cc:127) VIVOSSPK14-264
LOG (gmm-align-compiled[5.5.987~1-eb8d0]:main():gmm-align-compiled.cc:127) VIVOSSPK14-265
LOG (gmm-align-compiled[5.5.987~1-eb8d0]:main():gmm-align-compiled.cc:127) VIVOSSPK14-266
LOG (gmm-align-compiled[5.5.987~1-eb8d0]:main():gmm-align-compiled.cc:127) VIVOSSPK14-267
LOG (gmm-align-compiled[5.5.987~1-eb8d0]:main():gmm-align-compiled.cc:127) VIVOSSPK14-268
LOG (gmm-align-compiled[5.5.987~1-eb8d0]:main():gmm-align-compiled.cc:127) VIVOSSPK14-269
LOG (gmm-align-compiled[5.5.987~1-eb8d0]:main():gmm-align-compiled.cc:127) VIVOSSPK14-270
LOG (gmm-align-compiled[5.5.987~1-eb8d0]:main():gmm-align-compiled.cc:127) VIVOSSPK14-271
LOG (gmm-align-compiled[5.5.987~1-eb8d0]:main():gmm-align-compiled.cc:127) VIVOSSPK14-272
LOG (gmm-align-compiled[5.5.987~1-eb8d0]:main():gmm-align-compiled.cc:127) VIVOSSPK14-273
LOG (gmm-align-compiled[5.5.987~1-eb8d0]:main():gmm-align-compiled.cc:127) VIVOSSPK14-274
LOG (gmm-align-compiled[5.5.987~1-eb8d0]:main():gmm-align-compiled.cc:127) VIVOSSPK14-275
LOG (gmm-align-compiled[5.5.987~1-eb8d0]:main():gmm-align-compiled.cc:127) VIVOSSPK14-276
LOG (gmm-align-compiled[5.5.987~1-eb8d0]:main():gmm-align-compiled.cc:127) VIVOSSPK14-277
LOG (gmm-align-compiled[5.5.987~1-eb8d0]:main():gmm-align-compiled.cc:127) VIVOSSPK14-278
LOG (gmm-align-compiled[5.5.987~1-eb8d0]:main():gmm-align-compiled.cc:127) VIVOSSPK14-279
LOG (gmm-align-compiled[5.5.987~1-eb8d0]:main():gmm-align-compiled.cc:127) VIVOSSPK14-280
LOG (gmm-align-compiled[5.5.987~1-eb8d0]:main():gmm-align-compiled.cc:127) VIVOSSPK14-281
LOG (gmm-align-compiled[5.5.987~1-eb8d0]:main():gmm-align-compiled.cc:127) VIVOSSPK14-282
LOG (gmm-align-compiled[5.5.987~1-eb8d0]:main():gmm-align-compiled.cc:127) VIVOSSPK14-283
LOG (gmm-align-compiled[5.5.987~1-eb8d0]:main():gmm-align-compiled.cc:127) VIVOSSPK14-284
LOG (gmm-align-compiled[5.5.987~1-eb8d0]:main():gmm-align-compiled.cc:127) VIVOSSPK14-285
LOG (gmm-align-compiled[5.5.987~1-eb8d0]:main():gmm-align-compiled.cc:127) VIVOSSPK14-286
LOG (gmm-align-compiled[5.5.987~1-eb8d0]:main():gmm-align-compiled.cc:127) VIVOSSPK14-287
LOG (gmm-align-compiled[5.5.987~1-eb8d0]:main():gmm-align-compiled.cc:127) VIVOSSPK14-288
LOG (gmm-align-compiled[5.5.987~1-eb8d0]:main():gmm-align-compiled.cc:127) VIVOSSPK14-289
LOG (gmm-align-compiled[5.5.987~1-eb8d0]:main():gmm-align-compiled.cc:127) VIVOSSPK14-290
LOG (gmm-align-compiled[5.5.987~1-eb8d0]:main():gmm-align-compiled.cc:127) VIVOSSPK14-291
LOG (gmm-align-compiled[5.5.987~1-eb8d0]:main():gmm-align-compiled.cc:127) VIVOSSPK14-292
WARNING (gmm-align-compiled[5.5.987~1-eb8d0]:AlignUtteranceWrapper():decoder-wrappers.cc:617) Retrying utterance VIVOSSPK14-292 with beam 40
LOG (gmm-align-compiled[5.5.987~1-eb8d0]:main():gmm-align-compiled.cc:127) VIVOSSPK14-293
LOG (gmm-align-compiled[5.5.987~1-eb8d0]:main():gmm-align-compiled.cc:127) VIVOSSPK14-294
LOG (gmm-align-compiled[5.5.987~1-eb8d0]:main():gmm-align-compiled.cc:127) VIVOSSPK14-295
LOG (gmm-align-compiled[5.5.987~1-eb8d0]:main():gmm-align-compiled.cc:127) VIVOSSPK14-296
LOG (gmm-align-compiled[5.5.987~1-eb8d0]:main():gmm-align-compiled.cc:127) VIVOSSPK14-297
LOG (gmm-align-compiled[5.5.987~1-eb8d0]:main():gmm-align-compiled.cc:127) VIVOSSPK14-298
LOG (gmm-align-compiled[5.5.987~1-eb8d0]:main():gmm-align-compiled.cc:127) VIVOSSPK14-299
LOG (gmm-align-compiled[5.5.987~1-eb8d0]:main():gmm-align-compiled.cc:127) VIVOSSPK14-300
LOG (gmm-align-compiled[5.5.987~1-eb8d0]:main():gmm-align-compiled.cc:127) VIVOSSPK15-001
LOG (gmm-align-compiled[5.5.987~1-eb8d0]:main():gmm-align-compiled.cc:127) VIVOSSPK15-002
LOG (gmm-align-compiled[5.5.987~1-eb8d0]:main():gmm-align-compiled.cc:127) VIVOSSPK15-003
LOG (gmm-align-compiled[5.5.987~1-eb8d0]:main():gmm-align-compiled.cc:127) VIVOSSPK15-004
LOG (gmm-align-compiled[5.5.987~1-eb8d0]:main():gmm-align-compiled.cc:127) VIVOSSPK15-005
LOG (gmm-align-compiled[5.5.987~1-eb8d0]:main():gmm-align-compiled.cc:127) VIVOSSPK15-006
LOG (gmm-align-compiled[5.5.987~1-eb8d0]:main():gmm-align-compiled.cc:127) VIVOSSPK15-007
LOG (gmm-align-compiled[5.5.987~1-eb8d0]:main():gmm-align-compiled.cc:127) VIVOSSPK15-008
LOG (gmm-align-compiled[5.5.987~1-eb8d0]:main():gmm-align-compiled.cc:127) VIVOSSPK15-009
LOG (gmm-align-compiled[5.5.987~1-eb8d0]:main():gmm-align-compiled.cc:127) VIVOSSPK15-010
LOG (gmm-align-compiled[5.5.987~1-eb8d0]:main():gmm-align-compiled.cc:127) VIVOSSPK15-011
LOG (gmm-align-compiled[5.5.987~1-eb8d0]:main():gmm-align-compiled.cc:127) VIVOSSPK15-012
LOG (gmm-align-compiled[5.5.987~1-eb8d0]:main():gmm-align-compiled.cc:127) VIVOSSPK15-013
LOG (gmm-align-compiled[5.5.987~1-eb8d0]:main():gmm-align-compiled.cc:127) VIVOSSPK15-014
LOG (gmm-align-compiled[5.5.987~1-eb8d0]:main():gmm-align-compiled.cc:127) VIVOSSPK15-015
LOG (gmm-align-compiled[5.5.987~1-eb8d0]:main():gmm-align-compiled.cc:127) VIVOSSPK15-016
LOG (gmm-align-compiled[5.5.987~1-eb8d0]:main():gmm-align-compiled.cc:127) VIVOSSPK15-017
LOG (gmm-align-compiled[5.5.987~1-eb8d0]:main():gmm-align-compiled.cc:127) VIVOSSPK15-018
LOG (gmm-align-compiled[5.5.987~1-eb8d0]:main():gmm-align-compiled.cc:127) VIVOSSPK15-019
LOG (gmm-align-compiled[5.5.987~1-eb8d0]:main():gmm-align-compiled.cc:127) VIVOSSPK15-020
LOG (gmm-align-compiled[5.5.987~1-eb8d0]:main():gmm-align-compiled.cc:127) VIVOSSPK15-021
LOG (gmm-align-compiled[5.5.987~1-eb8d0]:main():gmm-align-compiled.cc:127) VIVOSSPK15-022
LOG (gmm-align-compiled[5.5.987~1-eb8d0]:main():gmm-align-compiled.cc:127) VIVOSSPK15-023
LOG (gmm-align-compiled[5.5.987~1-eb8d0]:main():gmm-align-compiled.cc:127) VIVOSSPK15-024
LOG (gmm-align-compiled[5.5.987~1-eb8d0]:main():gmm-align-compiled.cc:127) VIVOSSPK15-025
LOG (gmm-align-compiled[5.5.987~1-eb8d0]:main():gmm-align-compiled.cc:127) VIVOSSPK15-026
LOG (gmm-align-compiled[5.5.987~1-eb8d0]:main():gmm-align-compiled.cc:127) VIVOSSPK15-027
LOG (gmm-align-compiled[5.5.987~1-eb8d0]:main():gmm-align-compiled.cc:127) VIVOSSPK15-028
LOG (gmm-align-compiled[5.5.987~1-eb8d0]:main():gmm-align-compiled.cc:127) VIVOSSPK15-029
LOG (gmm-align-compiled[5.5.987~1-eb8d0]:main():gmm-align-compiled.cc:127) VIVOSSPK15-030
LOG (gmm-align-compiled[5.5.987~1-eb8d0]:main():gmm-align-compiled.cc:127) VIVOSSPK15-031
LOG (gmm-align-compiled[5.5.987~1-eb8d0]:main():gmm-align-compiled.cc:127) VIVOSSPK15-032
LOG (gmm-align-compiled[5.5.987~1-eb8d0]:main():gmm-align-compiled.cc:127) VIVOSSPK15-033
LOG (gmm-align-compiled[5.5.987~1-eb8d0]:main():gmm-align-compiled.cc:127) VIVOSSPK15-034
LOG (gmm-align-compiled[5.5.987~1-eb8d0]:main():gmm-align-compiled.cc:127) VIVOSSPK15-035
LOG (gmm-align-compiled[5.5.987~1-eb8d0]:main():gmm-align-compiled.cc:127) VIVOSSPK15-036
LOG (gmm-align-compiled[5.5.987~1-eb8d0]:main():gmm-align-compiled.cc:127) VIVOSSPK15-037
LOG (gmm-align-compiled[5.5.987~1-eb8d0]:main():gmm-align-compiled.cc:127) VIVOSSPK15-038
LOG (gmm-align-compiled[5.5.987~1-eb8d0]:main():gmm-align-compiled.cc:127) VIVOSSPK15-039
LOG (gmm-align-compiled[5.5.987~1-eb8d0]:main():gmm-align-compiled.cc:127) VIVOSSPK15-040
LOG (gmm-align-compiled[5.5.987~1-eb8d0]:main():gmm-align-compiled.cc:127) VIVOSSPK15-041
LOG (gmm-align-compiled[5.5.987~1-eb8d0]:main():gmm-align-compiled.cc:127) VIVOSSPK15-042
LOG (gmm-align-compiled[5.5.987~1-eb8d0]:main():gmm-align-compiled.cc:127) VIVOSSPK15-043
LOG (gmm-align-compiled[5.5.987~1-eb8d0]:main():gmm-align-compiled.cc:127) VIVOSSPK15-044
LOG (gmm-align-compiled[5.5.987~1-eb8d0]:main():gmm-align-compiled.cc:127) VIVOSSPK15-045
LOG (gmm-align-compiled[5.5.987~1-eb8d0]:main():gmm-align-compiled.cc:127) VIVOSSPK15-046
LOG (gmm-align-compiled[5.5.987~1-eb8d0]:main():gmm-align-compiled.cc:127) VIVOSSPK15-047
LOG (gmm-align-compiled[5.5.987~1-eb8d0]:main():gmm-align-compiled.cc:127) VIVOSSPK15-048
LOG (gmm-align-compiled[5.5.987~1-eb8d0]:main():gmm-align-compiled.cc:127) VIVOSSPK15-049
LOG (gmm-align-compiled[5.5.987~1-eb8d0]:main():gmm-align-compiled.cc:127) VIVOSSPK15-050
LOG (gmm-align-compiled[5.5.987~1-eb8d0]:main():gmm-align-compiled.cc:127) VIVOSSPK15-051
LOG (gmm-align-compiled[5.5.987~1-eb8d0]:main():gmm-align-compiled.cc:127) VIVOSSPK15-052
LOG (gmm-align-compiled[5.5.987~1-eb8d0]:main():gmm-align-compiled.cc:127) VIVOSSPK15-053
LOG (gmm-align-compiled[5.5.987~1-eb8d0]:main():gmm-align-compiled.cc:127) VIVOSSPK15-054
LOG (gmm-align-compiled[5.5.987~1-eb8d0]:main():gmm-align-compiled.cc:127) VIVOSSPK15-055
LOG (gmm-align-compiled[5.5.987~1-eb8d0]:main():gmm-align-compiled.cc:127) VIVOSSPK15-056
LOG (gmm-align-compiled[5.5.987~1-eb8d0]:main():gmm-align-compiled.cc:127) VIVOSSPK15-057
LOG (gmm-align-compiled[5.5.987~1-eb8d0]:main():gmm-align-compiled.cc:127) VIVOSSPK15-058
LOG (gmm-align-compiled[5.5.987~1-eb8d0]:main():gmm-align-compiled.cc:127) VIVOSSPK15-059
LOG (gmm-align-compiled[5.5.987~1-eb8d0]:main():gmm-align-compiled.cc:127) VIVOSSPK15-060
LOG (gmm-align-compiled[5.5.987~1-eb8d0]:main():gmm-align-compiled.cc:127) VIVOSSPK15-061
LOG (gmm-align-compiled[5.5.987~1-eb8d0]:main():gmm-align-compiled.cc:127) VIVOSSPK15-062
LOG (gmm-align-compiled[5.5.987~1-eb8d0]:main():gmm-align-compiled.cc:127) VIVOSSPK15-063
LOG (gmm-align-compiled[5.5.987~1-eb8d0]:main():gmm-align-compiled.cc:127) VIVOSSPK15-064
LOG (gmm-align-compiled[5.5.987~1-eb8d0]:main():gmm-align-compiled.cc:127) VIVOSSPK15-065
LOG (gmm-align-compiled[5.5.987~1-eb8d0]:main():gmm-align-compiled.cc:127) VIVOSSPK15-066
LOG (gmm-align-compiled[5.5.987~1-eb8d0]:main():gmm-align-compiled.cc:127) VIVOSSPK15-067
LOG (gmm-align-compiled[5.5.987~1-eb8d0]:main():gmm-align-compiled.cc:127) VIVOSSPK15-068
LOG (gmm-align-compiled[5.5.987~1-eb8d0]:main():gmm-align-compiled.cc:127) VIVOSSPK15-069
LOG (gmm-align-compiled[5.5.987~1-eb8d0]:main():gmm-align-compiled.cc:127) VIVOSSPK15-070
LOG (gmm-align-compiled[5.5.987~1-eb8d0]:main():gmm-align-compiled.cc:127) VIVOSSPK15-071
LOG (gmm-align-compiled[5.5.987~1-eb8d0]:main():gmm-align-compiled.cc:127) VIVOSSPK15-072
LOG (gmm-align-compiled[5.5.987~1-eb8d0]:main():gmm-align-compiled.cc:127) VIVOSSPK15-073
LOG (gmm-align-compiled[5.5.987~1-eb8d0]:main():gmm-align-compiled.cc:127) VIVOSSPK15-074
LOG (gmm-align-compiled[5.5.987~1-eb8d0]:main():gmm-align-compiled.cc:127) VIVOSSPK15-075
LOG (gmm-align-compiled[5.5.987~1-eb8d0]:main():gmm-align-compiled.cc:127) VIVOSSPK15-076
LOG (gmm-align-compiled[5.5.987~1-eb8d0]:main():gmm-align-compiled.cc:127) VIVOSSPK15-077
LOG (gmm-align-compiled[5.5.987~1-eb8d0]:main():gmm-align-compiled.cc:127) VIVOSSPK15-078
LOG (gmm-align-compiled[5.5.987~1-eb8d0]:main():gmm-align-compiled.cc:127) VIVOSSPK15-079
LOG (gmm-align-compiled[5.5.987~1-eb8d0]:main():gmm-align-compiled.cc:127) VIVOSSPK15-080
LOG (gmm-align-compiled[5.5.987~1-eb8d0]:main():gmm-align-compiled.cc:127) VIVOSSPK15-081
LOG (gmm-align-compiled[5.5.987~1-eb8d0]:main():gmm-align-compiled.cc:127) VIVOSSPK15-082
LOG (gmm-align-compiled[5.5.987~1-eb8d0]:main():gmm-align-compiled.cc:127) VIVOSSPK15-083
LOG (gmm-align-compiled[5.5.987~1-eb8d0]:main():gmm-align-compiled.cc:127) VIVOSSPK15-084
LOG (gmm-align-compiled[5.5.987~1-eb8d0]:main():gmm-align-compiled.cc:127) VIVOSSPK15-085
LOG (gmm-align-compiled[5.5.987~1-eb8d0]:main():gmm-align-compiled.cc:127) VIVOSSPK15-086
LOG (gmm-align-compiled[5.5.987~1-eb8d0]:main():gmm-align-compiled.cc:127) VIVOSSPK15-087
LOG (gmm-align-compiled[5.5.987~1-eb8d0]:main():gmm-align-compiled.cc:127) VIVOSSPK15-088
LOG (gmm-align-compiled[5.5.987~1-eb8d0]:main():gmm-align-compiled.cc:127) VIVOSSPK15-089
LOG (gmm-align-compiled[5.5.987~1-eb8d0]:main():gmm-align-compiled.cc:127) VIVOSSPK15-090
LOG (gmm-align-compiled[5.5.987~1-eb8d0]:main():gmm-align-compiled.cc:127) VIVOSSPK15-091
LOG (gmm-align-compiled[5.5.987~1-eb8d0]:main():gmm-align-compiled.cc:127) VIVOSSPK15-092
LOG (gmm-align-compiled[5.5.987~1-eb8d0]:main():gmm-align-compiled.cc:127) VIVOSSPK15-093
LOG (gmm-align-compiled[5.5.987~1-eb8d0]:main():gmm-align-compiled.cc:127) VIVOSSPK15-094
LOG (gmm-align-compiled[5.5.987~1-eb8d0]:main():gmm-align-compiled.cc:127) VIVOSSPK15-095
LOG (gmm-align-compiled[5.5.987~1-eb8d0]:main():gmm-align-compiled.cc:127) VIVOSSPK15-096
LOG (gmm-align-compiled[5.5.987~1-eb8d0]:main():gmm-align-compiled.cc:127) VIVOSSPK15-097
LOG (gmm-align-compiled[5.5.987~1-eb8d0]:main():gmm-align-compiled.cc:127) VIVOSSPK15-098
LOG (gmm-align-compiled[5.5.987~1-eb8d0]:main():gmm-align-compiled.cc:127) VIVOSSPK15-099
LOG (gmm-align-compiled[5.5.987~1-eb8d0]:main():gmm-align-compiled.cc:127) VIVOSSPK15-100
LOG (gmm-align-compiled[5.5.987~1-eb8d0]:main():gmm-align-compiled.cc:127) VIVOSSPK15-101
LOG (gmm-align-compiled[5.5.987~1-eb8d0]:main():gmm-align-compiled.cc:127) VIVOSSPK15-102
LOG (gmm-align-compiled[5.5.987~1-eb8d0]:main():gmm-align-compiled.cc:127) VIVOSSPK15-103
LOG (gmm-align-compiled[5.5.987~1-eb8d0]:main():gmm-align-compiled.cc:127) VIVOSSPK15-104
LOG (gmm-align-compiled[5.5.987~1-eb8d0]:main():gmm-align-compiled.cc:127) VIVOSSPK15-105
LOG (gmm-align-compiled[5.5.987~1-eb8d0]:main():gmm-align-compiled.cc:127) VIVOSSPK15-106
LOG (gmm-align-compiled[5.5.987~1-eb8d0]:main():gmm-align-compiled.cc:127) VIVOSSPK15-107
LOG (gmm-align-compiled[5.5.987~1-eb8d0]:main():gmm-align-compiled.cc:127) VIVOSSPK15-108
LOG (gmm-align-compiled[5.5.987~1-eb8d0]:main():gmm-align-compiled.cc:127) VIVOSSPK15-109
LOG (gmm-align-compiled[5.5.987~1-eb8d0]:main():gmm-align-compiled.cc:127) VIVOSSPK15-110
LOG (gmm-align-compiled[5.5.987~1-eb8d0]:main():gmm-align-compiled.cc:127) VIVOSSPK15-111
LOG (gmm-align-compiled[5.5.987~1-eb8d0]:main():gmm-align-compiled.cc:127) VIVOSSPK15-112
LOG (gmm-align-compiled[5.5.987~1-eb8d0]:main():gmm-align-compiled.cc:127) VIVOSSPK15-113
LOG (gmm-align-compiled[5.5.987~1-eb8d0]:main():gmm-align-compiled.cc:127) VIVOSSPK15-114
LOG (gmm-align-compiled[5.5.987~1-eb8d0]:main():gmm-align-compiled.cc:127) VIVOSSPK15-115
LOG (gmm-align-compiled[5.5.987~1-eb8d0]:main():gmm-align-compiled.cc:127) VIVOSSPK15-116
LOG (gmm-align-compiled[5.5.987~1-eb8d0]:main():gmm-align-compiled.cc:127) VIVOSSPK15-117
LOG (gmm-align-compiled[5.5.987~1-eb8d0]:main():gmm-align-compiled.cc:127) VIVOSSPK15-118
LOG (gmm-align-compiled[5.5.987~1-eb8d0]:main():gmm-align-compiled.cc:127) VIVOSSPK15-119
LOG (gmm-align-compiled[5.5.987~1-eb8d0]:main():gmm-align-compiled.cc:127) VIVOSSPK15-120
LOG (gmm-align-compiled[5.5.987~1-eb8d0]:main():gmm-align-compiled.cc:127) VIVOSSPK15-121
LOG (gmm-align-compiled[5.5.987~1-eb8d0]:main():gmm-align-compiled.cc:127) VIVOSSPK15-122
LOG (gmm-align-compiled[5.5.987~1-eb8d0]:main():gmm-align-compiled.cc:127) VIVOSSPK15-123
LOG (gmm-align-compiled[5.5.987~1-eb8d0]:main():gmm-align-compiled.cc:127) VIVOSSPK15-124
LOG (gmm-align-compiled[5.5.987~1-eb8d0]:main():gmm-align-compiled.cc:127) VIVOSSPK15-125
LOG (gmm-align-compiled[5.5.987~1-eb8d0]:main():gmm-align-compiled.cc:127) VIVOSSPK15-126
LOG (gmm-align-compiled[5.5.987~1-eb8d0]:main():gmm-align-compiled.cc:127) VIVOSSPK15-127
LOG (gmm-align-compiled[5.5.987~1-eb8d0]:main():gmm-align-compiled.cc:127) VIVOSSPK15-128
LOG (gmm-align-compiled[5.5.987~1-eb8d0]:main():gmm-align-compiled.cc:127) VIVOSSPK15-129
LOG (gmm-align-compiled[5.5.987~1-eb8d0]:main():gmm-align-compiled.cc:127) VIVOSSPK15-130
LOG (gmm-align-compiled[5.5.987~1-eb8d0]:main():gmm-align-compiled.cc:127) VIVOSSPK15-131
LOG (gmm-align-compiled[5.5.987~1-eb8d0]:main():gmm-align-compiled.cc:127) VIVOSSPK15-132
LOG (gmm-align-compiled[5.5.987~1-eb8d0]:main():gmm-align-compiled.cc:127) VIVOSSPK15-133
LOG (gmm-align-compiled[5.5.987~1-eb8d0]:main():gmm-align-compiled.cc:127) VIVOSSPK15-134
LOG (gmm-align-compiled[5.5.987~1-eb8d0]:main():gmm-align-compiled.cc:127) VIVOSSPK15-135
LOG (gmm-align-compiled[5.5.987~1-eb8d0]:main():gmm-align-compiled.cc:127) VIVOSSPK15-136
LOG (gmm-align-compiled[5.5.987~1-eb8d0]:main():gmm-align-compiled.cc:127) VIVOSSPK15-137
LOG (gmm-align-compiled[5.5.987~1-eb8d0]:main():gmm-align-compiled.cc:127) VIVOSSPK15-138
LOG (gmm-align-compiled[5.5.987~1-eb8d0]:main():gmm-align-compiled.cc:127) VIVOSSPK15-139
LOG (gmm-align-compiled[5.5.987~1-eb8d0]:main():gmm-align-compiled.cc:127) VIVOSSPK15-140
LOG (gmm-align-compiled[5.5.987~1-eb8d0]:main():gmm-align-compiled.cc:127) VIVOSSPK15-141
LOG (gmm-align-compiled[5.5.987~1-eb8d0]:main():gmm-align-compiled.cc:127) VIVOSSPK15-142
LOG (gmm-align-compiled[5.5.987~1-eb8d0]:main():gmm-align-compiled.cc:127) VIVOSSPK15-143
LOG (gmm-align-compiled[5.5.987~1-eb8d0]:main():gmm-align-compiled.cc:127) VIVOSSPK15-144
LOG (gmm-align-compiled[5.5.987~1-eb8d0]:main():gmm-align-compiled.cc:127) VIVOSSPK15-145
LOG (gmm-align-compiled[5.5.987~1-eb8d0]:main():gmm-align-compiled.cc:127) VIVOSSPK15-146
LOG (gmm-align-compiled[5.5.987~1-eb8d0]:main():gmm-align-compiled.cc:127) VIVOSSPK15-147
LOG (gmm-align-compiled[5.5.987~1-eb8d0]:main():gmm-align-compiled.cc:127) VIVOSSPK15-148
LOG (gmm-align-compiled[5.5.987~1-eb8d0]:main():gmm-align-compiled.cc:127) VIVOSSPK15-149
LOG (gmm-align-compiled[5.5.987~1-eb8d0]:main():gmm-align-compiled.cc:127) VIVOSSPK15-150
LOG (gmm-align-compiled[5.5.987~1-eb8d0]:main():gmm-align-compiled.cc:127) VIVOSSPK15-151
LOG (gmm-align-compiled[5.5.987~1-eb8d0]:main():gmm-align-compiled.cc:127) VIVOSSPK15-152
LOG (gmm-align-compiled[5.5.987~1-eb8d0]:main():gmm-align-compiled.cc:127) VIVOSSPK15-153
LOG (gmm-align-compiled[5.5.987~1-eb8d0]:main():gmm-align-compiled.cc:127) VIVOSSPK15-154
LOG (gmm-align-compiled[5.5.987~1-eb8d0]:main():gmm-align-compiled.cc:127) VIVOSSPK15-155
LOG (gmm-align-compiled[5.5.987~1-eb8d0]:main():gmm-align-compiled.cc:127) VIVOSSPK15-156
LOG (gmm-align-compiled[5.5.987~1-eb8d0]:main():gmm-align-compiled.cc:127) VIVOSSPK15-157
LOG (gmm-align-compiled[5.5.987~1-eb8d0]:main():gmm-align-compiled.cc:127) VIVOSSPK15-158
LOG (gmm-align-compiled[5.5.987~1-eb8d0]:main():gmm-align-compiled.cc:127) VIVOSSPK15-159
LOG (gmm-align-compiled[5.5.987~1-eb8d0]:main():gmm-align-compiled.cc:127) VIVOSSPK15-160
LOG (gmm-align-compiled[5.5.987~1-eb8d0]:main():gmm-align-compiled.cc:127) VIVOSSPK15-161
LOG (gmm-align-compiled[5.5.987~1-eb8d0]:main():gmm-align-compiled.cc:127) VIVOSSPK15-162
LOG (gmm-align-compiled[5.5.987~1-eb8d0]:main():gmm-align-compiled.cc:127) VIVOSSPK15-163
LOG (gmm-align-compiled[5.5.987~1-eb8d0]:main():gmm-align-compiled.cc:127) VIVOSSPK15-164
LOG (gmm-align-compiled[5.5.987~1-eb8d0]:main():gmm-align-compiled.cc:127) VIVOSSPK15-165
LOG (gmm-align-compiled[5.5.987~1-eb8d0]:main():gmm-align-compiled.cc:127) VIVOSSPK15-166
LOG (gmm-align-compiled[5.5.987~1-eb8d0]:main():gmm-align-compiled.cc:127) VIVOSSPK15-167
LOG (gmm-align-compiled[5.5.987~1-eb8d0]:main():gmm-align-compiled.cc:127) VIVOSSPK15-168
LOG (gmm-align-compiled[5.5.987~1-eb8d0]:main():gmm-align-compiled.cc:127) VIVOSSPK15-169
LOG (gmm-align-compiled[5.5.987~1-eb8d0]:main():gmm-align-compiled.cc:127) VIVOSSPK15-170
LOG (gmm-align-compiled[5.5.987~1-eb8d0]:main():gmm-align-compiled.cc:127) VIVOSSPK15-171
LOG (gmm-align-compiled[5.5.987~1-eb8d0]:main():gmm-align-compiled.cc:127) VIVOSSPK15-172
LOG (gmm-align-compiled[5.5.987~1-eb8d0]:main():gmm-align-compiled.cc:127) VIVOSSPK15-173
LOG (gmm-align-compiled[5.5.987~1-eb8d0]:main():gmm-align-compiled.cc:127) VIVOSSPK15-174
LOG (gmm-align-compiled[5.5.987~1-eb8d0]:main():gmm-align-compiled.cc:127) VIVOSSPK15-175
LOG (gmm-align-compiled[5.5.987~1-eb8d0]:main():gmm-align-compiled.cc:127) VIVOSSPK15-176
LOG (gmm-align-compiled[5.5.987~1-eb8d0]:main():gmm-align-compiled.cc:127) VIVOSSPK15-177
LOG (gmm-align-compiled[5.5.987~1-eb8d0]:main():gmm-align-compiled.cc:127) VIVOSSPK15-178
LOG (gmm-align-compiled[5.5.987~1-eb8d0]:main():gmm-align-compiled.cc:127) VIVOSSPK15-179
LOG (gmm-align-compiled[5.5.987~1-eb8d0]:main():gmm-align-compiled.cc:127) VIVOSSPK15-180
LOG (gmm-align-compiled[5.5.987~1-eb8d0]:main():gmm-align-compiled.cc:127) VIVOSSPK15-181
LOG (gmm-align-compiled[5.5.987~1-eb8d0]:main():gmm-align-compiled.cc:127) VIVOSSPK15-182
LOG (gmm-align-compiled[5.5.987~1-eb8d0]:main():gmm-align-compiled.cc:127) VIVOSSPK15-183
LOG (gmm-align-compiled[5.5.987~1-eb8d0]:main():gmm-align-compiled.cc:127) VIVOSSPK15-184
LOG (gmm-align-compiled[5.5.987~1-eb8d0]:main():gmm-align-compiled.cc:127) VIVOSSPK15-185
LOG (gmm-align-compiled[5.5.987~1-eb8d0]:main():gmm-align-compiled.cc:127) VIVOSSPK15-186
LOG (gmm-align-compiled[5.5.987~1-eb8d0]:main():gmm-align-compiled.cc:127) VIVOSSPK15-187
LOG (gmm-align-compiled[5.5.987~1-eb8d0]:main():gmm-align-compiled.cc:127) VIVOSSPK15-188
LOG (gmm-align-compiled[5.5.987~1-eb8d0]:main():gmm-align-compiled.cc:127) VIVOSSPK15-189
LOG (gmm-align-compiled[5.5.987~1-eb8d0]:main():gmm-align-compiled.cc:127) VIVOSSPK15-190
LOG (gmm-align-compiled[5.5.987~1-eb8d0]:main():gmm-align-compiled.cc:127) VIVOSSPK15-191
LOG (gmm-align-compiled[5.5.987~1-eb8d0]:main():gmm-align-compiled.cc:127) VIVOSSPK15-192
LOG (gmm-align-compiled[5.5.987~1-eb8d0]:main():gmm-align-compiled.cc:127) VIVOSSPK15-193
LOG (gmm-align-compiled[5.5.987~1-eb8d0]:main():gmm-align-compiled.cc:127) VIVOSSPK15-194
LOG (gmm-align-compiled[5.5.987~1-eb8d0]:main():gmm-align-compiled.cc:127) VIVOSSPK15-195
LOG (gmm-align-compiled[5.5.987~1-eb8d0]:main():gmm-align-compiled.cc:127) VIVOSSPK15-196
LOG (gmm-align-compiled[5.5.987~1-eb8d0]:main():gmm-align-compiled.cc:127) VIVOSSPK15-197
LOG (gmm-align-compiled[5.5.987~1-eb8d0]:main():gmm-align-compiled.cc:127) VIVOSSPK15-198
LOG (gmm-align-compiled[5.5.987~1-eb8d0]:main():gmm-align-compiled.cc:127) VIVOSSPK15-199
LOG (gmm-align-compiled[5.5.987~1-eb8d0]:main():gmm-align-compiled.cc:127) VIVOSSPK15-200
LOG (gmm-align-compiled[5.5.987~1-eb8d0]:main():gmm-align-compiled.cc:127) VIVOSSPK15-201
LOG (gmm-align-compiled[5.5.987~1-eb8d0]:main():gmm-align-compiled.cc:127) VIVOSSPK15-202
LOG (gmm-align-compiled[5.5.987~1-eb8d0]:main():gmm-align-compiled.cc:127) VIVOSSPK15-203
LOG (gmm-align-compiled[5.5.987~1-eb8d0]:main():gmm-align-compiled.cc:127) VIVOSSPK15-204
LOG (gmm-align-compiled[5.5.987~1-eb8d0]:main():gmm-align-compiled.cc:127) VIVOSSPK15-205
LOG (gmm-align-compiled[5.5.987~1-eb8d0]:main():gmm-align-compiled.cc:127) VIVOSSPK15-206
LOG (gmm-align-compiled[5.5.987~1-eb8d0]:main():gmm-align-compiled.cc:127) VIVOSSPK15-207
LOG (gmm-align-compiled[5.5.987~1-eb8d0]:main():gmm-align-compiled.cc:127) VIVOSSPK15-208
LOG (gmm-align-compiled[5.5.987~1-eb8d0]:main():gmm-align-compiled.cc:127) VIVOSSPK15-209
LOG (gmm-align-compiled[5.5.987~1-eb8d0]:main():gmm-align-compiled.cc:127) VIVOSSPK15-210
LOG (gmm-align-compiled[5.5.987~1-eb8d0]:main():gmm-align-compiled.cc:127) VIVOSSPK15-211
LOG (gmm-align-compiled[5.5.987~1-eb8d0]:main():gmm-align-compiled.cc:127) VIVOSSPK15-212
LOG (gmm-align-compiled[5.5.987~1-eb8d0]:main():gmm-align-compiled.cc:127) VIVOSSPK15-213
LOG (gmm-align-compiled[5.5.987~1-eb8d0]:main():gmm-align-compiled.cc:127) VIVOSSPK15-214
LOG (gmm-align-compiled[5.5.987~1-eb8d0]:main():gmm-align-compiled.cc:127) VIVOSSPK15-215
LOG (gmm-align-compiled[5.5.987~1-eb8d0]:main():gmm-align-compiled.cc:127) VIVOSSPK15-216
LOG (gmm-align-compiled[5.5.987~1-eb8d0]:main():gmm-align-compiled.cc:127) VIVOSSPK15-217
LOG (gmm-align-compiled[5.5.987~1-eb8d0]:main():gmm-align-compiled.cc:127) VIVOSSPK15-218
LOG (gmm-align-compiled[5.5.987~1-eb8d0]:main():gmm-align-compiled.cc:127) VIVOSSPK15-219
LOG (gmm-align-compiled[5.5.987~1-eb8d0]:main():gmm-align-compiled.cc:127) VIVOSSPK15-220
LOG (gmm-align-compiled[5.5.987~1-eb8d0]:main():gmm-align-compiled.cc:127) VIVOSSPK15-221
LOG (gmm-align-compiled[5.5.987~1-eb8d0]:main():gmm-align-compiled.cc:127) VIVOSSPK15-222
LOG (gmm-align-compiled[5.5.987~1-eb8d0]:main():gmm-align-compiled.cc:127) VIVOSSPK15-223
LOG (gmm-align-compiled[5.5.987~1-eb8d0]:main():gmm-align-compiled.cc:127) VIVOSSPK15-224
LOG (gmm-align-compiled[5.5.987~1-eb8d0]:main():gmm-align-compiled.cc:127) VIVOSSPK15-225
LOG (gmm-align-compiled[5.5.987~1-eb8d0]:main():gmm-align-compiled.cc:127) VIVOSSPK15-226
LOG (gmm-align-compiled[5.5.987~1-eb8d0]:main():gmm-align-compiled.cc:127) VIVOSSPK15-227
LOG (gmm-align-compiled[5.5.987~1-eb8d0]:main():gmm-align-compiled.cc:127) VIVOSSPK15-228
LOG (gmm-align-compiled[5.5.987~1-eb8d0]:main():gmm-align-compiled.cc:127) VIVOSSPK15-229
LOG (gmm-align-compiled[5.5.987~1-eb8d0]:main():gmm-align-compiled.cc:127) VIVOSSPK15-230
LOG (gmm-align-compiled[5.5.987~1-eb8d0]:main():gmm-align-compiled.cc:127) VIVOSSPK15-231
LOG (gmm-align-compiled[5.5.987~1-eb8d0]:main():gmm-align-compiled.cc:127) VIVOSSPK15-232
LOG (gmm-align-compiled[5.5.987~1-eb8d0]:main():gmm-align-compiled.cc:127) VIVOSSPK15-233
LOG (gmm-align-compiled[5.5.987~1-eb8d0]:main():gmm-align-compiled.cc:127) VIVOSSPK15-234
LOG (gmm-align-compiled[5.5.987~1-eb8d0]:main():gmm-align-compiled.cc:127) VIVOSSPK15-235
LOG (gmm-align-compiled[5.5.987~1-eb8d0]:main():gmm-align-compiled.cc:127) VIVOSSPK15-236
LOG (gmm-align-compiled[5.5.987~1-eb8d0]:main():gmm-align-compiled.cc:127) VIVOSSPK15-237
LOG (gmm-align-compiled[5.5.987~1-eb8d0]:main():gmm-align-compiled.cc:127) VIVOSSPK15-238
LOG (gmm-align-compiled[5.5.987~1-eb8d0]:main():gmm-align-compiled.cc:127) VIVOSSPK15-239
LOG (gmm-align-compiled[5.5.987~1-eb8d0]:main():gmm-align-compiled.cc:127) VIVOSSPK15-240
LOG (gmm-align-compiled[5.5.987~1-eb8d0]:main():gmm-align-compiled.cc:127) VIVOSSPK15-241
LOG (gmm-align-compiled[5.5.987~1-eb8d0]:main():gmm-align-compiled.cc:127) VIVOSSPK15-242
LOG (gmm-align-compiled[5.5.987~1-eb8d0]:main():gmm-align-compiled.cc:127) VIVOSSPK15-243
LOG (gmm-align-compiled[5.5.987~1-eb8d0]:main():gmm-align-compiled.cc:127) VIVOSSPK15-244
LOG (gmm-align-compiled[5.5.987~1-eb8d0]:main():gmm-align-compiled.cc:127) VIVOSSPK15-245
LOG (gmm-align-compiled[5.5.987~1-eb8d0]:main():gmm-align-compiled.cc:127) VIVOSSPK15-246
LOG (gmm-align-compiled[5.5.987~1-eb8d0]:main():gmm-align-compiled.cc:127) VIVOSSPK15-247
LOG (gmm-align-compiled[5.5.987~1-eb8d0]:main():gmm-align-compiled.cc:127) VIVOSSPK15-248
LOG (gmm-align-compiled[5.5.987~1-eb8d0]:main():gmm-align-compiled.cc:127) VIVOSSPK15-249
LOG (gmm-align-compiled[5.5.987~1-eb8d0]:main():gmm-align-compiled.cc:127) VIVOSSPK15-250
LOG (gmm-align-compiled[5.5.987~1-eb8d0]:main():gmm-align-compiled.cc:127) VIVOSSPK15-251
LOG (gmm-align-compiled[5.5.987~1-eb8d0]:main():gmm-align-compiled.cc:127) VIVOSSPK15-252
LOG (gmm-align-compiled[5.5.987~1-eb8d0]:main():gmm-align-compiled.cc:127) VIVOSSPK15-253
LOG (gmm-align-compiled[5.5.987~1-eb8d0]:main():gmm-align-compiled.cc:127) VIVOSSPK15-254
LOG (gmm-align-compiled[5.5.987~1-eb8d0]:main():gmm-align-compiled.cc:127) VIVOSSPK15-255
LOG (gmm-align-compiled[5.5.987~1-eb8d0]:main():gmm-align-compiled.cc:127) VIVOSSPK15-256
LOG (gmm-align-compiled[5.5.987~1-eb8d0]:main():gmm-align-compiled.cc:127) VIVOSSPK15-257
LOG (gmm-align-compiled[5.5.987~1-eb8d0]:main():gmm-align-compiled.cc:127) VIVOSSPK15-258
LOG (gmm-align-compiled[5.5.987~1-eb8d0]:main():gmm-align-compiled.cc:127) VIVOSSPK15-259
LOG (gmm-align-compiled[5.5.987~1-eb8d0]:main():gmm-align-compiled.cc:127) VIVOSSPK15-260
LOG (gmm-align-compiled[5.5.987~1-eb8d0]:main():gmm-align-compiled.cc:127) VIVOSSPK15-261
LOG (gmm-align-compiled[5.5.987~1-eb8d0]:main():gmm-align-compiled.cc:127) VIVOSSPK15-262
LOG (gmm-align-compiled[5.5.987~1-eb8d0]:main():gmm-align-compiled.cc:127) VIVOSSPK15-263
LOG (gmm-align-compiled[5.5.987~1-eb8d0]:main():gmm-align-compiled.cc:127) VIVOSSPK15-264
LOG (gmm-align-compiled[5.5.987~1-eb8d0]:main():gmm-align-compiled.cc:127) VIVOSSPK15-265
LOG (gmm-align-compiled[5.5.987~1-eb8d0]:main():gmm-align-compiled.cc:127) VIVOSSPK15-266
LOG (gmm-align-compiled[5.5.987~1-eb8d0]:main():gmm-align-compiled.cc:127) VIVOSSPK15-267
LOG (gmm-align-compiled[5.5.987~1-eb8d0]:main():gmm-align-compiled.cc:127) VIVOSSPK15-268
LOG (gmm-align-compiled[5.5.987~1-eb8d0]:main():gmm-align-compiled.cc:127) VIVOSSPK15-269
LOG (gmm-align-compiled[5.5.987~1-eb8d0]:main():gmm-align-compiled.cc:127) VIVOSSPK15-270
LOG (gmm-align-compiled[5.5.987~1-eb8d0]:main():gmm-align-compiled.cc:127) VIVOSSPK15-271
LOG (gmm-align-compiled[5.5.987~1-eb8d0]:main():gmm-align-compiled.cc:127) VIVOSSPK15-272
LOG (gmm-align-compiled[5.5.987~1-eb8d0]:main():gmm-align-compiled.cc:127) VIVOSSPK15-273
LOG (gmm-align-compiled[5.5.987~1-eb8d0]:main():gmm-align-compiled.cc:127) VIVOSSPK15-274
LOG (gmm-align-compiled[5.5.987~1-eb8d0]:main():gmm-align-compiled.cc:127) VIVOSSPK15-275
LOG (gmm-align-compiled[5.5.987~1-eb8d0]:main():gmm-align-compiled.cc:127) VIVOSSPK15-276
LOG (gmm-align-compiled[5.5.987~1-eb8d0]:main():gmm-align-compiled.cc:127) VIVOSSPK15-277
LOG (gmm-align-compiled[5.5.987~1-eb8d0]:main():gmm-align-compiled.cc:127) VIVOSSPK15-278
LOG (gmm-align-compiled[5.5.987~1-eb8d0]:main():gmm-align-compiled.cc:127) VIVOSSPK15-279
LOG (gmm-align-compiled[5.5.987~1-eb8d0]:main():gmm-align-compiled.cc:127) VIVOSSPK15-280
LOG (gmm-align-compiled[5.5.987~1-eb8d0]:main():gmm-align-compiled.cc:127) VIVOSSPK15-281
LOG (gmm-align-compiled[5.5.987~1-eb8d0]:main():gmm-align-compiled.cc:127) VIVOSSPK15-282
LOG (gmm-align-compiled[5.5.987~1-eb8d0]:main():gmm-align-compiled.cc:127) VIVOSSPK15-283
LOG (gmm-align-compiled[5.5.987~1-eb8d0]:main():gmm-align-compiled.cc:127) VIVOSSPK15-284
LOG (gmm-align-compiled[5.5.987~1-eb8d0]:main():gmm-align-compiled.cc:127) VIVOSSPK15-285
LOG (gmm-align-compiled[5.5.987~1-eb8d0]:main():gmm-align-compiled.cc:127) VIVOSSPK15-286
LOG (gmm-align-compiled[5.5.987~1-eb8d0]:main():gmm-align-compiled.cc:127) VIVOSSPK15-287
LOG (gmm-align-compiled[5.5.987~1-eb8d0]:main():gmm-align-compiled.cc:127) VIVOSSPK15-288
LOG (gmm-align-compiled[5.5.987~1-eb8d0]:main():gmm-align-compiled.cc:127) VIVOSSPK15-289
LOG (gmm-align-compiled[5.5.987~1-eb8d0]:main():gmm-align-compiled.cc:127) VIVOSSPK15-290
LOG (gmm-align-compiled[5.5.987~1-eb8d0]:main():gmm-align-compiled.cc:127) VIVOSSPK15-291
LOG (gmm-align-compiled[5.5.987~1-eb8d0]:main():gmm-align-compiled.cc:127) VIVOSSPK15-292
LOG (gmm-align-compiled[5.5.987~1-eb8d0]:main():gmm-align-compiled.cc:127) VIVOSSPK15-293
LOG (gmm-align-compiled[5.5.987~1-eb8d0]:main():gmm-align-compiled.cc:127) VIVOSSPK15-294
LOG (gmm-align-compiled[5.5.987~1-eb8d0]:main():gmm-align-compiled.cc:127) VIVOSSPK15-295
LOG (apply-cmvn[5.5.987~1-eb8d0]:main():apply-cmvn.cc:162) Applied cepstral mean normalization to 900 utterances, errors on 0
LOG (gmm-align-compiled[5.5.987~1-eb8d0]:main():gmm-align-compiled.cc:127) VIVOSSPK15-296
LOG (gmm-align-compiled[5.5.987~1-eb8d0]:main():gmm-align-compiled.cc:127) VIVOSSPK15-297
LOG (gmm-align-compiled[5.5.987~1-eb8d0]:main():gmm-align-compiled.cc:127) VIVOSSPK15-298
LOG (gmm-align-compiled[5.5.987~1-eb8d0]:main():gmm-align-compiled.cc:127) VIVOSSPK15-299
LOG (gmm-align-compiled[5.5.987~1-eb8d0]:main():gmm-align-compiled.cc:127) VIVOSSPK15-300
LOG (gmm-align-compiled[5.5.987~1-eb8d0]:main():gmm-align-compiled.cc:135) Overall log-likelihood per frame is -99.7954 over 321069 frames.
LOG (gmm-align-compiled[5.5.987~1-eb8d0]:main():gmm-align-compiled.cc:137) Retried 21 out of 900 utterances.
LOG (gmm-align-compiled[5.5.987~1-eb8d0]:main():gmm-align-compiled.cc:139) Done 900, errors on 0
# Accounting: time=4 threads=1
# Ended (code 0) at Fri Oct 29 08:03:27 +07 2021, elapsed time 4 seconds
