# align-equal-compiled "ark:gunzip -c exp/mono/fsts.5.gz|" "ark,s,cs:apply-cmvn  --utt2spk=ark:data/train/split16/5/utt2spk scp:data/train/split16/5/cmvn.scp scp:data/train/split16/5/feats.scp ark:- | add-deltas  ark:- ark:- |" ark,t:- | gmm-acc-stats-ali --binary=true exp/mono/0.mdl "ark,s,cs:apply-cmvn  --utt2spk=ark:data/train/split16/5/utt2spk scp:data/train/split16/5/cmvn.scp scp:data/train/split16/5/feats.scp ark:- | add-deltas  ark:- ark:- |" ark:- exp/mono/0.5.acc 
# Started at Fri Oct 29 08:01:18 +07 2021
#
align-equal-compiled 'ark:gunzip -c exp/mono/fsts.5.gz|' 'ark,s,cs:apply-cmvn  --utt2spk=ark:data/train/split16/5/utt2spk scp:data/train/split16/5/cmvn.scp scp:data/train/split16/5/feats.scp ark:- | add-deltas  ark:- ark:- |' ark,t:- 
gmm-acc-stats-ali --binary=true exp/mono/0.mdl 'ark,s,cs:apply-cmvn  --utt2spk=ark:data/train/split16/5/utt2spk scp:data/train/split16/5/cmvn.scp scp:data/train/split16/5/feats.scp ark:- | add-deltas  ark:- ark:- |' ark:- exp/mono/0.5.acc 
add-deltas ark:- ark:- 
apply-cmvn --utt2spk=ark:data/train/split16/5/utt2spk scp:data/train/split16/5/cmvn.scp scp:data/train/split16/5/feats.scp ark:- 
apply-cmvn --utt2spk=ark:data/train/split16/5/utt2spk scp:data/train/split16/5/cmvn.scp scp:data/train/split16/5/feats.scp ark:- 
add-deltas ark:- ark:- 
LOG (gmm-acc-stats-ali[5.5.987~1-eb8d0]:main():gmm-acc-stats-ali.cc:105) Processed 50 utterances; for utterance VIVOSSPK13-050 avg. like is -112.483 over 479 frames.
LOG (gmm-acc-stats-ali[5.5.987~1-eb8d0]:main():gmm-acc-stats-ali.cc:105) Processed 100 utterances; for utterance VIVOSSPK13-100 avg. like is -112.175 over 504 frames.
LOG (gmm-acc-stats-ali[5.5.987~1-eb8d0]:main():gmm-acc-stats-ali.cc:105) Processed 150 utterances; for utterance VIVOSSPK13-150 avg. like is -117.095 over 486 frames.
LOG (gmm-acc-stats-ali[5.5.987~1-eb8d0]:main():gmm-acc-stats-ali.cc:105) Processed 200 utterances; for utterance VIVOSSPK13-200 avg. like is -114.759 over 454 frames.
LOG (gmm-acc-stats-ali[5.5.987~1-eb8d0]:main():gmm-acc-stats-ali.cc:105) Processed 250 utterances; for utterance VIVOSSPK13-250 avg. like is -110.053 over 311 frames.
LOG (gmm-acc-stats-ali[5.5.987~1-eb8d0]:main():gmm-acc-stats-ali.cc:105) Processed 300 utterances; for utterance VIVOSSPK13-300 avg. like is -109.428 over 261 frames.
LOG (gmm-acc-stats-ali[5.5.987~1-eb8d0]:main():gmm-acc-stats-ali.cc:105) Processed 350 utterances; for utterance VIVOSSPK14-050 avg. like is -115.952 over 473 frames.
LOG (gmm-acc-stats-ali[5.5.987~1-eb8d0]:main():gmm-acc-stats-ali.cc:105) Processed 400 utterances; for utterance VIVOSSPK14-100 avg. like is -116.663 over 479 frames.
LOG (gmm-acc-stats-ali[5.5.987~1-eb8d0]:main():gmm-acc-stats-ali.cc:105) Processed 450 utterances; for utterance VIVOSSPK14-150 avg. like is -115.589 over 398 frames.
LOG (gmm-acc-stats-ali[5.5.987~1-eb8d0]:main():gmm-acc-stats-ali.cc:105) Processed 500 utterances; for utterance VIVOSSPK14-200 avg. like is -109.986 over 276 frames.
LOG (gmm-acc-stats-ali[5.5.987~1-eb8d0]:main():gmm-acc-stats-ali.cc:105) Processed 550 utterances; for utterance VIVOSSPK14-250 avg. like is -109.86 over 261 frames.
LOG (gmm-acc-stats-ali[5.5.987~1-eb8d0]:main():gmm-acc-stats-ali.cc:105) Processed 600 utterances; for utterance VIVOSSPK14-300 avg. like is -116.911 over 476 frames.
LOG (gmm-acc-stats-ali[5.5.987~1-eb8d0]:main():gmm-acc-stats-ali.cc:105) Processed 650 utterances; for utterance VIVOSSPK15-050 avg. like is -109.341 over 426 frames.
LOG (gmm-acc-stats-ali[5.5.987~1-eb8d0]:main():gmm-acc-stats-ali.cc:105) Processed 700 utterances; for utterance VIVOSSPK15-100 avg. like is -107.763 over 436 frames.
LOG (gmm-acc-stats-ali[5.5.987~1-eb8d0]:main():gmm-acc-stats-ali.cc:105) Processed 750 utterances; for utterance VIVOSSPK15-150 avg. like is -105.397 over 398 frames.
LOG (gmm-acc-stats-ali[5.5.987~1-eb8d0]:main():gmm-acc-stats-ali.cc:105) Processed 800 utterances; for utterance VIVOSSPK15-200 avg. like is -107.809 over 248 frames.
LOG (apply-cmvn[5.5.987~1-eb8d0]:main():apply-cmvn.cc:162) Applied cepstral mean normalization to 900 utterances, errors on 0
LOG (align-equal-compiled[5.5.987~1-eb8d0]:main():align-equal-compiled.cc:107) Success: done 900 utterances.
LOG (gmm-acc-stats-ali[5.5.987~1-eb8d0]:main():gmm-acc-stats-ali.cc:105) Processed 850 utterances; for utterance VIVOSSPK15-250 avg. like is -102.579 over 298 frames.
LOG (apply-cmvn[5.5.987~1-eb8d0]:main():apply-cmvn.cc:162) Applied cepstral mean normalization to 900 utterances, errors on 0
LOG (gmm-acc-stats-ali[5.5.987~1-eb8d0]:main():gmm-acc-stats-ali.cc:105) Processed 900 utterances; for utterance VIVOSSPK15-300 avg. like is -109.248 over 248 frames.
LOG (gmm-acc-stats-ali[5.5.987~1-eb8d0]:main():gmm-acc-stats-ali.cc:112) Done 900 files, 0 with errors.
LOG (gmm-acc-stats-ali[5.5.987~1-eb8d0]:main():gmm-acc-stats-ali.cc:115) Overall avg like per frame (Gaussian only) = -111.539 over 321069 frames.
LOG (gmm-acc-stats-ali[5.5.987~1-eb8d0]:main():gmm-acc-stats-ali.cc:123) Written accs.
# Accounting: time=2 threads=1
# Ended (code 0) at Fri Oct 29 08:01:20 +07 2021, elapsed time 2 seconds
