# gmm-align-compiled --transition-scale=1.0 --acoustic-scale=0.1 --self-loop-scale=0.1 --beam=10 --retry-beam=40 --careful=false "gmm-boost-silence --boost=1.0 1 exp/mono/9.mdl - |" "ark:gunzip -c exp/mono/fsts.16.gz|" "ark,s,cs:apply-cmvn  --utt2spk=ark:data/train/split16/16/utt2spk scp:data/train/split16/16/cmvn.scp scp:data/train/split16/16/feats.scp ark:- | add-deltas  ark:- ark:- |" "ark,t:|gzip -c >exp/mono/ali.16.gz" 
# Started at Fri Oct 29 08:03:23 +07 2021
#
gmm-align-compiled --transition-scale=1.0 --acoustic-scale=0.1 --self-loop-scale=0.1 --beam=10 --retry-beam=40 --careful=false 'gmm-boost-silence --boost=1.0 1 exp/mono/9.mdl - |' 'ark:gunzip -c exp/mono/fsts.16.gz|' 'ark,s,cs:apply-cmvn  --utt2spk=ark:data/train/split16/16/utt2spk scp:data/train/split16/16/cmvn.scp scp:data/train/split16/16/feats.scp ark:- | add-deltas  ark:- ark:- |' 'ark,t:|gzip -c >exp/mono/ali.16.gz' 
gmm-boost-silence --boost=1.0 1 exp/mono/9.mdl - 
WARNING (gmm-boost-silence[5.5.987~1-eb8d0]:main():gmm-boost-silence.cc:82) The pdfs for the silence phones may be shared by other phones (note: this probably does not matter.)
LOG (gmm-boost-silence[5.5.987~1-eb8d0]:main():gmm-boost-silence.cc:93) Boosted weights for 5 pdfs, by factor of 1
LOG (gmm-boost-silence[5.5.987~1-eb8d0]:main():gmm-boost-silence.cc:103) Wrote model to -
add-deltas ark:- ark:- 
apply-cmvn --utt2spk=ark:data/train/split16/16/utt2spk scp:data/train/split16/16/cmvn.scp scp:data/train/split16/16/feats.scp ark:- 
LOG (gmm-align-compiled[5.5.987~1-eb8d0]:main():gmm-align-compiled.cc:127) VIVOSSPK45-001
WARNING (gmm-align-compiled[5.5.987~1-eb8d0]:AlignUtteranceWrapper():decoder-wrappers.cc:617) Retrying utterance VIVOSSPK45-001 with beam 40
LOG (gmm-align-compiled[5.5.987~1-eb8d0]:main():gmm-align-compiled.cc:127) VIVOSSPK45-002
LOG (gmm-align-compiled[5.5.987~1-eb8d0]:main():gmm-align-compiled.cc:127) VIVOSSPK45-003
LOG (gmm-align-compiled[5.5.987~1-eb8d0]:main():gmm-align-compiled.cc:127) VIVOSSPK45-004
LOG (gmm-align-compiled[5.5.987~1-eb8d0]:main():gmm-align-compiled.cc:127) VIVOSSPK45-005
LOG (gmm-align-compiled[5.5.987~1-eb8d0]:main():gmm-align-compiled.cc:127) VIVOSSPK45-006
LOG (gmm-align-compiled[5.5.987~1-eb8d0]:main():gmm-align-compiled.cc:127) VIVOSSPK45-007
WARNING (gmm-align-compiled[5.5.987~1-eb8d0]:AlignUtteranceWrapper():decoder-wrappers.cc:617) Retrying utterance VIVOSSPK45-007 with beam 40
LOG (gmm-align-compiled[5.5.987~1-eb8d0]:main():gmm-align-compiled.cc:127) VIVOSSPK45-008
LOG (gmm-align-compiled[5.5.987~1-eb8d0]:main():gmm-align-compiled.cc:127) VIVOSSPK45-009
LOG (gmm-align-compiled[5.5.987~1-eb8d0]:main():gmm-align-compiled.cc:127) VIVOSSPK45-010
LOG (gmm-align-compiled[5.5.987~1-eb8d0]:main():gmm-align-compiled.cc:127) VIVOSSPK45-011
LOG (gmm-align-compiled[5.5.987~1-eb8d0]:main():gmm-align-compiled.cc:127) VIVOSSPK45-012
LOG (gmm-align-compiled[5.5.987~1-eb8d0]:main():gmm-align-compiled.cc:127) VIVOSSPK45-013
WARNING (gmm-align-compiled[5.5.987~1-eb8d0]:AlignUtteranceWrapper():decoder-wrappers.cc:617) Retrying utterance VIVOSSPK45-013 with beam 40
LOG (gmm-align-compiled[5.5.987~1-eb8d0]:main():gmm-align-compiled.cc:127) VIVOSSPK45-014
LOG (gmm-align-compiled[5.5.987~1-eb8d0]:main():gmm-align-compiled.cc:127) VIVOSSPK45-015
LOG (gmm-align-compiled[5.5.987~1-eb8d0]:main():gmm-align-compiled.cc:127) VIVOSSPK45-016
LOG (gmm-align-compiled[5.5.987~1-eb8d0]:main():gmm-align-compiled.cc:127) VIVOSSPK45-017
LOG (gmm-align-compiled[5.5.987~1-eb8d0]:main():gmm-align-compiled.cc:127) VIVOSSPK45-018
LOG (gmm-align-compiled[5.5.987~1-eb8d0]:main():gmm-align-compiled.cc:127) VIVOSSPK45-019
LOG (gmm-align-compiled[5.5.987~1-eb8d0]:main():gmm-align-compiled.cc:127) VIVOSSPK45-020
LOG (gmm-align-compiled[5.5.987~1-eb8d0]:main():gmm-align-compiled.cc:127) VIVOSSPK45-021
WARNING (gmm-align-compiled[5.5.987~1-eb8d0]:AlignUtteranceWrapper():decoder-wrappers.cc:617) Retrying utterance VIVOSSPK45-021 with beam 40
LOG (gmm-align-compiled[5.5.987~1-eb8d0]:main():gmm-align-compiled.cc:127) VIVOSSPK45-022
WARNING (gmm-align-compiled[5.5.987~1-eb8d0]:AlignUtteranceWrapper():decoder-wrappers.cc:617) Retrying utterance VIVOSSPK45-022 with beam 40
LOG (gmm-align-compiled[5.5.987~1-eb8d0]:main():gmm-align-compiled.cc:127) VIVOSSPK45-023
LOG (gmm-align-compiled[5.5.987~1-eb8d0]:main():gmm-align-compiled.cc:127) VIVOSSPK45-024
LOG (gmm-align-compiled[5.5.987~1-eb8d0]:main():gmm-align-compiled.cc:127) VIVOSSPK45-025
LOG (gmm-align-compiled[5.5.987~1-eb8d0]:main():gmm-align-compiled.cc:127) VIVOSSPK45-026
LOG (gmm-align-compiled[5.5.987~1-eb8d0]:main():gmm-align-compiled.cc:127) VIVOSSPK45-027
LOG (gmm-align-compiled[5.5.987~1-eb8d0]:main():gmm-align-compiled.cc:127) VIVOSSPK45-028
LOG (gmm-align-compiled[5.5.987~1-eb8d0]:main():gmm-align-compiled.cc:127) VIVOSSPK45-029
LOG (gmm-align-compiled[5.5.987~1-eb8d0]:main():gmm-align-compiled.cc:127) VIVOSSPK45-030
LOG (gmm-align-compiled[5.5.987~1-eb8d0]:main():gmm-align-compiled.cc:127) VIVOSSPK45-031
LOG (gmm-align-compiled[5.5.987~1-eb8d0]:main():gmm-align-compiled.cc:127) VIVOSSPK45-032
LOG (gmm-align-compiled[5.5.987~1-eb8d0]:main():gmm-align-compiled.cc:127) VIVOSSPK45-033
LOG (gmm-align-compiled[5.5.987~1-eb8d0]:main():gmm-align-compiled.cc:127) VIVOSSPK45-034
LOG (gmm-align-compiled[5.5.987~1-eb8d0]:main():gmm-align-compiled.cc:127) VIVOSSPK45-035
LOG (gmm-align-compiled[5.5.987~1-eb8d0]:main():gmm-align-compiled.cc:127) VIVOSSPK45-036
LOG (gmm-align-compiled[5.5.987~1-eb8d0]:main():gmm-align-compiled.cc:127) VIVOSSPK45-037
LOG (gmm-align-compiled[5.5.987~1-eb8d0]:main():gmm-align-compiled.cc:127) VIVOSSPK45-038
LOG (gmm-align-compiled[5.5.987~1-eb8d0]:main():gmm-align-compiled.cc:127) VIVOSSPK45-039
LOG (gmm-align-compiled[5.5.987~1-eb8d0]:main():gmm-align-compiled.cc:127) VIVOSSPK45-040
LOG (gmm-align-compiled[5.5.987~1-eb8d0]:main():gmm-align-compiled.cc:127) VIVOSSPK45-041
WARNING (gmm-align-compiled[5.5.987~1-eb8d0]:AlignUtteranceWrapper():decoder-wrappers.cc:617) Retrying utterance VIVOSSPK45-041 with beam 40
LOG (gmm-align-compiled[5.5.987~1-eb8d0]:main():gmm-align-compiled.cc:127) VIVOSSPK45-042
LOG (gmm-align-compiled[5.5.987~1-eb8d0]:main():gmm-align-compiled.cc:127) VIVOSSPK45-043
LOG (gmm-align-compiled[5.5.987~1-eb8d0]:main():gmm-align-compiled.cc:127) VIVOSSPK45-044
LOG (gmm-align-compiled[5.5.987~1-eb8d0]:main():gmm-align-compiled.cc:127) VIVOSSPK45-045
LOG (gmm-align-compiled[5.5.987~1-eb8d0]:main():gmm-align-compiled.cc:127) VIVOSSPK45-046
LOG (gmm-align-compiled[5.5.987~1-eb8d0]:main():gmm-align-compiled.cc:127) VIVOSSPK45-047
LOG (gmm-align-compiled[5.5.987~1-eb8d0]:main():gmm-align-compiled.cc:127) VIVOSSPK45-048
LOG (gmm-align-compiled[5.5.987~1-eb8d0]:main():gmm-align-compiled.cc:127) VIVOSSPK45-049
LOG (gmm-align-compiled[5.5.987~1-eb8d0]:main():gmm-align-compiled.cc:127) VIVOSSPK45-050
LOG (gmm-align-compiled[5.5.987~1-eb8d0]:main():gmm-align-compiled.cc:127) VIVOSSPK45-051
LOG (gmm-align-compiled[5.5.987~1-eb8d0]:main():gmm-align-compiled.cc:127) VIVOSSPK45-052
WARNING (gmm-align-compiled[5.5.987~1-eb8d0]:AlignUtteranceWrapper():decoder-wrappers.cc:617) Retrying utterance VIVOSSPK45-052 with beam 40
LOG (gmm-align-compiled[5.5.987~1-eb8d0]:main():gmm-align-compiled.cc:127) VIVOSSPK45-053
LOG (gmm-align-compiled[5.5.987~1-eb8d0]:main():gmm-align-compiled.cc:127) VIVOSSPK45-054
LOG (gmm-align-compiled[5.5.987~1-eb8d0]:main():gmm-align-compiled.cc:127) VIVOSSPK45-055
LOG (gmm-align-compiled[5.5.987~1-eb8d0]:main():gmm-align-compiled.cc:127) VIVOSSPK45-056
LOG (gmm-align-compiled[5.5.987~1-eb8d0]:main():gmm-align-compiled.cc:127) VIVOSSPK45-057
LOG (gmm-align-compiled[5.5.987~1-eb8d0]:main():gmm-align-compiled.cc:127) VIVOSSPK45-058
LOG (gmm-align-compiled[5.5.987~1-eb8d0]:main():gmm-align-compiled.cc:127) VIVOSSPK45-059
LOG (gmm-align-compiled[5.5.987~1-eb8d0]:main():gmm-align-compiled.cc:127) VIVOSSPK45-060
WARNING (gmm-align-compiled[5.5.987~1-eb8d0]:AlignUtteranceWrapper():decoder-wrappers.cc:617) Retrying utterance VIVOSSPK45-060 with beam 40
LOG (gmm-align-compiled[5.5.987~1-eb8d0]:main():gmm-align-compiled.cc:127) VIVOSSPK45-061
LOG (gmm-align-compiled[5.5.987~1-eb8d0]:main():gmm-align-compiled.cc:127) VIVOSSPK45-062
LOG (gmm-align-compiled[5.5.987~1-eb8d0]:main():gmm-align-compiled.cc:127) VIVOSSPK45-063
LOG (gmm-align-compiled[5.5.987~1-eb8d0]:main():gmm-align-compiled.cc:127) VIVOSSPK45-064
WARNING (gmm-align-compiled[5.5.987~1-eb8d0]:AlignUtteranceWrapper():decoder-wrappers.cc:617) Retrying utterance VIVOSSPK45-064 with beam 40
LOG (gmm-align-compiled[5.5.987~1-eb8d0]:main():gmm-align-compiled.cc:127) VIVOSSPK45-065
LOG (gmm-align-compiled[5.5.987~1-eb8d0]:main():gmm-align-compiled.cc:127) VIVOSSPK45-066
WARNING (gmm-align-compiled[5.5.987~1-eb8d0]:AlignUtteranceWrapper():decoder-wrappers.cc:617) Retrying utterance VIVOSSPK45-066 with beam 40
LOG (gmm-align-compiled[5.5.987~1-eb8d0]:main():gmm-align-compiled.cc:127) VIVOSSPK45-067
LOG (gmm-align-compiled[5.5.987~1-eb8d0]:main():gmm-align-compiled.cc:127) VIVOSSPK45-068
LOG (gmm-align-compiled[5.5.987~1-eb8d0]:main():gmm-align-compiled.cc:127) VIVOSSPK45-069
LOG (gmm-align-compiled[5.5.987~1-eb8d0]:main():gmm-align-compiled.cc:127) VIVOSSPK45-070
LOG (gmm-align-compiled[5.5.987~1-eb8d0]:main():gmm-align-compiled.cc:127) VIVOSSPK45-071
LOG (gmm-align-compiled[5.5.987~1-eb8d0]:main():gmm-align-compiled.cc:127) VIVOSSPK45-072
LOG (gmm-align-compiled[5.5.987~1-eb8d0]:main():gmm-align-compiled.cc:127) VIVOSSPK45-073
LOG (gmm-align-compiled[5.5.987~1-eb8d0]:main():gmm-align-compiled.cc:127) VIVOSSPK45-074
LOG (gmm-align-compiled[5.5.987~1-eb8d0]:main():gmm-align-compiled.cc:127) VIVOSSPK45-075
LOG (gmm-align-compiled[5.5.987~1-eb8d0]:main():gmm-align-compiled.cc:127) VIVOSSPK45-076
WARNING (gmm-align-compiled[5.5.987~1-eb8d0]:AlignUtteranceWrapper():decoder-wrappers.cc:617) Retrying utterance VIVOSSPK45-076 with beam 40
LOG (gmm-align-compiled[5.5.987~1-eb8d0]:main():gmm-align-compiled.cc:127) VIVOSSPK45-077
LOG (gmm-align-compiled[5.5.987~1-eb8d0]:main():gmm-align-compiled.cc:127) VIVOSSPK45-078
LOG (gmm-align-compiled[5.5.987~1-eb8d0]:main():gmm-align-compiled.cc:127) VIVOSSPK45-079
LOG (gmm-align-compiled[5.5.987~1-eb8d0]:main():gmm-align-compiled.cc:127) VIVOSSPK45-080
WARNING (gmm-align-compiled[5.5.987~1-eb8d0]:AlignUtteranceWrapper():decoder-wrappers.cc:617) Retrying utterance VIVOSSPK45-080 with beam 40
LOG (gmm-align-compiled[5.5.987~1-eb8d0]:main():gmm-align-compiled.cc:127) VIVOSSPK45-081
LOG (gmm-align-compiled[5.5.987~1-eb8d0]:main():gmm-align-compiled.cc:127) VIVOSSPK45-082
LOG (gmm-align-compiled[5.5.987~1-eb8d0]:main():gmm-align-compiled.cc:127) VIVOSSPK45-083
LOG (gmm-align-compiled[5.5.987~1-eb8d0]:main():gmm-align-compiled.cc:127) VIVOSSPK45-084
LOG (gmm-align-compiled[5.5.987~1-eb8d0]:main():gmm-align-compiled.cc:127) VIVOSSPK45-085
LOG (gmm-align-compiled[5.5.987~1-eb8d0]:main():gmm-align-compiled.cc:127) VIVOSSPK45-086
WARNING (gmm-align-compiled[5.5.987~1-eb8d0]:AlignUtteranceWrapper():decoder-wrappers.cc:617) Retrying utterance VIVOSSPK45-086 with beam 40
LOG (gmm-align-compiled[5.5.987~1-eb8d0]:main():gmm-align-compiled.cc:127) VIVOSSPK45-087
LOG (gmm-align-compiled[5.5.987~1-eb8d0]:main():gmm-align-compiled.cc:127) VIVOSSPK45-088
LOG (gmm-align-compiled[5.5.987~1-eb8d0]:main():gmm-align-compiled.cc:127) VIVOSSPK45-089
LOG (gmm-align-compiled[5.5.987~1-eb8d0]:main():gmm-align-compiled.cc:127) VIVOSSPK45-090
LOG (gmm-align-compiled[5.5.987~1-eb8d0]:main():gmm-align-compiled.cc:127) VIVOSSPK45-091
LOG (gmm-align-compiled[5.5.987~1-eb8d0]:main():gmm-align-compiled.cc:127) VIVOSSPK45-092
LOG (gmm-align-compiled[5.5.987~1-eb8d0]:main():gmm-align-compiled.cc:127) VIVOSSPK45-093
LOG (gmm-align-compiled[5.5.987~1-eb8d0]:main():gmm-align-compiled.cc:127) VIVOSSPK45-094
LOG (gmm-align-compiled[5.5.987~1-eb8d0]:main():gmm-align-compiled.cc:127) VIVOSSPK45-095
LOG (gmm-align-compiled[5.5.987~1-eb8d0]:main():gmm-align-compiled.cc:127) VIVOSSPK45-096
LOG (gmm-align-compiled[5.5.987~1-eb8d0]:main():gmm-align-compiled.cc:127) VIVOSSPK45-097
LOG (gmm-align-compiled[5.5.987~1-eb8d0]:main():gmm-align-compiled.cc:127) VIVOSSPK45-098
LOG (gmm-align-compiled[5.5.987~1-eb8d0]:main():gmm-align-compiled.cc:127) VIVOSSPK45-099
WARNING (gmm-align-compiled[5.5.987~1-eb8d0]:AlignUtteranceWrapper():decoder-wrappers.cc:617) Retrying utterance VIVOSSPK45-099 with beam 40
LOG (gmm-align-compiled[5.5.987~1-eb8d0]:main():gmm-align-compiled.cc:127) VIVOSSPK45-100
LOG (gmm-align-compiled[5.5.987~1-eb8d0]:main():gmm-align-compiled.cc:127) VIVOSSPK45-101
LOG (gmm-align-compiled[5.5.987~1-eb8d0]:main():gmm-align-compiled.cc:127) VIVOSSPK45-102
LOG (gmm-align-compiled[5.5.987~1-eb8d0]:main():gmm-align-compiled.cc:127) VIVOSSPK45-103
WARNING (gmm-align-compiled[5.5.987~1-eb8d0]:AlignUtteranceWrapper():decoder-wrappers.cc:617) Retrying utterance VIVOSSPK45-103 with beam 40
LOG (gmm-align-compiled[5.5.987~1-eb8d0]:main():gmm-align-compiled.cc:127) VIVOSSPK45-104
LOG (gmm-align-compiled[5.5.987~1-eb8d0]:main():gmm-align-compiled.cc:127) VIVOSSPK45-105
LOG (gmm-align-compiled[5.5.987~1-eb8d0]:main():gmm-align-compiled.cc:127) VIVOSSPK45-106
LOG (gmm-align-compiled[5.5.987~1-eb8d0]:main():gmm-align-compiled.cc:127) VIVOSSPK45-107
LOG (gmm-align-compiled[5.5.987~1-eb8d0]:main():gmm-align-compiled.cc:127) VIVOSSPK45-108
LOG (gmm-align-compiled[5.5.987~1-eb8d0]:main():gmm-align-compiled.cc:127) VIVOSSPK45-109
LOG (gmm-align-compiled[5.5.987~1-eb8d0]:main():gmm-align-compiled.cc:127) VIVOSSPK45-110
LOG (gmm-align-compiled[5.5.987~1-eb8d0]:main():gmm-align-compiled.cc:127) VIVOSSPK45-111
LOG (gmm-align-compiled[5.5.987~1-eb8d0]:main():gmm-align-compiled.cc:127) VIVOSSPK45-112
LOG (gmm-align-compiled[5.5.987~1-eb8d0]:main():gmm-align-compiled.cc:127) VIVOSSPK45-113
LOG (gmm-align-compiled[5.5.987~1-eb8d0]:main():gmm-align-compiled.cc:127) VIVOSSPK45-114
LOG (gmm-align-compiled[5.5.987~1-eb8d0]:main():gmm-align-compiled.cc:127) VIVOSSPK45-115
LOG (gmm-align-compiled[5.5.987~1-eb8d0]:main():gmm-align-compiled.cc:127) VIVOSSPK45-116
WARNING (gmm-align-compiled[5.5.987~1-eb8d0]:AlignUtteranceWrapper():decoder-wrappers.cc:617) Retrying utterance VIVOSSPK45-116 with beam 40
LOG (gmm-align-compiled[5.5.987~1-eb8d0]:main():gmm-align-compiled.cc:127) VIVOSSPK45-117
LOG (gmm-align-compiled[5.5.987~1-eb8d0]:main():gmm-align-compiled.cc:127) VIVOSSPK45-118
LOG (gmm-align-compiled[5.5.987~1-eb8d0]:main():gmm-align-compiled.cc:127) VIVOSSPK45-119
LOG (gmm-align-compiled[5.5.987~1-eb8d0]:main():gmm-align-compiled.cc:127) VIVOSSPK45-120
LOG (gmm-align-compiled[5.5.987~1-eb8d0]:main():gmm-align-compiled.cc:127) VIVOSSPK45-121
LOG (gmm-align-compiled[5.5.987~1-eb8d0]:main():gmm-align-compiled.cc:127) VIVOSSPK45-122
LOG (gmm-align-compiled[5.5.987~1-eb8d0]:main():gmm-align-compiled.cc:127) VIVOSSPK45-123
LOG (gmm-align-compiled[5.5.987~1-eb8d0]:main():gmm-align-compiled.cc:127) VIVOSSPK45-124
LOG (gmm-align-compiled[5.5.987~1-eb8d0]:main():gmm-align-compiled.cc:127) VIVOSSPK45-125
LOG (gmm-align-compiled[5.5.987~1-eb8d0]:main():gmm-align-compiled.cc:127) VIVOSSPK45-126
LOG (gmm-align-compiled[5.5.987~1-eb8d0]:main():gmm-align-compiled.cc:127) VIVOSSPK45-127
LOG (gmm-align-compiled[5.5.987~1-eb8d0]:main():gmm-align-compiled.cc:127) VIVOSSPK45-128
LOG (gmm-align-compiled[5.5.987~1-eb8d0]:main():gmm-align-compiled.cc:127) VIVOSSPK45-129
LOG (gmm-align-compiled[5.5.987~1-eb8d0]:main():gmm-align-compiled.cc:127) VIVOSSPK45-130
LOG (gmm-align-compiled[5.5.987~1-eb8d0]:main():gmm-align-compiled.cc:127) VIVOSSPK45-131
LOG (gmm-align-compiled[5.5.987~1-eb8d0]:main():gmm-align-compiled.cc:127) VIVOSSPK45-132
LOG (gmm-align-compiled[5.5.987~1-eb8d0]:main():gmm-align-compiled.cc:127) VIVOSSPK45-133
LOG (gmm-align-compiled[5.5.987~1-eb8d0]:main():gmm-align-compiled.cc:127) VIVOSSPK45-134
LOG (gmm-align-compiled[5.5.987~1-eb8d0]:main():gmm-align-compiled.cc:127) VIVOSSPK45-135
LOG (gmm-align-compiled[5.5.987~1-eb8d0]:main():gmm-align-compiled.cc:127) VIVOSSPK45-136
LOG (gmm-align-compiled[5.5.987~1-eb8d0]:main():gmm-align-compiled.cc:127) VIVOSSPK45-137
LOG (gmm-align-compiled[5.5.987~1-eb8d0]:main():gmm-align-compiled.cc:127) VIVOSSPK45-138
LOG (gmm-align-compiled[5.5.987~1-eb8d0]:main():gmm-align-compiled.cc:127) VIVOSSPK45-139
LOG (gmm-align-compiled[5.5.987~1-eb8d0]:main():gmm-align-compiled.cc:127) VIVOSSPK45-140
LOG (gmm-align-compiled[5.5.987~1-eb8d0]:main():gmm-align-compiled.cc:127) VIVOSSPK45-141
LOG (gmm-align-compiled[5.5.987~1-eb8d0]:main():gmm-align-compiled.cc:127) VIVOSSPK45-142
LOG (gmm-align-compiled[5.5.987~1-eb8d0]:main():gmm-align-compiled.cc:127) VIVOSSPK45-143
LOG (gmm-align-compiled[5.5.987~1-eb8d0]:main():gmm-align-compiled.cc:127) VIVOSSPK45-144
LOG (gmm-align-compiled[5.5.987~1-eb8d0]:main():gmm-align-compiled.cc:127) VIVOSSPK45-145
LOG (gmm-align-compiled[5.5.987~1-eb8d0]:main():gmm-align-compiled.cc:127) VIVOSSPK45-146
LOG (gmm-align-compiled[5.5.987~1-eb8d0]:main():gmm-align-compiled.cc:127) VIVOSSPK45-147
LOG (gmm-align-compiled[5.5.987~1-eb8d0]:main():gmm-align-compiled.cc:127) VIVOSSPK45-148
LOG (gmm-align-compiled[5.5.987~1-eb8d0]:main():gmm-align-compiled.cc:127) VIVOSSPK45-149
LOG (gmm-align-compiled[5.5.987~1-eb8d0]:main():gmm-align-compiled.cc:127) VIVOSSPK45-150
LOG (gmm-align-compiled[5.5.987~1-eb8d0]:main():gmm-align-compiled.cc:127) VIVOSSPK45-151
LOG (gmm-align-compiled[5.5.987~1-eb8d0]:main():gmm-align-compiled.cc:127) VIVOSSPK45-152
LOG (gmm-align-compiled[5.5.987~1-eb8d0]:main():gmm-align-compiled.cc:127) VIVOSSPK45-153
LOG (gmm-align-compiled[5.5.987~1-eb8d0]:main():gmm-align-compiled.cc:127) VIVOSSPK45-154
LOG (gmm-align-compiled[5.5.987~1-eb8d0]:main():gmm-align-compiled.cc:127) VIVOSSPK45-155
LOG (gmm-align-compiled[5.5.987~1-eb8d0]:main():gmm-align-compiled.cc:127) VIVOSSPK45-156
LOG (gmm-align-compiled[5.5.987~1-eb8d0]:main():gmm-align-compiled.cc:127) VIVOSSPK45-157
LOG (gmm-align-compiled[5.5.987~1-eb8d0]:main():gmm-align-compiled.cc:127) VIVOSSPK45-158
LOG (gmm-align-compiled[5.5.987~1-eb8d0]:main():gmm-align-compiled.cc:127) VIVOSSPK45-159
LOG (gmm-align-compiled[5.5.987~1-eb8d0]:main():gmm-align-compiled.cc:127) VIVOSSPK45-160
LOG (gmm-align-compiled[5.5.987~1-eb8d0]:main():gmm-align-compiled.cc:127) VIVOSSPK45-161
LOG (gmm-align-compiled[5.5.987~1-eb8d0]:main():gmm-align-compiled.cc:127) VIVOSSPK45-162
LOG (gmm-align-compiled[5.5.987~1-eb8d0]:main():gmm-align-compiled.cc:127) VIVOSSPK45-163
LOG (gmm-align-compiled[5.5.987~1-eb8d0]:main():gmm-align-compiled.cc:127) VIVOSSPK45-164
LOG (gmm-align-compiled[5.5.987~1-eb8d0]:main():gmm-align-compiled.cc:127) VIVOSSPK45-165
WARNING (gmm-align-compiled[5.5.987~1-eb8d0]:AlignUtteranceWrapper():decoder-wrappers.cc:617) Retrying utterance VIVOSSPK45-165 with beam 40
LOG (gmm-align-compiled[5.5.987~1-eb8d0]:main():gmm-align-compiled.cc:127) VIVOSSPK45-166
WARNING (gmm-align-compiled[5.5.987~1-eb8d0]:AlignUtteranceWrapper():decoder-wrappers.cc:617) Retrying utterance VIVOSSPK45-166 with beam 40
LOG (gmm-align-compiled[5.5.987~1-eb8d0]:main():gmm-align-compiled.cc:127) VIVOSSPK45-167
LOG (gmm-align-compiled[5.5.987~1-eb8d0]:main():gmm-align-compiled.cc:127) VIVOSSPK45-168
LOG (gmm-align-compiled[5.5.987~1-eb8d0]:main():gmm-align-compiled.cc:127) VIVOSSPK45-169
LOG (gmm-align-compiled[5.5.987~1-eb8d0]:main():gmm-align-compiled.cc:127) VIVOSSPK45-170
LOG (gmm-align-compiled[5.5.987~1-eb8d0]:main():gmm-align-compiled.cc:127) VIVOSSPK45-171
WARNING (gmm-align-compiled[5.5.987~1-eb8d0]:AlignUtteranceWrapper():decoder-wrappers.cc:617) Retrying utterance VIVOSSPK45-171 with beam 40
LOG (gmm-align-compiled[5.5.987~1-eb8d0]:main():gmm-align-compiled.cc:127) VIVOSSPK45-172
LOG (gmm-align-compiled[5.5.987~1-eb8d0]:main():gmm-align-compiled.cc:127) VIVOSSPK45-173
LOG (gmm-align-compiled[5.5.987~1-eb8d0]:main():gmm-align-compiled.cc:127) VIVOSSPK45-174
LOG (gmm-align-compiled[5.5.987~1-eb8d0]:main():gmm-align-compiled.cc:127) VIVOSSPK45-175
LOG (gmm-align-compiled[5.5.987~1-eb8d0]:main():gmm-align-compiled.cc:127) VIVOSSPK45-176
LOG (gmm-align-compiled[5.5.987~1-eb8d0]:main():gmm-align-compiled.cc:127) VIVOSSPK45-177
LOG (gmm-align-compiled[5.5.987~1-eb8d0]:main():gmm-align-compiled.cc:127) VIVOSSPK45-178
LOG (gmm-align-compiled[5.5.987~1-eb8d0]:main():gmm-align-compiled.cc:127) VIVOSSPK45-179
LOG (gmm-align-compiled[5.5.987~1-eb8d0]:main():gmm-align-compiled.cc:127) VIVOSSPK45-180
LOG (gmm-align-compiled[5.5.987~1-eb8d0]:main():gmm-align-compiled.cc:127) VIVOSSPK45-181
LOG (gmm-align-compiled[5.5.987~1-eb8d0]:main():gmm-align-compiled.cc:127) VIVOSSPK45-182
LOG (gmm-align-compiled[5.5.987~1-eb8d0]:main():gmm-align-compiled.cc:127) VIVOSSPK45-183
LOG (gmm-align-compiled[5.5.987~1-eb8d0]:main():gmm-align-compiled.cc:127) VIVOSSPK45-184
LOG (gmm-align-compiled[5.5.987~1-eb8d0]:main():gmm-align-compiled.cc:127) VIVOSSPK45-185
LOG (gmm-align-compiled[5.5.987~1-eb8d0]:main():gmm-align-compiled.cc:127) VIVOSSPK45-186
LOG (gmm-align-compiled[5.5.987~1-eb8d0]:main():gmm-align-compiled.cc:127) VIVOSSPK45-187
LOG (gmm-align-compiled[5.5.987~1-eb8d0]:main():gmm-align-compiled.cc:127) VIVOSSPK45-188
LOG (gmm-align-compiled[5.5.987~1-eb8d0]:main():gmm-align-compiled.cc:127) VIVOSSPK45-189
LOG (gmm-align-compiled[5.5.987~1-eb8d0]:main():gmm-align-compiled.cc:127) VIVOSSPK45-190
LOG (gmm-align-compiled[5.5.987~1-eb8d0]:main():gmm-align-compiled.cc:127) VIVOSSPK45-191
WARNING (gmm-align-compiled[5.5.987~1-eb8d0]:AlignUtteranceWrapper():decoder-wrappers.cc:617) Retrying utterance VIVOSSPK45-191 with beam 40
LOG (gmm-align-compiled[5.5.987~1-eb8d0]:main():gmm-align-compiled.cc:127) VIVOSSPK45-192
LOG (gmm-align-compiled[5.5.987~1-eb8d0]:main():gmm-align-compiled.cc:127) VIVOSSPK45-193
LOG (gmm-align-compiled[5.5.987~1-eb8d0]:main():gmm-align-compiled.cc:127) VIVOSSPK45-194
LOG (gmm-align-compiled[5.5.987~1-eb8d0]:main():gmm-align-compiled.cc:127) VIVOSSPK45-195
LOG (gmm-align-compiled[5.5.987~1-eb8d0]:main():gmm-align-compiled.cc:127) VIVOSSPK45-196
WARNING (gmm-align-compiled[5.5.987~1-eb8d0]:AlignUtteranceWrapper():decoder-wrappers.cc:617) Retrying utterance VIVOSSPK45-196 with beam 40
LOG (gmm-align-compiled[5.5.987~1-eb8d0]:main():gmm-align-compiled.cc:127) VIVOSSPK45-197
WARNING (gmm-align-compiled[5.5.987~1-eb8d0]:AlignUtteranceWrapper():decoder-wrappers.cc:617) Retrying utterance VIVOSSPK45-197 with beam 40
LOG (gmm-align-compiled[5.5.987~1-eb8d0]:main():gmm-align-compiled.cc:127) VIVOSSPK45-198
LOG (gmm-align-compiled[5.5.987~1-eb8d0]:main():gmm-align-compiled.cc:127) VIVOSSPK45-199
LOG (gmm-align-compiled[5.5.987~1-eb8d0]:main():gmm-align-compiled.cc:127) VIVOSSPK45-200
LOG (gmm-align-compiled[5.5.987~1-eb8d0]:main():gmm-align-compiled.cc:127) VIVOSSPK45-201
LOG (gmm-align-compiled[5.5.987~1-eb8d0]:main():gmm-align-compiled.cc:127) VIVOSSPK45-202
LOG (gmm-align-compiled[5.5.987~1-eb8d0]:main():gmm-align-compiled.cc:127) VIVOSSPK45-203
LOG (gmm-align-compiled[5.5.987~1-eb8d0]:main():gmm-align-compiled.cc:127) VIVOSSPK45-204
LOG (gmm-align-compiled[5.5.987~1-eb8d0]:main():gmm-align-compiled.cc:127) VIVOSSPK45-205
LOG (gmm-align-compiled[5.5.987~1-eb8d0]:main():gmm-align-compiled.cc:127) VIVOSSPK45-206
LOG (gmm-align-compiled[5.5.987~1-eb8d0]:main():gmm-align-compiled.cc:127) VIVOSSPK45-207
LOG (gmm-align-compiled[5.5.987~1-eb8d0]:main():gmm-align-compiled.cc:127) VIVOSSPK45-208
LOG (gmm-align-compiled[5.5.987~1-eb8d0]:main():gmm-align-compiled.cc:127) VIVOSSPK45-209
LOG (gmm-align-compiled[5.5.987~1-eb8d0]:main():gmm-align-compiled.cc:127) VIVOSSPK45-210
LOG (gmm-align-compiled[5.5.987~1-eb8d0]:main():gmm-align-compiled.cc:127) VIVOSSPK45-211
LOG (gmm-align-compiled[5.5.987~1-eb8d0]:main():gmm-align-compiled.cc:127) VIVOSSPK45-212
LOG (gmm-align-compiled[5.5.987~1-eb8d0]:main():gmm-align-compiled.cc:127) VIVOSSPK45-213
LOG (gmm-align-compiled[5.5.987~1-eb8d0]:main():gmm-align-compiled.cc:127) VIVOSSPK45-214
LOG (gmm-align-compiled[5.5.987~1-eb8d0]:main():gmm-align-compiled.cc:127) VIVOSSPK45-215
LOG (gmm-align-compiled[5.5.987~1-eb8d0]:main():gmm-align-compiled.cc:127) VIVOSSPK45-216
LOG (gmm-align-compiled[5.5.987~1-eb8d0]:main():gmm-align-compiled.cc:127) VIVOSSPK45-217
LOG (gmm-align-compiled[5.5.987~1-eb8d0]:main():gmm-align-compiled.cc:127) VIVOSSPK45-218
LOG (gmm-align-compiled[5.5.987~1-eb8d0]:main():gmm-align-compiled.cc:127) VIVOSSPK45-219
LOG (gmm-align-compiled[5.5.987~1-eb8d0]:main():gmm-align-compiled.cc:127) VIVOSSPK45-220
LOG (gmm-align-compiled[5.5.987~1-eb8d0]:main():gmm-align-compiled.cc:127) VIVOSSPK45-221
LOG (gmm-align-compiled[5.5.987~1-eb8d0]:main():gmm-align-compiled.cc:127) VIVOSSPK45-222
LOG (gmm-align-compiled[5.5.987~1-eb8d0]:main():gmm-align-compiled.cc:127) VIVOSSPK45-223
LOG (gmm-align-compiled[5.5.987~1-eb8d0]:main():gmm-align-compiled.cc:127) VIVOSSPK45-224
LOG (gmm-align-compiled[5.5.987~1-eb8d0]:main():gmm-align-compiled.cc:127) VIVOSSPK45-225
LOG (gmm-align-compiled[5.5.987~1-eb8d0]:main():gmm-align-compiled.cc:127) VIVOSSPK45-226
LOG (gmm-align-compiled[5.5.987~1-eb8d0]:main():gmm-align-compiled.cc:127) VIVOSSPK45-227
LOG (gmm-align-compiled[5.5.987~1-eb8d0]:main():gmm-align-compiled.cc:127) VIVOSSPK45-228
LOG (gmm-align-compiled[5.5.987~1-eb8d0]:main():gmm-align-compiled.cc:127) VIVOSSPK45-229
LOG (gmm-align-compiled[5.5.987~1-eb8d0]:main():gmm-align-compiled.cc:127) VIVOSSPK45-230
LOG (gmm-align-compiled[5.5.987~1-eb8d0]:main():gmm-align-compiled.cc:127) VIVOSSPK45-231
LOG (gmm-align-compiled[5.5.987~1-eb8d0]:main():gmm-align-compiled.cc:127) VIVOSSPK45-232
LOG (gmm-align-compiled[5.5.987~1-eb8d0]:main():gmm-align-compiled.cc:127) VIVOSSPK45-233
LOG (gmm-align-compiled[5.5.987~1-eb8d0]:main():gmm-align-compiled.cc:127) VIVOSSPK45-234
LOG (gmm-align-compiled[5.5.987~1-eb8d0]:main():gmm-align-compiled.cc:127) VIVOSSPK45-235
LOG (gmm-align-compiled[5.5.987~1-eb8d0]:main():gmm-align-compiled.cc:127) VIVOSSPK45-236
LOG (gmm-align-compiled[5.5.987~1-eb8d0]:main():gmm-align-compiled.cc:127) VIVOSSPK45-237
LOG (gmm-align-compiled[5.5.987~1-eb8d0]:main():gmm-align-compiled.cc:127) VIVOSSPK45-238
LOG (gmm-align-compiled[5.5.987~1-eb8d0]:main():gmm-align-compiled.cc:127) VIVOSSPK45-239
LOG (gmm-align-compiled[5.5.987~1-eb8d0]:main():gmm-align-compiled.cc:127) VIVOSSPK45-240
LOG (gmm-align-compiled[5.5.987~1-eb8d0]:main():gmm-align-compiled.cc:127) VIVOSSPK45-241
WARNING (gmm-align-compiled[5.5.987~1-eb8d0]:AlignUtteranceWrapper():decoder-wrappers.cc:617) Retrying utterance VIVOSSPK45-241 with beam 40
LOG (gmm-align-compiled[5.5.987~1-eb8d0]:main():gmm-align-compiled.cc:127) VIVOSSPK45-242
LOG (gmm-align-compiled[5.5.987~1-eb8d0]:main():gmm-align-compiled.cc:127) VIVOSSPK45-243
LOG (gmm-align-compiled[5.5.987~1-eb8d0]:main():gmm-align-compiled.cc:127) VIVOSSPK45-244
LOG (gmm-align-compiled[5.5.987~1-eb8d0]:main():gmm-align-compiled.cc:127) VIVOSSPK45-245
LOG (gmm-align-compiled[5.5.987~1-eb8d0]:main():gmm-align-compiled.cc:127) VIVOSSPK45-246
LOG (gmm-align-compiled[5.5.987~1-eb8d0]:main():gmm-align-compiled.cc:127) VIVOSSPK45-247
WARNING (gmm-align-compiled[5.5.987~1-eb8d0]:AlignUtteranceWrapper():decoder-wrappers.cc:617) Retrying utterance VIVOSSPK45-247 with beam 40
LOG (gmm-align-compiled[5.5.987~1-eb8d0]:main():gmm-align-compiled.cc:127) VIVOSSPK45-248
LOG (gmm-align-compiled[5.5.987~1-eb8d0]:main():gmm-align-compiled.cc:127) VIVOSSPK45-249
LOG (gmm-align-compiled[5.5.987~1-eb8d0]:main():gmm-align-compiled.cc:127) VIVOSSPK45-250
LOG (gmm-align-compiled[5.5.987~1-eb8d0]:main():gmm-align-compiled.cc:127) VIVOSSPK45-251
LOG (gmm-align-compiled[5.5.987~1-eb8d0]:main():gmm-align-compiled.cc:127) VIVOSSPK45-252
LOG (gmm-align-compiled[5.5.987~1-eb8d0]:main():gmm-align-compiled.cc:127) VIVOSSPK45-253
LOG (gmm-align-compiled[5.5.987~1-eb8d0]:main():gmm-align-compiled.cc:127) VIVOSSPK45-254
LOG (gmm-align-compiled[5.5.987~1-eb8d0]:main():gmm-align-compiled.cc:127) VIVOSSPK45-255
LOG (gmm-align-compiled[5.5.987~1-eb8d0]:main():gmm-align-compiled.cc:127) VIVOSSPK45-256
LOG (gmm-align-compiled[5.5.987~1-eb8d0]:main():gmm-align-compiled.cc:127) VIVOSSPK45-257
LOG (gmm-align-compiled[5.5.987~1-eb8d0]:main():gmm-align-compiled.cc:127) VIVOSSPK45-258
LOG (gmm-align-compiled[5.5.987~1-eb8d0]:main():gmm-align-compiled.cc:127) VIVOSSPK45-259
LOG (gmm-align-compiled[5.5.987~1-eb8d0]:main():gmm-align-compiled.cc:127) VIVOSSPK45-260
LOG (gmm-align-compiled[5.5.987~1-eb8d0]:main():gmm-align-compiled.cc:127) VIVOSSPK45-261
LOG (gmm-align-compiled[5.5.987~1-eb8d0]:main():gmm-align-compiled.cc:127) VIVOSSPK45-262
LOG (gmm-align-compiled[5.5.987~1-eb8d0]:main():gmm-align-compiled.cc:127) VIVOSSPK45-263
WARNING (gmm-align-compiled[5.5.987~1-eb8d0]:AlignUtteranceWrapper():decoder-wrappers.cc:617) Retrying utterance VIVOSSPK45-263 with beam 40
LOG (gmm-align-compiled[5.5.987~1-eb8d0]:main():gmm-align-compiled.cc:127) VIVOSSPK45-264
LOG (gmm-align-compiled[5.5.987~1-eb8d0]:main():gmm-align-compiled.cc:127) VIVOSSPK45-265
LOG (gmm-align-compiled[5.5.987~1-eb8d0]:main():gmm-align-compiled.cc:127) VIVOSSPK45-266
LOG (gmm-align-compiled[5.5.987~1-eb8d0]:main():gmm-align-compiled.cc:127) VIVOSSPK45-267
LOG (gmm-align-compiled[5.5.987~1-eb8d0]:main():gmm-align-compiled.cc:127) VIVOSSPK45-268
LOG (gmm-align-compiled[5.5.987~1-eb8d0]:main():gmm-align-compiled.cc:127) VIVOSSPK45-269
LOG (gmm-align-compiled[5.5.987~1-eb8d0]:main():gmm-align-compiled.cc:127) VIVOSSPK45-270
LOG (gmm-align-compiled[5.5.987~1-eb8d0]:main():gmm-align-compiled.cc:127) VIVOSSPK45-271
LOG (gmm-align-compiled[5.5.987~1-eb8d0]:main():gmm-align-compiled.cc:127) VIVOSSPK45-272
LOG (gmm-align-compiled[5.5.987~1-eb8d0]:main():gmm-align-compiled.cc:127) VIVOSSPK45-273
LOG (gmm-align-compiled[5.5.987~1-eb8d0]:main():gmm-align-compiled.cc:127) VIVOSSPK45-274
LOG (gmm-align-compiled[5.5.987~1-eb8d0]:main():gmm-align-compiled.cc:127) VIVOSSPK45-275
LOG (gmm-align-compiled[5.5.987~1-eb8d0]:main():gmm-align-compiled.cc:127) VIVOSSPK45-276
LOG (gmm-align-compiled[5.5.987~1-eb8d0]:main():gmm-align-compiled.cc:127) VIVOSSPK45-277
LOG (gmm-align-compiled[5.5.987~1-eb8d0]:main():gmm-align-compiled.cc:127) VIVOSSPK45-278
LOG (gmm-align-compiled[5.5.987~1-eb8d0]:main():gmm-align-compiled.cc:127) VIVOSSPK45-279
LOG (gmm-align-compiled[5.5.987~1-eb8d0]:main():gmm-align-compiled.cc:127) VIVOSSPK45-280
LOG (gmm-align-compiled[5.5.987~1-eb8d0]:main():gmm-align-compiled.cc:127) VIVOSSPK45-281
WARNING (gmm-align-compiled[5.5.987~1-eb8d0]:AlignUtteranceWrapper():decoder-wrappers.cc:617) Retrying utterance VIVOSSPK45-281 with beam 40
LOG (gmm-align-compiled[5.5.987~1-eb8d0]:main():gmm-align-compiled.cc:127) VIVOSSPK45-282
LOG (gmm-align-compiled[5.5.987~1-eb8d0]:main():gmm-align-compiled.cc:127) VIVOSSPK45-283
LOG (gmm-align-compiled[5.5.987~1-eb8d0]:main():gmm-align-compiled.cc:127) VIVOSSPK45-284
LOG (gmm-align-compiled[5.5.987~1-eb8d0]:main():gmm-align-compiled.cc:127) VIVOSSPK45-285
LOG (gmm-align-compiled[5.5.987~1-eb8d0]:main():gmm-align-compiled.cc:127) VIVOSSPK45-286
LOG (gmm-align-compiled[5.5.987~1-eb8d0]:main():gmm-align-compiled.cc:127) VIVOSSPK45-287
LOG (gmm-align-compiled[5.5.987~1-eb8d0]:main():gmm-align-compiled.cc:127) VIVOSSPK45-288
LOG (gmm-align-compiled[5.5.987~1-eb8d0]:main():gmm-align-compiled.cc:127) VIVOSSPK45-289
WARNING (gmm-align-compiled[5.5.987~1-eb8d0]:AlignUtteranceWrapper():decoder-wrappers.cc:617) Retrying utterance VIVOSSPK45-289 with beam 40
LOG (gmm-align-compiled[5.5.987~1-eb8d0]:main():gmm-align-compiled.cc:127) VIVOSSPK45-290
LOG (gmm-align-compiled[5.5.987~1-eb8d0]:main():gmm-align-compiled.cc:127) VIVOSSPK45-291
LOG (gmm-align-compiled[5.5.987~1-eb8d0]:main():gmm-align-compiled.cc:127) VIVOSSPK45-292
LOG (gmm-align-compiled[5.5.987~1-eb8d0]:main():gmm-align-compiled.cc:127) VIVOSSPK45-293
LOG (gmm-align-compiled[5.5.987~1-eb8d0]:main():gmm-align-compiled.cc:127) VIVOSSPK45-294
LOG (gmm-align-compiled[5.5.987~1-eb8d0]:main():gmm-align-compiled.cc:127) VIVOSSPK45-295
LOG (gmm-align-compiled[5.5.987~1-eb8d0]:main():gmm-align-compiled.cc:127) VIVOSSPK45-296
LOG (gmm-align-compiled[5.5.987~1-eb8d0]:main():gmm-align-compiled.cc:127) VIVOSSPK45-297
LOG (gmm-align-compiled[5.5.987~1-eb8d0]:main():gmm-align-compiled.cc:127) VIVOSSPK45-298
LOG (gmm-align-compiled[5.5.987~1-eb8d0]:main():gmm-align-compiled.cc:127) VIVOSSPK45-299
LOG (gmm-align-compiled[5.5.987~1-eb8d0]:main():gmm-align-compiled.cc:127) VIVOSSPK45-300
LOG (gmm-align-compiled[5.5.987~1-eb8d0]:main():gmm-align-compiled.cc:127) VIVOSSPK46-001
LOG (gmm-align-compiled[5.5.987~1-eb8d0]:main():gmm-align-compiled.cc:127) VIVOSSPK46-002
LOG (gmm-align-compiled[5.5.987~1-eb8d0]:main():gmm-align-compiled.cc:127) VIVOSSPK46-003
LOG (gmm-align-compiled[5.5.987~1-eb8d0]:main():gmm-align-compiled.cc:127) VIVOSSPK46-004
LOG (gmm-align-compiled[5.5.987~1-eb8d0]:main():gmm-align-compiled.cc:127) VIVOSSPK46-005
LOG (gmm-align-compiled[5.5.987~1-eb8d0]:main():gmm-align-compiled.cc:127) VIVOSSPK46-006
LOG (gmm-align-compiled[5.5.987~1-eb8d0]:main():gmm-align-compiled.cc:127) VIVOSSPK46-007
WARNING (gmm-align-compiled[5.5.987~1-eb8d0]:AlignUtteranceWrapper():decoder-wrappers.cc:617) Retrying utterance VIVOSSPK46-007 with beam 40
LOG (gmm-align-compiled[5.5.987~1-eb8d0]:main():gmm-align-compiled.cc:127) VIVOSSPK46-008
LOG (gmm-align-compiled[5.5.987~1-eb8d0]:main():gmm-align-compiled.cc:127) VIVOSSPK46-009
WARNING (gmm-align-compiled[5.5.987~1-eb8d0]:AlignUtteranceWrapper():decoder-wrappers.cc:617) Retrying utterance VIVOSSPK46-009 with beam 40
LOG (gmm-align-compiled[5.5.987~1-eb8d0]:main():gmm-align-compiled.cc:127) VIVOSSPK46-010
LOG (gmm-align-compiled[5.5.987~1-eb8d0]:main():gmm-align-compiled.cc:127) VIVOSSPK46-011
LOG (gmm-align-compiled[5.5.987~1-eb8d0]:main():gmm-align-compiled.cc:127) VIVOSSPK46-012
LOG (gmm-align-compiled[5.5.987~1-eb8d0]:main():gmm-align-compiled.cc:127) VIVOSSPK46-013
LOG (gmm-align-compiled[5.5.987~1-eb8d0]:main():gmm-align-compiled.cc:127) VIVOSSPK46-014
LOG (gmm-align-compiled[5.5.987~1-eb8d0]:main():gmm-align-compiled.cc:127) VIVOSSPK46-015
LOG (gmm-align-compiled[5.5.987~1-eb8d0]:main():gmm-align-compiled.cc:127) VIVOSSPK46-016
LOG (gmm-align-compiled[5.5.987~1-eb8d0]:main():gmm-align-compiled.cc:127) VIVOSSPK46-017
LOG (gmm-align-compiled[5.5.987~1-eb8d0]:main():gmm-align-compiled.cc:127) VIVOSSPK46-018
LOG (gmm-align-compiled[5.5.987~1-eb8d0]:main():gmm-align-compiled.cc:127) VIVOSSPK46-019
LOG (gmm-align-compiled[5.5.987~1-eb8d0]:main():gmm-align-compiled.cc:127) VIVOSSPK46-020
LOG (gmm-align-compiled[5.5.987~1-eb8d0]:main():gmm-align-compiled.cc:127) VIVOSSPK46-021
LOG (gmm-align-compiled[5.5.987~1-eb8d0]:main():gmm-align-compiled.cc:127) VIVOSSPK46-022
LOG (gmm-align-compiled[5.5.987~1-eb8d0]:main():gmm-align-compiled.cc:127) VIVOSSPK46-023
WARNING (gmm-align-compiled[5.5.987~1-eb8d0]:AlignUtteranceWrapper():decoder-wrappers.cc:617) Retrying utterance VIVOSSPK46-023 with beam 40
LOG (gmm-align-compiled[5.5.987~1-eb8d0]:main():gmm-align-compiled.cc:127) VIVOSSPK46-024
LOG (gmm-align-compiled[5.5.987~1-eb8d0]:main():gmm-align-compiled.cc:127) VIVOSSPK46-025
LOG (gmm-align-compiled[5.5.987~1-eb8d0]:main():gmm-align-compiled.cc:127) VIVOSSPK46-026
LOG (gmm-align-compiled[5.5.987~1-eb8d0]:main():gmm-align-compiled.cc:127) VIVOSSPK46-027
LOG (gmm-align-compiled[5.5.987~1-eb8d0]:main():gmm-align-compiled.cc:127) VIVOSSPK46-028
LOG (gmm-align-compiled[5.5.987~1-eb8d0]:main():gmm-align-compiled.cc:127) VIVOSSPK46-029
LOG (gmm-align-compiled[5.5.987~1-eb8d0]:main():gmm-align-compiled.cc:127) VIVOSSPK46-030
LOG (gmm-align-compiled[5.5.987~1-eb8d0]:main():gmm-align-compiled.cc:127) VIVOSSPK46-031
LOG (gmm-align-compiled[5.5.987~1-eb8d0]:main():gmm-align-compiled.cc:127) VIVOSSPK46-032
LOG (gmm-align-compiled[5.5.987~1-eb8d0]:main():gmm-align-compiled.cc:127) VIVOSSPK46-033
LOG (gmm-align-compiled[5.5.987~1-eb8d0]:main():gmm-align-compiled.cc:127) VIVOSSPK46-034
LOG (gmm-align-compiled[5.5.987~1-eb8d0]:main():gmm-align-compiled.cc:127) VIVOSSPK46-035
LOG (gmm-align-compiled[5.5.987~1-eb8d0]:main():gmm-align-compiled.cc:127) VIVOSSPK46-036
LOG (gmm-align-compiled[5.5.987~1-eb8d0]:main():gmm-align-compiled.cc:127) VIVOSSPK46-037
LOG (gmm-align-compiled[5.5.987~1-eb8d0]:main():gmm-align-compiled.cc:127) VIVOSSPK46-038
LOG (gmm-align-compiled[5.5.987~1-eb8d0]:main():gmm-align-compiled.cc:127) VIVOSSPK46-039
LOG (gmm-align-compiled[5.5.987~1-eb8d0]:main():gmm-align-compiled.cc:127) VIVOSSPK46-040
LOG (gmm-align-compiled[5.5.987~1-eb8d0]:main():gmm-align-compiled.cc:127) VIVOSSPK46-041
LOG (gmm-align-compiled[5.5.987~1-eb8d0]:main():gmm-align-compiled.cc:127) VIVOSSPK46-042
LOG (gmm-align-compiled[5.5.987~1-eb8d0]:main():gmm-align-compiled.cc:127) VIVOSSPK46-043
LOG (gmm-align-compiled[5.5.987~1-eb8d0]:main():gmm-align-compiled.cc:127) VIVOSSPK46-044
LOG (gmm-align-compiled[5.5.987~1-eb8d0]:main():gmm-align-compiled.cc:127) VIVOSSPK46-045
LOG (gmm-align-compiled[5.5.987~1-eb8d0]:main():gmm-align-compiled.cc:127) VIVOSSPK46-046
LOG (gmm-align-compiled[5.5.987~1-eb8d0]:main():gmm-align-compiled.cc:127) VIVOSSPK46-047
LOG (gmm-align-compiled[5.5.987~1-eb8d0]:main():gmm-align-compiled.cc:127) VIVOSSPK46-048
LOG (gmm-align-compiled[5.5.987~1-eb8d0]:main():gmm-align-compiled.cc:127) VIVOSSPK46-049
LOG (gmm-align-compiled[5.5.987~1-eb8d0]:main():gmm-align-compiled.cc:127) VIVOSSPK46-050
LOG (gmm-align-compiled[5.5.987~1-eb8d0]:main():gmm-align-compiled.cc:127) VIVOSSPK46-051
LOG (gmm-align-compiled[5.5.987~1-eb8d0]:main():gmm-align-compiled.cc:127) VIVOSSPK46-052
LOG (gmm-align-compiled[5.5.987~1-eb8d0]:main():gmm-align-compiled.cc:127) VIVOSSPK46-053
WARNING (gmm-align-compiled[5.5.987~1-eb8d0]:AlignUtteranceWrapper():decoder-wrappers.cc:617) Retrying utterance VIVOSSPK46-053 with beam 40
LOG (gmm-align-compiled[5.5.987~1-eb8d0]:main():gmm-align-compiled.cc:127) VIVOSSPK46-054
LOG (gmm-align-compiled[5.5.987~1-eb8d0]:main():gmm-align-compiled.cc:127) VIVOSSPK46-055
WARNING (gmm-align-compiled[5.5.987~1-eb8d0]:AlignUtteranceWrapper():decoder-wrappers.cc:617) Retrying utterance VIVOSSPK46-055 with beam 40
LOG (gmm-align-compiled[5.5.987~1-eb8d0]:main():gmm-align-compiled.cc:127) VIVOSSPK46-056
LOG (gmm-align-compiled[5.5.987~1-eb8d0]:main():gmm-align-compiled.cc:127) VIVOSSPK46-057
LOG (gmm-align-compiled[5.5.987~1-eb8d0]:main():gmm-align-compiled.cc:127) VIVOSSPK46-058
LOG (gmm-align-compiled[5.5.987~1-eb8d0]:main():gmm-align-compiled.cc:127) VIVOSSPK46-059
LOG (gmm-align-compiled[5.5.987~1-eb8d0]:main():gmm-align-compiled.cc:127) VIVOSSPK46-060
LOG (gmm-align-compiled[5.5.987~1-eb8d0]:main():gmm-align-compiled.cc:127) VIVOSSPK46-061
LOG (gmm-align-compiled[5.5.987~1-eb8d0]:main():gmm-align-compiled.cc:127) VIVOSSPK46-062
LOG (gmm-align-compiled[5.5.987~1-eb8d0]:main():gmm-align-compiled.cc:127) VIVOSSPK46-063
LOG (gmm-align-compiled[5.5.987~1-eb8d0]:main():gmm-align-compiled.cc:127) VIVOSSPK46-064
LOG (gmm-align-compiled[5.5.987~1-eb8d0]:main():gmm-align-compiled.cc:127) VIVOSSPK46-065
LOG (gmm-align-compiled[5.5.987~1-eb8d0]:main():gmm-align-compiled.cc:127) VIVOSSPK46-066
LOG (gmm-align-compiled[5.5.987~1-eb8d0]:main():gmm-align-compiled.cc:127) VIVOSSPK46-067
LOG (gmm-align-compiled[5.5.987~1-eb8d0]:main():gmm-align-compiled.cc:127) VIVOSSPK46-068
LOG (gmm-align-compiled[5.5.987~1-eb8d0]:main():gmm-align-compiled.cc:127) VIVOSSPK46-069
LOG (gmm-align-compiled[5.5.987~1-eb8d0]:main():gmm-align-compiled.cc:127) VIVOSSPK46-070
LOG (gmm-align-compiled[5.5.987~1-eb8d0]:main():gmm-align-compiled.cc:127) VIVOSSPK46-071
LOG (gmm-align-compiled[5.5.987~1-eb8d0]:main():gmm-align-compiled.cc:127) VIVOSSPK46-072
LOG (gmm-align-compiled[5.5.987~1-eb8d0]:main():gmm-align-compiled.cc:127) VIVOSSPK46-073
LOG (gmm-align-compiled[5.5.987~1-eb8d0]:main():gmm-align-compiled.cc:127) VIVOSSPK46-074
LOG (gmm-align-compiled[5.5.987~1-eb8d0]:main():gmm-align-compiled.cc:127) VIVOSSPK46-075
LOG (gmm-align-compiled[5.5.987~1-eb8d0]:main():gmm-align-compiled.cc:127) VIVOSSPK46-076
WARNING (gmm-align-compiled[5.5.987~1-eb8d0]:AlignUtteranceWrapper():decoder-wrappers.cc:617) Retrying utterance VIVOSSPK46-076 with beam 40
LOG (gmm-align-compiled[5.5.987~1-eb8d0]:main():gmm-align-compiled.cc:127) VIVOSSPK46-077
LOG (gmm-align-compiled[5.5.987~1-eb8d0]:main():gmm-align-compiled.cc:127) VIVOSSPK46-078
LOG (gmm-align-compiled[5.5.987~1-eb8d0]:main():gmm-align-compiled.cc:127) VIVOSSPK46-079
LOG (gmm-align-compiled[5.5.987~1-eb8d0]:main():gmm-align-compiled.cc:127) VIVOSSPK46-080
LOG (gmm-align-compiled[5.5.987~1-eb8d0]:main():gmm-align-compiled.cc:127) VIVOSSPK46-081
LOG (gmm-align-compiled[5.5.987~1-eb8d0]:main():gmm-align-compiled.cc:127) VIVOSSPK46-082
LOG (gmm-align-compiled[5.5.987~1-eb8d0]:main():gmm-align-compiled.cc:127) VIVOSSPK46-083
LOG (gmm-align-compiled[5.5.987~1-eb8d0]:main():gmm-align-compiled.cc:127) VIVOSSPK46-084
LOG (gmm-align-compiled[5.5.987~1-eb8d0]:main():gmm-align-compiled.cc:127) VIVOSSPK46-085
LOG (gmm-align-compiled[5.5.987~1-eb8d0]:main():gmm-align-compiled.cc:127) VIVOSSPK46-086
LOG (gmm-align-compiled[5.5.987~1-eb8d0]:main():gmm-align-compiled.cc:127) VIVOSSPK46-087
LOG (gmm-align-compiled[5.5.987~1-eb8d0]:main():gmm-align-compiled.cc:127) VIVOSSPK46-088
LOG (gmm-align-compiled[5.5.987~1-eb8d0]:main():gmm-align-compiled.cc:127) VIVOSSPK46-089
LOG (gmm-align-compiled[5.5.987~1-eb8d0]:main():gmm-align-compiled.cc:127) VIVOSSPK46-090
LOG (gmm-align-compiled[5.5.987~1-eb8d0]:main():gmm-align-compiled.cc:127) VIVOSSPK46-091
LOG (gmm-align-compiled[5.5.987~1-eb8d0]:main():gmm-align-compiled.cc:127) VIVOSSPK46-092
LOG (gmm-align-compiled[5.5.987~1-eb8d0]:main():gmm-align-compiled.cc:127) VIVOSSPK46-093
LOG (gmm-align-compiled[5.5.987~1-eb8d0]:main():gmm-align-compiled.cc:127) VIVOSSPK46-094
LOG (gmm-align-compiled[5.5.987~1-eb8d0]:main():gmm-align-compiled.cc:127) VIVOSSPK46-095
LOG (gmm-align-compiled[5.5.987~1-eb8d0]:main():gmm-align-compiled.cc:127) VIVOSSPK46-096
LOG (gmm-align-compiled[5.5.987~1-eb8d0]:main():gmm-align-compiled.cc:127) VIVOSSPK46-097
LOG (gmm-align-compiled[5.5.987~1-eb8d0]:main():gmm-align-compiled.cc:127) VIVOSSPK46-098
LOG (gmm-align-compiled[5.5.987~1-eb8d0]:main():gmm-align-compiled.cc:127) VIVOSSPK46-099
WARNING (gmm-align-compiled[5.5.987~1-eb8d0]:AlignUtteranceWrapper():decoder-wrappers.cc:617) Retrying utterance VIVOSSPK46-099 with beam 40
LOG (gmm-align-compiled[5.5.987~1-eb8d0]:main():gmm-align-compiled.cc:127) VIVOSSPK46-100
LOG (gmm-align-compiled[5.5.987~1-eb8d0]:main():gmm-align-compiled.cc:127) VIVOSSPK46-101
LOG (gmm-align-compiled[5.5.987~1-eb8d0]:main():gmm-align-compiled.cc:127) VIVOSSPK46-102
LOG (gmm-align-compiled[5.5.987~1-eb8d0]:main():gmm-align-compiled.cc:127) VIVOSSPK46-103
LOG (gmm-align-compiled[5.5.987~1-eb8d0]:main():gmm-align-compiled.cc:127) VIVOSSPK46-104
LOG (gmm-align-compiled[5.5.987~1-eb8d0]:main():gmm-align-compiled.cc:127) VIVOSSPK46-105
LOG (gmm-align-compiled[5.5.987~1-eb8d0]:main():gmm-align-compiled.cc:127) VIVOSSPK46-106
LOG (gmm-align-compiled[5.5.987~1-eb8d0]:main():gmm-align-compiled.cc:127) VIVOSSPK46-107
LOG (gmm-align-compiled[5.5.987~1-eb8d0]:main():gmm-align-compiled.cc:127) VIVOSSPK46-108
LOG (gmm-align-compiled[5.5.987~1-eb8d0]:main():gmm-align-compiled.cc:127) VIVOSSPK46-109
LOG (gmm-align-compiled[5.5.987~1-eb8d0]:main():gmm-align-compiled.cc:127) VIVOSSPK46-110
LOG (gmm-align-compiled[5.5.987~1-eb8d0]:main():gmm-align-compiled.cc:127) VIVOSSPK46-111
LOG (gmm-align-compiled[5.5.987~1-eb8d0]:main():gmm-align-compiled.cc:127) VIVOSSPK46-112
LOG (gmm-align-compiled[5.5.987~1-eb8d0]:main():gmm-align-compiled.cc:127) VIVOSSPK46-113
LOG (gmm-align-compiled[5.5.987~1-eb8d0]:main():gmm-align-compiled.cc:127) VIVOSSPK46-114
LOG (gmm-align-compiled[5.5.987~1-eb8d0]:main():gmm-align-compiled.cc:127) VIVOSSPK46-115
LOG (gmm-align-compiled[5.5.987~1-eb8d0]:main():gmm-align-compiled.cc:127) VIVOSSPK46-116
LOG (gmm-align-compiled[5.5.987~1-eb8d0]:main():gmm-align-compiled.cc:127) VIVOSSPK46-117
LOG (gmm-align-compiled[5.5.987~1-eb8d0]:main():gmm-align-compiled.cc:127) VIVOSSPK46-118
LOG (gmm-align-compiled[5.5.987~1-eb8d0]:main():gmm-align-compiled.cc:127) VIVOSSPK46-119
LOG (gmm-align-compiled[5.5.987~1-eb8d0]:main():gmm-align-compiled.cc:127) VIVOSSPK46-120
LOG (gmm-align-compiled[5.5.987~1-eb8d0]:main():gmm-align-compiled.cc:127) VIVOSSPK46-121
LOG (gmm-align-compiled[5.5.987~1-eb8d0]:main():gmm-align-compiled.cc:127) VIVOSSPK46-122
LOG (gmm-align-compiled[5.5.987~1-eb8d0]:main():gmm-align-compiled.cc:127) VIVOSSPK46-123
LOG (gmm-align-compiled[5.5.987~1-eb8d0]:main():gmm-align-compiled.cc:127) VIVOSSPK46-124
WARNING (gmm-align-compiled[5.5.987~1-eb8d0]:AlignUtteranceWrapper():decoder-wrappers.cc:617) Retrying utterance VIVOSSPK46-124 with beam 40
LOG (gmm-align-compiled[5.5.987~1-eb8d0]:main():gmm-align-compiled.cc:127) VIVOSSPK46-125
LOG (gmm-align-compiled[5.5.987~1-eb8d0]:main():gmm-align-compiled.cc:127) VIVOSSPK46-126
LOG (gmm-align-compiled[5.5.987~1-eb8d0]:main():gmm-align-compiled.cc:127) VIVOSSPK46-127
LOG (gmm-align-compiled[5.5.987~1-eb8d0]:main():gmm-align-compiled.cc:127) VIVOSSPK46-128
LOG (gmm-align-compiled[5.5.987~1-eb8d0]:main():gmm-align-compiled.cc:127) VIVOSSPK46-129
LOG (gmm-align-compiled[5.5.987~1-eb8d0]:main():gmm-align-compiled.cc:127) VIVOSSPK46-130
LOG (gmm-align-compiled[5.5.987~1-eb8d0]:main():gmm-align-compiled.cc:127) VIVOSSPK46-131
LOG (gmm-align-compiled[5.5.987~1-eb8d0]:main():gmm-align-compiled.cc:127) VIVOSSPK46-132
LOG (gmm-align-compiled[5.5.987~1-eb8d0]:main():gmm-align-compiled.cc:127) VIVOSSPK46-133
LOG (gmm-align-compiled[5.5.987~1-eb8d0]:main():gmm-align-compiled.cc:127) VIVOSSPK46-134
LOG (gmm-align-compiled[5.5.987~1-eb8d0]:main():gmm-align-compiled.cc:127) VIVOSSPK46-135
LOG (gmm-align-compiled[5.5.987~1-eb8d0]:main():gmm-align-compiled.cc:127) VIVOSSPK46-136
WARNING (gmm-align-compiled[5.5.987~1-eb8d0]:AlignUtteranceWrapper():decoder-wrappers.cc:617) Retrying utterance VIVOSSPK46-136 with beam 40
LOG (gmm-align-compiled[5.5.987~1-eb8d0]:main():gmm-align-compiled.cc:127) VIVOSSPK46-137
LOG (gmm-align-compiled[5.5.987~1-eb8d0]:main():gmm-align-compiled.cc:127) VIVOSSPK46-138
LOG (gmm-align-compiled[5.5.987~1-eb8d0]:main():gmm-align-compiled.cc:127) VIVOSSPK46-139
LOG (gmm-align-compiled[5.5.987~1-eb8d0]:main():gmm-align-compiled.cc:127) VIVOSSPK46-140
WARNING (gmm-align-compiled[5.5.987~1-eb8d0]:AlignUtteranceWrapper():decoder-wrappers.cc:617) Retrying utterance VIVOSSPK46-140 with beam 40
LOG (gmm-align-compiled[5.5.987~1-eb8d0]:main():gmm-align-compiled.cc:127) VIVOSSPK46-141
LOG (gmm-align-compiled[5.5.987~1-eb8d0]:main():gmm-align-compiled.cc:127) VIVOSSPK46-142
LOG (gmm-align-compiled[5.5.987~1-eb8d0]:main():gmm-align-compiled.cc:127) VIVOSSPK46-143
LOG (gmm-align-compiled[5.5.987~1-eb8d0]:main():gmm-align-compiled.cc:127) VIVOSSPK46-144
LOG (gmm-align-compiled[5.5.987~1-eb8d0]:main():gmm-align-compiled.cc:127) VIVOSSPK46-145
LOG (gmm-align-compiled[5.5.987~1-eb8d0]:main():gmm-align-compiled.cc:127) VIVOSSPK46-146
LOG (gmm-align-compiled[5.5.987~1-eb8d0]:main():gmm-align-compiled.cc:127) VIVOSSPK46-147
LOG (gmm-align-compiled[5.5.987~1-eb8d0]:main():gmm-align-compiled.cc:127) VIVOSSPK46-148
LOG (gmm-align-compiled[5.5.987~1-eb8d0]:main():gmm-align-compiled.cc:127) VIVOSSPK46-149
LOG (gmm-align-compiled[5.5.987~1-eb8d0]:main():gmm-align-compiled.cc:127) VIVOSSPK46-150
LOG (gmm-align-compiled[5.5.987~1-eb8d0]:main():gmm-align-compiled.cc:127) VIVOSSPK46-151
LOG (gmm-align-compiled[5.5.987~1-eb8d0]:main():gmm-align-compiled.cc:127) VIVOSSPK46-152
LOG (gmm-align-compiled[5.5.987~1-eb8d0]:main():gmm-align-compiled.cc:127) VIVOSSPK46-153
LOG (gmm-align-compiled[5.5.987~1-eb8d0]:main():gmm-align-compiled.cc:127) VIVOSSPK46-154
LOG (gmm-align-compiled[5.5.987~1-eb8d0]:main():gmm-align-compiled.cc:127) VIVOSSPK46-155
LOG (gmm-align-compiled[5.5.987~1-eb8d0]:main():gmm-align-compiled.cc:127) VIVOSSPK46-156
LOG (gmm-align-compiled[5.5.987~1-eb8d0]:main():gmm-align-compiled.cc:127) VIVOSSPK46-157
LOG (gmm-align-compiled[5.5.987~1-eb8d0]:main():gmm-align-compiled.cc:127) VIVOSSPK46-158
LOG (gmm-align-compiled[5.5.987~1-eb8d0]:main():gmm-align-compiled.cc:127) VIVOSSPK46-159
LOG (gmm-align-compiled[5.5.987~1-eb8d0]:main():gmm-align-compiled.cc:127) VIVOSSPK46-160
LOG (gmm-align-compiled[5.5.987~1-eb8d0]:main():gmm-align-compiled.cc:127) VIVOSSPK46-161
LOG (gmm-align-compiled[5.5.987~1-eb8d0]:main():gmm-align-compiled.cc:127) VIVOSSPK46-162
LOG (gmm-align-compiled[5.5.987~1-eb8d0]:main():gmm-align-compiled.cc:127) VIVOSSPK46-163
LOG (gmm-align-compiled[5.5.987~1-eb8d0]:main():gmm-align-compiled.cc:127) VIVOSSPK46-164
LOG (gmm-align-compiled[5.5.987~1-eb8d0]:main():gmm-align-compiled.cc:127) VIVOSSPK46-165
LOG (gmm-align-compiled[5.5.987~1-eb8d0]:main():gmm-align-compiled.cc:127) VIVOSSPK46-166
LOG (gmm-align-compiled[5.5.987~1-eb8d0]:main():gmm-align-compiled.cc:127) VIVOSSPK46-167
LOG (gmm-align-compiled[5.5.987~1-eb8d0]:main():gmm-align-compiled.cc:127) VIVOSSPK46-168
LOG (gmm-align-compiled[5.5.987~1-eb8d0]:main():gmm-align-compiled.cc:127) VIVOSSPK46-169
LOG (gmm-align-compiled[5.5.987~1-eb8d0]:main():gmm-align-compiled.cc:127) VIVOSSPK46-170
LOG (gmm-align-compiled[5.5.987~1-eb8d0]:main():gmm-align-compiled.cc:127) VIVOSSPK46-171
LOG (gmm-align-compiled[5.5.987~1-eb8d0]:main():gmm-align-compiled.cc:127) VIVOSSPK46-172
LOG (gmm-align-compiled[5.5.987~1-eb8d0]:main():gmm-align-compiled.cc:127) VIVOSSPK46-173
LOG (gmm-align-compiled[5.5.987~1-eb8d0]:main():gmm-align-compiled.cc:127) VIVOSSPK46-174
LOG (gmm-align-compiled[5.5.987~1-eb8d0]:main():gmm-align-compiled.cc:127) VIVOSSPK46-175
LOG (gmm-align-compiled[5.5.987~1-eb8d0]:main():gmm-align-compiled.cc:127) VIVOSSPK46-176
LOG (gmm-align-compiled[5.5.987~1-eb8d0]:main():gmm-align-compiled.cc:127) VIVOSSPK46-177
LOG (gmm-align-compiled[5.5.987~1-eb8d0]:main():gmm-align-compiled.cc:127) VIVOSSPK46-178
LOG (gmm-align-compiled[5.5.987~1-eb8d0]:main():gmm-align-compiled.cc:127) VIVOSSPK46-179
LOG (gmm-align-compiled[5.5.987~1-eb8d0]:main():gmm-align-compiled.cc:127) VIVOSSPK46-180
LOG (gmm-align-compiled[5.5.987~1-eb8d0]:main():gmm-align-compiled.cc:127) VIVOSSPK46-181
LOG (gmm-align-compiled[5.5.987~1-eb8d0]:main():gmm-align-compiled.cc:127) VIVOSSPK46-182
LOG (gmm-align-compiled[5.5.987~1-eb8d0]:main():gmm-align-compiled.cc:127) VIVOSSPK46-183
LOG (gmm-align-compiled[5.5.987~1-eb8d0]:main():gmm-align-compiled.cc:127) VIVOSSPK46-184
LOG (gmm-align-compiled[5.5.987~1-eb8d0]:main():gmm-align-compiled.cc:127) VIVOSSPK46-185
LOG (gmm-align-compiled[5.5.987~1-eb8d0]:main():gmm-align-compiled.cc:127) VIVOSSPK46-186
LOG (gmm-align-compiled[5.5.987~1-eb8d0]:main():gmm-align-compiled.cc:127) VIVOSSPK46-187
LOG (gmm-align-compiled[5.5.987~1-eb8d0]:main():gmm-align-compiled.cc:127) VIVOSSPK46-188
WARNING (gmm-align-compiled[5.5.987~1-eb8d0]:AlignUtteranceWrapper():decoder-wrappers.cc:617) Retrying utterance VIVOSSPK46-188 with beam 40
LOG (gmm-align-compiled[5.5.987~1-eb8d0]:main():gmm-align-compiled.cc:127) VIVOSSPK46-189
LOG (gmm-align-compiled[5.5.987~1-eb8d0]:main():gmm-align-compiled.cc:127) VIVOSSPK46-190
LOG (gmm-align-compiled[5.5.987~1-eb8d0]:main():gmm-align-compiled.cc:127) VIVOSSPK46-191
LOG (gmm-align-compiled[5.5.987~1-eb8d0]:main():gmm-align-compiled.cc:127) VIVOSSPK46-192
LOG (gmm-align-compiled[5.5.987~1-eb8d0]:main():gmm-align-compiled.cc:127) VIVOSSPK46-193
LOG (gmm-align-compiled[5.5.987~1-eb8d0]:main():gmm-align-compiled.cc:127) VIVOSSPK46-194
LOG (gmm-align-compiled[5.5.987~1-eb8d0]:main():gmm-align-compiled.cc:127) VIVOSSPK46-195
LOG (gmm-align-compiled[5.5.987~1-eb8d0]:main():gmm-align-compiled.cc:127) VIVOSSPK46-196
LOG (gmm-align-compiled[5.5.987~1-eb8d0]:main():gmm-align-compiled.cc:127) VIVOSSPK46-197
LOG (gmm-align-compiled[5.5.987~1-eb8d0]:main():gmm-align-compiled.cc:127) VIVOSSPK46-198
LOG (gmm-align-compiled[5.5.987~1-eb8d0]:main():gmm-align-compiled.cc:127) VIVOSSPK46-199
LOG (gmm-align-compiled[5.5.987~1-eb8d0]:main():gmm-align-compiled.cc:127) VIVOSSPK46-200
LOG (gmm-align-compiled[5.5.987~1-eb8d0]:main():gmm-align-compiled.cc:127) VIVOSSPK46-201
LOG (gmm-align-compiled[5.5.987~1-eb8d0]:main():gmm-align-compiled.cc:127) VIVOSSPK46-202
LOG (gmm-align-compiled[5.5.987~1-eb8d0]:main():gmm-align-compiled.cc:127) VIVOSSPK46-203
LOG (gmm-align-compiled[5.5.987~1-eb8d0]:main():gmm-align-compiled.cc:127) VIVOSSPK46-204
LOG (gmm-align-compiled[5.5.987~1-eb8d0]:main():gmm-align-compiled.cc:127) VIVOSSPK46-205
LOG (gmm-align-compiled[5.5.987~1-eb8d0]:main():gmm-align-compiled.cc:127) VIVOSSPK46-206
WARNING (gmm-align-compiled[5.5.987~1-eb8d0]:AlignUtteranceWrapper():decoder-wrappers.cc:617) Retrying utterance VIVOSSPK46-206 with beam 40
LOG (gmm-align-compiled[5.5.987~1-eb8d0]:main():gmm-align-compiled.cc:127) VIVOSSPK46-207
LOG (gmm-align-compiled[5.5.987~1-eb8d0]:main():gmm-align-compiled.cc:127) VIVOSSPK46-208
LOG (gmm-align-compiled[5.5.987~1-eb8d0]:main():gmm-align-compiled.cc:127) VIVOSSPK46-209
LOG (gmm-align-compiled[5.5.987~1-eb8d0]:main():gmm-align-compiled.cc:127) VIVOSSPK46-210
LOG (gmm-align-compiled[5.5.987~1-eb8d0]:main():gmm-align-compiled.cc:127) VIVOSSPK46-211
LOG (gmm-align-compiled[5.5.987~1-eb8d0]:main():gmm-align-compiled.cc:127) VIVOSSPK46-212
LOG (gmm-align-compiled[5.5.987~1-eb8d0]:main():gmm-align-compiled.cc:127) VIVOSSPK46-213
LOG (gmm-align-compiled[5.5.987~1-eb8d0]:main():gmm-align-compiled.cc:127) VIVOSSPK46-214
LOG (gmm-align-compiled[5.5.987~1-eb8d0]:main():gmm-align-compiled.cc:127) VIVOSSPK46-215
LOG (gmm-align-compiled[5.5.987~1-eb8d0]:main():gmm-align-compiled.cc:127) VIVOSSPK46-216
LOG (gmm-align-compiled[5.5.987~1-eb8d0]:main():gmm-align-compiled.cc:127) VIVOSSPK46-217
LOG (gmm-align-compiled[5.5.987~1-eb8d0]:main():gmm-align-compiled.cc:127) VIVOSSPK46-218
LOG (gmm-align-compiled[5.5.987~1-eb8d0]:main():gmm-align-compiled.cc:127) VIVOSSPK46-219
LOG (gmm-align-compiled[5.5.987~1-eb8d0]:main():gmm-align-compiled.cc:127) VIVOSSPK46-220
LOG (gmm-align-compiled[5.5.987~1-eb8d0]:main():gmm-align-compiled.cc:127) VIVOSSPK46-221
LOG (gmm-align-compiled[5.5.987~1-eb8d0]:main():gmm-align-compiled.cc:127) VIVOSSPK46-222
LOG (gmm-align-compiled[5.5.987~1-eb8d0]:main():gmm-align-compiled.cc:127) VIVOSSPK46-223
LOG (gmm-align-compiled[5.5.987~1-eb8d0]:main():gmm-align-compiled.cc:127) VIVOSSPK46-224
LOG (gmm-align-compiled[5.5.987~1-eb8d0]:main():gmm-align-compiled.cc:127) VIVOSSPK46-225
LOG (gmm-align-compiled[5.5.987~1-eb8d0]:main():gmm-align-compiled.cc:127) VIVOSSPK46-226
LOG (gmm-align-compiled[5.5.987~1-eb8d0]:main():gmm-align-compiled.cc:127) VIVOSSPK46-227
LOG (gmm-align-compiled[5.5.987~1-eb8d0]:main():gmm-align-compiled.cc:127) VIVOSSPK46-228
LOG (gmm-align-compiled[5.5.987~1-eb8d0]:main():gmm-align-compiled.cc:127) VIVOSSPK46-229
LOG (gmm-align-compiled[5.5.987~1-eb8d0]:main():gmm-align-compiled.cc:127) VIVOSSPK46-230
LOG (gmm-align-compiled[5.5.987~1-eb8d0]:main():gmm-align-compiled.cc:127) VIVOSSPK46-231
LOG (gmm-align-compiled[5.5.987~1-eb8d0]:main():gmm-align-compiled.cc:127) VIVOSSPK46-232
LOG (gmm-align-compiled[5.5.987~1-eb8d0]:main():gmm-align-compiled.cc:127) VIVOSSPK46-233
LOG (gmm-align-compiled[5.5.987~1-eb8d0]:main():gmm-align-compiled.cc:127) VIVOSSPK46-234
LOG (gmm-align-compiled[5.5.987~1-eb8d0]:main():gmm-align-compiled.cc:127) VIVOSSPK46-235
LOG (gmm-align-compiled[5.5.987~1-eb8d0]:main():gmm-align-compiled.cc:127) VIVOSSPK46-236
LOG (gmm-align-compiled[5.5.987~1-eb8d0]:main():gmm-align-compiled.cc:127) VIVOSSPK46-237
LOG (gmm-align-compiled[5.5.987~1-eb8d0]:main():gmm-align-compiled.cc:127) VIVOSSPK46-238
LOG (gmm-align-compiled[5.5.987~1-eb8d0]:main():gmm-align-compiled.cc:127) VIVOSSPK46-239
LOG (gmm-align-compiled[5.5.987~1-eb8d0]:main():gmm-align-compiled.cc:127) VIVOSSPK46-240
WARNING (gmm-align-compiled[5.5.987~1-eb8d0]:AlignUtteranceWrapper():decoder-wrappers.cc:617) Retrying utterance VIVOSSPK46-240 with beam 40
LOG (gmm-align-compiled[5.5.987~1-eb8d0]:main():gmm-align-compiled.cc:127) VIVOSSPK46-241
LOG (gmm-align-compiled[5.5.987~1-eb8d0]:main():gmm-align-compiled.cc:127) VIVOSSPK46-242
LOG (gmm-align-compiled[5.5.987~1-eb8d0]:main():gmm-align-compiled.cc:127) VIVOSSPK46-243
LOG (gmm-align-compiled[5.5.987~1-eb8d0]:main():gmm-align-compiled.cc:127) VIVOSSPK46-244
LOG (gmm-align-compiled[5.5.987~1-eb8d0]:main():gmm-align-compiled.cc:127) VIVOSSPK46-245
LOG (gmm-align-compiled[5.5.987~1-eb8d0]:main():gmm-align-compiled.cc:127) VIVOSSPK46-246
LOG (gmm-align-compiled[5.5.987~1-eb8d0]:main():gmm-align-compiled.cc:127) VIVOSSPK46-247
WARNING (gmm-align-compiled[5.5.987~1-eb8d0]:AlignUtteranceWrapper():decoder-wrappers.cc:617) Retrying utterance VIVOSSPK46-247 with beam 40
LOG (gmm-align-compiled[5.5.987~1-eb8d0]:main():gmm-align-compiled.cc:127) VIVOSSPK46-248
LOG (gmm-align-compiled[5.5.987~1-eb8d0]:main():gmm-align-compiled.cc:127) VIVOSSPK46-249
LOG (gmm-align-compiled[5.5.987~1-eb8d0]:main():gmm-align-compiled.cc:127) VIVOSSPK46-250
LOG (gmm-align-compiled[5.5.987~1-eb8d0]:main():gmm-align-compiled.cc:127) VIVOSSPK46-251
LOG (gmm-align-compiled[5.5.987~1-eb8d0]:main():gmm-align-compiled.cc:127) VIVOSSPK46-252
WARNING (gmm-align-compiled[5.5.987~1-eb8d0]:AlignUtteranceWrapper():decoder-wrappers.cc:617) Retrying utterance VIVOSSPK46-252 with beam 40
LOG (gmm-align-compiled[5.5.987~1-eb8d0]:main():gmm-align-compiled.cc:127) VIVOSSPK46-253
LOG (gmm-align-compiled[5.5.987~1-eb8d0]:main():gmm-align-compiled.cc:127) VIVOSSPK46-254
LOG (gmm-align-compiled[5.5.987~1-eb8d0]:main():gmm-align-compiled.cc:127) VIVOSSPK46-255
LOG (gmm-align-compiled[5.5.987~1-eb8d0]:main():gmm-align-compiled.cc:127) VIVOSSPK46-256
LOG (gmm-align-compiled[5.5.987~1-eb8d0]:main():gmm-align-compiled.cc:127) VIVOSSPK46-257
LOG (gmm-align-compiled[5.5.987~1-eb8d0]:main():gmm-align-compiled.cc:127) VIVOSSPK46-258
LOG (gmm-align-compiled[5.5.987~1-eb8d0]:main():gmm-align-compiled.cc:127) VIVOSSPK46-259
LOG (gmm-align-compiled[5.5.987~1-eb8d0]:main():gmm-align-compiled.cc:127) VIVOSSPK46-260
LOG (gmm-align-compiled[5.5.987~1-eb8d0]:main():gmm-align-compiled.cc:127) VIVOSSPK46-261
LOG (gmm-align-compiled[5.5.987~1-eb8d0]:main():gmm-align-compiled.cc:127) VIVOSSPK46-262
LOG (gmm-align-compiled[5.5.987~1-eb8d0]:main():gmm-align-compiled.cc:127) VIVOSSPK46-263
LOG (gmm-align-compiled[5.5.987~1-eb8d0]:main():gmm-align-compiled.cc:127) VIVOSSPK46-264
LOG (gmm-align-compiled[5.5.987~1-eb8d0]:main():gmm-align-compiled.cc:127) VIVOSSPK46-265
WARNING (gmm-align-compiled[5.5.987~1-eb8d0]:AlignUtteranceWrapper():decoder-wrappers.cc:617) Retrying utterance VIVOSSPK46-265 with beam 40
LOG (gmm-align-compiled[5.5.987~1-eb8d0]:main():gmm-align-compiled.cc:127) VIVOSSPK46-266
LOG (gmm-align-compiled[5.5.987~1-eb8d0]:main():gmm-align-compiled.cc:127) VIVOSSPK46-267
LOG (gmm-align-compiled[5.5.987~1-eb8d0]:main():gmm-align-compiled.cc:127) VIVOSSPK46-268
LOG (gmm-align-compiled[5.5.987~1-eb8d0]:main():gmm-align-compiled.cc:127) VIVOSSPK46-269
LOG (gmm-align-compiled[5.5.987~1-eb8d0]:main():gmm-align-compiled.cc:127) VIVOSSPK46-270
LOG (gmm-align-compiled[5.5.987~1-eb8d0]:main():gmm-align-compiled.cc:127) VIVOSSPK46-271
LOG (gmm-align-compiled[5.5.987~1-eb8d0]:main():gmm-align-compiled.cc:127) VIVOSSPK46-272
LOG (gmm-align-compiled[5.5.987~1-eb8d0]:main():gmm-align-compiled.cc:127) VIVOSSPK46-273
LOG (gmm-align-compiled[5.5.987~1-eb8d0]:main():gmm-align-compiled.cc:127) VIVOSSPK46-274
LOG (gmm-align-compiled[5.5.987~1-eb8d0]:main():gmm-align-compiled.cc:127) VIVOSSPK46-275
LOG (gmm-align-compiled[5.5.987~1-eb8d0]:main():gmm-align-compiled.cc:127) VIVOSSPK46-276
LOG (gmm-align-compiled[5.5.987~1-eb8d0]:main():gmm-align-compiled.cc:127) VIVOSSPK46-277
LOG (gmm-align-compiled[5.5.987~1-eb8d0]:main():gmm-align-compiled.cc:127) VIVOSSPK46-278
LOG (gmm-align-compiled[5.5.987~1-eb8d0]:main():gmm-align-compiled.cc:127) VIVOSSPK46-279
LOG (gmm-align-compiled[5.5.987~1-eb8d0]:main():gmm-align-compiled.cc:127) VIVOSSPK46-280
LOG (gmm-align-compiled[5.5.987~1-eb8d0]:main():gmm-align-compiled.cc:127) VIVOSSPK46-281
LOG (gmm-align-compiled[5.5.987~1-eb8d0]:main():gmm-align-compiled.cc:127) VIVOSSPK46-282
LOG (gmm-align-compiled[5.5.987~1-eb8d0]:main():gmm-align-compiled.cc:127) VIVOSSPK46-283
LOG (gmm-align-compiled[5.5.987~1-eb8d0]:main():gmm-align-compiled.cc:127) VIVOSSPK46-284
LOG (gmm-align-compiled[5.5.987~1-eb8d0]:main():gmm-align-compiled.cc:127) VIVOSSPK46-285
LOG (gmm-align-compiled[5.5.987~1-eb8d0]:main():gmm-align-compiled.cc:127) VIVOSSPK46-286
LOG (gmm-align-compiled[5.5.987~1-eb8d0]:main():gmm-align-compiled.cc:127) VIVOSSPK46-287
LOG (gmm-align-compiled[5.5.987~1-eb8d0]:main():gmm-align-compiled.cc:127) VIVOSSPK46-288
WARNING (gmm-align-compiled[5.5.987~1-eb8d0]:AlignUtteranceWrapper():decoder-wrappers.cc:617) Retrying utterance VIVOSSPK46-288 with beam 40
WARNING (gmm-align-compiled[5.5.987~1-eb8d0]:AlignUtteranceWrapper():decoder-wrappers.cc:626) Did not successfully decode file VIVOSSPK46-288, len = 79
LOG (gmm-align-compiled[5.5.987~1-eb8d0]:main():gmm-align-compiled.cc:127) VIVOSSPK46-289
LOG (gmm-align-compiled[5.5.987~1-eb8d0]:main():gmm-align-compiled.cc:127) VIVOSSPK46-290
LOG (gmm-align-compiled[5.5.987~1-eb8d0]:main():gmm-align-compiled.cc:127) VIVOSSPK46-291
LOG (gmm-align-compiled[5.5.987~1-eb8d0]:main():gmm-align-compiled.cc:127) VIVOSSPK46-292
LOG (gmm-align-compiled[5.5.987~1-eb8d0]:main():gmm-align-compiled.cc:127) VIVOSSPK46-293
LOG (gmm-align-compiled[5.5.987~1-eb8d0]:main():gmm-align-compiled.cc:127) VIVOSSPK46-294
LOG (gmm-align-compiled[5.5.987~1-eb8d0]:main():gmm-align-compiled.cc:127) VIVOSSPK46-295
LOG (gmm-align-compiled[5.5.987~1-eb8d0]:main():gmm-align-compiled.cc:127) VIVOSSPK46-296
LOG (gmm-align-compiled[5.5.987~1-eb8d0]:main():gmm-align-compiled.cc:127) VIVOSSPK46-297
LOG (apply-cmvn[5.5.987~1-eb8d0]:main():apply-cmvn.cc:162) Applied cepstral mean normalization to 600 utterances, errors on 0
LOG (gmm-align-compiled[5.5.987~1-eb8d0]:main():gmm-align-compiled.cc:127) VIVOSSPK46-298
LOG (gmm-align-compiled[5.5.987~1-eb8d0]:main():gmm-align-compiled.cc:127) VIVOSSPK46-299
LOG (gmm-align-compiled[5.5.987~1-eb8d0]:main():gmm-align-compiled.cc:127) VIVOSSPK46-300
LOG (gmm-align-compiled[5.5.987~1-eb8d0]:main():gmm-align-compiled.cc:135) Overall log-likelihood per frame is -100.123 over 254813 frames.
LOG (gmm-align-compiled[5.5.987~1-eb8d0]:main():gmm-align-compiled.cc:137) Retried 44 out of 600 utterances.
LOG (gmm-align-compiled[5.5.987~1-eb8d0]:main():gmm-align-compiled.cc:139) Done 599, errors on 1
# Accounting: time=4 threads=1
# Ended (code 0) at Fri Oct 29 08:03:27 +07 2021, elapsed time 4 seconds
