# gmm-align-compiled --transition-scale=1.0 --acoustic-scale=0.1 --self-loop-scale=0.1 --beam=6 --retry-beam=40 --careful=false "gmm-boost-silence --boost=1.0 1 exp/mono/1.mdl - |" "ark:gunzip -c exp/mono/fsts.3.gz|" "ark,s,cs:apply-cmvn  --utt2spk=ark:data/train/split16/3/utt2spk scp:data/train/split16/3/cmvn.scp scp:data/train/split16/3/feats.scp ark:- | add-deltas  ark:- ark:- |" "ark,t:|gzip -c >exp/mono/ali.3.gz" 
# Started at Fri Oct 29 08:01:21 +07 2021
#
gmm-align-compiled --transition-scale=1.0 --acoustic-scale=0.1 --self-loop-scale=0.1 --beam=6 --retry-beam=40 --careful=false 'gmm-boost-silence --boost=1.0 1 exp/mono/1.mdl - |' 'ark:gunzip -c exp/mono/fsts.3.gz|' 'ark,s,cs:apply-cmvn  --utt2spk=ark:data/train/split16/3/utt2spk scp:data/train/split16/3/cmvn.scp scp:data/train/split16/3/feats.scp ark:- | add-deltas  ark:- ark:- |' 'ark,t:|gzip -c >exp/mono/ali.3.gz' 
gmm-boost-silence --boost=1.0 1 exp/mono/1.mdl - 
WARNING (gmm-boost-silence[5.5.987~1-eb8d0]:main():gmm-boost-silence.cc:82) The pdfs for the silence phones may be shared by other phones (note: this probably does not matter.)
LOG (gmm-boost-silence[5.5.987~1-eb8d0]:main():gmm-boost-silence.cc:93) Boosted weights for 5 pdfs, by factor of 1
LOG (gmm-boost-silence[5.5.987~1-eb8d0]:main():gmm-boost-silence.cc:103) Wrote model to -
add-deltas ark:- ark:- 
apply-cmvn --utt2spk=ark:data/train/split16/3/utt2spk scp:data/train/split16/3/cmvn.scp scp:data/train/split16/3/feats.scp ark:- 
LOG (gmm-align-compiled[5.5.987~1-eb8d0]:main():gmm-align-compiled.cc:127) VIVOSSPK07-R001
LOG (gmm-align-compiled[5.5.987~1-eb8d0]:main():gmm-align-compiled.cc:127) VIVOSSPK07-R002
LOG (gmm-align-compiled[5.5.987~1-eb8d0]:main():gmm-align-compiled.cc:127) VIVOSSPK07-R003
LOG (gmm-align-compiled[5.5.987~1-eb8d0]:main():gmm-align-compiled.cc:127) VIVOSSPK07-R004
LOG (gmm-align-compiled[5.5.987~1-eb8d0]:main():gmm-align-compiled.cc:127) VIVOSSPK07-R005
LOG (gmm-align-compiled[5.5.987~1-eb8d0]:main():gmm-align-compiled.cc:127) VIVOSSPK07-R006
LOG (gmm-align-compiled[5.5.987~1-eb8d0]:main():gmm-align-compiled.cc:127) VIVOSSPK07-R007
LOG (gmm-align-compiled[5.5.987~1-eb8d0]:main():gmm-align-compiled.cc:127) VIVOSSPK07-R008
LOG (gmm-align-compiled[5.5.987~1-eb8d0]:main():gmm-align-compiled.cc:127) VIVOSSPK07-R009
LOG (gmm-align-compiled[5.5.987~1-eb8d0]:main():gmm-align-compiled.cc:127) VIVOSSPK07-R010
LOG (gmm-align-compiled[5.5.987~1-eb8d0]:main():gmm-align-compiled.cc:127) VIVOSSPK07-R011
LOG (gmm-align-compiled[5.5.987~1-eb8d0]:main():gmm-align-compiled.cc:127) VIVOSSPK07-R012
LOG (gmm-align-compiled[5.5.987~1-eb8d0]:main():gmm-align-compiled.cc:127) VIVOSSPK07-R013
LOG (gmm-align-compiled[5.5.987~1-eb8d0]:main():gmm-align-compiled.cc:127) VIVOSSPK07-R014
LOG (gmm-align-compiled[5.5.987~1-eb8d0]:main():gmm-align-compiled.cc:127) VIVOSSPK07-R015
LOG (gmm-align-compiled[5.5.987~1-eb8d0]:main():gmm-align-compiled.cc:127) VIVOSSPK07-R016
LOG (gmm-align-compiled[5.5.987~1-eb8d0]:main():gmm-align-compiled.cc:127) VIVOSSPK07-R017
LOG (gmm-align-compiled[5.5.987~1-eb8d0]:main():gmm-align-compiled.cc:127) VIVOSSPK07-R018
LOG (gmm-align-compiled[5.5.987~1-eb8d0]:main():gmm-align-compiled.cc:127) VIVOSSPK07-R019
LOG (gmm-align-compiled[5.5.987~1-eb8d0]:main():gmm-align-compiled.cc:127) VIVOSSPK07-R020
LOG (gmm-align-compiled[5.5.987~1-eb8d0]:main():gmm-align-compiled.cc:127) VIVOSSPK07-R021
LOG (gmm-align-compiled[5.5.987~1-eb8d0]:main():gmm-align-compiled.cc:127) VIVOSSPK07-R022
LOG (gmm-align-compiled[5.5.987~1-eb8d0]:main():gmm-align-compiled.cc:127) VIVOSSPK07-R023
LOG (gmm-align-compiled[5.5.987~1-eb8d0]:main():gmm-align-compiled.cc:127) VIVOSSPK07-R024
LOG (gmm-align-compiled[5.5.987~1-eb8d0]:main():gmm-align-compiled.cc:127) VIVOSSPK07-R025
LOG (gmm-align-compiled[5.5.987~1-eb8d0]:main():gmm-align-compiled.cc:127) VIVOSSPK07-R026
LOG (gmm-align-compiled[5.5.987~1-eb8d0]:main():gmm-align-compiled.cc:127) VIVOSSPK07-R027
LOG (gmm-align-compiled[5.5.987~1-eb8d0]:main():gmm-align-compiled.cc:127) VIVOSSPK07-R028
LOG (gmm-align-compiled[5.5.987~1-eb8d0]:main():gmm-align-compiled.cc:127) VIVOSSPK07-R029
LOG (gmm-align-compiled[5.5.987~1-eb8d0]:main():gmm-align-compiled.cc:127) VIVOSSPK07-R030
LOG (gmm-align-compiled[5.5.987~1-eb8d0]:main():gmm-align-compiled.cc:127) VIVOSSPK07-R031
LOG (gmm-align-compiled[5.5.987~1-eb8d0]:main():gmm-align-compiled.cc:127) VIVOSSPK07-R032
LOG (gmm-align-compiled[5.5.987~1-eb8d0]:main():gmm-align-compiled.cc:127) VIVOSSPK07-R033
LOG (gmm-align-compiled[5.5.987~1-eb8d0]:main():gmm-align-compiled.cc:127) VIVOSSPK07-R034
LOG (gmm-align-compiled[5.5.987~1-eb8d0]:main():gmm-align-compiled.cc:127) VIVOSSPK07-R035
LOG (gmm-align-compiled[5.5.987~1-eb8d0]:main():gmm-align-compiled.cc:127) VIVOSSPK07-R036
LOG (gmm-align-compiled[5.5.987~1-eb8d0]:main():gmm-align-compiled.cc:127) VIVOSSPK07-R037
LOG (gmm-align-compiled[5.5.987~1-eb8d0]:main():gmm-align-compiled.cc:127) VIVOSSPK07-R038
LOG (gmm-align-compiled[5.5.987~1-eb8d0]:main():gmm-align-compiled.cc:127) VIVOSSPK07-R039
LOG (gmm-align-compiled[5.5.987~1-eb8d0]:main():gmm-align-compiled.cc:127) VIVOSSPK07-R040
LOG (gmm-align-compiled[5.5.987~1-eb8d0]:main():gmm-align-compiled.cc:127) VIVOSSPK07-R041
WARNING (gmm-align-compiled[5.5.987~1-eb8d0]:AlignUtteranceWrapper():decoder-wrappers.cc:617) Retrying utterance VIVOSSPK07-R041 with beam 40
LOG (gmm-align-compiled[5.5.987~1-eb8d0]:main():gmm-align-compiled.cc:127) VIVOSSPK07-R042
LOG (gmm-align-compiled[5.5.987~1-eb8d0]:main():gmm-align-compiled.cc:127) VIVOSSPK07-R043
LOG (gmm-align-compiled[5.5.987~1-eb8d0]:main():gmm-align-compiled.cc:127) VIVOSSPK07-R044
LOG (gmm-align-compiled[5.5.987~1-eb8d0]:main():gmm-align-compiled.cc:127) VIVOSSPK07-R045
LOG (gmm-align-compiled[5.5.987~1-eb8d0]:main():gmm-align-compiled.cc:127) VIVOSSPK07-R046
LOG (gmm-align-compiled[5.5.987~1-eb8d0]:main():gmm-align-compiled.cc:127) VIVOSSPK07-R047
LOG (gmm-align-compiled[5.5.987~1-eb8d0]:main():gmm-align-compiled.cc:127) VIVOSSPK07-R048
LOG (gmm-align-compiled[5.5.987~1-eb8d0]:main():gmm-align-compiled.cc:127) VIVOSSPK07-R049
LOG (gmm-align-compiled[5.5.987~1-eb8d0]:main():gmm-align-compiled.cc:127) VIVOSSPK07-R050
LOG (gmm-align-compiled[5.5.987~1-eb8d0]:main():gmm-align-compiled.cc:127) VIVOSSPK07-R051
LOG (gmm-align-compiled[5.5.987~1-eb8d0]:main():gmm-align-compiled.cc:127) VIVOSSPK07-R052
LOG (gmm-align-compiled[5.5.987~1-eb8d0]:main():gmm-align-compiled.cc:127) VIVOSSPK07-R053
LOG (gmm-align-compiled[5.5.987~1-eb8d0]:main():gmm-align-compiled.cc:127) VIVOSSPK07-R054
LOG (gmm-align-compiled[5.5.987~1-eb8d0]:main():gmm-align-compiled.cc:127) VIVOSSPK07-R055
LOG (gmm-align-compiled[5.5.987~1-eb8d0]:main():gmm-align-compiled.cc:127) VIVOSSPK07-R056
LOG (gmm-align-compiled[5.5.987~1-eb8d0]:main():gmm-align-compiled.cc:127) VIVOSSPK07-R057
LOG (gmm-align-compiled[5.5.987~1-eb8d0]:main():gmm-align-compiled.cc:127) VIVOSSPK07-R058
LOG (gmm-align-compiled[5.5.987~1-eb8d0]:main():gmm-align-compiled.cc:127) VIVOSSPK07-R059
LOG (gmm-align-compiled[5.5.987~1-eb8d0]:main():gmm-align-compiled.cc:127) VIVOSSPK07-R060
LOG (gmm-align-compiled[5.5.987~1-eb8d0]:main():gmm-align-compiled.cc:127) VIVOSSPK07-R061
LOG (gmm-align-compiled[5.5.987~1-eb8d0]:main():gmm-align-compiled.cc:127) VIVOSSPK07-R062
LOG (gmm-align-compiled[5.5.987~1-eb8d0]:main():gmm-align-compiled.cc:127) VIVOSSPK07-R063
LOG (gmm-align-compiled[5.5.987~1-eb8d0]:main():gmm-align-compiled.cc:127) VIVOSSPK07-R064
LOG (gmm-align-compiled[5.5.987~1-eb8d0]:main():gmm-align-compiled.cc:127) VIVOSSPK07-R065
LOG (gmm-align-compiled[5.5.987~1-eb8d0]:main():gmm-align-compiled.cc:127) VIVOSSPK07-R066
LOG (gmm-align-compiled[5.5.987~1-eb8d0]:main():gmm-align-compiled.cc:127) VIVOSSPK07-R067
LOG (gmm-align-compiled[5.5.987~1-eb8d0]:main():gmm-align-compiled.cc:127) VIVOSSPK07-R068
LOG (gmm-align-compiled[5.5.987~1-eb8d0]:main():gmm-align-compiled.cc:127) VIVOSSPK07-R069
LOG (gmm-align-compiled[5.5.987~1-eb8d0]:main():gmm-align-compiled.cc:127) VIVOSSPK07-R070
LOG (gmm-align-compiled[5.5.987~1-eb8d0]:main():gmm-align-compiled.cc:127) VIVOSSPK07-R071
LOG (gmm-align-compiled[5.5.987~1-eb8d0]:main():gmm-align-compiled.cc:127) VIVOSSPK07-R072
LOG (gmm-align-compiled[5.5.987~1-eb8d0]:main():gmm-align-compiled.cc:127) VIVOSSPK07-R073
LOG (gmm-align-compiled[5.5.987~1-eb8d0]:main():gmm-align-compiled.cc:127) VIVOSSPK07-R074
WARNING (gmm-align-compiled[5.5.987~1-eb8d0]:AlignUtteranceWrapper():decoder-wrappers.cc:617) Retrying utterance VIVOSSPK07-R074 with beam 40
LOG (gmm-align-compiled[5.5.987~1-eb8d0]:main():gmm-align-compiled.cc:127) VIVOSSPK07-R075
LOG (gmm-align-compiled[5.5.987~1-eb8d0]:main():gmm-align-compiled.cc:127) VIVOSSPK07-R076
LOG (gmm-align-compiled[5.5.987~1-eb8d0]:main():gmm-align-compiled.cc:127) VIVOSSPK07-R077
LOG (gmm-align-compiled[5.5.987~1-eb8d0]:main():gmm-align-compiled.cc:127) VIVOSSPK07-R078
LOG (gmm-align-compiled[5.5.987~1-eb8d0]:main():gmm-align-compiled.cc:127) VIVOSSPK07-R079
LOG (gmm-align-compiled[5.5.987~1-eb8d0]:main():gmm-align-compiled.cc:127) VIVOSSPK07-R080
LOG (gmm-align-compiled[5.5.987~1-eb8d0]:main():gmm-align-compiled.cc:127) VIVOSSPK07-R081
LOG (gmm-align-compiled[5.5.987~1-eb8d0]:main():gmm-align-compiled.cc:127) VIVOSSPK07-R082
LOG (gmm-align-compiled[5.5.987~1-eb8d0]:main():gmm-align-compiled.cc:127) VIVOSSPK07-R083
LOG (gmm-align-compiled[5.5.987~1-eb8d0]:main():gmm-align-compiled.cc:127) VIVOSSPK07-R084
LOG (gmm-align-compiled[5.5.987~1-eb8d0]:main():gmm-align-compiled.cc:127) VIVOSSPK07-R085
LOG (gmm-align-compiled[5.5.987~1-eb8d0]:main():gmm-align-compiled.cc:127) VIVOSSPK07-R086
LOG (gmm-align-compiled[5.5.987~1-eb8d0]:main():gmm-align-compiled.cc:127) VIVOSSPK07-R087
LOG (gmm-align-compiled[5.5.987~1-eb8d0]:main():gmm-align-compiled.cc:127) VIVOSSPK07-R088
LOG (gmm-align-compiled[5.5.987~1-eb8d0]:main():gmm-align-compiled.cc:127) VIVOSSPK07-R089
LOG (gmm-align-compiled[5.5.987~1-eb8d0]:main():gmm-align-compiled.cc:127) VIVOSSPK07-R090
LOG (gmm-align-compiled[5.5.987~1-eb8d0]:main():gmm-align-compiled.cc:127) VIVOSSPK07-R091
LOG (gmm-align-compiled[5.5.987~1-eb8d0]:main():gmm-align-compiled.cc:127) VIVOSSPK07-R092
LOG (gmm-align-compiled[5.5.987~1-eb8d0]:main():gmm-align-compiled.cc:127) VIVOSSPK07-R093
LOG (gmm-align-compiled[5.5.987~1-eb8d0]:main():gmm-align-compiled.cc:127) VIVOSSPK07-R094
LOG (gmm-align-compiled[5.5.987~1-eb8d0]:main():gmm-align-compiled.cc:127) VIVOSSPK07-R095
LOG (gmm-align-compiled[5.5.987~1-eb8d0]:main():gmm-align-compiled.cc:127) VIVOSSPK07-R096
LOG (gmm-align-compiled[5.5.987~1-eb8d0]:main():gmm-align-compiled.cc:127) VIVOSSPK07-R097
LOG (gmm-align-compiled[5.5.987~1-eb8d0]:main():gmm-align-compiled.cc:127) VIVOSSPK07-R098
LOG (gmm-align-compiled[5.5.987~1-eb8d0]:main():gmm-align-compiled.cc:127) VIVOSSPK07-R099
LOG (gmm-align-compiled[5.5.987~1-eb8d0]:main():gmm-align-compiled.cc:127) VIVOSSPK07-R100
LOG (gmm-align-compiled[5.5.987~1-eb8d0]:main():gmm-align-compiled.cc:127) VIVOSSPK07-R101
LOG (gmm-align-compiled[5.5.987~1-eb8d0]:main():gmm-align-compiled.cc:127) VIVOSSPK07-R102
LOG (gmm-align-compiled[5.5.987~1-eb8d0]:main():gmm-align-compiled.cc:127) VIVOSSPK07-R103
LOG (gmm-align-compiled[5.5.987~1-eb8d0]:main():gmm-align-compiled.cc:127) VIVOSSPK07-R104
LOG (gmm-align-compiled[5.5.987~1-eb8d0]:main():gmm-align-compiled.cc:127) VIVOSSPK07-R105
LOG (gmm-align-compiled[5.5.987~1-eb8d0]:main():gmm-align-compiled.cc:127) VIVOSSPK07-R106
LOG (gmm-align-compiled[5.5.987~1-eb8d0]:main():gmm-align-compiled.cc:127) VIVOSSPK07-R107
LOG (gmm-align-compiled[5.5.987~1-eb8d0]:main():gmm-align-compiled.cc:127) VIVOSSPK07-R108
WARNING (gmm-align-compiled[5.5.987~1-eb8d0]:AlignUtteranceWrapper():decoder-wrappers.cc:617) Retrying utterance VIVOSSPK07-R108 with beam 40
LOG (gmm-align-compiled[5.5.987~1-eb8d0]:main():gmm-align-compiled.cc:127) VIVOSSPK07-R109
LOG (gmm-align-compiled[5.5.987~1-eb8d0]:main():gmm-align-compiled.cc:127) VIVOSSPK07-R110
LOG (gmm-align-compiled[5.5.987~1-eb8d0]:main():gmm-align-compiled.cc:127) VIVOSSPK07-R111
LOG (gmm-align-compiled[5.5.987~1-eb8d0]:main():gmm-align-compiled.cc:127) VIVOSSPK07-R112
LOG (gmm-align-compiled[5.5.987~1-eb8d0]:main():gmm-align-compiled.cc:127) VIVOSSPK07-R113
LOG (gmm-align-compiled[5.5.987~1-eb8d0]:main():gmm-align-compiled.cc:127) VIVOSSPK07-R114
LOG (gmm-align-compiled[5.5.987~1-eb8d0]:main():gmm-align-compiled.cc:127) VIVOSSPK07-R115
LOG (gmm-align-compiled[5.5.987~1-eb8d0]:main():gmm-align-compiled.cc:127) VIVOSSPK07-R116
LOG (gmm-align-compiled[5.5.987~1-eb8d0]:main():gmm-align-compiled.cc:127) VIVOSSPK07-R117
LOG (gmm-align-compiled[5.5.987~1-eb8d0]:main():gmm-align-compiled.cc:127) VIVOSSPK07-R118
LOG (gmm-align-compiled[5.5.987~1-eb8d0]:main():gmm-align-compiled.cc:127) VIVOSSPK07-R119
LOG (gmm-align-compiled[5.5.987~1-eb8d0]:main():gmm-align-compiled.cc:127) VIVOSSPK07-R120
LOG (gmm-align-compiled[5.5.987~1-eb8d0]:main():gmm-align-compiled.cc:127) VIVOSSPK07-R121
LOG (gmm-align-compiled[5.5.987~1-eb8d0]:main():gmm-align-compiled.cc:127) VIVOSSPK07-R122
LOG (gmm-align-compiled[5.5.987~1-eb8d0]:main():gmm-align-compiled.cc:127) VIVOSSPK07-R123
LOG (gmm-align-compiled[5.5.987~1-eb8d0]:main():gmm-align-compiled.cc:127) VIVOSSPK07-R124
LOG (gmm-align-compiled[5.5.987~1-eb8d0]:main():gmm-align-compiled.cc:127) VIVOSSPK07-R125
LOG (gmm-align-compiled[5.5.987~1-eb8d0]:main():gmm-align-compiled.cc:127) VIVOSSPK07-R126
LOG (gmm-align-compiled[5.5.987~1-eb8d0]:main():gmm-align-compiled.cc:127) VIVOSSPK07-R127
LOG (gmm-align-compiled[5.5.987~1-eb8d0]:main():gmm-align-compiled.cc:127) VIVOSSPK07-R128
LOG (gmm-align-compiled[5.5.987~1-eb8d0]:main():gmm-align-compiled.cc:127) VIVOSSPK07-R129
LOG (gmm-align-compiled[5.5.987~1-eb8d0]:main():gmm-align-compiled.cc:127) VIVOSSPK07-R130
LOG (gmm-align-compiled[5.5.987~1-eb8d0]:main():gmm-align-compiled.cc:127) VIVOSSPK07-R131
LOG (gmm-align-compiled[5.5.987~1-eb8d0]:main():gmm-align-compiled.cc:127) VIVOSSPK07-R132
LOG (gmm-align-compiled[5.5.987~1-eb8d0]:main():gmm-align-compiled.cc:127) VIVOSSPK07-R133
LOG (gmm-align-compiled[5.5.987~1-eb8d0]:main():gmm-align-compiled.cc:127) VIVOSSPK07-R134
LOG (gmm-align-compiled[5.5.987~1-eb8d0]:main():gmm-align-compiled.cc:127) VIVOSSPK07-R135
LOG (gmm-align-compiled[5.5.987~1-eb8d0]:main():gmm-align-compiled.cc:127) VIVOSSPK07-R136
LOG (gmm-align-compiled[5.5.987~1-eb8d0]:main():gmm-align-compiled.cc:127) VIVOSSPK07-R137
LOG (gmm-align-compiled[5.5.987~1-eb8d0]:main():gmm-align-compiled.cc:127) VIVOSSPK07-R138
LOG (gmm-align-compiled[5.5.987~1-eb8d0]:main():gmm-align-compiled.cc:127) VIVOSSPK07-R139
LOG (gmm-align-compiled[5.5.987~1-eb8d0]:main():gmm-align-compiled.cc:127) VIVOSSPK07-R140
LOG (gmm-align-compiled[5.5.987~1-eb8d0]:main():gmm-align-compiled.cc:127) VIVOSSPK07-R141
LOG (gmm-align-compiled[5.5.987~1-eb8d0]:main():gmm-align-compiled.cc:127) VIVOSSPK07-R142
LOG (gmm-align-compiled[5.5.987~1-eb8d0]:main():gmm-align-compiled.cc:127) VIVOSSPK07-R143
LOG (gmm-align-compiled[5.5.987~1-eb8d0]:main():gmm-align-compiled.cc:127) VIVOSSPK07-R144
LOG (gmm-align-compiled[5.5.987~1-eb8d0]:main():gmm-align-compiled.cc:127) VIVOSSPK07-R145
LOG (gmm-align-compiled[5.5.987~1-eb8d0]:main():gmm-align-compiled.cc:127) VIVOSSPK07-R146
LOG (gmm-align-compiled[5.5.987~1-eb8d0]:main():gmm-align-compiled.cc:127) VIVOSSPK07-R147
LOG (gmm-align-compiled[5.5.987~1-eb8d0]:main():gmm-align-compiled.cc:127) VIVOSSPK07-R148
LOG (gmm-align-compiled[5.5.987~1-eb8d0]:main():gmm-align-compiled.cc:127) VIVOSSPK07-R149
LOG (gmm-align-compiled[5.5.987~1-eb8d0]:main():gmm-align-compiled.cc:127) VIVOSSPK07-R150
LOG (gmm-align-compiled[5.5.987~1-eb8d0]:main():gmm-align-compiled.cc:127) VIVOSSPK07-R151
LOG (gmm-align-compiled[5.5.987~1-eb8d0]:main():gmm-align-compiled.cc:127) VIVOSSPK07-R152
LOG (gmm-align-compiled[5.5.987~1-eb8d0]:main():gmm-align-compiled.cc:127) VIVOSSPK07-R153
LOG (gmm-align-compiled[5.5.987~1-eb8d0]:main():gmm-align-compiled.cc:127) VIVOSSPK07-R154
LOG (gmm-align-compiled[5.5.987~1-eb8d0]:main():gmm-align-compiled.cc:127) VIVOSSPK07-R155
LOG (gmm-align-compiled[5.5.987~1-eb8d0]:main():gmm-align-compiled.cc:127) VIVOSSPK07-R156
LOG (gmm-align-compiled[5.5.987~1-eb8d0]:main():gmm-align-compiled.cc:127) VIVOSSPK07-R157
LOG (gmm-align-compiled[5.5.987~1-eb8d0]:main():gmm-align-compiled.cc:127) VIVOSSPK07-R158
LOG (gmm-align-compiled[5.5.987~1-eb8d0]:main():gmm-align-compiled.cc:127) VIVOSSPK07-R159
LOG (gmm-align-compiled[5.5.987~1-eb8d0]:main():gmm-align-compiled.cc:127) VIVOSSPK07-R160
LOG (gmm-align-compiled[5.5.987~1-eb8d0]:main():gmm-align-compiled.cc:127) VIVOSSPK07-R161
LOG (gmm-align-compiled[5.5.987~1-eb8d0]:main():gmm-align-compiled.cc:127) VIVOSSPK07-R162
LOG (gmm-align-compiled[5.5.987~1-eb8d0]:main():gmm-align-compiled.cc:127) VIVOSSPK07-R163
LOG (gmm-align-compiled[5.5.987~1-eb8d0]:main():gmm-align-compiled.cc:127) VIVOSSPK07-R164
LOG (gmm-align-compiled[5.5.987~1-eb8d0]:main():gmm-align-compiled.cc:127) VIVOSSPK07-R165
LOG (gmm-align-compiled[5.5.987~1-eb8d0]:main():gmm-align-compiled.cc:127) VIVOSSPK07-R166
LOG (gmm-align-compiled[5.5.987~1-eb8d0]:main():gmm-align-compiled.cc:127) VIVOSSPK07-R167
LOG (gmm-align-compiled[5.5.987~1-eb8d0]:main():gmm-align-compiled.cc:127) VIVOSSPK07-R168
LOG (gmm-align-compiled[5.5.987~1-eb8d0]:main():gmm-align-compiled.cc:127) VIVOSSPK07-R169
LOG (gmm-align-compiled[5.5.987~1-eb8d0]:main():gmm-align-compiled.cc:127) VIVOSSPK07-R170
LOG (gmm-align-compiled[5.5.987~1-eb8d0]:main():gmm-align-compiled.cc:127) VIVOSSPK07-R171
LOG (gmm-align-compiled[5.5.987~1-eb8d0]:main():gmm-align-compiled.cc:127) VIVOSSPK07-R172
LOG (gmm-align-compiled[5.5.987~1-eb8d0]:main():gmm-align-compiled.cc:127) VIVOSSPK07-R173
LOG (gmm-align-compiled[5.5.987~1-eb8d0]:main():gmm-align-compiled.cc:127) VIVOSSPK07-R174
LOG (gmm-align-compiled[5.5.987~1-eb8d0]:main():gmm-align-compiled.cc:127) VIVOSSPK07-R175
LOG (gmm-align-compiled[5.5.987~1-eb8d0]:main():gmm-align-compiled.cc:127) VIVOSSPK07-R176
LOG (gmm-align-compiled[5.5.987~1-eb8d0]:main():gmm-align-compiled.cc:127) VIVOSSPK07-R177
LOG (gmm-align-compiled[5.5.987~1-eb8d0]:main():gmm-align-compiled.cc:127) VIVOSSPK07-R178
LOG (gmm-align-compiled[5.5.987~1-eb8d0]:main():gmm-align-compiled.cc:127) VIVOSSPK07-R179
LOG (gmm-align-compiled[5.5.987~1-eb8d0]:main():gmm-align-compiled.cc:127) VIVOSSPK07-R180
LOG (gmm-align-compiled[5.5.987~1-eb8d0]:main():gmm-align-compiled.cc:127) VIVOSSPK07-R181
LOG (gmm-align-compiled[5.5.987~1-eb8d0]:main():gmm-align-compiled.cc:127) VIVOSSPK07-R182
LOG (gmm-align-compiled[5.5.987~1-eb8d0]:main():gmm-align-compiled.cc:127) VIVOSSPK07-R183
LOG (gmm-align-compiled[5.5.987~1-eb8d0]:main():gmm-align-compiled.cc:127) VIVOSSPK07-R184
LOG (gmm-align-compiled[5.5.987~1-eb8d0]:main():gmm-align-compiled.cc:127) VIVOSSPK07-R185
LOG (gmm-align-compiled[5.5.987~1-eb8d0]:main():gmm-align-compiled.cc:127) VIVOSSPK07-R186
LOG (gmm-align-compiled[5.5.987~1-eb8d0]:main():gmm-align-compiled.cc:127) VIVOSSPK07-R187
LOG (gmm-align-compiled[5.5.987~1-eb8d0]:main():gmm-align-compiled.cc:127) VIVOSSPK07-R188
LOG (gmm-align-compiled[5.5.987~1-eb8d0]:main():gmm-align-compiled.cc:127) VIVOSSPK07-R189
LOG (gmm-align-compiled[5.5.987~1-eb8d0]:main():gmm-align-compiled.cc:127) VIVOSSPK07-R190
LOG (gmm-align-compiled[5.5.987~1-eb8d0]:main():gmm-align-compiled.cc:127) VIVOSSPK07-R191
LOG (gmm-align-compiled[5.5.987~1-eb8d0]:main():gmm-align-compiled.cc:127) VIVOSSPK07-R192
LOG (gmm-align-compiled[5.5.987~1-eb8d0]:main():gmm-align-compiled.cc:127) VIVOSSPK07-R193
LOG (gmm-align-compiled[5.5.987~1-eb8d0]:main():gmm-align-compiled.cc:127) VIVOSSPK07-R194
LOG (gmm-align-compiled[5.5.987~1-eb8d0]:main():gmm-align-compiled.cc:127) VIVOSSPK07-R195
LOG (gmm-align-compiled[5.5.987~1-eb8d0]:main():gmm-align-compiled.cc:127) VIVOSSPK07-R196
LOG (gmm-align-compiled[5.5.987~1-eb8d0]:main():gmm-align-compiled.cc:127) VIVOSSPK07-R197
LOG (gmm-align-compiled[5.5.987~1-eb8d0]:main():gmm-align-compiled.cc:127) VIVOSSPK07-R198
LOG (gmm-align-compiled[5.5.987~1-eb8d0]:main():gmm-align-compiled.cc:127) VIVOSSPK07-R199
LOG (gmm-align-compiled[5.5.987~1-eb8d0]:main():gmm-align-compiled.cc:127) VIVOSSPK07-R200
LOG (gmm-align-compiled[5.5.987~1-eb8d0]:main():gmm-align-compiled.cc:127) VIVOSSPK07-T001
LOG (gmm-align-compiled[5.5.987~1-eb8d0]:main():gmm-align-compiled.cc:127) VIVOSSPK07-T002
LOG (gmm-align-compiled[5.5.987~1-eb8d0]:main():gmm-align-compiled.cc:127) VIVOSSPK07-T003
LOG (gmm-align-compiled[5.5.987~1-eb8d0]:main():gmm-align-compiled.cc:127) VIVOSSPK07-T004
LOG (gmm-align-compiled[5.5.987~1-eb8d0]:main():gmm-align-compiled.cc:127) VIVOSSPK07-T005
LOG (gmm-align-compiled[5.5.987~1-eb8d0]:main():gmm-align-compiled.cc:127) VIVOSSPK07-T006
LOG (gmm-align-compiled[5.5.987~1-eb8d0]:main():gmm-align-compiled.cc:127) VIVOSSPK07-T007
LOG (gmm-align-compiled[5.5.987~1-eb8d0]:main():gmm-align-compiled.cc:127) VIVOSSPK07-T008
LOG (gmm-align-compiled[5.5.987~1-eb8d0]:main():gmm-align-compiled.cc:127) VIVOSSPK07-T009
LOG (gmm-align-compiled[5.5.987~1-eb8d0]:main():gmm-align-compiled.cc:127) VIVOSSPK07-T010
LOG (gmm-align-compiled[5.5.987~1-eb8d0]:main():gmm-align-compiled.cc:127) VIVOSSPK07-T011
LOG (gmm-align-compiled[5.5.987~1-eb8d0]:main():gmm-align-compiled.cc:127) VIVOSSPK07-T012
WARNING (gmm-align-compiled[5.5.987~1-eb8d0]:AlignUtteranceWrapper():decoder-wrappers.cc:617) Retrying utterance VIVOSSPK07-T012 with beam 40
LOG (gmm-align-compiled[5.5.987~1-eb8d0]:main():gmm-align-compiled.cc:127) VIVOSSPK07-T013
LOG (gmm-align-compiled[5.5.987~1-eb8d0]:main():gmm-align-compiled.cc:127) VIVOSSPK07-T014
LOG (gmm-align-compiled[5.5.987~1-eb8d0]:main():gmm-align-compiled.cc:127) VIVOSSPK07-T015
LOG (gmm-align-compiled[5.5.987~1-eb8d0]:main():gmm-align-compiled.cc:127) VIVOSSPK07-T016
LOG (gmm-align-compiled[5.5.987~1-eb8d0]:main():gmm-align-compiled.cc:127) VIVOSSPK07-T017
LOG (gmm-align-compiled[5.5.987~1-eb8d0]:main():gmm-align-compiled.cc:127) VIVOSSPK07-T018
LOG (gmm-align-compiled[5.5.987~1-eb8d0]:main():gmm-align-compiled.cc:127) VIVOSSPK07-T019
LOG (gmm-align-compiled[5.5.987~1-eb8d0]:main():gmm-align-compiled.cc:127) VIVOSSPK07-T020
LOG (gmm-align-compiled[5.5.987~1-eb8d0]:main():gmm-align-compiled.cc:127) VIVOSSPK07-T021
LOG (gmm-align-compiled[5.5.987~1-eb8d0]:main():gmm-align-compiled.cc:127) VIVOSSPK07-T022
LOG (gmm-align-compiled[5.5.987~1-eb8d0]:main():gmm-align-compiled.cc:127) VIVOSSPK07-T023
LOG (gmm-align-compiled[5.5.987~1-eb8d0]:main():gmm-align-compiled.cc:127) VIVOSSPK07-T024
LOG (gmm-align-compiled[5.5.987~1-eb8d0]:main():gmm-align-compiled.cc:127) VIVOSSPK07-T025
LOG (gmm-align-compiled[5.5.987~1-eb8d0]:main():gmm-align-compiled.cc:127) VIVOSSPK07-T026
LOG (gmm-align-compiled[5.5.987~1-eb8d0]:main():gmm-align-compiled.cc:127) VIVOSSPK07-T027
LOG (gmm-align-compiled[5.5.987~1-eb8d0]:main():gmm-align-compiled.cc:127) VIVOSSPK07-T028
LOG (gmm-align-compiled[5.5.987~1-eb8d0]:main():gmm-align-compiled.cc:127) VIVOSSPK07-T029
LOG (gmm-align-compiled[5.5.987~1-eb8d0]:main():gmm-align-compiled.cc:127) VIVOSSPK07-T030
LOG (gmm-align-compiled[5.5.987~1-eb8d0]:main():gmm-align-compiled.cc:127) VIVOSSPK07-T031
LOG (gmm-align-compiled[5.5.987~1-eb8d0]:main():gmm-align-compiled.cc:127) VIVOSSPK07-T032
LOG (gmm-align-compiled[5.5.987~1-eb8d0]:main():gmm-align-compiled.cc:127) VIVOSSPK07-T033
LOG (gmm-align-compiled[5.5.987~1-eb8d0]:main():gmm-align-compiled.cc:127) VIVOSSPK07-T034
LOG (gmm-align-compiled[5.5.987~1-eb8d0]:main():gmm-align-compiled.cc:127) VIVOSSPK07-T035
LOG (gmm-align-compiled[5.5.987~1-eb8d0]:main():gmm-align-compiled.cc:127) VIVOSSPK07-T036
LOG (gmm-align-compiled[5.5.987~1-eb8d0]:main():gmm-align-compiled.cc:127) VIVOSSPK07-T037
LOG (gmm-align-compiled[5.5.987~1-eb8d0]:main():gmm-align-compiled.cc:127) VIVOSSPK07-T038
LOG (gmm-align-compiled[5.5.987~1-eb8d0]:main():gmm-align-compiled.cc:127) VIVOSSPK07-T039
LOG (gmm-align-compiled[5.5.987~1-eb8d0]:main():gmm-align-compiled.cc:127) VIVOSSPK07-T040
LOG (gmm-align-compiled[5.5.987~1-eb8d0]:main():gmm-align-compiled.cc:127) VIVOSSPK07-T041
LOG (gmm-align-compiled[5.5.987~1-eb8d0]:main():gmm-align-compiled.cc:127) VIVOSSPK07-T042
LOG (gmm-align-compiled[5.5.987~1-eb8d0]:main():gmm-align-compiled.cc:127) VIVOSSPK07-T043
LOG (gmm-align-compiled[5.5.987~1-eb8d0]:main():gmm-align-compiled.cc:127) VIVOSSPK07-T044
LOG (gmm-align-compiled[5.5.987~1-eb8d0]:main():gmm-align-compiled.cc:127) VIVOSSPK07-T045
LOG (gmm-align-compiled[5.5.987~1-eb8d0]:main():gmm-align-compiled.cc:127) VIVOSSPK07-T046
LOG (gmm-align-compiled[5.5.987~1-eb8d0]:main():gmm-align-compiled.cc:127) VIVOSSPK07-T047
LOG (gmm-align-compiled[5.5.987~1-eb8d0]:main():gmm-align-compiled.cc:127) VIVOSSPK07-T048
LOG (gmm-align-compiled[5.5.987~1-eb8d0]:main():gmm-align-compiled.cc:127) VIVOSSPK07-T049
LOG (gmm-align-compiled[5.5.987~1-eb8d0]:main():gmm-align-compiled.cc:127) VIVOSSPK07-T050
LOG (gmm-align-compiled[5.5.987~1-eb8d0]:main():gmm-align-compiled.cc:127) VIVOSSPK08-R001
LOG (gmm-align-compiled[5.5.987~1-eb8d0]:main():gmm-align-compiled.cc:127) VIVOSSPK08-R002
LOG (gmm-align-compiled[5.5.987~1-eb8d0]:main():gmm-align-compiled.cc:127) VIVOSSPK08-R003
LOG (gmm-align-compiled[5.5.987~1-eb8d0]:main():gmm-align-compiled.cc:127) VIVOSSPK08-R004
LOG (gmm-align-compiled[5.5.987~1-eb8d0]:main():gmm-align-compiled.cc:127) VIVOSSPK08-R005
LOG (gmm-align-compiled[5.5.987~1-eb8d0]:main():gmm-align-compiled.cc:127) VIVOSSPK08-R006
LOG (gmm-align-compiled[5.5.987~1-eb8d0]:main():gmm-align-compiled.cc:127) VIVOSSPK08-R007
LOG (gmm-align-compiled[5.5.987~1-eb8d0]:main():gmm-align-compiled.cc:127) VIVOSSPK08-R008
LOG (gmm-align-compiled[5.5.987~1-eb8d0]:main():gmm-align-compiled.cc:127) VIVOSSPK08-R009
LOG (gmm-align-compiled[5.5.987~1-eb8d0]:main():gmm-align-compiled.cc:127) VIVOSSPK08-R010
LOG (gmm-align-compiled[5.5.987~1-eb8d0]:main():gmm-align-compiled.cc:127) VIVOSSPK08-R011
LOG (gmm-align-compiled[5.5.987~1-eb8d0]:main():gmm-align-compiled.cc:127) VIVOSSPK08-R012
LOG (gmm-align-compiled[5.5.987~1-eb8d0]:main():gmm-align-compiled.cc:127) VIVOSSPK08-R013
LOG (gmm-align-compiled[5.5.987~1-eb8d0]:main():gmm-align-compiled.cc:127) VIVOSSPK08-R014
LOG (gmm-align-compiled[5.5.987~1-eb8d0]:main():gmm-align-compiled.cc:127) VIVOSSPK08-R015
LOG (gmm-align-compiled[5.5.987~1-eb8d0]:main():gmm-align-compiled.cc:127) VIVOSSPK08-R016
LOG (gmm-align-compiled[5.5.987~1-eb8d0]:main():gmm-align-compiled.cc:127) VIVOSSPK08-R017
LOG (gmm-align-compiled[5.5.987~1-eb8d0]:main():gmm-align-compiled.cc:127) VIVOSSPK08-R018
LOG (gmm-align-compiled[5.5.987~1-eb8d0]:main():gmm-align-compiled.cc:127) VIVOSSPK08-R019
LOG (gmm-align-compiled[5.5.987~1-eb8d0]:main():gmm-align-compiled.cc:127) VIVOSSPK08-R020
LOG (gmm-align-compiled[5.5.987~1-eb8d0]:main():gmm-align-compiled.cc:127) VIVOSSPK08-R021
LOG (gmm-align-compiled[5.5.987~1-eb8d0]:main():gmm-align-compiled.cc:127) VIVOSSPK08-R022
LOG (gmm-align-compiled[5.5.987~1-eb8d0]:main():gmm-align-compiled.cc:127) VIVOSSPK08-R023
LOG (gmm-align-compiled[5.5.987~1-eb8d0]:main():gmm-align-compiled.cc:127) VIVOSSPK08-R024
LOG (gmm-align-compiled[5.5.987~1-eb8d0]:main():gmm-align-compiled.cc:127) VIVOSSPK08-R025
LOG (gmm-align-compiled[5.5.987~1-eb8d0]:main():gmm-align-compiled.cc:127) VIVOSSPK08-R026
LOG (gmm-align-compiled[5.5.987~1-eb8d0]:main():gmm-align-compiled.cc:127) VIVOSSPK08-R027
LOG (gmm-align-compiled[5.5.987~1-eb8d0]:main():gmm-align-compiled.cc:127) VIVOSSPK08-R028
LOG (gmm-align-compiled[5.5.987~1-eb8d0]:main():gmm-align-compiled.cc:127) VIVOSSPK08-R029
LOG (gmm-align-compiled[5.5.987~1-eb8d0]:main():gmm-align-compiled.cc:127) VIVOSSPK08-R030
LOG (gmm-align-compiled[5.5.987~1-eb8d0]:main():gmm-align-compiled.cc:127) VIVOSSPK08-R031
LOG (gmm-align-compiled[5.5.987~1-eb8d0]:main():gmm-align-compiled.cc:127) VIVOSSPK08-R032
LOG (gmm-align-compiled[5.5.987~1-eb8d0]:main():gmm-align-compiled.cc:127) VIVOSSPK08-R033
LOG (gmm-align-compiled[5.5.987~1-eb8d0]:main():gmm-align-compiled.cc:127) VIVOSSPK08-R034
LOG (gmm-align-compiled[5.5.987~1-eb8d0]:main():gmm-align-compiled.cc:127) VIVOSSPK08-R035
LOG (gmm-align-compiled[5.5.987~1-eb8d0]:main():gmm-align-compiled.cc:127) VIVOSSPK08-R036
LOG (gmm-align-compiled[5.5.987~1-eb8d0]:main():gmm-align-compiled.cc:127) VIVOSSPK08-R037
LOG (gmm-align-compiled[5.5.987~1-eb8d0]:main():gmm-align-compiled.cc:127) VIVOSSPK08-R038
LOG (gmm-align-compiled[5.5.987~1-eb8d0]:main():gmm-align-compiled.cc:127) VIVOSSPK08-R039
LOG (gmm-align-compiled[5.5.987~1-eb8d0]:main():gmm-align-compiled.cc:127) VIVOSSPK08-R040
LOG (gmm-align-compiled[5.5.987~1-eb8d0]:main():gmm-align-compiled.cc:127) VIVOSSPK08-R041
LOG (gmm-align-compiled[5.5.987~1-eb8d0]:main():gmm-align-compiled.cc:127) VIVOSSPK08-R042
LOG (gmm-align-compiled[5.5.987~1-eb8d0]:main():gmm-align-compiled.cc:127) VIVOSSPK08-R043
LOG (gmm-align-compiled[5.5.987~1-eb8d0]:main():gmm-align-compiled.cc:127) VIVOSSPK08-R044
LOG (gmm-align-compiled[5.5.987~1-eb8d0]:main():gmm-align-compiled.cc:127) VIVOSSPK08-R045
LOG (gmm-align-compiled[5.5.987~1-eb8d0]:main():gmm-align-compiled.cc:127) VIVOSSPK08-R046
LOG (gmm-align-compiled[5.5.987~1-eb8d0]:main():gmm-align-compiled.cc:127) VIVOSSPK08-R047
LOG (gmm-align-compiled[5.5.987~1-eb8d0]:main():gmm-align-compiled.cc:127) VIVOSSPK08-R048
LOG (gmm-align-compiled[5.5.987~1-eb8d0]:main():gmm-align-compiled.cc:127) VIVOSSPK08-R049
LOG (gmm-align-compiled[5.5.987~1-eb8d0]:main():gmm-align-compiled.cc:127) VIVOSSPK08-R050
LOG (gmm-align-compiled[5.5.987~1-eb8d0]:main():gmm-align-compiled.cc:127) VIVOSSPK08-R051
LOG (gmm-align-compiled[5.5.987~1-eb8d0]:main():gmm-align-compiled.cc:127) VIVOSSPK08-R052
LOG (gmm-align-compiled[5.5.987~1-eb8d0]:main():gmm-align-compiled.cc:127) VIVOSSPK08-R053
LOG (gmm-align-compiled[5.5.987~1-eb8d0]:main():gmm-align-compiled.cc:127) VIVOSSPK08-R054
LOG (gmm-align-compiled[5.5.987~1-eb8d0]:main():gmm-align-compiled.cc:127) VIVOSSPK08-R055
LOG (gmm-align-compiled[5.5.987~1-eb8d0]:main():gmm-align-compiled.cc:127) VIVOSSPK08-R056
LOG (gmm-align-compiled[5.5.987~1-eb8d0]:main():gmm-align-compiled.cc:127) VIVOSSPK08-R057
LOG (gmm-align-compiled[5.5.987~1-eb8d0]:main():gmm-align-compiled.cc:127) VIVOSSPK08-R058
LOG (gmm-align-compiled[5.5.987~1-eb8d0]:main():gmm-align-compiled.cc:127) VIVOSSPK08-R059
LOG (gmm-align-compiled[5.5.987~1-eb8d0]:main():gmm-align-compiled.cc:127) VIVOSSPK08-R060
LOG (gmm-align-compiled[5.5.987~1-eb8d0]:main():gmm-align-compiled.cc:127) VIVOSSPK08-R061
LOG (gmm-align-compiled[5.5.987~1-eb8d0]:main():gmm-align-compiled.cc:127) VIVOSSPK08-R062
LOG (gmm-align-compiled[5.5.987~1-eb8d0]:main():gmm-align-compiled.cc:127) VIVOSSPK08-R063
LOG (gmm-align-compiled[5.5.987~1-eb8d0]:main():gmm-align-compiled.cc:127) VIVOSSPK08-R064
LOG (gmm-align-compiled[5.5.987~1-eb8d0]:main():gmm-align-compiled.cc:127) VIVOSSPK08-R065
LOG (gmm-align-compiled[5.5.987~1-eb8d0]:main():gmm-align-compiled.cc:127) VIVOSSPK08-R066
LOG (gmm-align-compiled[5.5.987~1-eb8d0]:main():gmm-align-compiled.cc:127) VIVOSSPK08-R067
LOG (gmm-align-compiled[5.5.987~1-eb8d0]:main():gmm-align-compiled.cc:127) VIVOSSPK08-R068
LOG (gmm-align-compiled[5.5.987~1-eb8d0]:main():gmm-align-compiled.cc:127) VIVOSSPK08-R069
LOG (gmm-align-compiled[5.5.987~1-eb8d0]:main():gmm-align-compiled.cc:127) VIVOSSPK08-R070
LOG (gmm-align-compiled[5.5.987~1-eb8d0]:main():gmm-align-compiled.cc:127) VIVOSSPK08-R071
LOG (gmm-align-compiled[5.5.987~1-eb8d0]:main():gmm-align-compiled.cc:127) VIVOSSPK08-R072
LOG (gmm-align-compiled[5.5.987~1-eb8d0]:main():gmm-align-compiled.cc:127) VIVOSSPK08-R073
LOG (gmm-align-compiled[5.5.987~1-eb8d0]:main():gmm-align-compiled.cc:127) VIVOSSPK08-R074
LOG (gmm-align-compiled[5.5.987~1-eb8d0]:main():gmm-align-compiled.cc:127) VIVOSSPK08-R075
LOG (gmm-align-compiled[5.5.987~1-eb8d0]:main():gmm-align-compiled.cc:127) VIVOSSPK08-R076
LOG (gmm-align-compiled[5.5.987~1-eb8d0]:main():gmm-align-compiled.cc:127) VIVOSSPK08-R077
LOG (gmm-align-compiled[5.5.987~1-eb8d0]:main():gmm-align-compiled.cc:127) VIVOSSPK08-R078
LOG (gmm-align-compiled[5.5.987~1-eb8d0]:main():gmm-align-compiled.cc:127) VIVOSSPK08-R079
LOG (gmm-align-compiled[5.5.987~1-eb8d0]:main():gmm-align-compiled.cc:127) VIVOSSPK08-R080
LOG (gmm-align-compiled[5.5.987~1-eb8d0]:main():gmm-align-compiled.cc:127) VIVOSSPK08-R081
LOG (gmm-align-compiled[5.5.987~1-eb8d0]:main():gmm-align-compiled.cc:127) VIVOSSPK08-R082
LOG (gmm-align-compiled[5.5.987~1-eb8d0]:main():gmm-align-compiled.cc:127) VIVOSSPK08-R083
LOG (gmm-align-compiled[5.5.987~1-eb8d0]:main():gmm-align-compiled.cc:127) VIVOSSPK08-R084
LOG (gmm-align-compiled[5.5.987~1-eb8d0]:main():gmm-align-compiled.cc:127) VIVOSSPK08-R085
LOG (gmm-align-compiled[5.5.987~1-eb8d0]:main():gmm-align-compiled.cc:127) VIVOSSPK08-R086
LOG (gmm-align-compiled[5.5.987~1-eb8d0]:main():gmm-align-compiled.cc:127) VIVOSSPK08-R087
LOG (gmm-align-compiled[5.5.987~1-eb8d0]:main():gmm-align-compiled.cc:127) VIVOSSPK08-R088
LOG (gmm-align-compiled[5.5.987~1-eb8d0]:main():gmm-align-compiled.cc:127) VIVOSSPK08-R089
LOG (gmm-align-compiled[5.5.987~1-eb8d0]:main():gmm-align-compiled.cc:127) VIVOSSPK08-R090
LOG (gmm-align-compiled[5.5.987~1-eb8d0]:main():gmm-align-compiled.cc:127) VIVOSSPK08-R091
LOG (gmm-align-compiled[5.5.987~1-eb8d0]:main():gmm-align-compiled.cc:127) VIVOSSPK08-R092
LOG (gmm-align-compiled[5.5.987~1-eb8d0]:main():gmm-align-compiled.cc:127) VIVOSSPK08-R093
LOG (gmm-align-compiled[5.5.987~1-eb8d0]:main():gmm-align-compiled.cc:127) VIVOSSPK08-R094
LOG (gmm-align-compiled[5.5.987~1-eb8d0]:main():gmm-align-compiled.cc:127) VIVOSSPK08-R095
LOG (gmm-align-compiled[5.5.987~1-eb8d0]:main():gmm-align-compiled.cc:127) VIVOSSPK08-R096
LOG (gmm-align-compiled[5.5.987~1-eb8d0]:main():gmm-align-compiled.cc:127) VIVOSSPK08-R097
LOG (gmm-align-compiled[5.5.987~1-eb8d0]:main():gmm-align-compiled.cc:127) VIVOSSPK08-R098
LOG (gmm-align-compiled[5.5.987~1-eb8d0]:main():gmm-align-compiled.cc:127) VIVOSSPK08-R099
LOG (gmm-align-compiled[5.5.987~1-eb8d0]:main():gmm-align-compiled.cc:127) VIVOSSPK08-R100
LOG (gmm-align-compiled[5.5.987~1-eb8d0]:main():gmm-align-compiled.cc:127) VIVOSSPK08-R101
LOG (gmm-align-compiled[5.5.987~1-eb8d0]:main():gmm-align-compiled.cc:127) VIVOSSPK08-R102
LOG (gmm-align-compiled[5.5.987~1-eb8d0]:main():gmm-align-compiled.cc:127) VIVOSSPK08-R103
LOG (gmm-align-compiled[5.5.987~1-eb8d0]:main():gmm-align-compiled.cc:127) VIVOSSPK08-R104
LOG (gmm-align-compiled[5.5.987~1-eb8d0]:main():gmm-align-compiled.cc:127) VIVOSSPK08-R105
LOG (gmm-align-compiled[5.5.987~1-eb8d0]:main():gmm-align-compiled.cc:127) VIVOSSPK08-R106
LOG (gmm-align-compiled[5.5.987~1-eb8d0]:main():gmm-align-compiled.cc:127) VIVOSSPK08-R107
LOG (gmm-align-compiled[5.5.987~1-eb8d0]:main():gmm-align-compiled.cc:127) VIVOSSPK08-R108
LOG (gmm-align-compiled[5.5.987~1-eb8d0]:main():gmm-align-compiled.cc:127) VIVOSSPK08-R109
LOG (gmm-align-compiled[5.5.987~1-eb8d0]:main():gmm-align-compiled.cc:127) VIVOSSPK08-R110
LOG (gmm-align-compiled[5.5.987~1-eb8d0]:main():gmm-align-compiled.cc:127) VIVOSSPK08-R111
LOG (gmm-align-compiled[5.5.987~1-eb8d0]:main():gmm-align-compiled.cc:127) VIVOSSPK08-R112
LOG (gmm-align-compiled[5.5.987~1-eb8d0]:main():gmm-align-compiled.cc:127) VIVOSSPK08-R113
LOG (gmm-align-compiled[5.5.987~1-eb8d0]:main():gmm-align-compiled.cc:127) VIVOSSPK08-R114
LOG (gmm-align-compiled[5.5.987~1-eb8d0]:main():gmm-align-compiled.cc:127) VIVOSSPK08-R115
LOG (gmm-align-compiled[5.5.987~1-eb8d0]:main():gmm-align-compiled.cc:127) VIVOSSPK08-R116
LOG (gmm-align-compiled[5.5.987~1-eb8d0]:main():gmm-align-compiled.cc:127) VIVOSSPK08-R117
LOG (gmm-align-compiled[5.5.987~1-eb8d0]:main():gmm-align-compiled.cc:127) VIVOSSPK08-R118
LOG (gmm-align-compiled[5.5.987~1-eb8d0]:main():gmm-align-compiled.cc:127) VIVOSSPK08-R119
LOG (gmm-align-compiled[5.5.987~1-eb8d0]:main():gmm-align-compiled.cc:127) VIVOSSPK08-R120
LOG (gmm-align-compiled[5.5.987~1-eb8d0]:main():gmm-align-compiled.cc:127) VIVOSSPK08-R121
LOG (gmm-align-compiled[5.5.987~1-eb8d0]:main():gmm-align-compiled.cc:127) VIVOSSPK08-R122
LOG (gmm-align-compiled[5.5.987~1-eb8d0]:main():gmm-align-compiled.cc:127) VIVOSSPK08-R123
LOG (gmm-align-compiled[5.5.987~1-eb8d0]:main():gmm-align-compiled.cc:127) VIVOSSPK08-R124
LOG (gmm-align-compiled[5.5.987~1-eb8d0]:main():gmm-align-compiled.cc:127) VIVOSSPK08-R125
LOG (gmm-align-compiled[5.5.987~1-eb8d0]:main():gmm-align-compiled.cc:127) VIVOSSPK08-R126
LOG (gmm-align-compiled[5.5.987~1-eb8d0]:main():gmm-align-compiled.cc:127) VIVOSSPK08-R127
LOG (gmm-align-compiled[5.5.987~1-eb8d0]:main():gmm-align-compiled.cc:127) VIVOSSPK08-R128
LOG (gmm-align-compiled[5.5.987~1-eb8d0]:main():gmm-align-compiled.cc:127) VIVOSSPK08-R129
LOG (gmm-align-compiled[5.5.987~1-eb8d0]:main():gmm-align-compiled.cc:127) VIVOSSPK08-R130
LOG (gmm-align-compiled[5.5.987~1-eb8d0]:main():gmm-align-compiled.cc:127) VIVOSSPK08-R131
LOG (gmm-align-compiled[5.5.987~1-eb8d0]:main():gmm-align-compiled.cc:127) VIVOSSPK08-R132
LOG (gmm-align-compiled[5.5.987~1-eb8d0]:main():gmm-align-compiled.cc:127) VIVOSSPK08-R133
LOG (gmm-align-compiled[5.5.987~1-eb8d0]:main():gmm-align-compiled.cc:127) VIVOSSPK08-R134
LOG (gmm-align-compiled[5.5.987~1-eb8d0]:main():gmm-align-compiled.cc:127) VIVOSSPK08-R135
LOG (gmm-align-compiled[5.5.987~1-eb8d0]:main():gmm-align-compiled.cc:127) VIVOSSPK08-R136
LOG (gmm-align-compiled[5.5.987~1-eb8d0]:main():gmm-align-compiled.cc:127) VIVOSSPK08-R137
LOG (gmm-align-compiled[5.5.987~1-eb8d0]:main():gmm-align-compiled.cc:127) VIVOSSPK08-R138
LOG (gmm-align-compiled[5.5.987~1-eb8d0]:main():gmm-align-compiled.cc:127) VIVOSSPK08-R139
LOG (gmm-align-compiled[5.5.987~1-eb8d0]:main():gmm-align-compiled.cc:127) VIVOSSPK08-R140
LOG (gmm-align-compiled[5.5.987~1-eb8d0]:main():gmm-align-compiled.cc:127) VIVOSSPK08-R141
LOG (gmm-align-compiled[5.5.987~1-eb8d0]:main():gmm-align-compiled.cc:127) VIVOSSPK08-R142
LOG (gmm-align-compiled[5.5.987~1-eb8d0]:main():gmm-align-compiled.cc:127) VIVOSSPK08-R143
LOG (gmm-align-compiled[5.5.987~1-eb8d0]:main():gmm-align-compiled.cc:127) VIVOSSPK08-R144
WARNING (gmm-align-compiled[5.5.987~1-eb8d0]:AlignUtteranceWrapper():decoder-wrappers.cc:617) Retrying utterance VIVOSSPK08-R144 with beam 40
LOG (gmm-align-compiled[5.5.987~1-eb8d0]:main():gmm-align-compiled.cc:127) VIVOSSPK08-R145
LOG (gmm-align-compiled[5.5.987~1-eb8d0]:main():gmm-align-compiled.cc:127) VIVOSSPK08-R146
LOG (gmm-align-compiled[5.5.987~1-eb8d0]:main():gmm-align-compiled.cc:127) VIVOSSPK08-R147
LOG (gmm-align-compiled[5.5.987~1-eb8d0]:main():gmm-align-compiled.cc:127) VIVOSSPK08-R148
LOG (gmm-align-compiled[5.5.987~1-eb8d0]:main():gmm-align-compiled.cc:127) VIVOSSPK08-R149
LOG (gmm-align-compiled[5.5.987~1-eb8d0]:main():gmm-align-compiled.cc:127) VIVOSSPK08-R150
LOG (gmm-align-compiled[5.5.987~1-eb8d0]:main():gmm-align-compiled.cc:127) VIVOSSPK08-R151
LOG (gmm-align-compiled[5.5.987~1-eb8d0]:main():gmm-align-compiled.cc:127) VIVOSSPK08-R152
LOG (gmm-align-compiled[5.5.987~1-eb8d0]:main():gmm-align-compiled.cc:127) VIVOSSPK08-R153
LOG (gmm-align-compiled[5.5.987~1-eb8d0]:main():gmm-align-compiled.cc:127) VIVOSSPK08-R154
LOG (gmm-align-compiled[5.5.987~1-eb8d0]:main():gmm-align-compiled.cc:127) VIVOSSPK08-R155
LOG (gmm-align-compiled[5.5.987~1-eb8d0]:main():gmm-align-compiled.cc:127) VIVOSSPK08-R156
LOG (gmm-align-compiled[5.5.987~1-eb8d0]:main():gmm-align-compiled.cc:127) VIVOSSPK08-R157
LOG (gmm-align-compiled[5.5.987~1-eb8d0]:main():gmm-align-compiled.cc:127) VIVOSSPK08-R158
LOG (gmm-align-compiled[5.5.987~1-eb8d0]:main():gmm-align-compiled.cc:127) VIVOSSPK08-R159
LOG (gmm-align-compiled[5.5.987~1-eb8d0]:main():gmm-align-compiled.cc:127) VIVOSSPK08-R160
LOG (gmm-align-compiled[5.5.987~1-eb8d0]:main():gmm-align-compiled.cc:127) VIVOSSPK08-R161
LOG (gmm-align-compiled[5.5.987~1-eb8d0]:main():gmm-align-compiled.cc:127) VIVOSSPK08-R162
LOG (gmm-align-compiled[5.5.987~1-eb8d0]:main():gmm-align-compiled.cc:127) VIVOSSPK08-R163
LOG (gmm-align-compiled[5.5.987~1-eb8d0]:main():gmm-align-compiled.cc:127) VIVOSSPK08-R164
LOG (gmm-align-compiled[5.5.987~1-eb8d0]:main():gmm-align-compiled.cc:127) VIVOSSPK08-R165
LOG (gmm-align-compiled[5.5.987~1-eb8d0]:main():gmm-align-compiled.cc:127) VIVOSSPK08-R166
LOG (gmm-align-compiled[5.5.987~1-eb8d0]:main():gmm-align-compiled.cc:127) VIVOSSPK08-R167
LOG (gmm-align-compiled[5.5.987~1-eb8d0]:main():gmm-align-compiled.cc:127) VIVOSSPK08-R168
LOG (gmm-align-compiled[5.5.987~1-eb8d0]:main():gmm-align-compiled.cc:127) VIVOSSPK08-R169
LOG (gmm-align-compiled[5.5.987~1-eb8d0]:main():gmm-align-compiled.cc:127) VIVOSSPK08-R170
LOG (gmm-align-compiled[5.5.987~1-eb8d0]:main():gmm-align-compiled.cc:127) VIVOSSPK08-R171
LOG (gmm-align-compiled[5.5.987~1-eb8d0]:main():gmm-align-compiled.cc:127) VIVOSSPK08-R172
LOG (gmm-align-compiled[5.5.987~1-eb8d0]:main():gmm-align-compiled.cc:127) VIVOSSPK08-R173
LOG (gmm-align-compiled[5.5.987~1-eb8d0]:main():gmm-align-compiled.cc:127) VIVOSSPK08-R174
LOG (gmm-align-compiled[5.5.987~1-eb8d0]:main():gmm-align-compiled.cc:127) VIVOSSPK08-R175
LOG (gmm-align-compiled[5.5.987~1-eb8d0]:main():gmm-align-compiled.cc:127) VIVOSSPK08-R176
LOG (gmm-align-compiled[5.5.987~1-eb8d0]:main():gmm-align-compiled.cc:127) VIVOSSPK08-R177
LOG (gmm-align-compiled[5.5.987~1-eb8d0]:main():gmm-align-compiled.cc:127) VIVOSSPK08-R178
LOG (gmm-align-compiled[5.5.987~1-eb8d0]:main():gmm-align-compiled.cc:127) VIVOSSPK08-R179
LOG (gmm-align-compiled[5.5.987~1-eb8d0]:main():gmm-align-compiled.cc:127) VIVOSSPK08-R180
LOG (gmm-align-compiled[5.5.987~1-eb8d0]:main():gmm-align-compiled.cc:127) VIVOSSPK08-R181
LOG (gmm-align-compiled[5.5.987~1-eb8d0]:main():gmm-align-compiled.cc:127) VIVOSSPK08-R182
LOG (gmm-align-compiled[5.5.987~1-eb8d0]:main():gmm-align-compiled.cc:127) VIVOSSPK08-R183
LOG (gmm-align-compiled[5.5.987~1-eb8d0]:main():gmm-align-compiled.cc:127) VIVOSSPK08-R184
LOG (gmm-align-compiled[5.5.987~1-eb8d0]:main():gmm-align-compiled.cc:127) VIVOSSPK08-R185
LOG (gmm-align-compiled[5.5.987~1-eb8d0]:main():gmm-align-compiled.cc:127) VIVOSSPK08-R186
LOG (gmm-align-compiled[5.5.987~1-eb8d0]:main():gmm-align-compiled.cc:127) VIVOSSPK08-R187
LOG (gmm-align-compiled[5.5.987~1-eb8d0]:main():gmm-align-compiled.cc:127) VIVOSSPK08-R188
LOG (gmm-align-compiled[5.5.987~1-eb8d0]:main():gmm-align-compiled.cc:127) VIVOSSPK08-R189
LOG (gmm-align-compiled[5.5.987~1-eb8d0]:main():gmm-align-compiled.cc:127) VIVOSSPK08-R190
LOG (gmm-align-compiled[5.5.987~1-eb8d0]:main():gmm-align-compiled.cc:127) VIVOSSPK08-R191
LOG (gmm-align-compiled[5.5.987~1-eb8d0]:main():gmm-align-compiled.cc:127) VIVOSSPK08-R192
LOG (gmm-align-compiled[5.5.987~1-eb8d0]:main():gmm-align-compiled.cc:127) VIVOSSPK08-R193
LOG (gmm-align-compiled[5.5.987~1-eb8d0]:main():gmm-align-compiled.cc:127) VIVOSSPK08-R194
LOG (gmm-align-compiled[5.5.987~1-eb8d0]:main():gmm-align-compiled.cc:127) VIVOSSPK08-R195
LOG (gmm-align-compiled[5.5.987~1-eb8d0]:main():gmm-align-compiled.cc:127) VIVOSSPK08-R196
LOG (gmm-align-compiled[5.5.987~1-eb8d0]:main():gmm-align-compiled.cc:127) VIVOSSPK08-R197
LOG (gmm-align-compiled[5.5.987~1-eb8d0]:main():gmm-align-compiled.cc:127) VIVOSSPK08-R198
LOG (gmm-align-compiled[5.5.987~1-eb8d0]:main():gmm-align-compiled.cc:127) VIVOSSPK08-R199
LOG (gmm-align-compiled[5.5.987~1-eb8d0]:main():gmm-align-compiled.cc:127) VIVOSSPK08-R200
LOG (gmm-align-compiled[5.5.987~1-eb8d0]:main():gmm-align-compiled.cc:127) VIVOSSPK08-T001
LOG (gmm-align-compiled[5.5.987~1-eb8d0]:main():gmm-align-compiled.cc:127) VIVOSSPK08-T002
LOG (gmm-align-compiled[5.5.987~1-eb8d0]:main():gmm-align-compiled.cc:127) VIVOSSPK08-T003
LOG (gmm-align-compiled[5.5.987~1-eb8d0]:main():gmm-align-compiled.cc:127) VIVOSSPK08-T004
LOG (gmm-align-compiled[5.5.987~1-eb8d0]:main():gmm-align-compiled.cc:127) VIVOSSPK08-T005
LOG (gmm-align-compiled[5.5.987~1-eb8d0]:main():gmm-align-compiled.cc:127) VIVOSSPK08-T006
LOG (gmm-align-compiled[5.5.987~1-eb8d0]:main():gmm-align-compiled.cc:127) VIVOSSPK08-T007
LOG (gmm-align-compiled[5.5.987~1-eb8d0]:main():gmm-align-compiled.cc:127) VIVOSSPK08-T008
LOG (gmm-align-compiled[5.5.987~1-eb8d0]:main():gmm-align-compiled.cc:127) VIVOSSPK08-T009
LOG (gmm-align-compiled[5.5.987~1-eb8d0]:main():gmm-align-compiled.cc:127) VIVOSSPK08-T010
LOG (gmm-align-compiled[5.5.987~1-eb8d0]:main():gmm-align-compiled.cc:127) VIVOSSPK08-T011
LOG (gmm-align-compiled[5.5.987~1-eb8d0]:main():gmm-align-compiled.cc:127) VIVOSSPK08-T012
LOG (gmm-align-compiled[5.5.987~1-eb8d0]:main():gmm-align-compiled.cc:127) VIVOSSPK08-T013
LOG (gmm-align-compiled[5.5.987~1-eb8d0]:main():gmm-align-compiled.cc:127) VIVOSSPK08-T014
LOG (gmm-align-compiled[5.5.987~1-eb8d0]:main():gmm-align-compiled.cc:127) VIVOSSPK08-T015
LOG (gmm-align-compiled[5.5.987~1-eb8d0]:main():gmm-align-compiled.cc:127) VIVOSSPK08-T016
LOG (gmm-align-compiled[5.5.987~1-eb8d0]:main():gmm-align-compiled.cc:127) VIVOSSPK08-T017
LOG (gmm-align-compiled[5.5.987~1-eb8d0]:main():gmm-align-compiled.cc:127) VIVOSSPK08-T018
LOG (gmm-align-compiled[5.5.987~1-eb8d0]:main():gmm-align-compiled.cc:127) VIVOSSPK08-T019
LOG (gmm-align-compiled[5.5.987~1-eb8d0]:main():gmm-align-compiled.cc:127) VIVOSSPK08-T020
LOG (gmm-align-compiled[5.5.987~1-eb8d0]:main():gmm-align-compiled.cc:127) VIVOSSPK08-T021
LOG (gmm-align-compiled[5.5.987~1-eb8d0]:main():gmm-align-compiled.cc:127) VIVOSSPK08-T022
LOG (gmm-align-compiled[5.5.987~1-eb8d0]:main():gmm-align-compiled.cc:127) VIVOSSPK08-T023
LOG (gmm-align-compiled[5.5.987~1-eb8d0]:main():gmm-align-compiled.cc:127) VIVOSSPK08-T024
LOG (gmm-align-compiled[5.5.987~1-eb8d0]:main():gmm-align-compiled.cc:127) VIVOSSPK08-T025
LOG (gmm-align-compiled[5.5.987~1-eb8d0]:main():gmm-align-compiled.cc:127) VIVOSSPK08-T026
LOG (gmm-align-compiled[5.5.987~1-eb8d0]:main():gmm-align-compiled.cc:127) VIVOSSPK08-T027
LOG (gmm-align-compiled[5.5.987~1-eb8d0]:main():gmm-align-compiled.cc:127) VIVOSSPK08-T028
LOG (gmm-align-compiled[5.5.987~1-eb8d0]:main():gmm-align-compiled.cc:127) VIVOSSPK08-T029
LOG (gmm-align-compiled[5.5.987~1-eb8d0]:main():gmm-align-compiled.cc:127) VIVOSSPK08-T030
LOG (gmm-align-compiled[5.5.987~1-eb8d0]:main():gmm-align-compiled.cc:127) VIVOSSPK08-T031
LOG (gmm-align-compiled[5.5.987~1-eb8d0]:main():gmm-align-compiled.cc:127) VIVOSSPK08-T032
LOG (gmm-align-compiled[5.5.987~1-eb8d0]:main():gmm-align-compiled.cc:127) VIVOSSPK08-T033
LOG (gmm-align-compiled[5.5.987~1-eb8d0]:main():gmm-align-compiled.cc:127) VIVOSSPK08-T034
LOG (gmm-align-compiled[5.5.987~1-eb8d0]:main():gmm-align-compiled.cc:127) VIVOSSPK08-T035
LOG (gmm-align-compiled[5.5.987~1-eb8d0]:main():gmm-align-compiled.cc:127) VIVOSSPK08-T036
LOG (gmm-align-compiled[5.5.987~1-eb8d0]:main():gmm-align-compiled.cc:127) VIVOSSPK08-T037
LOG (gmm-align-compiled[5.5.987~1-eb8d0]:main():gmm-align-compiled.cc:127) VIVOSSPK08-T038
LOG (gmm-align-compiled[5.5.987~1-eb8d0]:main():gmm-align-compiled.cc:127) VIVOSSPK08-T039
LOG (gmm-align-compiled[5.5.987~1-eb8d0]:main():gmm-align-compiled.cc:127) VIVOSSPK08-T040
LOG (gmm-align-compiled[5.5.987~1-eb8d0]:main():gmm-align-compiled.cc:127) VIVOSSPK08-T041
LOG (gmm-align-compiled[5.5.987~1-eb8d0]:main():gmm-align-compiled.cc:127) VIVOSSPK08-T042
LOG (gmm-align-compiled[5.5.987~1-eb8d0]:main():gmm-align-compiled.cc:127) VIVOSSPK08-T043
LOG (gmm-align-compiled[5.5.987~1-eb8d0]:main():gmm-align-compiled.cc:127) VIVOSSPK08-T044
LOG (gmm-align-compiled[5.5.987~1-eb8d0]:main():gmm-align-compiled.cc:127) VIVOSSPK08-T045
LOG (gmm-align-compiled[5.5.987~1-eb8d0]:main():gmm-align-compiled.cc:127) VIVOSSPK08-T046
LOG (gmm-align-compiled[5.5.987~1-eb8d0]:main():gmm-align-compiled.cc:127) VIVOSSPK08-T047
LOG (gmm-align-compiled[5.5.987~1-eb8d0]:main():gmm-align-compiled.cc:127) VIVOSSPK08-T048
LOG (gmm-align-compiled[5.5.987~1-eb8d0]:main():gmm-align-compiled.cc:127) VIVOSSPK08-T049
LOG (gmm-align-compiled[5.5.987~1-eb8d0]:main():gmm-align-compiled.cc:127) VIVOSSPK08-T050
LOG (gmm-align-compiled[5.5.987~1-eb8d0]:main():gmm-align-compiled.cc:127) VIVOSSPK09-R001
LOG (gmm-align-compiled[5.5.987~1-eb8d0]:main():gmm-align-compiled.cc:127) VIVOSSPK09-R002
LOG (gmm-align-compiled[5.5.987~1-eb8d0]:main():gmm-align-compiled.cc:127) VIVOSSPK09-R003
LOG (gmm-align-compiled[5.5.987~1-eb8d0]:main():gmm-align-compiled.cc:127) VIVOSSPK09-R004
LOG (gmm-align-compiled[5.5.987~1-eb8d0]:main():gmm-align-compiled.cc:127) VIVOSSPK09-R005
LOG (gmm-align-compiled[5.5.987~1-eb8d0]:main():gmm-align-compiled.cc:127) VIVOSSPK09-R006
LOG (gmm-align-compiled[5.5.987~1-eb8d0]:main():gmm-align-compiled.cc:127) VIVOSSPK09-R007
LOG (gmm-align-compiled[5.5.987~1-eb8d0]:main():gmm-align-compiled.cc:127) VIVOSSPK09-R008
LOG (gmm-align-compiled[5.5.987~1-eb8d0]:main():gmm-align-compiled.cc:127) VIVOSSPK09-R009
LOG (gmm-align-compiled[5.5.987~1-eb8d0]:main():gmm-align-compiled.cc:127) VIVOSSPK09-R010
LOG (gmm-align-compiled[5.5.987~1-eb8d0]:main():gmm-align-compiled.cc:127) VIVOSSPK09-R011
LOG (gmm-align-compiled[5.5.987~1-eb8d0]:main():gmm-align-compiled.cc:127) VIVOSSPK09-R012
LOG (gmm-align-compiled[5.5.987~1-eb8d0]:main():gmm-align-compiled.cc:127) VIVOSSPK09-R013
LOG (gmm-align-compiled[5.5.987~1-eb8d0]:main():gmm-align-compiled.cc:127) VIVOSSPK09-R014
LOG (gmm-align-compiled[5.5.987~1-eb8d0]:main():gmm-align-compiled.cc:127) VIVOSSPK09-R015
LOG (gmm-align-compiled[5.5.987~1-eb8d0]:main():gmm-align-compiled.cc:127) VIVOSSPK09-R016
LOG (gmm-align-compiled[5.5.987~1-eb8d0]:main():gmm-align-compiled.cc:127) VIVOSSPK09-R017
LOG (gmm-align-compiled[5.5.987~1-eb8d0]:main():gmm-align-compiled.cc:127) VIVOSSPK09-R018
LOG (gmm-align-compiled[5.5.987~1-eb8d0]:main():gmm-align-compiled.cc:127) VIVOSSPK09-R019
LOG (gmm-align-compiled[5.5.987~1-eb8d0]:main():gmm-align-compiled.cc:127) VIVOSSPK09-R020
LOG (gmm-align-compiled[5.5.987~1-eb8d0]:main():gmm-align-compiled.cc:127) VIVOSSPK09-R021
LOG (gmm-align-compiled[5.5.987~1-eb8d0]:main():gmm-align-compiled.cc:127) VIVOSSPK09-R022
LOG (gmm-align-compiled[5.5.987~1-eb8d0]:main():gmm-align-compiled.cc:127) VIVOSSPK09-R023
LOG (gmm-align-compiled[5.5.987~1-eb8d0]:main():gmm-align-compiled.cc:127) VIVOSSPK09-R024
LOG (gmm-align-compiled[5.5.987~1-eb8d0]:main():gmm-align-compiled.cc:127) VIVOSSPK09-R025
WARNING (gmm-align-compiled[5.5.987~1-eb8d0]:AlignUtteranceWrapper():decoder-wrappers.cc:617) Retrying utterance VIVOSSPK09-R025 with beam 40
LOG (gmm-align-compiled[5.5.987~1-eb8d0]:main():gmm-align-compiled.cc:127) VIVOSSPK09-R026
LOG (gmm-align-compiled[5.5.987~1-eb8d0]:main():gmm-align-compiled.cc:127) VIVOSSPK09-R027
LOG (gmm-align-compiled[5.5.987~1-eb8d0]:main():gmm-align-compiled.cc:127) VIVOSSPK09-R028
LOG (gmm-align-compiled[5.5.987~1-eb8d0]:main():gmm-align-compiled.cc:127) VIVOSSPK09-R029
LOG (gmm-align-compiled[5.5.987~1-eb8d0]:main():gmm-align-compiled.cc:127) VIVOSSPK09-R030
LOG (gmm-align-compiled[5.5.987~1-eb8d0]:main():gmm-align-compiled.cc:127) VIVOSSPK09-R031
LOG (gmm-align-compiled[5.5.987~1-eb8d0]:main():gmm-align-compiled.cc:127) VIVOSSPK09-R032
LOG (gmm-align-compiled[5.5.987~1-eb8d0]:main():gmm-align-compiled.cc:127) VIVOSSPK09-R033
LOG (gmm-align-compiled[5.5.987~1-eb8d0]:main():gmm-align-compiled.cc:127) VIVOSSPK09-R034
LOG (gmm-align-compiled[5.5.987~1-eb8d0]:main():gmm-align-compiled.cc:127) VIVOSSPK09-R035
WARNING (gmm-align-compiled[5.5.987~1-eb8d0]:AlignUtteranceWrapper():decoder-wrappers.cc:617) Retrying utterance VIVOSSPK09-R035 with beam 40
LOG (gmm-align-compiled[5.5.987~1-eb8d0]:main():gmm-align-compiled.cc:127) VIVOSSPK09-R036
LOG (gmm-align-compiled[5.5.987~1-eb8d0]:main():gmm-align-compiled.cc:127) VIVOSSPK09-R037
LOG (gmm-align-compiled[5.5.987~1-eb8d0]:main():gmm-align-compiled.cc:127) VIVOSSPK09-R038
LOG (gmm-align-compiled[5.5.987~1-eb8d0]:main():gmm-align-compiled.cc:127) VIVOSSPK09-R039
LOG (gmm-align-compiled[5.5.987~1-eb8d0]:main():gmm-align-compiled.cc:127) VIVOSSPK09-R040
LOG (gmm-align-compiled[5.5.987~1-eb8d0]:main():gmm-align-compiled.cc:127) VIVOSSPK09-R041
LOG (gmm-align-compiled[5.5.987~1-eb8d0]:main():gmm-align-compiled.cc:127) VIVOSSPK09-R042
LOG (gmm-align-compiled[5.5.987~1-eb8d0]:main():gmm-align-compiled.cc:127) VIVOSSPK09-R043
LOG (gmm-align-compiled[5.5.987~1-eb8d0]:main():gmm-align-compiled.cc:127) VIVOSSPK09-R044
WARNING (gmm-align-compiled[5.5.987~1-eb8d0]:AlignUtteranceWrapper():decoder-wrappers.cc:617) Retrying utterance VIVOSSPK09-R044 with beam 40
LOG (gmm-align-compiled[5.5.987~1-eb8d0]:main():gmm-align-compiled.cc:127) VIVOSSPK09-R045
LOG (gmm-align-compiled[5.5.987~1-eb8d0]:main():gmm-align-compiled.cc:127) VIVOSSPK09-R046
LOG (gmm-align-compiled[5.5.987~1-eb8d0]:main():gmm-align-compiled.cc:127) VIVOSSPK09-R047
LOG (gmm-align-compiled[5.5.987~1-eb8d0]:main():gmm-align-compiled.cc:127) VIVOSSPK09-R048
LOG (gmm-align-compiled[5.5.987~1-eb8d0]:main():gmm-align-compiled.cc:127) VIVOSSPK09-R049
LOG (gmm-align-compiled[5.5.987~1-eb8d0]:main():gmm-align-compiled.cc:127) VIVOSSPK09-R050
LOG (gmm-align-compiled[5.5.987~1-eb8d0]:main():gmm-align-compiled.cc:127) VIVOSSPK09-R051
LOG (gmm-align-compiled[5.5.987~1-eb8d0]:main():gmm-align-compiled.cc:127) VIVOSSPK09-R052
LOG (gmm-align-compiled[5.5.987~1-eb8d0]:main():gmm-align-compiled.cc:127) VIVOSSPK09-R053
LOG (gmm-align-compiled[5.5.987~1-eb8d0]:main():gmm-align-compiled.cc:127) VIVOSSPK09-R054
LOG (gmm-align-compiled[5.5.987~1-eb8d0]:main():gmm-align-compiled.cc:127) VIVOSSPK09-R055
LOG (gmm-align-compiled[5.5.987~1-eb8d0]:main():gmm-align-compiled.cc:127) VIVOSSPK09-R056
LOG (gmm-align-compiled[5.5.987~1-eb8d0]:main():gmm-align-compiled.cc:127) VIVOSSPK09-R057
LOG (gmm-align-compiled[5.5.987~1-eb8d0]:main():gmm-align-compiled.cc:127) VIVOSSPK09-R058
LOG (gmm-align-compiled[5.5.987~1-eb8d0]:main():gmm-align-compiled.cc:127) VIVOSSPK09-R059
LOG (gmm-align-compiled[5.5.987~1-eb8d0]:main():gmm-align-compiled.cc:127) VIVOSSPK09-R060
LOG (gmm-align-compiled[5.5.987~1-eb8d0]:main():gmm-align-compiled.cc:127) VIVOSSPK09-R061
LOG (gmm-align-compiled[5.5.987~1-eb8d0]:main():gmm-align-compiled.cc:127) VIVOSSPK09-R062
LOG (gmm-align-compiled[5.5.987~1-eb8d0]:main():gmm-align-compiled.cc:127) VIVOSSPK09-R063
LOG (gmm-align-compiled[5.5.987~1-eb8d0]:main():gmm-align-compiled.cc:127) VIVOSSPK09-R064
LOG (gmm-align-compiled[5.5.987~1-eb8d0]:main():gmm-align-compiled.cc:127) VIVOSSPK09-R065
LOG (gmm-align-compiled[5.5.987~1-eb8d0]:main():gmm-align-compiled.cc:127) VIVOSSPK09-R066
LOG (gmm-align-compiled[5.5.987~1-eb8d0]:main():gmm-align-compiled.cc:127) VIVOSSPK09-R067
LOG (gmm-align-compiled[5.5.987~1-eb8d0]:main():gmm-align-compiled.cc:127) VIVOSSPK09-R068
LOG (gmm-align-compiled[5.5.987~1-eb8d0]:main():gmm-align-compiled.cc:127) VIVOSSPK09-R069
LOG (gmm-align-compiled[5.5.987~1-eb8d0]:main():gmm-align-compiled.cc:127) VIVOSSPK09-R070
LOG (gmm-align-compiled[5.5.987~1-eb8d0]:main():gmm-align-compiled.cc:127) VIVOSSPK09-R071
LOG (gmm-align-compiled[5.5.987~1-eb8d0]:main():gmm-align-compiled.cc:127) VIVOSSPK09-R072
LOG (gmm-align-compiled[5.5.987~1-eb8d0]:main():gmm-align-compiled.cc:127) VIVOSSPK09-R073
LOG (gmm-align-compiled[5.5.987~1-eb8d0]:main():gmm-align-compiled.cc:127) VIVOSSPK09-R074
LOG (gmm-align-compiled[5.5.987~1-eb8d0]:main():gmm-align-compiled.cc:127) VIVOSSPK09-R075
LOG (gmm-align-compiled[5.5.987~1-eb8d0]:main():gmm-align-compiled.cc:127) VIVOSSPK09-R076
LOG (gmm-align-compiled[5.5.987~1-eb8d0]:main():gmm-align-compiled.cc:127) VIVOSSPK09-R077
LOG (gmm-align-compiled[5.5.987~1-eb8d0]:main():gmm-align-compiled.cc:127) VIVOSSPK09-R078
LOG (gmm-align-compiled[5.5.987~1-eb8d0]:main():gmm-align-compiled.cc:127) VIVOSSPK09-R079
LOG (gmm-align-compiled[5.5.987~1-eb8d0]:main():gmm-align-compiled.cc:127) VIVOSSPK09-R080
LOG (gmm-align-compiled[5.5.987~1-eb8d0]:main():gmm-align-compiled.cc:127) VIVOSSPK09-R081
LOG (gmm-align-compiled[5.5.987~1-eb8d0]:main():gmm-align-compiled.cc:127) VIVOSSPK09-R082
LOG (gmm-align-compiled[5.5.987~1-eb8d0]:main():gmm-align-compiled.cc:127) VIVOSSPK09-R083
LOG (gmm-align-compiled[5.5.987~1-eb8d0]:main():gmm-align-compiled.cc:127) VIVOSSPK09-R084
LOG (gmm-align-compiled[5.5.987~1-eb8d0]:main():gmm-align-compiled.cc:127) VIVOSSPK09-R085
LOG (gmm-align-compiled[5.5.987~1-eb8d0]:main():gmm-align-compiled.cc:127) VIVOSSPK09-R086
LOG (gmm-align-compiled[5.5.987~1-eb8d0]:main():gmm-align-compiled.cc:127) VIVOSSPK09-R087
LOG (gmm-align-compiled[5.5.987~1-eb8d0]:main():gmm-align-compiled.cc:127) VIVOSSPK09-R088
LOG (gmm-align-compiled[5.5.987~1-eb8d0]:main():gmm-align-compiled.cc:127) VIVOSSPK09-R089
LOG (gmm-align-compiled[5.5.987~1-eb8d0]:main():gmm-align-compiled.cc:127) VIVOSSPK09-R090
LOG (gmm-align-compiled[5.5.987~1-eb8d0]:main():gmm-align-compiled.cc:127) VIVOSSPK09-R091
LOG (gmm-align-compiled[5.5.987~1-eb8d0]:main():gmm-align-compiled.cc:127) VIVOSSPK09-R092
LOG (gmm-align-compiled[5.5.987~1-eb8d0]:main():gmm-align-compiled.cc:127) VIVOSSPK09-R093
WARNING (gmm-align-compiled[5.5.987~1-eb8d0]:AlignUtteranceWrapper():decoder-wrappers.cc:617) Retrying utterance VIVOSSPK09-R093 with beam 40
LOG (gmm-align-compiled[5.5.987~1-eb8d0]:main():gmm-align-compiled.cc:127) VIVOSSPK09-R094
LOG (gmm-align-compiled[5.5.987~1-eb8d0]:main():gmm-align-compiled.cc:127) VIVOSSPK09-R095
LOG (gmm-align-compiled[5.5.987~1-eb8d0]:main():gmm-align-compiled.cc:127) VIVOSSPK09-R096
LOG (gmm-align-compiled[5.5.987~1-eb8d0]:main():gmm-align-compiled.cc:127) VIVOSSPK09-R097
LOG (gmm-align-compiled[5.5.987~1-eb8d0]:main():gmm-align-compiled.cc:127) VIVOSSPK09-R098
LOG (gmm-align-compiled[5.5.987~1-eb8d0]:main():gmm-align-compiled.cc:127) VIVOSSPK09-R099
LOG (gmm-align-compiled[5.5.987~1-eb8d0]:main():gmm-align-compiled.cc:127) VIVOSSPK09-R100
LOG (gmm-align-compiled[5.5.987~1-eb8d0]:main():gmm-align-compiled.cc:127) VIVOSSPK09-R101
LOG (gmm-align-compiled[5.5.987~1-eb8d0]:main():gmm-align-compiled.cc:127) VIVOSSPK09-R102
LOG (gmm-align-compiled[5.5.987~1-eb8d0]:main():gmm-align-compiled.cc:127) VIVOSSPK09-R103
LOG (gmm-align-compiled[5.5.987~1-eb8d0]:main():gmm-align-compiled.cc:127) VIVOSSPK09-R104
LOG (gmm-align-compiled[5.5.987~1-eb8d0]:main():gmm-align-compiled.cc:127) VIVOSSPK09-R105
LOG (gmm-align-compiled[5.5.987~1-eb8d0]:main():gmm-align-compiled.cc:127) VIVOSSPK09-R106
LOG (gmm-align-compiled[5.5.987~1-eb8d0]:main():gmm-align-compiled.cc:127) VIVOSSPK09-R107
LOG (gmm-align-compiled[5.5.987~1-eb8d0]:main():gmm-align-compiled.cc:127) VIVOSSPK09-R108
LOG (gmm-align-compiled[5.5.987~1-eb8d0]:main():gmm-align-compiled.cc:127) VIVOSSPK09-R109
WARNING (gmm-align-compiled[5.5.987~1-eb8d0]:AlignUtteranceWrapper():decoder-wrappers.cc:617) Retrying utterance VIVOSSPK09-R109 with beam 40
LOG (gmm-align-compiled[5.5.987~1-eb8d0]:main():gmm-align-compiled.cc:127) VIVOSSPK09-R110
LOG (gmm-align-compiled[5.5.987~1-eb8d0]:main():gmm-align-compiled.cc:127) VIVOSSPK09-R111
LOG (gmm-align-compiled[5.5.987~1-eb8d0]:main():gmm-align-compiled.cc:127) VIVOSSPK09-R112
LOG (gmm-align-compiled[5.5.987~1-eb8d0]:main():gmm-align-compiled.cc:127) VIVOSSPK09-R113
LOG (gmm-align-compiled[5.5.987~1-eb8d0]:main():gmm-align-compiled.cc:127) VIVOSSPK09-R114
LOG (gmm-align-compiled[5.5.987~1-eb8d0]:main():gmm-align-compiled.cc:127) VIVOSSPK09-R115
LOG (gmm-align-compiled[5.5.987~1-eb8d0]:main():gmm-align-compiled.cc:127) VIVOSSPK09-R116
LOG (gmm-align-compiled[5.5.987~1-eb8d0]:main():gmm-align-compiled.cc:127) VIVOSSPK09-R117
LOG (gmm-align-compiled[5.5.987~1-eb8d0]:main():gmm-align-compiled.cc:127) VIVOSSPK09-R118
LOG (gmm-align-compiled[5.5.987~1-eb8d0]:main():gmm-align-compiled.cc:127) VIVOSSPK09-R119
LOG (gmm-align-compiled[5.5.987~1-eb8d0]:main():gmm-align-compiled.cc:127) VIVOSSPK09-R120
LOG (gmm-align-compiled[5.5.987~1-eb8d0]:main():gmm-align-compiled.cc:127) VIVOSSPK09-R121
LOG (gmm-align-compiled[5.5.987~1-eb8d0]:main():gmm-align-compiled.cc:127) VIVOSSPK09-R122
LOG (gmm-align-compiled[5.5.987~1-eb8d0]:main():gmm-align-compiled.cc:127) VIVOSSPK09-R123
LOG (gmm-align-compiled[5.5.987~1-eb8d0]:main():gmm-align-compiled.cc:127) VIVOSSPK09-R124
WARNING (gmm-align-compiled[5.5.987~1-eb8d0]:AlignUtteranceWrapper():decoder-wrappers.cc:617) Retrying utterance VIVOSSPK09-R124 with beam 40
LOG (gmm-align-compiled[5.5.987~1-eb8d0]:main():gmm-align-compiled.cc:127) VIVOSSPK09-R125
LOG (gmm-align-compiled[5.5.987~1-eb8d0]:main():gmm-align-compiled.cc:127) VIVOSSPK09-R126
LOG (gmm-align-compiled[5.5.987~1-eb8d0]:main():gmm-align-compiled.cc:127) VIVOSSPK09-R127
LOG (gmm-align-compiled[5.5.987~1-eb8d0]:main():gmm-align-compiled.cc:127) VIVOSSPK09-R128
LOG (gmm-align-compiled[5.5.987~1-eb8d0]:main():gmm-align-compiled.cc:127) VIVOSSPK09-R129
LOG (gmm-align-compiled[5.5.987~1-eb8d0]:main():gmm-align-compiled.cc:127) VIVOSSPK09-R130
LOG (gmm-align-compiled[5.5.987~1-eb8d0]:main():gmm-align-compiled.cc:127) VIVOSSPK09-R131
LOG (gmm-align-compiled[5.5.987~1-eb8d0]:main():gmm-align-compiled.cc:127) VIVOSSPK09-R132
LOG (gmm-align-compiled[5.5.987~1-eb8d0]:main():gmm-align-compiled.cc:127) VIVOSSPK09-R133
LOG (gmm-align-compiled[5.5.987~1-eb8d0]:main():gmm-align-compiled.cc:127) VIVOSSPK09-R134
LOG (gmm-align-compiled[5.5.987~1-eb8d0]:main():gmm-align-compiled.cc:127) VIVOSSPK09-R135
LOG (gmm-align-compiled[5.5.987~1-eb8d0]:main():gmm-align-compiled.cc:127) VIVOSSPK09-R136
LOG (gmm-align-compiled[5.5.987~1-eb8d0]:main():gmm-align-compiled.cc:127) VIVOSSPK09-R137
LOG (gmm-align-compiled[5.5.987~1-eb8d0]:main():gmm-align-compiled.cc:127) VIVOSSPK09-R138
WARNING (gmm-align-compiled[5.5.987~1-eb8d0]:AlignUtteranceWrapper():decoder-wrappers.cc:617) Retrying utterance VIVOSSPK09-R138 with beam 40
LOG (gmm-align-compiled[5.5.987~1-eb8d0]:main():gmm-align-compiled.cc:127) VIVOSSPK09-R139
LOG (gmm-align-compiled[5.5.987~1-eb8d0]:main():gmm-align-compiled.cc:127) VIVOSSPK09-R140
LOG (gmm-align-compiled[5.5.987~1-eb8d0]:main():gmm-align-compiled.cc:127) VIVOSSPK09-R141
LOG (gmm-align-compiled[5.5.987~1-eb8d0]:main():gmm-align-compiled.cc:127) VIVOSSPK09-R142
LOG (gmm-align-compiled[5.5.987~1-eb8d0]:main():gmm-align-compiled.cc:127) VIVOSSPK09-R143
LOG (gmm-align-compiled[5.5.987~1-eb8d0]:main():gmm-align-compiled.cc:127) VIVOSSPK09-R144
LOG (gmm-align-compiled[5.5.987~1-eb8d0]:main():gmm-align-compiled.cc:127) VIVOSSPK09-R145
LOG (gmm-align-compiled[5.5.987~1-eb8d0]:main():gmm-align-compiled.cc:127) VIVOSSPK09-R146
LOG (gmm-align-compiled[5.5.987~1-eb8d0]:main():gmm-align-compiled.cc:127) VIVOSSPK09-R147
WARNING (gmm-align-compiled[5.5.987~1-eb8d0]:AlignUtteranceWrapper():decoder-wrappers.cc:617) Retrying utterance VIVOSSPK09-R147 with beam 40
LOG (gmm-align-compiled[5.5.987~1-eb8d0]:main():gmm-align-compiled.cc:127) VIVOSSPK09-R148
LOG (gmm-align-compiled[5.5.987~1-eb8d0]:main():gmm-align-compiled.cc:127) VIVOSSPK09-R149
LOG (gmm-align-compiled[5.5.987~1-eb8d0]:main():gmm-align-compiled.cc:127) VIVOSSPK09-R150
LOG (gmm-align-compiled[5.5.987~1-eb8d0]:main():gmm-align-compiled.cc:127) VIVOSSPK09-R151
LOG (gmm-align-compiled[5.5.987~1-eb8d0]:main():gmm-align-compiled.cc:127) VIVOSSPK09-R152
WARNING (gmm-align-compiled[5.5.987~1-eb8d0]:AlignUtteranceWrapper():decoder-wrappers.cc:617) Retrying utterance VIVOSSPK09-R152 with beam 40
LOG (gmm-align-compiled[5.5.987~1-eb8d0]:main():gmm-align-compiled.cc:127) VIVOSSPK09-R153
LOG (gmm-align-compiled[5.5.987~1-eb8d0]:main():gmm-align-compiled.cc:127) VIVOSSPK09-R154
WARNING (gmm-align-compiled[5.5.987~1-eb8d0]:AlignUtteranceWrapper():decoder-wrappers.cc:617) Retrying utterance VIVOSSPK09-R154 with beam 40
LOG (gmm-align-compiled[5.5.987~1-eb8d0]:main():gmm-align-compiled.cc:127) VIVOSSPK09-R155
LOG (gmm-align-compiled[5.5.987~1-eb8d0]:main():gmm-align-compiled.cc:127) VIVOSSPK09-R156
LOG (gmm-align-compiled[5.5.987~1-eb8d0]:main():gmm-align-compiled.cc:127) VIVOSSPK09-R157
LOG (gmm-align-compiled[5.5.987~1-eb8d0]:main():gmm-align-compiled.cc:127) VIVOSSPK09-R158
LOG (gmm-align-compiled[5.5.987~1-eb8d0]:main():gmm-align-compiled.cc:127) VIVOSSPK09-R159
LOG (gmm-align-compiled[5.5.987~1-eb8d0]:main():gmm-align-compiled.cc:127) VIVOSSPK09-R160
WARNING (gmm-align-compiled[5.5.987~1-eb8d0]:AlignUtteranceWrapper():decoder-wrappers.cc:617) Retrying utterance VIVOSSPK09-R160 with beam 40
LOG (gmm-align-compiled[5.5.987~1-eb8d0]:main():gmm-align-compiled.cc:127) VIVOSSPK09-R161
LOG (gmm-align-compiled[5.5.987~1-eb8d0]:main():gmm-align-compiled.cc:127) VIVOSSPK09-R162
LOG (gmm-align-compiled[5.5.987~1-eb8d0]:main():gmm-align-compiled.cc:127) VIVOSSPK09-R163
LOG (gmm-align-compiled[5.5.987~1-eb8d0]:main():gmm-align-compiled.cc:127) VIVOSSPK09-R164
LOG (gmm-align-compiled[5.5.987~1-eb8d0]:main():gmm-align-compiled.cc:127) VIVOSSPK09-R165
LOG (gmm-align-compiled[5.5.987~1-eb8d0]:main():gmm-align-compiled.cc:127) VIVOSSPK09-R166
LOG (gmm-align-compiled[5.5.987~1-eb8d0]:main():gmm-align-compiled.cc:127) VIVOSSPK09-R167
LOG (gmm-align-compiled[5.5.987~1-eb8d0]:main():gmm-align-compiled.cc:127) VIVOSSPK09-R168
LOG (gmm-align-compiled[5.5.987~1-eb8d0]:main():gmm-align-compiled.cc:127) VIVOSSPK09-R169
LOG (gmm-align-compiled[5.5.987~1-eb8d0]:main():gmm-align-compiled.cc:127) VIVOSSPK09-R170
LOG (gmm-align-compiled[5.5.987~1-eb8d0]:main():gmm-align-compiled.cc:127) VIVOSSPK09-R171
LOG (gmm-align-compiled[5.5.987~1-eb8d0]:main():gmm-align-compiled.cc:127) VIVOSSPK09-R172
LOG (gmm-align-compiled[5.5.987~1-eb8d0]:main():gmm-align-compiled.cc:127) VIVOSSPK09-R173
LOG (gmm-align-compiled[5.5.987~1-eb8d0]:main():gmm-align-compiled.cc:127) VIVOSSPK09-R174
LOG (gmm-align-compiled[5.5.987~1-eb8d0]:main():gmm-align-compiled.cc:127) VIVOSSPK09-R175
LOG (gmm-align-compiled[5.5.987~1-eb8d0]:main():gmm-align-compiled.cc:127) VIVOSSPK09-R176
LOG (gmm-align-compiled[5.5.987~1-eb8d0]:main():gmm-align-compiled.cc:127) VIVOSSPK09-R177
LOG (gmm-align-compiled[5.5.987~1-eb8d0]:main():gmm-align-compiled.cc:127) VIVOSSPK09-R178
LOG (gmm-align-compiled[5.5.987~1-eb8d0]:main():gmm-align-compiled.cc:127) VIVOSSPK09-R179
LOG (gmm-align-compiled[5.5.987~1-eb8d0]:main():gmm-align-compiled.cc:127) VIVOSSPK09-R180
LOG (gmm-align-compiled[5.5.987~1-eb8d0]:main():gmm-align-compiled.cc:127) VIVOSSPK09-R181
LOG (gmm-align-compiled[5.5.987~1-eb8d0]:main():gmm-align-compiled.cc:127) VIVOSSPK09-R182
LOG (gmm-align-compiled[5.5.987~1-eb8d0]:main():gmm-align-compiled.cc:127) VIVOSSPK09-R183
LOG (gmm-align-compiled[5.5.987~1-eb8d0]:main():gmm-align-compiled.cc:127) VIVOSSPK09-R184
LOG (gmm-align-compiled[5.5.987~1-eb8d0]:main():gmm-align-compiled.cc:127) VIVOSSPK09-R185
LOG (gmm-align-compiled[5.5.987~1-eb8d0]:main():gmm-align-compiled.cc:127) VIVOSSPK09-R186
LOG (gmm-align-compiled[5.5.987~1-eb8d0]:main():gmm-align-compiled.cc:127) VIVOSSPK09-R187
LOG (gmm-align-compiled[5.5.987~1-eb8d0]:main():gmm-align-compiled.cc:127) VIVOSSPK09-R188
WARNING (gmm-align-compiled[5.5.987~1-eb8d0]:AlignUtteranceWrapper():decoder-wrappers.cc:617) Retrying utterance VIVOSSPK09-R188 with beam 40
LOG (gmm-align-compiled[5.5.987~1-eb8d0]:main():gmm-align-compiled.cc:127) VIVOSSPK09-R189
LOG (gmm-align-compiled[5.5.987~1-eb8d0]:main():gmm-align-compiled.cc:127) VIVOSSPK09-R190
LOG (gmm-align-compiled[5.5.987~1-eb8d0]:main():gmm-align-compiled.cc:127) VIVOSSPK09-R191
LOG (gmm-align-compiled[5.5.987~1-eb8d0]:main():gmm-align-compiled.cc:127) VIVOSSPK09-R192
LOG (gmm-align-compiled[5.5.987~1-eb8d0]:main():gmm-align-compiled.cc:127) VIVOSSPK09-R193
LOG (gmm-align-compiled[5.5.987~1-eb8d0]:main():gmm-align-compiled.cc:127) VIVOSSPK09-R194
LOG (gmm-align-compiled[5.5.987~1-eb8d0]:main():gmm-align-compiled.cc:127) VIVOSSPK09-R195
LOG (gmm-align-compiled[5.5.987~1-eb8d0]:main():gmm-align-compiled.cc:127) VIVOSSPK09-R196
WARNING (gmm-align-compiled[5.5.987~1-eb8d0]:AlignUtteranceWrapper():decoder-wrappers.cc:617) Retrying utterance VIVOSSPK09-R196 with beam 40
LOG (gmm-align-compiled[5.5.987~1-eb8d0]:main():gmm-align-compiled.cc:127) VIVOSSPK09-R197
LOG (gmm-align-compiled[5.5.987~1-eb8d0]:main():gmm-align-compiled.cc:127) VIVOSSPK09-R198
LOG (gmm-align-compiled[5.5.987~1-eb8d0]:main():gmm-align-compiled.cc:127) VIVOSSPK09-R199
LOG (gmm-align-compiled[5.5.987~1-eb8d0]:main():gmm-align-compiled.cc:127) VIVOSSPK09-R200
LOG (gmm-align-compiled[5.5.987~1-eb8d0]:main():gmm-align-compiled.cc:127) VIVOSSPK09-T001
LOG (gmm-align-compiled[5.5.987~1-eb8d0]:main():gmm-align-compiled.cc:127) VIVOSSPK09-T002
LOG (gmm-align-compiled[5.5.987~1-eb8d0]:main():gmm-align-compiled.cc:127) VIVOSSPK09-T003
LOG (gmm-align-compiled[5.5.987~1-eb8d0]:main():gmm-align-compiled.cc:127) VIVOSSPK09-T004
LOG (gmm-align-compiled[5.5.987~1-eb8d0]:main():gmm-align-compiled.cc:127) VIVOSSPK09-T005
LOG (gmm-align-compiled[5.5.987~1-eb8d0]:main():gmm-align-compiled.cc:127) VIVOSSPK09-T006
LOG (gmm-align-compiled[5.5.987~1-eb8d0]:main():gmm-align-compiled.cc:127) VIVOSSPK09-T007
LOG (gmm-align-compiled[5.5.987~1-eb8d0]:main():gmm-align-compiled.cc:127) VIVOSSPK09-T008
LOG (gmm-align-compiled[5.5.987~1-eb8d0]:main():gmm-align-compiled.cc:127) VIVOSSPK09-T009
LOG (gmm-align-compiled[5.5.987~1-eb8d0]:main():gmm-align-compiled.cc:127) VIVOSSPK09-T010
LOG (gmm-align-compiled[5.5.987~1-eb8d0]:main():gmm-align-compiled.cc:127) VIVOSSPK09-T011
LOG (gmm-align-compiled[5.5.987~1-eb8d0]:main():gmm-align-compiled.cc:127) VIVOSSPK09-T012
LOG (gmm-align-compiled[5.5.987~1-eb8d0]:main():gmm-align-compiled.cc:127) VIVOSSPK09-T013
LOG (gmm-align-compiled[5.5.987~1-eb8d0]:main():gmm-align-compiled.cc:127) VIVOSSPK09-T014
LOG (gmm-align-compiled[5.5.987~1-eb8d0]:main():gmm-align-compiled.cc:127) VIVOSSPK09-T015
LOG (gmm-align-compiled[5.5.987~1-eb8d0]:main():gmm-align-compiled.cc:127) VIVOSSPK09-T016
LOG (gmm-align-compiled[5.5.987~1-eb8d0]:main():gmm-align-compiled.cc:127) VIVOSSPK09-T017
LOG (gmm-align-compiled[5.5.987~1-eb8d0]:main():gmm-align-compiled.cc:127) VIVOSSPK09-T018
LOG (gmm-align-compiled[5.5.987~1-eb8d0]:main():gmm-align-compiled.cc:127) VIVOSSPK09-T019
LOG (gmm-align-compiled[5.5.987~1-eb8d0]:main():gmm-align-compiled.cc:127) VIVOSSPK09-T020
LOG (gmm-align-compiled[5.5.987~1-eb8d0]:main():gmm-align-compiled.cc:127) VIVOSSPK09-T021
LOG (gmm-align-compiled[5.5.987~1-eb8d0]:main():gmm-align-compiled.cc:127) VIVOSSPK09-T022
LOG (gmm-align-compiled[5.5.987~1-eb8d0]:main():gmm-align-compiled.cc:127) VIVOSSPK09-T023
LOG (gmm-align-compiled[5.5.987~1-eb8d0]:main():gmm-align-compiled.cc:127) VIVOSSPK09-T024
LOG (gmm-align-compiled[5.5.987~1-eb8d0]:main():gmm-align-compiled.cc:127) VIVOSSPK09-T025
LOG (gmm-align-compiled[5.5.987~1-eb8d0]:main():gmm-align-compiled.cc:127) VIVOSSPK09-T026
LOG (gmm-align-compiled[5.5.987~1-eb8d0]:main():gmm-align-compiled.cc:127) VIVOSSPK09-T027
LOG (gmm-align-compiled[5.5.987~1-eb8d0]:main():gmm-align-compiled.cc:127) VIVOSSPK09-T028
LOG (gmm-align-compiled[5.5.987~1-eb8d0]:main():gmm-align-compiled.cc:127) VIVOSSPK09-T029
LOG (gmm-align-compiled[5.5.987~1-eb8d0]:main():gmm-align-compiled.cc:127) VIVOSSPK09-T030
LOG (gmm-align-compiled[5.5.987~1-eb8d0]:main():gmm-align-compiled.cc:127) VIVOSSPK09-T031
LOG (gmm-align-compiled[5.5.987~1-eb8d0]:main():gmm-align-compiled.cc:127) VIVOSSPK09-T032
LOG (gmm-align-compiled[5.5.987~1-eb8d0]:main():gmm-align-compiled.cc:127) VIVOSSPK09-T033
WARNING (gmm-align-compiled[5.5.987~1-eb8d0]:AlignUtteranceWrapper():decoder-wrappers.cc:617) Retrying utterance VIVOSSPK09-T033 with beam 40
LOG (gmm-align-compiled[5.5.987~1-eb8d0]:main():gmm-align-compiled.cc:127) VIVOSSPK09-T034
WARNING (gmm-align-compiled[5.5.987~1-eb8d0]:AlignUtteranceWrapper():decoder-wrappers.cc:617) Retrying utterance VIVOSSPK09-T034 with beam 40
LOG (gmm-align-compiled[5.5.987~1-eb8d0]:main():gmm-align-compiled.cc:127) VIVOSSPK09-T035
LOG (gmm-align-compiled[5.5.987~1-eb8d0]:main():gmm-align-compiled.cc:127) VIVOSSPK09-T036
LOG (gmm-align-compiled[5.5.987~1-eb8d0]:main():gmm-align-compiled.cc:127) VIVOSSPK09-T037
LOG (gmm-align-compiled[5.5.987~1-eb8d0]:main():gmm-align-compiled.cc:127) VIVOSSPK09-T038
LOG (gmm-align-compiled[5.5.987~1-eb8d0]:main():gmm-align-compiled.cc:127) VIVOSSPK09-T039
LOG (gmm-align-compiled[5.5.987~1-eb8d0]:main():gmm-align-compiled.cc:127) VIVOSSPK09-T040
LOG (gmm-align-compiled[5.5.987~1-eb8d0]:main():gmm-align-compiled.cc:127) VIVOSSPK09-T041
LOG (gmm-align-compiled[5.5.987~1-eb8d0]:main():gmm-align-compiled.cc:127) VIVOSSPK09-T042
LOG (gmm-align-compiled[5.5.987~1-eb8d0]:main():gmm-align-compiled.cc:127) VIVOSSPK09-T043
LOG (gmm-align-compiled[5.5.987~1-eb8d0]:main():gmm-align-compiled.cc:127) VIVOSSPK09-T044
LOG (apply-cmvn[5.5.987~1-eb8d0]:main():apply-cmvn.cc:162) Applied cepstral mean normalization to 750 utterances, errors on 0
LOG (gmm-align-compiled[5.5.987~1-eb8d0]:main():gmm-align-compiled.cc:127) VIVOSSPK09-T045
LOG (gmm-align-compiled[5.5.987~1-eb8d0]:main():gmm-align-compiled.cc:127) VIVOSSPK09-T046
LOG (gmm-align-compiled[5.5.987~1-eb8d0]:main():gmm-align-compiled.cc:127) VIVOSSPK09-T047
WARNING (gmm-align-compiled[5.5.987~1-eb8d0]:AlignUtteranceWrapper():decoder-wrappers.cc:617) Retrying utterance VIVOSSPK09-T047 with beam 40
LOG (gmm-align-compiled[5.5.987~1-eb8d0]:main():gmm-align-compiled.cc:127) VIVOSSPK09-T048
LOG (gmm-align-compiled[5.5.987~1-eb8d0]:main():gmm-align-compiled.cc:127) VIVOSSPK09-T049
LOG (gmm-align-compiled[5.5.987~1-eb8d0]:main():gmm-align-compiled.cc:127) VIVOSSPK09-T050
LOG (gmm-align-compiled[5.5.987~1-eb8d0]:main():gmm-align-compiled.cc:135) Overall log-likelihood per frame is -105.195 over 278285 frames.
LOG (gmm-align-compiled[5.5.987~1-eb8d0]:main():gmm-align-compiled.cc:137) Retried 21 out of 750 utterances.
LOG (gmm-align-compiled[5.5.987~1-eb8d0]:main():gmm-align-compiled.cc:139) Done 750, errors on 0
# Accounting: time=14 threads=1
# Ended (code 0) at Fri Oct 29 08:01:35 +07 2021, elapsed time 14 seconds
