# gmm-est --write-occs=exp/mono/3.occs --mix-up=118 --power=0.25 exp/mono/2.mdl "gmm-sum-accs - exp/mono/2.*.acc|" exp/mono/3.mdl 
# Started at Fri Oct 29 08:02:20 +07 2021
#
gmm-est --write-occs=exp/mono/3.occs --mix-up=118 --power=0.25 exp/mono/2.mdl 'gmm-sum-accs - exp/mono/2.*.acc|' exp/mono/3.mdl 
gmm-sum-accs - exp/mono/2.1.acc exp/mono/2.10.acc exp/mono/2.11.acc exp/mono/2.12.acc exp/mono/2.13.acc exp/mono/2.14.acc exp/mono/2.15.acc exp/mono/2.16.acc exp/mono/2.2.acc exp/mono/2.3.acc exp/mono/2.4.acc exp/mono/2.5.acc exp/mono/2.6.acc exp/mono/2.7.acc exp/mono/2.8.acc exp/mono/2.9.acc 
LOG (gmm-sum-accs[5.5.987~1-eb8d0]:main():gmm-sum-accs.cc:63) Summed 16 stats, total count 5.31608e+06, avg like/frame -102.036
LOG (gmm-sum-accs[5.5.987~1-eb8d0]:main():gmm-sum-accs.cc:66) Total count of stats is 5.31608e+06
LOG (gmm-sum-accs[5.5.987~1-eb8d0]:main():gmm-sum-accs.cc:67) Written stats to -
LOG (gmm-est[5.5.987~1-eb8d0]:MleUpdate():transition-model.cc:528) TransitionModel::Update, objf change is 0.0600354 per frame over 5.31608e+06 frames. 
LOG (gmm-est[5.5.987~1-eb8d0]:MleUpdate():transition-model.cc:531) 19 probabilities floored, 159 out of 362 transition-states skipped due to insuffient data (it is normal to have some skipped.)
LOG (gmm-est[5.5.987~1-eb8d0]:main():gmm-est.cc:102) Transition model update: Overall 0.0600354 log-like improvement per frame over 5.31608e+06 frames.
WARNING (gmm-est[5.5.987~1-eb8d0]:MleDiagGmmUpdate():mle-diag-gmm.cc:365) Gaussian has too little data but not removing it because it is the last Gaussian: i = 0, occ = 1, weight = 1
WARNING (gmm-est[5.5.987~1-eb8d0]:MleDiagGmmUpdate():mle-diag-gmm.cc:365) Gaussian has too little data but not removing it because it is the last Gaussian: i = 0, occ = 1, weight = 1
WARNING (gmm-est[5.5.987~1-eb8d0]:MleDiagGmmUpdate():mle-diag-gmm.cc:365) Gaussian has too little data but not removing it because it is the last Gaussian: i = 0, occ = 0, weight = 1
WARNING (gmm-est[5.5.987~1-eb8d0]:MleDiagGmmUpdate():mle-diag-gmm.cc:365) Gaussian has too little data but not removing it because it is the last Gaussian: i = 0, occ = 0, weight = 1
WARNING (gmm-est[5.5.987~1-eb8d0]:MleDiagGmmUpdate():mle-diag-gmm.cc:365) Gaussian has too little data but not removing it because it is the last Gaussian: i = 0, occ = 2, weight = 1
WARNING (gmm-est[5.5.987~1-eb8d0]:MleDiagGmmUpdate():mle-diag-gmm.cc:365) Gaussian has too little data but not removing it because it is the last Gaussian: i = 0, occ = 1, weight = 1
WARNING (gmm-est[5.5.987~1-eb8d0]:MleDiagGmmUpdate():mle-diag-gmm.cc:365) Gaussian has too little data but not removing it because it is the last Gaussian: i = 0, occ = 1, weight = 1
WARNING (gmm-est[5.5.987~1-eb8d0]:MleDiagGmmUpdate():mle-diag-gmm.cc:365) Gaussian has too little data but not removing it because it is the last Gaussian: i = 0, occ = 1, weight = 1
LOG (gmm-est[5.5.987~1-eb8d0]:MleAmDiagGmmUpdate():mle-am-diag-gmm.cc:225) 0 variance elements floored in 0 Gaussians, out of 88
LOG (gmm-est[5.5.987~1-eb8d0]:MleAmDiagGmmUpdate():mle-am-diag-gmm.cc:229) Removed 0 Gaussians due to counts < --min-gaussian-occupancy=10 and --remove-low-count-gaussians=true
LOG (gmm-est[5.5.987~1-eb8d0]:main():gmm-est.cc:113) GMM update: Overall 0.633914 objective function improvement per frame over 5.31608e+06 frames
LOG (gmm-est[5.5.987~1-eb8d0]:main():gmm-est.cc:116) GMM update: Overall avg like per frame = -102.036 over 5.31608e+06 frames.
LOG (gmm-est[5.5.987~1-eb8d0]:SplitByCount():am-diag-gmm.cc:116) Split 88 states with target = 118, power = 0.25, perturb_factor = 0.01 and min_count = 20, split #Gauss from 88 to 118
LOG (gmm-est[5.5.987~1-eb8d0]:main():gmm-est.cc:146) Written model to exp/mono/3.mdl
# Accounting: time=0 threads=1
# Ended (code 0) at Fri Oct 29 08:02:20 +07 2021, elapsed time 0 seconds
