# gmm-latgen-faster --max-active=7000 --beam=13.0 --lattice-beam=6.0 --acoustic-scale=0.083333 --allow-partial=true --word-symbol-table=exp/tri2a/graph/words.txt exp/tri2a/final.mdl exp/tri2a/graph/HCLG.fst "ark,s,cs:apply-cmvn  --utt2spk=ark:data/test/split16/9/utt2spk scp:data/test/split16/9/cmvn.scp scp:data/test/split16/9/feats.scp ark:- | add-deltas  ark:- ark:- |" "ark:|gzip -c > exp/tri2a/decode/lat.9.gz" 
# Started at Fri Oct 29 08:11:29 +07 2021
#
gmm-latgen-faster --max-active=7000 --beam=13.0 --lattice-beam=6.0 --acoustic-scale=0.083333 --allow-partial=true --word-symbol-table=exp/tri2a/graph/words.txt exp/tri2a/final.mdl exp/tri2a/graph/HCLG.fst 'ark,s,cs:apply-cmvn  --utt2spk=ark:data/test/split16/9/utt2spk scp:data/test/split16/9/cmvn.scp scp:data/test/split16/9/feats.scp ark:- | add-deltas  ark:- ark:- |' 'ark:|gzip -c > exp/tri2a/decode/lat.9.gz' 
apply-cmvn --utt2spk=ark:data/test/split16/9/utt2spk scp:data/test/split16/9/cmvn.scp scp:data/test/split16/9/feats.scp ark:- 
add-deltas ark:- ark:- 
VIVOSDEV11-015 nữ diễn viên xinh đẹp phạm băng băng 
LOG (gmm-latgen-faster[5.5.987~1-eb8d0]:DecodeUtteranceLatticeFaster():decoder-wrappers.cc:375) Log-like per frame for utterance VIVOSDEV11-015 is -8.04983 over 267 frames.
VIVOSDEV11-022 sẽ làm tình trạng ói ọc của cà 
LOG (gmm-latgen-faster[5.5.987~1-eb8d0]:DecodeUtteranceLatticeFaster():decoder-wrappers.cc:375) Log-like per frame for utterance VIVOSDEV11-022 is -7.9879 over 273 frames.
VIVOSDEV11-033 mà phải che chái ở tạm bên hông nhà cha ruột 
LOG (gmm-latgen-faster[5.5.987~1-eb8d0]:DecodeUtteranceLatticeFaster():decoder-wrappers.cc:375) Log-like per frame for utterance VIVOSDEV11-033 is -8.13775 over 307 frames.
VIVOSDEV11-036 tôi có thể căm giận đủ thử 
LOG (gmm-latgen-faster[5.5.987~1-eb8d0]:DecodeUtteranceLatticeFaster():decoder-wrappers.cc:375) Log-like per frame for utterance VIVOSDEV11-036 is -7.85574 over 223 frames.
VIVOSDEV11-038 mà phải chuyển qua hình thức giao dịch 
LOG (gmm-latgen-faster[5.5.987~1-eb8d0]:DecodeUtteranceLatticeFaster():decoder-wrappers.cc:375) Log-like per frame for utterance VIVOSDEV11-038 is -7.92316 over 229 frames.
VIVOSDEV11-046 đừng bao giờ để cho bất kỳ ai nói với bạn rằng 
LOG (gmm-latgen-faster[5.5.987~1-eb8d0]:DecodeUtteranceLatticeFaster():decoder-wrappers.cc:375) Log-like per frame for utterance VIVOSDEV11-046 is -7.73177 over 382 frames.
VIVOSDEV11-048 vàng óng đôi gặp cậu có của ngự lâm quân 
LOG (gmm-latgen-faster[5.5.987~1-eb8d0]:DecodeUtteranceLatticeFaster():decoder-wrappers.cc:375) Log-like per frame for utterance VIVOSDEV11-048 is -8.13546 over 332 frames.
VIVOSDEV11-057 nếu vì chúng tôi 
LOG (gmm-latgen-faster[5.5.987~1-eb8d0]:DecodeUtteranceLatticeFaster():decoder-wrappers.cc:375) Log-like per frame for utterance VIVOSDEV11-057 is -7.61983 over 214 frames.
VIVOSDEV11-063 nếu bạn vẫn cảm thấy tội lỗi 
LOG (gmm-latgen-faster[5.5.987~1-eb8d0]:DecodeUtteranceLatticeFaster():decoder-wrappers.cc:375) Log-like per frame for utterance VIVOSDEV11-063 is -8.0289 over 273 frames.
VIVOSDEV11-075 dãi dầu nắng gió trường sơn 
LOG (gmm-latgen-faster[5.5.987~1-eb8d0]:DecodeUtteranceLatticeFaster():decoder-wrappers.cc:375) Log-like per frame for utterance VIVOSDEV11-075 is -7.60472 over 304 frames.
VIVOSDEV11-076 với trên là núi và giữ là sông 
LOG (gmm-latgen-faster[5.5.987~1-eb8d0]:DecodeUtteranceLatticeFaster():decoder-wrappers.cc:375) Log-like per frame for utterance VIVOSDEV11-076 is -7.51525 over 336 frames.
VIVOSDEV11-077 với sự xuất hiện của quái thú và rồng 
LOG (gmm-latgen-faster[5.5.987~1-eb8d0]:DecodeUtteranceLatticeFaster():decoder-wrappers.cc:375) Log-like per frame for utterance VIVOSDEV11-077 is -7.64576 over 386 frames.
VIVOSDEV11-079 nét mặt họ không ngời lên hạnh phúc của người mẹ 
LOG (gmm-latgen-faster[5.5.987~1-eb8d0]:DecodeUtteranceLatticeFaster():decoder-wrappers.cc:375) Log-like per frame for utterance VIVOSDEV11-079 is -8.1681 over 354 frames.
VIVOSDEV11-081 một số người cho rằng 
LOG (gmm-latgen-faster[5.5.987~1-eb8d0]:DecodeUtteranceLatticeFaster():decoder-wrappers.cc:375) Log-like per frame for utterance VIVOSDEV11-081 is -7.52675 over 236 frames.
VIVOSDEV11-083 một sinh viên được vay vốn tín dụng học tập 
LOG (gmm-latgen-faster[5.5.987~1-eb8d0]:DecodeUtteranceLatticeFaster():decoder-wrappers.cc:375) Log-like per frame for utterance VIVOSDEV11-083 is -7.81025 over 361 frames.
VIVOSDEV11-095 mỗi thời đều được mổ xẻ lại 
LOG (gmm-latgen-faster[5.5.987~1-eb8d0]:DecodeUtteranceLatticeFaster():decoder-wrappers.cc:375) Log-like per frame for utterance VIVOSDEV11-095 is -7.62964 over 323 frames.
VIVOSDEV11-122 không phải nắp không 
LOG (gmm-latgen-faster[5.5.987~1-eb8d0]:DecodeUtteranceLatticeFaster():decoder-wrappers.cc:375) Log-like per frame for utterance VIVOSDEV11-122 is -7.79211 over 186 frames.
VIVOSDEV11-123 các công ty du lịch phải xác định 
LOG (gmm-latgen-faster[5.5.987~1-eb8d0]:DecodeUtteranceLatticeFaster():decoder-wrappers.cc:375) Log-like per frame for utterance VIVOSDEV11-123 is -7.79561 over 286 frames.
VIVOSDEV11-129 đi bộ leo núi đến nhừ chân 
LOG (gmm-latgen-faster[5.5.987~1-eb8d0]:DecodeUtteranceLatticeFaster():decoder-wrappers.cc:375) Log-like per frame for utterance VIVOSDEV11-129 is -7.6676 over 286 frames.
VIVOSDEV11-131 thì chủ đầu tư phải tự phá dỡ phần nội dung sai phép đó 
LOG (gmm-latgen-faster[5.5.987~1-eb8d0]:DecodeUtteranceLatticeFaster():decoder-wrappers.cc:375) Log-like per frame for utterance VIVOSDEV11-131 is -7.75139 over 536 frames.
VIVOSDEV11-136 khi nhân viên cứu hộ cố gắng đưa nó lên sà lan 
LOG (gmm-latgen-faster[5.5.987~1-eb8d0]:DecodeUtteranceLatticeFaster():decoder-wrappers.cc:375) Log-like per frame for utterance VIVOSDEV11-136 is -7.68292 over 467 frames.
VIVOSDEV11-137 những người này đều được đào tạo về hội họa 
LOG (gmm-latgen-faster[5.5.987~1-eb8d0]:DecodeUtteranceLatticeFaster():decoder-wrappers.cc:375) Log-like per frame for utterance VIVOSDEV11-137 is -7.70783 over 354 frames.
VIVOSDEV11-147 gắn lông chim hột đá lóng lánh hay bèo dún tùa lua đầy cổ 
LOG (gmm-latgen-faster[5.5.987~1-eb8d0]:DecodeUtteranceLatticeFaster():decoder-wrappers.cc:375) Log-like per frame for utterance VIVOSDEV11-147 is -7.655 over 620 frames.
VIVOSDEV11-160 ngụ ấp hòn ngang 
LOG (gmm-latgen-faster[5.5.987~1-eb8d0]:DecodeUtteranceLatticeFaster():decoder-wrappers.cc:375) Log-like per frame for utterance VIVOSDEV11-160 is -7.35015 over 248 frames.
VIVOSDEV11-164 ít nhất ở hơn ba mươi trường thuộc các địa phương nói trên 
LOG (gmm-latgen-faster[5.5.987~1-eb8d0]:DecodeUtteranceLatticeFaster():decoder-wrappers.cc:375) Log-like per frame for utterance VIVOSDEV11-164 is -7.82142 over 536 frames.
VIVOSDEV11-182 đặc điểm của phẩy trùng tả 
LOG (gmm-latgen-faster[5.5.987~1-eb8d0]:DecodeUtteranceLatticeFaster():decoder-wrappers.cc:375) Log-like per frame for utterance VIVOSDEV11-182 is -7.86955 over 273 frames.
VIVOSDEV11-193 vì ban đêm chị ngủ không ngon 
LOG (gmm-latgen-faster[5.5.987~1-eb8d0]:DecodeUtteranceLatticeFaster():decoder-wrappers.cc:375) Log-like per frame for utterance VIVOSDEV11-193 is -7.60658 over 267 frames.
VIVOSDEV11-198 lơ lửng trên đầu là những chiếc bẫy đá hàng trăm khỏi 
LOG (gmm-latgen-faster[5.5.987~1-eb8d0]:DecodeUtteranceLatticeFaster():decoder-wrappers.cc:375) Log-like per frame for utterance VIVOSDEV11-198 is -7.89278 over 479 frames.
VIVOSDEV11-200 năm đầu tiên 
LOG (gmm-latgen-faster[5.5.987~1-eb8d0]:DecodeUtteranceLatticeFaster():decoder-wrappers.cc:375) Log-like per frame for utterance VIVOSDEV11-200 is -7.42637 over 220 frames.
VIVOSDEV11-234 bảy mươi bốn bảy mươi lăm 
LOG (gmm-latgen-faster[5.5.987~1-eb8d0]:DecodeUtteranceLatticeFaster():decoder-wrappers.cc:375) Log-like per frame for utterance VIVOSDEV11-234 is -7.391 over 304 frames.
VIVOSDEV11-242 chín mươi chín mươi mốt 
LOG (gmm-latgen-faster[5.5.987~1-eb8d0]:DecodeUtteranceLatticeFaster():decoder-wrappers.cc:375) Log-like per frame for utterance VIVOSDEV11-242 is -7.35936 over 286 frames.
VIVOSDEV11-246 chín mươi tám chín mươi chín 
LOG (gmm-latgen-faster[5.5.987~1-eb8d0]:DecodeUtteranceLatticeFaster():decoder-wrappers.cc:375) Log-like per frame for utterance VIVOSDEV11-246 is -7.64298 over 267 frames.
VIVOSDEV11-252 bây giờ cướp nhiều quá đi đường cũng thấy sợ 
LOG (gmm-latgen-faster[5.5.987~1-eb8d0]:DecodeUtteranceLatticeFaster():decoder-wrappers.cc:375) Log-like per frame for utterance VIVOSDEV11-252 is -7.68922 over 432 frames.
VIVOSDEV11-262 tìm hung thủ hiếp dâm bằng nước bọt nạn nhân 
LOG (gmm-latgen-faster[5.5.987~1-eb8d0]:DecodeUtteranceLatticeFaster():decoder-wrappers.cc:375) Log-like per frame for utterance VIVOSDEV11-262 is -7.76985 over 379 frames.
LOG (apply-cmvn[5.5.987~1-eb8d0]:main():apply-cmvn.cc:162) Applied cepstral mean normalization to 40 utterances, errors on 0
VIVOSDEV11-269 chúng tôi yêu nhau được hai năm thì gia đình tôi xảy ra chuyện 
LOG (gmm-latgen-faster[5.5.987~1-eb8d0]:DecodeUtteranceLatticeFaster():decoder-wrappers.cc:375) Log-like per frame for utterance VIVOSDEV11-269 is -7.69297 over 464 frames.
VIVOSDEV11-273 trọng tài phạt thẻ đỏ 
LOG (gmm-latgen-faster[5.5.987~1-eb8d0]:DecodeUtteranceLatticeFaster():decoder-wrappers.cc:375) Log-like per frame for utterance VIVOSDEV11-273 is -7.48991 over 267 frames.
VIVOSDEV11-274 kiểu này chắc phải cắt giảm biên chế 
LOG (gmm-latgen-faster[5.5.987~1-eb8d0]:DecodeUtteranceLatticeFaster():decoder-wrappers.cc:375) Log-like per frame for utterance VIVOSDEV11-274 is -7.81906 over 301 frames.
VIVOSDEV11-282 thôi thì cứ sắp xếp như vậy 
LOG (gmm-latgen-faster[5.5.987~1-eb8d0]:DecodeUtteranceLatticeFaster():decoder-wrappers.cc:375) Log-like per frame for utterance VIVOSDEV11-282 is -7.54241 over 304 frames.
VIVOSDEV11-289 theo phó chủ tịch ủy ban an toàn giao thông quốc gia 
LOG (gmm-latgen-faster[5.5.987~1-eb8d0]:DecodeUtteranceLatticeFaster():decoder-wrappers.cc:375) Log-like per frame for utterance VIVOSDEV11-289 is -7.84163 over 482 frames.
VIVOSDEV11-298 chuẩn bị cho ngày khai trương cửa hàng đầu tiên 
LOG (gmm-latgen-faster[5.5.987~1-eb8d0]:DecodeUtteranceLatticeFaster():decoder-wrappers.cc:375) Log-like per frame for utterance VIVOSDEV11-298 is -7.54158 over 389 frames.
LOG (gmm-latgen-faster[5.5.987~1-eb8d0]:main():gmm-latgen-faster.cc:176) Time taken 14.579s: real-time factor assuming 100 frames/sec is 0.108531
LOG (gmm-latgen-faster[5.5.987~1-eb8d0]:main():gmm-latgen-faster.cc:179) Done 40 utterances, failed for 0
LOG (gmm-latgen-faster[5.5.987~1-eb8d0]:main():gmm-latgen-faster.cc:181) Overall log-likelihood per frame is -7.7345 over 13433 frames.
# Accounting: time=15 threads=1
# Ended (code 0) at Fri Oct 29 08:11:44 +07 2021, elapsed time 15 seconds
