# gmm-latgen-faster --max-active=7000 --beam=13.0 --lattice-beam=6.0 --acoustic-scale=0.083333 --allow-partial=true --word-symbol-table=exp/tri2a/graph/words.txt exp/tri2a/final.mdl exp/tri2a/graph/HCLG.fst "ark,s,cs:apply-cmvn  --utt2spk=ark:data/test/split16/10/utt2spk scp:data/test/split16/10/cmvn.scp scp:data/test/split16/10/feats.scp ark:- | add-deltas  ark:- ark:- |" "ark:|gzip -c > exp/tri2a/decode/lat.10.gz" 
# Started at Fri Oct 29 08:11:29 +07 2021
#
gmm-latgen-faster --max-active=7000 --beam=13.0 --lattice-beam=6.0 --acoustic-scale=0.083333 --allow-partial=true --word-symbol-table=exp/tri2a/graph/words.txt exp/tri2a/final.mdl exp/tri2a/graph/HCLG.fst 'ark,s,cs:apply-cmvn  --utt2spk=ark:data/test/split16/10/utt2spk scp:data/test/split16/10/cmvn.scp scp:data/test/split16/10/feats.scp ark:- | add-deltas  ark:- ark:- |' 'ark:|gzip -c > exp/tri2a/decode/lat.10.gz' 
apply-cmvn --utt2spk=ark:data/test/split16/10/utt2spk scp:data/test/split16/10/cmvn.scp scp:data/test/split16/10/feats.scp ark:- 
add-deltas ark:- ark:- 
VIVOSDEV12-006 từ sôi dưa thô quá mức của luồng tiền này 
LOG (gmm-latgen-faster[5.5.987~1-eb8d0]:DecodeUtteranceLatticeFaster():decoder-wrappers.cc:375) Log-like per frame for utterance VIVOSDEV12-006 is -7.65449 over 411 frames.
VIVOSDEV12-011 độ chứng tỏ rằng chúng ta đã già 
LOG (gmm-latgen-faster[5.5.987~1-eb8d0]:DecodeUtteranceLatticeFaster():decoder-wrappers.cc:375) Log-like per frame for utterance VIVOSDEV12-011 is -7.83615 over 326 frames.
VIVOSDEV12-015 trao lại đất cho rừng 
LOG (gmm-latgen-faster[5.5.987~1-eb8d0]:DecodeUtteranceLatticeFaster():decoder-wrappers.cc:375) Log-like per frame for utterance VIVOSDEV12-015 is -7.54426 over 254 frames.
VIVOSDEV12-032 các loại cây trồng ở rừng này còn cây kem giá trị 
LOG (gmm-latgen-faster[5.5.987~1-eb8d0]:DecodeUtteranceLatticeFaster():decoder-wrappers.cc:375) Log-like per frame for utterance VIVOSDEV12-032 is -7.9466 over 426 frames.
VIVOSDEV12-054 thiếu sự quan tâm đúng mức từ các cơ quan chức năng 
LOG (gmm-latgen-faster[5.5.987~1-eb8d0]:DecodeUtteranceLatticeFaster():decoder-wrappers.cc:375) Log-like per frame for utterance VIVOSDEV12-054 is -7.9944 over 486 frames.
VIVOSDEV12-056 tại chợ cá 
LOG (gmm-latgen-faster[5.5.987~1-eb8d0]:DecodeUtteranceLatticeFaster():decoder-wrappers.cc:375) Log-like per frame for utterance VIVOSDEV12-056 is -7.21688 over 295 frames.
VIVOSDEV12-057 không phải vì tôi không coi trọng chất lượng 
LOG (gmm-latgen-faster[5.5.987~1-eb8d0]:DecodeUtteranceLatticeFaster():decoder-wrappers.cc:375) Log-like per frame for utterance VIVOSDEV12-057 is -7.80061 over 429 frames.
VIVOSDEV12-065 thì đọc được hồi ký không thể chuộc lỗi trên báo tuổi trẻ 
LOG (gmm-latgen-faster[5.5.987~1-eb8d0]:DecodeUtteranceLatticeFaster():decoder-wrappers.cc:375) Log-like per frame for utterance VIVOSDEV12-065 is -8.27937 over 448 frames.
VIVOSDEV12-066 thiếu tướng phạm quý ngọ cho biết 
LOG (gmm-latgen-faster[5.5.987~1-eb8d0]:DecodeUtteranceLatticeFaster():decoder-wrappers.cc:375) Log-like per frame for utterance VIVOSDEV12-066 is -7.76629 over 336 frames.
VIVOSDEV12-068 không một chút trầy trụa mà đền cái gì 
LOG (gmm-latgen-faster[5.5.987~1-eb8d0]:DecodeUtteranceLatticeFaster():decoder-wrappers.cc:375) Log-like per frame for utterance VIVOSDEV12-068 is -7.87127 over 311 frames.
VIVOSDEV12-071 nó được đặt trong một hộp đựng trang sức bọc da đỏ 
LOG (gmm-latgen-faster[5.5.987~1-eb8d0]:DecodeUtteranceLatticeFaster():decoder-wrappers.cc:375) Log-like per frame for utterance VIVOSDEV12-071 is -8.13056 over 392 frames.
VIVOSDEV12-075 nhóm thanh long trẻ diễn tiểu phẩm hài hắc bạch tranh hùng 
LOG (gmm-latgen-faster[5.5.987~1-eb8d0]:DecodeUtteranceLatticeFaster():decoder-wrappers.cc:375) Log-like per frame for utterance VIVOSDEV12-075 is -7.76531 over 489 frames.
VIVOSDEV12-076 tớ đi kiếm nhà trọ rồi nhưng khó quá 
LOG (gmm-latgen-faster[5.5.987~1-eb8d0]:DecodeUtteranceLatticeFaster():decoder-wrappers.cc:375) Log-like per frame for utterance VIVOSDEV12-076 is -7.75525 over 354 frames.
VIVOSDEV12-079 xanh cỏ mượt mà ven đường 
LOG (gmm-latgen-faster[5.5.987~1-eb8d0]:DecodeUtteranceLatticeFaster():decoder-wrappers.cc:375) Log-like per frame for utterance VIVOSDEV12-079 is -7.52426 over 329 frames.
VIVOSDEV12-080 chính thức đã lây lan ra bên ngoài 
LOG (gmm-latgen-faster[5.5.987~1-eb8d0]:DecodeUtteranceLatticeFaster():decoder-wrappers.cc:375) Log-like per frame for utterance VIVOSDEV12-080 is -7.51954 over 351 frames.
VIVOSDEV12-100 phụ huynh và học sinh đang phải è cổ vì sách giá cao 
LOG (gmm-latgen-faster[5.5.987~1-eb8d0]:DecodeUtteranceLatticeFaster():decoder-wrappers.cc:375) Log-like per frame for utterance VIVOSDEV12-100 is -7.89208 over 479 frames.
VIVOSDEV12-101 khi chính phủ lúc đầu đề nghị ân xá cho những người nổi dậy 
LOG (gmm-latgen-faster[5.5.987~1-eb8d0]:DecodeUtteranceLatticeFaster():decoder-wrappers.cc:375) Log-like per frame for utterance VIVOSDEV12-101 is -8.04577 over 486 frames.
VIVOSDEV12-116 dưới ánh đèn mờ mờ ảo ảo 
LOG (gmm-latgen-faster[5.5.987~1-eb8d0]:DecodeUtteranceLatticeFaster():decoder-wrappers.cc:375) Log-like per frame for utterance VIVOSDEV12-116 is -7.80908 over 282 frames.
VIVOSDEV12-128 trong cuộc bỏ phiếu tại hội đồng bộ an hai ngày trước đó 
LOG (gmm-latgen-faster[5.5.987~1-eb8d0]:DecodeUtteranceLatticeFaster():decoder-wrappers.cc:375) Log-like per frame for utterance VIVOSDEV12-128 is -7.98332 over 395 frames.
VIVOSDEV12-132 hầu hết những vấn đề xảy ra trên thế giới 
LOG (gmm-latgen-faster[5.5.987~1-eb8d0]:DecodeUtteranceLatticeFaster():decoder-wrappers.cc:375) Log-like per frame for utterance VIVOSDEV12-132 is -8.04335 over 329 frames.
VIVOSDEV12-135 ông được nhiều người biết đến 
LOG (gmm-latgen-faster[5.5.987~1-eb8d0]:DecodeUtteranceLatticeFaster():decoder-wrappers.cc:375) Log-like per frame for utterance VIVOSDEV12-135 is -7.90683 over 248 frames.
VIVOSDEV12-144 trả lời tôi biết 
LOG (gmm-latgen-faster[5.5.987~1-eb8d0]:DecodeUtteranceLatticeFaster():decoder-wrappers.cc:375) Log-like per frame for utterance VIVOSDEV12-144 is -7.44297 over 204 frames.
VIVOSDEV12-166 ịch gã to béo ục ịch 
LOG (gmm-latgen-faster[5.5.987~1-eb8d0]:DecodeUtteranceLatticeFaster():decoder-wrappers.cc:375) Log-like per frame for utterance VIVOSDEV12-166 is -7.80126 over 267 frames.
VIVOSDEV12-169 áo rách lươm bươm 
LOG (gmm-latgen-faster[5.5.987~1-eb8d0]:DecodeUtteranceLatticeFaster():decoder-wrappers.cc:375) Log-like per frame for utterance VIVOSDEV12-169 is -7.71822 over 229 frames.
VIVOSDEV12-173 đôi với những phản ứng khác biệt đó 
LOG (gmm-latgen-faster[5.5.987~1-eb8d0]:DecodeUtteranceLatticeFaster():decoder-wrappers.cc:375) Log-like per frame for utterance VIVOSDEV12-173 is -8.20336 over 276 frames.
VIVOSDEV12-182 và đã hiến máu ba lần 
LOG (gmm-latgen-faster[5.5.987~1-eb8d0]:DecodeUtteranceLatticeFaster():decoder-wrappers.cc:375) Log-like per frame for utterance VIVOSDEV12-182 is -7.80015 over 254 frames.
VIVOSDEV12-186 tiếng hét đồng thanh của mấy chục con người 
LOG (gmm-latgen-faster[5.5.987~1-eb8d0]:DecodeUtteranceLatticeFaster():decoder-wrappers.cc:375) Log-like per frame for utterance VIVOSDEV12-186 is -7.92863 over 329 frames.
VIVOSDEV12-192 trang thứ hai của tờ báo 
LOG (gmm-latgen-faster[5.5.987~1-eb8d0]:DecodeUtteranceLatticeFaster():decoder-wrappers.cc:375) Log-like per frame for utterance VIVOSDEV12-192 is -7.74024 over 273 frames.
VIVOSDEV12-197 sau đó bà hàng xóm tính tình xởi lởi chạy qua kể với tôi 
LOG (gmm-latgen-faster[5.5.987~1-eb8d0]:DecodeUtteranceLatticeFaster():decoder-wrappers.cc:375) Log-like per frame for utterance VIVOSDEV12-197 is -8.19136 over 467 frames.
VIVOSDEV12-213 ba mươi hai ba mươi ba 
LOG (gmm-latgen-faster[5.5.987~1-eb8d0]:DecodeUtteranceLatticeFaster():decoder-wrappers.cc:375) Log-like per frame for utterance VIVOSDEV12-213 is -7.24802 over 282 frames.
VIVOSDEV12-223 năm mươi hai năm mươi ba 
LOG (gmm-latgen-faster[5.5.987~1-eb8d0]:DecodeUtteranceLatticeFaster():decoder-wrappers.cc:375) Log-like per frame for utterance VIVOSDEV12-223 is -7.52248 over 279 frames.
VIVOSDEV12-224 năm mươi bốn năm mươi lăm 
LOG (gmm-latgen-faster[5.5.987~1-eb8d0]:DecodeUtteranceLatticeFaster():decoder-wrappers.cc:375) Log-like per frame for utterance VIVOSDEV12-224 is -7.64665 over 279 frames.
VIVOSDEV12-227 sau mùi sáu mươi mốt 
LOG (gmm-latgen-faster[5.5.987~1-eb8d0]:DecodeUtteranceLatticeFaster():decoder-wrappers.cc:375) Log-like per frame for utterance VIVOSDEV12-227 is -7.70479 over 251 frames.
VIVOSDEV12-232 bảy mươi bảy mươi mốt 
LOG (gmm-latgen-faster[5.5.987~1-eb8d0]:DecodeUtteranceLatticeFaster():decoder-wrappers.cc:375) Log-like per frame for utterance VIVOSDEV12-232 is -7.69143 over 242 frames.
VIVOSDEV12-244 chín mươi bốn chín mươi lăm 
LOG (gmm-latgen-faster[5.5.987~1-eb8d0]:DecodeUtteranceLatticeFaster():decoder-wrappers.cc:375) Log-like per frame for utterance VIVOSDEV12-244 is -7.55098 over 267 frames.
LOG (apply-cmvn[5.5.987~1-eb8d0]:main():apply-cmvn.cc:162) Applied cepstral mean normalization to 40 utterances, errors on 0
VIVOSDEV12-248 một bà năm bảy chín 
LOG (gmm-latgen-faster[5.5.987~1-eb8d0]:DecodeUtteranceLatticeFaster():decoder-wrappers.cc:375) Log-like per frame for utterance VIVOSDEV12-248 is -7.30695 over 461 frames.
VIVOSDEV12-271 bà con rang trí cành đào để chuẩn bị đón tết 
LOG (gmm-latgen-faster[5.5.987~1-eb8d0]:DecodeUtteranceLatticeFaster():decoder-wrappers.cc:375) Log-like per frame for utterance VIVOSDEV12-271 is -7.89078 over 395 frames.
VIVOSDEV12-275 tôi không thấy gì là đúng khi tăng giá xe vào các dịp tết 
LOG (gmm-latgen-faster[5.5.987~1-eb8d0]:DecodeUtteranceLatticeFaster():decoder-wrappers.cc:375) Log-like per frame for utterance VIVOSDEV12-275 is -7.98237 over 457 frames.
VIVOSDEV12-280 du lịch sẽ trở thành ngành kinh tế mũi nhọn 
LOG (gmm-latgen-faster[5.5.987~1-eb8d0]:DecodeUtteranceLatticeFaster():decoder-wrappers.cc:375) Log-like per frame for utterance VIVOSDEV12-280 is -8.20115 over 311 frames.
VIVOSDEV12-290 từ khi chồng qua đời vì bệnh tật 
LOG (gmm-latgen-faster[5.5.987~1-eb8d0]:DecodeUtteranceLatticeFaster():decoder-wrappers.cc:375) Log-like per frame for utterance VIVOSDEV12-290 is -7.93882 over 373 frames.
LOG (gmm-latgen-faster[5.5.987~1-eb8d0]:main():gmm-latgen-faster.cc:176) Time taken 12.2006s: real-time factor assuming 100 frames/sec is 0.0887186
LOG (gmm-latgen-faster[5.5.987~1-eb8d0]:main():gmm-latgen-faster.cc:179) Done 40 utterances, failed for 0
LOG (gmm-latgen-faster[5.5.987~1-eb8d0]:main():gmm-latgen-faster.cc:181) Overall log-likelihood per frame is -7.81856 over 13752 frames.
# Accounting: time=12 threads=1
# Ended (code 0) at Fri Oct 29 08:11:41 +07 2021, elapsed time 12 seconds
