# gmm-latgen-faster --max-active=7000 --beam=13.0 --lattice-beam=6.0 --acoustic-scale=0.083333 --allow-partial=true --word-symbol-table=exp/tri2a/graph/words.txt exp/tri2a/final.mdl exp/tri2a/graph/HCLG.fst "ark,s,cs:apply-cmvn  --utt2spk=ark:data/test/split16/14/utt2spk scp:data/test/split16/14/cmvn.scp scp:data/test/split16/14/feats.scp ark:- | add-deltas  ark:- ark:- |" "ark:|gzip -c > exp/tri2a/decode/lat.14.gz" 
# Started at Fri Oct 29 08:11:29 +07 2021
#
gmm-latgen-faster --max-active=7000 --beam=13.0 --lattice-beam=6.0 --acoustic-scale=0.083333 --allow-partial=true --word-symbol-table=exp/tri2a/graph/words.txt exp/tri2a/final.mdl exp/tri2a/graph/HCLG.fst 'ark,s,cs:apply-cmvn  --utt2spk=ark:data/test/split16/14/utt2spk scp:data/test/split16/14/cmvn.scp scp:data/test/split16/14/feats.scp ark:- | add-deltas  ark:- ark:- |' 'ark:|gzip -c > exp/tri2a/decode/lat.14.gz' 
add-deltas ark:- ark:- 
apply-cmvn --utt2spk=ark:data/test/split16/14/utt2spk scp:data/test/split16/14/cmvn.scp scp:data/test/split16/14/feats.scp ark:- 
VIVOSDEV17-011 rồi mặc dù biết là ngớ ngẩn tôi cứ nói ra 
LOG (gmm-latgen-faster[5.5.987~1-eb8d0]:DecodeUtteranceLatticeFaster():decoder-wrappers.cc:375) Log-like per frame for utterance VIVOSDEV17-011 is -8.23156 over 404 frames.
VIVOSDEV17-024 kiến ông nguyễn văn bà bị gỗ đè dập sọ não chết ngay tại chỗ 
LOG (gmm-latgen-faster[5.5.987~1-eb8d0]:DecodeUtteranceLatticeFaster():decoder-wrappers.cc:375) Log-like per frame for utterance VIVOSDEV17-024 is -8.16749 over 570 frames.
VIVOSDEV17-032 mỗi người nở một nụ cười với những ý nghĩa khác nhau 
LOG (gmm-latgen-faster[5.5.987~1-eb8d0]:DecodeUtteranceLatticeFaster():decoder-wrappers.cc:375) Log-like per frame for utterance VIVOSDEV17-032 is -8.18458 over 432 frames.
VIVOSDEV17-043 do vậy sẽ ảnh hưởng tới việc thu sóng vô tuyến 
LOG (gmm-latgen-faster[5.5.987~1-eb8d0]:DecodeUtteranceLatticeFaster():decoder-wrappers.cc:375) Log-like per frame for utterance VIVOSDEV17-043 is -8.3827 over 360 frames.
VIVOSDEV17-048 phim chiếu nguyên bản tin pháp cô phụ đề tiếng việt 
LOG (gmm-latgen-faster[5.5.987~1-eb8d0]:DecodeUtteranceLatticeFaster():decoder-wrappers.cc:375) Log-like per frame for utterance VIVOSDEV17-048 is -8.38687 over 373 frames.
VIVOSDEV17-060 bỗng một sân là vùng tâm bỏ học có thể đi qua 
LOG (gmm-latgen-faster[5.5.987~1-eb8d0]:DecodeUtteranceLatticeFaster():decoder-wrappers.cc:375) Log-like per frame for utterance VIVOSDEV17-060 is -8.24298 over 345 frames.
VIVOSDEV17-062 sau một ngày lao động cắn bỏ bạn ưu tiên chọn 
LOG (gmm-latgen-faster[5.5.987~1-eb8d0]:DecodeUtteranceLatticeFaster():decoder-wrappers.cc:375) Log-like per frame for utterance VIVOSDEV17-062 is -8.52442 over 357 frames.
VIVOSDEV17-070 hà cũng chẳng nhớ mình có nói hay không để trả lại ông ấy 
LOG (gmm-latgen-faster[5.5.987~1-eb8d0]:DecodeUtteranceLatticeFaster():decoder-wrappers.cc:375) Log-like per frame for utterance VIVOSDEV17-070 is -8.53211 over 401 frames.
VIVOSDEV17-071 bản thân tôi cũng tham gia một phải cắt nhỏ nữa 
LOG (gmm-latgen-faster[5.5.987~1-eb8d0]:DecodeUtteranceLatticeFaster():decoder-wrappers.cc:375) Log-like per frame for utterance VIVOSDEV17-071 is -8.18268 over 370 frames.
VIVOSDEV17-077 hôm sau mở máy thấy cái truyện đã tự hoàn chỉnh rồi 
LOG (gmm-latgen-faster[5.5.987~1-eb8d0]:DecodeUtteranceLatticeFaster():decoder-wrappers.cc:375) Log-like per frame for utterance VIVOSDEV17-077 is -8.26918 over 423 frames.
VIVOSDEV17-090 bí giờ thì đáng được khen là thông minh chứ hả 
LOG (gmm-latgen-faster[5.5.987~1-eb8d0]:DecodeUtteranceLatticeFaster():decoder-wrappers.cc:375) Log-like per frame for utterance VIVOSDEV17-090 is -8.32748 over 351 frames.
VIVOSDEV17-099 chị tìm nhà cho em ở trọ ngay cổng trường chị học 
LOG (gmm-latgen-faster[5.5.987~1-eb8d0]:DecodeUtteranceLatticeFaster():decoder-wrappers.cc:375) Log-like per frame for utterance VIVOSDEV17-099 is -8.0329 over 457 frames.
VIVOSDEV17-100 đến đà lạt bạn phải chuẩn bị đôi chân để đi bộ 
LOG (gmm-latgen-faster[5.5.987~1-eb8d0]:DecodeUtteranceLatticeFaster():decoder-wrappers.cc:375) Log-like per frame for utterance VIVOSDEV17-100 is -8.21375 over 395 frames.
VIVOSDEV17-107 họ được bọn đầu nậu những tay trùm thuê với giá rẻ mạt 
LOG (gmm-latgen-faster[5.5.987~1-eb8d0]:DecodeUtteranceLatticeFaster():decoder-wrappers.cc:375) Log-like per frame for utterance VIVOSDEV17-107 is -8.18019 over 489 frames.
VIVOSDEV17-109 một bà sang trọng đến gặp bác sĩ trẻ khám bệnh bác sĩ họ 
LOG (gmm-latgen-faster[5.5.987~1-eb8d0]:DecodeUtteranceLatticeFaster():decoder-wrappers.cc:375) Log-like per frame for utterance VIVOSDEV17-109 is -8.63367 over 379 frames.
VIVOSDEV17-114 nhưng lực ngành thiết kế đồ họa đắt giá vật hay nghỉ 
LOG (gmm-latgen-faster[5.5.987~1-eb8d0]:DecodeUtteranceLatticeFaster():decoder-wrappers.cc:375) Log-like per frame for utterance VIVOSDEV17-114 is -8.56216 over 335 frames.
VIVOSDEV17-120 sau đó bản thân học sinh phải làm đơn xin học động 
LOG (gmm-latgen-faster[5.5.987~1-eb8d0]:DecodeUtteranceLatticeFaster():decoder-wrappers.cc:375) Log-like per frame for utterance VIVOSDEV17-120 is -8.41168 over 376 frames.
VIVOSDEV17-133 chỉ có thực phẩm mới giúp bạn làm được việc này 
LOG (gmm-latgen-faster[5.5.987~1-eb8d0]:DecodeUtteranceLatticeFaster():decoder-wrappers.cc:375) Log-like per frame for utterance VIVOSDEV17-133 is -8.22276 over 360 frames.
VIVOSDEV17-147 với các dát màu cà phê sữa không còn điều trị 
LOG (gmm-latgen-faster[5.5.987~1-eb8d0]:DecodeUtteranceLatticeFaster():decoder-wrappers.cc:375) Log-like per frame for utterance VIVOSDEV17-147 is -8.28466 over 367 frames.
VIVOSDEV17-169 họ bảo tôi giống như người hàn thì tôi lại thấy hỏi dong ngồi việt 
LOG (gmm-latgen-faster[5.5.987~1-eb8d0]:DecodeUtteranceLatticeFaster():decoder-wrappers.cc:375) Log-like per frame for utterance VIVOSDEV17-169 is -8.10928 over 485 frames.
VIVOSDEV17-170 và đội tuyển pháp đang là đội chiếm ưu thế hơn so với thụy sĩ 
LOG (gmm-latgen-faster[5.5.987~1-eb8d0]:DecodeUtteranceLatticeFaster():decoder-wrappers.cc:375) Log-like per frame for utterance VIVOSDEV17-170 is -8.54744 over 382 frames.
VIVOSDEV17-173 trình độ chuyên môn của cô khiến cô quá thừa tư cách 
LOG (gmm-latgen-faster[5.5.987~1-eb8d0]:DecodeUtteranceLatticeFaster():decoder-wrappers.cc:375) Log-like per frame for utterance VIVOSDEV17-173 is -8.6738 over 323 frames.
VIVOSDEV17-181 những câu hỏi cho sẽ giúp bạn làm được điều này 
LOG (gmm-latgen-faster[5.5.987~1-eb8d0]:DecodeUtteranceLatticeFaster():decoder-wrappers.cc:375) Log-like per frame for utterance VIVOSDEV17-181 is -8.11761 over 385 frames.
VIVOSDEV17-189 vẫn còn nhưng bạn không dám chắc họ có hạnh phúc hay không 
LOG (gmm-latgen-faster[5.5.987~1-eb8d0]:DecodeUtteranceLatticeFaster():decoder-wrappers.cc:375) Log-like per frame for utterance VIVOSDEV17-189 is -8.20886 over 498 frames.
VIVOSDEV17-192 đó cũng là sự tiếp xúc gần gũi nhất của bọn em 
LOG (gmm-latgen-faster[5.5.987~1-eb8d0]:DecodeUtteranceLatticeFaster():decoder-wrappers.cc:375) Log-like per frame for utterance VIVOSDEV17-192 is -8.19405 over 404 frames.
VIVOSDEV17-204 em hãy tỉnh táo mà tìm những định hướng tốt hơn cho tương lai 
LOG (gmm-latgen-faster[5.5.987~1-eb8d0]:DecodeUtteranceLatticeFaster():decoder-wrappers.cc:375) Log-like per frame for utterance VIVOSDEV17-204 is -8.44468 over 460 frames.
VIVOSDEV17-208 nhưng chẳng có điểm sản xuất nào dùng bạt phủ che chắn 
LOG (gmm-latgen-faster[5.5.987~1-eb8d0]:DecodeUtteranceLatticeFaster():decoder-wrappers.cc:375) Log-like per frame for utterance VIVOSDEV17-208 is -8.0064 over 510 frames.
VIVOSDEV17-212 có mấy người đụng phải nó suýt ngã chúi xuống đường 
LOG (gmm-latgen-faster[5.5.987~1-eb8d0]:DecodeUtteranceLatticeFaster():decoder-wrappers.cc:375) Log-like per frame for utterance VIVOSDEV17-212 is -8.26769 over 467 frames.
VIVOSDEV17-213 đoàn đi thuyền đến một khu làng dân tộc thiểu số 
LOG (gmm-latgen-faster[5.5.987~1-eb8d0]:DecodeUtteranceLatticeFaster():decoder-wrappers.cc:375) Log-like per frame for utterance VIVOSDEV17-213 is -8.17867 over 401 frames.
VIVOSDEV17-217 thì hợp đồng thế chấp này cũng không có giá trị pháp lý 
LOG (gmm-latgen-faster[5.5.987~1-eb8d0]:DecodeUtteranceLatticeFaster():decoder-wrappers.cc:375) Log-like per frame for utterance VIVOSDEV17-217 is -7.98003 over 592 frames.
VIVOSDEV17-239 ba tôi hãnh diện nói chuyện với số học sinh cũng lên xe đỏ 
LOG (gmm-latgen-faster[5.5.987~1-eb8d0]:DecodeUtteranceLatticeFaster():decoder-wrappers.cc:375) Log-like per frame for utterance VIVOSDEV17-239 is -7.92568 over 517 frames.
VIVOSDEV17-241 một anh trai tuấn đang ngồi tù vì tội giết người 
LOG (gmm-latgen-faster[5.5.987~1-eb8d0]:DecodeUtteranceLatticeFaster():decoder-wrappers.cc:375) Log-like per frame for utterance VIVOSDEV17-241 is -8.0362 over 389 frames.
VIVOSDEV17-245 được bày trên những bệ thờ bên cạnh những bó sen hệ thống phúc 
LOG (gmm-latgen-faster[5.5.987~1-eb8d0]:DecodeUtteranceLatticeFaster():decoder-wrappers.cc:375) Log-like per frame for utterance VIVOSDEV17-245 is -8.02635 over 529 frames.
VIVOSDEV17-254 các nước sau đây sẽ giúp bạn tìm đáp ứng cử viên thích hợp 
LOG (gmm-latgen-faster[5.5.987~1-eb8d0]:DecodeUtteranceLatticeFaster():decoder-wrappers.cc:375) Log-like per frame for utterance VIVOSDEV17-254 is -8.12574 over 479 frames.
VIVOSDEV17-268 vì chúng có thể làm răng của bạn dễ bị ố vàng 
LOG (gmm-latgen-faster[5.5.987~1-eb8d0]:DecodeUtteranceLatticeFaster():decoder-wrappers.cc:375) Log-like per frame for utterance VIVOSDEV17-268 is -8.2586 over 407 frames.
LOG (apply-cmvn[5.5.987~1-eb8d0]:main():apply-cmvn.cc:162) Applied cepstral mean normalization to 40 utterances, errors on 0
VIVOSDEV17-271 giải nhất huy chương vàng thuộc về nhà nhiếp ảnh của cộng hoà xét 
LOG (gmm-latgen-faster[5.5.987~1-eb8d0]:DecodeUtteranceLatticeFaster():decoder-wrappers.cc:375) Log-like per frame for utterance VIVOSDEV17-271 is -8.14294 over 545 frames.
VIVOSDEV17-285 để xin thị thực công tác về cơ bản bạn phải có 
LOG (gmm-latgen-faster[5.5.987~1-eb8d0]:DecodeUtteranceLatticeFaster():decoder-wrappers.cc:375) Log-like per frame for utterance VIVOSDEV17-285 is -8.01465 over 423 frames.
VIVOSDEV17-288 tôi nắm bàn tay xưa ba tôi từng thương tôi đau xót cầm giữ 
LOG (gmm-latgen-faster[5.5.987~1-eb8d0]:DecodeUtteranceLatticeFaster():decoder-wrappers.cc:375) Log-like per frame for utterance VIVOSDEV17-288 is -8.1375 over 526 frames.
VIVOSDEV17-297 trong dòng thác người chỉ nhìn được mắt kính và khổ chánh 
LOG (gmm-latgen-faster[5.5.987~1-eb8d0]:DecodeUtteranceLatticeFaster():decoder-wrappers.cc:375) Log-like per frame for utterance VIVOSDEV17-297 is -8.1973 over 429 frames.
VIVOSDEV17-299 khai mạc triển lãm quy mô lớn về tranh sơn mài việt nam 
LOG (gmm-latgen-faster[5.5.987~1-eb8d0]:DecodeUtteranceLatticeFaster():decoder-wrappers.cc:375) Log-like per frame for utterance VIVOSDEV17-299 is -8.52628 over 360 frames.
LOG (gmm-latgen-faster[5.5.987~1-eb8d0]:main():gmm-latgen-faster.cc:176) Time taken 26.2802s: real-time factor assuming 100 frames/sec is 0.154091
LOG (gmm-latgen-faster[5.5.987~1-eb8d0]:main():gmm-latgen-faster.cc:179) Done 40 utterances, failed for 0
LOG (gmm-latgen-faster[5.5.987~1-eb8d0]:main():gmm-latgen-faster.cc:181) Overall log-likelihood per frame is -8.23295 over 17055 frames.
# Accounting: time=26 threads=1
# Ended (code 0) at Fri Oct 29 08:11:55 +07 2021, elapsed time 26 seconds
