# lattice-depth-per-frame "ark:gunzip -c exp/tri2a/decode/lat.7.gz|" "ark,t:|gzip -c > exp/tri2a/decode/depth_tmp.7.gz" ark:- | lattice-best-path --acoustic-scale=0.1 ark:- ark:/dev/null "ark,t:|gzip -c >exp/tri2a/decode/ali_tmp.7.gz" 
# Started at Fri Oct 29 08:12:16 +07 2021
#
lattice-best-path --acoustic-scale=0.1 ark:- ark:/dev/null 'ark,t:|gzip -c >exp/tri2a/decode/ali_tmp.7.gz' 
lattice-depth-per-frame 'ark:gunzip -c exp/tri2a/decode/lat.7.gz|' 'ark,t:|gzip -c > exp/tri2a/decode/depth_tmp.7.gz' ark:- 
LOG (lattice-best-path[5.5.987~1-eb8d0]:main():lattice-best-path.cc:99) For utterance VIVOSDEV09-015, best cost 58.3449 + 3201.24 = 3259.58 over 329 frames.
LOG (lattice-best-path[5.5.987~1-eb8d0]:main():lattice-best-path.cc:99) For utterance VIVOSDEV09-022, best cost 44.8026 + 2293.98 = 2338.78 over 236 frames.
LOG (lattice-best-path[5.5.987~1-eb8d0]:main():lattice-best-path.cc:99) For utterance VIVOSDEV09-029, best cost 62.0782 + 2197.96 = 2260.04 over 229 frames.
LOG (lattice-best-path[5.5.987~1-eb8d0]:main():lattice-best-path.cc:99) For utterance VIVOSDEV09-035, best cost 61.8775 + 3003.59 = 3065.47 over 307 frames.
LOG (lattice-best-path[5.5.987~1-eb8d0]:main():lattice-best-path.cc:99) For utterance VIVOSDEV09-038, best cost 67.5254 + 3482.5 = 3550.02 over 370 frames.
LOG (lattice-best-path[5.5.987~1-eb8d0]:main():lattice-best-path.cc:99) For utterance VIVOSDEV09-039, best cost 79.7358 + 3209.77 = 3289.5 over 342 frames.
LOG (lattice-best-path[5.5.987~1-eb8d0]:main():lattice-best-path.cc:99) For utterance VIVOSDEV09-041, best cost 73.1025 + 3045.08 = 3118.18 over 311 frames.
LOG (lattice-best-path[5.5.987~1-eb8d0]:main():lattice-best-path.cc:99) For utterance VIVOSDEV09-047, best cost 101.631 + 4034.33 = 4135.97 over 429 frames.
LOG (lattice-best-path[5.5.987~1-eb8d0]:main():lattice-best-path.cc:99) For utterance VIVOSDEV09-055, best cost 87.8211 + 3247.95 = 3335.77 over 342 frames.
LOG (lattice-best-path[5.5.987~1-eb8d0]:main():lattice-best-path.cc:99) For utterance VIVOSDEV09-077, best cost 79.2586 + 2817.21 = 2896.47 over 282 frames.
LOG (lattice-best-path[5.5.987~1-eb8d0]:main():lattice-best-path.cc:99) For utterance VIVOSDEV09-081, best cost 50.2232 + 2223.13 = 2273.36 over 229 frames.
LOG (lattice-best-path[5.5.987~1-eb8d0]:main():lattice-best-path.cc:99) For utterance VIVOSDEV09-083, best cost 63.3691 + 2308.91 = 2372.28 over 242 frames.
LOG (lattice-best-path[5.5.987~1-eb8d0]:main():lattice-best-path.cc:99) For utterance VIVOSDEV09-091, best cost 39.3763 + 1741.97 = 1781.35 over 189 frames.
LOG (lattice-best-path[5.5.987~1-eb8d0]:main():lattice-best-path.cc:99) For utterance VIVOSDEV09-098, best cost 68.5071 + 3371.7 = 3440.21 over 367 frames.
LOG (lattice-best-path[5.5.987~1-eb8d0]:main():lattice-best-path.cc:99) For utterance VIVOSDEV09-106, best cost 43.36 + 1878.87 = 1922.23 over 198 frames.
LOG (lattice-best-path[5.5.987~1-eb8d0]:main():lattice-best-path.cc:99) For utterance VIVOSDEV09-110, best cost 67.0604 + 3299.03 = 3366.09 over 361 frames.
LOG (lattice-best-path[5.5.987~1-eb8d0]:main():lattice-best-path.cc:99) For utterance VIVOSDEV09-134, best cost 67.0698 + 3025.02 = 3092.09 over 317 frames.
LOG (lattice-best-path[5.5.987~1-eb8d0]:main():lattice-best-path.cc:99) For utterance VIVOSDEV09-139, best cost 97.1313 + 3388.11 = 3485.24 over 348 frames.
LOG (lattice-best-path[5.5.987~1-eb8d0]:main():lattice-best-path.cc:99) For utterance VIVOSDEV09-142, best cost 67.9014 + 3544 = 3611.9 over 386 frames.
LOG (lattice-best-path[5.5.987~1-eb8d0]:main():lattice-best-path.cc:99) For utterance VIVOSDEV09-144, best cost 94.2726 + 3802.58 = 3896.85 over 392 frames.
LOG (lattice-best-path[5.5.987~1-eb8d0]:main():lattice-best-path.cc:99) For utterance VIVOSDEV09-158, best cost 70.8522 + 3428.19 = 3499.04 over 354 frames.
LOG (lattice-best-path[5.5.987~1-eb8d0]:main():lattice-best-path.cc:99) For utterance VIVOSDEV09-159, best cost 108.484 + 4108.21 = 4216.69 over 429 frames.
LOG (lattice-best-path[5.5.987~1-eb8d0]:main():lattice-best-path.cc:99) For utterance VIVOSDEV09-163, best cost 83.1573 + 3987.14 = 4070.3 over 429 frames.
LOG (lattice-best-path[5.5.987~1-eb8d0]:main():lattice-best-path.cc:99) For utterance VIVOSDEV09-166, best cost 98.5884 + 3976.92 = 4075.51 over 423 frames.
LOG (lattice-best-path[5.5.987~1-eb8d0]:main():lattice-best-path.cc:99) For utterance VIVOSDEV09-168, best cost 72.1916 + 3720.37 = 3792.56 over 411 frames.
LOG (lattice-best-path[5.5.987~1-eb8d0]:main():lattice-best-path.cc:99) For utterance VIVOSDEV09-178, best cost 67.6444 + 2801.33 = 2868.97 over 298 frames.
LOG (lattice-best-path[5.5.987~1-eb8d0]:main():lattice-best-path.cc:99) For utterance VIVOSDEV09-194, best cost 55.5193 + 2975.37 = 3030.89 over 326 frames.
LOG (lattice-best-path[5.5.987~1-eb8d0]:main():lattice-best-path.cc:99) For utterance VIVOSDEV09-198, best cost 94.2997 + 3262.5 = 3356.79 over 345 frames.
LOG (lattice-best-path[5.5.987~1-eb8d0]:main():lattice-best-path.cc:99) For utterance VIVOSDEV09-203, best cost 31.6296 + 2400.01 = 2431.64 over 273 frames.
LOG (lattice-best-path[5.5.987~1-eb8d0]:main():lattice-best-path.cc:99) For utterance VIVOSDEV09-204, best cost 57.5078 + 2591.63 = 2649.14 over 301 frames.
LOG (lattice-depth-per-frame[5.5.987~1-eb8d0]:main():lattice-depth-per-frame.cc:82) Done 40 lattices.
LOG (lattice-best-path[5.5.987~1-eb8d0]:main():lattice-best-path.cc:99) For utterance VIVOSDEV09-222, best cost 41.977 + 2731.95 = 2773.93 over 317 frames.
LOG (lattice-best-path[5.5.987~1-eb8d0]:main():lattice-best-path.cc:99) For utterance VIVOSDEV09-246, best cost 52.8622 + 1862.51 = 1915.37 over 201 frames.
LOG (lattice-best-path[5.5.987~1-eb8d0]:main():lattice-best-path.cc:99) For utterance VIVOSDEV09-267, best cost 29.4513 + 2881.32 = 2910.77 over 317 frames.
LOG (lattice-best-path[5.5.987~1-eb8d0]:main():lattice-best-path.cc:99) For utterance VIVOSDEV09-268, best cost 32.6397 + 3249.02 = 3281.66 over 357 frames.
LOG (lattice-best-path[5.5.987~1-eb8d0]:main():lattice-best-path.cc:99) For utterance VIVOSDEV09-280, best cost 28.0968 + 2724.93 = 2753.03 over 317 frames.
LOG (lattice-best-path[5.5.987~1-eb8d0]:main():lattice-best-path.cc:99) For utterance VIVOSDEV09-286, best cost 25.2358 + 1415.23 = 1440.46 over 148 frames.
LOG (lattice-best-path[5.5.987~1-eb8d0]:main():lattice-best-path.cc:99) For utterance VIVOSDEV09-288, best cost 50.876 + 3013.6 = 3064.47 over 311 frames.
LOG (lattice-best-path[5.5.987~1-eb8d0]:main():lattice-best-path.cc:99) For utterance VIVOSDEV09-289, best cost 60.3016 + 4058.36 = 4118.66 over 423 frames.
LOG (lattice-best-path[5.5.987~1-eb8d0]:main():lattice-best-path.cc:99) For utterance VIVOSDEV09-293, best cost 31.0845 + 2195.49 = 2226.57 over 223 frames.
LOG (lattice-best-path[5.5.987~1-eb8d0]:main():lattice-best-path.cc:99) For utterance VIVOSDEV09-297, best cost 28.7179 + 1920.65 = 1949.37 over 217 frames.
LOG (lattice-best-path[5.5.987~1-eb8d0]:main():lattice-best-path.cc:124) Overall cost per frame is 9.57684 = 0.197653 [graph] + 9.37919 [acoustic] over 12626 frames.
LOG (lattice-best-path[5.5.987~1-eb8d0]:main():lattice-best-path.cc:128) Done 40 lattices, failed for 0
# Accounting: time=0 threads=1
# Ended (code 0) at Fri Oct 29 08:12:16 +07 2021, elapsed time 0 seconds
