# lattice-depth-per-frame "ark:gunzip -c exp/tri2a/decode/lat.11.gz|" "ark,t:|gzip -c > exp/tri2a/decode/depth_tmp.11.gz" ark:- | lattice-best-path --acoustic-scale=0.1 ark:- ark:/dev/null "ark,t:|gzip -c >exp/tri2a/decode/ali_tmp.11.gz" 
# Started at Fri Oct 29 08:12:16 +07 2021
#
lattice-depth-per-frame 'ark:gunzip -c exp/tri2a/decode/lat.11.gz|' 'ark,t:|gzip -c > exp/tri2a/decode/depth_tmp.11.gz' ark:- 
lattice-best-path --acoustic-scale=0.1 ark:- ark:/dev/null 'ark,t:|gzip -c >exp/tri2a/decode/ali_tmp.11.gz' 
LOG (lattice-best-path[5.5.987~1-eb8d0]:main():lattice-best-path.cc:99) For utterance VIVOSDEV13-019, best cost 100.398 + 3752.5 = 3852.9 over 410 frames.
LOG (lattice-best-path[5.5.987~1-eb8d0]:main():lattice-best-path.cc:99) For utterance VIVOSDEV13-026, best cost 101.85 + 3901.8 = 4003.65 over 417 frames.
LOG (lattice-best-path[5.5.987~1-eb8d0]:main():lattice-best-path.cc:99) For utterance VIVOSDEV13-054, best cost 110.089 + 5171.57 = 5281.66 over 560 frames.
LOG (lattice-best-path[5.5.987~1-eb8d0]:main():lattice-best-path.cc:99) For utterance VIVOSDEV13-058, best cost 108.52 + 3974.74 = 4083.26 over 432 frames.
LOG (lattice-best-path[5.5.987~1-eb8d0]:main():lattice-best-path.cc:99) For utterance VIVOSDEV13-061, best cost 105.483 + 3614.75 = 3720.24 over 410 frames.
LOG (lattice-best-path[5.5.987~1-eb8d0]:main():lattice-best-path.cc:99) For utterance VIVOSDEV13-069, best cost 113.635 + 4745.41 = 4859.05 over 498 frames.
LOG (lattice-best-path[5.5.987~1-eb8d0]:main():lattice-best-path.cc:99) For utterance VIVOSDEV13-075, best cost 93.751 + 4016.21 = 4109.96 over 435 frames.
LOG (lattice-best-path[5.5.987~1-eb8d0]:main():lattice-best-path.cc:99) For utterance VIVOSDEV13-078, best cost 100.053 + 4363.11 = 4463.17 over 454 frames.
LOG (lattice-best-path[5.5.987~1-eb8d0]:main():lattice-best-path.cc:99) For utterance VIVOSDEV13-088, best cost 108.157 + 4652.11 = 4760.27 over 501 frames.
LOG (lattice-best-path[5.5.987~1-eb8d0]:main():lattice-best-path.cc:99) For utterance VIVOSDEV13-089, best cost 149.987 + 5856.63 = 6006.61 over 642 frames.
LOG (lattice-best-path[5.5.987~1-eb8d0]:main():lattice-best-path.cc:99) For utterance VIVOSDEV13-097, best cost 124.997 + 6652.94 = 6777.94 over 735 frames.
LOG (lattice-best-path[5.5.987~1-eb8d0]:main():lattice-best-path.cc:99) For utterance VIVOSDEV13-098, best cost 85.0686 + 3865.01 = 3950.08 over 423 frames.
LOG (lattice-best-path[5.5.987~1-eb8d0]:main():lattice-best-path.cc:99) For utterance VIVOSDEV13-104, best cost 94.2202 + 4006.14 = 4100.36 over 435 frames.
LOG (lattice-best-path[5.5.987~1-eb8d0]:main():lattice-best-path.cc:99) For utterance VIVOSDEV13-105, best cost 137.463 + 6915.17 = 7052.63 over 782 frames.
LOG (lattice-best-path[5.5.987~1-eb8d0]:main():lattice-best-path.cc:99) For utterance VIVOSDEV13-106, best cost 93.7621 + 4169.07 = 4262.83 over 454 frames.
LOG (lattice-best-path[5.5.987~1-eb8d0]:main():lattice-best-path.cc:99) For utterance VIVOSDEV13-136, best cost 109.171 + 3900.48 = 4009.65 over 423 frames.
LOG (lattice-best-path[5.5.987~1-eb8d0]:main():lattice-best-path.cc:99) For utterance VIVOSDEV13-137, best cost 88.2472 + 2992.47 = 3080.72 over 323 frames.
LOG (lattice-best-path[5.5.987~1-eb8d0]:main():lattice-best-path.cc:99) For utterance VIVOSDEV13-139, best cost 113.974 + 3915.55 = 4029.52 over 410 frames.
LOG (lattice-best-path[5.5.987~1-eb8d0]:main():lattice-best-path.cc:99) For utterance VIVOSDEV13-146, best cost 137.446 + 4571.76 = 4709.21 over 510 frames.
LOG (lattice-best-path[5.5.987~1-eb8d0]:main():lattice-best-path.cc:99) For utterance VIVOSDEV13-147, best cost 98.4322 + 4184.85 = 4283.28 over 457 frames.
LOG (lattice-best-path[5.5.987~1-eb8d0]:main():lattice-best-path.cc:99) For utterance VIVOSDEV13-150, best cost 96.8612 + 3706.57 = 3803.43 over 410 frames.
LOG (lattice-best-path[5.5.987~1-eb8d0]:main():lattice-best-path.cc:99) For utterance VIVOSDEV13-164, best cost 78.5836 + 3374.68 = 3453.27 over 364 frames.
LOG (lattice-best-path[5.5.987~1-eb8d0]:main():lattice-best-path.cc:99) For utterance VIVOSDEV13-167, best cost 72.9188 + 3450.8 = 3523.72 over 382 frames.
LOG (lattice-best-path[5.5.987~1-eb8d0]:main():lattice-best-path.cc:99) For utterance VIVOSDEV13-210, best cost 63.0567 + 3156.46 = 3219.52 over 329 frames.
LOG (lattice-best-path[5.5.987~1-eb8d0]:main():lattice-best-path.cc:99) For utterance VIVOSDEV13-211, best cost 82.5735 + 3392.6 = 3475.18 over 367 frames.
LOG (lattice-best-path[5.5.987~1-eb8d0]:main():lattice-best-path.cc:99) For utterance VIVOSDEV13-222, best cost 86.2611 + 3517.22 = 3603.48 over 370 frames.
LOG (lattice-best-path[5.5.987~1-eb8d0]:main():lattice-best-path.cc:99) For utterance VIVOSDEV13-225, best cost 125.827 + 3436.57 = 3562.39 over 367 frames.
LOG (lattice-best-path[5.5.987~1-eb8d0]:main():lattice-best-path.cc:99) For utterance VIVOSDEV13-226, best cost 90.725 + 3396.92 = 3487.65 over 357 frames.
LOG (lattice-best-path[5.5.987~1-eb8d0]:main():lattice-best-path.cc:99) For utterance VIVOSDEV13-227, best cost 83.1589 + 3089 = 3172.16 over 323 frames.
LOG (lattice-best-path[5.5.987~1-eb8d0]:main():lattice-best-path.cc:99) For utterance VIVOSDEV13-230, best cost 91.223 + 3922.42 = 4013.64 over 417 frames.
LOG (lattice-best-path[5.5.987~1-eb8d0]:main():lattice-best-path.cc:99) For utterance VIVOSDEV13-239, best cost 90.5966 + 2883.14 = 2973.74 over 310 frames.
LOG (lattice-best-path[5.5.987~1-eb8d0]:main():lattice-best-path.cc:99) For utterance VIVOSDEV13-241, best cost 78.5994 + 2492.86 = 2571.46 over 260 frames.
LOG (lattice-best-path[5.5.987~1-eb8d0]:main():lattice-best-path.cc:99) For utterance VIVOSDEV13-252, best cost 104.414 + 3649.18 = 3753.59 over 392 frames.
LOG (lattice-best-path[5.5.987~1-eb8d0]:main():lattice-best-path.cc:99) For utterance VIVOSDEV13-255, best cost 117.357 + 3752.66 = 3870.01 over 410 frames.
LOG (lattice-best-path[5.5.987~1-eb8d0]:main():lattice-best-path.cc:99) For utterance VIVOSDEV13-257, best cost 91.6973 + 3271.15 = 3362.84 over 354 frames.
LOG (lattice-best-path[5.5.987~1-eb8d0]:main():lattice-best-path.cc:99) For utterance VIVOSDEV13-258, best cost 92.0733 + 3005.97 = 3098.04 over 317 frames.
LOG (lattice-best-path[5.5.987~1-eb8d0]:main():lattice-best-path.cc:99) For utterance VIVOSDEV13-263, best cost 104.766 + 2944.59 = 3049.35 over 317 frames.
LOG (lattice-best-path[5.5.987~1-eb8d0]:main():lattice-best-path.cc:99) For utterance VIVOSDEV13-267, best cost 90.6504 + 3656.71 = 3747.36 over 392 frames.
LOG (lattice-best-path[5.5.987~1-eb8d0]:main():lattice-best-path.cc:99) For utterance VIVOSDEV13-276, best cost 72.0995 + 2863.06 = 2935.16 over 310 frames.
LOG (lattice-best-path[5.5.987~1-eb8d0]:main():lattice-best-path.cc:99) For utterance VIVOSDEV13-277, best cost 96.9465 + 3777.87 = 3874.81 over 395 frames.
LOG (lattice-best-path[5.5.987~1-eb8d0]:main():lattice-best-path.cc:99) For utterance VIVOSDEV14-018, best cost 107.592 + 2870.7 = 2978.29 over 310 frames.
LOG (lattice-best-path[5.5.987~1-eb8d0]:main():lattice-best-path.cc:99) For utterance VIVOSDEV14-022, best cost 85.4841 + 2833.72 = 2919.21 over 298 frames.
LOG (lattice-best-path[5.5.987~1-eb8d0]:main():lattice-best-path.cc:99) For utterance VIVOSDEV14-027, best cost 120.97 + 4585.23 = 4706.2 over 504 frames.
LOG (lattice-best-path[5.5.987~1-eb8d0]:main():lattice-best-path.cc:99) For utterance VIVOSDEV14-035, best cost 86.3071 + 3075.99 = 3162.3 over 329 frames.
LOG (lattice-best-path[5.5.987~1-eb8d0]:main():lattice-best-path.cc:99) For utterance VIVOSDEV14-079, best cost 79.214 + 3059.19 = 3138.4 over 335 frames.
LOG (lattice-best-path[5.5.987~1-eb8d0]:main():lattice-best-path.cc:99) For utterance VIVOSDEV14-080, best cost 91.7255 + 3666.44 = 3758.17 over 410 frames.
LOG (lattice-best-path[5.5.987~1-eb8d0]:main():lattice-best-path.cc:99) For utterance VIVOSDEV14-085, best cost 124.194 + 4334.8 = 4458.99 over 479 frames.
LOG (lattice-best-path[5.5.987~1-eb8d0]:main():lattice-best-path.cc:99) For utterance VIVOSDEV14-086, best cost 90.2909 + 2962.31 = 3052.6 over 317 frames.
LOG (lattice-best-path[5.5.987~1-eb8d0]:main():lattice-best-path.cc:99) For utterance VIVOSDEV14-093, best cost 116.034 + 3987.43 = 4103.47 over 435 frames.
LOG (lattice-best-path[5.5.987~1-eb8d0]:main():lattice-best-path.cc:99) For utterance VIVOSDEV14-104, best cost 88.7449 + 3989.94 = 4078.69 over 432 frames.
LOG (lattice-best-path[5.5.987~1-eb8d0]:main():lattice-best-path.cc:99) For utterance VIVOSDEV14-108, best cost 87.6115 + 2781.24 = 2868.85 over 289 frames.
LOG (lattice-best-path[5.5.987~1-eb8d0]:main():lattice-best-path.cc:99) For utterance VIVOSDEV14-113, best cost 98.2963 + 3045.03 = 3143.33 over 332 frames.
LOG (lattice-best-path[5.5.987~1-eb8d0]:main():lattice-best-path.cc:99) For utterance VIVOSDEV14-114, best cost 76.454 + 3255.21 = 3331.66 over 342 frames.
LOG (lattice-best-path[5.5.987~1-eb8d0]:main():lattice-best-path.cc:99) For utterance VIVOSDEV14-115, best cost 110.301 + 3619.39 = 3729.69 over 410 frames.
LOG (lattice-best-path[5.5.987~1-eb8d0]:main():lattice-best-path.cc:99) For utterance VIVOSDEV14-116, best cost 82.256 + 2700.33 = 2782.58 over 285 frames.
LOG (lattice-best-path[5.5.987~1-eb8d0]:main():lattice-best-path.cc:99) For utterance VIVOSDEV14-123, best cost 87.3548 + 2858.87 = 2946.23 over 310 frames.
LOG (lattice-best-path[5.5.987~1-eb8d0]:main():lattice-best-path.cc:99) For utterance VIVOSDEV14-134, best cost 114.917 + 3634.09 = 3749 over 385 frames.
LOG (lattice-best-path[5.5.987~1-eb8d0]:main():lattice-best-path.cc:99) For utterance VIVOSDEV14-140, best cost 100.55 + 3307.12 = 3407.67 over 348 frames.
LOG (lattice-best-path[5.5.987~1-eb8d0]:main():lattice-best-path.cc:99) For utterance VIVOSDEV14-145, best cost 74.6545 + 2499.16 = 2573.82 over 267 frames.
LOG (lattice-best-path[5.5.987~1-eb8d0]:main():lattice-best-path.cc:99) For utterance VIVOSDEV14-151, best cost 76.0346 + 2922.98 = 2999.01 over 307 frames.
LOG (lattice-best-path[5.5.987~1-eb8d0]:main():lattice-best-path.cc:99) For utterance VIVOSDEV14-156, best cost 90.8578 + 2901.06 = 2991.92 over 307 frames.
LOG (lattice-best-path[5.5.987~1-eb8d0]:main():lattice-best-path.cc:99) For utterance VIVOSDEV14-163, best cost 94.2976 + 3020.79 = 3115.09 over 310 frames.
LOG (lattice-best-path[5.5.987~1-eb8d0]:main():lattice-best-path.cc:99) For utterance VIVOSDEV14-180, best cost 87.3574 + 2669.18 = 2756.54 over 285 frames.
LOG (lattice-best-path[5.5.987~1-eb8d0]:main():lattice-best-path.cc:99) For utterance VIVOSDEV14-186, best cost 75.5217 + 2612.26 = 2687.78 over 279 frames.
LOG (lattice-best-path[5.5.987~1-eb8d0]:main():lattice-best-path.cc:99) For utterance VIVOSDEV14-191, best cost 105.599 + 4109.54 = 4215.14 over 448 frames.
LOG (lattice-best-path[5.5.987~1-eb8d0]:main():lattice-best-path.cc:99) For utterance VIVOSDEV14-194, best cost 88.7093 + 2607.76 = 2696.47 over 273 frames.
LOG (lattice-best-path[5.5.987~1-eb8d0]:main():lattice-best-path.cc:99) For utterance VIVOSDEV14-195, best cost 87.5979 + 4775.63 = 4863.23 over 542 frames.
LOG (lattice-best-path[5.5.987~1-eb8d0]:main():lattice-best-path.cc:99) For utterance VIVOSDEV14-199, best cost 79.0982 + 2930.18 = 3009.28 over 304 frames.
LOG (lattice-best-path[5.5.987~1-eb8d0]:main():lattice-best-path.cc:99) For utterance VIVOSDEV14-225, best cost 95.1793 + 3835.25 = 3930.43 over 423 frames.
LOG (lattice-best-path[5.5.987~1-eb8d0]:main():lattice-best-path.cc:99) For utterance VIVOSDEV14-227, best cost 98.2492 + 2907.25 = 3005.49 over 317 frames.
LOG (lattice-best-path[5.5.987~1-eb8d0]:main():lattice-best-path.cc:99) For utterance VIVOSDEV14-235, best cost 85.981 + 3195.24 = 3281.22 over 335 frames.
LOG (lattice-best-path[5.5.987~1-eb8d0]:main():lattice-best-path.cc:99) For utterance VIVOSDEV14-236, best cost 79.7101 + 2796.02 = 2875.74 over 304 frames.
LOG (lattice-best-path[5.5.987~1-eb8d0]:main():lattice-best-path.cc:99) For utterance VIVOSDEV14-256, best cost 121.44 + 3580.6 = 3702.04 over 385 frames.
LOG (lattice-best-path[5.5.987~1-eb8d0]:main():lattice-best-path.cc:99) For utterance VIVOSDEV14-280, best cost 83.081 + 2851.89 = 2934.97 over 298 frames.
LOG (lattice-best-path[5.5.987~1-eb8d0]:main():lattice-best-path.cc:99) For utterance VIVOSDEV14-283, best cost 112.259 + 3578.51 = 3690.76 over 389 frames.
LOG (lattice-best-path[5.5.987~1-eb8d0]:main():lattice-best-path.cc:99) For utterance VIVOSDEV14-285, best cost 76.9091 + 3202.3 = 3279.21 over 335 frames.
LOG (lattice-best-path[5.5.987~1-eb8d0]:main():lattice-best-path.cc:99) For utterance VIVOSDEV14-286, best cost 90.0506 + 2701.3 = 2791.35 over 289 frames.
LOG (lattice-best-path[5.5.987~1-eb8d0]:main():lattice-best-path.cc:99) For utterance VIVOSDEV14-289, best cost 97.0985 + 3335.82 = 3432.92 over 367 frames.
LOG (lattice-depth-per-frame[5.5.987~1-eb8d0]:main():lattice-depth-per-frame.cc:82) Done 80 lattices.
LOG (lattice-best-path[5.5.987~1-eb8d0]:main():lattice-best-path.cc:99) For utterance VIVOSDEV14-291, best cost 101.868 + 3257.53 = 3359.4 over 354 frames.
LOG (lattice-best-path[5.5.987~1-eb8d0]:main():lattice-best-path.cc:99) For utterance VIVOSDEV14-294, best cost 81.7656 + 3132.14 = 3213.91 over 329 frames.
LOG (lattice-best-path[5.5.987~1-eb8d0]:main():lattice-best-path.cc:124) Overall cost per frame is 9.51894 = 0.250128 [graph] + 9.26881 [acoustic] over 30851 frames.
LOG (lattice-best-path[5.5.987~1-eb8d0]:main():lattice-best-path.cc:128) Done 80 lattices, failed for 0
# Accounting: time=0 threads=1
# Ended (code 0) at Fri Oct 29 08:12:16 +07 2021, elapsed time 0 seconds
