# lattice-depth-per-frame "ark:gunzip -c exp/tri2a/decode/lat.1.gz|" "ark,t:|gzip -c > exp/tri2a/decode/depth_tmp.1.gz" ark:- | lattice-best-path --acoustic-scale=0.1 ark:- ark:/dev/null "ark,t:|gzip -c >exp/tri2a/decode/ali_tmp.1.gz" 
# Started at Fri Oct 29 08:12:16 +07 2021
#
lattice-depth-per-frame 'ark:gunzip -c exp/tri2a/decode/lat.1.gz|' 'ark,t:|gzip -c > exp/tri2a/decode/depth_tmp.1.gz' ark:- 
lattice-best-path --acoustic-scale=0.1 ark:- ark:/dev/null 'ark,t:|gzip -c >exp/tri2a/decode/ali_tmp.1.gz' 
LOG (lattice-best-path[5.5.987~1-eb8d0]:main():lattice-best-path.cc:99) For utterance VIVOSDEV01-R002, best cost 43.6095 + 3698.82 = 3742.43 over 404 frames.
LOG (lattice-best-path[5.5.987~1-eb8d0]:main():lattice-best-path.cc:99) For utterance VIVOSDEV01-R003, best cost 35.2955 + 3280.63 = 3315.93 over 367 frames.
LOG (lattice-best-path[5.5.987~1-eb8d0]:main():lattice-best-path.cc:99) For utterance VIVOSDEV01-R012, best cost 46.1591 + 3736.24 = 3782.4 over 417 frames.
LOG (lattice-best-path[5.5.987~1-eb8d0]:main():lattice-best-path.cc:99) For utterance VIVOSDEV01-R027, best cost 51.8219 + 4331.74 = 4383.56 over 470 frames.
LOG (lattice-best-path[5.5.987~1-eb8d0]:main():lattice-best-path.cc:99) For utterance VIVOSDEV01-R028, best cost 70.6909 + 4303.3 = 4373.99 over 454 frames.
LOG (lattice-best-path[5.5.987~1-eb8d0]:main():lattice-best-path.cc:99) For utterance VIVOSDEV01-R034, best cost 20.4268 + 1692.98 = 1713.41 over 192 frames.
LOG (lattice-best-path[5.5.987~1-eb8d0]:main():lattice-best-path.cc:99) For utterance VIVOSDEV01-R043, best cost 36.6772 + 3082.09 = 3118.77 over 336 frames.
LOG (lattice-best-path[5.5.987~1-eb8d0]:main():lattice-best-path.cc:99) For utterance VIVOSDEV01-R044, best cost 55.5185 + 4885.11 = 4940.63 over 520 frames.
LOG (lattice-best-path[5.5.987~1-eb8d0]:main():lattice-best-path.cc:99) For utterance VIVOSDEV01-R055, best cost 25.5507 + 2216.64 = 2242.19 over 257 frames.
LOG (lattice-best-path[5.5.987~1-eb8d0]:main():lattice-best-path.cc:99) For utterance VIVOSDEV01-R057, best cost 26.8916 + 2555.88 = 2582.77 over 292 frames.
LOG (lattice-best-path[5.5.987~1-eb8d0]:main():lattice-best-path.cc:99) For utterance VIVOSDEV01-R058, best cost 43.5662 + 3539.03 = 3582.6 over 376 frames.
LOG (lattice-best-path[5.5.987~1-eb8d0]:main():lattice-best-path.cc:99) For utterance VIVOSDEV01-R069, best cost 41.5767 + 1886.8 = 1928.38 over 217 frames.
LOG (lattice-best-path[5.5.987~1-eb8d0]:main():lattice-best-path.cc:99) For utterance VIVOSDEV01-R071, best cost 50.7071 + 4123.25 = 4173.96 over 454 frames.
LOG (lattice-best-path[5.5.987~1-eb8d0]:main():lattice-best-path.cc:99) For utterance VIVOSDEV01-R078, best cost 42.0098 + 3451.75 = 3493.76 over 373 frames.
LOG (lattice-best-path[5.5.987~1-eb8d0]:main():lattice-best-path.cc:99) For utterance VIVOSDEV01-R086, best cost 42.3423 + 3771.29 = 3813.63 over 411 frames.
LOG (lattice-best-path[5.5.987~1-eb8d0]:main():lattice-best-path.cc:99) For utterance VIVOSDEV01-R089, best cost 45.0776 + 3638.91 = 3683.99 over 404 frames.
LOG (lattice-best-path[5.5.987~1-eb8d0]:main():lattice-best-path.cc:99) For utterance VIVOSDEV01-R092, best cost 33.4387 + 2722.12 = 2755.55 over 301 frames.
LOG (lattice-best-path[5.5.987~1-eb8d0]:main():lattice-best-path.cc:99) For utterance VIVOSDEV01-R098, best cost 66.207 + 2590.89 = 2657.1 over 286 frames.
LOG (lattice-best-path[5.5.987~1-eb8d0]:main():lattice-best-path.cc:99) For utterance VIVOSDEV01-R099, best cost 46.1313 + 3587.3 = 3633.43 over 386 frames.
LOG (lattice-best-path[5.5.987~1-eb8d0]:main():lattice-best-path.cc:99) For utterance VIVOSDEV01-R108, best cost 36.394 + 3059.46 = 3095.85 over 342 frames.
LOG (lattice-best-path[5.5.987~1-eb8d0]:main():lattice-best-path.cc:99) For utterance VIVOSDEV01-R117, best cost 29.3741 + 2521.9 = 2551.27 over 273 frames.
LOG (lattice-best-path[5.5.987~1-eb8d0]:main():lattice-best-path.cc:99) For utterance VIVOSDEV01-R130, best cost 39.6852 + 3343.26 = 3382.95 over 370 frames.
LOG (lattice-best-path[5.5.987~1-eb8d0]:main():lattice-best-path.cc:99) For utterance VIVOSDEV01-R139, best cost 35.8034 + 2893.69 = 2929.49 over 317 frames.
LOG (lattice-best-path[5.5.987~1-eb8d0]:main():lattice-best-path.cc:99) For utterance VIVOSDEV01-R141, best cost 37.4635 + 3005.61 = 3043.07 over 326 frames.
LOG (lattice-best-path[5.5.987~1-eb8d0]:main():lattice-best-path.cc:99) For utterance VIVOSDEV01-R146, best cost 26.9191 + 1799.34 = 1826.26 over 201 frames.
LOG (lattice-best-path[5.5.987~1-eb8d0]:main():lattice-best-path.cc:99) For utterance VIVOSDEV01-R150, best cost 29.085 + 1911.08 = 1940.17 over 204 frames.
LOG (lattice-best-path[5.5.987~1-eb8d0]:main():lattice-best-path.cc:99) For utterance VIVOSDEV01-R151, best cost 44.4103 + 3303.91 = 3348.32 over 364 frames.
LOG (lattice-best-path[5.5.987~1-eb8d0]:main():lattice-best-path.cc:99) For utterance VIVOSDEV01-R164, best cost 53.6886 + 2193.67 = 2247.36 over 248 frames.
LOG (lattice-best-path[5.5.987~1-eb8d0]:main():lattice-best-path.cc:99) For utterance VIVOSDEV01-R170, best cost 39.0035 + 2979.28 = 3018.28 over 326 frames.
LOG (lattice-best-path[5.5.987~1-eb8d0]:main():lattice-best-path.cc:99) For utterance VIVOSDEV01-R172, best cost 42.9062 + 3360.6 = 3403.51 over 370 frames.
LOG (lattice-best-path[5.5.987~1-eb8d0]:main():lattice-best-path.cc:99) For utterance VIVOSDEV01-R174, best cost 35.8009 + 2836.56 = 2872.36 over 311 frames.
LOG (lattice-best-path[5.5.987~1-eb8d0]:main():lattice-best-path.cc:99) For utterance VIVOSDEV01-R176, best cost 52.7097 + 3109.57 = 3162.28 over 342 frames.
LOG (lattice-best-path[5.5.987~1-eb8d0]:main():lattice-best-path.cc:99) For utterance VIVOSDEV01-R180, best cost 39.6121 + 3521.8 = 3561.42 over 392 frames.
LOG (lattice-best-path[5.5.987~1-eb8d0]:main():lattice-best-path.cc:99) For utterance VIVOSDEV01-R187, best cost 49.3746 + 2448.22 = 2497.59 over 273 frames.
LOG (lattice-best-path[5.5.987~1-eb8d0]:main():lattice-best-path.cc:99) For utterance VIVOSDEV01-R188, best cost 41.6968 + 3186.23 = 3227.92 over 342 frames.
LOG (lattice-best-path[5.5.987~1-eb8d0]:main():lattice-best-path.cc:99) For utterance VIVOSDEV01-T002, best cost 22.9145 + 1761.94 = 1784.86 over 195 frames.
LOG (lattice-best-path[5.5.987~1-eb8d0]:main():lattice-best-path.cc:99) For utterance VIVOSDEV01-T030, best cost 24.1772 + 1707.26 = 1731.44 over 192 frames.
LOG (lattice-best-path[5.5.987~1-eb8d0]:main():lattice-best-path.cc:99) For utterance VIVOSDEV01-T038, best cost 32.1827 + 2389.76 = 2421.94 over 248 frames.
LOG (lattice-best-path[5.5.987~1-eb8d0]:main():lattice-best-path.cc:99) For utterance VIVOSDEV01-T043, best cost 40.2109 + 2214.87 = 2255.08 over 242 frames.
LOG (lattice-best-path[5.5.987~1-eb8d0]:main():lattice-best-path.cc:99) For utterance VIVOSDEV01-T048, best cost 29.7087 + 2190.42 = 2220.13 over 236 frames.
LOG (lattice-best-path[5.5.987~1-eb8d0]:main():lattice-best-path.cc:99) For utterance VIVOSDEV02-R005, best cost 31.0004 + 2444.07 = 2475.07 over 261 frames.
LOG (lattice-best-path[5.5.987~1-eb8d0]:main():lattice-best-path.cc:99) For utterance VIVOSDEV02-R009, best cost 38.0009 + 2960.37 = 2998.37 over 332 frames.
LOG (lattice-best-path[5.5.987~1-eb8d0]:main():lattice-best-path.cc:99) For utterance VIVOSDEV02-R015, best cost 55.9096 + 3129.96 = 3185.87 over 336 frames.
LOG (lattice-best-path[5.5.987~1-eb8d0]:main():lattice-best-path.cc:99) For utterance VIVOSDEV02-R027, best cost 40.6409 + 3124.36 = 3165 over 339 frames.
LOG (lattice-best-path[5.5.987~1-eb8d0]:main():lattice-best-path.cc:99) For utterance VIVOSDEV02-R031, best cost 56.6432 + 4875.76 = 4932.41 over 536 frames.
LOG (lattice-best-path[5.5.987~1-eb8d0]:main():lattice-best-path.cc:99) For utterance VIVOSDEV02-R032, best cost 36.6078 + 3068.03 = 3104.63 over 342 frames.
LOG (lattice-best-path[5.5.987~1-eb8d0]:main():lattice-best-path.cc:99) For utterance VIVOSDEV02-R045, best cost 71.1692 + 3235 = 3306.17 over 361 frames.
LOG (lattice-best-path[5.5.987~1-eb8d0]:main():lattice-best-path.cc:99) For utterance VIVOSDEV02-R067, best cost 45.0055 + 3352.46 = 3397.46 over 392 frames.
LOG (lattice-best-path[5.5.987~1-eb8d0]:main():lattice-best-path.cc:99) For utterance VIVOSDEV02-R068, best cost 46.5371 + 2630.33 = 2676.87 over 304 frames.
LOG (lattice-best-path[5.5.987~1-eb8d0]:main():lattice-best-path.cc:99) For utterance VIVOSDEV02-R069, best cost 52.9037 + 2185.67 = 2238.58 over 248 frames.
LOG (lattice-best-path[5.5.987~1-eb8d0]:main():lattice-best-path.cc:99) For utterance VIVOSDEV02-R071, best cost 113.602 + 4450.73 = 4564.33 over 492 frames.
LOG (lattice-best-path[5.5.987~1-eb8d0]:main():lattice-best-path.cc:99) For utterance VIVOSDEV02-R076, best cost 72.9984 + 2598.3 = 2671.3 over 295 frames.
LOG (lattice-best-path[5.5.987~1-eb8d0]:main():lattice-best-path.cc:99) For utterance VIVOSDEV02-R079, best cost 108.437 + 3729.47 = 3837.9 over 401 frames.
LOG (lattice-best-path[5.5.987~1-eb8d0]:main():lattice-best-path.cc:99) For utterance VIVOSDEV02-R087, best cost 117.716 + 4202.38 = 4320.1 over 467 frames.
LOG (lattice-best-path[5.5.987~1-eb8d0]:main():lattice-best-path.cc:99) For utterance VIVOSDEV02-R089, best cost 90.0965 + 4246.65 = 4336.75 over 473 frames.
LOG (lattice-best-path[5.5.987~1-eb8d0]:main():lattice-best-path.cc:99) For utterance VIVOSDEV02-R091, best cost 72.6501 + 2591.84 = 2664.49 over 298 frames.
LOG (lattice-best-path[5.5.987~1-eb8d0]:main():lattice-best-path.cc:99) For utterance VIVOSDEV02-R099, best cost 96.3768 + 4535.46 = 4631.84 over 504 frames.
LOG (lattice-best-path[5.5.987~1-eb8d0]:main():lattice-best-path.cc:99) For utterance VIVOSDEV02-R106, best cost 31.1581 + 2204.47 = 2235.63 over 261 frames.
LOG (lattice-best-path[5.5.987~1-eb8d0]:main():lattice-best-path.cc:99) For utterance VIVOSDEV02-R122, best cost 62.6914 + 2220.89 = 2283.58 over 254 frames.
LOG (lattice-best-path[5.5.987~1-eb8d0]:main():lattice-best-path.cc:99) For utterance VIVOSDEV02-R130, best cost 89.904 + 3958.22 = 4048.13 over 439 frames.
LOG (lattice-best-path[5.5.987~1-eb8d0]:main():lattice-best-path.cc:99) For utterance VIVOSDEV02-R132, best cost 91.5084 + 3530.71 = 3622.22 over 386 frames.
LOG (lattice-best-path[5.5.987~1-eb8d0]:main():lattice-best-path.cc:99) For utterance VIVOSDEV02-R135, best cost 81.2993 + 3462.78 = 3544.08 over 370 frames.
LOG (lattice-best-path[5.5.987~1-eb8d0]:main():lattice-best-path.cc:99) For utterance VIVOSDEV02-R137, best cost 84.6361 + 3182.84 = 3267.48 over 354 frames.
LOG (lattice-best-path[5.5.987~1-eb8d0]:main():lattice-best-path.cc:99) For utterance VIVOSDEV02-R149, best cost 77.5785 + 4250.01 = 4327.59 over 473 frames.
LOG (lattice-best-path[5.5.987~1-eb8d0]:main():lattice-best-path.cc:99) For utterance VIVOSDEV02-R154, best cost 119.771 + 4775.15 = 4894.92 over 517 frames.
LOG (lattice-best-path[5.5.987~1-eb8d0]:main():lattice-best-path.cc:99) For utterance VIVOSDEV02-R164, best cost 83.7036 + 3357.96 = 3441.67 over 364 frames.
LOG (lattice-best-path[5.5.987~1-eb8d0]:main():lattice-best-path.cc:99) For utterance VIVOSDEV02-R170, best cost 93.1421 + 4462.63 = 4555.77 over 492 frames.
LOG (lattice-best-path[5.5.987~1-eb8d0]:main():lattice-best-path.cc:99) For utterance VIVOSDEV02-R173, best cost 56.2435 + 2777.57 = 2833.81 over 320 frames.
LOG (lattice-best-path[5.5.987~1-eb8d0]:main():lattice-best-path.cc:99) For utterance VIVOSDEV02-R181, best cost 110.043 + 3716.93 = 3826.97 over 411 frames.
LOG (lattice-best-path[5.5.987~1-eb8d0]:main():lattice-best-path.cc:99) For utterance VIVOSDEV02-R192, best cost 90.3923 + 4490.48 = 4580.87 over 492 frames.
LOG (lattice-best-path[5.5.987~1-eb8d0]:main():lattice-best-path.cc:99) For utterance VIVOSDEV02-R195, best cost 99.9566 + 3771.96 = 3871.91 over 404 frames.
LOG (lattice-best-path[5.5.987~1-eb8d0]:main():lattice-best-path.cc:99) For utterance VIVOSDEV02-R200, best cost 65.8061 + 3028.96 = 3094.77 over 332 frames.
LOG (lattice-best-path[5.5.987~1-eb8d0]:main():lattice-best-path.cc:99) For utterance VIVOSDEV02-T004, best cost 57.8062 + 2626.77 = 2684.57 over 292 frames.
LOG (lattice-best-path[5.5.987~1-eb8d0]:main():lattice-best-path.cc:99) For utterance VIVOSDEV02-T012, best cost 87.6025 + 2995.13 = 3082.74 over 336 frames.
LOG (lattice-best-path[5.5.987~1-eb8d0]:main():lattice-best-path.cc:99) For utterance VIVOSDEV02-T013, best cost 92.0989 + 3372.97 = 3465.07 over 367 frames.
LOG (lattice-best-path[5.5.987~1-eb8d0]:main():lattice-best-path.cc:99) For utterance VIVOSDEV02-T015, best cost 100.822 + 3038.14 = 3138.96 over 336 frames.
LOG (lattice-best-path[5.5.987~1-eb8d0]:main():lattice-best-path.cc:99) For utterance VIVOSDEV02-T022, best cost 113.288 + 3886.45 = 3999.73 over 423 frames.
LOG (lattice-best-path[5.5.987~1-eb8d0]:main():lattice-best-path.cc:99) For utterance VIVOSDEV02-T031, best cost 49.8109 + 1984.24 = 2034.05 over 223 frames.
LOG (lattice-depth-per-frame[5.5.987~1-eb8d0]:main():lattice-depth-per-frame.cc:82) Done 80 lattices.
LOG (lattice-best-path[5.5.987~1-eb8d0]:main():lattice-best-path.cc:99) For utterance VIVOSDEV02-T043, best cost 85.8734 + 3417.48 = 3503.36 over 376 frames.
LOG (lattice-best-path[5.5.987~1-eb8d0]:main():lattice-best-path.cc:99) For utterance VIVOSDEV02-T050, best cost 64.6471 + 2989.91 = 3054.56 over 329 frames.
LOG (lattice-best-path[5.5.987~1-eb8d0]:main():lattice-best-path.cc:124) Overall cost per frame is 9.23862 = 0.166037 [graph] + 9.07259 [acoustic] over 27963 frames.
LOG (lattice-best-path[5.5.987~1-eb8d0]:main():lattice-best-path.cc:128) Done 80 lattices, failed for 0
# Accounting: time=0 threads=1
# Ended (code 0) at Fri Oct 29 08:12:16 +07 2021, elapsed time 0 seconds
