# lattice-depth-per-frame "ark:gunzip -c exp/tri2a/decode/lat.12.gz|" "ark,t:|gzip -c > exp/tri2a/decode/depth_tmp.12.gz" ark:- | lattice-best-path --acoustic-scale=0.1 ark:- ark:/dev/null "ark,t:|gzip -c >exp/tri2a/decode/ali_tmp.12.gz" 
# Started at Fri Oct 29 08:12:16 +07 2021
#
lattice-depth-per-frame 'ark:gunzip -c exp/tri2a/decode/lat.12.gz|' 'ark,t:|gzip -c > exp/tri2a/decode/depth_tmp.12.gz' ark:- 
lattice-best-path --acoustic-scale=0.1 ark:- ark:/dev/null 'ark,t:|gzip -c >exp/tri2a/decode/ali_tmp.12.gz' 
LOG (lattice-best-path[5.5.987~1-eb8d0]:main():lattice-best-path.cc:99) For utterance VIVOSDEV15-003, best cost 115.735 + 3533.44 = 3649.18 over 360 frames.
LOG (lattice-best-path[5.5.987~1-eb8d0]:main():lattice-best-path.cc:99) For utterance VIVOSDEV15-013, best cost 101.065 + 3628.81 = 3729.87 over 367 frames.
LOG (lattice-best-path[5.5.987~1-eb8d0]:main():lattice-best-path.cc:99) For utterance VIVOSDEV15-014, best cost 115.304 + 3843.43 = 3958.74 over 385 frames.
LOG (lattice-best-path[5.5.987~1-eb8d0]:main():lattice-best-path.cc:99) For utterance VIVOSDEV15-020, best cost 97.8364 + 2810.14 = 2907.97 over 282 frames.
LOG (lattice-best-path[5.5.987~1-eb8d0]:main():lattice-best-path.cc:99) For utterance VIVOSDEV15-021, best cost 86.012 + 3310.05 = 3396.06 over 342 frames.
LOG (lattice-best-path[5.5.987~1-eb8d0]:main():lattice-best-path.cc:99) For utterance VIVOSDEV15-026, best cost 96.8762 + 3312.51 = 3409.38 over 342 frames.
LOG (lattice-best-path[5.5.987~1-eb8d0]:main():lattice-best-path.cc:99) For utterance VIVOSDEV15-037, best cost 99.4203 + 3594.33 = 3693.75 over 364 frames.
LOG (lattice-best-path[5.5.987~1-eb8d0]:main():lattice-best-path.cc:99) For utterance VIVOSDEV15-038, best cost 100.551 + 4241.43 = 4341.98 over 429 frames.
LOG (lattice-best-path[5.5.987~1-eb8d0]:main():lattice-best-path.cc:99) For utterance VIVOSDEV15-047, best cost 118.601 + 5060.98 = 5179.58 over 535 frames.
LOG (lattice-best-path[5.5.987~1-eb8d0]:main():lattice-best-path.cc:99) For utterance VIVOSDEV15-050, best cost 120.68 + 4200.67 = 4321.35 over 429 frames.
LOG (lattice-best-path[5.5.987~1-eb8d0]:main():lattice-best-path.cc:99) For utterance VIVOSDEV15-062, best cost 113.735 + 3898.2 = 4011.94 over 401 frames.
LOG (lattice-best-path[5.5.987~1-eb8d0]:main():lattice-best-path.cc:99) For utterance VIVOSDEV15-066, best cost 94.3956 + 4169.25 = 4263.64 over 435 frames.
LOG (lattice-best-path[5.5.987~1-eb8d0]:main():lattice-best-path.cc:99) For utterance VIVOSDEV15-092, best cost 112.142 + 4307.81 = 4419.95 over 435 frames.
LOG (lattice-best-path[5.5.987~1-eb8d0]:main():lattice-best-path.cc:99) For utterance VIVOSDEV15-109, best cost 74.636 + 2888.29 = 2962.93 over 301 frames.
LOG (lattice-best-path[5.5.987~1-eb8d0]:main():lattice-best-path.cc:99) For utterance VIVOSDEV15-111, best cost 96.0672 + 3385.57 = 3481.64 over 339 frames.
LOG (lattice-best-path[5.5.987~1-eb8d0]:main():lattice-best-path.cc:99) For utterance VIVOSDEV15-117, best cost 75.945 + 3552.54 = 3628.48 over 367 frames.
LOG (lattice-best-path[5.5.987~1-eb8d0]:main():lattice-best-path.cc:99) For utterance VIVOSDEV15-121, best cost 98.0665 + 3856.6 = 3954.66 over 398 frames.
LOG (lattice-best-path[5.5.987~1-eb8d0]:main():lattice-best-path.cc:99) For utterance VIVOSDEV15-137, best cost 89.3597 + 3799.43 = 3888.79 over 398 frames.
LOG (lattice-best-path[5.5.987~1-eb8d0]:main():lattice-best-path.cc:99) For utterance VIVOSDEV15-147, best cost 127.079 + 4313.19 = 4440.27 over 423 frames.
LOG (lattice-best-path[5.5.987~1-eb8d0]:main():lattice-best-path.cc:99) For utterance VIVOSDEV15-154, best cost 93.5421 + 3617.32 = 3710.86 over 373 frames.
LOG (lattice-best-path[5.5.987~1-eb8d0]:main():lattice-best-path.cc:99) For utterance VIVOSDEV15-168, best cost 136.954 + 5331.05 = 5468.01 over 554 frames.
LOG (lattice-best-path[5.5.987~1-eb8d0]:main():lattice-best-path.cc:99) For utterance VIVOSDEV15-173, best cost 87.2996 + 4492.91 = 4580.21 over 473 frames.
LOG (lattice-best-path[5.5.987~1-eb8d0]:main():lattice-best-path.cc:99) For utterance VIVOSDEV15-180, best cost 106.863 + 3926.35 = 4033.21 over 407 frames.
LOG (lattice-best-path[5.5.987~1-eb8d0]:main():lattice-best-path.cc:99) For utterance VIVOSDEV15-194, best cost 119.828 + 4304.87 = 4424.69 over 435 frames.
LOG (lattice-best-path[5.5.987~1-eb8d0]:main():lattice-best-path.cc:99) For utterance VIVOSDEV15-198, best cost 117.346 + 4705.75 = 4823.1 over 485 frames.
LOG (lattice-best-path[5.5.987~1-eb8d0]:main():lattice-best-path.cc:99) For utterance VIVOSDEV15-200, best cost 139.949 + 4786.78 = 4926.73 over 485 frames.
LOG (lattice-best-path[5.5.987~1-eb8d0]:main():lattice-best-path.cc:99) For utterance VIVOSDEV15-203, best cost 114.064 + 4084.17 = 4198.23 over 417 frames.
LOG (lattice-best-path[5.5.987~1-eb8d0]:main():lattice-best-path.cc:99) For utterance VIVOSDEV15-204, best cost 115.36 + 4221.9 = 4337.26 over 432 frames.
LOG (lattice-best-path[5.5.987~1-eb8d0]:main():lattice-best-path.cc:99) For utterance VIVOSDEV15-208, best cost 105.874 + 4073.35 = 4179.22 over 417 frames.
LOG (lattice-best-path[5.5.987~1-eb8d0]:main():lattice-best-path.cc:99) For utterance VIVOSDEV15-209, best cost 83.4067 + 3035.44 = 3118.85 over 317 frames.
LOG (lattice-best-path[5.5.987~1-eb8d0]:main():lattice-best-path.cc:99) For utterance VIVOSDEV15-213, best cost 117.127 + 4407.1 = 4524.23 over 454 frames.
LOG (lattice-best-path[5.5.987~1-eb8d0]:main():lattice-best-path.cc:99) For utterance VIVOSDEV15-216, best cost 97.863 + 3180.78 = 3278.64 over 323 frames.
LOG (lattice-best-path[5.5.987~1-eb8d0]:main():lattice-best-path.cc:99) For utterance VIVOSDEV15-220, best cost 93.4543 + 3657.78 = 3751.23 over 373 frames.
LOG (lattice-best-path[5.5.987~1-eb8d0]:main():lattice-best-path.cc:99) For utterance VIVOSDEV15-239, best cost 99.5409 + 4171.59 = 4271.13 over 435 frames.
LOG (lattice-best-path[5.5.987~1-eb8d0]:main():lattice-best-path.cc:99) For utterance VIVOSDEV15-253, best cost 106.342 + 3522.36 = 3628.7 over 354 frames.
LOG (lattice-best-path[5.5.987~1-eb8d0]:main():lattice-best-path.cc:99) For utterance VIVOSDEV15-255, best cost 118.144 + 4430.09 = 4548.24 over 454 frames.
LOG (lattice-best-path[5.5.987~1-eb8d0]:main():lattice-best-path.cc:99) For utterance VIVOSDEV15-265, best cost 125.193 + 4222.25 = 4347.44 over 435 frames.
LOG (lattice-best-path[5.5.987~1-eb8d0]:main():lattice-best-path.cc:99) For utterance VIVOSDEV15-267, best cost 98.1881 + 3374.99 = 3473.17 over 348 frames.
LOG (lattice-depth-per-frame[5.5.987~1-eb8d0]:main():lattice-depth-per-frame.cc:82) Done 40 lattices.
LOG (lattice-best-path[5.5.987~1-eb8d0]:main():lattice-best-path.cc:99) For utterance VIVOSDEV15-271, best cost 131.08 + 4473.14 = 4604.22 over 457 frames.
LOG (lattice-best-path[5.5.987~1-eb8d0]:main():lattice-best-path.cc:99) For utterance VIVOSDEV15-299, best cost 112.323 + 3726.09 = 3838.41 over 385 frames.
LOG (lattice-best-path[5.5.987~1-eb8d0]:main():lattice-best-path.cc:124) Overall cost per frame is 10.0159 = 0.263441 [graph] + 9.75241 [acoustic] over 16145 frames.
LOG (lattice-best-path[5.5.987~1-eb8d0]:main():lattice-best-path.cc:128) Done 40 lattices, failed for 0
# Accounting: time=0 threads=1
# Ended (code 0) at Fri Oct 29 08:12:16 +07 2021, elapsed time 0 seconds
