# lattice-depth-per-frame "ark:gunzip -c exp/tri2a/decode/lat.5.gz|" "ark,t:|gzip -c > exp/tri2a/decode/depth_tmp.5.gz" ark:- | lattice-best-path --acoustic-scale=0.1 ark:- ark:/dev/null "ark,t:|gzip -c >exp/tri2a/decode/ali_tmp.5.gz" 
# Started at Fri Oct 29 08:12:16 +07 2021
#
lattice-depth-per-frame 'ark:gunzip -c exp/tri2a/decode/lat.5.gz|' 'ark,t:|gzip -c > exp/tri2a/decode/depth_tmp.5.gz' ark:- 
lattice-best-path --acoustic-scale=0.1 ark:- ark:/dev/null 'ark,t:|gzip -c >exp/tri2a/decode/ali_tmp.5.gz' 
LOG (lattice-best-path[5.5.987~1-eb8d0]:main():lattice-best-path.cc:99) For utterance VIVOSDEV06-001, best cost 57.3848 + 2509.27 = 2566.65 over 267 frames.
LOG (lattice-best-path[5.5.987~1-eb8d0]:main():lattice-best-path.cc:99) For utterance VIVOSDEV06-006, best cost 58.9323 + 2979.6 = 3038.53 over 323 frames.
LOG (lattice-best-path[5.5.987~1-eb8d0]:main():lattice-best-path.cc:99) For utterance VIVOSDEV06-016, best cost 52.8459 + 2807.95 = 2860.8 over 317 frames.
LOG (lattice-best-path[5.5.987~1-eb8d0]:main():lattice-best-path.cc:99) For utterance VIVOSDEV06-021, best cost 47.4804 + 2227.13 = 2274.61 over 254 frames.
LOG (lattice-best-path[5.5.987~1-eb8d0]:main():lattice-best-path.cc:99) For utterance VIVOSDEV06-022, best cost 67.7815 + 2870.63 = 2938.41 over 311 frames.
LOG (lattice-best-path[5.5.987~1-eb8d0]:main():lattice-best-path.cc:99) For utterance VIVOSDEV06-034, best cost 107.814 + 4517.03 = 4624.84 over 495 frames.
LOG (lattice-best-path[5.5.987~1-eb8d0]:main():lattice-best-path.cc:99) For utterance VIVOSDEV06-037, best cost 55.9524 + 2595.93 = 2651.88 over 279 frames.
LOG (lattice-best-path[5.5.987~1-eb8d0]:main():lattice-best-path.cc:99) For utterance VIVOSDEV06-040, best cost 71.9195 + 3284.52 = 3356.44 over 367 frames.
LOG (lattice-best-path[5.5.987~1-eb8d0]:main():lattice-best-path.cc:99) For utterance VIVOSDEV06-042, best cost 68.5823 + 3431.98 = 3500.56 over 367 frames.
LOG (lattice-best-path[5.5.987~1-eb8d0]:main():lattice-best-path.cc:99) For utterance VIVOSDEV06-054, best cost 78.3659 + 3323.76 = 3402.12 over 367 frames.
LOG (lattice-best-path[5.5.987~1-eb8d0]:main():lattice-best-path.cc:99) For utterance VIVOSDEV06-061, best cost 94.5473 + 4213.41 = 4307.96 over 454 frames.
LOG (lattice-best-path[5.5.987~1-eb8d0]:main():lattice-best-path.cc:99) For utterance VIVOSDEV06-070, best cost 79.5829 + 3439.35 = 3518.93 over 379 frames.
LOG (lattice-best-path[5.5.987~1-eb8d0]:main():lattice-best-path.cc:99) For utterance VIVOSDEV06-078, best cost 41.2803 + 2504.32 = 2545.6 over 289 frames.
LOG (lattice-best-path[5.5.987~1-eb8d0]:main():lattice-best-path.cc:99) For utterance VIVOSDEV06-079, best cost 70.046 + 3847.7 = 3917.74 over 442 frames.
LOG (lattice-best-path[5.5.987~1-eb8d0]:main():lattice-best-path.cc:99) For utterance VIVOSDEV06-098, best cost 80.9338 + 3980.15 = 4061.08 over 451 frames.
LOG (lattice-best-path[5.5.987~1-eb8d0]:main():lattice-best-path.cc:99) For utterance VIVOSDEV06-103, best cost 98.3005 + 4362.49 = 4460.79 over 479 frames.
LOG (lattice-best-path[5.5.987~1-eb8d0]:main():lattice-best-path.cc:99) For utterance VIVOSDEV06-108, best cost 62.3104 + 3340.91 = 3403.22 over 386 frames.
LOG (lattice-best-path[5.5.987~1-eb8d0]:main():lattice-best-path.cc:99) For utterance VIVOSDEV06-117, best cost 101.328 + 4461.92 = 4563.25 over 470 frames.
LOG (lattice-best-path[5.5.987~1-eb8d0]:main():lattice-best-path.cc:99) For utterance VIVOSDEV06-126, best cost 67.2092 + 3677.96 = 3745.17 over 392 frames.
LOG (lattice-depth-per-frame[5.5.987~1-eb8d0]:main():lattice-depth-per-frame.cc:82) Done 40 lattices.
LOG (lattice-best-path[5.5.987~1-eb8d0]:main():lattice-best-path.cc:99) For utterance VIVOSDEV06-139, best cost 46.0599 + 2651.4 = 2697.46 over 304 frames.
LOG (lattice-best-path[5.5.987~1-eb8d0]:main():lattice-best-path.cc:99) For utterance VIVOSDEV06-143, best cost 80.1428 + 3991.41 = 4071.55 over 442 frames.
LOG (lattice-best-path[5.5.987~1-eb8d0]:main():lattice-best-path.cc:99) For utterance VIVOSDEV06-157, best cost 88.8954 + 4188.36 = 4277.25 over 470 frames.
LOG (lattice-best-path[5.5.987~1-eb8d0]:main():lattice-best-path.cc:99) For utterance VIVOSDEV06-168, best cost 25.1503 + 1365.38 = 1390.54 over 161 frames.
LOG (lattice-best-path[5.5.987~1-eb8d0]:main():lattice-best-path.cc:99) For utterance VIVOSDEV06-184, best cost 94.7325 + 4334.46 = 4429.19 over 479 frames.
LOG (lattice-best-path[5.5.987~1-eb8d0]:main():lattice-best-path.cc:99) For utterance VIVOSDEV06-195, best cost 47.7071 + 2726.95 = 2774.66 over 298 frames.
LOG (lattice-best-path[5.5.987~1-eb8d0]:main():lattice-best-path.cc:99) For utterance VIVOSDEV06-210, best cost 25.8224 + 2460.13 = 2485.95 over 282 frames.
LOG (lattice-best-path[5.5.987~1-eb8d0]:main():lattice-best-path.cc:99) For utterance VIVOSDEV06-212, best cost 22.3217 + 1937.51 = 1959.83 over 223 frames.
LOG (lattice-best-path[5.5.987~1-eb8d0]:main():lattice-best-path.cc:99) For utterance VIVOSDEV06-222, best cost 22.5443 + 2324.6 = 2347.14 over 273 frames.
LOG (lattice-best-path[5.5.987~1-eb8d0]:main():lattice-best-path.cc:99) For utterance VIVOSDEV06-240, best cost 25.8773 + 2919.95 = 2945.82 over 336 frames.
LOG (lattice-best-path[5.5.987~1-eb8d0]:main():lattice-best-path.cc:99) For utterance VIVOSDEV06-241, best cost 24.6097 + 2469.13 = 2493.74 over 279 frames.
LOG (lattice-best-path[5.5.987~1-eb8d0]:main():lattice-best-path.cc:99) For utterance VIVOSDEV06-247, best cost 43.6748 + 2554.6 = 2598.28 over 304 frames.
LOG (lattice-best-path[5.5.987~1-eb8d0]:main():lattice-best-path.cc:99) For utterance VIVOSDEV06-248, best cost 24.7537 + 2578.78 = 2603.54 over 304 frames.
LOG (lattice-best-path[5.5.987~1-eb8d0]:main():lattice-best-path.cc:99) For utterance VIVOSDEV06-252, best cost 27.0193 + 2604.34 = 2631.35 over 301 frames.
LOG (lattice-best-path[5.5.987~1-eb8d0]:main():lattice-best-path.cc:99) For utterance VIVOSDEV06-253, best cost 37.6679 + 2932.18 = 2969.85 over 336 frames.
LOG (lattice-best-path[5.5.987~1-eb8d0]:main():lattice-best-path.cc:99) For utterance VIVOSDEV06-261, best cost 31.1778 + 2871.77 = 2902.95 over 336 frames.
LOG (lattice-best-path[5.5.987~1-eb8d0]:main():lattice-best-path.cc:99) For utterance VIVOSDEV06-272, best cost 35.1634 + 3552.5 = 3587.67 over 417 frames.
LOG (lattice-best-path[5.5.987~1-eb8d0]:main():lattice-best-path.cc:99) For utterance VIVOSDEV06-285, best cost 33.597 + 3156.25 = 3189.85 over 354 frames.
LOG (lattice-best-path[5.5.987~1-eb8d0]:main():lattice-best-path.cc:99) For utterance VIVOSDEV06-286, best cost 38.4748 + 3388.32 = 3426.79 over 382 frames.
LOG (lattice-best-path[5.5.987~1-eb8d0]:main():lattice-best-path.cc:99) For utterance VIVOSDEV06-287, best cost 34.2349 + 3146.17 = 3180.41 over 354 frames.
LOG (lattice-best-path[5.5.987~1-eb8d0]:main():lattice-best-path.cc:99) For utterance VIVOSDEV06-296, best cost 26.2205 + 2170.65 = 2196.87 over 254 frames.
LOG (lattice-best-path[5.5.987~1-eb8d0]:main():lattice-best-path.cc:124) Overall cost per frame is 9.0785 = 0.157279 [graph] + 8.92122 [acoustic] over 13978 frames.
LOG (lattice-best-path[5.5.987~1-eb8d0]:main():lattice-best-path.cc:128) Done 40 lattices, failed for 0
# Accounting: time=0 threads=1
# Ended (code 0) at Fri Oct 29 08:12:16 +07 2021, elapsed time 0 seconds
