# lattice-depth-per-frame "ark:gunzip -c exp/tri2a/decode/lat.6.gz|" "ark,t:|gzip -c > exp/tri2a/decode/depth_tmp.6.gz" ark:- | lattice-best-path --acoustic-scale=0.1 ark:- ark:/dev/null "ark,t:|gzip -c >exp/tri2a/decode/ali_tmp.6.gz" 
# Started at Fri Oct 29 08:12:16 +07 2021
#
lattice-depth-per-frame 'ark:gunzip -c exp/tri2a/decode/lat.6.gz|' 'ark,t:|gzip -c > exp/tri2a/decode/depth_tmp.6.gz' ark:- 
lattice-best-path --acoustic-scale=0.1 ark:- ark:/dev/null 'ark,t:|gzip -c >exp/tri2a/decode/ali_tmp.6.gz' 
LOG (lattice-best-path[5.5.987~1-eb8d0]:main():lattice-best-path.cc:99) For utterance VIVOSDEV07-002, best cost 92.7698 + 3317.24 = 3410.01 over 345 frames.
LOG (lattice-best-path[5.5.987~1-eb8d0]:main():lattice-best-path.cc:99) For utterance VIVOSDEV07-025, best cost 61.1126 + 2802.3 = 2863.42 over 304 frames.
LOG (lattice-best-path[5.5.987~1-eb8d0]:main():lattice-best-path.cc:99) For utterance VIVOSDEV07-030, best cost 30.7164 + 2092.24 = 2122.96 over 229 frames.
LOG (lattice-best-path[5.5.987~1-eb8d0]:main():lattice-best-path.cc:99) For utterance VIVOSDEV07-036, best cost 72.7551 + 2710.06 = 2782.81 over 298 frames.
LOG (lattice-best-path[5.5.987~1-eb8d0]:main():lattice-best-path.cc:99) For utterance VIVOSDEV07-039, best cost 77.2138 + 3527.3 = 3604.51 over 379 frames.
LOG (lattice-best-path[5.5.987~1-eb8d0]:main():lattice-best-path.cc:99) For utterance VIVOSDEV07-044, best cost 44.5708 + 3713.55 = 3758.12 over 379 frames.
LOG (lattice-best-path[5.5.987~1-eb8d0]:main():lattice-best-path.cc:99) For utterance VIVOSDEV07-045, best cost 73.9946 + 3013.45 = 3087.44 over 326 frames.
LOG (lattice-best-path[5.5.987~1-eb8d0]:main():lattice-best-path.cc:99) For utterance VIVOSDEV07-064, best cost 73.6667 + 4144.03 = 4217.7 over 454 frames.
LOG (lattice-best-path[5.5.987~1-eb8d0]:main():lattice-best-path.cc:99) For utterance VIVOSDEV07-066, best cost 90.5279 + 3930.1 = 4020.63 over 417 frames.
LOG (lattice-best-path[5.5.987~1-eb8d0]:main():lattice-best-path.cc:99) For utterance VIVOSDEV07-067, best cost 67.0057 + 3069.58 = 3136.58 over 336 frames.
LOG (lattice-best-path[5.5.987~1-eb8d0]:main():lattice-best-path.cc:99) For utterance VIVOSDEV07-084, best cost 49.7084 + 3648.69 = 3698.4 over 379 frames.
LOG (lattice-best-path[5.5.987~1-eb8d0]:main():lattice-best-path.cc:99) For utterance VIVOSDEV07-093, best cost 82.0955 + 3135.16 = 3217.26 over 329 frames.
LOG (lattice-best-path[5.5.987~1-eb8d0]:main():lattice-best-path.cc:99) For utterance VIVOSDEV07-098, best cost 34.8083 + 2891.76 = 2926.57 over 336 frames.
LOG (lattice-best-path[5.5.987~1-eb8d0]:main():lattice-best-path.cc:99) For utterance VIVOSDEV07-107, best cost 69.8133 + 3784 = 3853.82 over 392 frames.
LOG (lattice-best-path[5.5.987~1-eb8d0]:main():lattice-best-path.cc:99) For utterance VIVOSDEV07-115, best cost 96.1418 + 3618.73 = 3714.88 over 376 frames.
LOG (lattice-best-path[5.5.987~1-eb8d0]:main():lattice-best-path.cc:99) For utterance VIVOSDEV07-125, best cost 52.1553 + 3121.99 = 3174.15 over 354 frames.
LOG (lattice-best-path[5.5.987~1-eb8d0]:main():lattice-best-path.cc:99) For utterance VIVOSDEV07-127, best cost 45.4752 + 1986.66 = 2032.14 over 211 frames.
LOG (lattice-best-path[5.5.987~1-eb8d0]:main():lattice-best-path.cc:99) For utterance VIVOSDEV07-134, best cost 35.1953 + 2631.05 = 2666.25 over 282 frames.
LOG (lattice-best-path[5.5.987~1-eb8d0]:main():lattice-best-path.cc:99) For utterance VIVOSDEV07-138, best cost 45.3783 + 2136.67 = 2182.05 over 236 frames.
LOG (lattice-best-path[5.5.987~1-eb8d0]:main():lattice-best-path.cc:99) For utterance VIVOSDEV07-141, best cost 70.5221 + 3308.73 = 3379.25 over 342 frames.
LOG (lattice-best-path[5.5.987~1-eb8d0]:main():lattice-best-path.cc:99) For utterance VIVOSDEV07-151, best cost 31.0174 + 1777.26 = 1808.28 over 198 frames.
LOG (lattice-best-path[5.5.987~1-eb8d0]:main():lattice-best-path.cc:99) For utterance VIVOSDEV07-156, best cost 67.0647 + 2712.56 = 2779.62 over 286 frames.
LOG (lattice-best-path[5.5.987~1-eb8d0]:main():lattice-best-path.cc:99) For utterance VIVOSDEV07-168, best cost 85.8615 + 3246.92 = 3332.78 over 348 frames.
LOG (lattice-best-path[5.5.987~1-eb8d0]:main():lattice-best-path.cc:99) For utterance VIVOSDEV07-170, best cost 107.892 + 3989.1 = 4096.99 over 426 frames.
LOG (lattice-best-path[5.5.987~1-eb8d0]:main():lattice-best-path.cc:99) For utterance VIVOSDEV07-182, best cost 84.8007 + 3837.03 = 3921.83 over 401 frames.
LOG (lattice-best-path[5.5.987~1-eb8d0]:main():lattice-best-path.cc:99) For utterance VIVOSDEV07-185, best cost 64.3652 + 2450.01 = 2514.37 over 254 frames.
LOG (lattice-best-path[5.5.987~1-eb8d0]:main():lattice-best-path.cc:99) For utterance VIVOSDEV07-190, best cost 55.6225 + 2292.76 = 2348.39 over 242 frames.
LOG (lattice-best-path[5.5.987~1-eb8d0]:main():lattice-best-path.cc:99) For utterance VIVOSDEV07-192, best cost 33.5454 + 1707.57 = 1741.12 over 189 frames.
LOG (lattice-best-path[5.5.987~1-eb8d0]:main():lattice-best-path.cc:99) For utterance VIVOSDEV07-194, best cost 85.9151 + 2813.15 = 2899.07 over 292 frames.
LOG (lattice-best-path[5.5.987~1-eb8d0]:main():lattice-best-path.cc:99) For utterance VIVOSDEV07-195, best cost 91.0539 + 3667.36 = 3758.42 over 386 frames.
LOG (lattice-best-path[5.5.987~1-eb8d0]:main():lattice-best-path.cc:99) For utterance VIVOSDEV07-197, best cost 94.4007 + 3856.96 = 3951.36 over 404 frames.
LOG (lattice-best-path[5.5.987~1-eb8d0]:main():lattice-best-path.cc:99) For utterance VIVOSDEV07-209, best cost 34.7066 + 2244.83 = 2279.53 over 245 frames.
LOG (lattice-best-path[5.5.987~1-eb8d0]:main():lattice-best-path.cc:99) For utterance VIVOSDEV07-211, best cost 49.4316 + 2199.55 = 2248.99 over 236 frames.
LOG (lattice-best-path[5.5.987~1-eb8d0]:main():lattice-best-path.cc:99) For utterance VIVOSDEV07-223, best cost 59.3565 + 2228.99 = 2288.34 over 254 frames.
LOG (lattice-best-path[5.5.987~1-eb8d0]:main():lattice-best-path.cc:99) For utterance VIVOSDEV07-231, best cost 49.7223 + 2398.97 = 2448.69 over 254 frames.
LOG (lattice-best-path[5.5.987~1-eb8d0]:main():lattice-best-path.cc:99) For utterance VIVOSDEV07-236, best cost 58.6584 + 2074.63 = 2133.29 over 226 frames.
LOG (lattice-best-path[5.5.987~1-eb8d0]:main():lattice-best-path.cc:99) For utterance VIVOSDEV07-246, best cost 63.5892 + 2344.52 = 2408.11 over 254 frames.
LOG (lattice-best-path[5.5.987~1-eb8d0]:main():lattice-best-path.cc:99) For utterance VIVOSDEV07-264, best cost 33.6248 + 2659.04 = 2692.66 over 279 frames.
LOG (lattice-best-path[5.5.987~1-eb8d0]:main():lattice-best-path.cc:99) For utterance VIVOSDEV07-266, best cost 30.1238 + 2257.42 = 2287.55 over 254 frames.
LOG (lattice-best-path[5.5.987~1-eb8d0]:main():lattice-best-path.cc:99) For utterance VIVOSDEV07-295, best cost 46.2359 + 3642.76 = 3689 over 373 frames.
LOG (lattice-best-path[5.5.987~1-eb8d0]:main():lattice-best-path.cc:99) For utterance VIVOSDEV08-002, best cost 28.1813 + 2077.31 = 2105.49 over 236 frames.
LOG (lattice-best-path[5.5.987~1-eb8d0]:main():lattice-best-path.cc:99) For utterance VIVOSDEV08-005, best cost 41.8485 + 3385.21 = 3427.06 over 339 frames.
LOG (lattice-best-path[5.5.987~1-eb8d0]:main():lattice-best-path.cc:99) For utterance VIVOSDEV08-014, best cost 64.227 + 3324.18 = 3388.41 over 361 frames.
LOG (lattice-best-path[5.5.987~1-eb8d0]:main():lattice-best-path.cc:99) For utterance VIVOSDEV08-025, best cost 74.0804 + 3352.56 = 3426.64 over 367 frames.
LOG (lattice-best-path[5.5.987~1-eb8d0]:main():lattice-best-path.cc:99) For utterance VIVOSDEV08-032, best cost 49.1129 + 4829.4 = 4878.51 over 517 frames.
LOG (lattice-best-path[5.5.987~1-eb8d0]:main():lattice-best-path.cc:99) For utterance VIVOSDEV08-053, best cost 44.7489 + 4049.77 = 4094.51 over 414 frames.
LOG (lattice-best-path[5.5.987~1-eb8d0]:main():lattice-best-path.cc:99) For utterance VIVOSDEV08-057, best cost 87.7252 + 3989.87 = 4077.6 over 429 frames.
LOG (lattice-best-path[5.5.987~1-eb8d0]:main():lattice-best-path.cc:99) For utterance VIVOSDEV08-062, best cost 37.5269 + 3151.51 = 3189.04 over 323 frames.
LOG (lattice-best-path[5.5.987~1-eb8d0]:main():lattice-best-path.cc:99) For utterance VIVOSDEV08-071, best cost 118.473 + 4145.52 = 4264 over 445 frames.
LOG (lattice-best-path[5.5.987~1-eb8d0]:main():lattice-best-path.cc:99) For utterance VIVOSDEV08-077, best cost 81.189 + 2958.56 = 3039.75 over 298 frames.
LOG (lattice-best-path[5.5.987~1-eb8d0]:main():lattice-best-path.cc:99) For utterance VIVOSDEV08-085, best cost 89.7683 + 3936.91 = 4026.68 over 414 frames.
LOG (lattice-best-path[5.5.987~1-eb8d0]:main():lattice-best-path.cc:99) For utterance VIVOSDEV08-090, best cost 53.0893 + 2270.38 = 2323.47 over 236 frames.
LOG (lattice-best-path[5.5.987~1-eb8d0]:main():lattice-best-path.cc:99) For utterance VIVOSDEV08-093, best cost 70.305 + 4026.43 = 4096.73 over 423 frames.
LOG (lattice-best-path[5.5.987~1-eb8d0]:main():lattice-best-path.cc:99) For utterance VIVOSDEV08-100, best cost 118.822 + 3575.12 = 3693.94 over 373 frames.
LOG (lattice-best-path[5.5.987~1-eb8d0]:main():lattice-best-path.cc:99) For utterance VIVOSDEV08-127, best cost 65.7325 + 2920.36 = 2986.09 over 317 frames.
LOG (lattice-best-path[5.5.987~1-eb8d0]:main():lattice-best-path.cc:99) For utterance VIVOSDEV08-128, best cost 39.1069 + 2392.76 = 2431.87 over 261 frames.
LOG (lattice-best-path[5.5.987~1-eb8d0]:main():lattice-best-path.cc:99) For utterance VIVOSDEV08-129, best cost 118.762 + 3798.81 = 3917.57 over 386 frames.
LOG (lattice-best-path[5.5.987~1-eb8d0]:main():lattice-best-path.cc:99) For utterance VIVOSDEV08-141, best cost 94.3311 + 4553.66 = 4647.99 over 479 frames.
LOG (lattice-best-path[5.5.987~1-eb8d0]:main():lattice-best-path.cc:99) For utterance VIVOSDEV08-143, best cost 36.9028 + 2857.6 = 2894.5 over 304 frames.
LOG (lattice-best-path[5.5.987~1-eb8d0]:main():lattice-best-path.cc:99) For utterance VIVOSDEV08-145, best cost 47.4274 + 2350.56 = 2397.99 over 267 frames.
LOG (lattice-best-path[5.5.987~1-eb8d0]:main():lattice-best-path.cc:99) For utterance VIVOSDEV08-159, best cost 72.8001 + 2585.84 = 2658.64 over 279 frames.
LOG (lattice-best-path[5.5.987~1-eb8d0]:main():lattice-best-path.cc:99) For utterance VIVOSDEV08-163, best cost 92.7517 + 4268.56 = 4361.31 over 457 frames.
LOG (lattice-best-path[5.5.987~1-eb8d0]:main():lattice-best-path.cc:99) For utterance VIVOSDEV08-166, best cost 89.4435 + 3425.68 = 3515.12 over 361 frames.
LOG (lattice-best-path[5.5.987~1-eb8d0]:main():lattice-best-path.cc:99) For utterance VIVOSDEV08-180, best cost 48.3978 + 2774.95 = 2823.35 over 311 frames.
LOG (lattice-best-path[5.5.987~1-eb8d0]:main():lattice-best-path.cc:99) For utterance VIVOSDEV08-182, best cost 72.7029 + 3278.44 = 3351.14 over 336 frames.
LOG (lattice-best-path[5.5.987~1-eb8d0]:main():lattice-best-path.cc:99) For utterance VIVOSDEV08-193, best cost 54.8127 + 2002.25 = 2057.06 over 217 frames.
LOG (lattice-best-path[5.5.987~1-eb8d0]:main():lattice-best-path.cc:99) For utterance VIVOSDEV08-196, best cost 65.2328 + 2657.83 = 2723.06 over 279 frames.
LOG (lattice-best-path[5.5.987~1-eb8d0]:main():lattice-best-path.cc:99) For utterance VIVOSDEV08-201, best cost 26.7569 + 1994.87 = 2021.63 over 223 frames.
LOG (lattice-best-path[5.5.987~1-eb8d0]:main():lattice-best-path.cc:99) For utterance VIVOSDEV08-208, best cost 48.3521 + 1935.59 = 1983.94 over 223 frames.
LOG (lattice-best-path[5.5.987~1-eb8d0]:main():lattice-best-path.cc:99) For utterance VIVOSDEV08-210, best cost 66.006 + 2169.53 = 2235.53 over 236 frames.
LOG (lattice-best-path[5.5.987~1-eb8d0]:main():lattice-best-path.cc:99) For utterance VIVOSDEV08-214, best cost 61.4934 + 2458.89 = 2520.38 over 279 frames.
LOG (lattice-best-path[5.5.987~1-eb8d0]:main():lattice-best-path.cc:99) For utterance VIVOSDEV08-222, best cost 41.3842 + 2024.93 = 2066.31 over 236 frames.
LOG (lattice-depth-per-frame[5.5.987~1-eb8d0]:main():lattice-depth-per-frame.cc:82) Done 80 lattices.
LOG (lattice-best-path[5.5.987~1-eb8d0]:main():lattice-best-path.cc:99) For utterance VIVOSDEV08-224, best cost 57.5281 + 2095.85 = 2153.37 over 236 frames.
LOG (lattice-best-path[5.5.987~1-eb8d0]:main():lattice-best-path.cc:99) For utterance VIVOSDEV08-233, best cost 59.1371 + 2707.14 = 2766.28 over 323 frames.
LOG (lattice-best-path[5.5.987~1-eb8d0]:main():lattice-best-path.cc:99) For utterance VIVOSDEV08-270, best cost 34.8162 + 1570.14 = 1604.95 over 186 frames.
LOG (lattice-best-path[5.5.987~1-eb8d0]:main():lattice-best-path.cc:99) For utterance VIVOSDEV08-271, best cost 26.6688 + 2068.37 = 2095.04 over 236 frames.
LOG (lattice-best-path[5.5.987~1-eb8d0]:main():lattice-best-path.cc:99) For utterance VIVOSDEV08-274, best cost 27.0349 + 1699.81 = 1726.85 over 179 frames.
LOG (lattice-best-path[5.5.987~1-eb8d0]:main():lattice-best-path.cc:99) For utterance VIVOSDEV08-277, best cost 27.9273 + 2271.8 = 2299.73 over 248 frames.
LOG (lattice-best-path[5.5.987~1-eb8d0]:main():lattice-best-path.cc:99) For utterance VIVOSDEV08-295, best cost 31.3921 + 2574.17 = 2605.56 over 286 frames.
LOG (lattice-best-path[5.5.987~1-eb8d0]:main():lattice-best-path.cc:99) For utterance VIVOSDEV08-300, best cost 33.5863 + 2714.41 = 2748 over 298 frames.
LOG (lattice-best-path[5.5.987~1-eb8d0]:main():lattice-best-path.cc:124) Overall cost per frame is 9.51727 = 0.19473 [graph] + 9.32254 [acoustic] over 25123 frames.
LOG (lattice-best-path[5.5.987~1-eb8d0]:main():lattice-best-path.cc:128) Done 80 lattices, failed for 0
# Accounting: time=0 threads=1
# Ended (code 0) at Fri Oct 29 08:12:16 +07 2021, elapsed time 0 seconds
