# compute-mfcc-feats --write-utt2dur=ark,t:exp/make_mfcc/train/utt2dur.10 --verbose=2 --config=conf/mfcc.conf scp,p:exp/make_mfcc/train/wav_train.10.scp ark:- | copy-feats --write-num-frames=ark,t:exp/make_mfcc/train/utt2num_frames.10 --compress=true ark:- ark,scp:/home/phuc/workspace/research/kaldi/egs/vivos/mfcc/raw_mfcc_train.10.ark,/home/phuc/workspace/research/kaldi/egs/vivos/mfcc/raw_mfcc_train.10.scp 
# Started at Fri Oct 29 08:00:56 +07 2021
#
copy-feats --write-num-frames=ark,t:exp/make_mfcc/train/utt2num_frames.10 --compress=true ark:- ark,scp:/home/phuc/workspace/research/kaldi/egs/vivos/mfcc/raw_mfcc_train.10.ark,/home/phuc/workspace/research/kaldi/egs/vivos/mfcc/raw_mfcc_train.10.scp 
compute-mfcc-feats --write-utt2dur=ark,t:exp/make_mfcc/train/utt2dur.10 --verbose=2 --config=conf/mfcc.conf scp,p:exp/make_mfcc/train/wav_train.10.scp ark:- 
VLOG[2] (compute-mfcc-feats[5.5.987~1-eb8d0]:main():compute-mfcc-feats.cc:182) Processed features for key VIVOSSPK26-172
VLOG[2] (compute-mfcc-feats[5.5.987~1-eb8d0]:main():compute-mfcc-feats.cc:182) Processed features for key VIVOSSPK26-173
VLOG[2] (compute-mfcc-feats[5.5.987~1-eb8d0]:main():compute-mfcc-feats.cc:182) Processed features for key VIVOSSPK26-174
VLOG[2] (compute-mfcc-feats[5.5.987~1-eb8d0]:main():compute-mfcc-feats.cc:182) Processed features for key VIVOSSPK26-175
VLOG[2] (compute-mfcc-feats[5.5.987~1-eb8d0]:main():compute-mfcc-feats.cc:182) Processed features for key VIVOSSPK26-176
VLOG[2] (compute-mfcc-feats[5.5.987~1-eb8d0]:main():compute-mfcc-feats.cc:182) Processed features for key VIVOSSPK26-177
VLOG[2] (compute-mfcc-feats[5.5.987~1-eb8d0]:main():compute-mfcc-feats.cc:182) Processed features for key VIVOSSPK26-178
VLOG[2] (compute-mfcc-feats[5.5.987~1-eb8d0]:main():compute-mfcc-feats.cc:182) Processed features for key VIVOSSPK26-179
VLOG[2] (compute-mfcc-feats[5.5.987~1-eb8d0]:main():compute-mfcc-feats.cc:182) Processed features for key VIVOSSPK26-180
LOG (compute-mfcc-feats[5.5.987~1-eb8d0]:main():compute-mfcc-feats.cc:181) Processed 10 utterances
VLOG[2] (compute-mfcc-feats[5.5.987~1-eb8d0]:main():compute-mfcc-feats.cc:182) Processed features for key VIVOSSPK26-181
VLOG[2] (compute-mfcc-feats[5.5.987~1-eb8d0]:main():compute-mfcc-feats.cc:182) Processed features for key VIVOSSPK26-182
VLOG[2] (compute-mfcc-feats[5.5.987~1-eb8d0]:main():compute-mfcc-feats.cc:182) Processed features for key VIVOSSPK26-183
VLOG[2] (compute-mfcc-feats[5.5.987~1-eb8d0]:main():compute-mfcc-feats.cc:182) Processed features for key VIVOSSPK26-184
VLOG[2] (compute-mfcc-feats[5.5.987~1-eb8d0]:main():compute-mfcc-feats.cc:182) Processed features for key VIVOSSPK26-185
VLOG[2] (compute-mfcc-feats[5.5.987~1-eb8d0]:main():compute-mfcc-feats.cc:182) Processed features for key VIVOSSPK26-186
VLOG[2] (compute-mfcc-feats[5.5.987~1-eb8d0]:main():compute-mfcc-feats.cc:182) Processed features for key VIVOSSPK26-187
VLOG[2] (compute-mfcc-feats[5.5.987~1-eb8d0]:main():compute-mfcc-feats.cc:182) Processed features for key VIVOSSPK26-188
VLOG[2] (compute-mfcc-feats[5.5.987~1-eb8d0]:main():compute-mfcc-feats.cc:182) Processed features for key VIVOSSPK26-189
VLOG[2] (compute-mfcc-feats[5.5.987~1-eb8d0]:main():compute-mfcc-feats.cc:182) Processed features for key VIVOSSPK26-190
LOG (compute-mfcc-feats[5.5.987~1-eb8d0]:main():compute-mfcc-feats.cc:181) Processed 20 utterances
VLOG[2] (compute-mfcc-feats[5.5.987~1-eb8d0]:main():compute-mfcc-feats.cc:182) Processed features for key VIVOSSPK26-191
VLOG[2] (compute-mfcc-feats[5.5.987~1-eb8d0]:main():compute-mfcc-feats.cc:182) Processed features for key VIVOSSPK26-192
VLOG[2] (compute-mfcc-feats[5.5.987~1-eb8d0]:main():compute-mfcc-feats.cc:182) Processed features for key VIVOSSPK26-193
VLOG[2] (compute-mfcc-feats[5.5.987~1-eb8d0]:main():compute-mfcc-feats.cc:182) Processed features for key VIVOSSPK26-194
VLOG[2] (compute-mfcc-feats[5.5.987~1-eb8d0]:main():compute-mfcc-feats.cc:182) Processed features for key VIVOSSPK26-195
VLOG[2] (compute-mfcc-feats[5.5.987~1-eb8d0]:main():compute-mfcc-feats.cc:182) Processed features for key VIVOSSPK26-196
VLOG[2] (compute-mfcc-feats[5.5.987~1-eb8d0]:main():compute-mfcc-feats.cc:182) Processed features for key VIVOSSPK26-197
VLOG[2] (compute-mfcc-feats[5.5.987~1-eb8d0]:main():compute-mfcc-feats.cc:182) Processed features for key VIVOSSPK26-198
VLOG[2] (compute-mfcc-feats[5.5.987~1-eb8d0]:main():compute-mfcc-feats.cc:182) Processed features for key VIVOSSPK26-199
VLOG[2] (compute-mfcc-feats[5.5.987~1-eb8d0]:main():compute-mfcc-feats.cc:182) Processed features for key VIVOSSPK26-200
LOG (compute-mfcc-feats[5.5.987~1-eb8d0]:main():compute-mfcc-feats.cc:181) Processed 30 utterances
VLOG[2] (compute-mfcc-feats[5.5.987~1-eb8d0]:main():compute-mfcc-feats.cc:182) Processed features for key VIVOSSPK26-201
VLOG[2] (compute-mfcc-feats[5.5.987~1-eb8d0]:main():compute-mfcc-feats.cc:182) Processed features for key VIVOSSPK26-202
VLOG[2] (compute-mfcc-feats[5.5.987~1-eb8d0]:main():compute-mfcc-feats.cc:182) Processed features for key VIVOSSPK26-203
VLOG[2] (compute-mfcc-feats[5.5.987~1-eb8d0]:main():compute-mfcc-feats.cc:182) Processed features for key VIVOSSPK26-204
VLOG[2] (compute-mfcc-feats[5.5.987~1-eb8d0]:main():compute-mfcc-feats.cc:182) Processed features for key VIVOSSPK26-205
VLOG[2] (compute-mfcc-feats[5.5.987~1-eb8d0]:main():compute-mfcc-feats.cc:182) Processed features for key VIVOSSPK26-206
VLOG[2] (compute-mfcc-feats[5.5.987~1-eb8d0]:main():compute-mfcc-feats.cc:182) Processed features for key VIVOSSPK26-207
VLOG[2] (compute-mfcc-feats[5.5.987~1-eb8d0]:main():compute-mfcc-feats.cc:182) Processed features for key VIVOSSPK26-208
VLOG[2] (compute-mfcc-feats[5.5.987~1-eb8d0]:main():compute-mfcc-feats.cc:182) Processed features for key VIVOSSPK26-209
VLOG[2] (compute-mfcc-feats[5.5.987~1-eb8d0]:main():compute-mfcc-feats.cc:182) Processed features for key VIVOSSPK26-210
LOG (compute-mfcc-feats[5.5.987~1-eb8d0]:main():compute-mfcc-feats.cc:181) Processed 40 utterances
VLOG[2] (compute-mfcc-feats[5.5.987~1-eb8d0]:main():compute-mfcc-feats.cc:182) Processed features for key VIVOSSPK26-211
VLOG[2] (compute-mfcc-feats[5.5.987~1-eb8d0]:main():compute-mfcc-feats.cc:182) Processed features for key VIVOSSPK26-212
VLOG[2] (compute-mfcc-feats[5.5.987~1-eb8d0]:main():compute-mfcc-feats.cc:182) Processed features for key VIVOSSPK26-213
VLOG[2] (compute-mfcc-feats[5.5.987~1-eb8d0]:main():compute-mfcc-feats.cc:182) Processed features for key VIVOSSPK26-214
VLOG[2] (compute-mfcc-feats[5.5.987~1-eb8d0]:main():compute-mfcc-feats.cc:182) Processed features for key VIVOSSPK26-215
VLOG[2] (compute-mfcc-feats[5.5.987~1-eb8d0]:main():compute-mfcc-feats.cc:182) Processed features for key VIVOSSPK26-216
VLOG[2] (compute-mfcc-feats[5.5.987~1-eb8d0]:main():compute-mfcc-feats.cc:182) Processed features for key VIVOSSPK26-217
VLOG[2] (compute-mfcc-feats[5.5.987~1-eb8d0]:main():compute-mfcc-feats.cc:182) Processed features for key VIVOSSPK26-218
VLOG[2] (compute-mfcc-feats[5.5.987~1-eb8d0]:main():compute-mfcc-feats.cc:182) Processed features for key VIVOSSPK26-219
VLOG[2] (compute-mfcc-feats[5.5.987~1-eb8d0]:main():compute-mfcc-feats.cc:182) Processed features for key VIVOSSPK26-220
LOG (compute-mfcc-feats[5.5.987~1-eb8d0]:main():compute-mfcc-feats.cc:181) Processed 50 utterances
VLOG[2] (compute-mfcc-feats[5.5.987~1-eb8d0]:main():compute-mfcc-feats.cc:182) Processed features for key VIVOSSPK26-221
VLOG[2] (compute-mfcc-feats[5.5.987~1-eb8d0]:main():compute-mfcc-feats.cc:182) Processed features for key VIVOSSPK26-222
VLOG[2] (compute-mfcc-feats[5.5.987~1-eb8d0]:main():compute-mfcc-feats.cc:182) Processed features for key VIVOSSPK26-223
VLOG[2] (compute-mfcc-feats[5.5.987~1-eb8d0]:main():compute-mfcc-feats.cc:182) Processed features for key VIVOSSPK26-224
VLOG[2] (compute-mfcc-feats[5.5.987~1-eb8d0]:main():compute-mfcc-feats.cc:182) Processed features for key VIVOSSPK26-225
VLOG[2] (compute-mfcc-feats[5.5.987~1-eb8d0]:main():compute-mfcc-feats.cc:182) Processed features for key VIVOSSPK26-226
VLOG[2] (compute-mfcc-feats[5.5.987~1-eb8d0]:main():compute-mfcc-feats.cc:182) Processed features for key VIVOSSPK26-227
VLOG[2] (compute-mfcc-feats[5.5.987~1-eb8d0]:main():compute-mfcc-feats.cc:182) Processed features for key VIVOSSPK26-228
VLOG[2] (compute-mfcc-feats[5.5.987~1-eb8d0]:main():compute-mfcc-feats.cc:182) Processed features for key VIVOSSPK26-229
VLOG[2] (compute-mfcc-feats[5.5.987~1-eb8d0]:main():compute-mfcc-feats.cc:182) Processed features for key VIVOSSPK26-230
LOG (compute-mfcc-feats[5.5.987~1-eb8d0]:main():compute-mfcc-feats.cc:181) Processed 60 utterances
VLOG[2] (compute-mfcc-feats[5.5.987~1-eb8d0]:main():compute-mfcc-feats.cc:182) Processed features for key VIVOSSPK26-231
VLOG[2] (compute-mfcc-feats[5.5.987~1-eb8d0]:main():compute-mfcc-feats.cc:182) Processed features for key VIVOSSPK26-232
VLOG[2] (compute-mfcc-feats[5.5.987~1-eb8d0]:main():compute-mfcc-feats.cc:182) Processed features for key VIVOSSPK26-233
VLOG[2] (compute-mfcc-feats[5.5.987~1-eb8d0]:main():compute-mfcc-feats.cc:182) Processed features for key VIVOSSPK26-234
VLOG[2] (compute-mfcc-feats[5.5.987~1-eb8d0]:main():compute-mfcc-feats.cc:182) Processed features for key VIVOSSPK26-235
VLOG[2] (compute-mfcc-feats[5.5.987~1-eb8d0]:main():compute-mfcc-feats.cc:182) Processed features for key VIVOSSPK26-236
VLOG[2] (compute-mfcc-feats[5.5.987~1-eb8d0]:main():compute-mfcc-feats.cc:182) Processed features for key VIVOSSPK26-237
VLOG[2] (compute-mfcc-feats[5.5.987~1-eb8d0]:main():compute-mfcc-feats.cc:182) Processed features for key VIVOSSPK26-238
VLOG[2] (compute-mfcc-feats[5.5.987~1-eb8d0]:main():compute-mfcc-feats.cc:182) Processed features for key VIVOSSPK26-239
VLOG[2] (compute-mfcc-feats[5.5.987~1-eb8d0]:main():compute-mfcc-feats.cc:182) Processed features for key VIVOSSPK26-240
LOG (compute-mfcc-feats[5.5.987~1-eb8d0]:main():compute-mfcc-feats.cc:181) Processed 70 utterances
VLOG[2] (compute-mfcc-feats[5.5.987~1-eb8d0]:main():compute-mfcc-feats.cc:182) Processed features for key VIVOSSPK26-241
VLOG[2] (compute-mfcc-feats[5.5.987~1-eb8d0]:main():compute-mfcc-feats.cc:182) Processed features for key VIVOSSPK26-242
VLOG[2] (compute-mfcc-feats[5.5.987~1-eb8d0]:main():compute-mfcc-feats.cc:182) Processed features for key VIVOSSPK26-243
VLOG[2] (compute-mfcc-feats[5.5.987~1-eb8d0]:main():compute-mfcc-feats.cc:182) Processed features for key VIVOSSPK26-244
VLOG[2] (compute-mfcc-feats[5.5.987~1-eb8d0]:main():compute-mfcc-feats.cc:182) Processed features for key VIVOSSPK26-245
VLOG[2] (compute-mfcc-feats[5.5.987~1-eb8d0]:main():compute-mfcc-feats.cc:182) Processed features for key VIVOSSPK26-246
VLOG[2] (compute-mfcc-feats[5.5.987~1-eb8d0]:main():compute-mfcc-feats.cc:182) Processed features for key VIVOSSPK26-247
VLOG[2] (compute-mfcc-feats[5.5.987~1-eb8d0]:main():compute-mfcc-feats.cc:182) Processed features for key VIVOSSPK26-248
VLOG[2] (compute-mfcc-feats[5.5.987~1-eb8d0]:main():compute-mfcc-feats.cc:182) Processed features for key VIVOSSPK26-249
VLOG[2] (compute-mfcc-feats[5.5.987~1-eb8d0]:main():compute-mfcc-feats.cc:182) Processed features for key VIVOSSPK26-250
LOG (compute-mfcc-feats[5.5.987~1-eb8d0]:main():compute-mfcc-feats.cc:181) Processed 80 utterances
VLOG[2] (compute-mfcc-feats[5.5.987~1-eb8d0]:main():compute-mfcc-feats.cc:182) Processed features for key VIVOSSPK26-251
VLOG[2] (compute-mfcc-feats[5.5.987~1-eb8d0]:main():compute-mfcc-feats.cc:182) Processed features for key VIVOSSPK26-252
VLOG[2] (compute-mfcc-feats[5.5.987~1-eb8d0]:main():compute-mfcc-feats.cc:182) Processed features for key VIVOSSPK26-253
VLOG[2] (compute-mfcc-feats[5.5.987~1-eb8d0]:main():compute-mfcc-feats.cc:182) Processed features for key VIVOSSPK26-254
VLOG[2] (compute-mfcc-feats[5.5.987~1-eb8d0]:main():compute-mfcc-feats.cc:182) Processed features for key VIVOSSPK26-255
VLOG[2] (compute-mfcc-feats[5.5.987~1-eb8d0]:main():compute-mfcc-feats.cc:182) Processed features for key VIVOSSPK26-256
VLOG[2] (compute-mfcc-feats[5.5.987~1-eb8d0]:main():compute-mfcc-feats.cc:182) Processed features for key VIVOSSPK26-257
VLOG[2] (compute-mfcc-feats[5.5.987~1-eb8d0]:main():compute-mfcc-feats.cc:182) Processed features for key VIVOSSPK26-258
VLOG[2] (compute-mfcc-feats[5.5.987~1-eb8d0]:main():compute-mfcc-feats.cc:182) Processed features for key VIVOSSPK26-259
VLOG[2] (compute-mfcc-feats[5.5.987~1-eb8d0]:main():compute-mfcc-feats.cc:182) Processed features for key VIVOSSPK26-260
LOG (compute-mfcc-feats[5.5.987~1-eb8d0]:main():compute-mfcc-feats.cc:181) Processed 90 utterances
VLOG[2] (compute-mfcc-feats[5.5.987~1-eb8d0]:main():compute-mfcc-feats.cc:182) Processed features for key VIVOSSPK26-261
VLOG[2] (compute-mfcc-feats[5.5.987~1-eb8d0]:main():compute-mfcc-feats.cc:182) Processed features for key VIVOSSPK26-262
VLOG[2] (compute-mfcc-feats[5.5.987~1-eb8d0]:main():compute-mfcc-feats.cc:182) Processed features for key VIVOSSPK26-263
VLOG[2] (compute-mfcc-feats[5.5.987~1-eb8d0]:main():compute-mfcc-feats.cc:182) Processed features for key VIVOSSPK26-264
VLOG[2] (compute-mfcc-feats[5.5.987~1-eb8d0]:main():compute-mfcc-feats.cc:182) Processed features for key VIVOSSPK26-265
VLOG[2] (compute-mfcc-feats[5.5.987~1-eb8d0]:main():compute-mfcc-feats.cc:182) Processed features for key VIVOSSPK26-266
VLOG[2] (compute-mfcc-feats[5.5.987~1-eb8d0]:main():compute-mfcc-feats.cc:182) Processed features for key VIVOSSPK26-267
VLOG[2] (compute-mfcc-feats[5.5.987~1-eb8d0]:main():compute-mfcc-feats.cc:182) Processed features for key VIVOSSPK26-268
VLOG[2] (compute-mfcc-feats[5.5.987~1-eb8d0]:main():compute-mfcc-feats.cc:182) Processed features for key VIVOSSPK26-269
VLOG[2] (compute-mfcc-feats[5.5.987~1-eb8d0]:main():compute-mfcc-feats.cc:182) Processed features for key VIVOSSPK26-270
LOG (compute-mfcc-feats[5.5.987~1-eb8d0]:main():compute-mfcc-feats.cc:181) Processed 100 utterances
VLOG[2] (compute-mfcc-feats[5.5.987~1-eb8d0]:main():compute-mfcc-feats.cc:182) Processed features for key VIVOSSPK26-271
VLOG[2] (compute-mfcc-feats[5.5.987~1-eb8d0]:main():compute-mfcc-feats.cc:182) Processed features for key VIVOSSPK26-272
VLOG[2] (compute-mfcc-feats[5.5.987~1-eb8d0]:main():compute-mfcc-feats.cc:182) Processed features for key VIVOSSPK26-273
VLOG[2] (compute-mfcc-feats[5.5.987~1-eb8d0]:main():compute-mfcc-feats.cc:182) Processed features for key VIVOSSPK26-274
VLOG[2] (compute-mfcc-feats[5.5.987~1-eb8d0]:main():compute-mfcc-feats.cc:182) Processed features for key VIVOSSPK26-275
VLOG[2] (compute-mfcc-feats[5.5.987~1-eb8d0]:main():compute-mfcc-feats.cc:182) Processed features for key VIVOSSPK26-276
VLOG[2] (compute-mfcc-feats[5.5.987~1-eb8d0]:main():compute-mfcc-feats.cc:182) Processed features for key VIVOSSPK26-277
VLOG[2] (compute-mfcc-feats[5.5.987~1-eb8d0]:main():compute-mfcc-feats.cc:182) Processed features for key VIVOSSPK26-278
VLOG[2] (compute-mfcc-feats[5.5.987~1-eb8d0]:main():compute-mfcc-feats.cc:182) Processed features for key VIVOSSPK26-279
VLOG[2] (compute-mfcc-feats[5.5.987~1-eb8d0]:main():compute-mfcc-feats.cc:182) Processed features for key VIVOSSPK26-280
LOG (compute-mfcc-feats[5.5.987~1-eb8d0]:main():compute-mfcc-feats.cc:181) Processed 110 utterances
VLOG[2] (compute-mfcc-feats[5.5.987~1-eb8d0]:main():compute-mfcc-feats.cc:182) Processed features for key VIVOSSPK26-281
VLOG[2] (compute-mfcc-feats[5.5.987~1-eb8d0]:main():compute-mfcc-feats.cc:182) Processed features for key VIVOSSPK26-282
VLOG[2] (compute-mfcc-feats[5.5.987~1-eb8d0]:main():compute-mfcc-feats.cc:182) Processed features for key VIVOSSPK26-283
VLOG[2] (compute-mfcc-feats[5.5.987~1-eb8d0]:main():compute-mfcc-feats.cc:182) Processed features for key VIVOSSPK26-284
VLOG[2] (compute-mfcc-feats[5.5.987~1-eb8d0]:main():compute-mfcc-feats.cc:182) Processed features for key VIVOSSPK26-285
VLOG[2] (compute-mfcc-feats[5.5.987~1-eb8d0]:main():compute-mfcc-feats.cc:182) Processed features for key VIVOSSPK26-286
VLOG[2] (compute-mfcc-feats[5.5.987~1-eb8d0]:main():compute-mfcc-feats.cc:182) Processed features for key VIVOSSPK26-287
VLOG[2] (compute-mfcc-feats[5.5.987~1-eb8d0]:main():compute-mfcc-feats.cc:182) Processed features for key VIVOSSPK26-288
VLOG[2] (compute-mfcc-feats[5.5.987~1-eb8d0]:main():compute-mfcc-feats.cc:182) Processed features for key VIVOSSPK26-289
VLOG[2] (compute-mfcc-feats[5.5.987~1-eb8d0]:main():compute-mfcc-feats.cc:182) Processed features for key VIVOSSPK26-290
LOG (compute-mfcc-feats[5.5.987~1-eb8d0]:main():compute-mfcc-feats.cc:181) Processed 120 utterances
VLOG[2] (compute-mfcc-feats[5.5.987~1-eb8d0]:main():compute-mfcc-feats.cc:182) Processed features for key VIVOSSPK26-291
VLOG[2] (compute-mfcc-feats[5.5.987~1-eb8d0]:main():compute-mfcc-feats.cc:182) Processed features for key VIVOSSPK26-292
VLOG[2] (compute-mfcc-feats[5.5.987~1-eb8d0]:main():compute-mfcc-feats.cc:182) Processed features for key VIVOSSPK26-293
VLOG[2] (compute-mfcc-feats[5.5.987~1-eb8d0]:main():compute-mfcc-feats.cc:182) Processed features for key VIVOSSPK26-294
VLOG[2] (compute-mfcc-feats[5.5.987~1-eb8d0]:main():compute-mfcc-feats.cc:182) Processed features for key VIVOSSPK26-295
VLOG[2] (compute-mfcc-feats[5.5.987~1-eb8d0]:main():compute-mfcc-feats.cc:182) Processed features for key VIVOSSPK26-296
VLOG[2] (compute-mfcc-feats[5.5.987~1-eb8d0]:main():compute-mfcc-feats.cc:182) Processed features for key VIVOSSPK26-297
VLOG[2] (compute-mfcc-feats[5.5.987~1-eb8d0]:main():compute-mfcc-feats.cc:182) Processed features for key VIVOSSPK26-298
VLOG[2] (compute-mfcc-feats[5.5.987~1-eb8d0]:main():compute-mfcc-feats.cc:182) Processed features for key VIVOSSPK26-299
VLOG[2] (compute-mfcc-feats[5.5.987~1-eb8d0]:main():compute-mfcc-feats.cc:182) Processed features for key VIVOSSPK26-300
LOG (compute-mfcc-feats[5.5.987~1-eb8d0]:main():compute-mfcc-feats.cc:181) Processed 130 utterances
VLOG[2] (compute-mfcc-feats[5.5.987~1-eb8d0]:main():compute-mfcc-feats.cc:182) Processed features for key VIVOSSPK27-001
VLOG[2] (compute-mfcc-feats[5.5.987~1-eb8d0]:main():compute-mfcc-feats.cc:182) Processed features for key VIVOSSPK27-002
VLOG[2] (compute-mfcc-feats[5.5.987~1-eb8d0]:main():compute-mfcc-feats.cc:182) Processed features for key VIVOSSPK27-003
VLOG[2] (compute-mfcc-feats[5.5.987~1-eb8d0]:main():compute-mfcc-feats.cc:182) Processed features for key VIVOSSPK27-004
VLOG[2] (compute-mfcc-feats[5.5.987~1-eb8d0]:main():compute-mfcc-feats.cc:182) Processed features for key VIVOSSPK27-005
VLOG[2] (compute-mfcc-feats[5.5.987~1-eb8d0]:main():compute-mfcc-feats.cc:182) Processed features for key VIVOSSPK27-006
VLOG[2] (compute-mfcc-feats[5.5.987~1-eb8d0]:main():compute-mfcc-feats.cc:182) Processed features for key VIVOSSPK27-007
VLOG[2] (compute-mfcc-feats[5.5.987~1-eb8d0]:main():compute-mfcc-feats.cc:182) Processed features for key VIVOSSPK27-008
VLOG[2] (compute-mfcc-feats[5.5.987~1-eb8d0]:main():compute-mfcc-feats.cc:182) Processed features for key VIVOSSPK27-009
VLOG[2] (compute-mfcc-feats[5.5.987~1-eb8d0]:main():compute-mfcc-feats.cc:182) Processed features for key VIVOSSPK27-010
LOG (compute-mfcc-feats[5.5.987~1-eb8d0]:main():compute-mfcc-feats.cc:181) Processed 140 utterances
VLOG[2] (compute-mfcc-feats[5.5.987~1-eb8d0]:main():compute-mfcc-feats.cc:182) Processed features for key VIVOSSPK27-011
VLOG[2] (compute-mfcc-feats[5.5.987~1-eb8d0]:main():compute-mfcc-feats.cc:182) Processed features for key VIVOSSPK27-012
VLOG[2] (compute-mfcc-feats[5.5.987~1-eb8d0]:main():compute-mfcc-feats.cc:182) Processed features for key VIVOSSPK27-013
VLOG[2] (compute-mfcc-feats[5.5.987~1-eb8d0]:main():compute-mfcc-feats.cc:182) Processed features for key VIVOSSPK27-014
VLOG[2] (compute-mfcc-feats[5.5.987~1-eb8d0]:main():compute-mfcc-feats.cc:182) Processed features for key VIVOSSPK27-015
VLOG[2] (compute-mfcc-feats[5.5.987~1-eb8d0]:main():compute-mfcc-feats.cc:182) Processed features for key VIVOSSPK27-016
VLOG[2] (compute-mfcc-feats[5.5.987~1-eb8d0]:main():compute-mfcc-feats.cc:182) Processed features for key VIVOSSPK27-017
VLOG[2] (compute-mfcc-feats[5.5.987~1-eb8d0]:main():compute-mfcc-feats.cc:182) Processed features for key VIVOSSPK27-018
VLOG[2] (compute-mfcc-feats[5.5.987~1-eb8d0]:main():compute-mfcc-feats.cc:182) Processed features for key VIVOSSPK27-019
VLOG[2] (compute-mfcc-feats[5.5.987~1-eb8d0]:main():compute-mfcc-feats.cc:182) Processed features for key VIVOSSPK27-020
LOG (compute-mfcc-feats[5.5.987~1-eb8d0]:main():compute-mfcc-feats.cc:181) Processed 150 utterances
VLOG[2] (compute-mfcc-feats[5.5.987~1-eb8d0]:main():compute-mfcc-feats.cc:182) Processed features for key VIVOSSPK27-021
VLOG[2] (compute-mfcc-feats[5.5.987~1-eb8d0]:main():compute-mfcc-feats.cc:182) Processed features for key VIVOSSPK27-022
VLOG[2] (compute-mfcc-feats[5.5.987~1-eb8d0]:main():compute-mfcc-feats.cc:182) Processed features for key VIVOSSPK27-023
VLOG[2] (compute-mfcc-feats[5.5.987~1-eb8d0]:main():compute-mfcc-feats.cc:182) Processed features for key VIVOSSPK27-024
VLOG[2] (compute-mfcc-feats[5.5.987~1-eb8d0]:main():compute-mfcc-feats.cc:182) Processed features for key VIVOSSPK27-025
VLOG[2] (compute-mfcc-feats[5.5.987~1-eb8d0]:main():compute-mfcc-feats.cc:182) Processed features for key VIVOSSPK27-026
VLOG[2] (compute-mfcc-feats[5.5.987~1-eb8d0]:main():compute-mfcc-feats.cc:182) Processed features for key VIVOSSPK27-027
VLOG[2] (compute-mfcc-feats[5.5.987~1-eb8d0]:main():compute-mfcc-feats.cc:182) Processed features for key VIVOSSPK27-028
VLOG[2] (compute-mfcc-feats[5.5.987~1-eb8d0]:main():compute-mfcc-feats.cc:182) Processed features for key VIVOSSPK27-029
VLOG[2] (compute-mfcc-feats[5.5.987~1-eb8d0]:main():compute-mfcc-feats.cc:182) Processed features for key VIVOSSPK27-030
LOG (compute-mfcc-feats[5.5.987~1-eb8d0]:main():compute-mfcc-feats.cc:181) Processed 160 utterances
VLOG[2] (compute-mfcc-feats[5.5.987~1-eb8d0]:main():compute-mfcc-feats.cc:182) Processed features for key VIVOSSPK27-031
VLOG[2] (compute-mfcc-feats[5.5.987~1-eb8d0]:main():compute-mfcc-feats.cc:182) Processed features for key VIVOSSPK27-032
VLOG[2] (compute-mfcc-feats[5.5.987~1-eb8d0]:main():compute-mfcc-feats.cc:182) Processed features for key VIVOSSPK27-033
VLOG[2] (compute-mfcc-feats[5.5.987~1-eb8d0]:main():compute-mfcc-feats.cc:182) Processed features for key VIVOSSPK27-034
VLOG[2] (compute-mfcc-feats[5.5.987~1-eb8d0]:main():compute-mfcc-feats.cc:182) Processed features for key VIVOSSPK27-035
VLOG[2] (compute-mfcc-feats[5.5.987~1-eb8d0]:main():compute-mfcc-feats.cc:182) Processed features for key VIVOSSPK27-036
VLOG[2] (compute-mfcc-feats[5.5.987~1-eb8d0]:main():compute-mfcc-feats.cc:182) Processed features for key VIVOSSPK27-037
VLOG[2] (compute-mfcc-feats[5.5.987~1-eb8d0]:main():compute-mfcc-feats.cc:182) Processed features for key VIVOSSPK27-038
VLOG[2] (compute-mfcc-feats[5.5.987~1-eb8d0]:main():compute-mfcc-feats.cc:182) Processed features for key VIVOSSPK27-039
VLOG[2] (compute-mfcc-feats[5.5.987~1-eb8d0]:main():compute-mfcc-feats.cc:182) Processed features for key VIVOSSPK27-040
LOG (compute-mfcc-feats[5.5.987~1-eb8d0]:main():compute-mfcc-feats.cc:181) Processed 170 utterances
VLOG[2] (compute-mfcc-feats[5.5.987~1-eb8d0]:main():compute-mfcc-feats.cc:182) Processed features for key VIVOSSPK27-041
VLOG[2] (compute-mfcc-feats[5.5.987~1-eb8d0]:main():compute-mfcc-feats.cc:182) Processed features for key VIVOSSPK27-042
VLOG[2] (compute-mfcc-feats[5.5.987~1-eb8d0]:main():compute-mfcc-feats.cc:182) Processed features for key VIVOSSPK27-043
VLOG[2] (compute-mfcc-feats[5.5.987~1-eb8d0]:main():compute-mfcc-feats.cc:182) Processed features for key VIVOSSPK27-044
VLOG[2] (compute-mfcc-feats[5.5.987~1-eb8d0]:main():compute-mfcc-feats.cc:182) Processed features for key VIVOSSPK27-045
VLOG[2] (compute-mfcc-feats[5.5.987~1-eb8d0]:main():compute-mfcc-feats.cc:182) Processed features for key VIVOSSPK27-046
VLOG[2] (compute-mfcc-feats[5.5.987~1-eb8d0]:main():compute-mfcc-feats.cc:182) Processed features for key VIVOSSPK27-047
VLOG[2] (compute-mfcc-feats[5.5.987~1-eb8d0]:main():compute-mfcc-feats.cc:182) Processed features for key VIVOSSPK27-048
VLOG[2] (compute-mfcc-feats[5.5.987~1-eb8d0]:main():compute-mfcc-feats.cc:182) Processed features for key VIVOSSPK27-049
VLOG[2] (compute-mfcc-feats[5.5.987~1-eb8d0]:main():compute-mfcc-feats.cc:182) Processed features for key VIVOSSPK27-050
LOG (compute-mfcc-feats[5.5.987~1-eb8d0]:main():compute-mfcc-feats.cc:181) Processed 180 utterances
VLOG[2] (compute-mfcc-feats[5.5.987~1-eb8d0]:main():compute-mfcc-feats.cc:182) Processed features for key VIVOSSPK27-051
VLOG[2] (compute-mfcc-feats[5.5.987~1-eb8d0]:main():compute-mfcc-feats.cc:182) Processed features for key VIVOSSPK27-052
VLOG[2] (compute-mfcc-feats[5.5.987~1-eb8d0]:main():compute-mfcc-feats.cc:182) Processed features for key VIVOSSPK27-053
VLOG[2] (compute-mfcc-feats[5.5.987~1-eb8d0]:main():compute-mfcc-feats.cc:182) Processed features for key VIVOSSPK27-054
VLOG[2] (compute-mfcc-feats[5.5.987~1-eb8d0]:main():compute-mfcc-feats.cc:182) Processed features for key VIVOSSPK27-055
VLOG[2] (compute-mfcc-feats[5.5.987~1-eb8d0]:main():compute-mfcc-feats.cc:182) Processed features for key VIVOSSPK27-056
VLOG[2] (compute-mfcc-feats[5.5.987~1-eb8d0]:main():compute-mfcc-feats.cc:182) Processed features for key VIVOSSPK27-057
VLOG[2] (compute-mfcc-feats[5.5.987~1-eb8d0]:main():compute-mfcc-feats.cc:182) Processed features for key VIVOSSPK27-058
VLOG[2] (compute-mfcc-feats[5.5.987~1-eb8d0]:main():compute-mfcc-feats.cc:182) Processed features for key VIVOSSPK27-059
VLOG[2] (compute-mfcc-feats[5.5.987~1-eb8d0]:main():compute-mfcc-feats.cc:182) Processed features for key VIVOSSPK27-060
LOG (compute-mfcc-feats[5.5.987~1-eb8d0]:main():compute-mfcc-feats.cc:181) Processed 190 utterances
VLOG[2] (compute-mfcc-feats[5.5.987~1-eb8d0]:main():compute-mfcc-feats.cc:182) Processed features for key VIVOSSPK27-061
VLOG[2] (compute-mfcc-feats[5.5.987~1-eb8d0]:main():compute-mfcc-feats.cc:182) Processed features for key VIVOSSPK27-062
VLOG[2] (compute-mfcc-feats[5.5.987~1-eb8d0]:main():compute-mfcc-feats.cc:182) Processed features for key VIVOSSPK27-063
VLOG[2] (compute-mfcc-feats[5.5.987~1-eb8d0]:main():compute-mfcc-feats.cc:182) Processed features for key VIVOSSPK27-064
VLOG[2] (compute-mfcc-feats[5.5.987~1-eb8d0]:main():compute-mfcc-feats.cc:182) Processed features for key VIVOSSPK27-065
VLOG[2] (compute-mfcc-feats[5.5.987~1-eb8d0]:main():compute-mfcc-feats.cc:182) Processed features for key VIVOSSPK27-066
VLOG[2] (compute-mfcc-feats[5.5.987~1-eb8d0]:main():compute-mfcc-feats.cc:182) Processed features for key VIVOSSPK27-067
VLOG[2] (compute-mfcc-feats[5.5.987~1-eb8d0]:main():compute-mfcc-feats.cc:182) Processed features for key VIVOSSPK27-068
VLOG[2] (compute-mfcc-feats[5.5.987~1-eb8d0]:main():compute-mfcc-feats.cc:182) Processed features for key VIVOSSPK27-069
VLOG[2] (compute-mfcc-feats[5.5.987~1-eb8d0]:main():compute-mfcc-feats.cc:182) Processed features for key VIVOSSPK27-070
LOG (compute-mfcc-feats[5.5.987~1-eb8d0]:main():compute-mfcc-feats.cc:181) Processed 200 utterances
VLOG[2] (compute-mfcc-feats[5.5.987~1-eb8d0]:main():compute-mfcc-feats.cc:182) Processed features for key VIVOSSPK27-071
VLOG[2] (compute-mfcc-feats[5.5.987~1-eb8d0]:main():compute-mfcc-feats.cc:182) Processed features for key VIVOSSPK27-072
VLOG[2] (compute-mfcc-feats[5.5.987~1-eb8d0]:main():compute-mfcc-feats.cc:182) Processed features for key VIVOSSPK27-073
VLOG[2] (compute-mfcc-feats[5.5.987~1-eb8d0]:main():compute-mfcc-feats.cc:182) Processed features for key VIVOSSPK27-074
VLOG[2] (compute-mfcc-feats[5.5.987~1-eb8d0]:main():compute-mfcc-feats.cc:182) Processed features for key VIVOSSPK27-075
VLOG[2] (compute-mfcc-feats[5.5.987~1-eb8d0]:main():compute-mfcc-feats.cc:182) Processed features for key VIVOSSPK27-076
VLOG[2] (compute-mfcc-feats[5.5.987~1-eb8d0]:main():compute-mfcc-feats.cc:182) Processed features for key VIVOSSPK27-077
VLOG[2] (compute-mfcc-feats[5.5.987~1-eb8d0]:main():compute-mfcc-feats.cc:182) Processed features for key VIVOSSPK27-078
VLOG[2] (compute-mfcc-feats[5.5.987~1-eb8d0]:main():compute-mfcc-feats.cc:182) Processed features for key VIVOSSPK27-079
VLOG[2] (compute-mfcc-feats[5.5.987~1-eb8d0]:main():compute-mfcc-feats.cc:182) Processed features for key VIVOSSPK27-080
LOG (compute-mfcc-feats[5.5.987~1-eb8d0]:main():compute-mfcc-feats.cc:181) Processed 210 utterances
VLOG[2] (compute-mfcc-feats[5.5.987~1-eb8d0]:main():compute-mfcc-feats.cc:182) Processed features for key VIVOSSPK27-081
VLOG[2] (compute-mfcc-feats[5.5.987~1-eb8d0]:main():compute-mfcc-feats.cc:182) Processed features for key VIVOSSPK27-082
VLOG[2] (compute-mfcc-feats[5.5.987~1-eb8d0]:main():compute-mfcc-feats.cc:182) Processed features for key VIVOSSPK27-083
VLOG[2] (compute-mfcc-feats[5.5.987~1-eb8d0]:main():compute-mfcc-feats.cc:182) Processed features for key VIVOSSPK27-084
VLOG[2] (compute-mfcc-feats[5.5.987~1-eb8d0]:main():compute-mfcc-feats.cc:182) Processed features for key VIVOSSPK27-085
VLOG[2] (compute-mfcc-feats[5.5.987~1-eb8d0]:main():compute-mfcc-feats.cc:182) Processed features for key VIVOSSPK27-086
VLOG[2] (compute-mfcc-feats[5.5.987~1-eb8d0]:main():compute-mfcc-feats.cc:182) Processed features for key VIVOSSPK27-087
VLOG[2] (compute-mfcc-feats[5.5.987~1-eb8d0]:main():compute-mfcc-feats.cc:182) Processed features for key VIVOSSPK27-088
VLOG[2] (compute-mfcc-feats[5.5.987~1-eb8d0]:main():compute-mfcc-feats.cc:182) Processed features for key VIVOSSPK27-089
VLOG[2] (compute-mfcc-feats[5.5.987~1-eb8d0]:main():compute-mfcc-feats.cc:182) Processed features for key VIVOSSPK27-090
LOG (compute-mfcc-feats[5.5.987~1-eb8d0]:main():compute-mfcc-feats.cc:181) Processed 220 utterances
VLOG[2] (compute-mfcc-feats[5.5.987~1-eb8d0]:main():compute-mfcc-feats.cc:182) Processed features for key VIVOSSPK27-091
VLOG[2] (compute-mfcc-feats[5.5.987~1-eb8d0]:main():compute-mfcc-feats.cc:182) Processed features for key VIVOSSPK27-092
VLOG[2] (compute-mfcc-feats[5.5.987~1-eb8d0]:main():compute-mfcc-feats.cc:182) Processed features for key VIVOSSPK27-093
VLOG[2] (compute-mfcc-feats[5.5.987~1-eb8d0]:main():compute-mfcc-feats.cc:182) Processed features for key VIVOSSPK27-094
VLOG[2] (compute-mfcc-feats[5.5.987~1-eb8d0]:main():compute-mfcc-feats.cc:182) Processed features for key VIVOSSPK27-095
VLOG[2] (compute-mfcc-feats[5.5.987~1-eb8d0]:main():compute-mfcc-feats.cc:182) Processed features for key VIVOSSPK27-096
VLOG[2] (compute-mfcc-feats[5.5.987~1-eb8d0]:main():compute-mfcc-feats.cc:182) Processed features for key VIVOSSPK27-097
VLOG[2] (compute-mfcc-feats[5.5.987~1-eb8d0]:main():compute-mfcc-feats.cc:182) Processed features for key VIVOSSPK27-098
VLOG[2] (compute-mfcc-feats[5.5.987~1-eb8d0]:main():compute-mfcc-feats.cc:182) Processed features for key VIVOSSPK27-099
VLOG[2] (compute-mfcc-feats[5.5.987~1-eb8d0]:main():compute-mfcc-feats.cc:182) Processed features for key VIVOSSPK27-100
LOG (compute-mfcc-feats[5.5.987~1-eb8d0]:main():compute-mfcc-feats.cc:181) Processed 230 utterances
VLOG[2] (compute-mfcc-feats[5.5.987~1-eb8d0]:main():compute-mfcc-feats.cc:182) Processed features for key VIVOSSPK27-101
VLOG[2] (compute-mfcc-feats[5.5.987~1-eb8d0]:main():compute-mfcc-feats.cc:182) Processed features for key VIVOSSPK27-102
VLOG[2] (compute-mfcc-feats[5.5.987~1-eb8d0]:main():compute-mfcc-feats.cc:182) Processed features for key VIVOSSPK27-103
VLOG[2] (compute-mfcc-feats[5.5.987~1-eb8d0]:main():compute-mfcc-feats.cc:182) Processed features for key VIVOSSPK27-104
VLOG[2] (compute-mfcc-feats[5.5.987~1-eb8d0]:main():compute-mfcc-feats.cc:182) Processed features for key VIVOSSPK27-105
VLOG[2] (compute-mfcc-feats[5.5.987~1-eb8d0]:main():compute-mfcc-feats.cc:182) Processed features for key VIVOSSPK27-106
VLOG[2] (compute-mfcc-feats[5.5.987~1-eb8d0]:main():compute-mfcc-feats.cc:182) Processed features for key VIVOSSPK27-107
VLOG[2] (compute-mfcc-feats[5.5.987~1-eb8d0]:main():compute-mfcc-feats.cc:182) Processed features for key VIVOSSPK27-108
VLOG[2] (compute-mfcc-feats[5.5.987~1-eb8d0]:main():compute-mfcc-feats.cc:182) Processed features for key VIVOSSPK27-109
VLOG[2] (compute-mfcc-feats[5.5.987~1-eb8d0]:main():compute-mfcc-feats.cc:182) Processed features for key VIVOSSPK27-110
LOG (compute-mfcc-feats[5.5.987~1-eb8d0]:main():compute-mfcc-feats.cc:181) Processed 240 utterances
VLOG[2] (compute-mfcc-feats[5.5.987~1-eb8d0]:main():compute-mfcc-feats.cc:182) Processed features for key VIVOSSPK27-111
VLOG[2] (compute-mfcc-feats[5.5.987~1-eb8d0]:main():compute-mfcc-feats.cc:182) Processed features for key VIVOSSPK27-112
VLOG[2] (compute-mfcc-feats[5.5.987~1-eb8d0]:main():compute-mfcc-feats.cc:182) Processed features for key VIVOSSPK27-113
VLOG[2] (compute-mfcc-feats[5.5.987~1-eb8d0]:main():compute-mfcc-feats.cc:182) Processed features for key VIVOSSPK27-114
VLOG[2] (compute-mfcc-feats[5.5.987~1-eb8d0]:main():compute-mfcc-feats.cc:182) Processed features for key VIVOSSPK27-115
VLOG[2] (compute-mfcc-feats[5.5.987~1-eb8d0]:main():compute-mfcc-feats.cc:182) Processed features for key VIVOSSPK27-116
VLOG[2] (compute-mfcc-feats[5.5.987~1-eb8d0]:main():compute-mfcc-feats.cc:182) Processed features for key VIVOSSPK27-117
VLOG[2] (compute-mfcc-feats[5.5.987~1-eb8d0]:main():compute-mfcc-feats.cc:182) Processed features for key VIVOSSPK27-118
VLOG[2] (compute-mfcc-feats[5.5.987~1-eb8d0]:main():compute-mfcc-feats.cc:182) Processed features for key VIVOSSPK27-119
VLOG[2] (compute-mfcc-feats[5.5.987~1-eb8d0]:main():compute-mfcc-feats.cc:182) Processed features for key VIVOSSPK27-120
LOG (compute-mfcc-feats[5.5.987~1-eb8d0]:main():compute-mfcc-feats.cc:181) Processed 250 utterances
VLOG[2] (compute-mfcc-feats[5.5.987~1-eb8d0]:main():compute-mfcc-feats.cc:182) Processed features for key VIVOSSPK27-121
VLOG[2] (compute-mfcc-feats[5.5.987~1-eb8d0]:main():compute-mfcc-feats.cc:182) Processed features for key VIVOSSPK27-122
VLOG[2] (compute-mfcc-feats[5.5.987~1-eb8d0]:main():compute-mfcc-feats.cc:182) Processed features for key VIVOSSPK27-123
VLOG[2] (compute-mfcc-feats[5.5.987~1-eb8d0]:main():compute-mfcc-feats.cc:182) Processed features for key VIVOSSPK27-124
VLOG[2] (compute-mfcc-feats[5.5.987~1-eb8d0]:main():compute-mfcc-feats.cc:182) Processed features for key VIVOSSPK27-125
VLOG[2] (compute-mfcc-feats[5.5.987~1-eb8d0]:main():compute-mfcc-feats.cc:182) Processed features for key VIVOSSPK27-126
VLOG[2] (compute-mfcc-feats[5.5.987~1-eb8d0]:main():compute-mfcc-feats.cc:182) Processed features for key VIVOSSPK27-127
VLOG[2] (compute-mfcc-feats[5.5.987~1-eb8d0]:main():compute-mfcc-feats.cc:182) Processed features for key VIVOSSPK27-128
VLOG[2] (compute-mfcc-feats[5.5.987~1-eb8d0]:main():compute-mfcc-feats.cc:182) Processed features for key VIVOSSPK27-129
VLOG[2] (compute-mfcc-feats[5.5.987~1-eb8d0]:main():compute-mfcc-feats.cc:182) Processed features for key VIVOSSPK27-130
LOG (compute-mfcc-feats[5.5.987~1-eb8d0]:main():compute-mfcc-feats.cc:181) Processed 260 utterances
VLOG[2] (compute-mfcc-feats[5.5.987~1-eb8d0]:main():compute-mfcc-feats.cc:182) Processed features for key VIVOSSPK27-131
VLOG[2] (compute-mfcc-feats[5.5.987~1-eb8d0]:main():compute-mfcc-feats.cc:182) Processed features for key VIVOSSPK27-132
VLOG[2] (compute-mfcc-feats[5.5.987~1-eb8d0]:main():compute-mfcc-feats.cc:182) Processed features for key VIVOSSPK27-133
VLOG[2] (compute-mfcc-feats[5.5.987~1-eb8d0]:main():compute-mfcc-feats.cc:182) Processed features for key VIVOSSPK27-134
VLOG[2] (compute-mfcc-feats[5.5.987~1-eb8d0]:main():compute-mfcc-feats.cc:182) Processed features for key VIVOSSPK27-135
VLOG[2] (compute-mfcc-feats[5.5.987~1-eb8d0]:main():compute-mfcc-feats.cc:182) Processed features for key VIVOSSPK27-136
VLOG[2] (compute-mfcc-feats[5.5.987~1-eb8d0]:main():compute-mfcc-feats.cc:182) Processed features for key VIVOSSPK27-137
VLOG[2] (compute-mfcc-feats[5.5.987~1-eb8d0]:main():compute-mfcc-feats.cc:182) Processed features for key VIVOSSPK27-138
VLOG[2] (compute-mfcc-feats[5.5.987~1-eb8d0]:main():compute-mfcc-feats.cc:182) Processed features for key VIVOSSPK27-139
VLOG[2] (compute-mfcc-feats[5.5.987~1-eb8d0]:main():compute-mfcc-feats.cc:182) Processed features for key VIVOSSPK27-140
LOG (compute-mfcc-feats[5.5.987~1-eb8d0]:main():compute-mfcc-feats.cc:181) Processed 270 utterances
VLOG[2] (compute-mfcc-feats[5.5.987~1-eb8d0]:main():compute-mfcc-feats.cc:182) Processed features for key VIVOSSPK27-141
VLOG[2] (compute-mfcc-feats[5.5.987~1-eb8d0]:main():compute-mfcc-feats.cc:182) Processed features for key VIVOSSPK27-142
VLOG[2] (compute-mfcc-feats[5.5.987~1-eb8d0]:main():compute-mfcc-feats.cc:182) Processed features for key VIVOSSPK27-143
VLOG[2] (compute-mfcc-feats[5.5.987~1-eb8d0]:main():compute-mfcc-feats.cc:182) Processed features for key VIVOSSPK27-144
VLOG[2] (compute-mfcc-feats[5.5.987~1-eb8d0]:main():compute-mfcc-feats.cc:182) Processed features for key VIVOSSPK27-145
VLOG[2] (compute-mfcc-feats[5.5.987~1-eb8d0]:main():compute-mfcc-feats.cc:182) Processed features for key VIVOSSPK27-146
VLOG[2] (compute-mfcc-feats[5.5.987~1-eb8d0]:main():compute-mfcc-feats.cc:182) Processed features for key VIVOSSPK27-147
VLOG[2] (compute-mfcc-feats[5.5.987~1-eb8d0]:main():compute-mfcc-feats.cc:182) Processed features for key VIVOSSPK27-148
VLOG[2] (compute-mfcc-feats[5.5.987~1-eb8d0]:main():compute-mfcc-feats.cc:182) Processed features for key VIVOSSPK27-149
VLOG[2] (compute-mfcc-feats[5.5.987~1-eb8d0]:main():compute-mfcc-feats.cc:182) Processed features for key VIVOSSPK27-150
LOG (compute-mfcc-feats[5.5.987~1-eb8d0]:main():compute-mfcc-feats.cc:181) Processed 280 utterances
VLOG[2] (compute-mfcc-feats[5.5.987~1-eb8d0]:main():compute-mfcc-feats.cc:182) Processed features for key VIVOSSPK27-151
VLOG[2] (compute-mfcc-feats[5.5.987~1-eb8d0]:main():compute-mfcc-feats.cc:182) Processed features for key VIVOSSPK27-152
VLOG[2] (compute-mfcc-feats[5.5.987~1-eb8d0]:main():compute-mfcc-feats.cc:182) Processed features for key VIVOSSPK27-153
VLOG[2] (compute-mfcc-feats[5.5.987~1-eb8d0]:main():compute-mfcc-feats.cc:182) Processed features for key VIVOSSPK27-154
VLOG[2] (compute-mfcc-feats[5.5.987~1-eb8d0]:main():compute-mfcc-feats.cc:182) Processed features for key VIVOSSPK27-155
VLOG[2] (compute-mfcc-feats[5.5.987~1-eb8d0]:main():compute-mfcc-feats.cc:182) Processed features for key VIVOSSPK27-156
VLOG[2] (compute-mfcc-feats[5.5.987~1-eb8d0]:main():compute-mfcc-feats.cc:182) Processed features for key VIVOSSPK27-157
VLOG[2] (compute-mfcc-feats[5.5.987~1-eb8d0]:main():compute-mfcc-feats.cc:182) Processed features for key VIVOSSPK27-158
VLOG[2] (compute-mfcc-feats[5.5.987~1-eb8d0]:main():compute-mfcc-feats.cc:182) Processed features for key VIVOSSPK27-159
VLOG[2] (compute-mfcc-feats[5.5.987~1-eb8d0]:main():compute-mfcc-feats.cc:182) Processed features for key VIVOSSPK27-160
LOG (compute-mfcc-feats[5.5.987~1-eb8d0]:main():compute-mfcc-feats.cc:181) Processed 290 utterances
VLOG[2] (compute-mfcc-feats[5.5.987~1-eb8d0]:main():compute-mfcc-feats.cc:182) Processed features for key VIVOSSPK27-161
VLOG[2] (compute-mfcc-feats[5.5.987~1-eb8d0]:main():compute-mfcc-feats.cc:182) Processed features for key VIVOSSPK27-162
VLOG[2] (compute-mfcc-feats[5.5.987~1-eb8d0]:main():compute-mfcc-feats.cc:182) Processed features for key VIVOSSPK27-163
VLOG[2] (compute-mfcc-feats[5.5.987~1-eb8d0]:main():compute-mfcc-feats.cc:182) Processed features for key VIVOSSPK27-164
VLOG[2] (compute-mfcc-feats[5.5.987~1-eb8d0]:main():compute-mfcc-feats.cc:182) Processed features for key VIVOSSPK27-165
VLOG[2] (compute-mfcc-feats[5.5.987~1-eb8d0]:main():compute-mfcc-feats.cc:182) Processed features for key VIVOSSPK27-166
VLOG[2] (compute-mfcc-feats[5.5.987~1-eb8d0]:main():compute-mfcc-feats.cc:182) Processed features for key VIVOSSPK27-167
VLOG[2] (compute-mfcc-feats[5.5.987~1-eb8d0]:main():compute-mfcc-feats.cc:182) Processed features for key VIVOSSPK27-168
VLOG[2] (compute-mfcc-feats[5.5.987~1-eb8d0]:main():compute-mfcc-feats.cc:182) Processed features for key VIVOSSPK27-169
VLOG[2] (compute-mfcc-feats[5.5.987~1-eb8d0]:main():compute-mfcc-feats.cc:182) Processed features for key VIVOSSPK27-170
LOG (compute-mfcc-feats[5.5.987~1-eb8d0]:main():compute-mfcc-feats.cc:181) Processed 300 utterances
VLOG[2] (compute-mfcc-feats[5.5.987~1-eb8d0]:main():compute-mfcc-feats.cc:182) Processed features for key VIVOSSPK27-171
VLOG[2] (compute-mfcc-feats[5.5.987~1-eb8d0]:main():compute-mfcc-feats.cc:182) Processed features for key VIVOSSPK27-172
VLOG[2] (compute-mfcc-feats[5.5.987~1-eb8d0]:main():compute-mfcc-feats.cc:182) Processed features for key VIVOSSPK27-173
VLOG[2] (compute-mfcc-feats[5.5.987~1-eb8d0]:main():compute-mfcc-feats.cc:182) Processed features for key VIVOSSPK27-174
VLOG[2] (compute-mfcc-feats[5.5.987~1-eb8d0]:main():compute-mfcc-feats.cc:182) Processed features for key VIVOSSPK27-175
VLOG[2] (compute-mfcc-feats[5.5.987~1-eb8d0]:main():compute-mfcc-feats.cc:182) Processed features for key VIVOSSPK27-176
VLOG[2] (compute-mfcc-feats[5.5.987~1-eb8d0]:main():compute-mfcc-feats.cc:182) Processed features for key VIVOSSPK27-177
VLOG[2] (compute-mfcc-feats[5.5.987~1-eb8d0]:main():compute-mfcc-feats.cc:182) Processed features for key VIVOSSPK27-178
VLOG[2] (compute-mfcc-feats[5.5.987~1-eb8d0]:main():compute-mfcc-feats.cc:182) Processed features for key VIVOSSPK27-179
VLOG[2] (compute-mfcc-feats[5.5.987~1-eb8d0]:main():compute-mfcc-feats.cc:182) Processed features for key VIVOSSPK27-180
LOG (compute-mfcc-feats[5.5.987~1-eb8d0]:main():compute-mfcc-feats.cc:181) Processed 310 utterances
VLOG[2] (compute-mfcc-feats[5.5.987~1-eb8d0]:main():compute-mfcc-feats.cc:182) Processed features for key VIVOSSPK27-181
VLOG[2] (compute-mfcc-feats[5.5.987~1-eb8d0]:main():compute-mfcc-feats.cc:182) Processed features for key VIVOSSPK27-182
VLOG[2] (compute-mfcc-feats[5.5.987~1-eb8d0]:main():compute-mfcc-feats.cc:182) Processed features for key VIVOSSPK27-183
VLOG[2] (compute-mfcc-feats[5.5.987~1-eb8d0]:main():compute-mfcc-feats.cc:182) Processed features for key VIVOSSPK27-184
VLOG[2] (compute-mfcc-feats[5.5.987~1-eb8d0]:main():compute-mfcc-feats.cc:182) Processed features for key VIVOSSPK27-185
VLOG[2] (compute-mfcc-feats[5.5.987~1-eb8d0]:main():compute-mfcc-feats.cc:182) Processed features for key VIVOSSPK27-186
VLOG[2] (compute-mfcc-feats[5.5.987~1-eb8d0]:main():compute-mfcc-feats.cc:182) Processed features for key VIVOSSPK27-187
VLOG[2] (compute-mfcc-feats[5.5.987~1-eb8d0]:main():compute-mfcc-feats.cc:182) Processed features for key VIVOSSPK27-188
VLOG[2] (compute-mfcc-feats[5.5.987~1-eb8d0]:main():compute-mfcc-feats.cc:182) Processed features for key VIVOSSPK27-189
VLOG[2] (compute-mfcc-feats[5.5.987~1-eb8d0]:main():compute-mfcc-feats.cc:182) Processed features for key VIVOSSPK27-190
LOG (compute-mfcc-feats[5.5.987~1-eb8d0]:main():compute-mfcc-feats.cc:181) Processed 320 utterances
VLOG[2] (compute-mfcc-feats[5.5.987~1-eb8d0]:main():compute-mfcc-feats.cc:182) Processed features for key VIVOSSPK27-191
VLOG[2] (compute-mfcc-feats[5.5.987~1-eb8d0]:main():compute-mfcc-feats.cc:182) Processed features for key VIVOSSPK27-192
VLOG[2] (compute-mfcc-feats[5.5.987~1-eb8d0]:main():compute-mfcc-feats.cc:182) Processed features for key VIVOSSPK27-193
VLOG[2] (compute-mfcc-feats[5.5.987~1-eb8d0]:main():compute-mfcc-feats.cc:182) Processed features for key VIVOSSPK27-194
VLOG[2] (compute-mfcc-feats[5.5.987~1-eb8d0]:main():compute-mfcc-feats.cc:182) Processed features for key VIVOSSPK27-195
VLOG[2] (compute-mfcc-feats[5.5.987~1-eb8d0]:main():compute-mfcc-feats.cc:182) Processed features for key VIVOSSPK27-196
VLOG[2] (compute-mfcc-feats[5.5.987~1-eb8d0]:main():compute-mfcc-feats.cc:182) Processed features for key VIVOSSPK27-197
VLOG[2] (compute-mfcc-feats[5.5.987~1-eb8d0]:main():compute-mfcc-feats.cc:182) Processed features for key VIVOSSPK27-198
VLOG[2] (compute-mfcc-feats[5.5.987~1-eb8d0]:main():compute-mfcc-feats.cc:182) Processed features for key VIVOSSPK27-199
VLOG[2] (compute-mfcc-feats[5.5.987~1-eb8d0]:main():compute-mfcc-feats.cc:182) Processed features for key VIVOSSPK27-200
LOG (compute-mfcc-feats[5.5.987~1-eb8d0]:main():compute-mfcc-feats.cc:181) Processed 330 utterances
VLOG[2] (compute-mfcc-feats[5.5.987~1-eb8d0]:main():compute-mfcc-feats.cc:182) Processed features for key VIVOSSPK27-201
VLOG[2] (compute-mfcc-feats[5.5.987~1-eb8d0]:main():compute-mfcc-feats.cc:182) Processed features for key VIVOSSPK27-202
VLOG[2] (compute-mfcc-feats[5.5.987~1-eb8d0]:main():compute-mfcc-feats.cc:182) Processed features for key VIVOSSPK27-203
VLOG[2] (compute-mfcc-feats[5.5.987~1-eb8d0]:main():compute-mfcc-feats.cc:182) Processed features for key VIVOSSPK27-204
VLOG[2] (compute-mfcc-feats[5.5.987~1-eb8d0]:main():compute-mfcc-feats.cc:182) Processed features for key VIVOSSPK27-205
VLOG[2] (compute-mfcc-feats[5.5.987~1-eb8d0]:main():compute-mfcc-feats.cc:182) Processed features for key VIVOSSPK27-206
VLOG[2] (compute-mfcc-feats[5.5.987~1-eb8d0]:main():compute-mfcc-feats.cc:182) Processed features for key VIVOSSPK27-207
VLOG[2] (compute-mfcc-feats[5.5.987~1-eb8d0]:main():compute-mfcc-feats.cc:182) Processed features for key VIVOSSPK27-208
VLOG[2] (compute-mfcc-feats[5.5.987~1-eb8d0]:main():compute-mfcc-feats.cc:182) Processed features for key VIVOSSPK27-209
VLOG[2] (compute-mfcc-feats[5.5.987~1-eb8d0]:main():compute-mfcc-feats.cc:182) Processed features for key VIVOSSPK27-210
LOG (compute-mfcc-feats[5.5.987~1-eb8d0]:main():compute-mfcc-feats.cc:181) Processed 340 utterances
VLOG[2] (compute-mfcc-feats[5.5.987~1-eb8d0]:main():compute-mfcc-feats.cc:182) Processed features for key VIVOSSPK27-211
VLOG[2] (compute-mfcc-feats[5.5.987~1-eb8d0]:main():compute-mfcc-feats.cc:182) Processed features for key VIVOSSPK27-212
VLOG[2] (compute-mfcc-feats[5.5.987~1-eb8d0]:main():compute-mfcc-feats.cc:182) Processed features for key VIVOSSPK27-213
VLOG[2] (compute-mfcc-feats[5.5.987~1-eb8d0]:main():compute-mfcc-feats.cc:182) Processed features for key VIVOSSPK27-214
VLOG[2] (compute-mfcc-feats[5.5.987~1-eb8d0]:main():compute-mfcc-feats.cc:182) Processed features for key VIVOSSPK27-215
VLOG[2] (compute-mfcc-feats[5.5.987~1-eb8d0]:main():compute-mfcc-feats.cc:182) Processed features for key VIVOSSPK27-216
VLOG[2] (compute-mfcc-feats[5.5.987~1-eb8d0]:main():compute-mfcc-feats.cc:182) Processed features for key VIVOSSPK27-217
VLOG[2] (compute-mfcc-feats[5.5.987~1-eb8d0]:main():compute-mfcc-feats.cc:182) Processed features for key VIVOSSPK27-218
VLOG[2] (compute-mfcc-feats[5.5.987~1-eb8d0]:main():compute-mfcc-feats.cc:182) Processed features for key VIVOSSPK27-219
VLOG[2] (compute-mfcc-feats[5.5.987~1-eb8d0]:main():compute-mfcc-feats.cc:182) Processed features for key VIVOSSPK27-220
LOG (compute-mfcc-feats[5.5.987~1-eb8d0]:main():compute-mfcc-feats.cc:181) Processed 350 utterances
VLOG[2] (compute-mfcc-feats[5.5.987~1-eb8d0]:main():compute-mfcc-feats.cc:182) Processed features for key VIVOSSPK27-221
VLOG[2] (compute-mfcc-feats[5.5.987~1-eb8d0]:main():compute-mfcc-feats.cc:182) Processed features for key VIVOSSPK27-222
VLOG[2] (compute-mfcc-feats[5.5.987~1-eb8d0]:main():compute-mfcc-feats.cc:182) Processed features for key VIVOSSPK27-223
VLOG[2] (compute-mfcc-feats[5.5.987~1-eb8d0]:main():compute-mfcc-feats.cc:182) Processed features for key VIVOSSPK27-224
VLOG[2] (compute-mfcc-feats[5.5.987~1-eb8d0]:main():compute-mfcc-feats.cc:182) Processed features for key VIVOSSPK27-225
VLOG[2] (compute-mfcc-feats[5.5.987~1-eb8d0]:main():compute-mfcc-feats.cc:182) Processed features for key VIVOSSPK27-226
VLOG[2] (compute-mfcc-feats[5.5.987~1-eb8d0]:main():compute-mfcc-feats.cc:182) Processed features for key VIVOSSPK27-227
VLOG[2] (compute-mfcc-feats[5.5.987~1-eb8d0]:main():compute-mfcc-feats.cc:182) Processed features for key VIVOSSPK27-228
VLOG[2] (compute-mfcc-feats[5.5.987~1-eb8d0]:main():compute-mfcc-feats.cc:182) Processed features for key VIVOSSPK27-229
VLOG[2] (compute-mfcc-feats[5.5.987~1-eb8d0]:main():compute-mfcc-feats.cc:182) Processed features for key VIVOSSPK27-230
LOG (compute-mfcc-feats[5.5.987~1-eb8d0]:main():compute-mfcc-feats.cc:181) Processed 360 utterances
VLOG[2] (compute-mfcc-feats[5.5.987~1-eb8d0]:main():compute-mfcc-feats.cc:182) Processed features for key VIVOSSPK27-231
VLOG[2] (compute-mfcc-feats[5.5.987~1-eb8d0]:main():compute-mfcc-feats.cc:182) Processed features for key VIVOSSPK27-232
VLOG[2] (compute-mfcc-feats[5.5.987~1-eb8d0]:main():compute-mfcc-feats.cc:182) Processed features for key VIVOSSPK27-233
VLOG[2] (compute-mfcc-feats[5.5.987~1-eb8d0]:main():compute-mfcc-feats.cc:182) Processed features for key VIVOSSPK27-234
VLOG[2] (compute-mfcc-feats[5.5.987~1-eb8d0]:main():compute-mfcc-feats.cc:182) Processed features for key VIVOSSPK27-235
VLOG[2] (compute-mfcc-feats[5.5.987~1-eb8d0]:main():compute-mfcc-feats.cc:182) Processed features for key VIVOSSPK27-236
VLOG[2] (compute-mfcc-feats[5.5.987~1-eb8d0]:main():compute-mfcc-feats.cc:182) Processed features for key VIVOSSPK27-237
VLOG[2] (compute-mfcc-feats[5.5.987~1-eb8d0]:main():compute-mfcc-feats.cc:182) Processed features for key VIVOSSPK27-238
VLOG[2] (compute-mfcc-feats[5.5.987~1-eb8d0]:main():compute-mfcc-feats.cc:182) Processed features for key VIVOSSPK27-239
VLOG[2] (compute-mfcc-feats[5.5.987~1-eb8d0]:main():compute-mfcc-feats.cc:182) Processed features for key VIVOSSPK27-240
LOG (compute-mfcc-feats[5.5.987~1-eb8d0]:main():compute-mfcc-feats.cc:181) Processed 370 utterances
VLOG[2] (compute-mfcc-feats[5.5.987~1-eb8d0]:main():compute-mfcc-feats.cc:182) Processed features for key VIVOSSPK27-241
VLOG[2] (compute-mfcc-feats[5.5.987~1-eb8d0]:main():compute-mfcc-feats.cc:182) Processed features for key VIVOSSPK27-242
VLOG[2] (compute-mfcc-feats[5.5.987~1-eb8d0]:main():compute-mfcc-feats.cc:182) Processed features for key VIVOSSPK27-243
VLOG[2] (compute-mfcc-feats[5.5.987~1-eb8d0]:main():compute-mfcc-feats.cc:182) Processed features for key VIVOSSPK27-244
VLOG[2] (compute-mfcc-feats[5.5.987~1-eb8d0]:main():compute-mfcc-feats.cc:182) Processed features for key VIVOSSPK28-001
VLOG[2] (compute-mfcc-feats[5.5.987~1-eb8d0]:main():compute-mfcc-feats.cc:182) Processed features for key VIVOSSPK28-002
VLOG[2] (compute-mfcc-feats[5.5.987~1-eb8d0]:main():compute-mfcc-feats.cc:182) Processed features for key VIVOSSPK28-003
VLOG[2] (compute-mfcc-feats[5.5.987~1-eb8d0]:main():compute-mfcc-feats.cc:182) Processed features for key VIVOSSPK28-004
VLOG[2] (compute-mfcc-feats[5.5.987~1-eb8d0]:main():compute-mfcc-feats.cc:182) Processed features for key VIVOSSPK28-005
VLOG[2] (compute-mfcc-feats[5.5.987~1-eb8d0]:main():compute-mfcc-feats.cc:182) Processed features for key VIVOSSPK28-006
LOG (compute-mfcc-feats[5.5.987~1-eb8d0]:main():compute-mfcc-feats.cc:181) Processed 380 utterances
VLOG[2] (compute-mfcc-feats[5.5.987~1-eb8d0]:main():compute-mfcc-feats.cc:182) Processed features for key VIVOSSPK28-007
VLOG[2] (compute-mfcc-feats[5.5.987~1-eb8d0]:main():compute-mfcc-feats.cc:182) Processed features for key VIVOSSPK28-008
VLOG[2] (compute-mfcc-feats[5.5.987~1-eb8d0]:main():compute-mfcc-feats.cc:182) Processed features for key VIVOSSPK28-009
VLOG[2] (compute-mfcc-feats[5.5.987~1-eb8d0]:main():compute-mfcc-feats.cc:182) Processed features for key VIVOSSPK28-010
VLOG[2] (compute-mfcc-feats[5.5.987~1-eb8d0]:main():compute-mfcc-feats.cc:182) Processed features for key VIVOSSPK28-011
VLOG[2] (compute-mfcc-feats[5.5.987~1-eb8d0]:main():compute-mfcc-feats.cc:182) Processed features for key VIVOSSPK28-012
VLOG[2] (compute-mfcc-feats[5.5.987~1-eb8d0]:main():compute-mfcc-feats.cc:182) Processed features for key VIVOSSPK28-013
VLOG[2] (compute-mfcc-feats[5.5.987~1-eb8d0]:main():compute-mfcc-feats.cc:182) Processed features for key VIVOSSPK28-014
VLOG[2] (compute-mfcc-feats[5.5.987~1-eb8d0]:main():compute-mfcc-feats.cc:182) Processed features for key VIVOSSPK28-015
VLOG[2] (compute-mfcc-feats[5.5.987~1-eb8d0]:main():compute-mfcc-feats.cc:182) Processed features for key VIVOSSPK28-016
LOG (compute-mfcc-feats[5.5.987~1-eb8d0]:main():compute-mfcc-feats.cc:181) Processed 390 utterances
VLOG[2] (compute-mfcc-feats[5.5.987~1-eb8d0]:main():compute-mfcc-feats.cc:182) Processed features for key VIVOSSPK28-017
VLOG[2] (compute-mfcc-feats[5.5.987~1-eb8d0]:main():compute-mfcc-feats.cc:182) Processed features for key VIVOSSPK28-018
VLOG[2] (compute-mfcc-feats[5.5.987~1-eb8d0]:main():compute-mfcc-feats.cc:182) Processed features for key VIVOSSPK28-019
VLOG[2] (compute-mfcc-feats[5.5.987~1-eb8d0]:main():compute-mfcc-feats.cc:182) Processed features for key VIVOSSPK28-020
VLOG[2] (compute-mfcc-feats[5.5.987~1-eb8d0]:main():compute-mfcc-feats.cc:182) Processed features for key VIVOSSPK28-021
VLOG[2] (compute-mfcc-feats[5.5.987~1-eb8d0]:main():compute-mfcc-feats.cc:182) Processed features for key VIVOSSPK28-022
VLOG[2] (compute-mfcc-feats[5.5.987~1-eb8d0]:main():compute-mfcc-feats.cc:182) Processed features for key VIVOSSPK28-023
VLOG[2] (compute-mfcc-feats[5.5.987~1-eb8d0]:main():compute-mfcc-feats.cc:182) Processed features for key VIVOSSPK28-024
VLOG[2] (compute-mfcc-feats[5.5.987~1-eb8d0]:main():compute-mfcc-feats.cc:182) Processed features for key VIVOSSPK28-025
VLOG[2] (compute-mfcc-feats[5.5.987~1-eb8d0]:main():compute-mfcc-feats.cc:182) Processed features for key VIVOSSPK28-026
LOG (compute-mfcc-feats[5.5.987~1-eb8d0]:main():compute-mfcc-feats.cc:181) Processed 400 utterances
VLOG[2] (compute-mfcc-feats[5.5.987~1-eb8d0]:main():compute-mfcc-feats.cc:182) Processed features for key VIVOSSPK28-027
VLOG[2] (compute-mfcc-feats[5.5.987~1-eb8d0]:main():compute-mfcc-feats.cc:182) Processed features for key VIVOSSPK28-028
VLOG[2] (compute-mfcc-feats[5.5.987~1-eb8d0]:main():compute-mfcc-feats.cc:182) Processed features for key VIVOSSPK28-029
VLOG[2] (compute-mfcc-feats[5.5.987~1-eb8d0]:main():compute-mfcc-feats.cc:182) Processed features for key VIVOSSPK28-030
VLOG[2] (compute-mfcc-feats[5.5.987~1-eb8d0]:main():compute-mfcc-feats.cc:182) Processed features for key VIVOSSPK28-031
VLOG[2] (compute-mfcc-feats[5.5.987~1-eb8d0]:main():compute-mfcc-feats.cc:182) Processed features for key VIVOSSPK28-032
VLOG[2] (compute-mfcc-feats[5.5.987~1-eb8d0]:main():compute-mfcc-feats.cc:182) Processed features for key VIVOSSPK28-033
VLOG[2] (compute-mfcc-feats[5.5.987~1-eb8d0]:main():compute-mfcc-feats.cc:182) Processed features for key VIVOSSPK28-034
VLOG[2] (compute-mfcc-feats[5.5.987~1-eb8d0]:main():compute-mfcc-feats.cc:182) Processed features for key VIVOSSPK28-035
VLOG[2] (compute-mfcc-feats[5.5.987~1-eb8d0]:main():compute-mfcc-feats.cc:182) Processed features for key VIVOSSPK28-036
LOG (compute-mfcc-feats[5.5.987~1-eb8d0]:main():compute-mfcc-feats.cc:181) Processed 410 utterances
VLOG[2] (compute-mfcc-feats[5.5.987~1-eb8d0]:main():compute-mfcc-feats.cc:182) Processed features for key VIVOSSPK28-037
VLOG[2] (compute-mfcc-feats[5.5.987~1-eb8d0]:main():compute-mfcc-feats.cc:182) Processed features for key VIVOSSPK28-038
VLOG[2] (compute-mfcc-feats[5.5.987~1-eb8d0]:main():compute-mfcc-feats.cc:182) Processed features for key VIVOSSPK28-039
VLOG[2] (compute-mfcc-feats[5.5.987~1-eb8d0]:main():compute-mfcc-feats.cc:182) Processed features for key VIVOSSPK28-040
VLOG[2] (compute-mfcc-feats[5.5.987~1-eb8d0]:main():compute-mfcc-feats.cc:182) Processed features for key VIVOSSPK28-041
VLOG[2] (compute-mfcc-feats[5.5.987~1-eb8d0]:main():compute-mfcc-feats.cc:182) Processed features for key VIVOSSPK28-042
VLOG[2] (compute-mfcc-feats[5.5.987~1-eb8d0]:main():compute-mfcc-feats.cc:182) Processed features for key VIVOSSPK28-043
VLOG[2] (compute-mfcc-feats[5.5.987~1-eb8d0]:main():compute-mfcc-feats.cc:182) Processed features for key VIVOSSPK28-044
VLOG[2] (compute-mfcc-feats[5.5.987~1-eb8d0]:main():compute-mfcc-feats.cc:182) Processed features for key VIVOSSPK28-045
VLOG[2] (compute-mfcc-feats[5.5.987~1-eb8d0]:main():compute-mfcc-feats.cc:182) Processed features for key VIVOSSPK28-046
LOG (compute-mfcc-feats[5.5.987~1-eb8d0]:main():compute-mfcc-feats.cc:181) Processed 420 utterances
VLOG[2] (compute-mfcc-feats[5.5.987~1-eb8d0]:main():compute-mfcc-feats.cc:182) Processed features for key VIVOSSPK28-047
VLOG[2] (compute-mfcc-feats[5.5.987~1-eb8d0]:main():compute-mfcc-feats.cc:182) Processed features for key VIVOSSPK28-048
VLOG[2] (compute-mfcc-feats[5.5.987~1-eb8d0]:main():compute-mfcc-feats.cc:182) Processed features for key VIVOSSPK28-049
VLOG[2] (compute-mfcc-feats[5.5.987~1-eb8d0]:main():compute-mfcc-feats.cc:182) Processed features for key VIVOSSPK28-050
VLOG[2] (compute-mfcc-feats[5.5.987~1-eb8d0]:main():compute-mfcc-feats.cc:182) Processed features for key VIVOSSPK28-051
VLOG[2] (compute-mfcc-feats[5.5.987~1-eb8d0]:main():compute-mfcc-feats.cc:182) Processed features for key VIVOSSPK28-052
VLOG[2] (compute-mfcc-feats[5.5.987~1-eb8d0]:main():compute-mfcc-feats.cc:182) Processed features for key VIVOSSPK28-053
VLOG[2] (compute-mfcc-feats[5.5.987~1-eb8d0]:main():compute-mfcc-feats.cc:182) Processed features for key VIVOSSPK28-054
VLOG[2] (compute-mfcc-feats[5.5.987~1-eb8d0]:main():compute-mfcc-feats.cc:182) Processed features for key VIVOSSPK28-055
VLOG[2] (compute-mfcc-feats[5.5.987~1-eb8d0]:main():compute-mfcc-feats.cc:182) Processed features for key VIVOSSPK28-056
LOG (compute-mfcc-feats[5.5.987~1-eb8d0]:main():compute-mfcc-feats.cc:181) Processed 430 utterances
VLOG[2] (compute-mfcc-feats[5.5.987~1-eb8d0]:main():compute-mfcc-feats.cc:182) Processed features for key VIVOSSPK28-057
VLOG[2] (compute-mfcc-feats[5.5.987~1-eb8d0]:main():compute-mfcc-feats.cc:182) Processed features for key VIVOSSPK28-058
VLOG[2] (compute-mfcc-feats[5.5.987~1-eb8d0]:main():compute-mfcc-feats.cc:182) Processed features for key VIVOSSPK28-059
VLOG[2] (compute-mfcc-feats[5.5.987~1-eb8d0]:main():compute-mfcc-feats.cc:182) Processed features for key VIVOSSPK28-060
VLOG[2] (compute-mfcc-feats[5.5.987~1-eb8d0]:main():compute-mfcc-feats.cc:182) Processed features for key VIVOSSPK28-061
VLOG[2] (compute-mfcc-feats[5.5.987~1-eb8d0]:main():compute-mfcc-feats.cc:182) Processed features for key VIVOSSPK28-062
VLOG[2] (compute-mfcc-feats[5.5.987~1-eb8d0]:main():compute-mfcc-feats.cc:182) Processed features for key VIVOSSPK28-063
VLOG[2] (compute-mfcc-feats[5.5.987~1-eb8d0]:main():compute-mfcc-feats.cc:182) Processed features for key VIVOSSPK28-064
VLOG[2] (compute-mfcc-feats[5.5.987~1-eb8d0]:main():compute-mfcc-feats.cc:182) Processed features for key VIVOSSPK28-065
VLOG[2] (compute-mfcc-feats[5.5.987~1-eb8d0]:main():compute-mfcc-feats.cc:182) Processed features for key VIVOSSPK28-066
LOG (compute-mfcc-feats[5.5.987~1-eb8d0]:main():compute-mfcc-feats.cc:181) Processed 440 utterances
VLOG[2] (compute-mfcc-feats[5.5.987~1-eb8d0]:main():compute-mfcc-feats.cc:182) Processed features for key VIVOSSPK28-067
VLOG[2] (compute-mfcc-feats[5.5.987~1-eb8d0]:main():compute-mfcc-feats.cc:182) Processed features for key VIVOSSPK28-068
VLOG[2] (compute-mfcc-feats[5.5.987~1-eb8d0]:main():compute-mfcc-feats.cc:182) Processed features for key VIVOSSPK28-069
VLOG[2] (compute-mfcc-feats[5.5.987~1-eb8d0]:main():compute-mfcc-feats.cc:182) Processed features for key VIVOSSPK28-070
VLOG[2] (compute-mfcc-feats[5.5.987~1-eb8d0]:main():compute-mfcc-feats.cc:182) Processed features for key VIVOSSPK28-071
VLOG[2] (compute-mfcc-feats[5.5.987~1-eb8d0]:main():compute-mfcc-feats.cc:182) Processed features for key VIVOSSPK28-072
VLOG[2] (compute-mfcc-feats[5.5.987~1-eb8d0]:main():compute-mfcc-feats.cc:182) Processed features for key VIVOSSPK28-073
VLOG[2] (compute-mfcc-feats[5.5.987~1-eb8d0]:main():compute-mfcc-feats.cc:182) Processed features for key VIVOSSPK28-074
VLOG[2] (compute-mfcc-feats[5.5.987~1-eb8d0]:main():compute-mfcc-feats.cc:182) Processed features for key VIVOSSPK28-075
VLOG[2] (compute-mfcc-feats[5.5.987~1-eb8d0]:main():compute-mfcc-feats.cc:182) Processed features for key VIVOSSPK28-076
LOG (compute-mfcc-feats[5.5.987~1-eb8d0]:main():compute-mfcc-feats.cc:181) Processed 450 utterances
VLOG[2] (compute-mfcc-feats[5.5.987~1-eb8d0]:main():compute-mfcc-feats.cc:182) Processed features for key VIVOSSPK28-077
VLOG[2] (compute-mfcc-feats[5.5.987~1-eb8d0]:main():compute-mfcc-feats.cc:182) Processed features for key VIVOSSPK28-078
VLOG[2] (compute-mfcc-feats[5.5.987~1-eb8d0]:main():compute-mfcc-feats.cc:182) Processed features for key VIVOSSPK28-079
VLOG[2] (compute-mfcc-feats[5.5.987~1-eb8d0]:main():compute-mfcc-feats.cc:182) Processed features for key VIVOSSPK28-080
VLOG[2] (compute-mfcc-feats[5.5.987~1-eb8d0]:main():compute-mfcc-feats.cc:182) Processed features for key VIVOSSPK28-081
VLOG[2] (compute-mfcc-feats[5.5.987~1-eb8d0]:main():compute-mfcc-feats.cc:182) Processed features for key VIVOSSPK28-082
VLOG[2] (compute-mfcc-feats[5.5.987~1-eb8d0]:main():compute-mfcc-feats.cc:182) Processed features for key VIVOSSPK28-083
VLOG[2] (compute-mfcc-feats[5.5.987~1-eb8d0]:main():compute-mfcc-feats.cc:182) Processed features for key VIVOSSPK28-084
VLOG[2] (compute-mfcc-feats[5.5.987~1-eb8d0]:main():compute-mfcc-feats.cc:182) Processed features for key VIVOSSPK28-085
VLOG[2] (compute-mfcc-feats[5.5.987~1-eb8d0]:main():compute-mfcc-feats.cc:182) Processed features for key VIVOSSPK28-086
LOG (compute-mfcc-feats[5.5.987~1-eb8d0]:main():compute-mfcc-feats.cc:181) Processed 460 utterances
VLOG[2] (compute-mfcc-feats[5.5.987~1-eb8d0]:main():compute-mfcc-feats.cc:182) Processed features for key VIVOSSPK28-087
VLOG[2] (compute-mfcc-feats[5.5.987~1-eb8d0]:main():compute-mfcc-feats.cc:182) Processed features for key VIVOSSPK28-088
VLOG[2] (compute-mfcc-feats[5.5.987~1-eb8d0]:main():compute-mfcc-feats.cc:182) Processed features for key VIVOSSPK28-089
VLOG[2] (compute-mfcc-feats[5.5.987~1-eb8d0]:main():compute-mfcc-feats.cc:182) Processed features for key VIVOSSPK28-090
VLOG[2] (compute-mfcc-feats[5.5.987~1-eb8d0]:main():compute-mfcc-feats.cc:182) Processed features for key VIVOSSPK28-091
VLOG[2] (compute-mfcc-feats[5.5.987~1-eb8d0]:main():compute-mfcc-feats.cc:182) Processed features for key VIVOSSPK28-092
VLOG[2] (compute-mfcc-feats[5.5.987~1-eb8d0]:main():compute-mfcc-feats.cc:182) Processed features for key VIVOSSPK28-093
VLOG[2] (compute-mfcc-feats[5.5.987~1-eb8d0]:main():compute-mfcc-feats.cc:182) Processed features for key VIVOSSPK28-094
VLOG[2] (compute-mfcc-feats[5.5.987~1-eb8d0]:main():compute-mfcc-feats.cc:182) Processed features for key VIVOSSPK28-095
VLOG[2] (compute-mfcc-feats[5.5.987~1-eb8d0]:main():compute-mfcc-feats.cc:182) Processed features for key VIVOSSPK28-096
LOG (compute-mfcc-feats[5.5.987~1-eb8d0]:main():compute-mfcc-feats.cc:181) Processed 470 utterances
VLOG[2] (compute-mfcc-feats[5.5.987~1-eb8d0]:main():compute-mfcc-feats.cc:182) Processed features for key VIVOSSPK28-097
VLOG[2] (compute-mfcc-feats[5.5.987~1-eb8d0]:main():compute-mfcc-feats.cc:182) Processed features for key VIVOSSPK28-098
VLOG[2] (compute-mfcc-feats[5.5.987~1-eb8d0]:main():compute-mfcc-feats.cc:182) Processed features for key VIVOSSPK28-099
VLOG[2] (compute-mfcc-feats[5.5.987~1-eb8d0]:main():compute-mfcc-feats.cc:182) Processed features for key VIVOSSPK28-100
VLOG[2] (compute-mfcc-feats[5.5.987~1-eb8d0]:main():compute-mfcc-feats.cc:182) Processed features for key VIVOSSPK28-101
VLOG[2] (compute-mfcc-feats[5.5.987~1-eb8d0]:main():compute-mfcc-feats.cc:182) Processed features for key VIVOSSPK28-102
VLOG[2] (compute-mfcc-feats[5.5.987~1-eb8d0]:main():compute-mfcc-feats.cc:182) Processed features for key VIVOSSPK28-103
VLOG[2] (compute-mfcc-feats[5.5.987~1-eb8d0]:main():compute-mfcc-feats.cc:182) Processed features for key VIVOSSPK28-104
VLOG[2] (compute-mfcc-feats[5.5.987~1-eb8d0]:main():compute-mfcc-feats.cc:182) Processed features for key VIVOSSPK28-105
VLOG[2] (compute-mfcc-feats[5.5.987~1-eb8d0]:main():compute-mfcc-feats.cc:182) Processed features for key VIVOSSPK28-106
LOG (compute-mfcc-feats[5.5.987~1-eb8d0]:main():compute-mfcc-feats.cc:181) Processed 480 utterances
VLOG[2] (compute-mfcc-feats[5.5.987~1-eb8d0]:main():compute-mfcc-feats.cc:182) Processed features for key VIVOSSPK28-107
VLOG[2] (compute-mfcc-feats[5.5.987~1-eb8d0]:main():compute-mfcc-feats.cc:182) Processed features for key VIVOSSPK28-108
VLOG[2] (compute-mfcc-feats[5.5.987~1-eb8d0]:main():compute-mfcc-feats.cc:182) Processed features for key VIVOSSPK28-109
VLOG[2] (compute-mfcc-feats[5.5.987~1-eb8d0]:main():compute-mfcc-feats.cc:182) Processed features for key VIVOSSPK28-110
VLOG[2] (compute-mfcc-feats[5.5.987~1-eb8d0]:main():compute-mfcc-feats.cc:182) Processed features for key VIVOSSPK28-111
VLOG[2] (compute-mfcc-feats[5.5.987~1-eb8d0]:main():compute-mfcc-feats.cc:182) Processed features for key VIVOSSPK28-112
VLOG[2] (compute-mfcc-feats[5.5.987~1-eb8d0]:main():compute-mfcc-feats.cc:182) Processed features for key VIVOSSPK28-113
VLOG[2] (compute-mfcc-feats[5.5.987~1-eb8d0]:main():compute-mfcc-feats.cc:182) Processed features for key VIVOSSPK28-114
VLOG[2] (compute-mfcc-feats[5.5.987~1-eb8d0]:main():compute-mfcc-feats.cc:182) Processed features for key VIVOSSPK28-115
VLOG[2] (compute-mfcc-feats[5.5.987~1-eb8d0]:main():compute-mfcc-feats.cc:182) Processed features for key VIVOSSPK28-116
LOG (compute-mfcc-feats[5.5.987~1-eb8d0]:main():compute-mfcc-feats.cc:181) Processed 490 utterances
VLOG[2] (compute-mfcc-feats[5.5.987~1-eb8d0]:main():compute-mfcc-feats.cc:182) Processed features for key VIVOSSPK28-117
VLOG[2] (compute-mfcc-feats[5.5.987~1-eb8d0]:main():compute-mfcc-feats.cc:182) Processed features for key VIVOSSPK28-118
VLOG[2] (compute-mfcc-feats[5.5.987~1-eb8d0]:main():compute-mfcc-feats.cc:182) Processed features for key VIVOSSPK28-119
VLOG[2] (compute-mfcc-feats[5.5.987~1-eb8d0]:main():compute-mfcc-feats.cc:182) Processed features for key VIVOSSPK28-120
VLOG[2] (compute-mfcc-feats[5.5.987~1-eb8d0]:main():compute-mfcc-feats.cc:182) Processed features for key VIVOSSPK28-121
VLOG[2] (compute-mfcc-feats[5.5.987~1-eb8d0]:main():compute-mfcc-feats.cc:182) Processed features for key VIVOSSPK28-122
VLOG[2] (compute-mfcc-feats[5.5.987~1-eb8d0]:main():compute-mfcc-feats.cc:182) Processed features for key VIVOSSPK28-123
VLOG[2] (compute-mfcc-feats[5.5.987~1-eb8d0]:main():compute-mfcc-feats.cc:182) Processed features for key VIVOSSPK28-124
VLOG[2] (compute-mfcc-feats[5.5.987~1-eb8d0]:main():compute-mfcc-feats.cc:182) Processed features for key VIVOSSPK28-125
VLOG[2] (compute-mfcc-feats[5.5.987~1-eb8d0]:main():compute-mfcc-feats.cc:182) Processed features for key VIVOSSPK28-126
LOG (compute-mfcc-feats[5.5.987~1-eb8d0]:main():compute-mfcc-feats.cc:181) Processed 500 utterances
VLOG[2] (compute-mfcc-feats[5.5.987~1-eb8d0]:main():compute-mfcc-feats.cc:182) Processed features for key VIVOSSPK28-127
VLOG[2] (compute-mfcc-feats[5.5.987~1-eb8d0]:main():compute-mfcc-feats.cc:182) Processed features for key VIVOSSPK28-128
VLOG[2] (compute-mfcc-feats[5.5.987~1-eb8d0]:main():compute-mfcc-feats.cc:182) Processed features for key VIVOSSPK28-129
VLOG[2] (compute-mfcc-feats[5.5.987~1-eb8d0]:main():compute-mfcc-feats.cc:182) Processed features for key VIVOSSPK28-130
VLOG[2] (compute-mfcc-feats[5.5.987~1-eb8d0]:main():compute-mfcc-feats.cc:182) Processed features for key VIVOSSPK28-131
VLOG[2] (compute-mfcc-feats[5.5.987~1-eb8d0]:main():compute-mfcc-feats.cc:182) Processed features for key VIVOSSPK28-132
VLOG[2] (compute-mfcc-feats[5.5.987~1-eb8d0]:main():compute-mfcc-feats.cc:182) Processed features for key VIVOSSPK28-133
VLOG[2] (compute-mfcc-feats[5.5.987~1-eb8d0]:main():compute-mfcc-feats.cc:182) Processed features for key VIVOSSPK28-134
VLOG[2] (compute-mfcc-feats[5.5.987~1-eb8d0]:main():compute-mfcc-feats.cc:182) Processed features for key VIVOSSPK28-135
VLOG[2] (compute-mfcc-feats[5.5.987~1-eb8d0]:main():compute-mfcc-feats.cc:182) Processed features for key VIVOSSPK28-136
LOG (compute-mfcc-feats[5.5.987~1-eb8d0]:main():compute-mfcc-feats.cc:181) Processed 510 utterances
VLOG[2] (compute-mfcc-feats[5.5.987~1-eb8d0]:main():compute-mfcc-feats.cc:182) Processed features for key VIVOSSPK28-137
VLOG[2] (compute-mfcc-feats[5.5.987~1-eb8d0]:main():compute-mfcc-feats.cc:182) Processed features for key VIVOSSPK28-138
VLOG[2] (compute-mfcc-feats[5.5.987~1-eb8d0]:main():compute-mfcc-feats.cc:182) Processed features for key VIVOSSPK28-139
VLOG[2] (compute-mfcc-feats[5.5.987~1-eb8d0]:main():compute-mfcc-feats.cc:182) Processed features for key VIVOSSPK28-140
VLOG[2] (compute-mfcc-feats[5.5.987~1-eb8d0]:main():compute-mfcc-feats.cc:182) Processed features for key VIVOSSPK28-141
VLOG[2] (compute-mfcc-feats[5.5.987~1-eb8d0]:main():compute-mfcc-feats.cc:182) Processed features for key VIVOSSPK28-142
VLOG[2] (compute-mfcc-feats[5.5.987~1-eb8d0]:main():compute-mfcc-feats.cc:182) Processed features for key VIVOSSPK28-143
VLOG[2] (compute-mfcc-feats[5.5.987~1-eb8d0]:main():compute-mfcc-feats.cc:182) Processed features for key VIVOSSPK28-144
VLOG[2] (compute-mfcc-feats[5.5.987~1-eb8d0]:main():compute-mfcc-feats.cc:182) Processed features for key VIVOSSPK28-145
VLOG[2] (compute-mfcc-feats[5.5.987~1-eb8d0]:main():compute-mfcc-feats.cc:182) Processed features for key VIVOSSPK28-146
LOG (compute-mfcc-feats[5.5.987~1-eb8d0]:main():compute-mfcc-feats.cc:181) Processed 520 utterances
VLOG[2] (compute-mfcc-feats[5.5.987~1-eb8d0]:main():compute-mfcc-feats.cc:182) Processed features for key VIVOSSPK28-147
VLOG[2] (compute-mfcc-feats[5.5.987~1-eb8d0]:main():compute-mfcc-feats.cc:182) Processed features for key VIVOSSPK28-148
VLOG[2] (compute-mfcc-feats[5.5.987~1-eb8d0]:main():compute-mfcc-feats.cc:182) Processed features for key VIVOSSPK28-149
VLOG[2] (compute-mfcc-feats[5.5.987~1-eb8d0]:main():compute-mfcc-feats.cc:182) Processed features for key VIVOSSPK28-150
VLOG[2] (compute-mfcc-feats[5.5.987~1-eb8d0]:main():compute-mfcc-feats.cc:182) Processed features for key VIVOSSPK28-151
VLOG[2] (compute-mfcc-feats[5.5.987~1-eb8d0]:main():compute-mfcc-feats.cc:182) Processed features for key VIVOSSPK28-152
VLOG[2] (compute-mfcc-feats[5.5.987~1-eb8d0]:main():compute-mfcc-feats.cc:182) Processed features for key VIVOSSPK28-153
VLOG[2] (compute-mfcc-feats[5.5.987~1-eb8d0]:main():compute-mfcc-feats.cc:182) Processed features for key VIVOSSPK28-154
VLOG[2] (compute-mfcc-feats[5.5.987~1-eb8d0]:main():compute-mfcc-feats.cc:182) Processed features for key VIVOSSPK28-155
VLOG[2] (compute-mfcc-feats[5.5.987~1-eb8d0]:main():compute-mfcc-feats.cc:182) Processed features for key VIVOSSPK28-156
LOG (compute-mfcc-feats[5.5.987~1-eb8d0]:main():compute-mfcc-feats.cc:181) Processed 530 utterances
VLOG[2] (compute-mfcc-feats[5.5.987~1-eb8d0]:main():compute-mfcc-feats.cc:182) Processed features for key VIVOSSPK28-157
VLOG[2] (compute-mfcc-feats[5.5.987~1-eb8d0]:main():compute-mfcc-feats.cc:182) Processed features for key VIVOSSPK28-158
VLOG[2] (compute-mfcc-feats[5.5.987~1-eb8d0]:main():compute-mfcc-feats.cc:182) Processed features for key VIVOSSPK28-159
VLOG[2] (compute-mfcc-feats[5.5.987~1-eb8d0]:main():compute-mfcc-feats.cc:182) Processed features for key VIVOSSPK28-160
VLOG[2] (compute-mfcc-feats[5.5.987~1-eb8d0]:main():compute-mfcc-feats.cc:182) Processed features for key VIVOSSPK28-161
VLOG[2] (compute-mfcc-feats[5.5.987~1-eb8d0]:main():compute-mfcc-feats.cc:182) Processed features for key VIVOSSPK28-162
VLOG[2] (compute-mfcc-feats[5.5.987~1-eb8d0]:main():compute-mfcc-feats.cc:182) Processed features for key VIVOSSPK28-163
VLOG[2] (compute-mfcc-feats[5.5.987~1-eb8d0]:main():compute-mfcc-feats.cc:182) Processed features for key VIVOSSPK28-164
VLOG[2] (compute-mfcc-feats[5.5.987~1-eb8d0]:main():compute-mfcc-feats.cc:182) Processed features for key VIVOSSPK28-165
VLOG[2] (compute-mfcc-feats[5.5.987~1-eb8d0]:main():compute-mfcc-feats.cc:182) Processed features for key VIVOSSPK28-166
LOG (compute-mfcc-feats[5.5.987~1-eb8d0]:main():compute-mfcc-feats.cc:181) Processed 540 utterances
VLOG[2] (compute-mfcc-feats[5.5.987~1-eb8d0]:main():compute-mfcc-feats.cc:182) Processed features for key VIVOSSPK28-167
VLOG[2] (compute-mfcc-feats[5.5.987~1-eb8d0]:main():compute-mfcc-feats.cc:182) Processed features for key VIVOSSPK28-168
VLOG[2] (compute-mfcc-feats[5.5.987~1-eb8d0]:main():compute-mfcc-feats.cc:182) Processed features for key VIVOSSPK28-169
VLOG[2] (compute-mfcc-feats[5.5.987~1-eb8d0]:main():compute-mfcc-feats.cc:182) Processed features for key VIVOSSPK28-170
VLOG[2] (compute-mfcc-feats[5.5.987~1-eb8d0]:main():compute-mfcc-feats.cc:182) Processed features for key VIVOSSPK29-001
VLOG[2] (compute-mfcc-feats[5.5.987~1-eb8d0]:main():compute-mfcc-feats.cc:182) Processed features for key VIVOSSPK29-002
VLOG[2] (compute-mfcc-feats[5.5.987~1-eb8d0]:main():compute-mfcc-feats.cc:182) Processed features for key VIVOSSPK29-003
VLOG[2] (compute-mfcc-feats[5.5.987~1-eb8d0]:main():compute-mfcc-feats.cc:182) Processed features for key VIVOSSPK29-004
VLOG[2] (compute-mfcc-feats[5.5.987~1-eb8d0]:main():compute-mfcc-feats.cc:182) Processed features for key VIVOSSPK29-005
VLOG[2] (compute-mfcc-feats[5.5.987~1-eb8d0]:main():compute-mfcc-feats.cc:182) Processed features for key VIVOSSPK29-006
LOG (compute-mfcc-feats[5.5.987~1-eb8d0]:main():compute-mfcc-feats.cc:181) Processed 550 utterances
VLOG[2] (compute-mfcc-feats[5.5.987~1-eb8d0]:main():compute-mfcc-feats.cc:182) Processed features for key VIVOSSPK29-007
VLOG[2] (compute-mfcc-feats[5.5.987~1-eb8d0]:main():compute-mfcc-feats.cc:182) Processed features for key VIVOSSPK29-008
VLOG[2] (compute-mfcc-feats[5.5.987~1-eb8d0]:main():compute-mfcc-feats.cc:182) Processed features for key VIVOSSPK29-009
VLOG[2] (compute-mfcc-feats[5.5.987~1-eb8d0]:main():compute-mfcc-feats.cc:182) Processed features for key VIVOSSPK29-010
VLOG[2] (compute-mfcc-feats[5.5.987~1-eb8d0]:main():compute-mfcc-feats.cc:182) Processed features for key VIVOSSPK29-011
VLOG[2] (compute-mfcc-feats[5.5.987~1-eb8d0]:main():compute-mfcc-feats.cc:182) Processed features for key VIVOSSPK29-012
VLOG[2] (compute-mfcc-feats[5.5.987~1-eb8d0]:main():compute-mfcc-feats.cc:182) Processed features for key VIVOSSPK29-013
VLOG[2] (compute-mfcc-feats[5.5.987~1-eb8d0]:main():compute-mfcc-feats.cc:182) Processed features for key VIVOSSPK29-014
VLOG[2] (compute-mfcc-feats[5.5.987~1-eb8d0]:main():compute-mfcc-feats.cc:182) Processed features for key VIVOSSPK29-015
VLOG[2] (compute-mfcc-feats[5.5.987~1-eb8d0]:main():compute-mfcc-feats.cc:182) Processed features for key VIVOSSPK29-016
LOG (compute-mfcc-feats[5.5.987~1-eb8d0]:main():compute-mfcc-feats.cc:181) Processed 560 utterances
VLOG[2] (compute-mfcc-feats[5.5.987~1-eb8d0]:main():compute-mfcc-feats.cc:182) Processed features for key VIVOSSPK29-017
VLOG[2] (compute-mfcc-feats[5.5.987~1-eb8d0]:main():compute-mfcc-feats.cc:182) Processed features for key VIVOSSPK29-018
VLOG[2] (compute-mfcc-feats[5.5.987~1-eb8d0]:main():compute-mfcc-feats.cc:182) Processed features for key VIVOSSPK29-019
VLOG[2] (compute-mfcc-feats[5.5.987~1-eb8d0]:main():compute-mfcc-feats.cc:182) Processed features for key VIVOSSPK29-020
VLOG[2] (compute-mfcc-feats[5.5.987~1-eb8d0]:main():compute-mfcc-feats.cc:182) Processed features for key VIVOSSPK29-021
VLOG[2] (compute-mfcc-feats[5.5.987~1-eb8d0]:main():compute-mfcc-feats.cc:182) Processed features for key VIVOSSPK29-022
VLOG[2] (compute-mfcc-feats[5.5.987~1-eb8d0]:main():compute-mfcc-feats.cc:182) Processed features for key VIVOSSPK29-023
VLOG[2] (compute-mfcc-feats[5.5.987~1-eb8d0]:main():compute-mfcc-feats.cc:182) Processed features for key VIVOSSPK29-024
VLOG[2] (compute-mfcc-feats[5.5.987~1-eb8d0]:main():compute-mfcc-feats.cc:182) Processed features for key VIVOSSPK29-025
VLOG[2] (compute-mfcc-feats[5.5.987~1-eb8d0]:main():compute-mfcc-feats.cc:182) Processed features for key VIVOSSPK29-026
LOG (compute-mfcc-feats[5.5.987~1-eb8d0]:main():compute-mfcc-feats.cc:181) Processed 570 utterances
VLOG[2] (compute-mfcc-feats[5.5.987~1-eb8d0]:main():compute-mfcc-feats.cc:182) Processed features for key VIVOSSPK29-027
VLOG[2] (compute-mfcc-feats[5.5.987~1-eb8d0]:main():compute-mfcc-feats.cc:182) Processed features for key VIVOSSPK29-028
VLOG[2] (compute-mfcc-feats[5.5.987~1-eb8d0]:main():compute-mfcc-feats.cc:182) Processed features for key VIVOSSPK29-029
VLOG[2] (compute-mfcc-feats[5.5.987~1-eb8d0]:main():compute-mfcc-feats.cc:182) Processed features for key VIVOSSPK29-030
VLOG[2] (compute-mfcc-feats[5.5.987~1-eb8d0]:main():compute-mfcc-feats.cc:182) Processed features for key VIVOSSPK29-031
VLOG[2] (compute-mfcc-feats[5.5.987~1-eb8d0]:main():compute-mfcc-feats.cc:182) Processed features for key VIVOSSPK29-032
VLOG[2] (compute-mfcc-feats[5.5.987~1-eb8d0]:main():compute-mfcc-feats.cc:182) Processed features for key VIVOSSPK29-033
VLOG[2] (compute-mfcc-feats[5.5.987~1-eb8d0]:main():compute-mfcc-feats.cc:182) Processed features for key VIVOSSPK29-034
VLOG[2] (compute-mfcc-feats[5.5.987~1-eb8d0]:main():compute-mfcc-feats.cc:182) Processed features for key VIVOSSPK29-035
VLOG[2] (compute-mfcc-feats[5.5.987~1-eb8d0]:main():compute-mfcc-feats.cc:182) Processed features for key VIVOSSPK29-036
LOG (compute-mfcc-feats[5.5.987~1-eb8d0]:main():compute-mfcc-feats.cc:181) Processed 580 utterances
VLOG[2] (compute-mfcc-feats[5.5.987~1-eb8d0]:main():compute-mfcc-feats.cc:182) Processed features for key VIVOSSPK29-037
VLOG[2] (compute-mfcc-feats[5.5.987~1-eb8d0]:main():compute-mfcc-feats.cc:182) Processed features for key VIVOSSPK29-038
VLOG[2] (compute-mfcc-feats[5.5.987~1-eb8d0]:main():compute-mfcc-feats.cc:182) Processed features for key VIVOSSPK29-039
VLOG[2] (compute-mfcc-feats[5.5.987~1-eb8d0]:main():compute-mfcc-feats.cc:182) Processed features for key VIVOSSPK29-040
VLOG[2] (compute-mfcc-feats[5.5.987~1-eb8d0]:main():compute-mfcc-feats.cc:182) Processed features for key VIVOSSPK29-041
VLOG[2] (compute-mfcc-feats[5.5.987~1-eb8d0]:main():compute-mfcc-feats.cc:182) Processed features for key VIVOSSPK29-042
VLOG[2] (compute-mfcc-feats[5.5.987~1-eb8d0]:main():compute-mfcc-feats.cc:182) Processed features for key VIVOSSPK29-043
VLOG[2] (compute-mfcc-feats[5.5.987~1-eb8d0]:main():compute-mfcc-feats.cc:182) Processed features for key VIVOSSPK29-044
VLOG[2] (compute-mfcc-feats[5.5.987~1-eb8d0]:main():compute-mfcc-feats.cc:182) Processed features for key VIVOSSPK29-045
VLOG[2] (compute-mfcc-feats[5.5.987~1-eb8d0]:main():compute-mfcc-feats.cc:182) Processed features for key VIVOSSPK29-046
LOG (compute-mfcc-feats[5.5.987~1-eb8d0]:main():compute-mfcc-feats.cc:181) Processed 590 utterances
VLOG[2] (compute-mfcc-feats[5.5.987~1-eb8d0]:main():compute-mfcc-feats.cc:182) Processed features for key VIVOSSPK29-047
VLOG[2] (compute-mfcc-feats[5.5.987~1-eb8d0]:main():compute-mfcc-feats.cc:182) Processed features for key VIVOSSPK29-048
VLOG[2] (compute-mfcc-feats[5.5.987~1-eb8d0]:main():compute-mfcc-feats.cc:182) Processed features for key VIVOSSPK29-049
VLOG[2] (compute-mfcc-feats[5.5.987~1-eb8d0]:main():compute-mfcc-feats.cc:182) Processed features for key VIVOSSPK29-050
VLOG[2] (compute-mfcc-feats[5.5.987~1-eb8d0]:main():compute-mfcc-feats.cc:182) Processed features for key VIVOSSPK29-051
VLOG[2] (compute-mfcc-feats[5.5.987~1-eb8d0]:main():compute-mfcc-feats.cc:182) Processed features for key VIVOSSPK29-052
VLOG[2] (compute-mfcc-feats[5.5.987~1-eb8d0]:main():compute-mfcc-feats.cc:182) Processed features for key VIVOSSPK29-053
VLOG[2] (compute-mfcc-feats[5.5.987~1-eb8d0]:main():compute-mfcc-feats.cc:182) Processed features for key VIVOSSPK29-054
VLOG[2] (compute-mfcc-feats[5.5.987~1-eb8d0]:main():compute-mfcc-feats.cc:182) Processed features for key VIVOSSPK29-055
VLOG[2] (compute-mfcc-feats[5.5.987~1-eb8d0]:main():compute-mfcc-feats.cc:182) Processed features for key VIVOSSPK29-056
LOG (compute-mfcc-feats[5.5.987~1-eb8d0]:main():compute-mfcc-feats.cc:181) Processed 600 utterances
VLOG[2] (compute-mfcc-feats[5.5.987~1-eb8d0]:main():compute-mfcc-feats.cc:182) Processed features for key VIVOSSPK29-057
VLOG[2] (compute-mfcc-feats[5.5.987~1-eb8d0]:main():compute-mfcc-feats.cc:182) Processed features for key VIVOSSPK29-058
VLOG[2] (compute-mfcc-feats[5.5.987~1-eb8d0]:main():compute-mfcc-feats.cc:182) Processed features for key VIVOSSPK29-059
VLOG[2] (compute-mfcc-feats[5.5.987~1-eb8d0]:main():compute-mfcc-feats.cc:182) Processed features for key VIVOSSPK29-060
VLOG[2] (compute-mfcc-feats[5.5.987~1-eb8d0]:main():compute-mfcc-feats.cc:182) Processed features for key VIVOSSPK29-061
VLOG[2] (compute-mfcc-feats[5.5.987~1-eb8d0]:main():compute-mfcc-feats.cc:182) Processed features for key VIVOSSPK29-062
VLOG[2] (compute-mfcc-feats[5.5.987~1-eb8d0]:main():compute-mfcc-feats.cc:182) Processed features for key VIVOSSPK29-063
VLOG[2] (compute-mfcc-feats[5.5.987~1-eb8d0]:main():compute-mfcc-feats.cc:182) Processed features for key VIVOSSPK29-064
VLOG[2] (compute-mfcc-feats[5.5.987~1-eb8d0]:main():compute-mfcc-feats.cc:182) Processed features for key VIVOSSPK29-065
VLOG[2] (compute-mfcc-feats[5.5.987~1-eb8d0]:main():compute-mfcc-feats.cc:182) Processed features for key VIVOSSPK29-066
LOG (compute-mfcc-feats[5.5.987~1-eb8d0]:main():compute-mfcc-feats.cc:181) Processed 610 utterances
VLOG[2] (compute-mfcc-feats[5.5.987~1-eb8d0]:main():compute-mfcc-feats.cc:182) Processed features for key VIVOSSPK29-067
VLOG[2] (compute-mfcc-feats[5.5.987~1-eb8d0]:main():compute-mfcc-feats.cc:182) Processed features for key VIVOSSPK29-068
VLOG[2] (compute-mfcc-feats[5.5.987~1-eb8d0]:main():compute-mfcc-feats.cc:182) Processed features for key VIVOSSPK29-069
VLOG[2] (compute-mfcc-feats[5.5.987~1-eb8d0]:main():compute-mfcc-feats.cc:182) Processed features for key VIVOSSPK29-070
VLOG[2] (compute-mfcc-feats[5.5.987~1-eb8d0]:main():compute-mfcc-feats.cc:182) Processed features for key VIVOSSPK29-071
VLOG[2] (compute-mfcc-feats[5.5.987~1-eb8d0]:main():compute-mfcc-feats.cc:182) Processed features for key VIVOSSPK29-072
VLOG[2] (compute-mfcc-feats[5.5.987~1-eb8d0]:main():compute-mfcc-feats.cc:182) Processed features for key VIVOSSPK29-073
VLOG[2] (compute-mfcc-feats[5.5.987~1-eb8d0]:main():compute-mfcc-feats.cc:182) Processed features for key VIVOSSPK29-074
VLOG[2] (compute-mfcc-feats[5.5.987~1-eb8d0]:main():compute-mfcc-feats.cc:182) Processed features for key VIVOSSPK29-075
VLOG[2] (compute-mfcc-feats[5.5.987~1-eb8d0]:main():compute-mfcc-feats.cc:182) Processed features for key VIVOSSPK29-076
LOG (compute-mfcc-feats[5.5.987~1-eb8d0]:main():compute-mfcc-feats.cc:181) Processed 620 utterances
VLOG[2] (compute-mfcc-feats[5.5.987~1-eb8d0]:main():compute-mfcc-feats.cc:182) Processed features for key VIVOSSPK29-077
VLOG[2] (compute-mfcc-feats[5.5.987~1-eb8d0]:main():compute-mfcc-feats.cc:182) Processed features for key VIVOSSPK29-078
VLOG[2] (compute-mfcc-feats[5.5.987~1-eb8d0]:main():compute-mfcc-feats.cc:182) Processed features for key VIVOSSPK29-079
VLOG[2] (compute-mfcc-feats[5.5.987~1-eb8d0]:main():compute-mfcc-feats.cc:182) Processed features for key VIVOSSPK29-080
VLOG[2] (compute-mfcc-feats[5.5.987~1-eb8d0]:main():compute-mfcc-feats.cc:182) Processed features for key VIVOSSPK29-081
VLOG[2] (compute-mfcc-feats[5.5.987~1-eb8d0]:main():compute-mfcc-feats.cc:182) Processed features for key VIVOSSPK29-082
VLOG[2] (compute-mfcc-feats[5.5.987~1-eb8d0]:main():compute-mfcc-feats.cc:182) Processed features for key VIVOSSPK29-083
VLOG[2] (compute-mfcc-feats[5.5.987~1-eb8d0]:main():compute-mfcc-feats.cc:182) Processed features for key VIVOSSPK29-084
VLOG[2] (compute-mfcc-feats[5.5.987~1-eb8d0]:main():compute-mfcc-feats.cc:182) Processed features for key VIVOSSPK29-085
VLOG[2] (compute-mfcc-feats[5.5.987~1-eb8d0]:main():compute-mfcc-feats.cc:182) Processed features for key VIVOSSPK29-086
LOG (compute-mfcc-feats[5.5.987~1-eb8d0]:main():compute-mfcc-feats.cc:181) Processed 630 utterances
VLOG[2] (compute-mfcc-feats[5.5.987~1-eb8d0]:main():compute-mfcc-feats.cc:182) Processed features for key VIVOSSPK29-087
VLOG[2] (compute-mfcc-feats[5.5.987~1-eb8d0]:main():compute-mfcc-feats.cc:182) Processed features for key VIVOSSPK29-088
VLOG[2] (compute-mfcc-feats[5.5.987~1-eb8d0]:main():compute-mfcc-feats.cc:182) Processed features for key VIVOSSPK29-089
VLOG[2] (compute-mfcc-feats[5.5.987~1-eb8d0]:main():compute-mfcc-feats.cc:182) Processed features for key VIVOSSPK29-090
VLOG[2] (compute-mfcc-feats[5.5.987~1-eb8d0]:main():compute-mfcc-feats.cc:182) Processed features for key VIVOSSPK29-091
VLOG[2] (compute-mfcc-feats[5.5.987~1-eb8d0]:main():compute-mfcc-feats.cc:182) Processed features for key VIVOSSPK29-092
VLOG[2] (compute-mfcc-feats[5.5.987~1-eb8d0]:main():compute-mfcc-feats.cc:182) Processed features for key VIVOSSPK29-093
VLOG[2] (compute-mfcc-feats[5.5.987~1-eb8d0]:main():compute-mfcc-feats.cc:182) Processed features for key VIVOSSPK29-094
VLOG[2] (compute-mfcc-feats[5.5.987~1-eb8d0]:main():compute-mfcc-feats.cc:182) Processed features for key VIVOSSPK29-095
VLOG[2] (compute-mfcc-feats[5.5.987~1-eb8d0]:main():compute-mfcc-feats.cc:182) Processed features for key VIVOSSPK29-096
LOG (compute-mfcc-feats[5.5.987~1-eb8d0]:main():compute-mfcc-feats.cc:181) Processed 640 utterances
VLOG[2] (compute-mfcc-feats[5.5.987~1-eb8d0]:main():compute-mfcc-feats.cc:182) Processed features for key VIVOSSPK29-097
VLOG[2] (compute-mfcc-feats[5.5.987~1-eb8d0]:main():compute-mfcc-feats.cc:182) Processed features for key VIVOSSPK29-098
VLOG[2] (compute-mfcc-feats[5.5.987~1-eb8d0]:main():compute-mfcc-feats.cc:182) Processed features for key VIVOSSPK29-099
VLOG[2] (compute-mfcc-feats[5.5.987~1-eb8d0]:main():compute-mfcc-feats.cc:182) Processed features for key VIVOSSPK29-100
VLOG[2] (compute-mfcc-feats[5.5.987~1-eb8d0]:main():compute-mfcc-feats.cc:182) Processed features for key VIVOSSPK29-101
VLOG[2] (compute-mfcc-feats[5.5.987~1-eb8d0]:main():compute-mfcc-feats.cc:182) Processed features for key VIVOSSPK29-102
VLOG[2] (compute-mfcc-feats[5.5.987~1-eb8d0]:main():compute-mfcc-feats.cc:182) Processed features for key VIVOSSPK29-103
VLOG[2] (compute-mfcc-feats[5.5.987~1-eb8d0]:main():compute-mfcc-feats.cc:182) Processed features for key VIVOSSPK29-104
VLOG[2] (compute-mfcc-feats[5.5.987~1-eb8d0]:main():compute-mfcc-feats.cc:182) Processed features for key VIVOSSPK29-105
VLOG[2] (compute-mfcc-feats[5.5.987~1-eb8d0]:main():compute-mfcc-feats.cc:182) Processed features for key VIVOSSPK29-106
LOG (compute-mfcc-feats[5.5.987~1-eb8d0]:main():compute-mfcc-feats.cc:181) Processed 650 utterances
VLOG[2] (compute-mfcc-feats[5.5.987~1-eb8d0]:main():compute-mfcc-feats.cc:182) Processed features for key VIVOSSPK29-107
VLOG[2] (compute-mfcc-feats[5.5.987~1-eb8d0]:main():compute-mfcc-feats.cc:182) Processed features for key VIVOSSPK29-108
VLOG[2] (compute-mfcc-feats[5.5.987~1-eb8d0]:main():compute-mfcc-feats.cc:182) Processed features for key VIVOSSPK29-109
VLOG[2] (compute-mfcc-feats[5.5.987~1-eb8d0]:main():compute-mfcc-feats.cc:182) Processed features for key VIVOSSPK29-110
VLOG[2] (compute-mfcc-feats[5.5.987~1-eb8d0]:main():compute-mfcc-feats.cc:182) Processed features for key VIVOSSPK29-111
VLOG[2] (compute-mfcc-feats[5.5.987~1-eb8d0]:main():compute-mfcc-feats.cc:182) Processed features for key VIVOSSPK29-112
VLOG[2] (compute-mfcc-feats[5.5.987~1-eb8d0]:main():compute-mfcc-feats.cc:182) Processed features for key VIVOSSPK29-113
VLOG[2] (compute-mfcc-feats[5.5.987~1-eb8d0]:main():compute-mfcc-feats.cc:182) Processed features for key VIVOSSPK29-114
VLOG[2] (compute-mfcc-feats[5.5.987~1-eb8d0]:main():compute-mfcc-feats.cc:182) Processed features for key VIVOSSPK29-115
VLOG[2] (compute-mfcc-feats[5.5.987~1-eb8d0]:main():compute-mfcc-feats.cc:182) Processed features for key VIVOSSPK29-116
LOG (compute-mfcc-feats[5.5.987~1-eb8d0]:main():compute-mfcc-feats.cc:181) Processed 660 utterances
VLOG[2] (compute-mfcc-feats[5.5.987~1-eb8d0]:main():compute-mfcc-feats.cc:182) Processed features for key VIVOSSPK29-117
VLOG[2] (compute-mfcc-feats[5.5.987~1-eb8d0]:main():compute-mfcc-feats.cc:182) Processed features for key VIVOSSPK29-118
VLOG[2] (compute-mfcc-feats[5.5.987~1-eb8d0]:main():compute-mfcc-feats.cc:182) Processed features for key VIVOSSPK29-119
VLOG[2] (compute-mfcc-feats[5.5.987~1-eb8d0]:main():compute-mfcc-feats.cc:182) Processed features for key VIVOSSPK29-120
VLOG[2] (compute-mfcc-feats[5.5.987~1-eb8d0]:main():compute-mfcc-feats.cc:182) Processed features for key VIVOSSPK29-121
VLOG[2] (compute-mfcc-feats[5.5.987~1-eb8d0]:main():compute-mfcc-feats.cc:182) Processed features for key VIVOSSPK29-122
VLOG[2] (compute-mfcc-feats[5.5.987~1-eb8d0]:main():compute-mfcc-feats.cc:182) Processed features for key VIVOSSPK29-123
VLOG[2] (compute-mfcc-feats[5.5.987~1-eb8d0]:main():compute-mfcc-feats.cc:182) Processed features for key VIVOSSPK29-124
VLOG[2] (compute-mfcc-feats[5.5.987~1-eb8d0]:main():compute-mfcc-feats.cc:182) Processed features for key VIVOSSPK29-125
VLOG[2] (compute-mfcc-feats[5.5.987~1-eb8d0]:main():compute-mfcc-feats.cc:182) Processed features for key VIVOSSPK29-126
LOG (compute-mfcc-feats[5.5.987~1-eb8d0]:main():compute-mfcc-feats.cc:181) Processed 670 utterances
VLOG[2] (compute-mfcc-feats[5.5.987~1-eb8d0]:main():compute-mfcc-feats.cc:182) Processed features for key VIVOSSPK29-127
VLOG[2] (compute-mfcc-feats[5.5.987~1-eb8d0]:main():compute-mfcc-feats.cc:182) Processed features for key VIVOSSPK29-128
VLOG[2] (compute-mfcc-feats[5.5.987~1-eb8d0]:main():compute-mfcc-feats.cc:182) Processed features for key VIVOSSPK29-129
VLOG[2] (compute-mfcc-feats[5.5.987~1-eb8d0]:main():compute-mfcc-feats.cc:182) Processed features for key VIVOSSPK29-130
VLOG[2] (compute-mfcc-feats[5.5.987~1-eb8d0]:main():compute-mfcc-feats.cc:182) Processed features for key VIVOSSPK29-131
VLOG[2] (compute-mfcc-feats[5.5.987~1-eb8d0]:main():compute-mfcc-feats.cc:182) Processed features for key VIVOSSPK29-132
VLOG[2] (compute-mfcc-feats[5.5.987~1-eb8d0]:main():compute-mfcc-feats.cc:182) Processed features for key VIVOSSPK29-133
VLOG[2] (compute-mfcc-feats[5.5.987~1-eb8d0]:main():compute-mfcc-feats.cc:182) Processed features for key VIVOSSPK29-134
VLOG[2] (compute-mfcc-feats[5.5.987~1-eb8d0]:main():compute-mfcc-feats.cc:182) Processed features for key VIVOSSPK29-135
VLOG[2] (compute-mfcc-feats[5.5.987~1-eb8d0]:main():compute-mfcc-feats.cc:182) Processed features for key VIVOSSPK29-136
LOG (compute-mfcc-feats[5.5.987~1-eb8d0]:main():compute-mfcc-feats.cc:181) Processed 680 utterances
VLOG[2] (compute-mfcc-feats[5.5.987~1-eb8d0]:main():compute-mfcc-feats.cc:182) Processed features for key VIVOSSPK29-137
VLOG[2] (compute-mfcc-feats[5.5.987~1-eb8d0]:main():compute-mfcc-feats.cc:182) Processed features for key VIVOSSPK29-138
VLOG[2] (compute-mfcc-feats[5.5.987~1-eb8d0]:main():compute-mfcc-feats.cc:182) Processed features for key VIVOSSPK29-139
VLOG[2] (compute-mfcc-feats[5.5.987~1-eb8d0]:main():compute-mfcc-feats.cc:182) Processed features for key VIVOSSPK29-140
VLOG[2] (compute-mfcc-feats[5.5.987~1-eb8d0]:main():compute-mfcc-feats.cc:182) Processed features for key VIVOSSPK29-141
VLOG[2] (compute-mfcc-feats[5.5.987~1-eb8d0]:main():compute-mfcc-feats.cc:182) Processed features for key VIVOSSPK29-142
VLOG[2] (compute-mfcc-feats[5.5.987~1-eb8d0]:main():compute-mfcc-feats.cc:182) Processed features for key VIVOSSPK29-143
VLOG[2] (compute-mfcc-feats[5.5.987~1-eb8d0]:main():compute-mfcc-feats.cc:182) Processed features for key VIVOSSPK29-144
VLOG[2] (compute-mfcc-feats[5.5.987~1-eb8d0]:main():compute-mfcc-feats.cc:182) Processed features for key VIVOSSPK29-145
VLOG[2] (compute-mfcc-feats[5.5.987~1-eb8d0]:main():compute-mfcc-feats.cc:182) Processed features for key VIVOSSPK29-146
LOG (compute-mfcc-feats[5.5.987~1-eb8d0]:main():compute-mfcc-feats.cc:181) Processed 690 utterances
VLOG[2] (compute-mfcc-feats[5.5.987~1-eb8d0]:main():compute-mfcc-feats.cc:182) Processed features for key VIVOSSPK29-147
VLOG[2] (compute-mfcc-feats[5.5.987~1-eb8d0]:main():compute-mfcc-feats.cc:182) Processed features for key VIVOSSPK29-148
VLOG[2] (compute-mfcc-feats[5.5.987~1-eb8d0]:main():compute-mfcc-feats.cc:182) Processed features for key VIVOSSPK29-149
VLOG[2] (compute-mfcc-feats[5.5.987~1-eb8d0]:main():compute-mfcc-feats.cc:182) Processed features for key VIVOSSPK29-150
VLOG[2] (compute-mfcc-feats[5.5.987~1-eb8d0]:main():compute-mfcc-feats.cc:182) Processed features for key VIVOSSPK29-151
VLOG[2] (compute-mfcc-feats[5.5.987~1-eb8d0]:main():compute-mfcc-feats.cc:182) Processed features for key VIVOSSPK29-152
VLOG[2] (compute-mfcc-feats[5.5.987~1-eb8d0]:main():compute-mfcc-feats.cc:182) Processed features for key VIVOSSPK29-153
VLOG[2] (compute-mfcc-feats[5.5.987~1-eb8d0]:main():compute-mfcc-feats.cc:182) Processed features for key VIVOSSPK29-154
VLOG[2] (compute-mfcc-feats[5.5.987~1-eb8d0]:main():compute-mfcc-feats.cc:182) Processed features for key VIVOSSPK29-155
VLOG[2] (compute-mfcc-feats[5.5.987~1-eb8d0]:main():compute-mfcc-feats.cc:182) Processed features for key VIVOSSPK29-156
LOG (compute-mfcc-feats[5.5.987~1-eb8d0]:main():compute-mfcc-feats.cc:181) Processed 700 utterances
VLOG[2] (compute-mfcc-feats[5.5.987~1-eb8d0]:main():compute-mfcc-feats.cc:182) Processed features for key VIVOSSPK29-157
VLOG[2] (compute-mfcc-feats[5.5.987~1-eb8d0]:main():compute-mfcc-feats.cc:182) Processed features for key VIVOSSPK29-158
VLOG[2] (compute-mfcc-feats[5.5.987~1-eb8d0]:main():compute-mfcc-feats.cc:182) Processed features for key VIVOSSPK29-159
VLOG[2] (compute-mfcc-feats[5.5.987~1-eb8d0]:main():compute-mfcc-feats.cc:182) Processed features for key VIVOSSPK29-160
VLOG[2] (compute-mfcc-feats[5.5.987~1-eb8d0]:main():compute-mfcc-feats.cc:182) Processed features for key VIVOSSPK29-161
VLOG[2] (compute-mfcc-feats[5.5.987~1-eb8d0]:main():compute-mfcc-feats.cc:182) Processed features for key VIVOSSPK29-162
VLOG[2] (compute-mfcc-feats[5.5.987~1-eb8d0]:main():compute-mfcc-feats.cc:182) Processed features for key VIVOSSPK29-163
VLOG[2] (compute-mfcc-feats[5.5.987~1-eb8d0]:main():compute-mfcc-feats.cc:182) Processed features for key VIVOSSPK29-164
VLOG[2] (compute-mfcc-feats[5.5.987~1-eb8d0]:main():compute-mfcc-feats.cc:182) Processed features for key VIVOSSPK29-165
VLOG[2] (compute-mfcc-feats[5.5.987~1-eb8d0]:main():compute-mfcc-feats.cc:182) Processed features for key VIVOSSPK29-166
LOG (compute-mfcc-feats[5.5.987~1-eb8d0]:main():compute-mfcc-feats.cc:181) Processed 710 utterances
VLOG[2] (compute-mfcc-feats[5.5.987~1-eb8d0]:main():compute-mfcc-feats.cc:182) Processed features for key VIVOSSPK29-167
VLOG[2] (compute-mfcc-feats[5.5.987~1-eb8d0]:main():compute-mfcc-feats.cc:182) Processed features for key VIVOSSPK29-168
VLOG[2] (compute-mfcc-feats[5.5.987~1-eb8d0]:main():compute-mfcc-feats.cc:182) Processed features for key VIVOSSPK29-169
VLOG[2] (compute-mfcc-feats[5.5.987~1-eb8d0]:main():compute-mfcc-feats.cc:182) Processed features for key VIVOSSPK29-170
VLOG[2] (compute-mfcc-feats[5.5.987~1-eb8d0]:main():compute-mfcc-feats.cc:182) Processed features for key VIVOSSPK29-171
VLOG[2] (compute-mfcc-feats[5.5.987~1-eb8d0]:main():compute-mfcc-feats.cc:182) Processed features for key VIVOSSPK29-172
VLOG[2] (compute-mfcc-feats[5.5.987~1-eb8d0]:main():compute-mfcc-feats.cc:182) Processed features for key VIVOSSPK29-173
VLOG[2] (compute-mfcc-feats[5.5.987~1-eb8d0]:main():compute-mfcc-feats.cc:182) Processed features for key VIVOSSPK29-174
VLOG[2] (compute-mfcc-feats[5.5.987~1-eb8d0]:main():compute-mfcc-feats.cc:182) Processed features for key VIVOSSPK29-175
VLOG[2] (compute-mfcc-feats[5.5.987~1-eb8d0]:main():compute-mfcc-feats.cc:182) Processed features for key VIVOSSPK29-176
LOG (compute-mfcc-feats[5.5.987~1-eb8d0]:main():compute-mfcc-feats.cc:181) Processed 720 utterances
VLOG[2] (compute-mfcc-feats[5.5.987~1-eb8d0]:main():compute-mfcc-feats.cc:182) Processed features for key VIVOSSPK29-177
VLOG[2] (compute-mfcc-feats[5.5.987~1-eb8d0]:main():compute-mfcc-feats.cc:182) Processed features for key VIVOSSPK29-178
VLOG[2] (compute-mfcc-feats[5.5.987~1-eb8d0]:main():compute-mfcc-feats.cc:182) Processed features for key VIVOSSPK29-179
VLOG[2] (compute-mfcc-feats[5.5.987~1-eb8d0]:main():compute-mfcc-feats.cc:182) Processed features for key VIVOSSPK29-180
VLOG[2] (compute-mfcc-feats[5.5.987~1-eb8d0]:main():compute-mfcc-feats.cc:182) Processed features for key VIVOSSPK29-181
VLOG[2] (compute-mfcc-feats[5.5.987~1-eb8d0]:main():compute-mfcc-feats.cc:182) Processed features for key VIVOSSPK29-182
VLOG[2] (compute-mfcc-feats[5.5.987~1-eb8d0]:main():compute-mfcc-feats.cc:182) Processed features for key VIVOSSPK29-183
VLOG[2] (compute-mfcc-feats[5.5.987~1-eb8d0]:main():compute-mfcc-feats.cc:182) Processed features for key VIVOSSPK29-184
VLOG[2] (compute-mfcc-feats[5.5.987~1-eb8d0]:main():compute-mfcc-feats.cc:182) Processed features for key VIVOSSPK29-185
VLOG[2] (compute-mfcc-feats[5.5.987~1-eb8d0]:main():compute-mfcc-feats.cc:182) Processed features for key VIVOSSPK29-186
LOG (compute-mfcc-feats[5.5.987~1-eb8d0]:main():compute-mfcc-feats.cc:185)  Done 729 out of 729 utterances.
LOG (copy-feats[5.5.987~1-eb8d0]:main():copy-feats.cc:143) Copied 729 feature matrices.
# Accounting: time=13 threads=1
# Ended (code 0) at Fri Oct 29 08:01:09 +07 2021, elapsed time 13 seconds
