# compute-mfcc-feats --write-utt2dur=ark,t:exp/make_mfcc/train/utt2dur.3 --verbose=2 --config=conf/mfcc.conf scp,p:exp/make_mfcc/train/wav_train.3.scp ark:- | copy-feats --write-num-frames=ark,t:exp/make_mfcc/train/utt2num_frames.3 --compress=true ark:- ark,scp:/home/phuc/workspace/research/kaldi/egs/vivos/mfcc/raw_mfcc_train.3.ark,/home/phuc/workspace/research/kaldi/egs/vivos/mfcc/raw_mfcc_train.3.scp 
# Started at Fri Oct 29 08:00:56 +07 2021
#
compute-mfcc-feats --write-utt2dur=ark,t:exp/make_mfcc/train/utt2dur.3 --verbose=2 --config=conf/mfcc.conf scp,p:exp/make_mfcc/train/wav_train.3.scp ark:- 
copy-feats --write-num-frames=ark,t:exp/make_mfcc/train/utt2num_frames.3 --compress=true ark:- ark,scp:/home/phuc/workspace/research/kaldi/egs/vivos/mfcc/raw_mfcc_train.3.ark,/home/phuc/workspace/research/kaldi/egs/vivos/mfcc/raw_mfcc_train.3.scp 
VLOG[2] (compute-mfcc-feats[5.5.987~1-eb8d0]:main():compute-mfcc-feats.cc:182) Processed features for key VIVOSSPK06-T009
VLOG[2] (compute-mfcc-feats[5.5.987~1-eb8d0]:main():compute-mfcc-feats.cc:182) Processed features for key VIVOSSPK06-T010
VLOG[2] (compute-mfcc-feats[5.5.987~1-eb8d0]:main():compute-mfcc-feats.cc:182) Processed features for key VIVOSSPK06-T011
VLOG[2] (compute-mfcc-feats[5.5.987~1-eb8d0]:main():compute-mfcc-feats.cc:182) Processed features for key VIVOSSPK06-T012
VLOG[2] (compute-mfcc-feats[5.5.987~1-eb8d0]:main():compute-mfcc-feats.cc:182) Processed features for key VIVOSSPK06-T013
VLOG[2] (compute-mfcc-feats[5.5.987~1-eb8d0]:main():compute-mfcc-feats.cc:182) Processed features for key VIVOSSPK06-T014
VLOG[2] (compute-mfcc-feats[5.5.987~1-eb8d0]:main():compute-mfcc-feats.cc:182) Processed features for key VIVOSSPK06-T015
VLOG[2] (compute-mfcc-feats[5.5.987~1-eb8d0]:main():compute-mfcc-feats.cc:182) Processed features for key VIVOSSPK06-T016
VLOG[2] (compute-mfcc-feats[5.5.987~1-eb8d0]:main():compute-mfcc-feats.cc:182) Processed features for key VIVOSSPK06-T017
LOG (compute-mfcc-feats[5.5.987~1-eb8d0]:main():compute-mfcc-feats.cc:181) Processed 10 utterances
VLOG[2] (compute-mfcc-feats[5.5.987~1-eb8d0]:main():compute-mfcc-feats.cc:182) Processed features for key VIVOSSPK06-T018
VLOG[2] (compute-mfcc-feats[5.5.987~1-eb8d0]:main():compute-mfcc-feats.cc:182) Processed features for key VIVOSSPK06-T019
VLOG[2] (compute-mfcc-feats[5.5.987~1-eb8d0]:main():compute-mfcc-feats.cc:182) Processed features for key VIVOSSPK06-T020
VLOG[2] (compute-mfcc-feats[5.5.987~1-eb8d0]:main():compute-mfcc-feats.cc:182) Processed features for key VIVOSSPK06-T021
VLOG[2] (compute-mfcc-feats[5.5.987~1-eb8d0]:main():compute-mfcc-feats.cc:182) Processed features for key VIVOSSPK06-T022
VLOG[2] (compute-mfcc-feats[5.5.987~1-eb8d0]:main():compute-mfcc-feats.cc:182) Processed features for key VIVOSSPK06-T023
VLOG[2] (compute-mfcc-feats[5.5.987~1-eb8d0]:main():compute-mfcc-feats.cc:182) Processed features for key VIVOSSPK06-T024
VLOG[2] (compute-mfcc-feats[5.5.987~1-eb8d0]:main():compute-mfcc-feats.cc:182) Processed features for key VIVOSSPK06-T025
VLOG[2] (compute-mfcc-feats[5.5.987~1-eb8d0]:main():compute-mfcc-feats.cc:182) Processed features for key VIVOSSPK06-T026
VLOG[2] (compute-mfcc-feats[5.5.987~1-eb8d0]:main():compute-mfcc-feats.cc:182) Processed features for key VIVOSSPK06-T027
LOG (compute-mfcc-feats[5.5.987~1-eb8d0]:main():compute-mfcc-feats.cc:181) Processed 20 utterances
VLOG[2] (compute-mfcc-feats[5.5.987~1-eb8d0]:main():compute-mfcc-feats.cc:182) Processed features for key VIVOSSPK06-T028
VLOG[2] (compute-mfcc-feats[5.5.987~1-eb8d0]:main():compute-mfcc-feats.cc:182) Processed features for key VIVOSSPK06-T029
VLOG[2] (compute-mfcc-feats[5.5.987~1-eb8d0]:main():compute-mfcc-feats.cc:182) Processed features for key VIVOSSPK06-T030
VLOG[2] (compute-mfcc-feats[5.5.987~1-eb8d0]:main():compute-mfcc-feats.cc:182) Processed features for key VIVOSSPK06-T031
VLOG[2] (compute-mfcc-feats[5.5.987~1-eb8d0]:main():compute-mfcc-feats.cc:182) Processed features for key VIVOSSPK06-T032
VLOG[2] (compute-mfcc-feats[5.5.987~1-eb8d0]:main():compute-mfcc-feats.cc:182) Processed features for key VIVOSSPK06-T033
VLOG[2] (compute-mfcc-feats[5.5.987~1-eb8d0]:main():compute-mfcc-feats.cc:182) Processed features for key VIVOSSPK06-T034
VLOG[2] (compute-mfcc-feats[5.5.987~1-eb8d0]:main():compute-mfcc-feats.cc:182) Processed features for key VIVOSSPK06-T035
VLOG[2] (compute-mfcc-feats[5.5.987~1-eb8d0]:main():compute-mfcc-feats.cc:182) Processed features for key VIVOSSPK06-T036
VLOG[2] (compute-mfcc-feats[5.5.987~1-eb8d0]:main():compute-mfcc-feats.cc:182) Processed features for key VIVOSSPK06-T037
LOG (compute-mfcc-feats[5.5.987~1-eb8d0]:main():compute-mfcc-feats.cc:181) Processed 30 utterances
VLOG[2] (compute-mfcc-feats[5.5.987~1-eb8d0]:main():compute-mfcc-feats.cc:182) Processed features for key VIVOSSPK06-T038
VLOG[2] (compute-mfcc-feats[5.5.987~1-eb8d0]:main():compute-mfcc-feats.cc:182) Processed features for key VIVOSSPK06-T039
VLOG[2] (compute-mfcc-feats[5.5.987~1-eb8d0]:main():compute-mfcc-feats.cc:182) Processed features for key VIVOSSPK06-T040
VLOG[2] (compute-mfcc-feats[5.5.987~1-eb8d0]:main():compute-mfcc-feats.cc:182) Processed features for key VIVOSSPK06-T041
VLOG[2] (compute-mfcc-feats[5.5.987~1-eb8d0]:main():compute-mfcc-feats.cc:182) Processed features for key VIVOSSPK06-T042
VLOG[2] (compute-mfcc-feats[5.5.987~1-eb8d0]:main():compute-mfcc-feats.cc:182) Processed features for key VIVOSSPK06-T043
VLOG[2] (compute-mfcc-feats[5.5.987~1-eb8d0]:main():compute-mfcc-feats.cc:182) Processed features for key VIVOSSPK06-T044
VLOG[2] (compute-mfcc-feats[5.5.987~1-eb8d0]:main():compute-mfcc-feats.cc:182) Processed features for key VIVOSSPK06-T045
VLOG[2] (compute-mfcc-feats[5.5.987~1-eb8d0]:main():compute-mfcc-feats.cc:182) Processed features for key VIVOSSPK06-T046
VLOG[2] (compute-mfcc-feats[5.5.987~1-eb8d0]:main():compute-mfcc-feats.cc:182) Processed features for key VIVOSSPK06-T047
LOG (compute-mfcc-feats[5.5.987~1-eb8d0]:main():compute-mfcc-feats.cc:181) Processed 40 utterances
VLOG[2] (compute-mfcc-feats[5.5.987~1-eb8d0]:main():compute-mfcc-feats.cc:182) Processed features for key VIVOSSPK06-T048
VLOG[2] (compute-mfcc-feats[5.5.987~1-eb8d0]:main():compute-mfcc-feats.cc:182) Processed features for key VIVOSSPK06-T049
VLOG[2] (compute-mfcc-feats[5.5.987~1-eb8d0]:main():compute-mfcc-feats.cc:182) Processed features for key VIVOSSPK06-T050
VLOG[2] (compute-mfcc-feats[5.5.987~1-eb8d0]:main():compute-mfcc-feats.cc:182) Processed features for key VIVOSSPK07-R001
VLOG[2] (compute-mfcc-feats[5.5.987~1-eb8d0]:main():compute-mfcc-feats.cc:182) Processed features for key VIVOSSPK07-R002
VLOG[2] (compute-mfcc-feats[5.5.987~1-eb8d0]:main():compute-mfcc-feats.cc:182) Processed features for key VIVOSSPK07-R003
VLOG[2] (compute-mfcc-feats[5.5.987~1-eb8d0]:main():compute-mfcc-feats.cc:182) Processed features for key VIVOSSPK07-R004
VLOG[2] (compute-mfcc-feats[5.5.987~1-eb8d0]:main():compute-mfcc-feats.cc:182) Processed features for key VIVOSSPK07-R005
VLOG[2] (compute-mfcc-feats[5.5.987~1-eb8d0]:main():compute-mfcc-feats.cc:182) Processed features for key VIVOSSPK07-R006
VLOG[2] (compute-mfcc-feats[5.5.987~1-eb8d0]:main():compute-mfcc-feats.cc:182) Processed features for key VIVOSSPK07-R007
LOG (compute-mfcc-feats[5.5.987~1-eb8d0]:main():compute-mfcc-feats.cc:181) Processed 50 utterances
VLOG[2] (compute-mfcc-feats[5.5.987~1-eb8d0]:main():compute-mfcc-feats.cc:182) Processed features for key VIVOSSPK07-R008
VLOG[2] (compute-mfcc-feats[5.5.987~1-eb8d0]:main():compute-mfcc-feats.cc:182) Processed features for key VIVOSSPK07-R009
VLOG[2] (compute-mfcc-feats[5.5.987~1-eb8d0]:main():compute-mfcc-feats.cc:182) Processed features for key VIVOSSPK07-R010
VLOG[2] (compute-mfcc-feats[5.5.987~1-eb8d0]:main():compute-mfcc-feats.cc:182) Processed features for key VIVOSSPK07-R011
VLOG[2] (compute-mfcc-feats[5.5.987~1-eb8d0]:main():compute-mfcc-feats.cc:182) Processed features for key VIVOSSPK07-R012
VLOG[2] (compute-mfcc-feats[5.5.987~1-eb8d0]:main():compute-mfcc-feats.cc:182) Processed features for key VIVOSSPK07-R013
VLOG[2] (compute-mfcc-feats[5.5.987~1-eb8d0]:main():compute-mfcc-feats.cc:182) Processed features for key VIVOSSPK07-R014
VLOG[2] (compute-mfcc-feats[5.5.987~1-eb8d0]:main():compute-mfcc-feats.cc:182) Processed features for key VIVOSSPK07-R015
VLOG[2] (compute-mfcc-feats[5.5.987~1-eb8d0]:main():compute-mfcc-feats.cc:182) Processed features for key VIVOSSPK07-R016
VLOG[2] (compute-mfcc-feats[5.5.987~1-eb8d0]:main():compute-mfcc-feats.cc:182) Processed features for key VIVOSSPK07-R017
LOG (compute-mfcc-feats[5.5.987~1-eb8d0]:main():compute-mfcc-feats.cc:181) Processed 60 utterances
VLOG[2] (compute-mfcc-feats[5.5.987~1-eb8d0]:main():compute-mfcc-feats.cc:182) Processed features for key VIVOSSPK07-R018
VLOG[2] (compute-mfcc-feats[5.5.987~1-eb8d0]:main():compute-mfcc-feats.cc:182) Processed features for key VIVOSSPK07-R019
VLOG[2] (compute-mfcc-feats[5.5.987~1-eb8d0]:main():compute-mfcc-feats.cc:182) Processed features for key VIVOSSPK07-R020
VLOG[2] (compute-mfcc-feats[5.5.987~1-eb8d0]:main():compute-mfcc-feats.cc:182) Processed features for key VIVOSSPK07-R021
VLOG[2] (compute-mfcc-feats[5.5.987~1-eb8d0]:main():compute-mfcc-feats.cc:182) Processed features for key VIVOSSPK07-R022
VLOG[2] (compute-mfcc-feats[5.5.987~1-eb8d0]:main():compute-mfcc-feats.cc:182) Processed features for key VIVOSSPK07-R023
VLOG[2] (compute-mfcc-feats[5.5.987~1-eb8d0]:main():compute-mfcc-feats.cc:182) Processed features for key VIVOSSPK07-R024
VLOG[2] (compute-mfcc-feats[5.5.987~1-eb8d0]:main():compute-mfcc-feats.cc:182) Processed features for key VIVOSSPK07-R025
VLOG[2] (compute-mfcc-feats[5.5.987~1-eb8d0]:main():compute-mfcc-feats.cc:182) Processed features for key VIVOSSPK07-R026
VLOG[2] (compute-mfcc-feats[5.5.987~1-eb8d0]:main():compute-mfcc-feats.cc:182) Processed features for key VIVOSSPK07-R027
LOG (compute-mfcc-feats[5.5.987~1-eb8d0]:main():compute-mfcc-feats.cc:181) Processed 70 utterances
VLOG[2] (compute-mfcc-feats[5.5.987~1-eb8d0]:main():compute-mfcc-feats.cc:182) Processed features for key VIVOSSPK07-R028
VLOG[2] (compute-mfcc-feats[5.5.987~1-eb8d0]:main():compute-mfcc-feats.cc:182) Processed features for key VIVOSSPK07-R029
VLOG[2] (compute-mfcc-feats[5.5.987~1-eb8d0]:main():compute-mfcc-feats.cc:182) Processed features for key VIVOSSPK07-R030
VLOG[2] (compute-mfcc-feats[5.5.987~1-eb8d0]:main():compute-mfcc-feats.cc:182) Processed features for key VIVOSSPK07-R031
VLOG[2] (compute-mfcc-feats[5.5.987~1-eb8d0]:main():compute-mfcc-feats.cc:182) Processed features for key VIVOSSPK07-R032
VLOG[2] (compute-mfcc-feats[5.5.987~1-eb8d0]:main():compute-mfcc-feats.cc:182) Processed features for key VIVOSSPK07-R033
VLOG[2] (compute-mfcc-feats[5.5.987~1-eb8d0]:main():compute-mfcc-feats.cc:182) Processed features for key VIVOSSPK07-R034
VLOG[2] (compute-mfcc-feats[5.5.987~1-eb8d0]:main():compute-mfcc-feats.cc:182) Processed features for key VIVOSSPK07-R035
VLOG[2] (compute-mfcc-feats[5.5.987~1-eb8d0]:main():compute-mfcc-feats.cc:182) Processed features for key VIVOSSPK07-R036
VLOG[2] (compute-mfcc-feats[5.5.987~1-eb8d0]:main():compute-mfcc-feats.cc:182) Processed features for key VIVOSSPK07-R037
LOG (compute-mfcc-feats[5.5.987~1-eb8d0]:main():compute-mfcc-feats.cc:181) Processed 80 utterances
VLOG[2] (compute-mfcc-feats[5.5.987~1-eb8d0]:main():compute-mfcc-feats.cc:182) Processed features for key VIVOSSPK07-R038
VLOG[2] (compute-mfcc-feats[5.5.987~1-eb8d0]:main():compute-mfcc-feats.cc:182) Processed features for key VIVOSSPK07-R039
VLOG[2] (compute-mfcc-feats[5.5.987~1-eb8d0]:main():compute-mfcc-feats.cc:182) Processed features for key VIVOSSPK07-R040
VLOG[2] (compute-mfcc-feats[5.5.987~1-eb8d0]:main():compute-mfcc-feats.cc:182) Processed features for key VIVOSSPK07-R041
VLOG[2] (compute-mfcc-feats[5.5.987~1-eb8d0]:main():compute-mfcc-feats.cc:182) Processed features for key VIVOSSPK07-R042
VLOG[2] (compute-mfcc-feats[5.5.987~1-eb8d0]:main():compute-mfcc-feats.cc:182) Processed features for key VIVOSSPK07-R043
VLOG[2] (compute-mfcc-feats[5.5.987~1-eb8d0]:main():compute-mfcc-feats.cc:182) Processed features for key VIVOSSPK07-R044
VLOG[2] (compute-mfcc-feats[5.5.987~1-eb8d0]:main():compute-mfcc-feats.cc:182) Processed features for key VIVOSSPK07-R045
VLOG[2] (compute-mfcc-feats[5.5.987~1-eb8d0]:main():compute-mfcc-feats.cc:182) Processed features for key VIVOSSPK07-R046
VLOG[2] (compute-mfcc-feats[5.5.987~1-eb8d0]:main():compute-mfcc-feats.cc:182) Processed features for key VIVOSSPK07-R047
LOG (compute-mfcc-feats[5.5.987~1-eb8d0]:main():compute-mfcc-feats.cc:181) Processed 90 utterances
VLOG[2] (compute-mfcc-feats[5.5.987~1-eb8d0]:main():compute-mfcc-feats.cc:182) Processed features for key VIVOSSPK07-R048
VLOG[2] (compute-mfcc-feats[5.5.987~1-eb8d0]:main():compute-mfcc-feats.cc:182) Processed features for key VIVOSSPK07-R049
VLOG[2] (compute-mfcc-feats[5.5.987~1-eb8d0]:main():compute-mfcc-feats.cc:182) Processed features for key VIVOSSPK07-R050
VLOG[2] (compute-mfcc-feats[5.5.987~1-eb8d0]:main():compute-mfcc-feats.cc:182) Processed features for key VIVOSSPK07-R051
VLOG[2] (compute-mfcc-feats[5.5.987~1-eb8d0]:main():compute-mfcc-feats.cc:182) Processed features for key VIVOSSPK07-R052
VLOG[2] (compute-mfcc-feats[5.5.987~1-eb8d0]:main():compute-mfcc-feats.cc:182) Processed features for key VIVOSSPK07-R053
VLOG[2] (compute-mfcc-feats[5.5.987~1-eb8d0]:main():compute-mfcc-feats.cc:182) Processed features for key VIVOSSPK07-R054
VLOG[2] (compute-mfcc-feats[5.5.987~1-eb8d0]:main():compute-mfcc-feats.cc:182) Processed features for key VIVOSSPK07-R055
VLOG[2] (compute-mfcc-feats[5.5.987~1-eb8d0]:main():compute-mfcc-feats.cc:182) Processed features for key VIVOSSPK07-R056
VLOG[2] (compute-mfcc-feats[5.5.987~1-eb8d0]:main():compute-mfcc-feats.cc:182) Processed features for key VIVOSSPK07-R057
LOG (compute-mfcc-feats[5.5.987~1-eb8d0]:main():compute-mfcc-feats.cc:181) Processed 100 utterances
VLOG[2] (compute-mfcc-feats[5.5.987~1-eb8d0]:main():compute-mfcc-feats.cc:182) Processed features for key VIVOSSPK07-R058
VLOG[2] (compute-mfcc-feats[5.5.987~1-eb8d0]:main():compute-mfcc-feats.cc:182) Processed features for key VIVOSSPK07-R059
VLOG[2] (compute-mfcc-feats[5.5.987~1-eb8d0]:main():compute-mfcc-feats.cc:182) Processed features for key VIVOSSPK07-R060
VLOG[2] (compute-mfcc-feats[5.5.987~1-eb8d0]:main():compute-mfcc-feats.cc:182) Processed features for key VIVOSSPK07-R061
VLOG[2] (compute-mfcc-feats[5.5.987~1-eb8d0]:main():compute-mfcc-feats.cc:182) Processed features for key VIVOSSPK07-R062
VLOG[2] (compute-mfcc-feats[5.5.987~1-eb8d0]:main():compute-mfcc-feats.cc:182) Processed features for key VIVOSSPK07-R063
VLOG[2] (compute-mfcc-feats[5.5.987~1-eb8d0]:main():compute-mfcc-feats.cc:182) Processed features for key VIVOSSPK07-R064
VLOG[2] (compute-mfcc-feats[5.5.987~1-eb8d0]:main():compute-mfcc-feats.cc:182) Processed features for key VIVOSSPK07-R065
VLOG[2] (compute-mfcc-feats[5.5.987~1-eb8d0]:main():compute-mfcc-feats.cc:182) Processed features for key VIVOSSPK07-R066
VLOG[2] (compute-mfcc-feats[5.5.987~1-eb8d0]:main():compute-mfcc-feats.cc:182) Processed features for key VIVOSSPK07-R067
LOG (compute-mfcc-feats[5.5.987~1-eb8d0]:main():compute-mfcc-feats.cc:181) Processed 110 utterances
VLOG[2] (compute-mfcc-feats[5.5.987~1-eb8d0]:main():compute-mfcc-feats.cc:182) Processed features for key VIVOSSPK07-R068
VLOG[2] (compute-mfcc-feats[5.5.987~1-eb8d0]:main():compute-mfcc-feats.cc:182) Processed features for key VIVOSSPK07-R069
VLOG[2] (compute-mfcc-feats[5.5.987~1-eb8d0]:main():compute-mfcc-feats.cc:182) Processed features for key VIVOSSPK07-R070
VLOG[2] (compute-mfcc-feats[5.5.987~1-eb8d0]:main():compute-mfcc-feats.cc:182) Processed features for key VIVOSSPK07-R071
VLOG[2] (compute-mfcc-feats[5.5.987~1-eb8d0]:main():compute-mfcc-feats.cc:182) Processed features for key VIVOSSPK07-R072
VLOG[2] (compute-mfcc-feats[5.5.987~1-eb8d0]:main():compute-mfcc-feats.cc:182) Processed features for key VIVOSSPK07-R073
VLOG[2] (compute-mfcc-feats[5.5.987~1-eb8d0]:main():compute-mfcc-feats.cc:182) Processed features for key VIVOSSPK07-R074
VLOG[2] (compute-mfcc-feats[5.5.987~1-eb8d0]:main():compute-mfcc-feats.cc:182) Processed features for key VIVOSSPK07-R075
VLOG[2] (compute-mfcc-feats[5.5.987~1-eb8d0]:main():compute-mfcc-feats.cc:182) Processed features for key VIVOSSPK07-R076
VLOG[2] (compute-mfcc-feats[5.5.987~1-eb8d0]:main():compute-mfcc-feats.cc:182) Processed features for key VIVOSSPK07-R077
LOG (compute-mfcc-feats[5.5.987~1-eb8d0]:main():compute-mfcc-feats.cc:181) Processed 120 utterances
VLOG[2] (compute-mfcc-feats[5.5.987~1-eb8d0]:main():compute-mfcc-feats.cc:182) Processed features for key VIVOSSPK07-R078
VLOG[2] (compute-mfcc-feats[5.5.987~1-eb8d0]:main():compute-mfcc-feats.cc:182) Processed features for key VIVOSSPK07-R079
VLOG[2] (compute-mfcc-feats[5.5.987~1-eb8d0]:main():compute-mfcc-feats.cc:182) Processed features for key VIVOSSPK07-R080
VLOG[2] (compute-mfcc-feats[5.5.987~1-eb8d0]:main():compute-mfcc-feats.cc:182) Processed features for key VIVOSSPK07-R081
VLOG[2] (compute-mfcc-feats[5.5.987~1-eb8d0]:main():compute-mfcc-feats.cc:182) Processed features for key VIVOSSPK07-R082
VLOG[2] (compute-mfcc-feats[5.5.987~1-eb8d0]:main():compute-mfcc-feats.cc:182) Processed features for key VIVOSSPK07-R083
VLOG[2] (compute-mfcc-feats[5.5.987~1-eb8d0]:main():compute-mfcc-feats.cc:182) Processed features for key VIVOSSPK07-R084
VLOG[2] (compute-mfcc-feats[5.5.987~1-eb8d0]:main():compute-mfcc-feats.cc:182) Processed features for key VIVOSSPK07-R085
VLOG[2] (compute-mfcc-feats[5.5.987~1-eb8d0]:main():compute-mfcc-feats.cc:182) Processed features for key VIVOSSPK07-R086
VLOG[2] (compute-mfcc-feats[5.5.987~1-eb8d0]:main():compute-mfcc-feats.cc:182) Processed features for key VIVOSSPK07-R087
LOG (compute-mfcc-feats[5.5.987~1-eb8d0]:main():compute-mfcc-feats.cc:181) Processed 130 utterances
VLOG[2] (compute-mfcc-feats[5.5.987~1-eb8d0]:main():compute-mfcc-feats.cc:182) Processed features for key VIVOSSPK07-R088
VLOG[2] (compute-mfcc-feats[5.5.987~1-eb8d0]:main():compute-mfcc-feats.cc:182) Processed features for key VIVOSSPK07-R089
VLOG[2] (compute-mfcc-feats[5.5.987~1-eb8d0]:main():compute-mfcc-feats.cc:182) Processed features for key VIVOSSPK07-R090
VLOG[2] (compute-mfcc-feats[5.5.987~1-eb8d0]:main():compute-mfcc-feats.cc:182) Processed features for key VIVOSSPK07-R091
VLOG[2] (compute-mfcc-feats[5.5.987~1-eb8d0]:main():compute-mfcc-feats.cc:182) Processed features for key VIVOSSPK07-R092
VLOG[2] (compute-mfcc-feats[5.5.987~1-eb8d0]:main():compute-mfcc-feats.cc:182) Processed features for key VIVOSSPK07-R093
VLOG[2] (compute-mfcc-feats[5.5.987~1-eb8d0]:main():compute-mfcc-feats.cc:182) Processed features for key VIVOSSPK07-R094
VLOG[2] (compute-mfcc-feats[5.5.987~1-eb8d0]:main():compute-mfcc-feats.cc:182) Processed features for key VIVOSSPK07-R095
VLOG[2] (compute-mfcc-feats[5.5.987~1-eb8d0]:main():compute-mfcc-feats.cc:182) Processed features for key VIVOSSPK07-R096
VLOG[2] (compute-mfcc-feats[5.5.987~1-eb8d0]:main():compute-mfcc-feats.cc:182) Processed features for key VIVOSSPK07-R097
LOG (compute-mfcc-feats[5.5.987~1-eb8d0]:main():compute-mfcc-feats.cc:181) Processed 140 utterances
VLOG[2] (compute-mfcc-feats[5.5.987~1-eb8d0]:main():compute-mfcc-feats.cc:182) Processed features for key VIVOSSPK07-R098
VLOG[2] (compute-mfcc-feats[5.5.987~1-eb8d0]:main():compute-mfcc-feats.cc:182) Processed features for key VIVOSSPK07-R099
VLOG[2] (compute-mfcc-feats[5.5.987~1-eb8d0]:main():compute-mfcc-feats.cc:182) Processed features for key VIVOSSPK07-R100
VLOG[2] (compute-mfcc-feats[5.5.987~1-eb8d0]:main():compute-mfcc-feats.cc:182) Processed features for key VIVOSSPK07-R101
VLOG[2] (compute-mfcc-feats[5.5.987~1-eb8d0]:main():compute-mfcc-feats.cc:182) Processed features for key VIVOSSPK07-R102
VLOG[2] (compute-mfcc-feats[5.5.987~1-eb8d0]:main():compute-mfcc-feats.cc:182) Processed features for key VIVOSSPK07-R103
VLOG[2] (compute-mfcc-feats[5.5.987~1-eb8d0]:main():compute-mfcc-feats.cc:182) Processed features for key VIVOSSPK07-R104
VLOG[2] (compute-mfcc-feats[5.5.987~1-eb8d0]:main():compute-mfcc-feats.cc:182) Processed features for key VIVOSSPK07-R105
VLOG[2] (compute-mfcc-feats[5.5.987~1-eb8d0]:main():compute-mfcc-feats.cc:182) Processed features for key VIVOSSPK07-R106
VLOG[2] (compute-mfcc-feats[5.5.987~1-eb8d0]:main():compute-mfcc-feats.cc:182) Processed features for key VIVOSSPK07-R107
LOG (compute-mfcc-feats[5.5.987~1-eb8d0]:main():compute-mfcc-feats.cc:181) Processed 150 utterances
VLOG[2] (compute-mfcc-feats[5.5.987~1-eb8d0]:main():compute-mfcc-feats.cc:182) Processed features for key VIVOSSPK07-R108
VLOG[2] (compute-mfcc-feats[5.5.987~1-eb8d0]:main():compute-mfcc-feats.cc:182) Processed features for key VIVOSSPK07-R109
VLOG[2] (compute-mfcc-feats[5.5.987~1-eb8d0]:main():compute-mfcc-feats.cc:182) Processed features for key VIVOSSPK07-R110
VLOG[2] (compute-mfcc-feats[5.5.987~1-eb8d0]:main():compute-mfcc-feats.cc:182) Processed features for key VIVOSSPK07-R111
VLOG[2] (compute-mfcc-feats[5.5.987~1-eb8d0]:main():compute-mfcc-feats.cc:182) Processed features for key VIVOSSPK07-R112
VLOG[2] (compute-mfcc-feats[5.5.987~1-eb8d0]:main():compute-mfcc-feats.cc:182) Processed features for key VIVOSSPK07-R113
VLOG[2] (compute-mfcc-feats[5.5.987~1-eb8d0]:main():compute-mfcc-feats.cc:182) Processed features for key VIVOSSPK07-R114
VLOG[2] (compute-mfcc-feats[5.5.987~1-eb8d0]:main():compute-mfcc-feats.cc:182) Processed features for key VIVOSSPK07-R115
VLOG[2] (compute-mfcc-feats[5.5.987~1-eb8d0]:main():compute-mfcc-feats.cc:182) Processed features for key VIVOSSPK07-R116
VLOG[2] (compute-mfcc-feats[5.5.987~1-eb8d0]:main():compute-mfcc-feats.cc:182) Processed features for key VIVOSSPK07-R117
LOG (compute-mfcc-feats[5.5.987~1-eb8d0]:main():compute-mfcc-feats.cc:181) Processed 160 utterances
VLOG[2] (compute-mfcc-feats[5.5.987~1-eb8d0]:main():compute-mfcc-feats.cc:182) Processed features for key VIVOSSPK07-R118
VLOG[2] (compute-mfcc-feats[5.5.987~1-eb8d0]:main():compute-mfcc-feats.cc:182) Processed features for key VIVOSSPK07-R119
VLOG[2] (compute-mfcc-feats[5.5.987~1-eb8d0]:main():compute-mfcc-feats.cc:182) Processed features for key VIVOSSPK07-R120
VLOG[2] (compute-mfcc-feats[5.5.987~1-eb8d0]:main():compute-mfcc-feats.cc:182) Processed features for key VIVOSSPK07-R121
VLOG[2] (compute-mfcc-feats[5.5.987~1-eb8d0]:main():compute-mfcc-feats.cc:182) Processed features for key VIVOSSPK07-R122
VLOG[2] (compute-mfcc-feats[5.5.987~1-eb8d0]:main():compute-mfcc-feats.cc:182) Processed features for key VIVOSSPK07-R123
VLOG[2] (compute-mfcc-feats[5.5.987~1-eb8d0]:main():compute-mfcc-feats.cc:182) Processed features for key VIVOSSPK07-R124
VLOG[2] (compute-mfcc-feats[5.5.987~1-eb8d0]:main():compute-mfcc-feats.cc:182) Processed features for key VIVOSSPK07-R125
VLOG[2] (compute-mfcc-feats[5.5.987~1-eb8d0]:main():compute-mfcc-feats.cc:182) Processed features for key VIVOSSPK07-R126
VLOG[2] (compute-mfcc-feats[5.5.987~1-eb8d0]:main():compute-mfcc-feats.cc:182) Processed features for key VIVOSSPK07-R127
LOG (compute-mfcc-feats[5.5.987~1-eb8d0]:main():compute-mfcc-feats.cc:181) Processed 170 utterances
VLOG[2] (compute-mfcc-feats[5.5.987~1-eb8d0]:main():compute-mfcc-feats.cc:182) Processed features for key VIVOSSPK07-R128
VLOG[2] (compute-mfcc-feats[5.5.987~1-eb8d0]:main():compute-mfcc-feats.cc:182) Processed features for key VIVOSSPK07-R129
VLOG[2] (compute-mfcc-feats[5.5.987~1-eb8d0]:main():compute-mfcc-feats.cc:182) Processed features for key VIVOSSPK07-R130
VLOG[2] (compute-mfcc-feats[5.5.987~1-eb8d0]:main():compute-mfcc-feats.cc:182) Processed features for key VIVOSSPK07-R131
VLOG[2] (compute-mfcc-feats[5.5.987~1-eb8d0]:main():compute-mfcc-feats.cc:182) Processed features for key VIVOSSPK07-R132
VLOG[2] (compute-mfcc-feats[5.5.987~1-eb8d0]:main():compute-mfcc-feats.cc:182) Processed features for key VIVOSSPK07-R133
VLOG[2] (compute-mfcc-feats[5.5.987~1-eb8d0]:main():compute-mfcc-feats.cc:182) Processed features for key VIVOSSPK07-R134
VLOG[2] (compute-mfcc-feats[5.5.987~1-eb8d0]:main():compute-mfcc-feats.cc:182) Processed features for key VIVOSSPK07-R135
VLOG[2] (compute-mfcc-feats[5.5.987~1-eb8d0]:main():compute-mfcc-feats.cc:182) Processed features for key VIVOSSPK07-R136
VLOG[2] (compute-mfcc-feats[5.5.987~1-eb8d0]:main():compute-mfcc-feats.cc:182) Processed features for key VIVOSSPK07-R137
LOG (compute-mfcc-feats[5.5.987~1-eb8d0]:main():compute-mfcc-feats.cc:181) Processed 180 utterances
VLOG[2] (compute-mfcc-feats[5.5.987~1-eb8d0]:main():compute-mfcc-feats.cc:182) Processed features for key VIVOSSPK07-R138
VLOG[2] (compute-mfcc-feats[5.5.987~1-eb8d0]:main():compute-mfcc-feats.cc:182) Processed features for key VIVOSSPK07-R139
VLOG[2] (compute-mfcc-feats[5.5.987~1-eb8d0]:main():compute-mfcc-feats.cc:182) Processed features for key VIVOSSPK07-R140
VLOG[2] (compute-mfcc-feats[5.5.987~1-eb8d0]:main():compute-mfcc-feats.cc:182) Processed features for key VIVOSSPK07-R141
VLOG[2] (compute-mfcc-feats[5.5.987~1-eb8d0]:main():compute-mfcc-feats.cc:182) Processed features for key VIVOSSPK07-R142
VLOG[2] (compute-mfcc-feats[5.5.987~1-eb8d0]:main():compute-mfcc-feats.cc:182) Processed features for key VIVOSSPK07-R143
VLOG[2] (compute-mfcc-feats[5.5.987~1-eb8d0]:main():compute-mfcc-feats.cc:182) Processed features for key VIVOSSPK07-R144
VLOG[2] (compute-mfcc-feats[5.5.987~1-eb8d0]:main():compute-mfcc-feats.cc:182) Processed features for key VIVOSSPK07-R145
VLOG[2] (compute-mfcc-feats[5.5.987~1-eb8d0]:main():compute-mfcc-feats.cc:182) Processed features for key VIVOSSPK07-R146
VLOG[2] (compute-mfcc-feats[5.5.987~1-eb8d0]:main():compute-mfcc-feats.cc:182) Processed features for key VIVOSSPK07-R147
LOG (compute-mfcc-feats[5.5.987~1-eb8d0]:main():compute-mfcc-feats.cc:181) Processed 190 utterances
VLOG[2] (compute-mfcc-feats[5.5.987~1-eb8d0]:main():compute-mfcc-feats.cc:182) Processed features for key VIVOSSPK07-R148
VLOG[2] (compute-mfcc-feats[5.5.987~1-eb8d0]:main():compute-mfcc-feats.cc:182) Processed features for key VIVOSSPK07-R149
VLOG[2] (compute-mfcc-feats[5.5.987~1-eb8d0]:main():compute-mfcc-feats.cc:182) Processed features for key VIVOSSPK07-R150
VLOG[2] (compute-mfcc-feats[5.5.987~1-eb8d0]:main():compute-mfcc-feats.cc:182) Processed features for key VIVOSSPK07-R151
VLOG[2] (compute-mfcc-feats[5.5.987~1-eb8d0]:main():compute-mfcc-feats.cc:182) Processed features for key VIVOSSPK07-R152
VLOG[2] (compute-mfcc-feats[5.5.987~1-eb8d0]:main():compute-mfcc-feats.cc:182) Processed features for key VIVOSSPK07-R153
VLOG[2] (compute-mfcc-feats[5.5.987~1-eb8d0]:main():compute-mfcc-feats.cc:182) Processed features for key VIVOSSPK07-R154
VLOG[2] (compute-mfcc-feats[5.5.987~1-eb8d0]:main():compute-mfcc-feats.cc:182) Processed features for key VIVOSSPK07-R155
VLOG[2] (compute-mfcc-feats[5.5.987~1-eb8d0]:main():compute-mfcc-feats.cc:182) Processed features for key VIVOSSPK07-R156
VLOG[2] (compute-mfcc-feats[5.5.987~1-eb8d0]:main():compute-mfcc-feats.cc:182) Processed features for key VIVOSSPK07-R157
LOG (compute-mfcc-feats[5.5.987~1-eb8d0]:main():compute-mfcc-feats.cc:181) Processed 200 utterances
VLOG[2] (compute-mfcc-feats[5.5.987~1-eb8d0]:main():compute-mfcc-feats.cc:182) Processed features for key VIVOSSPK07-R158
VLOG[2] (compute-mfcc-feats[5.5.987~1-eb8d0]:main():compute-mfcc-feats.cc:182) Processed features for key VIVOSSPK07-R159
VLOG[2] (compute-mfcc-feats[5.5.987~1-eb8d0]:main():compute-mfcc-feats.cc:182) Processed features for key VIVOSSPK07-R160
VLOG[2] (compute-mfcc-feats[5.5.987~1-eb8d0]:main():compute-mfcc-feats.cc:182) Processed features for key VIVOSSPK07-R161
VLOG[2] (compute-mfcc-feats[5.5.987~1-eb8d0]:main():compute-mfcc-feats.cc:182) Processed features for key VIVOSSPK07-R162
VLOG[2] (compute-mfcc-feats[5.5.987~1-eb8d0]:main():compute-mfcc-feats.cc:182) Processed features for key VIVOSSPK07-R163
VLOG[2] (compute-mfcc-feats[5.5.987~1-eb8d0]:main():compute-mfcc-feats.cc:182) Processed features for key VIVOSSPK07-R164
VLOG[2] (compute-mfcc-feats[5.5.987~1-eb8d0]:main():compute-mfcc-feats.cc:182) Processed features for key VIVOSSPK07-R165
VLOG[2] (compute-mfcc-feats[5.5.987~1-eb8d0]:main():compute-mfcc-feats.cc:182) Processed features for key VIVOSSPK07-R166
VLOG[2] (compute-mfcc-feats[5.5.987~1-eb8d0]:main():compute-mfcc-feats.cc:182) Processed features for key VIVOSSPK07-R167
LOG (compute-mfcc-feats[5.5.987~1-eb8d0]:main():compute-mfcc-feats.cc:181) Processed 210 utterances
VLOG[2] (compute-mfcc-feats[5.5.987~1-eb8d0]:main():compute-mfcc-feats.cc:182) Processed features for key VIVOSSPK07-R168
VLOG[2] (compute-mfcc-feats[5.5.987~1-eb8d0]:main():compute-mfcc-feats.cc:182) Processed features for key VIVOSSPK07-R169
VLOG[2] (compute-mfcc-feats[5.5.987~1-eb8d0]:main():compute-mfcc-feats.cc:182) Processed features for key VIVOSSPK07-R170
VLOG[2] (compute-mfcc-feats[5.5.987~1-eb8d0]:main():compute-mfcc-feats.cc:182) Processed features for key VIVOSSPK07-R171
VLOG[2] (compute-mfcc-feats[5.5.987~1-eb8d0]:main():compute-mfcc-feats.cc:182) Processed features for key VIVOSSPK07-R172
VLOG[2] (compute-mfcc-feats[5.5.987~1-eb8d0]:main():compute-mfcc-feats.cc:182) Processed features for key VIVOSSPK07-R173
VLOG[2] (compute-mfcc-feats[5.5.987~1-eb8d0]:main():compute-mfcc-feats.cc:182) Processed features for key VIVOSSPK07-R174
VLOG[2] (compute-mfcc-feats[5.5.987~1-eb8d0]:main():compute-mfcc-feats.cc:182) Processed features for key VIVOSSPK07-R175
VLOG[2] (compute-mfcc-feats[5.5.987~1-eb8d0]:main():compute-mfcc-feats.cc:182) Processed features for key VIVOSSPK07-R176
VLOG[2] (compute-mfcc-feats[5.5.987~1-eb8d0]:main():compute-mfcc-feats.cc:182) Processed features for key VIVOSSPK07-R177
LOG (compute-mfcc-feats[5.5.987~1-eb8d0]:main():compute-mfcc-feats.cc:181) Processed 220 utterances
VLOG[2] (compute-mfcc-feats[5.5.987~1-eb8d0]:main():compute-mfcc-feats.cc:182) Processed features for key VIVOSSPK07-R178
VLOG[2] (compute-mfcc-feats[5.5.987~1-eb8d0]:main():compute-mfcc-feats.cc:182) Processed features for key VIVOSSPK07-R179
VLOG[2] (compute-mfcc-feats[5.5.987~1-eb8d0]:main():compute-mfcc-feats.cc:182) Processed features for key VIVOSSPK07-R180
VLOG[2] (compute-mfcc-feats[5.5.987~1-eb8d0]:main():compute-mfcc-feats.cc:182) Processed features for key VIVOSSPK07-R181
VLOG[2] (compute-mfcc-feats[5.5.987~1-eb8d0]:main():compute-mfcc-feats.cc:182) Processed features for key VIVOSSPK07-R182
VLOG[2] (compute-mfcc-feats[5.5.987~1-eb8d0]:main():compute-mfcc-feats.cc:182) Processed features for key VIVOSSPK07-R183
VLOG[2] (compute-mfcc-feats[5.5.987~1-eb8d0]:main():compute-mfcc-feats.cc:182) Processed features for key VIVOSSPK07-R184
VLOG[2] (compute-mfcc-feats[5.5.987~1-eb8d0]:main():compute-mfcc-feats.cc:182) Processed features for key VIVOSSPK07-R185
VLOG[2] (compute-mfcc-feats[5.5.987~1-eb8d0]:main():compute-mfcc-feats.cc:182) Processed features for key VIVOSSPK07-R186
VLOG[2] (compute-mfcc-feats[5.5.987~1-eb8d0]:main():compute-mfcc-feats.cc:182) Processed features for key VIVOSSPK07-R187
LOG (compute-mfcc-feats[5.5.987~1-eb8d0]:main():compute-mfcc-feats.cc:181) Processed 230 utterances
VLOG[2] (compute-mfcc-feats[5.5.987~1-eb8d0]:main():compute-mfcc-feats.cc:182) Processed features for key VIVOSSPK07-R188
VLOG[2] (compute-mfcc-feats[5.5.987~1-eb8d0]:main():compute-mfcc-feats.cc:182) Processed features for key VIVOSSPK07-R189
VLOG[2] (compute-mfcc-feats[5.5.987~1-eb8d0]:main():compute-mfcc-feats.cc:182) Processed features for key VIVOSSPK07-R190
VLOG[2] (compute-mfcc-feats[5.5.987~1-eb8d0]:main():compute-mfcc-feats.cc:182) Processed features for key VIVOSSPK07-R191
VLOG[2] (compute-mfcc-feats[5.5.987~1-eb8d0]:main():compute-mfcc-feats.cc:182) Processed features for key VIVOSSPK07-R192
VLOG[2] (compute-mfcc-feats[5.5.987~1-eb8d0]:main():compute-mfcc-feats.cc:182) Processed features for key VIVOSSPK07-R193
VLOG[2] (compute-mfcc-feats[5.5.987~1-eb8d0]:main():compute-mfcc-feats.cc:182) Processed features for key VIVOSSPK07-R194
VLOG[2] (compute-mfcc-feats[5.5.987~1-eb8d0]:main():compute-mfcc-feats.cc:182) Processed features for key VIVOSSPK07-R195
VLOG[2] (compute-mfcc-feats[5.5.987~1-eb8d0]:main():compute-mfcc-feats.cc:182) Processed features for key VIVOSSPK07-R196
VLOG[2] (compute-mfcc-feats[5.5.987~1-eb8d0]:main():compute-mfcc-feats.cc:182) Processed features for key VIVOSSPK07-R197
LOG (compute-mfcc-feats[5.5.987~1-eb8d0]:main():compute-mfcc-feats.cc:181) Processed 240 utterances
VLOG[2] (compute-mfcc-feats[5.5.987~1-eb8d0]:main():compute-mfcc-feats.cc:182) Processed features for key VIVOSSPK07-R198
VLOG[2] (compute-mfcc-feats[5.5.987~1-eb8d0]:main():compute-mfcc-feats.cc:182) Processed features for key VIVOSSPK07-R199
VLOG[2] (compute-mfcc-feats[5.5.987~1-eb8d0]:main():compute-mfcc-feats.cc:182) Processed features for key VIVOSSPK07-R200
VLOG[2] (compute-mfcc-feats[5.5.987~1-eb8d0]:main():compute-mfcc-feats.cc:182) Processed features for key VIVOSSPK07-T001
VLOG[2] (compute-mfcc-feats[5.5.987~1-eb8d0]:main():compute-mfcc-feats.cc:182) Processed features for key VIVOSSPK07-T002
VLOG[2] (compute-mfcc-feats[5.5.987~1-eb8d0]:main():compute-mfcc-feats.cc:182) Processed features for key VIVOSSPK07-T003
VLOG[2] (compute-mfcc-feats[5.5.987~1-eb8d0]:main():compute-mfcc-feats.cc:182) Processed features for key VIVOSSPK07-T004
VLOG[2] (compute-mfcc-feats[5.5.987~1-eb8d0]:main():compute-mfcc-feats.cc:182) Processed features for key VIVOSSPK07-T005
VLOG[2] (compute-mfcc-feats[5.5.987~1-eb8d0]:main():compute-mfcc-feats.cc:182) Processed features for key VIVOSSPK07-T006
VLOG[2] (compute-mfcc-feats[5.5.987~1-eb8d0]:main():compute-mfcc-feats.cc:182) Processed features for key VIVOSSPK07-T007
LOG (compute-mfcc-feats[5.5.987~1-eb8d0]:main():compute-mfcc-feats.cc:181) Processed 250 utterances
VLOG[2] (compute-mfcc-feats[5.5.987~1-eb8d0]:main():compute-mfcc-feats.cc:182) Processed features for key VIVOSSPK07-T008
VLOG[2] (compute-mfcc-feats[5.5.987~1-eb8d0]:main():compute-mfcc-feats.cc:182) Processed features for key VIVOSSPK07-T009
VLOG[2] (compute-mfcc-feats[5.5.987~1-eb8d0]:main():compute-mfcc-feats.cc:182) Processed features for key VIVOSSPK07-T010
VLOG[2] (compute-mfcc-feats[5.5.987~1-eb8d0]:main():compute-mfcc-feats.cc:182) Processed features for key VIVOSSPK07-T011
VLOG[2] (compute-mfcc-feats[5.5.987~1-eb8d0]:main():compute-mfcc-feats.cc:182) Processed features for key VIVOSSPK07-T012
VLOG[2] (compute-mfcc-feats[5.5.987~1-eb8d0]:main():compute-mfcc-feats.cc:182) Processed features for key VIVOSSPK07-T013
VLOG[2] (compute-mfcc-feats[5.5.987~1-eb8d0]:main():compute-mfcc-feats.cc:182) Processed features for key VIVOSSPK07-T014
VLOG[2] (compute-mfcc-feats[5.5.987~1-eb8d0]:main():compute-mfcc-feats.cc:182) Processed features for key VIVOSSPK07-T015
VLOG[2] (compute-mfcc-feats[5.5.987~1-eb8d0]:main():compute-mfcc-feats.cc:182) Processed features for key VIVOSSPK07-T016
VLOG[2] (compute-mfcc-feats[5.5.987~1-eb8d0]:main():compute-mfcc-feats.cc:182) Processed features for key VIVOSSPK07-T017
LOG (compute-mfcc-feats[5.5.987~1-eb8d0]:main():compute-mfcc-feats.cc:181) Processed 260 utterances
VLOG[2] (compute-mfcc-feats[5.5.987~1-eb8d0]:main():compute-mfcc-feats.cc:182) Processed features for key VIVOSSPK07-T018
VLOG[2] (compute-mfcc-feats[5.5.987~1-eb8d0]:main():compute-mfcc-feats.cc:182) Processed features for key VIVOSSPK07-T019
VLOG[2] (compute-mfcc-feats[5.5.987~1-eb8d0]:main():compute-mfcc-feats.cc:182) Processed features for key VIVOSSPK07-T020
VLOG[2] (compute-mfcc-feats[5.5.987~1-eb8d0]:main():compute-mfcc-feats.cc:182) Processed features for key VIVOSSPK07-T021
VLOG[2] (compute-mfcc-feats[5.5.987~1-eb8d0]:main():compute-mfcc-feats.cc:182) Processed features for key VIVOSSPK07-T022
VLOG[2] (compute-mfcc-feats[5.5.987~1-eb8d0]:main():compute-mfcc-feats.cc:182) Processed features for key VIVOSSPK07-T023
VLOG[2] (compute-mfcc-feats[5.5.987~1-eb8d0]:main():compute-mfcc-feats.cc:182) Processed features for key VIVOSSPK07-T024
VLOG[2] (compute-mfcc-feats[5.5.987~1-eb8d0]:main():compute-mfcc-feats.cc:182) Processed features for key VIVOSSPK07-T025
VLOG[2] (compute-mfcc-feats[5.5.987~1-eb8d0]:main():compute-mfcc-feats.cc:182) Processed features for key VIVOSSPK07-T026
VLOG[2] (compute-mfcc-feats[5.5.987~1-eb8d0]:main():compute-mfcc-feats.cc:182) Processed features for key VIVOSSPK07-T027
LOG (compute-mfcc-feats[5.5.987~1-eb8d0]:main():compute-mfcc-feats.cc:181) Processed 270 utterances
VLOG[2] (compute-mfcc-feats[5.5.987~1-eb8d0]:main():compute-mfcc-feats.cc:182) Processed features for key VIVOSSPK07-T028
VLOG[2] (compute-mfcc-feats[5.5.987~1-eb8d0]:main():compute-mfcc-feats.cc:182) Processed features for key VIVOSSPK07-T029
VLOG[2] (compute-mfcc-feats[5.5.987~1-eb8d0]:main():compute-mfcc-feats.cc:182) Processed features for key VIVOSSPK07-T030
VLOG[2] (compute-mfcc-feats[5.5.987~1-eb8d0]:main():compute-mfcc-feats.cc:182) Processed features for key VIVOSSPK07-T031
VLOG[2] (compute-mfcc-feats[5.5.987~1-eb8d0]:main():compute-mfcc-feats.cc:182) Processed features for key VIVOSSPK07-T032
VLOG[2] (compute-mfcc-feats[5.5.987~1-eb8d0]:main():compute-mfcc-feats.cc:182) Processed features for key VIVOSSPK07-T033
VLOG[2] (compute-mfcc-feats[5.5.987~1-eb8d0]:main():compute-mfcc-feats.cc:182) Processed features for key VIVOSSPK07-T034
VLOG[2] (compute-mfcc-feats[5.5.987~1-eb8d0]:main():compute-mfcc-feats.cc:182) Processed features for key VIVOSSPK07-T035
VLOG[2] (compute-mfcc-feats[5.5.987~1-eb8d0]:main():compute-mfcc-feats.cc:182) Processed features for key VIVOSSPK07-T036
VLOG[2] (compute-mfcc-feats[5.5.987~1-eb8d0]:main():compute-mfcc-feats.cc:182) Processed features for key VIVOSSPK07-T037
LOG (compute-mfcc-feats[5.5.987~1-eb8d0]:main():compute-mfcc-feats.cc:181) Processed 280 utterances
VLOG[2] (compute-mfcc-feats[5.5.987~1-eb8d0]:main():compute-mfcc-feats.cc:182) Processed features for key VIVOSSPK07-T038
VLOG[2] (compute-mfcc-feats[5.5.987~1-eb8d0]:main():compute-mfcc-feats.cc:182) Processed features for key VIVOSSPK07-T039
VLOG[2] (compute-mfcc-feats[5.5.987~1-eb8d0]:main():compute-mfcc-feats.cc:182) Processed features for key VIVOSSPK07-T040
VLOG[2] (compute-mfcc-feats[5.5.987~1-eb8d0]:main():compute-mfcc-feats.cc:182) Processed features for key VIVOSSPK07-T041
VLOG[2] (compute-mfcc-feats[5.5.987~1-eb8d0]:main():compute-mfcc-feats.cc:182) Processed features for key VIVOSSPK07-T042
VLOG[2] (compute-mfcc-feats[5.5.987~1-eb8d0]:main():compute-mfcc-feats.cc:182) Processed features for key VIVOSSPK07-T043
VLOG[2] (compute-mfcc-feats[5.5.987~1-eb8d0]:main():compute-mfcc-feats.cc:182) Processed features for key VIVOSSPK07-T044
VLOG[2] (compute-mfcc-feats[5.5.987~1-eb8d0]:main():compute-mfcc-feats.cc:182) Processed features for key VIVOSSPK07-T045
VLOG[2] (compute-mfcc-feats[5.5.987~1-eb8d0]:main():compute-mfcc-feats.cc:182) Processed features for key VIVOSSPK07-T046
VLOG[2] (compute-mfcc-feats[5.5.987~1-eb8d0]:main():compute-mfcc-feats.cc:182) Processed features for key VIVOSSPK07-T047
LOG (compute-mfcc-feats[5.5.987~1-eb8d0]:main():compute-mfcc-feats.cc:181) Processed 290 utterances
VLOG[2] (compute-mfcc-feats[5.5.987~1-eb8d0]:main():compute-mfcc-feats.cc:182) Processed features for key VIVOSSPK07-T048
VLOG[2] (compute-mfcc-feats[5.5.987~1-eb8d0]:main():compute-mfcc-feats.cc:182) Processed features for key VIVOSSPK07-T049
VLOG[2] (compute-mfcc-feats[5.5.987~1-eb8d0]:main():compute-mfcc-feats.cc:182) Processed features for key VIVOSSPK07-T050
VLOG[2] (compute-mfcc-feats[5.5.987~1-eb8d0]:main():compute-mfcc-feats.cc:182) Processed features for key VIVOSSPK08-R001
VLOG[2] (compute-mfcc-feats[5.5.987~1-eb8d0]:main():compute-mfcc-feats.cc:182) Processed features for key VIVOSSPK08-R002
VLOG[2] (compute-mfcc-feats[5.5.987~1-eb8d0]:main():compute-mfcc-feats.cc:182) Processed features for key VIVOSSPK08-R003
VLOG[2] (compute-mfcc-feats[5.5.987~1-eb8d0]:main():compute-mfcc-feats.cc:182) Processed features for key VIVOSSPK08-R004
VLOG[2] (compute-mfcc-feats[5.5.987~1-eb8d0]:main():compute-mfcc-feats.cc:182) Processed features for key VIVOSSPK08-R005
VLOG[2] (compute-mfcc-feats[5.5.987~1-eb8d0]:main():compute-mfcc-feats.cc:182) Processed features for key VIVOSSPK08-R006
VLOG[2] (compute-mfcc-feats[5.5.987~1-eb8d0]:main():compute-mfcc-feats.cc:182) Processed features for key VIVOSSPK08-R007
LOG (compute-mfcc-feats[5.5.987~1-eb8d0]:main():compute-mfcc-feats.cc:181) Processed 300 utterances
VLOG[2] (compute-mfcc-feats[5.5.987~1-eb8d0]:main():compute-mfcc-feats.cc:182) Processed features for key VIVOSSPK08-R008
VLOG[2] (compute-mfcc-feats[5.5.987~1-eb8d0]:main():compute-mfcc-feats.cc:182) Processed features for key VIVOSSPK08-R009
VLOG[2] (compute-mfcc-feats[5.5.987~1-eb8d0]:main():compute-mfcc-feats.cc:182) Processed features for key VIVOSSPK08-R010
VLOG[2] (compute-mfcc-feats[5.5.987~1-eb8d0]:main():compute-mfcc-feats.cc:182) Processed features for key VIVOSSPK08-R011
VLOG[2] (compute-mfcc-feats[5.5.987~1-eb8d0]:main():compute-mfcc-feats.cc:182) Processed features for key VIVOSSPK08-R012
VLOG[2] (compute-mfcc-feats[5.5.987~1-eb8d0]:main():compute-mfcc-feats.cc:182) Processed features for key VIVOSSPK08-R013
VLOG[2] (compute-mfcc-feats[5.5.987~1-eb8d0]:main():compute-mfcc-feats.cc:182) Processed features for key VIVOSSPK08-R014
VLOG[2] (compute-mfcc-feats[5.5.987~1-eb8d0]:main():compute-mfcc-feats.cc:182) Processed features for key VIVOSSPK08-R015
VLOG[2] (compute-mfcc-feats[5.5.987~1-eb8d0]:main():compute-mfcc-feats.cc:182) Processed features for key VIVOSSPK08-R016
VLOG[2] (compute-mfcc-feats[5.5.987~1-eb8d0]:main():compute-mfcc-feats.cc:182) Processed features for key VIVOSSPK08-R017
LOG (compute-mfcc-feats[5.5.987~1-eb8d0]:main():compute-mfcc-feats.cc:181) Processed 310 utterances
VLOG[2] (compute-mfcc-feats[5.5.987~1-eb8d0]:main():compute-mfcc-feats.cc:182) Processed features for key VIVOSSPK08-R018
VLOG[2] (compute-mfcc-feats[5.5.987~1-eb8d0]:main():compute-mfcc-feats.cc:182) Processed features for key VIVOSSPK08-R019
VLOG[2] (compute-mfcc-feats[5.5.987~1-eb8d0]:main():compute-mfcc-feats.cc:182) Processed features for key VIVOSSPK08-R020
VLOG[2] (compute-mfcc-feats[5.5.987~1-eb8d0]:main():compute-mfcc-feats.cc:182) Processed features for key VIVOSSPK08-R021
VLOG[2] (compute-mfcc-feats[5.5.987~1-eb8d0]:main():compute-mfcc-feats.cc:182) Processed features for key VIVOSSPK08-R022
VLOG[2] (compute-mfcc-feats[5.5.987~1-eb8d0]:main():compute-mfcc-feats.cc:182) Processed features for key VIVOSSPK08-R023
VLOG[2] (compute-mfcc-feats[5.5.987~1-eb8d0]:main():compute-mfcc-feats.cc:182) Processed features for key VIVOSSPK08-R024
VLOG[2] (compute-mfcc-feats[5.5.987~1-eb8d0]:main():compute-mfcc-feats.cc:182) Processed features for key VIVOSSPK08-R025
VLOG[2] (compute-mfcc-feats[5.5.987~1-eb8d0]:main():compute-mfcc-feats.cc:182) Processed features for key VIVOSSPK08-R026
VLOG[2] (compute-mfcc-feats[5.5.987~1-eb8d0]:main():compute-mfcc-feats.cc:182) Processed features for key VIVOSSPK08-R027
LOG (compute-mfcc-feats[5.5.987~1-eb8d0]:main():compute-mfcc-feats.cc:181) Processed 320 utterances
VLOG[2] (compute-mfcc-feats[5.5.987~1-eb8d0]:main():compute-mfcc-feats.cc:182) Processed features for key VIVOSSPK08-R028
VLOG[2] (compute-mfcc-feats[5.5.987~1-eb8d0]:main():compute-mfcc-feats.cc:182) Processed features for key VIVOSSPK08-R029
VLOG[2] (compute-mfcc-feats[5.5.987~1-eb8d0]:main():compute-mfcc-feats.cc:182) Processed features for key VIVOSSPK08-R030
VLOG[2] (compute-mfcc-feats[5.5.987~1-eb8d0]:main():compute-mfcc-feats.cc:182) Processed features for key VIVOSSPK08-R031
VLOG[2] (compute-mfcc-feats[5.5.987~1-eb8d0]:main():compute-mfcc-feats.cc:182) Processed features for key VIVOSSPK08-R032
VLOG[2] (compute-mfcc-feats[5.5.987~1-eb8d0]:main():compute-mfcc-feats.cc:182) Processed features for key VIVOSSPK08-R033
VLOG[2] (compute-mfcc-feats[5.5.987~1-eb8d0]:main():compute-mfcc-feats.cc:182) Processed features for key VIVOSSPK08-R034
VLOG[2] (compute-mfcc-feats[5.5.987~1-eb8d0]:main():compute-mfcc-feats.cc:182) Processed features for key VIVOSSPK08-R035
VLOG[2] (compute-mfcc-feats[5.5.987~1-eb8d0]:main():compute-mfcc-feats.cc:182) Processed features for key VIVOSSPK08-R036
VLOG[2] (compute-mfcc-feats[5.5.987~1-eb8d0]:main():compute-mfcc-feats.cc:182) Processed features for key VIVOSSPK08-R037
LOG (compute-mfcc-feats[5.5.987~1-eb8d0]:main():compute-mfcc-feats.cc:181) Processed 330 utterances
VLOG[2] (compute-mfcc-feats[5.5.987~1-eb8d0]:main():compute-mfcc-feats.cc:182) Processed features for key VIVOSSPK08-R038
VLOG[2] (compute-mfcc-feats[5.5.987~1-eb8d0]:main():compute-mfcc-feats.cc:182) Processed features for key VIVOSSPK08-R039
VLOG[2] (compute-mfcc-feats[5.5.987~1-eb8d0]:main():compute-mfcc-feats.cc:182) Processed features for key VIVOSSPK08-R040
VLOG[2] (compute-mfcc-feats[5.5.987~1-eb8d0]:main():compute-mfcc-feats.cc:182) Processed features for key VIVOSSPK08-R041
VLOG[2] (compute-mfcc-feats[5.5.987~1-eb8d0]:main():compute-mfcc-feats.cc:182) Processed features for key VIVOSSPK08-R042
VLOG[2] (compute-mfcc-feats[5.5.987~1-eb8d0]:main():compute-mfcc-feats.cc:182) Processed features for key VIVOSSPK08-R043
VLOG[2] (compute-mfcc-feats[5.5.987~1-eb8d0]:main():compute-mfcc-feats.cc:182) Processed features for key VIVOSSPK08-R044
VLOG[2] (compute-mfcc-feats[5.5.987~1-eb8d0]:main():compute-mfcc-feats.cc:182) Processed features for key VIVOSSPK08-R045
VLOG[2] (compute-mfcc-feats[5.5.987~1-eb8d0]:main():compute-mfcc-feats.cc:182) Processed features for key VIVOSSPK08-R046
VLOG[2] (compute-mfcc-feats[5.5.987~1-eb8d0]:main():compute-mfcc-feats.cc:182) Processed features for key VIVOSSPK08-R047
LOG (compute-mfcc-feats[5.5.987~1-eb8d0]:main():compute-mfcc-feats.cc:181) Processed 340 utterances
VLOG[2] (compute-mfcc-feats[5.5.987~1-eb8d0]:main():compute-mfcc-feats.cc:182) Processed features for key VIVOSSPK08-R048
VLOG[2] (compute-mfcc-feats[5.5.987~1-eb8d0]:main():compute-mfcc-feats.cc:182) Processed features for key VIVOSSPK08-R049
VLOG[2] (compute-mfcc-feats[5.5.987~1-eb8d0]:main():compute-mfcc-feats.cc:182) Processed features for key VIVOSSPK08-R050
VLOG[2] (compute-mfcc-feats[5.5.987~1-eb8d0]:main():compute-mfcc-feats.cc:182) Processed features for key VIVOSSPK08-R051
VLOG[2] (compute-mfcc-feats[5.5.987~1-eb8d0]:main():compute-mfcc-feats.cc:182) Processed features for key VIVOSSPK08-R052
VLOG[2] (compute-mfcc-feats[5.5.987~1-eb8d0]:main():compute-mfcc-feats.cc:182) Processed features for key VIVOSSPK08-R053
VLOG[2] (compute-mfcc-feats[5.5.987~1-eb8d0]:main():compute-mfcc-feats.cc:182) Processed features for key VIVOSSPK08-R054
VLOG[2] (compute-mfcc-feats[5.5.987~1-eb8d0]:main():compute-mfcc-feats.cc:182) Processed features for key VIVOSSPK08-R055
VLOG[2] (compute-mfcc-feats[5.5.987~1-eb8d0]:main():compute-mfcc-feats.cc:182) Processed features for key VIVOSSPK08-R056
VLOG[2] (compute-mfcc-feats[5.5.987~1-eb8d0]:main():compute-mfcc-feats.cc:182) Processed features for key VIVOSSPK08-R057
LOG (compute-mfcc-feats[5.5.987~1-eb8d0]:main():compute-mfcc-feats.cc:181) Processed 350 utterances
VLOG[2] (compute-mfcc-feats[5.5.987~1-eb8d0]:main():compute-mfcc-feats.cc:182) Processed features for key VIVOSSPK08-R058
VLOG[2] (compute-mfcc-feats[5.5.987~1-eb8d0]:main():compute-mfcc-feats.cc:182) Processed features for key VIVOSSPK08-R059
VLOG[2] (compute-mfcc-feats[5.5.987~1-eb8d0]:main():compute-mfcc-feats.cc:182) Processed features for key VIVOSSPK08-R060
VLOG[2] (compute-mfcc-feats[5.5.987~1-eb8d0]:main():compute-mfcc-feats.cc:182) Processed features for key VIVOSSPK08-R061
VLOG[2] (compute-mfcc-feats[5.5.987~1-eb8d0]:main():compute-mfcc-feats.cc:182) Processed features for key VIVOSSPK08-R062
VLOG[2] (compute-mfcc-feats[5.5.987~1-eb8d0]:main():compute-mfcc-feats.cc:182) Processed features for key VIVOSSPK08-R063
VLOG[2] (compute-mfcc-feats[5.5.987~1-eb8d0]:main():compute-mfcc-feats.cc:182) Processed features for key VIVOSSPK08-R064
VLOG[2] (compute-mfcc-feats[5.5.987~1-eb8d0]:main():compute-mfcc-feats.cc:182) Processed features for key VIVOSSPK08-R065
VLOG[2] (compute-mfcc-feats[5.5.987~1-eb8d0]:main():compute-mfcc-feats.cc:182) Processed features for key VIVOSSPK08-R066
VLOG[2] (compute-mfcc-feats[5.5.987~1-eb8d0]:main():compute-mfcc-feats.cc:182) Processed features for key VIVOSSPK08-R067
LOG (compute-mfcc-feats[5.5.987~1-eb8d0]:main():compute-mfcc-feats.cc:181) Processed 360 utterances
VLOG[2] (compute-mfcc-feats[5.5.987~1-eb8d0]:main():compute-mfcc-feats.cc:182) Processed features for key VIVOSSPK08-R068
VLOG[2] (compute-mfcc-feats[5.5.987~1-eb8d0]:main():compute-mfcc-feats.cc:182) Processed features for key VIVOSSPK08-R069
VLOG[2] (compute-mfcc-feats[5.5.987~1-eb8d0]:main():compute-mfcc-feats.cc:182) Processed features for key VIVOSSPK08-R070
VLOG[2] (compute-mfcc-feats[5.5.987~1-eb8d0]:main():compute-mfcc-feats.cc:182) Processed features for key VIVOSSPK08-R071
VLOG[2] (compute-mfcc-feats[5.5.987~1-eb8d0]:main():compute-mfcc-feats.cc:182) Processed features for key VIVOSSPK08-R072
VLOG[2] (compute-mfcc-feats[5.5.987~1-eb8d0]:main():compute-mfcc-feats.cc:182) Processed features for key VIVOSSPK08-R073
VLOG[2] (compute-mfcc-feats[5.5.987~1-eb8d0]:main():compute-mfcc-feats.cc:182) Processed features for key VIVOSSPK08-R074
VLOG[2] (compute-mfcc-feats[5.5.987~1-eb8d0]:main():compute-mfcc-feats.cc:182) Processed features for key VIVOSSPK08-R075
VLOG[2] (compute-mfcc-feats[5.5.987~1-eb8d0]:main():compute-mfcc-feats.cc:182) Processed features for key VIVOSSPK08-R076
VLOG[2] (compute-mfcc-feats[5.5.987~1-eb8d0]:main():compute-mfcc-feats.cc:182) Processed features for key VIVOSSPK08-R077
LOG (compute-mfcc-feats[5.5.987~1-eb8d0]:main():compute-mfcc-feats.cc:181) Processed 370 utterances
VLOG[2] (compute-mfcc-feats[5.5.987~1-eb8d0]:main():compute-mfcc-feats.cc:182) Processed features for key VIVOSSPK08-R078
VLOG[2] (compute-mfcc-feats[5.5.987~1-eb8d0]:main():compute-mfcc-feats.cc:182) Processed features for key VIVOSSPK08-R079
VLOG[2] (compute-mfcc-feats[5.5.987~1-eb8d0]:main():compute-mfcc-feats.cc:182) Processed features for key VIVOSSPK08-R080
VLOG[2] (compute-mfcc-feats[5.5.987~1-eb8d0]:main():compute-mfcc-feats.cc:182) Processed features for key VIVOSSPK08-R081
VLOG[2] (compute-mfcc-feats[5.5.987~1-eb8d0]:main():compute-mfcc-feats.cc:182) Processed features for key VIVOSSPK08-R082
VLOG[2] (compute-mfcc-feats[5.5.987~1-eb8d0]:main():compute-mfcc-feats.cc:182) Processed features for key VIVOSSPK08-R083
VLOG[2] (compute-mfcc-feats[5.5.987~1-eb8d0]:main():compute-mfcc-feats.cc:182) Processed features for key VIVOSSPK08-R084
VLOG[2] (compute-mfcc-feats[5.5.987~1-eb8d0]:main():compute-mfcc-feats.cc:182) Processed features for key VIVOSSPK08-R085
VLOG[2] (compute-mfcc-feats[5.5.987~1-eb8d0]:main():compute-mfcc-feats.cc:182) Processed features for key VIVOSSPK08-R086
VLOG[2] (compute-mfcc-feats[5.5.987~1-eb8d0]:main():compute-mfcc-feats.cc:182) Processed features for key VIVOSSPK08-R087
LOG (compute-mfcc-feats[5.5.987~1-eb8d0]:main():compute-mfcc-feats.cc:181) Processed 380 utterances
VLOG[2] (compute-mfcc-feats[5.5.987~1-eb8d0]:main():compute-mfcc-feats.cc:182) Processed features for key VIVOSSPK08-R088
VLOG[2] (compute-mfcc-feats[5.5.987~1-eb8d0]:main():compute-mfcc-feats.cc:182) Processed features for key VIVOSSPK08-R089
VLOG[2] (compute-mfcc-feats[5.5.987~1-eb8d0]:main():compute-mfcc-feats.cc:182) Processed features for key VIVOSSPK08-R090
VLOG[2] (compute-mfcc-feats[5.5.987~1-eb8d0]:main():compute-mfcc-feats.cc:182) Processed features for key VIVOSSPK08-R091
VLOG[2] (compute-mfcc-feats[5.5.987~1-eb8d0]:main():compute-mfcc-feats.cc:182) Processed features for key VIVOSSPK08-R092
VLOG[2] (compute-mfcc-feats[5.5.987~1-eb8d0]:main():compute-mfcc-feats.cc:182) Processed features for key VIVOSSPK08-R093
VLOG[2] (compute-mfcc-feats[5.5.987~1-eb8d0]:main():compute-mfcc-feats.cc:182) Processed features for key VIVOSSPK08-R094
VLOG[2] (compute-mfcc-feats[5.5.987~1-eb8d0]:main():compute-mfcc-feats.cc:182) Processed features for key VIVOSSPK08-R095
VLOG[2] (compute-mfcc-feats[5.5.987~1-eb8d0]:main():compute-mfcc-feats.cc:182) Processed features for key VIVOSSPK08-R096
VLOG[2] (compute-mfcc-feats[5.5.987~1-eb8d0]:main():compute-mfcc-feats.cc:182) Processed features for key VIVOSSPK08-R097
LOG (compute-mfcc-feats[5.5.987~1-eb8d0]:main():compute-mfcc-feats.cc:181) Processed 390 utterances
VLOG[2] (compute-mfcc-feats[5.5.987~1-eb8d0]:main():compute-mfcc-feats.cc:182) Processed features for key VIVOSSPK08-R098
VLOG[2] (compute-mfcc-feats[5.5.987~1-eb8d0]:main():compute-mfcc-feats.cc:182) Processed features for key VIVOSSPK08-R099
VLOG[2] (compute-mfcc-feats[5.5.987~1-eb8d0]:main():compute-mfcc-feats.cc:182) Processed features for key VIVOSSPK08-R100
VLOG[2] (compute-mfcc-feats[5.5.987~1-eb8d0]:main():compute-mfcc-feats.cc:182) Processed features for key VIVOSSPK08-R101
VLOG[2] (compute-mfcc-feats[5.5.987~1-eb8d0]:main():compute-mfcc-feats.cc:182) Processed features for key VIVOSSPK08-R102
VLOG[2] (compute-mfcc-feats[5.5.987~1-eb8d0]:main():compute-mfcc-feats.cc:182) Processed features for key VIVOSSPK08-R103
VLOG[2] (compute-mfcc-feats[5.5.987~1-eb8d0]:main():compute-mfcc-feats.cc:182) Processed features for key VIVOSSPK08-R104
VLOG[2] (compute-mfcc-feats[5.5.987~1-eb8d0]:main():compute-mfcc-feats.cc:182) Processed features for key VIVOSSPK08-R105
VLOG[2] (compute-mfcc-feats[5.5.987~1-eb8d0]:main():compute-mfcc-feats.cc:182) Processed features for key VIVOSSPK08-R106
VLOG[2] (compute-mfcc-feats[5.5.987~1-eb8d0]:main():compute-mfcc-feats.cc:182) Processed features for key VIVOSSPK08-R107
LOG (compute-mfcc-feats[5.5.987~1-eb8d0]:main():compute-mfcc-feats.cc:181) Processed 400 utterances
VLOG[2] (compute-mfcc-feats[5.5.987~1-eb8d0]:main():compute-mfcc-feats.cc:182) Processed features for key VIVOSSPK08-R108
VLOG[2] (compute-mfcc-feats[5.5.987~1-eb8d0]:main():compute-mfcc-feats.cc:182) Processed features for key VIVOSSPK08-R109
VLOG[2] (compute-mfcc-feats[5.5.987~1-eb8d0]:main():compute-mfcc-feats.cc:182) Processed features for key VIVOSSPK08-R110
VLOG[2] (compute-mfcc-feats[5.5.987~1-eb8d0]:main():compute-mfcc-feats.cc:182) Processed features for key VIVOSSPK08-R111
VLOG[2] (compute-mfcc-feats[5.5.987~1-eb8d0]:main():compute-mfcc-feats.cc:182) Processed features for key VIVOSSPK08-R112
VLOG[2] (compute-mfcc-feats[5.5.987~1-eb8d0]:main():compute-mfcc-feats.cc:182) Processed features for key VIVOSSPK08-R113
VLOG[2] (compute-mfcc-feats[5.5.987~1-eb8d0]:main():compute-mfcc-feats.cc:182) Processed features for key VIVOSSPK08-R114
VLOG[2] (compute-mfcc-feats[5.5.987~1-eb8d0]:main():compute-mfcc-feats.cc:182) Processed features for key VIVOSSPK08-R115
VLOG[2] (compute-mfcc-feats[5.5.987~1-eb8d0]:main():compute-mfcc-feats.cc:182) Processed features for key VIVOSSPK08-R116
VLOG[2] (compute-mfcc-feats[5.5.987~1-eb8d0]:main():compute-mfcc-feats.cc:182) Processed features for key VIVOSSPK08-R117
LOG (compute-mfcc-feats[5.5.987~1-eb8d0]:main():compute-mfcc-feats.cc:181) Processed 410 utterances
VLOG[2] (compute-mfcc-feats[5.5.987~1-eb8d0]:main():compute-mfcc-feats.cc:182) Processed features for key VIVOSSPK08-R118
VLOG[2] (compute-mfcc-feats[5.5.987~1-eb8d0]:main():compute-mfcc-feats.cc:182) Processed features for key VIVOSSPK08-R119
VLOG[2] (compute-mfcc-feats[5.5.987~1-eb8d0]:main():compute-mfcc-feats.cc:182) Processed features for key VIVOSSPK08-R120
VLOG[2] (compute-mfcc-feats[5.5.987~1-eb8d0]:main():compute-mfcc-feats.cc:182) Processed features for key VIVOSSPK08-R121
VLOG[2] (compute-mfcc-feats[5.5.987~1-eb8d0]:main():compute-mfcc-feats.cc:182) Processed features for key VIVOSSPK08-R122
VLOG[2] (compute-mfcc-feats[5.5.987~1-eb8d0]:main():compute-mfcc-feats.cc:182) Processed features for key VIVOSSPK08-R123
VLOG[2] (compute-mfcc-feats[5.5.987~1-eb8d0]:main():compute-mfcc-feats.cc:182) Processed features for key VIVOSSPK08-R124
VLOG[2] (compute-mfcc-feats[5.5.987~1-eb8d0]:main():compute-mfcc-feats.cc:182) Processed features for key VIVOSSPK08-R125
VLOG[2] (compute-mfcc-feats[5.5.987~1-eb8d0]:main():compute-mfcc-feats.cc:182) Processed features for key VIVOSSPK08-R126
VLOG[2] (compute-mfcc-feats[5.5.987~1-eb8d0]:main():compute-mfcc-feats.cc:182) Processed features for key VIVOSSPK08-R127
LOG (compute-mfcc-feats[5.5.987~1-eb8d0]:main():compute-mfcc-feats.cc:181) Processed 420 utterances
VLOG[2] (compute-mfcc-feats[5.5.987~1-eb8d0]:main():compute-mfcc-feats.cc:182) Processed features for key VIVOSSPK08-R128
VLOG[2] (compute-mfcc-feats[5.5.987~1-eb8d0]:main():compute-mfcc-feats.cc:182) Processed features for key VIVOSSPK08-R129
VLOG[2] (compute-mfcc-feats[5.5.987~1-eb8d0]:main():compute-mfcc-feats.cc:182) Processed features for key VIVOSSPK08-R130
VLOG[2] (compute-mfcc-feats[5.5.987~1-eb8d0]:main():compute-mfcc-feats.cc:182) Processed features for key VIVOSSPK08-R131
VLOG[2] (compute-mfcc-feats[5.5.987~1-eb8d0]:main():compute-mfcc-feats.cc:182) Processed features for key VIVOSSPK08-R132
VLOG[2] (compute-mfcc-feats[5.5.987~1-eb8d0]:main():compute-mfcc-feats.cc:182) Processed features for key VIVOSSPK08-R133
VLOG[2] (compute-mfcc-feats[5.5.987~1-eb8d0]:main():compute-mfcc-feats.cc:182) Processed features for key VIVOSSPK08-R134
VLOG[2] (compute-mfcc-feats[5.5.987~1-eb8d0]:main():compute-mfcc-feats.cc:182) Processed features for key VIVOSSPK08-R135
VLOG[2] (compute-mfcc-feats[5.5.987~1-eb8d0]:main():compute-mfcc-feats.cc:182) Processed features for key VIVOSSPK08-R136
VLOG[2] (compute-mfcc-feats[5.5.987~1-eb8d0]:main():compute-mfcc-feats.cc:182) Processed features for key VIVOSSPK08-R137
LOG (compute-mfcc-feats[5.5.987~1-eb8d0]:main():compute-mfcc-feats.cc:181) Processed 430 utterances
VLOG[2] (compute-mfcc-feats[5.5.987~1-eb8d0]:main():compute-mfcc-feats.cc:182) Processed features for key VIVOSSPK08-R138
VLOG[2] (compute-mfcc-feats[5.5.987~1-eb8d0]:main():compute-mfcc-feats.cc:182) Processed features for key VIVOSSPK08-R139
VLOG[2] (compute-mfcc-feats[5.5.987~1-eb8d0]:main():compute-mfcc-feats.cc:182) Processed features for key VIVOSSPK08-R140
VLOG[2] (compute-mfcc-feats[5.5.987~1-eb8d0]:main():compute-mfcc-feats.cc:182) Processed features for key VIVOSSPK08-R141
VLOG[2] (compute-mfcc-feats[5.5.987~1-eb8d0]:main():compute-mfcc-feats.cc:182) Processed features for key VIVOSSPK08-R142
VLOG[2] (compute-mfcc-feats[5.5.987~1-eb8d0]:main():compute-mfcc-feats.cc:182) Processed features for key VIVOSSPK08-R143
VLOG[2] (compute-mfcc-feats[5.5.987~1-eb8d0]:main():compute-mfcc-feats.cc:182) Processed features for key VIVOSSPK08-R144
VLOG[2] (compute-mfcc-feats[5.5.987~1-eb8d0]:main():compute-mfcc-feats.cc:182) Processed features for key VIVOSSPK08-R145
VLOG[2] (compute-mfcc-feats[5.5.987~1-eb8d0]:main():compute-mfcc-feats.cc:182) Processed features for key VIVOSSPK08-R146
VLOG[2] (compute-mfcc-feats[5.5.987~1-eb8d0]:main():compute-mfcc-feats.cc:182) Processed features for key VIVOSSPK08-R147
LOG (compute-mfcc-feats[5.5.987~1-eb8d0]:main():compute-mfcc-feats.cc:181) Processed 440 utterances
VLOG[2] (compute-mfcc-feats[5.5.987~1-eb8d0]:main():compute-mfcc-feats.cc:182) Processed features for key VIVOSSPK08-R148
VLOG[2] (compute-mfcc-feats[5.5.987~1-eb8d0]:main():compute-mfcc-feats.cc:182) Processed features for key VIVOSSPK08-R149
VLOG[2] (compute-mfcc-feats[5.5.987~1-eb8d0]:main():compute-mfcc-feats.cc:182) Processed features for key VIVOSSPK08-R150
VLOG[2] (compute-mfcc-feats[5.5.987~1-eb8d0]:main():compute-mfcc-feats.cc:182) Processed features for key VIVOSSPK08-R151
VLOG[2] (compute-mfcc-feats[5.5.987~1-eb8d0]:main():compute-mfcc-feats.cc:182) Processed features for key VIVOSSPK08-R152
VLOG[2] (compute-mfcc-feats[5.5.987~1-eb8d0]:main():compute-mfcc-feats.cc:182) Processed features for key VIVOSSPK08-R153
VLOG[2] (compute-mfcc-feats[5.5.987~1-eb8d0]:main():compute-mfcc-feats.cc:182) Processed features for key VIVOSSPK08-R154
VLOG[2] (compute-mfcc-feats[5.5.987~1-eb8d0]:main():compute-mfcc-feats.cc:182) Processed features for key VIVOSSPK08-R155
VLOG[2] (compute-mfcc-feats[5.5.987~1-eb8d0]:main():compute-mfcc-feats.cc:182) Processed features for key VIVOSSPK08-R156
VLOG[2] (compute-mfcc-feats[5.5.987~1-eb8d0]:main():compute-mfcc-feats.cc:182) Processed features for key VIVOSSPK08-R157
LOG (compute-mfcc-feats[5.5.987~1-eb8d0]:main():compute-mfcc-feats.cc:181) Processed 450 utterances
VLOG[2] (compute-mfcc-feats[5.5.987~1-eb8d0]:main():compute-mfcc-feats.cc:182) Processed features for key VIVOSSPK08-R158
VLOG[2] (compute-mfcc-feats[5.5.987~1-eb8d0]:main():compute-mfcc-feats.cc:182) Processed features for key VIVOSSPK08-R159
VLOG[2] (compute-mfcc-feats[5.5.987~1-eb8d0]:main():compute-mfcc-feats.cc:182) Processed features for key VIVOSSPK08-R160
VLOG[2] (compute-mfcc-feats[5.5.987~1-eb8d0]:main():compute-mfcc-feats.cc:182) Processed features for key VIVOSSPK08-R161
VLOG[2] (compute-mfcc-feats[5.5.987~1-eb8d0]:main():compute-mfcc-feats.cc:182) Processed features for key VIVOSSPK08-R162
VLOG[2] (compute-mfcc-feats[5.5.987~1-eb8d0]:main():compute-mfcc-feats.cc:182) Processed features for key VIVOSSPK08-R163
VLOG[2] (compute-mfcc-feats[5.5.987~1-eb8d0]:main():compute-mfcc-feats.cc:182) Processed features for key VIVOSSPK08-R164
VLOG[2] (compute-mfcc-feats[5.5.987~1-eb8d0]:main():compute-mfcc-feats.cc:182) Processed features for key VIVOSSPK08-R165
VLOG[2] (compute-mfcc-feats[5.5.987~1-eb8d0]:main():compute-mfcc-feats.cc:182) Processed features for key VIVOSSPK08-R166
VLOG[2] (compute-mfcc-feats[5.5.987~1-eb8d0]:main():compute-mfcc-feats.cc:182) Processed features for key VIVOSSPK08-R167
LOG (compute-mfcc-feats[5.5.987~1-eb8d0]:main():compute-mfcc-feats.cc:181) Processed 460 utterances
VLOG[2] (compute-mfcc-feats[5.5.987~1-eb8d0]:main():compute-mfcc-feats.cc:182) Processed features for key VIVOSSPK08-R168
VLOG[2] (compute-mfcc-feats[5.5.987~1-eb8d0]:main():compute-mfcc-feats.cc:182) Processed features for key VIVOSSPK08-R169
VLOG[2] (compute-mfcc-feats[5.5.987~1-eb8d0]:main():compute-mfcc-feats.cc:182) Processed features for key VIVOSSPK08-R170
VLOG[2] (compute-mfcc-feats[5.5.987~1-eb8d0]:main():compute-mfcc-feats.cc:182) Processed features for key VIVOSSPK08-R171
VLOG[2] (compute-mfcc-feats[5.5.987~1-eb8d0]:main():compute-mfcc-feats.cc:182) Processed features for key VIVOSSPK08-R172
VLOG[2] (compute-mfcc-feats[5.5.987~1-eb8d0]:main():compute-mfcc-feats.cc:182) Processed features for key VIVOSSPK08-R173
VLOG[2] (compute-mfcc-feats[5.5.987~1-eb8d0]:main():compute-mfcc-feats.cc:182) Processed features for key VIVOSSPK08-R174
VLOG[2] (compute-mfcc-feats[5.5.987~1-eb8d0]:main():compute-mfcc-feats.cc:182) Processed features for key VIVOSSPK08-R175
VLOG[2] (compute-mfcc-feats[5.5.987~1-eb8d0]:main():compute-mfcc-feats.cc:182) Processed features for key VIVOSSPK08-R176
VLOG[2] (compute-mfcc-feats[5.5.987~1-eb8d0]:main():compute-mfcc-feats.cc:182) Processed features for key VIVOSSPK08-R177
LOG (compute-mfcc-feats[5.5.987~1-eb8d0]:main():compute-mfcc-feats.cc:181) Processed 470 utterances
VLOG[2] (compute-mfcc-feats[5.5.987~1-eb8d0]:main():compute-mfcc-feats.cc:182) Processed features for key VIVOSSPK08-R178
VLOG[2] (compute-mfcc-feats[5.5.987~1-eb8d0]:main():compute-mfcc-feats.cc:182) Processed features for key VIVOSSPK08-R179
VLOG[2] (compute-mfcc-feats[5.5.987~1-eb8d0]:main():compute-mfcc-feats.cc:182) Processed features for key VIVOSSPK08-R180
VLOG[2] (compute-mfcc-feats[5.5.987~1-eb8d0]:main():compute-mfcc-feats.cc:182) Processed features for key VIVOSSPK08-R181
VLOG[2] (compute-mfcc-feats[5.5.987~1-eb8d0]:main():compute-mfcc-feats.cc:182) Processed features for key VIVOSSPK08-R182
VLOG[2] (compute-mfcc-feats[5.5.987~1-eb8d0]:main():compute-mfcc-feats.cc:182) Processed features for key VIVOSSPK08-R183
VLOG[2] (compute-mfcc-feats[5.5.987~1-eb8d0]:main():compute-mfcc-feats.cc:182) Processed features for key VIVOSSPK08-R184
VLOG[2] (compute-mfcc-feats[5.5.987~1-eb8d0]:main():compute-mfcc-feats.cc:182) Processed features for key VIVOSSPK08-R185
VLOG[2] (compute-mfcc-feats[5.5.987~1-eb8d0]:main():compute-mfcc-feats.cc:182) Processed features for key VIVOSSPK08-R186
VLOG[2] (compute-mfcc-feats[5.5.987~1-eb8d0]:main():compute-mfcc-feats.cc:182) Processed features for key VIVOSSPK08-R187
LOG (compute-mfcc-feats[5.5.987~1-eb8d0]:main():compute-mfcc-feats.cc:181) Processed 480 utterances
VLOG[2] (compute-mfcc-feats[5.5.987~1-eb8d0]:main():compute-mfcc-feats.cc:182) Processed features for key VIVOSSPK08-R188
VLOG[2] (compute-mfcc-feats[5.5.987~1-eb8d0]:main():compute-mfcc-feats.cc:182) Processed features for key VIVOSSPK08-R189
VLOG[2] (compute-mfcc-feats[5.5.987~1-eb8d0]:main():compute-mfcc-feats.cc:182) Processed features for key VIVOSSPK08-R190
VLOG[2] (compute-mfcc-feats[5.5.987~1-eb8d0]:main():compute-mfcc-feats.cc:182) Processed features for key VIVOSSPK08-R191
VLOG[2] (compute-mfcc-feats[5.5.987~1-eb8d0]:main():compute-mfcc-feats.cc:182) Processed features for key VIVOSSPK08-R192
VLOG[2] (compute-mfcc-feats[5.5.987~1-eb8d0]:main():compute-mfcc-feats.cc:182) Processed features for key VIVOSSPK08-R193
VLOG[2] (compute-mfcc-feats[5.5.987~1-eb8d0]:main():compute-mfcc-feats.cc:182) Processed features for key VIVOSSPK08-R194
VLOG[2] (compute-mfcc-feats[5.5.987~1-eb8d0]:main():compute-mfcc-feats.cc:182) Processed features for key VIVOSSPK08-R195
VLOG[2] (compute-mfcc-feats[5.5.987~1-eb8d0]:main():compute-mfcc-feats.cc:182) Processed features for key VIVOSSPK08-R196
VLOG[2] (compute-mfcc-feats[5.5.987~1-eb8d0]:main():compute-mfcc-feats.cc:182) Processed features for key VIVOSSPK08-R197
LOG (compute-mfcc-feats[5.5.987~1-eb8d0]:main():compute-mfcc-feats.cc:181) Processed 490 utterances
VLOG[2] (compute-mfcc-feats[5.5.987~1-eb8d0]:main():compute-mfcc-feats.cc:182) Processed features for key VIVOSSPK08-R198
VLOG[2] (compute-mfcc-feats[5.5.987~1-eb8d0]:main():compute-mfcc-feats.cc:182) Processed features for key VIVOSSPK08-R199
VLOG[2] (compute-mfcc-feats[5.5.987~1-eb8d0]:main():compute-mfcc-feats.cc:182) Processed features for key VIVOSSPK08-R200
VLOG[2] (compute-mfcc-feats[5.5.987~1-eb8d0]:main():compute-mfcc-feats.cc:182) Processed features for key VIVOSSPK08-T001
VLOG[2] (compute-mfcc-feats[5.5.987~1-eb8d0]:main():compute-mfcc-feats.cc:182) Processed features for key VIVOSSPK08-T002
VLOG[2] (compute-mfcc-feats[5.5.987~1-eb8d0]:main():compute-mfcc-feats.cc:182) Processed features for key VIVOSSPK08-T003
VLOG[2] (compute-mfcc-feats[5.5.987~1-eb8d0]:main():compute-mfcc-feats.cc:182) Processed features for key VIVOSSPK08-T004
VLOG[2] (compute-mfcc-feats[5.5.987~1-eb8d0]:main():compute-mfcc-feats.cc:182) Processed features for key VIVOSSPK08-T005
VLOG[2] (compute-mfcc-feats[5.5.987~1-eb8d0]:main():compute-mfcc-feats.cc:182) Processed features for key VIVOSSPK08-T006
VLOG[2] (compute-mfcc-feats[5.5.987~1-eb8d0]:main():compute-mfcc-feats.cc:182) Processed features for key VIVOSSPK08-T007
LOG (compute-mfcc-feats[5.5.987~1-eb8d0]:main():compute-mfcc-feats.cc:181) Processed 500 utterances
VLOG[2] (compute-mfcc-feats[5.5.987~1-eb8d0]:main():compute-mfcc-feats.cc:182) Processed features for key VIVOSSPK08-T008
VLOG[2] (compute-mfcc-feats[5.5.987~1-eb8d0]:main():compute-mfcc-feats.cc:182) Processed features for key VIVOSSPK08-T009
VLOG[2] (compute-mfcc-feats[5.5.987~1-eb8d0]:main():compute-mfcc-feats.cc:182) Processed features for key VIVOSSPK08-T010
VLOG[2] (compute-mfcc-feats[5.5.987~1-eb8d0]:main():compute-mfcc-feats.cc:182) Processed features for key VIVOSSPK08-T011
VLOG[2] (compute-mfcc-feats[5.5.987~1-eb8d0]:main():compute-mfcc-feats.cc:182) Processed features for key VIVOSSPK08-T012
VLOG[2] (compute-mfcc-feats[5.5.987~1-eb8d0]:main():compute-mfcc-feats.cc:182) Processed features for key VIVOSSPK08-T013
VLOG[2] (compute-mfcc-feats[5.5.987~1-eb8d0]:main():compute-mfcc-feats.cc:182) Processed features for key VIVOSSPK08-T014
VLOG[2] (compute-mfcc-feats[5.5.987~1-eb8d0]:main():compute-mfcc-feats.cc:182) Processed features for key VIVOSSPK08-T015
VLOG[2] (compute-mfcc-feats[5.5.987~1-eb8d0]:main():compute-mfcc-feats.cc:182) Processed features for key VIVOSSPK08-T016
VLOG[2] (compute-mfcc-feats[5.5.987~1-eb8d0]:main():compute-mfcc-feats.cc:182) Processed features for key VIVOSSPK08-T017
LOG (compute-mfcc-feats[5.5.987~1-eb8d0]:main():compute-mfcc-feats.cc:181) Processed 510 utterances
VLOG[2] (compute-mfcc-feats[5.5.987~1-eb8d0]:main():compute-mfcc-feats.cc:182) Processed features for key VIVOSSPK08-T018
VLOG[2] (compute-mfcc-feats[5.5.987~1-eb8d0]:main():compute-mfcc-feats.cc:182) Processed features for key VIVOSSPK08-T019
VLOG[2] (compute-mfcc-feats[5.5.987~1-eb8d0]:main():compute-mfcc-feats.cc:182) Processed features for key VIVOSSPK08-T020
VLOG[2] (compute-mfcc-feats[5.5.987~1-eb8d0]:main():compute-mfcc-feats.cc:182) Processed features for key VIVOSSPK08-T021
VLOG[2] (compute-mfcc-feats[5.5.987~1-eb8d0]:main():compute-mfcc-feats.cc:182) Processed features for key VIVOSSPK08-T022
VLOG[2] (compute-mfcc-feats[5.5.987~1-eb8d0]:main():compute-mfcc-feats.cc:182) Processed features for key VIVOSSPK08-T023
VLOG[2] (compute-mfcc-feats[5.5.987~1-eb8d0]:main():compute-mfcc-feats.cc:182) Processed features for key VIVOSSPK08-T024
VLOG[2] (compute-mfcc-feats[5.5.987~1-eb8d0]:main():compute-mfcc-feats.cc:182) Processed features for key VIVOSSPK08-T025
VLOG[2] (compute-mfcc-feats[5.5.987~1-eb8d0]:main():compute-mfcc-feats.cc:182) Processed features for key VIVOSSPK08-T026
VLOG[2] (compute-mfcc-feats[5.5.987~1-eb8d0]:main():compute-mfcc-feats.cc:182) Processed features for key VIVOSSPK08-T027
LOG (compute-mfcc-feats[5.5.987~1-eb8d0]:main():compute-mfcc-feats.cc:181) Processed 520 utterances
VLOG[2] (compute-mfcc-feats[5.5.987~1-eb8d0]:main():compute-mfcc-feats.cc:182) Processed features for key VIVOSSPK08-T028
VLOG[2] (compute-mfcc-feats[5.5.987~1-eb8d0]:main():compute-mfcc-feats.cc:182) Processed features for key VIVOSSPK08-T029
VLOG[2] (compute-mfcc-feats[5.5.987~1-eb8d0]:main():compute-mfcc-feats.cc:182) Processed features for key VIVOSSPK08-T030
VLOG[2] (compute-mfcc-feats[5.5.987~1-eb8d0]:main():compute-mfcc-feats.cc:182) Processed features for key VIVOSSPK08-T031
VLOG[2] (compute-mfcc-feats[5.5.987~1-eb8d0]:main():compute-mfcc-feats.cc:182) Processed features for key VIVOSSPK08-T032
VLOG[2] (compute-mfcc-feats[5.5.987~1-eb8d0]:main():compute-mfcc-feats.cc:182) Processed features for key VIVOSSPK08-T033
VLOG[2] (compute-mfcc-feats[5.5.987~1-eb8d0]:main():compute-mfcc-feats.cc:182) Processed features for key VIVOSSPK08-T034
VLOG[2] (compute-mfcc-feats[5.5.987~1-eb8d0]:main():compute-mfcc-feats.cc:182) Processed features for key VIVOSSPK08-T035
VLOG[2] (compute-mfcc-feats[5.5.987~1-eb8d0]:main():compute-mfcc-feats.cc:182) Processed features for key VIVOSSPK08-T036
VLOG[2] (compute-mfcc-feats[5.5.987~1-eb8d0]:main():compute-mfcc-feats.cc:182) Processed features for key VIVOSSPK08-T037
LOG (compute-mfcc-feats[5.5.987~1-eb8d0]:main():compute-mfcc-feats.cc:181) Processed 530 utterances
VLOG[2] (compute-mfcc-feats[5.5.987~1-eb8d0]:main():compute-mfcc-feats.cc:182) Processed features for key VIVOSSPK08-T038
VLOG[2] (compute-mfcc-feats[5.5.987~1-eb8d0]:main():compute-mfcc-feats.cc:182) Processed features for key VIVOSSPK08-T039
VLOG[2] (compute-mfcc-feats[5.5.987~1-eb8d0]:main():compute-mfcc-feats.cc:182) Processed features for key VIVOSSPK08-T040
VLOG[2] (compute-mfcc-feats[5.5.987~1-eb8d0]:main():compute-mfcc-feats.cc:182) Processed features for key VIVOSSPK08-T041
VLOG[2] (compute-mfcc-feats[5.5.987~1-eb8d0]:main():compute-mfcc-feats.cc:182) Processed features for key VIVOSSPK08-T042
VLOG[2] (compute-mfcc-feats[5.5.987~1-eb8d0]:main():compute-mfcc-feats.cc:182) Processed features for key VIVOSSPK08-T043
VLOG[2] (compute-mfcc-feats[5.5.987~1-eb8d0]:main():compute-mfcc-feats.cc:182) Processed features for key VIVOSSPK08-T044
VLOG[2] (compute-mfcc-feats[5.5.987~1-eb8d0]:main():compute-mfcc-feats.cc:182) Processed features for key VIVOSSPK08-T045
VLOG[2] (compute-mfcc-feats[5.5.987~1-eb8d0]:main():compute-mfcc-feats.cc:182) Processed features for key VIVOSSPK08-T046
VLOG[2] (compute-mfcc-feats[5.5.987~1-eb8d0]:main():compute-mfcc-feats.cc:182) Processed features for key VIVOSSPK08-T047
LOG (compute-mfcc-feats[5.5.987~1-eb8d0]:main():compute-mfcc-feats.cc:181) Processed 540 utterances
VLOG[2] (compute-mfcc-feats[5.5.987~1-eb8d0]:main():compute-mfcc-feats.cc:182) Processed features for key VIVOSSPK08-T048
VLOG[2] (compute-mfcc-feats[5.5.987~1-eb8d0]:main():compute-mfcc-feats.cc:182) Processed features for key VIVOSSPK08-T049
VLOG[2] (compute-mfcc-feats[5.5.987~1-eb8d0]:main():compute-mfcc-feats.cc:182) Processed features for key VIVOSSPK08-T050
VLOG[2] (compute-mfcc-feats[5.5.987~1-eb8d0]:main():compute-mfcc-feats.cc:182) Processed features for key VIVOSSPK09-R001
VLOG[2] (compute-mfcc-feats[5.5.987~1-eb8d0]:main():compute-mfcc-feats.cc:182) Processed features for key VIVOSSPK09-R002
VLOG[2] (compute-mfcc-feats[5.5.987~1-eb8d0]:main():compute-mfcc-feats.cc:182) Processed features for key VIVOSSPK09-R003
VLOG[2] (compute-mfcc-feats[5.5.987~1-eb8d0]:main():compute-mfcc-feats.cc:182) Processed features for key VIVOSSPK09-R004
VLOG[2] (compute-mfcc-feats[5.5.987~1-eb8d0]:main():compute-mfcc-feats.cc:182) Processed features for key VIVOSSPK09-R005
VLOG[2] (compute-mfcc-feats[5.5.987~1-eb8d0]:main():compute-mfcc-feats.cc:182) Processed features for key VIVOSSPK09-R006
VLOG[2] (compute-mfcc-feats[5.5.987~1-eb8d0]:main():compute-mfcc-feats.cc:182) Processed features for key VIVOSSPK09-R007
LOG (compute-mfcc-feats[5.5.987~1-eb8d0]:main():compute-mfcc-feats.cc:181) Processed 550 utterances
VLOG[2] (compute-mfcc-feats[5.5.987~1-eb8d0]:main():compute-mfcc-feats.cc:182) Processed features for key VIVOSSPK09-R008
VLOG[2] (compute-mfcc-feats[5.5.987~1-eb8d0]:main():compute-mfcc-feats.cc:182) Processed features for key VIVOSSPK09-R009
VLOG[2] (compute-mfcc-feats[5.5.987~1-eb8d0]:main():compute-mfcc-feats.cc:182) Processed features for key VIVOSSPK09-R010
VLOG[2] (compute-mfcc-feats[5.5.987~1-eb8d0]:main():compute-mfcc-feats.cc:182) Processed features for key VIVOSSPK09-R011
VLOG[2] (compute-mfcc-feats[5.5.987~1-eb8d0]:main():compute-mfcc-feats.cc:182) Processed features for key VIVOSSPK09-R012
VLOG[2] (compute-mfcc-feats[5.5.987~1-eb8d0]:main():compute-mfcc-feats.cc:182) Processed features for key VIVOSSPK09-R013
VLOG[2] (compute-mfcc-feats[5.5.987~1-eb8d0]:main():compute-mfcc-feats.cc:182) Processed features for key VIVOSSPK09-R014
VLOG[2] (compute-mfcc-feats[5.5.987~1-eb8d0]:main():compute-mfcc-feats.cc:182) Processed features for key VIVOSSPK09-R015
VLOG[2] (compute-mfcc-feats[5.5.987~1-eb8d0]:main():compute-mfcc-feats.cc:182) Processed features for key VIVOSSPK09-R016
VLOG[2] (compute-mfcc-feats[5.5.987~1-eb8d0]:main():compute-mfcc-feats.cc:182) Processed features for key VIVOSSPK09-R017
LOG (compute-mfcc-feats[5.5.987~1-eb8d0]:main():compute-mfcc-feats.cc:181) Processed 560 utterances
VLOG[2] (compute-mfcc-feats[5.5.987~1-eb8d0]:main():compute-mfcc-feats.cc:182) Processed features for key VIVOSSPK09-R018
VLOG[2] (compute-mfcc-feats[5.5.987~1-eb8d0]:main():compute-mfcc-feats.cc:182) Processed features for key VIVOSSPK09-R019
VLOG[2] (compute-mfcc-feats[5.5.987~1-eb8d0]:main():compute-mfcc-feats.cc:182) Processed features for key VIVOSSPK09-R020
VLOG[2] (compute-mfcc-feats[5.5.987~1-eb8d0]:main():compute-mfcc-feats.cc:182) Processed features for key VIVOSSPK09-R021
VLOG[2] (compute-mfcc-feats[5.5.987~1-eb8d0]:main():compute-mfcc-feats.cc:182) Processed features for key VIVOSSPK09-R022
VLOG[2] (compute-mfcc-feats[5.5.987~1-eb8d0]:main():compute-mfcc-feats.cc:182) Processed features for key VIVOSSPK09-R023
VLOG[2] (compute-mfcc-feats[5.5.987~1-eb8d0]:main():compute-mfcc-feats.cc:182) Processed features for key VIVOSSPK09-R024
VLOG[2] (compute-mfcc-feats[5.5.987~1-eb8d0]:main():compute-mfcc-feats.cc:182) Processed features for key VIVOSSPK09-R025
VLOG[2] (compute-mfcc-feats[5.5.987~1-eb8d0]:main():compute-mfcc-feats.cc:182) Processed features for key VIVOSSPK09-R026
VLOG[2] (compute-mfcc-feats[5.5.987~1-eb8d0]:main():compute-mfcc-feats.cc:182) Processed features for key VIVOSSPK09-R027
LOG (compute-mfcc-feats[5.5.987~1-eb8d0]:main():compute-mfcc-feats.cc:181) Processed 570 utterances
VLOG[2] (compute-mfcc-feats[5.5.987~1-eb8d0]:main():compute-mfcc-feats.cc:182) Processed features for key VIVOSSPK09-R028
VLOG[2] (compute-mfcc-feats[5.5.987~1-eb8d0]:main():compute-mfcc-feats.cc:182) Processed features for key VIVOSSPK09-R029
VLOG[2] (compute-mfcc-feats[5.5.987~1-eb8d0]:main():compute-mfcc-feats.cc:182) Processed features for key VIVOSSPK09-R030
VLOG[2] (compute-mfcc-feats[5.5.987~1-eb8d0]:main():compute-mfcc-feats.cc:182) Processed features for key VIVOSSPK09-R031
VLOG[2] (compute-mfcc-feats[5.5.987~1-eb8d0]:main():compute-mfcc-feats.cc:182) Processed features for key VIVOSSPK09-R032
VLOG[2] (compute-mfcc-feats[5.5.987~1-eb8d0]:main():compute-mfcc-feats.cc:182) Processed features for key VIVOSSPK09-R033
VLOG[2] (compute-mfcc-feats[5.5.987~1-eb8d0]:main():compute-mfcc-feats.cc:182) Processed features for key VIVOSSPK09-R034
VLOG[2] (compute-mfcc-feats[5.5.987~1-eb8d0]:main():compute-mfcc-feats.cc:182) Processed features for key VIVOSSPK09-R035
VLOG[2] (compute-mfcc-feats[5.5.987~1-eb8d0]:main():compute-mfcc-feats.cc:182) Processed features for key VIVOSSPK09-R036
VLOG[2] (compute-mfcc-feats[5.5.987~1-eb8d0]:main():compute-mfcc-feats.cc:182) Processed features for key VIVOSSPK09-R037
LOG (compute-mfcc-feats[5.5.987~1-eb8d0]:main():compute-mfcc-feats.cc:181) Processed 580 utterances
VLOG[2] (compute-mfcc-feats[5.5.987~1-eb8d0]:main():compute-mfcc-feats.cc:182) Processed features for key VIVOSSPK09-R038
VLOG[2] (compute-mfcc-feats[5.5.987~1-eb8d0]:main():compute-mfcc-feats.cc:182) Processed features for key VIVOSSPK09-R039
VLOG[2] (compute-mfcc-feats[5.5.987~1-eb8d0]:main():compute-mfcc-feats.cc:182) Processed features for key VIVOSSPK09-R040
VLOG[2] (compute-mfcc-feats[5.5.987~1-eb8d0]:main():compute-mfcc-feats.cc:182) Processed features for key VIVOSSPK09-R041
VLOG[2] (compute-mfcc-feats[5.5.987~1-eb8d0]:main():compute-mfcc-feats.cc:182) Processed features for key VIVOSSPK09-R042
VLOG[2] (compute-mfcc-feats[5.5.987~1-eb8d0]:main():compute-mfcc-feats.cc:182) Processed features for key VIVOSSPK09-R043
VLOG[2] (compute-mfcc-feats[5.5.987~1-eb8d0]:main():compute-mfcc-feats.cc:182) Processed features for key VIVOSSPK09-R044
VLOG[2] (compute-mfcc-feats[5.5.987~1-eb8d0]:main():compute-mfcc-feats.cc:182) Processed features for key VIVOSSPK09-R045
VLOG[2] (compute-mfcc-feats[5.5.987~1-eb8d0]:main():compute-mfcc-feats.cc:182) Processed features for key VIVOSSPK09-R046
VLOG[2] (compute-mfcc-feats[5.5.987~1-eb8d0]:main():compute-mfcc-feats.cc:182) Processed features for key VIVOSSPK09-R047
LOG (compute-mfcc-feats[5.5.987~1-eb8d0]:main():compute-mfcc-feats.cc:181) Processed 590 utterances
VLOG[2] (compute-mfcc-feats[5.5.987~1-eb8d0]:main():compute-mfcc-feats.cc:182) Processed features for key VIVOSSPK09-R048
VLOG[2] (compute-mfcc-feats[5.5.987~1-eb8d0]:main():compute-mfcc-feats.cc:182) Processed features for key VIVOSSPK09-R049
VLOG[2] (compute-mfcc-feats[5.5.987~1-eb8d0]:main():compute-mfcc-feats.cc:182) Processed features for key VIVOSSPK09-R050
VLOG[2] (compute-mfcc-feats[5.5.987~1-eb8d0]:main():compute-mfcc-feats.cc:182) Processed features for key VIVOSSPK09-R051
VLOG[2] (compute-mfcc-feats[5.5.987~1-eb8d0]:main():compute-mfcc-feats.cc:182) Processed features for key VIVOSSPK09-R052
VLOG[2] (compute-mfcc-feats[5.5.987~1-eb8d0]:main():compute-mfcc-feats.cc:182) Processed features for key VIVOSSPK09-R053
VLOG[2] (compute-mfcc-feats[5.5.987~1-eb8d0]:main():compute-mfcc-feats.cc:182) Processed features for key VIVOSSPK09-R054
VLOG[2] (compute-mfcc-feats[5.5.987~1-eb8d0]:main():compute-mfcc-feats.cc:182) Processed features for key VIVOSSPK09-R055
VLOG[2] (compute-mfcc-feats[5.5.987~1-eb8d0]:main():compute-mfcc-feats.cc:182) Processed features for key VIVOSSPK09-R056
VLOG[2] (compute-mfcc-feats[5.5.987~1-eb8d0]:main():compute-mfcc-feats.cc:182) Processed features for key VIVOSSPK09-R057
LOG (compute-mfcc-feats[5.5.987~1-eb8d0]:main():compute-mfcc-feats.cc:181) Processed 600 utterances
VLOG[2] (compute-mfcc-feats[5.5.987~1-eb8d0]:main():compute-mfcc-feats.cc:182) Processed features for key VIVOSSPK09-R058
VLOG[2] (compute-mfcc-feats[5.5.987~1-eb8d0]:main():compute-mfcc-feats.cc:182) Processed features for key VIVOSSPK09-R059
VLOG[2] (compute-mfcc-feats[5.5.987~1-eb8d0]:main():compute-mfcc-feats.cc:182) Processed features for key VIVOSSPK09-R060
VLOG[2] (compute-mfcc-feats[5.5.987~1-eb8d0]:main():compute-mfcc-feats.cc:182) Processed features for key VIVOSSPK09-R061
VLOG[2] (compute-mfcc-feats[5.5.987~1-eb8d0]:main():compute-mfcc-feats.cc:182) Processed features for key VIVOSSPK09-R062
VLOG[2] (compute-mfcc-feats[5.5.987~1-eb8d0]:main():compute-mfcc-feats.cc:182) Processed features for key VIVOSSPK09-R063
VLOG[2] (compute-mfcc-feats[5.5.987~1-eb8d0]:main():compute-mfcc-feats.cc:182) Processed features for key VIVOSSPK09-R064
VLOG[2] (compute-mfcc-feats[5.5.987~1-eb8d0]:main():compute-mfcc-feats.cc:182) Processed features for key VIVOSSPK09-R065
VLOG[2] (compute-mfcc-feats[5.5.987~1-eb8d0]:main():compute-mfcc-feats.cc:182) Processed features for key VIVOSSPK09-R066
VLOG[2] (compute-mfcc-feats[5.5.987~1-eb8d0]:main():compute-mfcc-feats.cc:182) Processed features for key VIVOSSPK09-R067
LOG (compute-mfcc-feats[5.5.987~1-eb8d0]:main():compute-mfcc-feats.cc:181) Processed 610 utterances
VLOG[2] (compute-mfcc-feats[5.5.987~1-eb8d0]:main():compute-mfcc-feats.cc:182) Processed features for key VIVOSSPK09-R068
VLOG[2] (compute-mfcc-feats[5.5.987~1-eb8d0]:main():compute-mfcc-feats.cc:182) Processed features for key VIVOSSPK09-R069
VLOG[2] (compute-mfcc-feats[5.5.987~1-eb8d0]:main():compute-mfcc-feats.cc:182) Processed features for key VIVOSSPK09-R070
VLOG[2] (compute-mfcc-feats[5.5.987~1-eb8d0]:main():compute-mfcc-feats.cc:182) Processed features for key VIVOSSPK09-R071
VLOG[2] (compute-mfcc-feats[5.5.987~1-eb8d0]:main():compute-mfcc-feats.cc:182) Processed features for key VIVOSSPK09-R072
VLOG[2] (compute-mfcc-feats[5.5.987~1-eb8d0]:main():compute-mfcc-feats.cc:182) Processed features for key VIVOSSPK09-R073
VLOG[2] (compute-mfcc-feats[5.5.987~1-eb8d0]:main():compute-mfcc-feats.cc:182) Processed features for key VIVOSSPK09-R074
VLOG[2] (compute-mfcc-feats[5.5.987~1-eb8d0]:main():compute-mfcc-feats.cc:182) Processed features for key VIVOSSPK09-R075
VLOG[2] (compute-mfcc-feats[5.5.987~1-eb8d0]:main():compute-mfcc-feats.cc:182) Processed features for key VIVOSSPK09-R076
VLOG[2] (compute-mfcc-feats[5.5.987~1-eb8d0]:main():compute-mfcc-feats.cc:182) Processed features for key VIVOSSPK09-R077
LOG (compute-mfcc-feats[5.5.987~1-eb8d0]:main():compute-mfcc-feats.cc:181) Processed 620 utterances
VLOG[2] (compute-mfcc-feats[5.5.987~1-eb8d0]:main():compute-mfcc-feats.cc:182) Processed features for key VIVOSSPK09-R078
VLOG[2] (compute-mfcc-feats[5.5.987~1-eb8d0]:main():compute-mfcc-feats.cc:182) Processed features for key VIVOSSPK09-R079
VLOG[2] (compute-mfcc-feats[5.5.987~1-eb8d0]:main():compute-mfcc-feats.cc:182) Processed features for key VIVOSSPK09-R080
VLOG[2] (compute-mfcc-feats[5.5.987~1-eb8d0]:main():compute-mfcc-feats.cc:182) Processed features for key VIVOSSPK09-R081
VLOG[2] (compute-mfcc-feats[5.5.987~1-eb8d0]:main():compute-mfcc-feats.cc:182) Processed features for key VIVOSSPK09-R082
VLOG[2] (compute-mfcc-feats[5.5.987~1-eb8d0]:main():compute-mfcc-feats.cc:182) Processed features for key VIVOSSPK09-R083
VLOG[2] (compute-mfcc-feats[5.5.987~1-eb8d0]:main():compute-mfcc-feats.cc:182) Processed features for key VIVOSSPK09-R084
VLOG[2] (compute-mfcc-feats[5.5.987~1-eb8d0]:main():compute-mfcc-feats.cc:182) Processed features for key VIVOSSPK09-R085
VLOG[2] (compute-mfcc-feats[5.5.987~1-eb8d0]:main():compute-mfcc-feats.cc:182) Processed features for key VIVOSSPK09-R086
VLOG[2] (compute-mfcc-feats[5.5.987~1-eb8d0]:main():compute-mfcc-feats.cc:182) Processed features for key VIVOSSPK09-R087
LOG (compute-mfcc-feats[5.5.987~1-eb8d0]:main():compute-mfcc-feats.cc:181) Processed 630 utterances
VLOG[2] (compute-mfcc-feats[5.5.987~1-eb8d0]:main():compute-mfcc-feats.cc:182) Processed features for key VIVOSSPK09-R088
VLOG[2] (compute-mfcc-feats[5.5.987~1-eb8d0]:main():compute-mfcc-feats.cc:182) Processed features for key VIVOSSPK09-R089
VLOG[2] (compute-mfcc-feats[5.5.987~1-eb8d0]:main():compute-mfcc-feats.cc:182) Processed features for key VIVOSSPK09-R090
VLOG[2] (compute-mfcc-feats[5.5.987~1-eb8d0]:main():compute-mfcc-feats.cc:182) Processed features for key VIVOSSPK09-R091
VLOG[2] (compute-mfcc-feats[5.5.987~1-eb8d0]:main():compute-mfcc-feats.cc:182) Processed features for key VIVOSSPK09-R092
VLOG[2] (compute-mfcc-feats[5.5.987~1-eb8d0]:main():compute-mfcc-feats.cc:182) Processed features for key VIVOSSPK09-R093
VLOG[2] (compute-mfcc-feats[5.5.987~1-eb8d0]:main():compute-mfcc-feats.cc:182) Processed features for key VIVOSSPK09-R094
VLOG[2] (compute-mfcc-feats[5.5.987~1-eb8d0]:main():compute-mfcc-feats.cc:182) Processed features for key VIVOSSPK09-R095
VLOG[2] (compute-mfcc-feats[5.5.987~1-eb8d0]:main():compute-mfcc-feats.cc:182) Processed features for key VIVOSSPK09-R096
VLOG[2] (compute-mfcc-feats[5.5.987~1-eb8d0]:main():compute-mfcc-feats.cc:182) Processed features for key VIVOSSPK09-R097
LOG (compute-mfcc-feats[5.5.987~1-eb8d0]:main():compute-mfcc-feats.cc:181) Processed 640 utterances
VLOG[2] (compute-mfcc-feats[5.5.987~1-eb8d0]:main():compute-mfcc-feats.cc:182) Processed features for key VIVOSSPK09-R098
VLOG[2] (compute-mfcc-feats[5.5.987~1-eb8d0]:main():compute-mfcc-feats.cc:182) Processed features for key VIVOSSPK09-R099
VLOG[2] (compute-mfcc-feats[5.5.987~1-eb8d0]:main():compute-mfcc-feats.cc:182) Processed features for key VIVOSSPK09-R100
VLOG[2] (compute-mfcc-feats[5.5.987~1-eb8d0]:main():compute-mfcc-feats.cc:182) Processed features for key VIVOSSPK09-R101
VLOG[2] (compute-mfcc-feats[5.5.987~1-eb8d0]:main():compute-mfcc-feats.cc:182) Processed features for key VIVOSSPK09-R102
VLOG[2] (compute-mfcc-feats[5.5.987~1-eb8d0]:main():compute-mfcc-feats.cc:182) Processed features for key VIVOSSPK09-R103
VLOG[2] (compute-mfcc-feats[5.5.987~1-eb8d0]:main():compute-mfcc-feats.cc:182) Processed features for key VIVOSSPK09-R104
VLOG[2] (compute-mfcc-feats[5.5.987~1-eb8d0]:main():compute-mfcc-feats.cc:182) Processed features for key VIVOSSPK09-R105
VLOG[2] (compute-mfcc-feats[5.5.987~1-eb8d0]:main():compute-mfcc-feats.cc:182) Processed features for key VIVOSSPK09-R106
VLOG[2] (compute-mfcc-feats[5.5.987~1-eb8d0]:main():compute-mfcc-feats.cc:182) Processed features for key VIVOSSPK09-R107
LOG (compute-mfcc-feats[5.5.987~1-eb8d0]:main():compute-mfcc-feats.cc:181) Processed 650 utterances
VLOG[2] (compute-mfcc-feats[5.5.987~1-eb8d0]:main():compute-mfcc-feats.cc:182) Processed features for key VIVOSSPK09-R108
VLOG[2] (compute-mfcc-feats[5.5.987~1-eb8d0]:main():compute-mfcc-feats.cc:182) Processed features for key VIVOSSPK09-R109
VLOG[2] (compute-mfcc-feats[5.5.987~1-eb8d0]:main():compute-mfcc-feats.cc:182) Processed features for key VIVOSSPK09-R110
VLOG[2] (compute-mfcc-feats[5.5.987~1-eb8d0]:main():compute-mfcc-feats.cc:182) Processed features for key VIVOSSPK09-R111
VLOG[2] (compute-mfcc-feats[5.5.987~1-eb8d0]:main():compute-mfcc-feats.cc:182) Processed features for key VIVOSSPK09-R112
VLOG[2] (compute-mfcc-feats[5.5.987~1-eb8d0]:main():compute-mfcc-feats.cc:182) Processed features for key VIVOSSPK09-R113
VLOG[2] (compute-mfcc-feats[5.5.987~1-eb8d0]:main():compute-mfcc-feats.cc:182) Processed features for key VIVOSSPK09-R114
VLOG[2] (compute-mfcc-feats[5.5.987~1-eb8d0]:main():compute-mfcc-feats.cc:182) Processed features for key VIVOSSPK09-R115
VLOG[2] (compute-mfcc-feats[5.5.987~1-eb8d0]:main():compute-mfcc-feats.cc:182) Processed features for key VIVOSSPK09-R116
VLOG[2] (compute-mfcc-feats[5.5.987~1-eb8d0]:main():compute-mfcc-feats.cc:182) Processed features for key VIVOSSPK09-R117
LOG (compute-mfcc-feats[5.5.987~1-eb8d0]:main():compute-mfcc-feats.cc:181) Processed 660 utterances
VLOG[2] (compute-mfcc-feats[5.5.987~1-eb8d0]:main():compute-mfcc-feats.cc:182) Processed features for key VIVOSSPK09-R118
VLOG[2] (compute-mfcc-feats[5.5.987~1-eb8d0]:main():compute-mfcc-feats.cc:182) Processed features for key VIVOSSPK09-R119
VLOG[2] (compute-mfcc-feats[5.5.987~1-eb8d0]:main():compute-mfcc-feats.cc:182) Processed features for key VIVOSSPK09-R120
VLOG[2] (compute-mfcc-feats[5.5.987~1-eb8d0]:main():compute-mfcc-feats.cc:182) Processed features for key VIVOSSPK09-R121
VLOG[2] (compute-mfcc-feats[5.5.987~1-eb8d0]:main():compute-mfcc-feats.cc:182) Processed features for key VIVOSSPK09-R122
VLOG[2] (compute-mfcc-feats[5.5.987~1-eb8d0]:main():compute-mfcc-feats.cc:182) Processed features for key VIVOSSPK09-R123
VLOG[2] (compute-mfcc-feats[5.5.987~1-eb8d0]:main():compute-mfcc-feats.cc:182) Processed features for key VIVOSSPK09-R124
VLOG[2] (compute-mfcc-feats[5.5.987~1-eb8d0]:main():compute-mfcc-feats.cc:182) Processed features for key VIVOSSPK09-R125
VLOG[2] (compute-mfcc-feats[5.5.987~1-eb8d0]:main():compute-mfcc-feats.cc:182) Processed features for key VIVOSSPK09-R126
VLOG[2] (compute-mfcc-feats[5.5.987~1-eb8d0]:main():compute-mfcc-feats.cc:182) Processed features for key VIVOSSPK09-R127
LOG (compute-mfcc-feats[5.5.987~1-eb8d0]:main():compute-mfcc-feats.cc:181) Processed 670 utterances
VLOG[2] (compute-mfcc-feats[5.5.987~1-eb8d0]:main():compute-mfcc-feats.cc:182) Processed features for key VIVOSSPK09-R128
VLOG[2] (compute-mfcc-feats[5.5.987~1-eb8d0]:main():compute-mfcc-feats.cc:182) Processed features for key VIVOSSPK09-R129
VLOG[2] (compute-mfcc-feats[5.5.987~1-eb8d0]:main():compute-mfcc-feats.cc:182) Processed features for key VIVOSSPK09-R130
VLOG[2] (compute-mfcc-feats[5.5.987~1-eb8d0]:main():compute-mfcc-feats.cc:182) Processed features for key VIVOSSPK09-R131
VLOG[2] (compute-mfcc-feats[5.5.987~1-eb8d0]:main():compute-mfcc-feats.cc:182) Processed features for key VIVOSSPK09-R132
VLOG[2] (compute-mfcc-feats[5.5.987~1-eb8d0]:main():compute-mfcc-feats.cc:182) Processed features for key VIVOSSPK09-R133
VLOG[2] (compute-mfcc-feats[5.5.987~1-eb8d0]:main():compute-mfcc-feats.cc:182) Processed features for key VIVOSSPK09-R134
VLOG[2] (compute-mfcc-feats[5.5.987~1-eb8d0]:main():compute-mfcc-feats.cc:182) Processed features for key VIVOSSPK09-R135
VLOG[2] (compute-mfcc-feats[5.5.987~1-eb8d0]:main():compute-mfcc-feats.cc:182) Processed features for key VIVOSSPK09-R136
VLOG[2] (compute-mfcc-feats[5.5.987~1-eb8d0]:main():compute-mfcc-feats.cc:182) Processed features for key VIVOSSPK09-R137
LOG (compute-mfcc-feats[5.5.987~1-eb8d0]:main():compute-mfcc-feats.cc:181) Processed 680 utterances
VLOG[2] (compute-mfcc-feats[5.5.987~1-eb8d0]:main():compute-mfcc-feats.cc:182) Processed features for key VIVOSSPK09-R138
VLOG[2] (compute-mfcc-feats[5.5.987~1-eb8d0]:main():compute-mfcc-feats.cc:182) Processed features for key VIVOSSPK09-R139
VLOG[2] (compute-mfcc-feats[5.5.987~1-eb8d0]:main():compute-mfcc-feats.cc:182) Processed features for key VIVOSSPK09-R140
VLOG[2] (compute-mfcc-feats[5.5.987~1-eb8d0]:main():compute-mfcc-feats.cc:182) Processed features for key VIVOSSPK09-R141
VLOG[2] (compute-mfcc-feats[5.5.987~1-eb8d0]:main():compute-mfcc-feats.cc:182) Processed features for key VIVOSSPK09-R142
VLOG[2] (compute-mfcc-feats[5.5.987~1-eb8d0]:main():compute-mfcc-feats.cc:182) Processed features for key VIVOSSPK09-R143
VLOG[2] (compute-mfcc-feats[5.5.987~1-eb8d0]:main():compute-mfcc-feats.cc:182) Processed features for key VIVOSSPK09-R144
VLOG[2] (compute-mfcc-feats[5.5.987~1-eb8d0]:main():compute-mfcc-feats.cc:182) Processed features for key VIVOSSPK09-R145
VLOG[2] (compute-mfcc-feats[5.5.987~1-eb8d0]:main():compute-mfcc-feats.cc:182) Processed features for key VIVOSSPK09-R146
VLOG[2] (compute-mfcc-feats[5.5.987~1-eb8d0]:main():compute-mfcc-feats.cc:182) Processed features for key VIVOSSPK09-R147
LOG (compute-mfcc-feats[5.5.987~1-eb8d0]:main():compute-mfcc-feats.cc:181) Processed 690 utterances
VLOG[2] (compute-mfcc-feats[5.5.987~1-eb8d0]:main():compute-mfcc-feats.cc:182) Processed features for key VIVOSSPK09-R148
VLOG[2] (compute-mfcc-feats[5.5.987~1-eb8d0]:main():compute-mfcc-feats.cc:182) Processed features for key VIVOSSPK09-R149
VLOG[2] (compute-mfcc-feats[5.5.987~1-eb8d0]:main():compute-mfcc-feats.cc:182) Processed features for key VIVOSSPK09-R150
VLOG[2] (compute-mfcc-feats[5.5.987~1-eb8d0]:main():compute-mfcc-feats.cc:182) Processed features for key VIVOSSPK09-R151
VLOG[2] (compute-mfcc-feats[5.5.987~1-eb8d0]:main():compute-mfcc-feats.cc:182) Processed features for key VIVOSSPK09-R152
VLOG[2] (compute-mfcc-feats[5.5.987~1-eb8d0]:main():compute-mfcc-feats.cc:182) Processed features for key VIVOSSPK09-R153
VLOG[2] (compute-mfcc-feats[5.5.987~1-eb8d0]:main():compute-mfcc-feats.cc:182) Processed features for key VIVOSSPK09-R154
VLOG[2] (compute-mfcc-feats[5.5.987~1-eb8d0]:main():compute-mfcc-feats.cc:182) Processed features for key VIVOSSPK09-R155
VLOG[2] (compute-mfcc-feats[5.5.987~1-eb8d0]:main():compute-mfcc-feats.cc:182) Processed features for key VIVOSSPK09-R156
VLOG[2] (compute-mfcc-feats[5.5.987~1-eb8d0]:main():compute-mfcc-feats.cc:182) Processed features for key VIVOSSPK09-R157
LOG (compute-mfcc-feats[5.5.987~1-eb8d0]:main():compute-mfcc-feats.cc:181) Processed 700 utterances
VLOG[2] (compute-mfcc-feats[5.5.987~1-eb8d0]:main():compute-mfcc-feats.cc:182) Processed features for key VIVOSSPK09-R158
VLOG[2] (compute-mfcc-feats[5.5.987~1-eb8d0]:main():compute-mfcc-feats.cc:182) Processed features for key VIVOSSPK09-R159
VLOG[2] (compute-mfcc-feats[5.5.987~1-eb8d0]:main():compute-mfcc-feats.cc:182) Processed features for key VIVOSSPK09-R160
VLOG[2] (compute-mfcc-feats[5.5.987~1-eb8d0]:main():compute-mfcc-feats.cc:182) Processed features for key VIVOSSPK09-R161
VLOG[2] (compute-mfcc-feats[5.5.987~1-eb8d0]:main():compute-mfcc-feats.cc:182) Processed features for key VIVOSSPK09-R162
VLOG[2] (compute-mfcc-feats[5.5.987~1-eb8d0]:main():compute-mfcc-feats.cc:182) Processed features for key VIVOSSPK09-R163
VLOG[2] (compute-mfcc-feats[5.5.987~1-eb8d0]:main():compute-mfcc-feats.cc:182) Processed features for key VIVOSSPK09-R164
VLOG[2] (compute-mfcc-feats[5.5.987~1-eb8d0]:main():compute-mfcc-feats.cc:182) Processed features for key VIVOSSPK09-R165
VLOG[2] (compute-mfcc-feats[5.5.987~1-eb8d0]:main():compute-mfcc-feats.cc:182) Processed features for key VIVOSSPK09-R166
VLOG[2] (compute-mfcc-feats[5.5.987~1-eb8d0]:main():compute-mfcc-feats.cc:182) Processed features for key VIVOSSPK09-R167
LOG (compute-mfcc-feats[5.5.987~1-eb8d0]:main():compute-mfcc-feats.cc:181) Processed 710 utterances
VLOG[2] (compute-mfcc-feats[5.5.987~1-eb8d0]:main():compute-mfcc-feats.cc:182) Processed features for key VIVOSSPK09-R168
VLOG[2] (compute-mfcc-feats[5.5.987~1-eb8d0]:main():compute-mfcc-feats.cc:182) Processed features for key VIVOSSPK09-R169
VLOG[2] (compute-mfcc-feats[5.5.987~1-eb8d0]:main():compute-mfcc-feats.cc:182) Processed features for key VIVOSSPK09-R170
VLOG[2] (compute-mfcc-feats[5.5.987~1-eb8d0]:main():compute-mfcc-feats.cc:182) Processed features for key VIVOSSPK09-R171
VLOG[2] (compute-mfcc-feats[5.5.987~1-eb8d0]:main():compute-mfcc-feats.cc:182) Processed features for key VIVOSSPK09-R172
VLOG[2] (compute-mfcc-feats[5.5.987~1-eb8d0]:main():compute-mfcc-feats.cc:182) Processed features for key VIVOSSPK09-R173
VLOG[2] (compute-mfcc-feats[5.5.987~1-eb8d0]:main():compute-mfcc-feats.cc:182) Processed features for key VIVOSSPK09-R174
VLOG[2] (compute-mfcc-feats[5.5.987~1-eb8d0]:main():compute-mfcc-feats.cc:182) Processed features for key VIVOSSPK09-R175
VLOG[2] (compute-mfcc-feats[5.5.987~1-eb8d0]:main():compute-mfcc-feats.cc:182) Processed features for key VIVOSSPK09-R176
VLOG[2] (compute-mfcc-feats[5.5.987~1-eb8d0]:main():compute-mfcc-feats.cc:182) Processed features for key VIVOSSPK09-R177
LOG (compute-mfcc-feats[5.5.987~1-eb8d0]:main():compute-mfcc-feats.cc:181) Processed 720 utterances
VLOG[2] (compute-mfcc-feats[5.5.987~1-eb8d0]:main():compute-mfcc-feats.cc:182) Processed features for key VIVOSSPK09-R178
VLOG[2] (compute-mfcc-feats[5.5.987~1-eb8d0]:main():compute-mfcc-feats.cc:182) Processed features for key VIVOSSPK09-R179
VLOG[2] (compute-mfcc-feats[5.5.987~1-eb8d0]:main():compute-mfcc-feats.cc:182) Processed features for key VIVOSSPK09-R180
VLOG[2] (compute-mfcc-feats[5.5.987~1-eb8d0]:main():compute-mfcc-feats.cc:182) Processed features for key VIVOSSPK09-R181
VLOG[2] (compute-mfcc-feats[5.5.987~1-eb8d0]:main():compute-mfcc-feats.cc:182) Processed features for key VIVOSSPK09-R182
VLOG[2] (compute-mfcc-feats[5.5.987~1-eb8d0]:main():compute-mfcc-feats.cc:182) Processed features for key VIVOSSPK09-R183
VLOG[2] (compute-mfcc-feats[5.5.987~1-eb8d0]:main():compute-mfcc-feats.cc:182) Processed features for key VIVOSSPK09-R184
VLOG[2] (compute-mfcc-feats[5.5.987~1-eb8d0]:main():compute-mfcc-feats.cc:182) Processed features for key VIVOSSPK09-R185
VLOG[2] (compute-mfcc-feats[5.5.987~1-eb8d0]:main():compute-mfcc-feats.cc:182) Processed features for key VIVOSSPK09-R186
VLOG[2] (compute-mfcc-feats[5.5.987~1-eb8d0]:main():compute-mfcc-feats.cc:182) Processed features for key VIVOSSPK09-R187
LOG (compute-mfcc-feats[5.5.987~1-eb8d0]:main():compute-mfcc-feats.cc:185)  Done 729 out of 729 utterances.
LOG (copy-feats[5.5.987~1-eb8d0]:main():copy-feats.cc:143) Copied 729 feature matrices.
# Accounting: time=7 threads=1
# Ended (code 0) at Fri Oct 29 08:01:03 +07 2021, elapsed time 7 seconds
