# compute-mfcc-feats --write-utt2dur=ark,t:exp/make_mfcc/train/utt2dur.4 --verbose=2 --config=conf/mfcc.conf scp,p:exp/make_mfcc/train/wav_train.4.scp ark:- | copy-feats --write-num-frames=ark,t:exp/make_mfcc/train/utt2num_frames.4 --compress=true ark:- ark,scp:/home/phuc/workspace/research/kaldi/egs/vivos/mfcc/raw_mfcc_train.4.ark,/home/phuc/workspace/research/kaldi/egs/vivos/mfcc/raw_mfcc_train.4.scp 
# Started at Fri Oct 29 08:00:56 +07 2021
#
copy-feats --write-num-frames=ark,t:exp/make_mfcc/train/utt2num_frames.4 --compress=true ark:- ark,scp:/home/phuc/workspace/research/kaldi/egs/vivos/mfcc/raw_mfcc_train.4.ark,/home/phuc/workspace/research/kaldi/egs/vivos/mfcc/raw_mfcc_train.4.scp 
compute-mfcc-feats --write-utt2dur=ark,t:exp/make_mfcc/train/utt2dur.4 --verbose=2 --config=conf/mfcc.conf scp,p:exp/make_mfcc/train/wav_train.4.scp ark:- 
VLOG[2] (compute-mfcc-feats[5.5.987~1-eb8d0]:main():compute-mfcc-feats.cc:182) Processed features for key VIVOSSPK09-R188
VLOG[2] (compute-mfcc-feats[5.5.987~1-eb8d0]:main():compute-mfcc-feats.cc:182) Processed features for key VIVOSSPK09-R189
VLOG[2] (compute-mfcc-feats[5.5.987~1-eb8d0]:main():compute-mfcc-feats.cc:182) Processed features for key VIVOSSPK09-R190
VLOG[2] (compute-mfcc-feats[5.5.987~1-eb8d0]:main():compute-mfcc-feats.cc:182) Processed features for key VIVOSSPK09-R191
VLOG[2] (compute-mfcc-feats[5.5.987~1-eb8d0]:main():compute-mfcc-feats.cc:182) Processed features for key VIVOSSPK09-R192
VLOG[2] (compute-mfcc-feats[5.5.987~1-eb8d0]:main():compute-mfcc-feats.cc:182) Processed features for key VIVOSSPK09-R193
VLOG[2] (compute-mfcc-feats[5.5.987~1-eb8d0]:main():compute-mfcc-feats.cc:182) Processed features for key VIVOSSPK09-R194
VLOG[2] (compute-mfcc-feats[5.5.987~1-eb8d0]:main():compute-mfcc-feats.cc:182) Processed features for key VIVOSSPK09-R195
VLOG[2] (compute-mfcc-feats[5.5.987~1-eb8d0]:main():compute-mfcc-feats.cc:182) Processed features for key VIVOSSPK09-R196
LOG (compute-mfcc-feats[5.5.987~1-eb8d0]:main():compute-mfcc-feats.cc:181) Processed 10 utterances
VLOG[2] (compute-mfcc-feats[5.5.987~1-eb8d0]:main():compute-mfcc-feats.cc:182) Processed features for key VIVOSSPK09-R197
VLOG[2] (compute-mfcc-feats[5.5.987~1-eb8d0]:main():compute-mfcc-feats.cc:182) Processed features for key VIVOSSPK09-R198
VLOG[2] (compute-mfcc-feats[5.5.987~1-eb8d0]:main():compute-mfcc-feats.cc:182) Processed features for key VIVOSSPK09-R199
VLOG[2] (compute-mfcc-feats[5.5.987~1-eb8d0]:main():compute-mfcc-feats.cc:182) Processed features for key VIVOSSPK09-R200
VLOG[2] (compute-mfcc-feats[5.5.987~1-eb8d0]:main():compute-mfcc-feats.cc:182) Processed features for key VIVOSSPK09-T001
VLOG[2] (compute-mfcc-feats[5.5.987~1-eb8d0]:main():compute-mfcc-feats.cc:182) Processed features for key VIVOSSPK09-T002
VLOG[2] (compute-mfcc-feats[5.5.987~1-eb8d0]:main():compute-mfcc-feats.cc:182) Processed features for key VIVOSSPK09-T003
VLOG[2] (compute-mfcc-feats[5.5.987~1-eb8d0]:main():compute-mfcc-feats.cc:182) Processed features for key VIVOSSPK09-T004
VLOG[2] (compute-mfcc-feats[5.5.987~1-eb8d0]:main():compute-mfcc-feats.cc:182) Processed features for key VIVOSSPK09-T005
VLOG[2] (compute-mfcc-feats[5.5.987~1-eb8d0]:main():compute-mfcc-feats.cc:182) Processed features for key VIVOSSPK09-T006
LOG (compute-mfcc-feats[5.5.987~1-eb8d0]:main():compute-mfcc-feats.cc:181) Processed 20 utterances
VLOG[2] (compute-mfcc-feats[5.5.987~1-eb8d0]:main():compute-mfcc-feats.cc:182) Processed features for key VIVOSSPK09-T007
VLOG[2] (compute-mfcc-feats[5.5.987~1-eb8d0]:main():compute-mfcc-feats.cc:182) Processed features for key VIVOSSPK09-T008
VLOG[2] (compute-mfcc-feats[5.5.987~1-eb8d0]:main():compute-mfcc-feats.cc:182) Processed features for key VIVOSSPK09-T009
VLOG[2] (compute-mfcc-feats[5.5.987~1-eb8d0]:main():compute-mfcc-feats.cc:182) Processed features for key VIVOSSPK09-T010
VLOG[2] (compute-mfcc-feats[5.5.987~1-eb8d0]:main():compute-mfcc-feats.cc:182) Processed features for key VIVOSSPK09-T011
VLOG[2] (compute-mfcc-feats[5.5.987~1-eb8d0]:main():compute-mfcc-feats.cc:182) Processed features for key VIVOSSPK09-T012
VLOG[2] (compute-mfcc-feats[5.5.987~1-eb8d0]:main():compute-mfcc-feats.cc:182) Processed features for key VIVOSSPK09-T013
VLOG[2] (compute-mfcc-feats[5.5.987~1-eb8d0]:main():compute-mfcc-feats.cc:182) Processed features for key VIVOSSPK09-T014
VLOG[2] (compute-mfcc-feats[5.5.987~1-eb8d0]:main():compute-mfcc-feats.cc:182) Processed features for key VIVOSSPK09-T015
VLOG[2] (compute-mfcc-feats[5.5.987~1-eb8d0]:main():compute-mfcc-feats.cc:182) Processed features for key VIVOSSPK09-T016
LOG (compute-mfcc-feats[5.5.987~1-eb8d0]:main():compute-mfcc-feats.cc:181) Processed 30 utterances
VLOG[2] (compute-mfcc-feats[5.5.987~1-eb8d0]:main():compute-mfcc-feats.cc:182) Processed features for key VIVOSSPK09-T017
VLOG[2] (compute-mfcc-feats[5.5.987~1-eb8d0]:main():compute-mfcc-feats.cc:182) Processed features for key VIVOSSPK09-T018
VLOG[2] (compute-mfcc-feats[5.5.987~1-eb8d0]:main():compute-mfcc-feats.cc:182) Processed features for key VIVOSSPK09-T019
VLOG[2] (compute-mfcc-feats[5.5.987~1-eb8d0]:main():compute-mfcc-feats.cc:182) Processed features for key VIVOSSPK09-T020
VLOG[2] (compute-mfcc-feats[5.5.987~1-eb8d0]:main():compute-mfcc-feats.cc:182) Processed features for key VIVOSSPK09-T021
VLOG[2] (compute-mfcc-feats[5.5.987~1-eb8d0]:main():compute-mfcc-feats.cc:182) Processed features for key VIVOSSPK09-T022
VLOG[2] (compute-mfcc-feats[5.5.987~1-eb8d0]:main():compute-mfcc-feats.cc:182) Processed features for key VIVOSSPK09-T023
VLOG[2] (compute-mfcc-feats[5.5.987~1-eb8d0]:main():compute-mfcc-feats.cc:182) Processed features for key VIVOSSPK09-T024
VLOG[2] (compute-mfcc-feats[5.5.987~1-eb8d0]:main():compute-mfcc-feats.cc:182) Processed features for key VIVOSSPK09-T025
VLOG[2] (compute-mfcc-feats[5.5.987~1-eb8d0]:main():compute-mfcc-feats.cc:182) Processed features for key VIVOSSPK09-T026
LOG (compute-mfcc-feats[5.5.987~1-eb8d0]:main():compute-mfcc-feats.cc:181) Processed 40 utterances
VLOG[2] (compute-mfcc-feats[5.5.987~1-eb8d0]:main():compute-mfcc-feats.cc:182) Processed features for key VIVOSSPK09-T027
VLOG[2] (compute-mfcc-feats[5.5.987~1-eb8d0]:main():compute-mfcc-feats.cc:182) Processed features for key VIVOSSPK09-T028
VLOG[2] (compute-mfcc-feats[5.5.987~1-eb8d0]:main():compute-mfcc-feats.cc:182) Processed features for key VIVOSSPK09-T029
VLOG[2] (compute-mfcc-feats[5.5.987~1-eb8d0]:main():compute-mfcc-feats.cc:182) Processed features for key VIVOSSPK09-T030
VLOG[2] (compute-mfcc-feats[5.5.987~1-eb8d0]:main():compute-mfcc-feats.cc:182) Processed features for key VIVOSSPK09-T031
VLOG[2] (compute-mfcc-feats[5.5.987~1-eb8d0]:main():compute-mfcc-feats.cc:182) Processed features for key VIVOSSPK09-T032
VLOG[2] (compute-mfcc-feats[5.5.987~1-eb8d0]:main():compute-mfcc-feats.cc:182) Processed features for key VIVOSSPK09-T033
VLOG[2] (compute-mfcc-feats[5.5.987~1-eb8d0]:main():compute-mfcc-feats.cc:182) Processed features for key VIVOSSPK09-T034
VLOG[2] (compute-mfcc-feats[5.5.987~1-eb8d0]:main():compute-mfcc-feats.cc:182) Processed features for key VIVOSSPK09-T035
VLOG[2] (compute-mfcc-feats[5.5.987~1-eb8d0]:main():compute-mfcc-feats.cc:182) Processed features for key VIVOSSPK09-T036
LOG (compute-mfcc-feats[5.5.987~1-eb8d0]:main():compute-mfcc-feats.cc:181) Processed 50 utterances
VLOG[2] (compute-mfcc-feats[5.5.987~1-eb8d0]:main():compute-mfcc-feats.cc:182) Processed features for key VIVOSSPK09-T037
VLOG[2] (compute-mfcc-feats[5.5.987~1-eb8d0]:main():compute-mfcc-feats.cc:182) Processed features for key VIVOSSPK09-T038
VLOG[2] (compute-mfcc-feats[5.5.987~1-eb8d0]:main():compute-mfcc-feats.cc:182) Processed features for key VIVOSSPK09-T039
VLOG[2] (compute-mfcc-feats[5.5.987~1-eb8d0]:main():compute-mfcc-feats.cc:182) Processed features for key VIVOSSPK09-T040
VLOG[2] (compute-mfcc-feats[5.5.987~1-eb8d0]:main():compute-mfcc-feats.cc:182) Processed features for key VIVOSSPK09-T041
VLOG[2] (compute-mfcc-feats[5.5.987~1-eb8d0]:main():compute-mfcc-feats.cc:182) Processed features for key VIVOSSPK09-T042
VLOG[2] (compute-mfcc-feats[5.5.987~1-eb8d0]:main():compute-mfcc-feats.cc:182) Processed features for key VIVOSSPK09-T043
VLOG[2] (compute-mfcc-feats[5.5.987~1-eb8d0]:main():compute-mfcc-feats.cc:182) Processed features for key VIVOSSPK09-T044
VLOG[2] (compute-mfcc-feats[5.5.987~1-eb8d0]:main():compute-mfcc-feats.cc:182) Processed features for key VIVOSSPK09-T045
VLOG[2] (compute-mfcc-feats[5.5.987~1-eb8d0]:main():compute-mfcc-feats.cc:182) Processed features for key VIVOSSPK09-T046
LOG (compute-mfcc-feats[5.5.987~1-eb8d0]:main():compute-mfcc-feats.cc:181) Processed 60 utterances
VLOG[2] (compute-mfcc-feats[5.5.987~1-eb8d0]:main():compute-mfcc-feats.cc:182) Processed features for key VIVOSSPK09-T047
VLOG[2] (compute-mfcc-feats[5.5.987~1-eb8d0]:main():compute-mfcc-feats.cc:182) Processed features for key VIVOSSPK09-T048
VLOG[2] (compute-mfcc-feats[5.5.987~1-eb8d0]:main():compute-mfcc-feats.cc:182) Processed features for key VIVOSSPK09-T049
VLOG[2] (compute-mfcc-feats[5.5.987~1-eb8d0]:main():compute-mfcc-feats.cc:182) Processed features for key VIVOSSPK09-T050
VLOG[2] (compute-mfcc-feats[5.5.987~1-eb8d0]:main():compute-mfcc-feats.cc:182) Processed features for key VIVOSSPK10-R001
VLOG[2] (compute-mfcc-feats[5.5.987~1-eb8d0]:main():compute-mfcc-feats.cc:182) Processed features for key VIVOSSPK10-R002
VLOG[2] (compute-mfcc-feats[5.5.987~1-eb8d0]:main():compute-mfcc-feats.cc:182) Processed features for key VIVOSSPK10-R003
VLOG[2] (compute-mfcc-feats[5.5.987~1-eb8d0]:main():compute-mfcc-feats.cc:182) Processed features for key VIVOSSPK10-R004
VLOG[2] (compute-mfcc-feats[5.5.987~1-eb8d0]:main():compute-mfcc-feats.cc:182) Processed features for key VIVOSSPK10-R005
VLOG[2] (compute-mfcc-feats[5.5.987~1-eb8d0]:main():compute-mfcc-feats.cc:182) Processed features for key VIVOSSPK10-R006
LOG (compute-mfcc-feats[5.5.987~1-eb8d0]:main():compute-mfcc-feats.cc:181) Processed 70 utterances
VLOG[2] (compute-mfcc-feats[5.5.987~1-eb8d0]:main():compute-mfcc-feats.cc:182) Processed features for key VIVOSSPK10-R007
VLOG[2] (compute-mfcc-feats[5.5.987~1-eb8d0]:main():compute-mfcc-feats.cc:182) Processed features for key VIVOSSPK10-R008
VLOG[2] (compute-mfcc-feats[5.5.987~1-eb8d0]:main():compute-mfcc-feats.cc:182) Processed features for key VIVOSSPK10-R009
VLOG[2] (compute-mfcc-feats[5.5.987~1-eb8d0]:main():compute-mfcc-feats.cc:182) Processed features for key VIVOSSPK10-R010
VLOG[2] (compute-mfcc-feats[5.5.987~1-eb8d0]:main():compute-mfcc-feats.cc:182) Processed features for key VIVOSSPK10-R011
VLOG[2] (compute-mfcc-feats[5.5.987~1-eb8d0]:main():compute-mfcc-feats.cc:182) Processed features for key VIVOSSPK10-R012
VLOG[2] (compute-mfcc-feats[5.5.987~1-eb8d0]:main():compute-mfcc-feats.cc:182) Processed features for key VIVOSSPK10-R013
VLOG[2] (compute-mfcc-feats[5.5.987~1-eb8d0]:main():compute-mfcc-feats.cc:182) Processed features for key VIVOSSPK10-R014
VLOG[2] (compute-mfcc-feats[5.5.987~1-eb8d0]:main():compute-mfcc-feats.cc:182) Processed features for key VIVOSSPK10-R015
VLOG[2] (compute-mfcc-feats[5.5.987~1-eb8d0]:main():compute-mfcc-feats.cc:182) Processed features for key VIVOSSPK10-R016
LOG (compute-mfcc-feats[5.5.987~1-eb8d0]:main():compute-mfcc-feats.cc:181) Processed 80 utterances
VLOG[2] (compute-mfcc-feats[5.5.987~1-eb8d0]:main():compute-mfcc-feats.cc:182) Processed features for key VIVOSSPK10-R017
VLOG[2] (compute-mfcc-feats[5.5.987~1-eb8d0]:main():compute-mfcc-feats.cc:182) Processed features for key VIVOSSPK10-R018
VLOG[2] (compute-mfcc-feats[5.5.987~1-eb8d0]:main():compute-mfcc-feats.cc:182) Processed features for key VIVOSSPK10-R019
VLOG[2] (compute-mfcc-feats[5.5.987~1-eb8d0]:main():compute-mfcc-feats.cc:182) Processed features for key VIVOSSPK10-R020
VLOG[2] (compute-mfcc-feats[5.5.987~1-eb8d0]:main():compute-mfcc-feats.cc:182) Processed features for key VIVOSSPK10-R021
VLOG[2] (compute-mfcc-feats[5.5.987~1-eb8d0]:main():compute-mfcc-feats.cc:182) Processed features for key VIVOSSPK10-R022
VLOG[2] (compute-mfcc-feats[5.5.987~1-eb8d0]:main():compute-mfcc-feats.cc:182) Processed features for key VIVOSSPK10-R023
VLOG[2] (compute-mfcc-feats[5.5.987~1-eb8d0]:main():compute-mfcc-feats.cc:182) Processed features for key VIVOSSPK10-R024
VLOG[2] (compute-mfcc-feats[5.5.987~1-eb8d0]:main():compute-mfcc-feats.cc:182) Processed features for key VIVOSSPK10-R025
VLOG[2] (compute-mfcc-feats[5.5.987~1-eb8d0]:main():compute-mfcc-feats.cc:182) Processed features for key VIVOSSPK10-R026
LOG (compute-mfcc-feats[5.5.987~1-eb8d0]:main():compute-mfcc-feats.cc:181) Processed 90 utterances
VLOG[2] (compute-mfcc-feats[5.5.987~1-eb8d0]:main():compute-mfcc-feats.cc:182) Processed features for key VIVOSSPK10-R027
VLOG[2] (compute-mfcc-feats[5.5.987~1-eb8d0]:main():compute-mfcc-feats.cc:182) Processed features for key VIVOSSPK10-R028
VLOG[2] (compute-mfcc-feats[5.5.987~1-eb8d0]:main():compute-mfcc-feats.cc:182) Processed features for key VIVOSSPK10-R029
VLOG[2] (compute-mfcc-feats[5.5.987~1-eb8d0]:main():compute-mfcc-feats.cc:182) Processed features for key VIVOSSPK10-R030
VLOG[2] (compute-mfcc-feats[5.5.987~1-eb8d0]:main():compute-mfcc-feats.cc:182) Processed features for key VIVOSSPK10-R031
VLOG[2] (compute-mfcc-feats[5.5.987~1-eb8d0]:main():compute-mfcc-feats.cc:182) Processed features for key VIVOSSPK10-R032
VLOG[2] (compute-mfcc-feats[5.5.987~1-eb8d0]:main():compute-mfcc-feats.cc:182) Processed features for key VIVOSSPK10-R033
VLOG[2] (compute-mfcc-feats[5.5.987~1-eb8d0]:main():compute-mfcc-feats.cc:182) Processed features for key VIVOSSPK10-R034
VLOG[2] (compute-mfcc-feats[5.5.987~1-eb8d0]:main():compute-mfcc-feats.cc:182) Processed features for key VIVOSSPK10-R035
VLOG[2] (compute-mfcc-feats[5.5.987~1-eb8d0]:main():compute-mfcc-feats.cc:182) Processed features for key VIVOSSPK10-R036
LOG (compute-mfcc-feats[5.5.987~1-eb8d0]:main():compute-mfcc-feats.cc:181) Processed 100 utterances
VLOG[2] (compute-mfcc-feats[5.5.987~1-eb8d0]:main():compute-mfcc-feats.cc:182) Processed features for key VIVOSSPK10-R037
VLOG[2] (compute-mfcc-feats[5.5.987~1-eb8d0]:main():compute-mfcc-feats.cc:182) Processed features for key VIVOSSPK10-R038
VLOG[2] (compute-mfcc-feats[5.5.987~1-eb8d0]:main():compute-mfcc-feats.cc:182) Processed features for key VIVOSSPK10-R039
VLOG[2] (compute-mfcc-feats[5.5.987~1-eb8d0]:main():compute-mfcc-feats.cc:182) Processed features for key VIVOSSPK10-R040
VLOG[2] (compute-mfcc-feats[5.5.987~1-eb8d0]:main():compute-mfcc-feats.cc:182) Processed features for key VIVOSSPK10-R041
VLOG[2] (compute-mfcc-feats[5.5.987~1-eb8d0]:main():compute-mfcc-feats.cc:182) Processed features for key VIVOSSPK10-R042
VLOG[2] (compute-mfcc-feats[5.5.987~1-eb8d0]:main():compute-mfcc-feats.cc:182) Processed features for key VIVOSSPK10-R043
VLOG[2] (compute-mfcc-feats[5.5.987~1-eb8d0]:main():compute-mfcc-feats.cc:182) Processed features for key VIVOSSPK10-R044
VLOG[2] (compute-mfcc-feats[5.5.987~1-eb8d0]:main():compute-mfcc-feats.cc:182) Processed features for key VIVOSSPK10-R045
VLOG[2] (compute-mfcc-feats[5.5.987~1-eb8d0]:main():compute-mfcc-feats.cc:182) Processed features for key VIVOSSPK10-R046
LOG (compute-mfcc-feats[5.5.987~1-eb8d0]:main():compute-mfcc-feats.cc:181) Processed 110 utterances
VLOG[2] (compute-mfcc-feats[5.5.987~1-eb8d0]:main():compute-mfcc-feats.cc:182) Processed features for key VIVOSSPK10-R047
VLOG[2] (compute-mfcc-feats[5.5.987~1-eb8d0]:main():compute-mfcc-feats.cc:182) Processed features for key VIVOSSPK10-R048
VLOG[2] (compute-mfcc-feats[5.5.987~1-eb8d0]:main():compute-mfcc-feats.cc:182) Processed features for key VIVOSSPK10-R049
VLOG[2] (compute-mfcc-feats[5.5.987~1-eb8d0]:main():compute-mfcc-feats.cc:182) Processed features for key VIVOSSPK10-R050
VLOG[2] (compute-mfcc-feats[5.5.987~1-eb8d0]:main():compute-mfcc-feats.cc:182) Processed features for key VIVOSSPK10-R051
VLOG[2] (compute-mfcc-feats[5.5.987~1-eb8d0]:main():compute-mfcc-feats.cc:182) Processed features for key VIVOSSPK10-R052
VLOG[2] (compute-mfcc-feats[5.5.987~1-eb8d0]:main():compute-mfcc-feats.cc:182) Processed features for key VIVOSSPK10-R053
VLOG[2] (compute-mfcc-feats[5.5.987~1-eb8d0]:main():compute-mfcc-feats.cc:182) Processed features for key VIVOSSPK10-R054
VLOG[2] (compute-mfcc-feats[5.5.987~1-eb8d0]:main():compute-mfcc-feats.cc:182) Processed features for key VIVOSSPK10-R055
VLOG[2] (compute-mfcc-feats[5.5.987~1-eb8d0]:main():compute-mfcc-feats.cc:182) Processed features for key VIVOSSPK10-R056
LOG (compute-mfcc-feats[5.5.987~1-eb8d0]:main():compute-mfcc-feats.cc:181) Processed 120 utterances
VLOG[2] (compute-mfcc-feats[5.5.987~1-eb8d0]:main():compute-mfcc-feats.cc:182) Processed features for key VIVOSSPK10-R057
VLOG[2] (compute-mfcc-feats[5.5.987~1-eb8d0]:main():compute-mfcc-feats.cc:182) Processed features for key VIVOSSPK10-R058
VLOG[2] (compute-mfcc-feats[5.5.987~1-eb8d0]:main():compute-mfcc-feats.cc:182) Processed features for key VIVOSSPK10-R059
VLOG[2] (compute-mfcc-feats[5.5.987~1-eb8d0]:main():compute-mfcc-feats.cc:182) Processed features for key VIVOSSPK10-R060
VLOG[2] (compute-mfcc-feats[5.5.987~1-eb8d0]:main():compute-mfcc-feats.cc:182) Processed features for key VIVOSSPK10-R061
VLOG[2] (compute-mfcc-feats[5.5.987~1-eb8d0]:main():compute-mfcc-feats.cc:182) Processed features for key VIVOSSPK10-R062
VLOG[2] (compute-mfcc-feats[5.5.987~1-eb8d0]:main():compute-mfcc-feats.cc:182) Processed features for key VIVOSSPK10-R063
VLOG[2] (compute-mfcc-feats[5.5.987~1-eb8d0]:main():compute-mfcc-feats.cc:182) Processed features for key VIVOSSPK10-R064
VLOG[2] (compute-mfcc-feats[5.5.987~1-eb8d0]:main():compute-mfcc-feats.cc:182) Processed features for key VIVOSSPK10-R065
VLOG[2] (compute-mfcc-feats[5.5.987~1-eb8d0]:main():compute-mfcc-feats.cc:182) Processed features for key VIVOSSPK10-R066
LOG (compute-mfcc-feats[5.5.987~1-eb8d0]:main():compute-mfcc-feats.cc:181) Processed 130 utterances
VLOG[2] (compute-mfcc-feats[5.5.987~1-eb8d0]:main():compute-mfcc-feats.cc:182) Processed features for key VIVOSSPK10-R067
VLOG[2] (compute-mfcc-feats[5.5.987~1-eb8d0]:main():compute-mfcc-feats.cc:182) Processed features for key VIVOSSPK10-R068
VLOG[2] (compute-mfcc-feats[5.5.987~1-eb8d0]:main():compute-mfcc-feats.cc:182) Processed features for key VIVOSSPK10-R069
VLOG[2] (compute-mfcc-feats[5.5.987~1-eb8d0]:main():compute-mfcc-feats.cc:182) Processed features for key VIVOSSPK10-R070
VLOG[2] (compute-mfcc-feats[5.5.987~1-eb8d0]:main():compute-mfcc-feats.cc:182) Processed features for key VIVOSSPK10-R071
VLOG[2] (compute-mfcc-feats[5.5.987~1-eb8d0]:main():compute-mfcc-feats.cc:182) Processed features for key VIVOSSPK10-R072
VLOG[2] (compute-mfcc-feats[5.5.987~1-eb8d0]:main():compute-mfcc-feats.cc:182) Processed features for key VIVOSSPK10-R073
VLOG[2] (compute-mfcc-feats[5.5.987~1-eb8d0]:main():compute-mfcc-feats.cc:182) Processed features for key VIVOSSPK10-R074
VLOG[2] (compute-mfcc-feats[5.5.987~1-eb8d0]:main():compute-mfcc-feats.cc:182) Processed features for key VIVOSSPK10-R075
VLOG[2] (compute-mfcc-feats[5.5.987~1-eb8d0]:main():compute-mfcc-feats.cc:182) Processed features for key VIVOSSPK10-R076
LOG (compute-mfcc-feats[5.5.987~1-eb8d0]:main():compute-mfcc-feats.cc:181) Processed 140 utterances
VLOG[2] (compute-mfcc-feats[5.5.987~1-eb8d0]:main():compute-mfcc-feats.cc:182) Processed features for key VIVOSSPK10-R077
VLOG[2] (compute-mfcc-feats[5.5.987~1-eb8d0]:main():compute-mfcc-feats.cc:182) Processed features for key VIVOSSPK10-R078
VLOG[2] (compute-mfcc-feats[5.5.987~1-eb8d0]:main():compute-mfcc-feats.cc:182) Processed features for key VIVOSSPK10-R079
VLOG[2] (compute-mfcc-feats[5.5.987~1-eb8d0]:main():compute-mfcc-feats.cc:182) Processed features for key VIVOSSPK10-R080
VLOG[2] (compute-mfcc-feats[5.5.987~1-eb8d0]:main():compute-mfcc-feats.cc:182) Processed features for key VIVOSSPK10-R081
VLOG[2] (compute-mfcc-feats[5.5.987~1-eb8d0]:main():compute-mfcc-feats.cc:182) Processed features for key VIVOSSPK10-R082
VLOG[2] (compute-mfcc-feats[5.5.987~1-eb8d0]:main():compute-mfcc-feats.cc:182) Processed features for key VIVOSSPK10-R083
VLOG[2] (compute-mfcc-feats[5.5.987~1-eb8d0]:main():compute-mfcc-feats.cc:182) Processed features for key VIVOSSPK10-R084
VLOG[2] (compute-mfcc-feats[5.5.987~1-eb8d0]:main():compute-mfcc-feats.cc:182) Processed features for key VIVOSSPK10-R085
VLOG[2] (compute-mfcc-feats[5.5.987~1-eb8d0]:main():compute-mfcc-feats.cc:182) Processed features for key VIVOSSPK10-R086
LOG (compute-mfcc-feats[5.5.987~1-eb8d0]:main():compute-mfcc-feats.cc:181) Processed 150 utterances
VLOG[2] (compute-mfcc-feats[5.5.987~1-eb8d0]:main():compute-mfcc-feats.cc:182) Processed features for key VIVOSSPK10-R087
VLOG[2] (compute-mfcc-feats[5.5.987~1-eb8d0]:main():compute-mfcc-feats.cc:182) Processed features for key VIVOSSPK10-R088
VLOG[2] (compute-mfcc-feats[5.5.987~1-eb8d0]:main():compute-mfcc-feats.cc:182) Processed features for key VIVOSSPK10-R089
VLOG[2] (compute-mfcc-feats[5.5.987~1-eb8d0]:main():compute-mfcc-feats.cc:182) Processed features for key VIVOSSPK10-R090
VLOG[2] (compute-mfcc-feats[5.5.987~1-eb8d0]:main():compute-mfcc-feats.cc:182) Processed features for key VIVOSSPK10-R091
VLOG[2] (compute-mfcc-feats[5.5.987~1-eb8d0]:main():compute-mfcc-feats.cc:182) Processed features for key VIVOSSPK10-R092
VLOG[2] (compute-mfcc-feats[5.5.987~1-eb8d0]:main():compute-mfcc-feats.cc:182) Processed features for key VIVOSSPK10-R093
VLOG[2] (compute-mfcc-feats[5.5.987~1-eb8d0]:main():compute-mfcc-feats.cc:182) Processed features for key VIVOSSPK10-R094
VLOG[2] (compute-mfcc-feats[5.5.987~1-eb8d0]:main():compute-mfcc-feats.cc:182) Processed features for key VIVOSSPK10-R095
VLOG[2] (compute-mfcc-feats[5.5.987~1-eb8d0]:main():compute-mfcc-feats.cc:182) Processed features for key VIVOSSPK10-R096
LOG (compute-mfcc-feats[5.5.987~1-eb8d0]:main():compute-mfcc-feats.cc:181) Processed 160 utterances
VLOG[2] (compute-mfcc-feats[5.5.987~1-eb8d0]:main():compute-mfcc-feats.cc:182) Processed features for key VIVOSSPK10-R097
VLOG[2] (compute-mfcc-feats[5.5.987~1-eb8d0]:main():compute-mfcc-feats.cc:182) Processed features for key VIVOSSPK10-R098
VLOG[2] (compute-mfcc-feats[5.5.987~1-eb8d0]:main():compute-mfcc-feats.cc:182) Processed features for key VIVOSSPK10-R099
VLOG[2] (compute-mfcc-feats[5.5.987~1-eb8d0]:main():compute-mfcc-feats.cc:182) Processed features for key VIVOSSPK10-R100
VLOG[2] (compute-mfcc-feats[5.5.987~1-eb8d0]:main():compute-mfcc-feats.cc:182) Processed features for key VIVOSSPK10-R101
VLOG[2] (compute-mfcc-feats[5.5.987~1-eb8d0]:main():compute-mfcc-feats.cc:182) Processed features for key VIVOSSPK10-R102
VLOG[2] (compute-mfcc-feats[5.5.987~1-eb8d0]:main():compute-mfcc-feats.cc:182) Processed features for key VIVOSSPK10-R103
VLOG[2] (compute-mfcc-feats[5.5.987~1-eb8d0]:main():compute-mfcc-feats.cc:182) Processed features for key VIVOSSPK10-R104
VLOG[2] (compute-mfcc-feats[5.5.987~1-eb8d0]:main():compute-mfcc-feats.cc:182) Processed features for key VIVOSSPK10-R105
VLOG[2] (compute-mfcc-feats[5.5.987~1-eb8d0]:main():compute-mfcc-feats.cc:182) Processed features for key VIVOSSPK10-R106
LOG (compute-mfcc-feats[5.5.987~1-eb8d0]:main():compute-mfcc-feats.cc:181) Processed 170 utterances
VLOG[2] (compute-mfcc-feats[5.5.987~1-eb8d0]:main():compute-mfcc-feats.cc:182) Processed features for key VIVOSSPK10-R107
VLOG[2] (compute-mfcc-feats[5.5.987~1-eb8d0]:main():compute-mfcc-feats.cc:182) Processed features for key VIVOSSPK10-R108
VLOG[2] (compute-mfcc-feats[5.5.987~1-eb8d0]:main():compute-mfcc-feats.cc:182) Processed features for key VIVOSSPK10-R109
VLOG[2] (compute-mfcc-feats[5.5.987~1-eb8d0]:main():compute-mfcc-feats.cc:182) Processed features for key VIVOSSPK10-R110
VLOG[2] (compute-mfcc-feats[5.5.987~1-eb8d0]:main():compute-mfcc-feats.cc:182) Processed features for key VIVOSSPK10-R111
VLOG[2] (compute-mfcc-feats[5.5.987~1-eb8d0]:main():compute-mfcc-feats.cc:182) Processed features for key VIVOSSPK10-R112
VLOG[2] (compute-mfcc-feats[5.5.987~1-eb8d0]:main():compute-mfcc-feats.cc:182) Processed features for key VIVOSSPK10-R113
VLOG[2] (compute-mfcc-feats[5.5.987~1-eb8d0]:main():compute-mfcc-feats.cc:182) Processed features for key VIVOSSPK10-R114
VLOG[2] (compute-mfcc-feats[5.5.987~1-eb8d0]:main():compute-mfcc-feats.cc:182) Processed features for key VIVOSSPK10-R115
VLOG[2] (compute-mfcc-feats[5.5.987~1-eb8d0]:main():compute-mfcc-feats.cc:182) Processed features for key VIVOSSPK10-R116
LOG (compute-mfcc-feats[5.5.987~1-eb8d0]:main():compute-mfcc-feats.cc:181) Processed 180 utterances
VLOG[2] (compute-mfcc-feats[5.5.987~1-eb8d0]:main():compute-mfcc-feats.cc:182) Processed features for key VIVOSSPK10-R117
VLOG[2] (compute-mfcc-feats[5.5.987~1-eb8d0]:main():compute-mfcc-feats.cc:182) Processed features for key VIVOSSPK10-R118
VLOG[2] (compute-mfcc-feats[5.5.987~1-eb8d0]:main():compute-mfcc-feats.cc:182) Processed features for key VIVOSSPK10-R119
VLOG[2] (compute-mfcc-feats[5.5.987~1-eb8d0]:main():compute-mfcc-feats.cc:182) Processed features for key VIVOSSPK10-R120
VLOG[2] (compute-mfcc-feats[5.5.987~1-eb8d0]:main():compute-mfcc-feats.cc:182) Processed features for key VIVOSSPK10-R121
VLOG[2] (compute-mfcc-feats[5.5.987~1-eb8d0]:main():compute-mfcc-feats.cc:182) Processed features for key VIVOSSPK10-R122
VLOG[2] (compute-mfcc-feats[5.5.987~1-eb8d0]:main():compute-mfcc-feats.cc:182) Processed features for key VIVOSSPK10-R123
VLOG[2] (compute-mfcc-feats[5.5.987~1-eb8d0]:main():compute-mfcc-feats.cc:182) Processed features for key VIVOSSPK10-R124
VLOG[2] (compute-mfcc-feats[5.5.987~1-eb8d0]:main():compute-mfcc-feats.cc:182) Processed features for key VIVOSSPK10-R125
VLOG[2] (compute-mfcc-feats[5.5.987~1-eb8d0]:main():compute-mfcc-feats.cc:182) Processed features for key VIVOSSPK10-R126
LOG (compute-mfcc-feats[5.5.987~1-eb8d0]:main():compute-mfcc-feats.cc:181) Processed 190 utterances
VLOG[2] (compute-mfcc-feats[5.5.987~1-eb8d0]:main():compute-mfcc-feats.cc:182) Processed features for key VIVOSSPK10-R127
VLOG[2] (compute-mfcc-feats[5.5.987~1-eb8d0]:main():compute-mfcc-feats.cc:182) Processed features for key VIVOSSPK10-R128
VLOG[2] (compute-mfcc-feats[5.5.987~1-eb8d0]:main():compute-mfcc-feats.cc:182) Processed features for key VIVOSSPK10-R129
VLOG[2] (compute-mfcc-feats[5.5.987~1-eb8d0]:main():compute-mfcc-feats.cc:182) Processed features for key VIVOSSPK10-R130
VLOG[2] (compute-mfcc-feats[5.5.987~1-eb8d0]:main():compute-mfcc-feats.cc:182) Processed features for key VIVOSSPK10-R131
VLOG[2] (compute-mfcc-feats[5.5.987~1-eb8d0]:main():compute-mfcc-feats.cc:182) Processed features for key VIVOSSPK10-R132
VLOG[2] (compute-mfcc-feats[5.5.987~1-eb8d0]:main():compute-mfcc-feats.cc:182) Processed features for key VIVOSSPK10-R133
VLOG[2] (compute-mfcc-feats[5.5.987~1-eb8d0]:main():compute-mfcc-feats.cc:182) Processed features for key VIVOSSPK10-R134
VLOG[2] (compute-mfcc-feats[5.5.987~1-eb8d0]:main():compute-mfcc-feats.cc:182) Processed features for key VIVOSSPK10-R135
VLOG[2] (compute-mfcc-feats[5.5.987~1-eb8d0]:main():compute-mfcc-feats.cc:182) Processed features for key VIVOSSPK10-R136
LOG (compute-mfcc-feats[5.5.987~1-eb8d0]:main():compute-mfcc-feats.cc:181) Processed 200 utterances
VLOG[2] (compute-mfcc-feats[5.5.987~1-eb8d0]:main():compute-mfcc-feats.cc:182) Processed features for key VIVOSSPK10-R137
VLOG[2] (compute-mfcc-feats[5.5.987~1-eb8d0]:main():compute-mfcc-feats.cc:182) Processed features for key VIVOSSPK10-R138
VLOG[2] (compute-mfcc-feats[5.5.987~1-eb8d0]:main():compute-mfcc-feats.cc:182) Processed features for key VIVOSSPK10-R139
VLOG[2] (compute-mfcc-feats[5.5.987~1-eb8d0]:main():compute-mfcc-feats.cc:182) Processed features for key VIVOSSPK10-R140
VLOG[2] (compute-mfcc-feats[5.5.987~1-eb8d0]:main():compute-mfcc-feats.cc:182) Processed features for key VIVOSSPK10-R141
VLOG[2] (compute-mfcc-feats[5.5.987~1-eb8d0]:main():compute-mfcc-feats.cc:182) Processed features for key VIVOSSPK10-R142
VLOG[2] (compute-mfcc-feats[5.5.987~1-eb8d0]:main():compute-mfcc-feats.cc:182) Processed features for key VIVOSSPK10-R143
VLOG[2] (compute-mfcc-feats[5.5.987~1-eb8d0]:main():compute-mfcc-feats.cc:182) Processed features for key VIVOSSPK10-R144
VLOG[2] (compute-mfcc-feats[5.5.987~1-eb8d0]:main():compute-mfcc-feats.cc:182) Processed features for key VIVOSSPK10-R145
VLOG[2] (compute-mfcc-feats[5.5.987~1-eb8d0]:main():compute-mfcc-feats.cc:182) Processed features for key VIVOSSPK10-R146
LOG (compute-mfcc-feats[5.5.987~1-eb8d0]:main():compute-mfcc-feats.cc:181) Processed 210 utterances
VLOG[2] (compute-mfcc-feats[5.5.987~1-eb8d0]:main():compute-mfcc-feats.cc:182) Processed features for key VIVOSSPK10-R147
VLOG[2] (compute-mfcc-feats[5.5.987~1-eb8d0]:main():compute-mfcc-feats.cc:182) Processed features for key VIVOSSPK10-R148
VLOG[2] (compute-mfcc-feats[5.5.987~1-eb8d0]:main():compute-mfcc-feats.cc:182) Processed features for key VIVOSSPK10-R149
VLOG[2] (compute-mfcc-feats[5.5.987~1-eb8d0]:main():compute-mfcc-feats.cc:182) Processed features for key VIVOSSPK10-R150
VLOG[2] (compute-mfcc-feats[5.5.987~1-eb8d0]:main():compute-mfcc-feats.cc:182) Processed features for key VIVOSSPK10-R151
VLOG[2] (compute-mfcc-feats[5.5.987~1-eb8d0]:main():compute-mfcc-feats.cc:182) Processed features for key VIVOSSPK10-R152
VLOG[2] (compute-mfcc-feats[5.5.987~1-eb8d0]:main():compute-mfcc-feats.cc:182) Processed features for key VIVOSSPK10-R153
VLOG[2] (compute-mfcc-feats[5.5.987~1-eb8d0]:main():compute-mfcc-feats.cc:182) Processed features for key VIVOSSPK10-R154
VLOG[2] (compute-mfcc-feats[5.5.987~1-eb8d0]:main():compute-mfcc-feats.cc:182) Processed features for key VIVOSSPK10-R155
VLOG[2] (compute-mfcc-feats[5.5.987~1-eb8d0]:main():compute-mfcc-feats.cc:182) Processed features for key VIVOSSPK10-R156
LOG (compute-mfcc-feats[5.5.987~1-eb8d0]:main():compute-mfcc-feats.cc:181) Processed 220 utterances
VLOG[2] (compute-mfcc-feats[5.5.987~1-eb8d0]:main():compute-mfcc-feats.cc:182) Processed features for key VIVOSSPK10-R157
VLOG[2] (compute-mfcc-feats[5.5.987~1-eb8d0]:main():compute-mfcc-feats.cc:182) Processed features for key VIVOSSPK10-R158
VLOG[2] (compute-mfcc-feats[5.5.987~1-eb8d0]:main():compute-mfcc-feats.cc:182) Processed features for key VIVOSSPK10-R159
VLOG[2] (compute-mfcc-feats[5.5.987~1-eb8d0]:main():compute-mfcc-feats.cc:182) Processed features for key VIVOSSPK10-R160
VLOG[2] (compute-mfcc-feats[5.5.987~1-eb8d0]:main():compute-mfcc-feats.cc:182) Processed features for key VIVOSSPK10-R161
VLOG[2] (compute-mfcc-feats[5.5.987~1-eb8d0]:main():compute-mfcc-feats.cc:182) Processed features for key VIVOSSPK10-R162
VLOG[2] (compute-mfcc-feats[5.5.987~1-eb8d0]:main():compute-mfcc-feats.cc:182) Processed features for key VIVOSSPK10-R163
VLOG[2] (compute-mfcc-feats[5.5.987~1-eb8d0]:main():compute-mfcc-feats.cc:182) Processed features for key VIVOSSPK10-R164
VLOG[2] (compute-mfcc-feats[5.5.987~1-eb8d0]:main():compute-mfcc-feats.cc:182) Processed features for key VIVOSSPK10-R165
VLOG[2] (compute-mfcc-feats[5.5.987~1-eb8d0]:main():compute-mfcc-feats.cc:182) Processed features for key VIVOSSPK10-R166
LOG (compute-mfcc-feats[5.5.987~1-eb8d0]:main():compute-mfcc-feats.cc:181) Processed 230 utterances
VLOG[2] (compute-mfcc-feats[5.5.987~1-eb8d0]:main():compute-mfcc-feats.cc:182) Processed features for key VIVOSSPK10-R167
VLOG[2] (compute-mfcc-feats[5.5.987~1-eb8d0]:main():compute-mfcc-feats.cc:182) Processed features for key VIVOSSPK10-R168
VLOG[2] (compute-mfcc-feats[5.5.987~1-eb8d0]:main():compute-mfcc-feats.cc:182) Processed features for key VIVOSSPK10-R169
VLOG[2] (compute-mfcc-feats[5.5.987~1-eb8d0]:main():compute-mfcc-feats.cc:182) Processed features for key VIVOSSPK10-R170
VLOG[2] (compute-mfcc-feats[5.5.987~1-eb8d0]:main():compute-mfcc-feats.cc:182) Processed features for key VIVOSSPK10-R171
VLOG[2] (compute-mfcc-feats[5.5.987~1-eb8d0]:main():compute-mfcc-feats.cc:182) Processed features for key VIVOSSPK10-R172
VLOG[2] (compute-mfcc-feats[5.5.987~1-eb8d0]:main():compute-mfcc-feats.cc:182) Processed features for key VIVOSSPK10-R173
VLOG[2] (compute-mfcc-feats[5.5.987~1-eb8d0]:main():compute-mfcc-feats.cc:182) Processed features for key VIVOSSPK10-R174
VLOG[2] (compute-mfcc-feats[5.5.987~1-eb8d0]:main():compute-mfcc-feats.cc:182) Processed features for key VIVOSSPK10-R175
VLOG[2] (compute-mfcc-feats[5.5.987~1-eb8d0]:main():compute-mfcc-feats.cc:182) Processed features for key VIVOSSPK10-R176
LOG (compute-mfcc-feats[5.5.987~1-eb8d0]:main():compute-mfcc-feats.cc:181) Processed 240 utterances
VLOG[2] (compute-mfcc-feats[5.5.987~1-eb8d0]:main():compute-mfcc-feats.cc:182) Processed features for key VIVOSSPK10-R177
VLOG[2] (compute-mfcc-feats[5.5.987~1-eb8d0]:main():compute-mfcc-feats.cc:182) Processed features for key VIVOSSPK10-R178
VLOG[2] (compute-mfcc-feats[5.5.987~1-eb8d0]:main():compute-mfcc-feats.cc:182) Processed features for key VIVOSSPK10-R179
VLOG[2] (compute-mfcc-feats[5.5.987~1-eb8d0]:main():compute-mfcc-feats.cc:182) Processed features for key VIVOSSPK10-R180
VLOG[2] (compute-mfcc-feats[5.5.987~1-eb8d0]:main():compute-mfcc-feats.cc:182) Processed features for key VIVOSSPK10-R181
VLOG[2] (compute-mfcc-feats[5.5.987~1-eb8d0]:main():compute-mfcc-feats.cc:182) Processed features for key VIVOSSPK10-R182
VLOG[2] (compute-mfcc-feats[5.5.987~1-eb8d0]:main():compute-mfcc-feats.cc:182) Processed features for key VIVOSSPK10-R183
VLOG[2] (compute-mfcc-feats[5.5.987~1-eb8d0]:main():compute-mfcc-feats.cc:182) Processed features for key VIVOSSPK10-R184
VLOG[2] (compute-mfcc-feats[5.5.987~1-eb8d0]:main():compute-mfcc-feats.cc:182) Processed features for key VIVOSSPK10-R185
VLOG[2] (compute-mfcc-feats[5.5.987~1-eb8d0]:main():compute-mfcc-feats.cc:182) Processed features for key VIVOSSPK10-R186
LOG (compute-mfcc-feats[5.5.987~1-eb8d0]:main():compute-mfcc-feats.cc:181) Processed 250 utterances
VLOG[2] (compute-mfcc-feats[5.5.987~1-eb8d0]:main():compute-mfcc-feats.cc:182) Processed features for key VIVOSSPK10-R187
VLOG[2] (compute-mfcc-feats[5.5.987~1-eb8d0]:main():compute-mfcc-feats.cc:182) Processed features for key VIVOSSPK10-R188
VLOG[2] (compute-mfcc-feats[5.5.987~1-eb8d0]:main():compute-mfcc-feats.cc:182) Processed features for key VIVOSSPK10-R189
VLOG[2] (compute-mfcc-feats[5.5.987~1-eb8d0]:main():compute-mfcc-feats.cc:182) Processed features for key VIVOSSPK10-R190
VLOG[2] (compute-mfcc-feats[5.5.987~1-eb8d0]:main():compute-mfcc-feats.cc:182) Processed features for key VIVOSSPK10-R191
VLOG[2] (compute-mfcc-feats[5.5.987~1-eb8d0]:main():compute-mfcc-feats.cc:182) Processed features for key VIVOSSPK10-R192
VLOG[2] (compute-mfcc-feats[5.5.987~1-eb8d0]:main():compute-mfcc-feats.cc:182) Processed features for key VIVOSSPK10-R193
VLOG[2] (compute-mfcc-feats[5.5.987~1-eb8d0]:main():compute-mfcc-feats.cc:182) Processed features for key VIVOSSPK10-R194
VLOG[2] (compute-mfcc-feats[5.5.987~1-eb8d0]:main():compute-mfcc-feats.cc:182) Processed features for key VIVOSSPK10-R195
VLOG[2] (compute-mfcc-feats[5.5.987~1-eb8d0]:main():compute-mfcc-feats.cc:182) Processed features for key VIVOSSPK10-R196
LOG (compute-mfcc-feats[5.5.987~1-eb8d0]:main():compute-mfcc-feats.cc:181) Processed 260 utterances
VLOG[2] (compute-mfcc-feats[5.5.987~1-eb8d0]:main():compute-mfcc-feats.cc:182) Processed features for key VIVOSSPK10-R197
VLOG[2] (compute-mfcc-feats[5.5.987~1-eb8d0]:main():compute-mfcc-feats.cc:182) Processed features for key VIVOSSPK10-R198
VLOG[2] (compute-mfcc-feats[5.5.987~1-eb8d0]:main():compute-mfcc-feats.cc:182) Processed features for key VIVOSSPK10-R199
VLOG[2] (compute-mfcc-feats[5.5.987~1-eb8d0]:main():compute-mfcc-feats.cc:182) Processed features for key VIVOSSPK10-R200
VLOG[2] (compute-mfcc-feats[5.5.987~1-eb8d0]:main():compute-mfcc-feats.cc:182) Processed features for key VIVOSSPK10-T001
VLOG[2] (compute-mfcc-feats[5.5.987~1-eb8d0]:main():compute-mfcc-feats.cc:182) Processed features for key VIVOSSPK10-T002
VLOG[2] (compute-mfcc-feats[5.5.987~1-eb8d0]:main():compute-mfcc-feats.cc:182) Processed features for key VIVOSSPK10-T003
VLOG[2] (compute-mfcc-feats[5.5.987~1-eb8d0]:main():compute-mfcc-feats.cc:182) Processed features for key VIVOSSPK10-T004
VLOG[2] (compute-mfcc-feats[5.5.987~1-eb8d0]:main():compute-mfcc-feats.cc:182) Processed features for key VIVOSSPK10-T005
VLOG[2] (compute-mfcc-feats[5.5.987~1-eb8d0]:main():compute-mfcc-feats.cc:182) Processed features for key VIVOSSPK10-T006
LOG (compute-mfcc-feats[5.5.987~1-eb8d0]:main():compute-mfcc-feats.cc:181) Processed 270 utterances
VLOG[2] (compute-mfcc-feats[5.5.987~1-eb8d0]:main():compute-mfcc-feats.cc:182) Processed features for key VIVOSSPK10-T007
VLOG[2] (compute-mfcc-feats[5.5.987~1-eb8d0]:main():compute-mfcc-feats.cc:182) Processed features for key VIVOSSPK10-T008
VLOG[2] (compute-mfcc-feats[5.5.987~1-eb8d0]:main():compute-mfcc-feats.cc:182) Processed features for key VIVOSSPK10-T009
VLOG[2] (compute-mfcc-feats[5.5.987~1-eb8d0]:main():compute-mfcc-feats.cc:182) Processed features for key VIVOSSPK10-T010
VLOG[2] (compute-mfcc-feats[5.5.987~1-eb8d0]:main():compute-mfcc-feats.cc:182) Processed features for key VIVOSSPK10-T011
VLOG[2] (compute-mfcc-feats[5.5.987~1-eb8d0]:main():compute-mfcc-feats.cc:182) Processed features for key VIVOSSPK10-T012
VLOG[2] (compute-mfcc-feats[5.5.987~1-eb8d0]:main():compute-mfcc-feats.cc:182) Processed features for key VIVOSSPK10-T013
VLOG[2] (compute-mfcc-feats[5.5.987~1-eb8d0]:main():compute-mfcc-feats.cc:182) Processed features for key VIVOSSPK10-T014
VLOG[2] (compute-mfcc-feats[5.5.987~1-eb8d0]:main():compute-mfcc-feats.cc:182) Processed features for key VIVOSSPK10-T015
VLOG[2] (compute-mfcc-feats[5.5.987~1-eb8d0]:main():compute-mfcc-feats.cc:182) Processed features for key VIVOSSPK10-T016
LOG (compute-mfcc-feats[5.5.987~1-eb8d0]:main():compute-mfcc-feats.cc:181) Processed 280 utterances
VLOG[2] (compute-mfcc-feats[5.5.987~1-eb8d0]:main():compute-mfcc-feats.cc:182) Processed features for key VIVOSSPK10-T017
VLOG[2] (compute-mfcc-feats[5.5.987~1-eb8d0]:main():compute-mfcc-feats.cc:182) Processed features for key VIVOSSPK10-T018
VLOG[2] (compute-mfcc-feats[5.5.987~1-eb8d0]:main():compute-mfcc-feats.cc:182) Processed features for key VIVOSSPK10-T019
VLOG[2] (compute-mfcc-feats[5.5.987~1-eb8d0]:main():compute-mfcc-feats.cc:182) Processed features for key VIVOSSPK10-T020
VLOG[2] (compute-mfcc-feats[5.5.987~1-eb8d0]:main():compute-mfcc-feats.cc:182) Processed features for key VIVOSSPK10-T021
VLOG[2] (compute-mfcc-feats[5.5.987~1-eb8d0]:main():compute-mfcc-feats.cc:182) Processed features for key VIVOSSPK10-T022
VLOG[2] (compute-mfcc-feats[5.5.987~1-eb8d0]:main():compute-mfcc-feats.cc:182) Processed features for key VIVOSSPK10-T023
VLOG[2] (compute-mfcc-feats[5.5.987~1-eb8d0]:main():compute-mfcc-feats.cc:182) Processed features for key VIVOSSPK10-T024
VLOG[2] (compute-mfcc-feats[5.5.987~1-eb8d0]:main():compute-mfcc-feats.cc:182) Processed features for key VIVOSSPK10-T025
VLOG[2] (compute-mfcc-feats[5.5.987~1-eb8d0]:main():compute-mfcc-feats.cc:182) Processed features for key VIVOSSPK10-T026
LOG (compute-mfcc-feats[5.5.987~1-eb8d0]:main():compute-mfcc-feats.cc:181) Processed 290 utterances
VLOG[2] (compute-mfcc-feats[5.5.987~1-eb8d0]:main():compute-mfcc-feats.cc:182) Processed features for key VIVOSSPK10-T027
VLOG[2] (compute-mfcc-feats[5.5.987~1-eb8d0]:main():compute-mfcc-feats.cc:182) Processed features for key VIVOSSPK10-T028
VLOG[2] (compute-mfcc-feats[5.5.987~1-eb8d0]:main():compute-mfcc-feats.cc:182) Processed features for key VIVOSSPK10-T029
VLOG[2] (compute-mfcc-feats[5.5.987~1-eb8d0]:main():compute-mfcc-feats.cc:182) Processed features for key VIVOSSPK10-T030
VLOG[2] (compute-mfcc-feats[5.5.987~1-eb8d0]:main():compute-mfcc-feats.cc:182) Processed features for key VIVOSSPK10-T031
VLOG[2] (compute-mfcc-feats[5.5.987~1-eb8d0]:main():compute-mfcc-feats.cc:182) Processed features for key VIVOSSPK10-T032
VLOG[2] (compute-mfcc-feats[5.5.987~1-eb8d0]:main():compute-mfcc-feats.cc:182) Processed features for key VIVOSSPK10-T033
VLOG[2] (compute-mfcc-feats[5.5.987~1-eb8d0]:main():compute-mfcc-feats.cc:182) Processed features for key VIVOSSPK10-T034
VLOG[2] (compute-mfcc-feats[5.5.987~1-eb8d0]:main():compute-mfcc-feats.cc:182) Processed features for key VIVOSSPK10-T035
VLOG[2] (compute-mfcc-feats[5.5.987~1-eb8d0]:main():compute-mfcc-feats.cc:182) Processed features for key VIVOSSPK10-T036
LOG (compute-mfcc-feats[5.5.987~1-eb8d0]:main():compute-mfcc-feats.cc:181) Processed 300 utterances
VLOG[2] (compute-mfcc-feats[5.5.987~1-eb8d0]:main():compute-mfcc-feats.cc:182) Processed features for key VIVOSSPK10-T037
VLOG[2] (compute-mfcc-feats[5.5.987~1-eb8d0]:main():compute-mfcc-feats.cc:182) Processed features for key VIVOSSPK10-T038
VLOG[2] (compute-mfcc-feats[5.5.987~1-eb8d0]:main():compute-mfcc-feats.cc:182) Processed features for key VIVOSSPK10-T039
VLOG[2] (compute-mfcc-feats[5.5.987~1-eb8d0]:main():compute-mfcc-feats.cc:182) Processed features for key VIVOSSPK10-T040
VLOG[2] (compute-mfcc-feats[5.5.987~1-eb8d0]:main():compute-mfcc-feats.cc:182) Processed features for key VIVOSSPK10-T041
VLOG[2] (compute-mfcc-feats[5.5.987~1-eb8d0]:main():compute-mfcc-feats.cc:182) Processed features for key VIVOSSPK10-T042
VLOG[2] (compute-mfcc-feats[5.5.987~1-eb8d0]:main():compute-mfcc-feats.cc:182) Processed features for key VIVOSSPK10-T043
VLOG[2] (compute-mfcc-feats[5.5.987~1-eb8d0]:main():compute-mfcc-feats.cc:182) Processed features for key VIVOSSPK10-T044
VLOG[2] (compute-mfcc-feats[5.5.987~1-eb8d0]:main():compute-mfcc-feats.cc:182) Processed features for key VIVOSSPK10-T045
VLOG[2] (compute-mfcc-feats[5.5.987~1-eb8d0]:main():compute-mfcc-feats.cc:182) Processed features for key VIVOSSPK10-T046
LOG (compute-mfcc-feats[5.5.987~1-eb8d0]:main():compute-mfcc-feats.cc:181) Processed 310 utterances
VLOG[2] (compute-mfcc-feats[5.5.987~1-eb8d0]:main():compute-mfcc-feats.cc:182) Processed features for key VIVOSSPK10-T047
VLOG[2] (compute-mfcc-feats[5.5.987~1-eb8d0]:main():compute-mfcc-feats.cc:182) Processed features for key VIVOSSPK10-T048
VLOG[2] (compute-mfcc-feats[5.5.987~1-eb8d0]:main():compute-mfcc-feats.cc:182) Processed features for key VIVOSSPK10-T049
VLOG[2] (compute-mfcc-feats[5.5.987~1-eb8d0]:main():compute-mfcc-feats.cc:182) Processed features for key VIVOSSPK10-T050
VLOG[2] (compute-mfcc-feats[5.5.987~1-eb8d0]:main():compute-mfcc-feats.cc:182) Processed features for key VIVOSSPK11-R001
VLOG[2] (compute-mfcc-feats[5.5.987~1-eb8d0]:main():compute-mfcc-feats.cc:182) Processed features for key VIVOSSPK11-R002
VLOG[2] (compute-mfcc-feats[5.5.987~1-eb8d0]:main():compute-mfcc-feats.cc:182) Processed features for key VIVOSSPK11-R003
VLOG[2] (compute-mfcc-feats[5.5.987~1-eb8d0]:main():compute-mfcc-feats.cc:182) Processed features for key VIVOSSPK11-R004
VLOG[2] (compute-mfcc-feats[5.5.987~1-eb8d0]:main():compute-mfcc-feats.cc:182) Processed features for key VIVOSSPK11-R005
VLOG[2] (compute-mfcc-feats[5.5.987~1-eb8d0]:main():compute-mfcc-feats.cc:182) Processed features for key VIVOSSPK11-R006
LOG (compute-mfcc-feats[5.5.987~1-eb8d0]:main():compute-mfcc-feats.cc:181) Processed 320 utterances
VLOG[2] (compute-mfcc-feats[5.5.987~1-eb8d0]:main():compute-mfcc-feats.cc:182) Processed features for key VIVOSSPK11-R007
VLOG[2] (compute-mfcc-feats[5.5.987~1-eb8d0]:main():compute-mfcc-feats.cc:182) Processed features for key VIVOSSPK11-R008
VLOG[2] (compute-mfcc-feats[5.5.987~1-eb8d0]:main():compute-mfcc-feats.cc:182) Processed features for key VIVOSSPK11-R009
VLOG[2] (compute-mfcc-feats[5.5.987~1-eb8d0]:main():compute-mfcc-feats.cc:182) Processed features for key VIVOSSPK11-R010
VLOG[2] (compute-mfcc-feats[5.5.987~1-eb8d0]:main():compute-mfcc-feats.cc:182) Processed features for key VIVOSSPK11-R011
VLOG[2] (compute-mfcc-feats[5.5.987~1-eb8d0]:main():compute-mfcc-feats.cc:182) Processed features for key VIVOSSPK11-R012
VLOG[2] (compute-mfcc-feats[5.5.987~1-eb8d0]:main():compute-mfcc-feats.cc:182) Processed features for key VIVOSSPK11-R013
VLOG[2] (compute-mfcc-feats[5.5.987~1-eb8d0]:main():compute-mfcc-feats.cc:182) Processed features for key VIVOSSPK11-R014
VLOG[2] (compute-mfcc-feats[5.5.987~1-eb8d0]:main():compute-mfcc-feats.cc:182) Processed features for key VIVOSSPK11-R015
VLOG[2] (compute-mfcc-feats[5.5.987~1-eb8d0]:main():compute-mfcc-feats.cc:182) Processed features for key VIVOSSPK11-R016
LOG (compute-mfcc-feats[5.5.987~1-eb8d0]:main():compute-mfcc-feats.cc:181) Processed 330 utterances
VLOG[2] (compute-mfcc-feats[5.5.987~1-eb8d0]:main():compute-mfcc-feats.cc:182) Processed features for key VIVOSSPK11-R017
VLOG[2] (compute-mfcc-feats[5.5.987~1-eb8d0]:main():compute-mfcc-feats.cc:182) Processed features for key VIVOSSPK11-R018
VLOG[2] (compute-mfcc-feats[5.5.987~1-eb8d0]:main():compute-mfcc-feats.cc:182) Processed features for key VIVOSSPK11-R019
VLOG[2] (compute-mfcc-feats[5.5.987~1-eb8d0]:main():compute-mfcc-feats.cc:182) Processed features for key VIVOSSPK11-R020
VLOG[2] (compute-mfcc-feats[5.5.987~1-eb8d0]:main():compute-mfcc-feats.cc:182) Processed features for key VIVOSSPK11-R021
VLOG[2] (compute-mfcc-feats[5.5.987~1-eb8d0]:main():compute-mfcc-feats.cc:182) Processed features for key VIVOSSPK11-R022
VLOG[2] (compute-mfcc-feats[5.5.987~1-eb8d0]:main():compute-mfcc-feats.cc:182) Processed features for key VIVOSSPK11-R023
VLOG[2] (compute-mfcc-feats[5.5.987~1-eb8d0]:main():compute-mfcc-feats.cc:182) Processed features for key VIVOSSPK11-R024
VLOG[2] (compute-mfcc-feats[5.5.987~1-eb8d0]:main():compute-mfcc-feats.cc:182) Processed features for key VIVOSSPK11-R025
VLOG[2] (compute-mfcc-feats[5.5.987~1-eb8d0]:main():compute-mfcc-feats.cc:182) Processed features for key VIVOSSPK11-R026
LOG (compute-mfcc-feats[5.5.987~1-eb8d0]:main():compute-mfcc-feats.cc:181) Processed 340 utterances
VLOG[2] (compute-mfcc-feats[5.5.987~1-eb8d0]:main():compute-mfcc-feats.cc:182) Processed features for key VIVOSSPK11-R027
VLOG[2] (compute-mfcc-feats[5.5.987~1-eb8d0]:main():compute-mfcc-feats.cc:182) Processed features for key VIVOSSPK11-R028
VLOG[2] (compute-mfcc-feats[5.5.987~1-eb8d0]:main():compute-mfcc-feats.cc:182) Processed features for key VIVOSSPK11-R029
VLOG[2] (compute-mfcc-feats[5.5.987~1-eb8d0]:main():compute-mfcc-feats.cc:182) Processed features for key VIVOSSPK11-R030
VLOG[2] (compute-mfcc-feats[5.5.987~1-eb8d0]:main():compute-mfcc-feats.cc:182) Processed features for key VIVOSSPK11-R031
VLOG[2] (compute-mfcc-feats[5.5.987~1-eb8d0]:main():compute-mfcc-feats.cc:182) Processed features for key VIVOSSPK11-R032
VLOG[2] (compute-mfcc-feats[5.5.987~1-eb8d0]:main():compute-mfcc-feats.cc:182) Processed features for key VIVOSSPK11-R033
VLOG[2] (compute-mfcc-feats[5.5.987~1-eb8d0]:main():compute-mfcc-feats.cc:182) Processed features for key VIVOSSPK11-R034
VLOG[2] (compute-mfcc-feats[5.5.987~1-eb8d0]:main():compute-mfcc-feats.cc:182) Processed features for key VIVOSSPK11-R035
VLOG[2] (compute-mfcc-feats[5.5.987~1-eb8d0]:main():compute-mfcc-feats.cc:182) Processed features for key VIVOSSPK11-R036
LOG (compute-mfcc-feats[5.5.987~1-eb8d0]:main():compute-mfcc-feats.cc:181) Processed 350 utterances
VLOG[2] (compute-mfcc-feats[5.5.987~1-eb8d0]:main():compute-mfcc-feats.cc:182) Processed features for key VIVOSSPK11-R037
VLOG[2] (compute-mfcc-feats[5.5.987~1-eb8d0]:main():compute-mfcc-feats.cc:182) Processed features for key VIVOSSPK11-R038
VLOG[2] (compute-mfcc-feats[5.5.987~1-eb8d0]:main():compute-mfcc-feats.cc:182) Processed features for key VIVOSSPK11-R039
VLOG[2] (compute-mfcc-feats[5.5.987~1-eb8d0]:main():compute-mfcc-feats.cc:182) Processed features for key VIVOSSPK11-R040
VLOG[2] (compute-mfcc-feats[5.5.987~1-eb8d0]:main():compute-mfcc-feats.cc:182) Processed features for key VIVOSSPK11-R041
VLOG[2] (compute-mfcc-feats[5.5.987~1-eb8d0]:main():compute-mfcc-feats.cc:182) Processed features for key VIVOSSPK11-R042
VLOG[2] (compute-mfcc-feats[5.5.987~1-eb8d0]:main():compute-mfcc-feats.cc:182) Processed features for key VIVOSSPK11-R043
VLOG[2] (compute-mfcc-feats[5.5.987~1-eb8d0]:main():compute-mfcc-feats.cc:182) Processed features for key VIVOSSPK11-R044
VLOG[2] (compute-mfcc-feats[5.5.987~1-eb8d0]:main():compute-mfcc-feats.cc:182) Processed features for key VIVOSSPK11-R045
VLOG[2] (compute-mfcc-feats[5.5.987~1-eb8d0]:main():compute-mfcc-feats.cc:182) Processed features for key VIVOSSPK11-R046
LOG (compute-mfcc-feats[5.5.987~1-eb8d0]:main():compute-mfcc-feats.cc:181) Processed 360 utterances
VLOG[2] (compute-mfcc-feats[5.5.987~1-eb8d0]:main():compute-mfcc-feats.cc:182) Processed features for key VIVOSSPK11-R047
VLOG[2] (compute-mfcc-feats[5.5.987~1-eb8d0]:main():compute-mfcc-feats.cc:182) Processed features for key VIVOSSPK11-R048
VLOG[2] (compute-mfcc-feats[5.5.987~1-eb8d0]:main():compute-mfcc-feats.cc:182) Processed features for key VIVOSSPK11-R049
VLOG[2] (compute-mfcc-feats[5.5.987~1-eb8d0]:main():compute-mfcc-feats.cc:182) Processed features for key VIVOSSPK11-R050
VLOG[2] (compute-mfcc-feats[5.5.987~1-eb8d0]:main():compute-mfcc-feats.cc:182) Processed features for key VIVOSSPK11-R051
VLOG[2] (compute-mfcc-feats[5.5.987~1-eb8d0]:main():compute-mfcc-feats.cc:182) Processed features for key VIVOSSPK11-R052
VLOG[2] (compute-mfcc-feats[5.5.987~1-eb8d0]:main():compute-mfcc-feats.cc:182) Processed features for key VIVOSSPK11-R053
VLOG[2] (compute-mfcc-feats[5.5.987~1-eb8d0]:main():compute-mfcc-feats.cc:182) Processed features for key VIVOSSPK11-R054
VLOG[2] (compute-mfcc-feats[5.5.987~1-eb8d0]:main():compute-mfcc-feats.cc:182) Processed features for key VIVOSSPK11-R055
VLOG[2] (compute-mfcc-feats[5.5.987~1-eb8d0]:main():compute-mfcc-feats.cc:182) Processed features for key VIVOSSPK11-R056
LOG (compute-mfcc-feats[5.5.987~1-eb8d0]:main():compute-mfcc-feats.cc:181) Processed 370 utterances
VLOG[2] (compute-mfcc-feats[5.5.987~1-eb8d0]:main():compute-mfcc-feats.cc:182) Processed features for key VIVOSSPK11-R057
VLOG[2] (compute-mfcc-feats[5.5.987~1-eb8d0]:main():compute-mfcc-feats.cc:182) Processed features for key VIVOSSPK11-R058
VLOG[2] (compute-mfcc-feats[5.5.987~1-eb8d0]:main():compute-mfcc-feats.cc:182) Processed features for key VIVOSSPK11-R059
VLOG[2] (compute-mfcc-feats[5.5.987~1-eb8d0]:main():compute-mfcc-feats.cc:182) Processed features for key VIVOSSPK11-R060
VLOG[2] (compute-mfcc-feats[5.5.987~1-eb8d0]:main():compute-mfcc-feats.cc:182) Processed features for key VIVOSSPK11-R061
VLOG[2] (compute-mfcc-feats[5.5.987~1-eb8d0]:main():compute-mfcc-feats.cc:182) Processed features for key VIVOSSPK11-R062
VLOG[2] (compute-mfcc-feats[5.5.987~1-eb8d0]:main():compute-mfcc-feats.cc:182) Processed features for key VIVOSSPK11-R063
VLOG[2] (compute-mfcc-feats[5.5.987~1-eb8d0]:main():compute-mfcc-feats.cc:182) Processed features for key VIVOSSPK11-R064
VLOG[2] (compute-mfcc-feats[5.5.987~1-eb8d0]:main():compute-mfcc-feats.cc:182) Processed features for key VIVOSSPK11-R065
VLOG[2] (compute-mfcc-feats[5.5.987~1-eb8d0]:main():compute-mfcc-feats.cc:182) Processed features for key VIVOSSPK11-R066
LOG (compute-mfcc-feats[5.5.987~1-eb8d0]:main():compute-mfcc-feats.cc:181) Processed 380 utterances
VLOG[2] (compute-mfcc-feats[5.5.987~1-eb8d0]:main():compute-mfcc-feats.cc:182) Processed features for key VIVOSSPK11-R067
VLOG[2] (compute-mfcc-feats[5.5.987~1-eb8d0]:main():compute-mfcc-feats.cc:182) Processed features for key VIVOSSPK11-R068
VLOG[2] (compute-mfcc-feats[5.5.987~1-eb8d0]:main():compute-mfcc-feats.cc:182) Processed features for key VIVOSSPK11-R069
VLOG[2] (compute-mfcc-feats[5.5.987~1-eb8d0]:main():compute-mfcc-feats.cc:182) Processed features for key VIVOSSPK11-R070
VLOG[2] (compute-mfcc-feats[5.5.987~1-eb8d0]:main():compute-mfcc-feats.cc:182) Processed features for key VIVOSSPK11-R071
VLOG[2] (compute-mfcc-feats[5.5.987~1-eb8d0]:main():compute-mfcc-feats.cc:182) Processed features for key VIVOSSPK11-R072
VLOG[2] (compute-mfcc-feats[5.5.987~1-eb8d0]:main():compute-mfcc-feats.cc:182) Processed features for key VIVOSSPK11-R073
VLOG[2] (compute-mfcc-feats[5.5.987~1-eb8d0]:main():compute-mfcc-feats.cc:182) Processed features for key VIVOSSPK11-R074
VLOG[2] (compute-mfcc-feats[5.5.987~1-eb8d0]:main():compute-mfcc-feats.cc:182) Processed features for key VIVOSSPK11-R075
VLOG[2] (compute-mfcc-feats[5.5.987~1-eb8d0]:main():compute-mfcc-feats.cc:182) Processed features for key VIVOSSPK11-R076
LOG (compute-mfcc-feats[5.5.987~1-eb8d0]:main():compute-mfcc-feats.cc:181) Processed 390 utterances
VLOG[2] (compute-mfcc-feats[5.5.987~1-eb8d0]:main():compute-mfcc-feats.cc:182) Processed features for key VIVOSSPK11-R077
VLOG[2] (compute-mfcc-feats[5.5.987~1-eb8d0]:main():compute-mfcc-feats.cc:182) Processed features for key VIVOSSPK11-R078
VLOG[2] (compute-mfcc-feats[5.5.987~1-eb8d0]:main():compute-mfcc-feats.cc:182) Processed features for key VIVOSSPK11-R079
VLOG[2] (compute-mfcc-feats[5.5.987~1-eb8d0]:main():compute-mfcc-feats.cc:182) Processed features for key VIVOSSPK11-R080
VLOG[2] (compute-mfcc-feats[5.5.987~1-eb8d0]:main():compute-mfcc-feats.cc:182) Processed features for key VIVOSSPK11-R081
VLOG[2] (compute-mfcc-feats[5.5.987~1-eb8d0]:main():compute-mfcc-feats.cc:182) Processed features for key VIVOSSPK11-R082
VLOG[2] (compute-mfcc-feats[5.5.987~1-eb8d0]:main():compute-mfcc-feats.cc:182) Processed features for key VIVOSSPK11-R083
VLOG[2] (compute-mfcc-feats[5.5.987~1-eb8d0]:main():compute-mfcc-feats.cc:182) Processed features for key VIVOSSPK11-R084
VLOG[2] (compute-mfcc-feats[5.5.987~1-eb8d0]:main():compute-mfcc-feats.cc:182) Processed features for key VIVOSSPK11-R085
VLOG[2] (compute-mfcc-feats[5.5.987~1-eb8d0]:main():compute-mfcc-feats.cc:182) Processed features for key VIVOSSPK11-R086
LOG (compute-mfcc-feats[5.5.987~1-eb8d0]:main():compute-mfcc-feats.cc:181) Processed 400 utterances
VLOG[2] (compute-mfcc-feats[5.5.987~1-eb8d0]:main():compute-mfcc-feats.cc:182) Processed features for key VIVOSSPK11-R087
VLOG[2] (compute-mfcc-feats[5.5.987~1-eb8d0]:main():compute-mfcc-feats.cc:182) Processed features for key VIVOSSPK11-R088
VLOG[2] (compute-mfcc-feats[5.5.987~1-eb8d0]:main():compute-mfcc-feats.cc:182) Processed features for key VIVOSSPK11-R089
VLOG[2] (compute-mfcc-feats[5.5.987~1-eb8d0]:main():compute-mfcc-feats.cc:182) Processed features for key VIVOSSPK11-R090
VLOG[2] (compute-mfcc-feats[5.5.987~1-eb8d0]:main():compute-mfcc-feats.cc:182) Processed features for key VIVOSSPK11-R091
VLOG[2] (compute-mfcc-feats[5.5.987~1-eb8d0]:main():compute-mfcc-feats.cc:182) Processed features for key VIVOSSPK11-R092
VLOG[2] (compute-mfcc-feats[5.5.987~1-eb8d0]:main():compute-mfcc-feats.cc:182) Processed features for key VIVOSSPK11-R093
VLOG[2] (compute-mfcc-feats[5.5.987~1-eb8d0]:main():compute-mfcc-feats.cc:182) Processed features for key VIVOSSPK11-R094
VLOG[2] (compute-mfcc-feats[5.5.987~1-eb8d0]:main():compute-mfcc-feats.cc:182) Processed features for key VIVOSSPK11-R095
VLOG[2] (compute-mfcc-feats[5.5.987~1-eb8d0]:main():compute-mfcc-feats.cc:182) Processed features for key VIVOSSPK11-R096
LOG (compute-mfcc-feats[5.5.987~1-eb8d0]:main():compute-mfcc-feats.cc:181) Processed 410 utterances
VLOG[2] (compute-mfcc-feats[5.5.987~1-eb8d0]:main():compute-mfcc-feats.cc:182) Processed features for key VIVOSSPK11-R097
VLOG[2] (compute-mfcc-feats[5.5.987~1-eb8d0]:main():compute-mfcc-feats.cc:182) Processed features for key VIVOSSPK11-R098
VLOG[2] (compute-mfcc-feats[5.5.987~1-eb8d0]:main():compute-mfcc-feats.cc:182) Processed features for key VIVOSSPK11-R099
VLOG[2] (compute-mfcc-feats[5.5.987~1-eb8d0]:main():compute-mfcc-feats.cc:182) Processed features for key VIVOSSPK11-R100
VLOG[2] (compute-mfcc-feats[5.5.987~1-eb8d0]:main():compute-mfcc-feats.cc:182) Processed features for key VIVOSSPK11-R101
VLOG[2] (compute-mfcc-feats[5.5.987~1-eb8d0]:main():compute-mfcc-feats.cc:182) Processed features for key VIVOSSPK11-R102
VLOG[2] (compute-mfcc-feats[5.5.987~1-eb8d0]:main():compute-mfcc-feats.cc:182) Processed features for key VIVOSSPK11-R103
VLOG[2] (compute-mfcc-feats[5.5.987~1-eb8d0]:main():compute-mfcc-feats.cc:182) Processed features for key VIVOSSPK11-R104
VLOG[2] (compute-mfcc-feats[5.5.987~1-eb8d0]:main():compute-mfcc-feats.cc:182) Processed features for key VIVOSSPK11-R105
VLOG[2] (compute-mfcc-feats[5.5.987~1-eb8d0]:main():compute-mfcc-feats.cc:182) Processed features for key VIVOSSPK11-R106
LOG (compute-mfcc-feats[5.5.987~1-eb8d0]:main():compute-mfcc-feats.cc:181) Processed 420 utterances
VLOG[2] (compute-mfcc-feats[5.5.987~1-eb8d0]:main():compute-mfcc-feats.cc:182) Processed features for key VIVOSSPK11-R107
VLOG[2] (compute-mfcc-feats[5.5.987~1-eb8d0]:main():compute-mfcc-feats.cc:182) Processed features for key VIVOSSPK11-R108
VLOG[2] (compute-mfcc-feats[5.5.987~1-eb8d0]:main():compute-mfcc-feats.cc:182) Processed features for key VIVOSSPK11-R109
VLOG[2] (compute-mfcc-feats[5.5.987~1-eb8d0]:main():compute-mfcc-feats.cc:182) Processed features for key VIVOSSPK11-R110
VLOG[2] (compute-mfcc-feats[5.5.987~1-eb8d0]:main():compute-mfcc-feats.cc:182) Processed features for key VIVOSSPK11-R111
VLOG[2] (compute-mfcc-feats[5.5.987~1-eb8d0]:main():compute-mfcc-feats.cc:182) Processed features for key VIVOSSPK11-R112
VLOG[2] (compute-mfcc-feats[5.5.987~1-eb8d0]:main():compute-mfcc-feats.cc:182) Processed features for key VIVOSSPK11-R113
VLOG[2] (compute-mfcc-feats[5.5.987~1-eb8d0]:main():compute-mfcc-feats.cc:182) Processed features for key VIVOSSPK11-R114
VLOG[2] (compute-mfcc-feats[5.5.987~1-eb8d0]:main():compute-mfcc-feats.cc:182) Processed features for key VIVOSSPK11-R115
VLOG[2] (compute-mfcc-feats[5.5.987~1-eb8d0]:main():compute-mfcc-feats.cc:182) Processed features for key VIVOSSPK11-R116
LOG (compute-mfcc-feats[5.5.987~1-eb8d0]:main():compute-mfcc-feats.cc:181) Processed 430 utterances
VLOG[2] (compute-mfcc-feats[5.5.987~1-eb8d0]:main():compute-mfcc-feats.cc:182) Processed features for key VIVOSSPK11-R117
VLOG[2] (compute-mfcc-feats[5.5.987~1-eb8d0]:main():compute-mfcc-feats.cc:182) Processed features for key VIVOSSPK11-R118
VLOG[2] (compute-mfcc-feats[5.5.987~1-eb8d0]:main():compute-mfcc-feats.cc:182) Processed features for key VIVOSSPK11-R119
VLOG[2] (compute-mfcc-feats[5.5.987~1-eb8d0]:main():compute-mfcc-feats.cc:182) Processed features for key VIVOSSPK11-R120
VLOG[2] (compute-mfcc-feats[5.5.987~1-eb8d0]:main():compute-mfcc-feats.cc:182) Processed features for key VIVOSSPK11-R121
VLOG[2] (compute-mfcc-feats[5.5.987~1-eb8d0]:main():compute-mfcc-feats.cc:182) Processed features for key VIVOSSPK11-R122
VLOG[2] (compute-mfcc-feats[5.5.987~1-eb8d0]:main():compute-mfcc-feats.cc:182) Processed features for key VIVOSSPK11-R123
VLOG[2] (compute-mfcc-feats[5.5.987~1-eb8d0]:main():compute-mfcc-feats.cc:182) Processed features for key VIVOSSPK11-R124
VLOG[2] (compute-mfcc-feats[5.5.987~1-eb8d0]:main():compute-mfcc-feats.cc:182) Processed features for key VIVOSSPK11-R125
VLOG[2] (compute-mfcc-feats[5.5.987~1-eb8d0]:main():compute-mfcc-feats.cc:182) Processed features for key VIVOSSPK11-R126
LOG (compute-mfcc-feats[5.5.987~1-eb8d0]:main():compute-mfcc-feats.cc:181) Processed 440 utterances
VLOG[2] (compute-mfcc-feats[5.5.987~1-eb8d0]:main():compute-mfcc-feats.cc:182) Processed features for key VIVOSSPK11-R127
VLOG[2] (compute-mfcc-feats[5.5.987~1-eb8d0]:main():compute-mfcc-feats.cc:182) Processed features for key VIVOSSPK11-R128
VLOG[2] (compute-mfcc-feats[5.5.987~1-eb8d0]:main():compute-mfcc-feats.cc:182) Processed features for key VIVOSSPK11-R129
VLOG[2] (compute-mfcc-feats[5.5.987~1-eb8d0]:main():compute-mfcc-feats.cc:182) Processed features for key VIVOSSPK11-R130
VLOG[2] (compute-mfcc-feats[5.5.987~1-eb8d0]:main():compute-mfcc-feats.cc:182) Processed features for key VIVOSSPK11-R131
VLOG[2] (compute-mfcc-feats[5.5.987~1-eb8d0]:main():compute-mfcc-feats.cc:182) Processed features for key VIVOSSPK11-R132
VLOG[2] (compute-mfcc-feats[5.5.987~1-eb8d0]:main():compute-mfcc-feats.cc:182) Processed features for key VIVOSSPK11-R133
VLOG[2] (compute-mfcc-feats[5.5.987~1-eb8d0]:main():compute-mfcc-feats.cc:182) Processed features for key VIVOSSPK11-R134
VLOG[2] (compute-mfcc-feats[5.5.987~1-eb8d0]:main():compute-mfcc-feats.cc:182) Processed features for key VIVOSSPK11-R135
VLOG[2] (compute-mfcc-feats[5.5.987~1-eb8d0]:main():compute-mfcc-feats.cc:182) Processed features for key VIVOSSPK11-R136
LOG (compute-mfcc-feats[5.5.987~1-eb8d0]:main():compute-mfcc-feats.cc:181) Processed 450 utterances
VLOG[2] (compute-mfcc-feats[5.5.987~1-eb8d0]:main():compute-mfcc-feats.cc:182) Processed features for key VIVOSSPK11-R137
VLOG[2] (compute-mfcc-feats[5.5.987~1-eb8d0]:main():compute-mfcc-feats.cc:182) Processed features for key VIVOSSPK11-R138
VLOG[2] (compute-mfcc-feats[5.5.987~1-eb8d0]:main():compute-mfcc-feats.cc:182) Processed features for key VIVOSSPK11-R139
VLOG[2] (compute-mfcc-feats[5.5.987~1-eb8d0]:main():compute-mfcc-feats.cc:182) Processed features for key VIVOSSPK11-R140
VLOG[2] (compute-mfcc-feats[5.5.987~1-eb8d0]:main():compute-mfcc-feats.cc:182) Processed features for key VIVOSSPK11-R141
VLOG[2] (compute-mfcc-feats[5.5.987~1-eb8d0]:main():compute-mfcc-feats.cc:182) Processed features for key VIVOSSPK11-R142
VLOG[2] (compute-mfcc-feats[5.5.987~1-eb8d0]:main():compute-mfcc-feats.cc:182) Processed features for key VIVOSSPK11-R143
VLOG[2] (compute-mfcc-feats[5.5.987~1-eb8d0]:main():compute-mfcc-feats.cc:182) Processed features for key VIVOSSPK11-R144
VLOG[2] (compute-mfcc-feats[5.5.987~1-eb8d0]:main():compute-mfcc-feats.cc:182) Processed features for key VIVOSSPK11-R145
VLOG[2] (compute-mfcc-feats[5.5.987~1-eb8d0]:main():compute-mfcc-feats.cc:182) Processed features for key VIVOSSPK11-R146
LOG (compute-mfcc-feats[5.5.987~1-eb8d0]:main():compute-mfcc-feats.cc:181) Processed 460 utterances
VLOG[2] (compute-mfcc-feats[5.5.987~1-eb8d0]:main():compute-mfcc-feats.cc:182) Processed features for key VIVOSSPK11-R147
VLOG[2] (compute-mfcc-feats[5.5.987~1-eb8d0]:main():compute-mfcc-feats.cc:182) Processed features for key VIVOSSPK11-R148
VLOG[2] (compute-mfcc-feats[5.5.987~1-eb8d0]:main():compute-mfcc-feats.cc:182) Processed features for key VIVOSSPK11-R149
VLOG[2] (compute-mfcc-feats[5.5.987~1-eb8d0]:main():compute-mfcc-feats.cc:182) Processed features for key VIVOSSPK11-R150
VLOG[2] (compute-mfcc-feats[5.5.987~1-eb8d0]:main():compute-mfcc-feats.cc:182) Processed features for key VIVOSSPK11-R151
VLOG[2] (compute-mfcc-feats[5.5.987~1-eb8d0]:main():compute-mfcc-feats.cc:182) Processed features for key VIVOSSPK11-R152
VLOG[2] (compute-mfcc-feats[5.5.987~1-eb8d0]:main():compute-mfcc-feats.cc:182) Processed features for key VIVOSSPK11-R153
VLOG[2] (compute-mfcc-feats[5.5.987~1-eb8d0]:main():compute-mfcc-feats.cc:182) Processed features for key VIVOSSPK11-R154
VLOG[2] (compute-mfcc-feats[5.5.987~1-eb8d0]:main():compute-mfcc-feats.cc:182) Processed features for key VIVOSSPK11-R155
VLOG[2] (compute-mfcc-feats[5.5.987~1-eb8d0]:main():compute-mfcc-feats.cc:182) Processed features for key VIVOSSPK11-R156
LOG (compute-mfcc-feats[5.5.987~1-eb8d0]:main():compute-mfcc-feats.cc:181) Processed 470 utterances
VLOG[2] (compute-mfcc-feats[5.5.987~1-eb8d0]:main():compute-mfcc-feats.cc:182) Processed features for key VIVOSSPK11-R157
VLOG[2] (compute-mfcc-feats[5.5.987~1-eb8d0]:main():compute-mfcc-feats.cc:182) Processed features for key VIVOSSPK11-R158
VLOG[2] (compute-mfcc-feats[5.5.987~1-eb8d0]:main():compute-mfcc-feats.cc:182) Processed features for key VIVOSSPK11-R159
VLOG[2] (compute-mfcc-feats[5.5.987~1-eb8d0]:main():compute-mfcc-feats.cc:182) Processed features for key VIVOSSPK11-R160
VLOG[2] (compute-mfcc-feats[5.5.987~1-eb8d0]:main():compute-mfcc-feats.cc:182) Processed features for key VIVOSSPK11-R161
VLOG[2] (compute-mfcc-feats[5.5.987~1-eb8d0]:main():compute-mfcc-feats.cc:182) Processed features for key VIVOSSPK11-R162
VLOG[2] (compute-mfcc-feats[5.5.987~1-eb8d0]:main():compute-mfcc-feats.cc:182) Processed features for key VIVOSSPK11-R163
VLOG[2] (compute-mfcc-feats[5.5.987~1-eb8d0]:main():compute-mfcc-feats.cc:182) Processed features for key VIVOSSPK11-R164
VLOG[2] (compute-mfcc-feats[5.5.987~1-eb8d0]:main():compute-mfcc-feats.cc:182) Processed features for key VIVOSSPK11-R165
VLOG[2] (compute-mfcc-feats[5.5.987~1-eb8d0]:main():compute-mfcc-feats.cc:182) Processed features for key VIVOSSPK11-R166
LOG (compute-mfcc-feats[5.5.987~1-eb8d0]:main():compute-mfcc-feats.cc:181) Processed 480 utterances
VLOG[2] (compute-mfcc-feats[5.5.987~1-eb8d0]:main():compute-mfcc-feats.cc:182) Processed features for key VIVOSSPK11-R167
VLOG[2] (compute-mfcc-feats[5.5.987~1-eb8d0]:main():compute-mfcc-feats.cc:182) Processed features for key VIVOSSPK11-R168
VLOG[2] (compute-mfcc-feats[5.5.987~1-eb8d0]:main():compute-mfcc-feats.cc:182) Processed features for key VIVOSSPK11-R169
VLOG[2] (compute-mfcc-feats[5.5.987~1-eb8d0]:main():compute-mfcc-feats.cc:182) Processed features for key VIVOSSPK11-R170
VLOG[2] (compute-mfcc-feats[5.5.987~1-eb8d0]:main():compute-mfcc-feats.cc:182) Processed features for key VIVOSSPK11-R171
VLOG[2] (compute-mfcc-feats[5.5.987~1-eb8d0]:main():compute-mfcc-feats.cc:182) Processed features for key VIVOSSPK11-R172
VLOG[2] (compute-mfcc-feats[5.5.987~1-eb8d0]:main():compute-mfcc-feats.cc:182) Processed features for key VIVOSSPK11-R173
VLOG[2] (compute-mfcc-feats[5.5.987~1-eb8d0]:main():compute-mfcc-feats.cc:182) Processed features for key VIVOSSPK11-R174
VLOG[2] (compute-mfcc-feats[5.5.987~1-eb8d0]:main():compute-mfcc-feats.cc:182) Processed features for key VIVOSSPK11-R175
VLOG[2] (compute-mfcc-feats[5.5.987~1-eb8d0]:main():compute-mfcc-feats.cc:182) Processed features for key VIVOSSPK11-R176
LOG (compute-mfcc-feats[5.5.987~1-eb8d0]:main():compute-mfcc-feats.cc:181) Processed 490 utterances
VLOG[2] (compute-mfcc-feats[5.5.987~1-eb8d0]:main():compute-mfcc-feats.cc:182) Processed features for key VIVOSSPK11-R177
VLOG[2] (compute-mfcc-feats[5.5.987~1-eb8d0]:main():compute-mfcc-feats.cc:182) Processed features for key VIVOSSPK11-R178
VLOG[2] (compute-mfcc-feats[5.5.987~1-eb8d0]:main():compute-mfcc-feats.cc:182) Processed features for key VIVOSSPK11-R179
VLOG[2] (compute-mfcc-feats[5.5.987~1-eb8d0]:main():compute-mfcc-feats.cc:182) Processed features for key VIVOSSPK11-R180
VLOG[2] (compute-mfcc-feats[5.5.987~1-eb8d0]:main():compute-mfcc-feats.cc:182) Processed features for key VIVOSSPK11-R181
VLOG[2] (compute-mfcc-feats[5.5.987~1-eb8d0]:main():compute-mfcc-feats.cc:182) Processed features for key VIVOSSPK11-R182
VLOG[2] (compute-mfcc-feats[5.5.987~1-eb8d0]:main():compute-mfcc-feats.cc:182) Processed features for key VIVOSSPK11-R183
VLOG[2] (compute-mfcc-feats[5.5.987~1-eb8d0]:main():compute-mfcc-feats.cc:182) Processed features for key VIVOSSPK11-R184
VLOG[2] (compute-mfcc-feats[5.5.987~1-eb8d0]:main():compute-mfcc-feats.cc:182) Processed features for key VIVOSSPK11-R185
VLOG[2] (compute-mfcc-feats[5.5.987~1-eb8d0]:main():compute-mfcc-feats.cc:182) Processed features for key VIVOSSPK11-R186
LOG (compute-mfcc-feats[5.5.987~1-eb8d0]:main():compute-mfcc-feats.cc:181) Processed 500 utterances
VLOG[2] (compute-mfcc-feats[5.5.987~1-eb8d0]:main():compute-mfcc-feats.cc:182) Processed features for key VIVOSSPK11-R187
VLOG[2] (compute-mfcc-feats[5.5.987~1-eb8d0]:main():compute-mfcc-feats.cc:182) Processed features for key VIVOSSPK11-R188
VLOG[2] (compute-mfcc-feats[5.5.987~1-eb8d0]:main():compute-mfcc-feats.cc:182) Processed features for key VIVOSSPK11-R189
VLOG[2] (compute-mfcc-feats[5.5.987~1-eb8d0]:main():compute-mfcc-feats.cc:182) Processed features for key VIVOSSPK11-R190
VLOG[2] (compute-mfcc-feats[5.5.987~1-eb8d0]:main():compute-mfcc-feats.cc:182) Processed features for key VIVOSSPK11-R191
VLOG[2] (compute-mfcc-feats[5.5.987~1-eb8d0]:main():compute-mfcc-feats.cc:182) Processed features for key VIVOSSPK11-R192
VLOG[2] (compute-mfcc-feats[5.5.987~1-eb8d0]:main():compute-mfcc-feats.cc:182) Processed features for key VIVOSSPK11-R193
VLOG[2] (compute-mfcc-feats[5.5.987~1-eb8d0]:main():compute-mfcc-feats.cc:182) Processed features for key VIVOSSPK11-R194
VLOG[2] (compute-mfcc-feats[5.5.987~1-eb8d0]:main():compute-mfcc-feats.cc:182) Processed features for key VIVOSSPK11-R195
VLOG[2] (compute-mfcc-feats[5.5.987~1-eb8d0]:main():compute-mfcc-feats.cc:182) Processed features for key VIVOSSPK11-R196
LOG (compute-mfcc-feats[5.5.987~1-eb8d0]:main():compute-mfcc-feats.cc:181) Processed 510 utterances
VLOG[2] (compute-mfcc-feats[5.5.987~1-eb8d0]:main():compute-mfcc-feats.cc:182) Processed features for key VIVOSSPK11-R197
VLOG[2] (compute-mfcc-feats[5.5.987~1-eb8d0]:main():compute-mfcc-feats.cc:182) Processed features for key VIVOSSPK11-R198
VLOG[2] (compute-mfcc-feats[5.5.987~1-eb8d0]:main():compute-mfcc-feats.cc:182) Processed features for key VIVOSSPK11-R199
VLOG[2] (compute-mfcc-feats[5.5.987~1-eb8d0]:main():compute-mfcc-feats.cc:182) Processed features for key VIVOSSPK11-R200
VLOG[2] (compute-mfcc-feats[5.5.987~1-eb8d0]:main():compute-mfcc-feats.cc:182) Processed features for key VIVOSSPK11-T001
VLOG[2] (compute-mfcc-feats[5.5.987~1-eb8d0]:main():compute-mfcc-feats.cc:182) Processed features for key VIVOSSPK11-T002
VLOG[2] (compute-mfcc-feats[5.5.987~1-eb8d0]:main():compute-mfcc-feats.cc:182) Processed features for key VIVOSSPK11-T003
VLOG[2] (compute-mfcc-feats[5.5.987~1-eb8d0]:main():compute-mfcc-feats.cc:182) Processed features for key VIVOSSPK11-T004
VLOG[2] (compute-mfcc-feats[5.5.987~1-eb8d0]:main():compute-mfcc-feats.cc:182) Processed features for key VIVOSSPK11-T005
VLOG[2] (compute-mfcc-feats[5.5.987~1-eb8d0]:main():compute-mfcc-feats.cc:182) Processed features for key VIVOSSPK11-T006
LOG (compute-mfcc-feats[5.5.987~1-eb8d0]:main():compute-mfcc-feats.cc:181) Processed 520 utterances
VLOG[2] (compute-mfcc-feats[5.5.987~1-eb8d0]:main():compute-mfcc-feats.cc:182) Processed features for key VIVOSSPK11-T007
VLOG[2] (compute-mfcc-feats[5.5.987~1-eb8d0]:main():compute-mfcc-feats.cc:182) Processed features for key VIVOSSPK11-T008
VLOG[2] (compute-mfcc-feats[5.5.987~1-eb8d0]:main():compute-mfcc-feats.cc:182) Processed features for key VIVOSSPK11-T009
VLOG[2] (compute-mfcc-feats[5.5.987~1-eb8d0]:main():compute-mfcc-feats.cc:182) Processed features for key VIVOSSPK11-T010
VLOG[2] (compute-mfcc-feats[5.5.987~1-eb8d0]:main():compute-mfcc-feats.cc:182) Processed features for key VIVOSSPK11-T011
VLOG[2] (compute-mfcc-feats[5.5.987~1-eb8d0]:main():compute-mfcc-feats.cc:182) Processed features for key VIVOSSPK11-T012
VLOG[2] (compute-mfcc-feats[5.5.987~1-eb8d0]:main():compute-mfcc-feats.cc:182) Processed features for key VIVOSSPK11-T013
VLOG[2] (compute-mfcc-feats[5.5.987~1-eb8d0]:main():compute-mfcc-feats.cc:182) Processed features for key VIVOSSPK11-T014
VLOG[2] (compute-mfcc-feats[5.5.987~1-eb8d0]:main():compute-mfcc-feats.cc:182) Processed features for key VIVOSSPK11-T015
VLOG[2] (compute-mfcc-feats[5.5.987~1-eb8d0]:main():compute-mfcc-feats.cc:182) Processed features for key VIVOSSPK11-T016
LOG (compute-mfcc-feats[5.5.987~1-eb8d0]:main():compute-mfcc-feats.cc:181) Processed 530 utterances
VLOG[2] (compute-mfcc-feats[5.5.987~1-eb8d0]:main():compute-mfcc-feats.cc:182) Processed features for key VIVOSSPK11-T017
VLOG[2] (compute-mfcc-feats[5.5.987~1-eb8d0]:main():compute-mfcc-feats.cc:182) Processed features for key VIVOSSPK11-T018
VLOG[2] (compute-mfcc-feats[5.5.987~1-eb8d0]:main():compute-mfcc-feats.cc:182) Processed features for key VIVOSSPK11-T019
VLOG[2] (compute-mfcc-feats[5.5.987~1-eb8d0]:main():compute-mfcc-feats.cc:182) Processed features for key VIVOSSPK11-T020
VLOG[2] (compute-mfcc-feats[5.5.987~1-eb8d0]:main():compute-mfcc-feats.cc:182) Processed features for key VIVOSSPK11-T021
VLOG[2] (compute-mfcc-feats[5.5.987~1-eb8d0]:main():compute-mfcc-feats.cc:182) Processed features for key VIVOSSPK11-T022
VLOG[2] (compute-mfcc-feats[5.5.987~1-eb8d0]:main():compute-mfcc-feats.cc:182) Processed features for key VIVOSSPK11-T023
VLOG[2] (compute-mfcc-feats[5.5.987~1-eb8d0]:main():compute-mfcc-feats.cc:182) Processed features for key VIVOSSPK11-T024
VLOG[2] (compute-mfcc-feats[5.5.987~1-eb8d0]:main():compute-mfcc-feats.cc:182) Processed features for key VIVOSSPK11-T025
VLOG[2] (compute-mfcc-feats[5.5.987~1-eb8d0]:main():compute-mfcc-feats.cc:182) Processed features for key VIVOSSPK11-T026
LOG (compute-mfcc-feats[5.5.987~1-eb8d0]:main():compute-mfcc-feats.cc:181) Processed 540 utterances
VLOG[2] (compute-mfcc-feats[5.5.987~1-eb8d0]:main():compute-mfcc-feats.cc:182) Processed features for key VIVOSSPK11-T027
VLOG[2] (compute-mfcc-feats[5.5.987~1-eb8d0]:main():compute-mfcc-feats.cc:182) Processed features for key VIVOSSPK11-T028
VLOG[2] (compute-mfcc-feats[5.5.987~1-eb8d0]:main():compute-mfcc-feats.cc:182) Processed features for key VIVOSSPK11-T029
VLOG[2] (compute-mfcc-feats[5.5.987~1-eb8d0]:main():compute-mfcc-feats.cc:182) Processed features for key VIVOSSPK11-T030
VLOG[2] (compute-mfcc-feats[5.5.987~1-eb8d0]:main():compute-mfcc-feats.cc:182) Processed features for key VIVOSSPK11-T031
VLOG[2] (compute-mfcc-feats[5.5.987~1-eb8d0]:main():compute-mfcc-feats.cc:182) Processed features for key VIVOSSPK11-T032
VLOG[2] (compute-mfcc-feats[5.5.987~1-eb8d0]:main():compute-mfcc-feats.cc:182) Processed features for key VIVOSSPK11-T033
VLOG[2] (compute-mfcc-feats[5.5.987~1-eb8d0]:main():compute-mfcc-feats.cc:182) Processed features for key VIVOSSPK11-T034
VLOG[2] (compute-mfcc-feats[5.5.987~1-eb8d0]:main():compute-mfcc-feats.cc:182) Processed features for key VIVOSSPK11-T035
VLOG[2] (compute-mfcc-feats[5.5.987~1-eb8d0]:main():compute-mfcc-feats.cc:182) Processed features for key VIVOSSPK11-T036
LOG (compute-mfcc-feats[5.5.987~1-eb8d0]:main():compute-mfcc-feats.cc:181) Processed 550 utterances
VLOG[2] (compute-mfcc-feats[5.5.987~1-eb8d0]:main():compute-mfcc-feats.cc:182) Processed features for key VIVOSSPK11-T037
VLOG[2] (compute-mfcc-feats[5.5.987~1-eb8d0]:main():compute-mfcc-feats.cc:182) Processed features for key VIVOSSPK11-T038
VLOG[2] (compute-mfcc-feats[5.5.987~1-eb8d0]:main():compute-mfcc-feats.cc:182) Processed features for key VIVOSSPK11-T039
VLOG[2] (compute-mfcc-feats[5.5.987~1-eb8d0]:main():compute-mfcc-feats.cc:182) Processed features for key VIVOSSPK11-T040
VLOG[2] (compute-mfcc-feats[5.5.987~1-eb8d0]:main():compute-mfcc-feats.cc:182) Processed features for key VIVOSSPK11-T041
VLOG[2] (compute-mfcc-feats[5.5.987~1-eb8d0]:main():compute-mfcc-feats.cc:182) Processed features for key VIVOSSPK11-T042
VLOG[2] (compute-mfcc-feats[5.5.987~1-eb8d0]:main():compute-mfcc-feats.cc:182) Processed features for key VIVOSSPK11-T043
VLOG[2] (compute-mfcc-feats[5.5.987~1-eb8d0]:main():compute-mfcc-feats.cc:182) Processed features for key VIVOSSPK11-T044
VLOG[2] (compute-mfcc-feats[5.5.987~1-eb8d0]:main():compute-mfcc-feats.cc:182) Processed features for key VIVOSSPK11-T045
VLOG[2] (compute-mfcc-feats[5.5.987~1-eb8d0]:main():compute-mfcc-feats.cc:182) Processed features for key VIVOSSPK11-T046
LOG (compute-mfcc-feats[5.5.987~1-eb8d0]:main():compute-mfcc-feats.cc:181) Processed 560 utterances
VLOG[2] (compute-mfcc-feats[5.5.987~1-eb8d0]:main():compute-mfcc-feats.cc:182) Processed features for key VIVOSSPK11-T047
VLOG[2] (compute-mfcc-feats[5.5.987~1-eb8d0]:main():compute-mfcc-feats.cc:182) Processed features for key VIVOSSPK11-T048
VLOG[2] (compute-mfcc-feats[5.5.987~1-eb8d0]:main():compute-mfcc-feats.cc:182) Processed features for key VIVOSSPK11-T049
VLOG[2] (compute-mfcc-feats[5.5.987~1-eb8d0]:main():compute-mfcc-feats.cc:182) Processed features for key VIVOSSPK11-T050
VLOG[2] (compute-mfcc-feats[5.5.987~1-eb8d0]:main():compute-mfcc-feats.cc:182) Processed features for key VIVOSSPK12-R001
VLOG[2] (compute-mfcc-feats[5.5.987~1-eb8d0]:main():compute-mfcc-feats.cc:182) Processed features for key VIVOSSPK12-R002
VLOG[2] (compute-mfcc-feats[5.5.987~1-eb8d0]:main():compute-mfcc-feats.cc:182) Processed features for key VIVOSSPK12-R003
VLOG[2] (compute-mfcc-feats[5.5.987~1-eb8d0]:main():compute-mfcc-feats.cc:182) Processed features for key VIVOSSPK12-R004
VLOG[2] (compute-mfcc-feats[5.5.987~1-eb8d0]:main():compute-mfcc-feats.cc:182) Processed features for key VIVOSSPK12-R005
VLOG[2] (compute-mfcc-feats[5.5.987~1-eb8d0]:main():compute-mfcc-feats.cc:182) Processed features for key VIVOSSPK12-R006
LOG (compute-mfcc-feats[5.5.987~1-eb8d0]:main():compute-mfcc-feats.cc:181) Processed 570 utterances
VLOG[2] (compute-mfcc-feats[5.5.987~1-eb8d0]:main():compute-mfcc-feats.cc:182) Processed features for key VIVOSSPK12-R007
VLOG[2] (compute-mfcc-feats[5.5.987~1-eb8d0]:main():compute-mfcc-feats.cc:182) Processed features for key VIVOSSPK12-R008
VLOG[2] (compute-mfcc-feats[5.5.987~1-eb8d0]:main():compute-mfcc-feats.cc:182) Processed features for key VIVOSSPK12-R009
VLOG[2] (compute-mfcc-feats[5.5.987~1-eb8d0]:main():compute-mfcc-feats.cc:182) Processed features for key VIVOSSPK12-R010
VLOG[2] (compute-mfcc-feats[5.5.987~1-eb8d0]:main():compute-mfcc-feats.cc:182) Processed features for key VIVOSSPK12-R011
VLOG[2] (compute-mfcc-feats[5.5.987~1-eb8d0]:main():compute-mfcc-feats.cc:182) Processed features for key VIVOSSPK12-R012
VLOG[2] (compute-mfcc-feats[5.5.987~1-eb8d0]:main():compute-mfcc-feats.cc:182) Processed features for key VIVOSSPK12-R013
VLOG[2] (compute-mfcc-feats[5.5.987~1-eb8d0]:main():compute-mfcc-feats.cc:182) Processed features for key VIVOSSPK12-R014
VLOG[2] (compute-mfcc-feats[5.5.987~1-eb8d0]:main():compute-mfcc-feats.cc:182) Processed features for key VIVOSSPK12-R015
VLOG[2] (compute-mfcc-feats[5.5.987~1-eb8d0]:main():compute-mfcc-feats.cc:182) Processed features for key VIVOSSPK12-R016
LOG (compute-mfcc-feats[5.5.987~1-eb8d0]:main():compute-mfcc-feats.cc:181) Processed 580 utterances
VLOG[2] (compute-mfcc-feats[5.5.987~1-eb8d0]:main():compute-mfcc-feats.cc:182) Processed features for key VIVOSSPK12-R017
VLOG[2] (compute-mfcc-feats[5.5.987~1-eb8d0]:main():compute-mfcc-feats.cc:182) Processed features for key VIVOSSPK12-R018
VLOG[2] (compute-mfcc-feats[5.5.987~1-eb8d0]:main():compute-mfcc-feats.cc:182) Processed features for key VIVOSSPK12-R019
VLOG[2] (compute-mfcc-feats[5.5.987~1-eb8d0]:main():compute-mfcc-feats.cc:182) Processed features for key VIVOSSPK12-R020
VLOG[2] (compute-mfcc-feats[5.5.987~1-eb8d0]:main():compute-mfcc-feats.cc:182) Processed features for key VIVOSSPK12-R021
VLOG[2] (compute-mfcc-feats[5.5.987~1-eb8d0]:main():compute-mfcc-feats.cc:182) Processed features for key VIVOSSPK12-R022
VLOG[2] (compute-mfcc-feats[5.5.987~1-eb8d0]:main():compute-mfcc-feats.cc:182) Processed features for key VIVOSSPK12-R023
VLOG[2] (compute-mfcc-feats[5.5.987~1-eb8d0]:main():compute-mfcc-feats.cc:182) Processed features for key VIVOSSPK12-R024
VLOG[2] (compute-mfcc-feats[5.5.987~1-eb8d0]:main():compute-mfcc-feats.cc:182) Processed features for key VIVOSSPK12-R025
VLOG[2] (compute-mfcc-feats[5.5.987~1-eb8d0]:main():compute-mfcc-feats.cc:182) Processed features for key VIVOSSPK12-R026
LOG (compute-mfcc-feats[5.5.987~1-eb8d0]:main():compute-mfcc-feats.cc:181) Processed 590 utterances
VLOG[2] (compute-mfcc-feats[5.5.987~1-eb8d0]:main():compute-mfcc-feats.cc:182) Processed features for key VIVOSSPK12-R027
VLOG[2] (compute-mfcc-feats[5.5.987~1-eb8d0]:main():compute-mfcc-feats.cc:182) Processed features for key VIVOSSPK12-R028
VLOG[2] (compute-mfcc-feats[5.5.987~1-eb8d0]:main():compute-mfcc-feats.cc:182) Processed features for key VIVOSSPK12-R029
VLOG[2] (compute-mfcc-feats[5.5.987~1-eb8d0]:main():compute-mfcc-feats.cc:182) Processed features for key VIVOSSPK12-R030
VLOG[2] (compute-mfcc-feats[5.5.987~1-eb8d0]:main():compute-mfcc-feats.cc:182) Processed features for key VIVOSSPK12-R031
VLOG[2] (compute-mfcc-feats[5.5.987~1-eb8d0]:main():compute-mfcc-feats.cc:182) Processed features for key VIVOSSPK12-R032
VLOG[2] (compute-mfcc-feats[5.5.987~1-eb8d0]:main():compute-mfcc-feats.cc:182) Processed features for key VIVOSSPK12-R033
VLOG[2] (compute-mfcc-feats[5.5.987~1-eb8d0]:main():compute-mfcc-feats.cc:182) Processed features for key VIVOSSPK12-R034
VLOG[2] (compute-mfcc-feats[5.5.987~1-eb8d0]:main():compute-mfcc-feats.cc:182) Processed features for key VIVOSSPK12-R035
VLOG[2] (compute-mfcc-feats[5.5.987~1-eb8d0]:main():compute-mfcc-feats.cc:182) Processed features for key VIVOSSPK12-R036
LOG (compute-mfcc-feats[5.5.987~1-eb8d0]:main():compute-mfcc-feats.cc:181) Processed 600 utterances
VLOG[2] (compute-mfcc-feats[5.5.987~1-eb8d0]:main():compute-mfcc-feats.cc:182) Processed features for key VIVOSSPK12-R037
VLOG[2] (compute-mfcc-feats[5.5.987~1-eb8d0]:main():compute-mfcc-feats.cc:182) Processed features for key VIVOSSPK12-R038
VLOG[2] (compute-mfcc-feats[5.5.987~1-eb8d0]:main():compute-mfcc-feats.cc:182) Processed features for key VIVOSSPK12-R039
VLOG[2] (compute-mfcc-feats[5.5.987~1-eb8d0]:main():compute-mfcc-feats.cc:182) Processed features for key VIVOSSPK12-R040
VLOG[2] (compute-mfcc-feats[5.5.987~1-eb8d0]:main():compute-mfcc-feats.cc:182) Processed features for key VIVOSSPK12-R041
VLOG[2] (compute-mfcc-feats[5.5.987~1-eb8d0]:main():compute-mfcc-feats.cc:182) Processed features for key VIVOSSPK12-R042
VLOG[2] (compute-mfcc-feats[5.5.987~1-eb8d0]:main():compute-mfcc-feats.cc:182) Processed features for key VIVOSSPK12-R043
VLOG[2] (compute-mfcc-feats[5.5.987~1-eb8d0]:main():compute-mfcc-feats.cc:182) Processed features for key VIVOSSPK12-R044
VLOG[2] (compute-mfcc-feats[5.5.987~1-eb8d0]:main():compute-mfcc-feats.cc:182) Processed features for key VIVOSSPK12-R045
VLOG[2] (compute-mfcc-feats[5.5.987~1-eb8d0]:main():compute-mfcc-feats.cc:182) Processed features for key VIVOSSPK12-R046
LOG (compute-mfcc-feats[5.5.987~1-eb8d0]:main():compute-mfcc-feats.cc:181) Processed 610 utterances
VLOG[2] (compute-mfcc-feats[5.5.987~1-eb8d0]:main():compute-mfcc-feats.cc:182) Processed features for key VIVOSSPK12-R047
VLOG[2] (compute-mfcc-feats[5.5.987~1-eb8d0]:main():compute-mfcc-feats.cc:182) Processed features for key VIVOSSPK12-R048
VLOG[2] (compute-mfcc-feats[5.5.987~1-eb8d0]:main():compute-mfcc-feats.cc:182) Processed features for key VIVOSSPK12-R049
VLOG[2] (compute-mfcc-feats[5.5.987~1-eb8d0]:main():compute-mfcc-feats.cc:182) Processed features for key VIVOSSPK12-R050
VLOG[2] (compute-mfcc-feats[5.5.987~1-eb8d0]:main():compute-mfcc-feats.cc:182) Processed features for key VIVOSSPK12-R051
VLOG[2] (compute-mfcc-feats[5.5.987~1-eb8d0]:main():compute-mfcc-feats.cc:182) Processed features for key VIVOSSPK12-R052
VLOG[2] (compute-mfcc-feats[5.5.987~1-eb8d0]:main():compute-mfcc-feats.cc:182) Processed features for key VIVOSSPK12-R053
VLOG[2] (compute-mfcc-feats[5.5.987~1-eb8d0]:main():compute-mfcc-feats.cc:182) Processed features for key VIVOSSPK12-R054
VLOG[2] (compute-mfcc-feats[5.5.987~1-eb8d0]:main():compute-mfcc-feats.cc:182) Processed features for key VIVOSSPK12-R055
VLOG[2] (compute-mfcc-feats[5.5.987~1-eb8d0]:main():compute-mfcc-feats.cc:182) Processed features for key VIVOSSPK12-R056
LOG (compute-mfcc-feats[5.5.987~1-eb8d0]:main():compute-mfcc-feats.cc:181) Processed 620 utterances
VLOG[2] (compute-mfcc-feats[5.5.987~1-eb8d0]:main():compute-mfcc-feats.cc:182) Processed features for key VIVOSSPK12-R057
VLOG[2] (compute-mfcc-feats[5.5.987~1-eb8d0]:main():compute-mfcc-feats.cc:182) Processed features for key VIVOSSPK12-R058
VLOG[2] (compute-mfcc-feats[5.5.987~1-eb8d0]:main():compute-mfcc-feats.cc:182) Processed features for key VIVOSSPK12-R059
VLOG[2] (compute-mfcc-feats[5.5.987~1-eb8d0]:main():compute-mfcc-feats.cc:182) Processed features for key VIVOSSPK12-R060
VLOG[2] (compute-mfcc-feats[5.5.987~1-eb8d0]:main():compute-mfcc-feats.cc:182) Processed features for key VIVOSSPK12-R061
VLOG[2] (compute-mfcc-feats[5.5.987~1-eb8d0]:main():compute-mfcc-feats.cc:182) Processed features for key VIVOSSPK12-R062
VLOG[2] (compute-mfcc-feats[5.5.987~1-eb8d0]:main():compute-mfcc-feats.cc:182) Processed features for key VIVOSSPK12-R063
VLOG[2] (compute-mfcc-feats[5.5.987~1-eb8d0]:main():compute-mfcc-feats.cc:182) Processed features for key VIVOSSPK12-R064
VLOG[2] (compute-mfcc-feats[5.5.987~1-eb8d0]:main():compute-mfcc-feats.cc:182) Processed features for key VIVOSSPK12-R065
VLOG[2] (compute-mfcc-feats[5.5.987~1-eb8d0]:main():compute-mfcc-feats.cc:182) Processed features for key VIVOSSPK12-R066
LOG (compute-mfcc-feats[5.5.987~1-eb8d0]:main():compute-mfcc-feats.cc:181) Processed 630 utterances
VLOG[2] (compute-mfcc-feats[5.5.987~1-eb8d0]:main():compute-mfcc-feats.cc:182) Processed features for key VIVOSSPK12-R067
VLOG[2] (compute-mfcc-feats[5.5.987~1-eb8d0]:main():compute-mfcc-feats.cc:182) Processed features for key VIVOSSPK12-R068
VLOG[2] (compute-mfcc-feats[5.5.987~1-eb8d0]:main():compute-mfcc-feats.cc:182) Processed features for key VIVOSSPK12-R069
VLOG[2] (compute-mfcc-feats[5.5.987~1-eb8d0]:main():compute-mfcc-feats.cc:182) Processed features for key VIVOSSPK12-R070
VLOG[2] (compute-mfcc-feats[5.5.987~1-eb8d0]:main():compute-mfcc-feats.cc:182) Processed features for key VIVOSSPK12-R071
VLOG[2] (compute-mfcc-feats[5.5.987~1-eb8d0]:main():compute-mfcc-feats.cc:182) Processed features for key VIVOSSPK12-R072
VLOG[2] (compute-mfcc-feats[5.5.987~1-eb8d0]:main():compute-mfcc-feats.cc:182) Processed features for key VIVOSSPK12-R073
VLOG[2] (compute-mfcc-feats[5.5.987~1-eb8d0]:main():compute-mfcc-feats.cc:182) Processed features for key VIVOSSPK12-R074
VLOG[2] (compute-mfcc-feats[5.5.987~1-eb8d0]:main():compute-mfcc-feats.cc:182) Processed features for key VIVOSSPK12-R075
VLOG[2] (compute-mfcc-feats[5.5.987~1-eb8d0]:main():compute-mfcc-feats.cc:182) Processed features for key VIVOSSPK12-R076
LOG (compute-mfcc-feats[5.5.987~1-eb8d0]:main():compute-mfcc-feats.cc:181) Processed 640 utterances
VLOG[2] (compute-mfcc-feats[5.5.987~1-eb8d0]:main():compute-mfcc-feats.cc:182) Processed features for key VIVOSSPK12-R077
VLOG[2] (compute-mfcc-feats[5.5.987~1-eb8d0]:main():compute-mfcc-feats.cc:182) Processed features for key VIVOSSPK12-R078
VLOG[2] (compute-mfcc-feats[5.5.987~1-eb8d0]:main():compute-mfcc-feats.cc:182) Processed features for key VIVOSSPK12-R079
VLOG[2] (compute-mfcc-feats[5.5.987~1-eb8d0]:main():compute-mfcc-feats.cc:182) Processed features for key VIVOSSPK12-R080
VLOG[2] (compute-mfcc-feats[5.5.987~1-eb8d0]:main():compute-mfcc-feats.cc:182) Processed features for key VIVOSSPK12-R081
VLOG[2] (compute-mfcc-feats[5.5.987~1-eb8d0]:main():compute-mfcc-feats.cc:182) Processed features for key VIVOSSPK12-R082
VLOG[2] (compute-mfcc-feats[5.5.987~1-eb8d0]:main():compute-mfcc-feats.cc:182) Processed features for key VIVOSSPK12-R083
VLOG[2] (compute-mfcc-feats[5.5.987~1-eb8d0]:main():compute-mfcc-feats.cc:182) Processed features for key VIVOSSPK12-R084
VLOG[2] (compute-mfcc-feats[5.5.987~1-eb8d0]:main():compute-mfcc-feats.cc:182) Processed features for key VIVOSSPK12-R085
VLOG[2] (compute-mfcc-feats[5.5.987~1-eb8d0]:main():compute-mfcc-feats.cc:182) Processed features for key VIVOSSPK12-R086
LOG (compute-mfcc-feats[5.5.987~1-eb8d0]:main():compute-mfcc-feats.cc:181) Processed 650 utterances
VLOG[2] (compute-mfcc-feats[5.5.987~1-eb8d0]:main():compute-mfcc-feats.cc:182) Processed features for key VIVOSSPK12-R087
VLOG[2] (compute-mfcc-feats[5.5.987~1-eb8d0]:main():compute-mfcc-feats.cc:182) Processed features for key VIVOSSPK12-R088
VLOG[2] (compute-mfcc-feats[5.5.987~1-eb8d0]:main():compute-mfcc-feats.cc:182) Processed features for key VIVOSSPK12-R089
VLOG[2] (compute-mfcc-feats[5.5.987~1-eb8d0]:main():compute-mfcc-feats.cc:182) Processed features for key VIVOSSPK12-R090
VLOG[2] (compute-mfcc-feats[5.5.987~1-eb8d0]:main():compute-mfcc-feats.cc:182) Processed features for key VIVOSSPK12-R091
VLOG[2] (compute-mfcc-feats[5.5.987~1-eb8d0]:main():compute-mfcc-feats.cc:182) Processed features for key VIVOSSPK12-R092
VLOG[2] (compute-mfcc-feats[5.5.987~1-eb8d0]:main():compute-mfcc-feats.cc:182) Processed features for key VIVOSSPK12-R093
VLOG[2] (compute-mfcc-feats[5.5.987~1-eb8d0]:main():compute-mfcc-feats.cc:182) Processed features for key VIVOSSPK12-R094
VLOG[2] (compute-mfcc-feats[5.5.987~1-eb8d0]:main():compute-mfcc-feats.cc:182) Processed features for key VIVOSSPK12-R095
VLOG[2] (compute-mfcc-feats[5.5.987~1-eb8d0]:main():compute-mfcc-feats.cc:182) Processed features for key VIVOSSPK12-R096
LOG (compute-mfcc-feats[5.5.987~1-eb8d0]:main():compute-mfcc-feats.cc:181) Processed 660 utterances
VLOG[2] (compute-mfcc-feats[5.5.987~1-eb8d0]:main():compute-mfcc-feats.cc:182) Processed features for key VIVOSSPK12-R097
VLOG[2] (compute-mfcc-feats[5.5.987~1-eb8d0]:main():compute-mfcc-feats.cc:182) Processed features for key VIVOSSPK12-R098
VLOG[2] (compute-mfcc-feats[5.5.987~1-eb8d0]:main():compute-mfcc-feats.cc:182) Processed features for key VIVOSSPK12-R099
VLOG[2] (compute-mfcc-feats[5.5.987~1-eb8d0]:main():compute-mfcc-feats.cc:182) Processed features for key VIVOSSPK12-R100
VLOG[2] (compute-mfcc-feats[5.5.987~1-eb8d0]:main():compute-mfcc-feats.cc:182) Processed features for key VIVOSSPK12-R101
VLOG[2] (compute-mfcc-feats[5.5.987~1-eb8d0]:main():compute-mfcc-feats.cc:182) Processed features for key VIVOSSPK12-R102
VLOG[2] (compute-mfcc-feats[5.5.987~1-eb8d0]:main():compute-mfcc-feats.cc:182) Processed features for key VIVOSSPK12-R103
VLOG[2] (compute-mfcc-feats[5.5.987~1-eb8d0]:main():compute-mfcc-feats.cc:182) Processed features for key VIVOSSPK12-R104
VLOG[2] (compute-mfcc-feats[5.5.987~1-eb8d0]:main():compute-mfcc-feats.cc:182) Processed features for key VIVOSSPK12-R105
VLOG[2] (compute-mfcc-feats[5.5.987~1-eb8d0]:main():compute-mfcc-feats.cc:182) Processed features for key VIVOSSPK12-R106
LOG (compute-mfcc-feats[5.5.987~1-eb8d0]:main():compute-mfcc-feats.cc:181) Processed 670 utterances
VLOG[2] (compute-mfcc-feats[5.5.987~1-eb8d0]:main():compute-mfcc-feats.cc:182) Processed features for key VIVOSSPK12-R107
VLOG[2] (compute-mfcc-feats[5.5.987~1-eb8d0]:main():compute-mfcc-feats.cc:182) Processed features for key VIVOSSPK12-R108
VLOG[2] (compute-mfcc-feats[5.5.987~1-eb8d0]:main():compute-mfcc-feats.cc:182) Processed features for key VIVOSSPK12-R109
VLOG[2] (compute-mfcc-feats[5.5.987~1-eb8d0]:main():compute-mfcc-feats.cc:182) Processed features for key VIVOSSPK12-R110
VLOG[2] (compute-mfcc-feats[5.5.987~1-eb8d0]:main():compute-mfcc-feats.cc:182) Processed features for key VIVOSSPK12-R111
VLOG[2] (compute-mfcc-feats[5.5.987~1-eb8d0]:main():compute-mfcc-feats.cc:182) Processed features for key VIVOSSPK12-R112
VLOG[2] (compute-mfcc-feats[5.5.987~1-eb8d0]:main():compute-mfcc-feats.cc:182) Processed features for key VIVOSSPK12-R113
VLOG[2] (compute-mfcc-feats[5.5.987~1-eb8d0]:main():compute-mfcc-feats.cc:182) Processed features for key VIVOSSPK12-R114
VLOG[2] (compute-mfcc-feats[5.5.987~1-eb8d0]:main():compute-mfcc-feats.cc:182) Processed features for key VIVOSSPK12-R115
VLOG[2] (compute-mfcc-feats[5.5.987~1-eb8d0]:main():compute-mfcc-feats.cc:182) Processed features for key VIVOSSPK12-R116
LOG (compute-mfcc-feats[5.5.987~1-eb8d0]:main():compute-mfcc-feats.cc:181) Processed 680 utterances
VLOG[2] (compute-mfcc-feats[5.5.987~1-eb8d0]:main():compute-mfcc-feats.cc:182) Processed features for key VIVOSSPK12-R117
VLOG[2] (compute-mfcc-feats[5.5.987~1-eb8d0]:main():compute-mfcc-feats.cc:182) Processed features for key VIVOSSPK12-R118
VLOG[2] (compute-mfcc-feats[5.5.987~1-eb8d0]:main():compute-mfcc-feats.cc:182) Processed features for key VIVOSSPK12-R119
VLOG[2] (compute-mfcc-feats[5.5.987~1-eb8d0]:main():compute-mfcc-feats.cc:182) Processed features for key VIVOSSPK12-R120
VLOG[2] (compute-mfcc-feats[5.5.987~1-eb8d0]:main():compute-mfcc-feats.cc:182) Processed features for key VIVOSSPK12-R121
VLOG[2] (compute-mfcc-feats[5.5.987~1-eb8d0]:main():compute-mfcc-feats.cc:182) Processed features for key VIVOSSPK12-R122
VLOG[2] (compute-mfcc-feats[5.5.987~1-eb8d0]:main():compute-mfcc-feats.cc:182) Processed features for key VIVOSSPK12-R123
VLOG[2] (compute-mfcc-feats[5.5.987~1-eb8d0]:main():compute-mfcc-feats.cc:182) Processed features for key VIVOSSPK12-R124
VLOG[2] (compute-mfcc-feats[5.5.987~1-eb8d0]:main():compute-mfcc-feats.cc:182) Processed features for key VIVOSSPK12-R125
VLOG[2] (compute-mfcc-feats[5.5.987~1-eb8d0]:main():compute-mfcc-feats.cc:182) Processed features for key VIVOSSPK12-R126
LOG (compute-mfcc-feats[5.5.987~1-eb8d0]:main():compute-mfcc-feats.cc:181) Processed 690 utterances
VLOG[2] (compute-mfcc-feats[5.5.987~1-eb8d0]:main():compute-mfcc-feats.cc:182) Processed features for key VIVOSSPK12-R127
VLOG[2] (compute-mfcc-feats[5.5.987~1-eb8d0]:main():compute-mfcc-feats.cc:182) Processed features for key VIVOSSPK12-R128
VLOG[2] (compute-mfcc-feats[5.5.987~1-eb8d0]:main():compute-mfcc-feats.cc:182) Processed features for key VIVOSSPK12-R129
VLOG[2] (compute-mfcc-feats[5.5.987~1-eb8d0]:main():compute-mfcc-feats.cc:182) Processed features for key VIVOSSPK12-R130
VLOG[2] (compute-mfcc-feats[5.5.987~1-eb8d0]:main():compute-mfcc-feats.cc:182) Processed features for key VIVOSSPK12-R131
VLOG[2] (compute-mfcc-feats[5.5.987~1-eb8d0]:main():compute-mfcc-feats.cc:182) Processed features for key VIVOSSPK12-R132
VLOG[2] (compute-mfcc-feats[5.5.987~1-eb8d0]:main():compute-mfcc-feats.cc:182) Processed features for key VIVOSSPK12-R133
VLOG[2] (compute-mfcc-feats[5.5.987~1-eb8d0]:main():compute-mfcc-feats.cc:182) Processed features for key VIVOSSPK12-R134
VLOG[2] (compute-mfcc-feats[5.5.987~1-eb8d0]:main():compute-mfcc-feats.cc:182) Processed features for key VIVOSSPK12-R135
VLOG[2] (compute-mfcc-feats[5.5.987~1-eb8d0]:main():compute-mfcc-feats.cc:182) Processed features for key VIVOSSPK12-R136
LOG (compute-mfcc-feats[5.5.987~1-eb8d0]:main():compute-mfcc-feats.cc:181) Processed 700 utterances
VLOG[2] (compute-mfcc-feats[5.5.987~1-eb8d0]:main():compute-mfcc-feats.cc:182) Processed features for key VIVOSSPK12-R137
VLOG[2] (compute-mfcc-feats[5.5.987~1-eb8d0]:main():compute-mfcc-feats.cc:182) Processed features for key VIVOSSPK12-R138
VLOG[2] (compute-mfcc-feats[5.5.987~1-eb8d0]:main():compute-mfcc-feats.cc:182) Processed features for key VIVOSSPK12-R139
VLOG[2] (compute-mfcc-feats[5.5.987~1-eb8d0]:main():compute-mfcc-feats.cc:182) Processed features for key VIVOSSPK12-R140
VLOG[2] (compute-mfcc-feats[5.5.987~1-eb8d0]:main():compute-mfcc-feats.cc:182) Processed features for key VIVOSSPK12-R141
VLOG[2] (compute-mfcc-feats[5.5.987~1-eb8d0]:main():compute-mfcc-feats.cc:182) Processed features for key VIVOSSPK12-R142
VLOG[2] (compute-mfcc-feats[5.5.987~1-eb8d0]:main():compute-mfcc-feats.cc:182) Processed features for key VIVOSSPK12-R143
VLOG[2] (compute-mfcc-feats[5.5.987~1-eb8d0]:main():compute-mfcc-feats.cc:182) Processed features for key VIVOSSPK12-R144
VLOG[2] (compute-mfcc-feats[5.5.987~1-eb8d0]:main():compute-mfcc-feats.cc:182) Processed features for key VIVOSSPK12-R145
VLOG[2] (compute-mfcc-feats[5.5.987~1-eb8d0]:main():compute-mfcc-feats.cc:182) Processed features for key VIVOSSPK12-R146
LOG (compute-mfcc-feats[5.5.987~1-eb8d0]:main():compute-mfcc-feats.cc:181) Processed 710 utterances
VLOG[2] (compute-mfcc-feats[5.5.987~1-eb8d0]:main():compute-mfcc-feats.cc:182) Processed features for key VIVOSSPK12-R147
VLOG[2] (compute-mfcc-feats[5.5.987~1-eb8d0]:main():compute-mfcc-feats.cc:182) Processed features for key VIVOSSPK12-R148
VLOG[2] (compute-mfcc-feats[5.5.987~1-eb8d0]:main():compute-mfcc-feats.cc:182) Processed features for key VIVOSSPK12-R149
VLOG[2] (compute-mfcc-feats[5.5.987~1-eb8d0]:main():compute-mfcc-feats.cc:182) Processed features for key VIVOSSPK12-R150
VLOG[2] (compute-mfcc-feats[5.5.987~1-eb8d0]:main():compute-mfcc-feats.cc:182) Processed features for key VIVOSSPK12-R151
VLOG[2] (compute-mfcc-feats[5.5.987~1-eb8d0]:main():compute-mfcc-feats.cc:182) Processed features for key VIVOSSPK12-R152
VLOG[2] (compute-mfcc-feats[5.5.987~1-eb8d0]:main():compute-mfcc-feats.cc:182) Processed features for key VIVOSSPK12-R153
VLOG[2] (compute-mfcc-feats[5.5.987~1-eb8d0]:main():compute-mfcc-feats.cc:182) Processed features for key VIVOSSPK12-R154
VLOG[2] (compute-mfcc-feats[5.5.987~1-eb8d0]:main():compute-mfcc-feats.cc:182) Processed features for key VIVOSSPK12-R155
VLOG[2] (compute-mfcc-feats[5.5.987~1-eb8d0]:main():compute-mfcc-feats.cc:182) Processed features for key VIVOSSPK12-R156
LOG (compute-mfcc-feats[5.5.987~1-eb8d0]:main():compute-mfcc-feats.cc:181) Processed 720 utterances
VLOG[2] (compute-mfcc-feats[5.5.987~1-eb8d0]:main():compute-mfcc-feats.cc:182) Processed features for key VIVOSSPK12-R157
VLOG[2] (compute-mfcc-feats[5.5.987~1-eb8d0]:main():compute-mfcc-feats.cc:182) Processed features for key VIVOSSPK12-R158
VLOG[2] (compute-mfcc-feats[5.5.987~1-eb8d0]:main():compute-mfcc-feats.cc:182) Processed features for key VIVOSSPK12-R159
VLOG[2] (compute-mfcc-feats[5.5.987~1-eb8d0]:main():compute-mfcc-feats.cc:182) Processed features for key VIVOSSPK12-R160
VLOG[2] (compute-mfcc-feats[5.5.987~1-eb8d0]:main():compute-mfcc-feats.cc:182) Processed features for key VIVOSSPK12-R161
VLOG[2] (compute-mfcc-feats[5.5.987~1-eb8d0]:main():compute-mfcc-feats.cc:182) Processed features for key VIVOSSPK12-R162
VLOG[2] (compute-mfcc-feats[5.5.987~1-eb8d0]:main():compute-mfcc-feats.cc:182) Processed features for key VIVOSSPK12-R163
VLOG[2] (compute-mfcc-feats[5.5.987~1-eb8d0]:main():compute-mfcc-feats.cc:182) Processed features for key VIVOSSPK12-R164
VLOG[2] (compute-mfcc-feats[5.5.987~1-eb8d0]:main():compute-mfcc-feats.cc:182) Processed features for key VIVOSSPK12-R165
VLOG[2] (compute-mfcc-feats[5.5.987~1-eb8d0]:main():compute-mfcc-feats.cc:182) Processed features for key VIVOSSPK12-R166
LOG (compute-mfcc-feats[5.5.987~1-eb8d0]:main():compute-mfcc-feats.cc:185)  Done 729 out of 729 utterances.
LOG (copy-feats[5.5.987~1-eb8d0]:main():copy-feats.cc:143) Copied 729 feature matrices.
# Accounting: time=7 threads=1
# Ended (code 0) at Fri Oct 29 08:01:03 +07 2021, elapsed time 7 seconds
