# compute-mfcc-feats --write-utt2dur=ark,t:exp/make_mfcc/train/utt2dur.5 --verbose=2 --config=conf/mfcc.conf scp,p:exp/make_mfcc/train/wav_train.5.scp ark:- | copy-feats --write-num-frames=ark,t:exp/make_mfcc/train/utt2num_frames.5 --compress=true ark:- ark,scp:/home/phuc/workspace/research/kaldi/egs/vivos/mfcc/raw_mfcc_train.5.ark,/home/phuc/workspace/research/kaldi/egs/vivos/mfcc/raw_mfcc_train.5.scp 
# Started at Fri Oct 29 08:00:56 +07 2021
#
copy-feats --write-num-frames=ark,t:exp/make_mfcc/train/utt2num_frames.5 --compress=true ark:- ark,scp:/home/phuc/workspace/research/kaldi/egs/vivos/mfcc/raw_mfcc_train.5.ark,/home/phuc/workspace/research/kaldi/egs/vivos/mfcc/raw_mfcc_train.5.scp 
compute-mfcc-feats --write-utt2dur=ark,t:exp/make_mfcc/train/utt2dur.5 --verbose=2 --config=conf/mfcc.conf scp,p:exp/make_mfcc/train/wav_train.5.scp ark:- 
VLOG[2] (compute-mfcc-feats[5.5.987~1-eb8d0]:main():compute-mfcc-feats.cc:182) Processed features for key VIVOSSPK12-R167
VLOG[2] (compute-mfcc-feats[5.5.987~1-eb8d0]:main():compute-mfcc-feats.cc:182) Processed features for key VIVOSSPK12-R168
VLOG[2] (compute-mfcc-feats[5.5.987~1-eb8d0]:main():compute-mfcc-feats.cc:182) Processed features for key VIVOSSPK12-R169
VLOG[2] (compute-mfcc-feats[5.5.987~1-eb8d0]:main():compute-mfcc-feats.cc:182) Processed features for key VIVOSSPK12-R170
VLOG[2] (compute-mfcc-feats[5.5.987~1-eb8d0]:main():compute-mfcc-feats.cc:182) Processed features for key VIVOSSPK12-R171
VLOG[2] (compute-mfcc-feats[5.5.987~1-eb8d0]:main():compute-mfcc-feats.cc:182) Processed features for key VIVOSSPK12-R172
VLOG[2] (compute-mfcc-feats[5.5.987~1-eb8d0]:main():compute-mfcc-feats.cc:182) Processed features for key VIVOSSPK12-R173
VLOG[2] (compute-mfcc-feats[5.5.987~1-eb8d0]:main():compute-mfcc-feats.cc:182) Processed features for key VIVOSSPK12-R174
VLOG[2] (compute-mfcc-feats[5.5.987~1-eb8d0]:main():compute-mfcc-feats.cc:182) Processed features for key VIVOSSPK12-R175
LOG (compute-mfcc-feats[5.5.987~1-eb8d0]:main():compute-mfcc-feats.cc:181) Processed 10 utterances
VLOG[2] (compute-mfcc-feats[5.5.987~1-eb8d0]:main():compute-mfcc-feats.cc:182) Processed features for key VIVOSSPK12-R176
VLOG[2] (compute-mfcc-feats[5.5.987~1-eb8d0]:main():compute-mfcc-feats.cc:182) Processed features for key VIVOSSPK12-R177
VLOG[2] (compute-mfcc-feats[5.5.987~1-eb8d0]:main():compute-mfcc-feats.cc:182) Processed features for key VIVOSSPK12-R178
VLOG[2] (compute-mfcc-feats[5.5.987~1-eb8d0]:main():compute-mfcc-feats.cc:182) Processed features for key VIVOSSPK12-R179
VLOG[2] (compute-mfcc-feats[5.5.987~1-eb8d0]:main():compute-mfcc-feats.cc:182) Processed features for key VIVOSSPK12-R180
VLOG[2] (compute-mfcc-feats[5.5.987~1-eb8d0]:main():compute-mfcc-feats.cc:182) Processed features for key VIVOSSPK12-R181
VLOG[2] (compute-mfcc-feats[5.5.987~1-eb8d0]:main():compute-mfcc-feats.cc:182) Processed features for key VIVOSSPK12-R182
VLOG[2] (compute-mfcc-feats[5.5.987~1-eb8d0]:main():compute-mfcc-feats.cc:182) Processed features for key VIVOSSPK12-R183
VLOG[2] (compute-mfcc-feats[5.5.987~1-eb8d0]:main():compute-mfcc-feats.cc:182) Processed features for key VIVOSSPK12-R184
VLOG[2] (compute-mfcc-feats[5.5.987~1-eb8d0]:main():compute-mfcc-feats.cc:182) Processed features for key VIVOSSPK12-R185
LOG (compute-mfcc-feats[5.5.987~1-eb8d0]:main():compute-mfcc-feats.cc:181) Processed 20 utterances
VLOG[2] (compute-mfcc-feats[5.5.987~1-eb8d0]:main():compute-mfcc-feats.cc:182) Processed features for key VIVOSSPK12-R186
VLOG[2] (compute-mfcc-feats[5.5.987~1-eb8d0]:main():compute-mfcc-feats.cc:182) Processed features for key VIVOSSPK12-R187
VLOG[2] (compute-mfcc-feats[5.5.987~1-eb8d0]:main():compute-mfcc-feats.cc:182) Processed features for key VIVOSSPK12-R188
VLOG[2] (compute-mfcc-feats[5.5.987~1-eb8d0]:main():compute-mfcc-feats.cc:182) Processed features for key VIVOSSPK12-R189
VLOG[2] (compute-mfcc-feats[5.5.987~1-eb8d0]:main():compute-mfcc-feats.cc:182) Processed features for key VIVOSSPK12-R190
VLOG[2] (compute-mfcc-feats[5.5.987~1-eb8d0]:main():compute-mfcc-feats.cc:182) Processed features for key VIVOSSPK12-R191
VLOG[2] (compute-mfcc-feats[5.5.987~1-eb8d0]:main():compute-mfcc-feats.cc:182) Processed features for key VIVOSSPK12-R192
VLOG[2] (compute-mfcc-feats[5.5.987~1-eb8d0]:main():compute-mfcc-feats.cc:182) Processed features for key VIVOSSPK12-R193
VLOG[2] (compute-mfcc-feats[5.5.987~1-eb8d0]:main():compute-mfcc-feats.cc:182) Processed features for key VIVOSSPK12-R194
VLOG[2] (compute-mfcc-feats[5.5.987~1-eb8d0]:main():compute-mfcc-feats.cc:182) Processed features for key VIVOSSPK12-R195
LOG (compute-mfcc-feats[5.5.987~1-eb8d0]:main():compute-mfcc-feats.cc:181) Processed 30 utterances
VLOG[2] (compute-mfcc-feats[5.5.987~1-eb8d0]:main():compute-mfcc-feats.cc:182) Processed features for key VIVOSSPK12-R196
VLOG[2] (compute-mfcc-feats[5.5.987~1-eb8d0]:main():compute-mfcc-feats.cc:182) Processed features for key VIVOSSPK12-R197
VLOG[2] (compute-mfcc-feats[5.5.987~1-eb8d0]:main():compute-mfcc-feats.cc:182) Processed features for key VIVOSSPK12-R198
VLOG[2] (compute-mfcc-feats[5.5.987~1-eb8d0]:main():compute-mfcc-feats.cc:182) Processed features for key VIVOSSPK12-R199
VLOG[2] (compute-mfcc-feats[5.5.987~1-eb8d0]:main():compute-mfcc-feats.cc:182) Processed features for key VIVOSSPK12-R200
VLOG[2] (compute-mfcc-feats[5.5.987~1-eb8d0]:main():compute-mfcc-feats.cc:182) Processed features for key VIVOSSPK12-T001
VLOG[2] (compute-mfcc-feats[5.5.987~1-eb8d0]:main():compute-mfcc-feats.cc:182) Processed features for key VIVOSSPK12-T002
VLOG[2] (compute-mfcc-feats[5.5.987~1-eb8d0]:main():compute-mfcc-feats.cc:182) Processed features for key VIVOSSPK12-T003
VLOG[2] (compute-mfcc-feats[5.5.987~1-eb8d0]:main():compute-mfcc-feats.cc:182) Processed features for key VIVOSSPK12-T004
VLOG[2] (compute-mfcc-feats[5.5.987~1-eb8d0]:main():compute-mfcc-feats.cc:182) Processed features for key VIVOSSPK12-T005
LOG (compute-mfcc-feats[5.5.987~1-eb8d0]:main():compute-mfcc-feats.cc:181) Processed 40 utterances
VLOG[2] (compute-mfcc-feats[5.5.987~1-eb8d0]:main():compute-mfcc-feats.cc:182) Processed features for key VIVOSSPK12-T006
VLOG[2] (compute-mfcc-feats[5.5.987~1-eb8d0]:main():compute-mfcc-feats.cc:182) Processed features for key VIVOSSPK12-T007
VLOG[2] (compute-mfcc-feats[5.5.987~1-eb8d0]:main():compute-mfcc-feats.cc:182) Processed features for key VIVOSSPK12-T008
VLOG[2] (compute-mfcc-feats[5.5.987~1-eb8d0]:main():compute-mfcc-feats.cc:182) Processed features for key VIVOSSPK12-T009
VLOG[2] (compute-mfcc-feats[5.5.987~1-eb8d0]:main():compute-mfcc-feats.cc:182) Processed features for key VIVOSSPK12-T010
VLOG[2] (compute-mfcc-feats[5.5.987~1-eb8d0]:main():compute-mfcc-feats.cc:182) Processed features for key VIVOSSPK12-T011
VLOG[2] (compute-mfcc-feats[5.5.987~1-eb8d0]:main():compute-mfcc-feats.cc:182) Processed features for key VIVOSSPK12-T012
VLOG[2] (compute-mfcc-feats[5.5.987~1-eb8d0]:main():compute-mfcc-feats.cc:182) Processed features for key VIVOSSPK12-T013
VLOG[2] (compute-mfcc-feats[5.5.987~1-eb8d0]:main():compute-mfcc-feats.cc:182) Processed features for key VIVOSSPK12-T014
VLOG[2] (compute-mfcc-feats[5.5.987~1-eb8d0]:main():compute-mfcc-feats.cc:182) Processed features for key VIVOSSPK12-T015
LOG (compute-mfcc-feats[5.5.987~1-eb8d0]:main():compute-mfcc-feats.cc:181) Processed 50 utterances
VLOG[2] (compute-mfcc-feats[5.5.987~1-eb8d0]:main():compute-mfcc-feats.cc:182) Processed features for key VIVOSSPK12-T016
VLOG[2] (compute-mfcc-feats[5.5.987~1-eb8d0]:main():compute-mfcc-feats.cc:182) Processed features for key VIVOSSPK12-T017
VLOG[2] (compute-mfcc-feats[5.5.987~1-eb8d0]:main():compute-mfcc-feats.cc:182) Processed features for key VIVOSSPK12-T018
VLOG[2] (compute-mfcc-feats[5.5.987~1-eb8d0]:main():compute-mfcc-feats.cc:182) Processed features for key VIVOSSPK12-T019
VLOG[2] (compute-mfcc-feats[5.5.987~1-eb8d0]:main():compute-mfcc-feats.cc:182) Processed features for key VIVOSSPK12-T020
VLOG[2] (compute-mfcc-feats[5.5.987~1-eb8d0]:main():compute-mfcc-feats.cc:182) Processed features for key VIVOSSPK12-T021
VLOG[2] (compute-mfcc-feats[5.5.987~1-eb8d0]:main():compute-mfcc-feats.cc:182) Processed features for key VIVOSSPK12-T022
VLOG[2] (compute-mfcc-feats[5.5.987~1-eb8d0]:main():compute-mfcc-feats.cc:182) Processed features for key VIVOSSPK12-T023
VLOG[2] (compute-mfcc-feats[5.5.987~1-eb8d0]:main():compute-mfcc-feats.cc:182) Processed features for key VIVOSSPK12-T024
VLOG[2] (compute-mfcc-feats[5.5.987~1-eb8d0]:main():compute-mfcc-feats.cc:182) Processed features for key VIVOSSPK12-T025
LOG (compute-mfcc-feats[5.5.987~1-eb8d0]:main():compute-mfcc-feats.cc:181) Processed 60 utterances
VLOG[2] (compute-mfcc-feats[5.5.987~1-eb8d0]:main():compute-mfcc-feats.cc:182) Processed features for key VIVOSSPK12-T026
VLOG[2] (compute-mfcc-feats[5.5.987~1-eb8d0]:main():compute-mfcc-feats.cc:182) Processed features for key VIVOSSPK12-T027
VLOG[2] (compute-mfcc-feats[5.5.987~1-eb8d0]:main():compute-mfcc-feats.cc:182) Processed features for key VIVOSSPK12-T028
VLOG[2] (compute-mfcc-feats[5.5.987~1-eb8d0]:main():compute-mfcc-feats.cc:182) Processed features for key VIVOSSPK12-T029
VLOG[2] (compute-mfcc-feats[5.5.987~1-eb8d0]:main():compute-mfcc-feats.cc:182) Processed features for key VIVOSSPK12-T030
VLOG[2] (compute-mfcc-feats[5.5.987~1-eb8d0]:main():compute-mfcc-feats.cc:182) Processed features for key VIVOSSPK12-T031
VLOG[2] (compute-mfcc-feats[5.5.987~1-eb8d0]:main():compute-mfcc-feats.cc:182) Processed features for key VIVOSSPK12-T032
VLOG[2] (compute-mfcc-feats[5.5.987~1-eb8d0]:main():compute-mfcc-feats.cc:182) Processed features for key VIVOSSPK12-T033
VLOG[2] (compute-mfcc-feats[5.5.987~1-eb8d0]:main():compute-mfcc-feats.cc:182) Processed features for key VIVOSSPK12-T034
VLOG[2] (compute-mfcc-feats[5.5.987~1-eb8d0]:main():compute-mfcc-feats.cc:182) Processed features for key VIVOSSPK12-T035
LOG (compute-mfcc-feats[5.5.987~1-eb8d0]:main():compute-mfcc-feats.cc:181) Processed 70 utterances
VLOG[2] (compute-mfcc-feats[5.5.987~1-eb8d0]:main():compute-mfcc-feats.cc:182) Processed features for key VIVOSSPK12-T036
VLOG[2] (compute-mfcc-feats[5.5.987~1-eb8d0]:main():compute-mfcc-feats.cc:182) Processed features for key VIVOSSPK12-T037
VLOG[2] (compute-mfcc-feats[5.5.987~1-eb8d0]:main():compute-mfcc-feats.cc:182) Processed features for key VIVOSSPK12-T038
VLOG[2] (compute-mfcc-feats[5.5.987~1-eb8d0]:main():compute-mfcc-feats.cc:182) Processed features for key VIVOSSPK12-T039
VLOG[2] (compute-mfcc-feats[5.5.987~1-eb8d0]:main():compute-mfcc-feats.cc:182) Processed features for key VIVOSSPK12-T040
VLOG[2] (compute-mfcc-feats[5.5.987~1-eb8d0]:main():compute-mfcc-feats.cc:182) Processed features for key VIVOSSPK12-T041
VLOG[2] (compute-mfcc-feats[5.5.987~1-eb8d0]:main():compute-mfcc-feats.cc:182) Processed features for key VIVOSSPK12-T042
VLOG[2] (compute-mfcc-feats[5.5.987~1-eb8d0]:main():compute-mfcc-feats.cc:182) Processed features for key VIVOSSPK12-T043
VLOG[2] (compute-mfcc-feats[5.5.987~1-eb8d0]:main():compute-mfcc-feats.cc:182) Processed features for key VIVOSSPK12-T044
VLOG[2] (compute-mfcc-feats[5.5.987~1-eb8d0]:main():compute-mfcc-feats.cc:182) Processed features for key VIVOSSPK12-T045
LOG (compute-mfcc-feats[5.5.987~1-eb8d0]:main():compute-mfcc-feats.cc:181) Processed 80 utterances
VLOG[2] (compute-mfcc-feats[5.5.987~1-eb8d0]:main():compute-mfcc-feats.cc:182) Processed features for key VIVOSSPK12-T046
VLOG[2] (compute-mfcc-feats[5.5.987~1-eb8d0]:main():compute-mfcc-feats.cc:182) Processed features for key VIVOSSPK12-T047
VLOG[2] (compute-mfcc-feats[5.5.987~1-eb8d0]:main():compute-mfcc-feats.cc:182) Processed features for key VIVOSSPK12-T048
VLOG[2] (compute-mfcc-feats[5.5.987~1-eb8d0]:main():compute-mfcc-feats.cc:182) Processed features for key VIVOSSPK12-T049
VLOG[2] (compute-mfcc-feats[5.5.987~1-eb8d0]:main():compute-mfcc-feats.cc:182) Processed features for key VIVOSSPK12-T050
VLOG[2] (compute-mfcc-feats[5.5.987~1-eb8d0]:main():compute-mfcc-feats.cc:182) Processed features for key VIVOSSPK13-001
VLOG[2] (compute-mfcc-feats[5.5.987~1-eb8d0]:main():compute-mfcc-feats.cc:182) Processed features for key VIVOSSPK13-002
VLOG[2] (compute-mfcc-feats[5.5.987~1-eb8d0]:main():compute-mfcc-feats.cc:182) Processed features for key VIVOSSPK13-003
VLOG[2] (compute-mfcc-feats[5.5.987~1-eb8d0]:main():compute-mfcc-feats.cc:182) Processed features for key VIVOSSPK13-004
VLOG[2] (compute-mfcc-feats[5.5.987~1-eb8d0]:main():compute-mfcc-feats.cc:182) Processed features for key VIVOSSPK13-005
LOG (compute-mfcc-feats[5.5.987~1-eb8d0]:main():compute-mfcc-feats.cc:181) Processed 90 utterances
VLOG[2] (compute-mfcc-feats[5.5.987~1-eb8d0]:main():compute-mfcc-feats.cc:182) Processed features for key VIVOSSPK13-006
VLOG[2] (compute-mfcc-feats[5.5.987~1-eb8d0]:main():compute-mfcc-feats.cc:182) Processed features for key VIVOSSPK13-007
VLOG[2] (compute-mfcc-feats[5.5.987~1-eb8d0]:main():compute-mfcc-feats.cc:182) Processed features for key VIVOSSPK13-008
VLOG[2] (compute-mfcc-feats[5.5.987~1-eb8d0]:main():compute-mfcc-feats.cc:182) Processed features for key VIVOSSPK13-009
VLOG[2] (compute-mfcc-feats[5.5.987~1-eb8d0]:main():compute-mfcc-feats.cc:182) Processed features for key VIVOSSPK13-010
VLOG[2] (compute-mfcc-feats[5.5.987~1-eb8d0]:main():compute-mfcc-feats.cc:182) Processed features for key VIVOSSPK13-011
VLOG[2] (compute-mfcc-feats[5.5.987~1-eb8d0]:main():compute-mfcc-feats.cc:182) Processed features for key VIVOSSPK13-012
VLOG[2] (compute-mfcc-feats[5.5.987~1-eb8d0]:main():compute-mfcc-feats.cc:182) Processed features for key VIVOSSPK13-013
VLOG[2] (compute-mfcc-feats[5.5.987~1-eb8d0]:main():compute-mfcc-feats.cc:182) Processed features for key VIVOSSPK13-014
VLOG[2] (compute-mfcc-feats[5.5.987~1-eb8d0]:main():compute-mfcc-feats.cc:182) Processed features for key VIVOSSPK13-015
LOG (compute-mfcc-feats[5.5.987~1-eb8d0]:main():compute-mfcc-feats.cc:181) Processed 100 utterances
VLOG[2] (compute-mfcc-feats[5.5.987~1-eb8d0]:main():compute-mfcc-feats.cc:182) Processed features for key VIVOSSPK13-016
VLOG[2] (compute-mfcc-feats[5.5.987~1-eb8d0]:main():compute-mfcc-feats.cc:182) Processed features for key VIVOSSPK13-017
VLOG[2] (compute-mfcc-feats[5.5.987~1-eb8d0]:main():compute-mfcc-feats.cc:182) Processed features for key VIVOSSPK13-018
VLOG[2] (compute-mfcc-feats[5.5.987~1-eb8d0]:main():compute-mfcc-feats.cc:182) Processed features for key VIVOSSPK13-019
VLOG[2] (compute-mfcc-feats[5.5.987~1-eb8d0]:main():compute-mfcc-feats.cc:182) Processed features for key VIVOSSPK13-020
VLOG[2] (compute-mfcc-feats[5.5.987~1-eb8d0]:main():compute-mfcc-feats.cc:182) Processed features for key VIVOSSPK13-021
VLOG[2] (compute-mfcc-feats[5.5.987~1-eb8d0]:main():compute-mfcc-feats.cc:182) Processed features for key VIVOSSPK13-022
VLOG[2] (compute-mfcc-feats[5.5.987~1-eb8d0]:main():compute-mfcc-feats.cc:182) Processed features for key VIVOSSPK13-023
VLOG[2] (compute-mfcc-feats[5.5.987~1-eb8d0]:main():compute-mfcc-feats.cc:182) Processed features for key VIVOSSPK13-024
VLOG[2] (compute-mfcc-feats[5.5.987~1-eb8d0]:main():compute-mfcc-feats.cc:182) Processed features for key VIVOSSPK13-025
LOG (compute-mfcc-feats[5.5.987~1-eb8d0]:main():compute-mfcc-feats.cc:181) Processed 110 utterances
VLOG[2] (compute-mfcc-feats[5.5.987~1-eb8d0]:main():compute-mfcc-feats.cc:182) Processed features for key VIVOSSPK13-026
VLOG[2] (compute-mfcc-feats[5.5.987~1-eb8d0]:main():compute-mfcc-feats.cc:182) Processed features for key VIVOSSPK13-027
VLOG[2] (compute-mfcc-feats[5.5.987~1-eb8d0]:main():compute-mfcc-feats.cc:182) Processed features for key VIVOSSPK13-028
VLOG[2] (compute-mfcc-feats[5.5.987~1-eb8d0]:main():compute-mfcc-feats.cc:182) Processed features for key VIVOSSPK13-029
VLOG[2] (compute-mfcc-feats[5.5.987~1-eb8d0]:main():compute-mfcc-feats.cc:182) Processed features for key VIVOSSPK13-030
VLOG[2] (compute-mfcc-feats[5.5.987~1-eb8d0]:main():compute-mfcc-feats.cc:182) Processed features for key VIVOSSPK13-031
VLOG[2] (compute-mfcc-feats[5.5.987~1-eb8d0]:main():compute-mfcc-feats.cc:182) Processed features for key VIVOSSPK13-032
VLOG[2] (compute-mfcc-feats[5.5.987~1-eb8d0]:main():compute-mfcc-feats.cc:182) Processed features for key VIVOSSPK13-033
VLOG[2] (compute-mfcc-feats[5.5.987~1-eb8d0]:main():compute-mfcc-feats.cc:182) Processed features for key VIVOSSPK13-034
VLOG[2] (compute-mfcc-feats[5.5.987~1-eb8d0]:main():compute-mfcc-feats.cc:182) Processed features for key VIVOSSPK13-035
LOG (compute-mfcc-feats[5.5.987~1-eb8d0]:main():compute-mfcc-feats.cc:181) Processed 120 utterances
VLOG[2] (compute-mfcc-feats[5.5.987~1-eb8d0]:main():compute-mfcc-feats.cc:182) Processed features for key VIVOSSPK13-036
VLOG[2] (compute-mfcc-feats[5.5.987~1-eb8d0]:main():compute-mfcc-feats.cc:182) Processed features for key VIVOSSPK13-037
VLOG[2] (compute-mfcc-feats[5.5.987~1-eb8d0]:main():compute-mfcc-feats.cc:182) Processed features for key VIVOSSPK13-038
VLOG[2] (compute-mfcc-feats[5.5.987~1-eb8d0]:main():compute-mfcc-feats.cc:182) Processed features for key VIVOSSPK13-039
VLOG[2] (compute-mfcc-feats[5.5.987~1-eb8d0]:main():compute-mfcc-feats.cc:182) Processed features for key VIVOSSPK13-040
VLOG[2] (compute-mfcc-feats[5.5.987~1-eb8d0]:main():compute-mfcc-feats.cc:182) Processed features for key VIVOSSPK13-041
VLOG[2] (compute-mfcc-feats[5.5.987~1-eb8d0]:main():compute-mfcc-feats.cc:182) Processed features for key VIVOSSPK13-042
VLOG[2] (compute-mfcc-feats[5.5.987~1-eb8d0]:main():compute-mfcc-feats.cc:182) Processed features for key VIVOSSPK13-043
VLOG[2] (compute-mfcc-feats[5.5.987~1-eb8d0]:main():compute-mfcc-feats.cc:182) Processed features for key VIVOSSPK13-044
VLOG[2] (compute-mfcc-feats[5.5.987~1-eb8d0]:main():compute-mfcc-feats.cc:182) Processed features for key VIVOSSPK13-045
LOG (compute-mfcc-feats[5.5.987~1-eb8d0]:main():compute-mfcc-feats.cc:181) Processed 130 utterances
VLOG[2] (compute-mfcc-feats[5.5.987~1-eb8d0]:main():compute-mfcc-feats.cc:182) Processed features for key VIVOSSPK13-046
VLOG[2] (compute-mfcc-feats[5.5.987~1-eb8d0]:main():compute-mfcc-feats.cc:182) Processed features for key VIVOSSPK13-047
VLOG[2] (compute-mfcc-feats[5.5.987~1-eb8d0]:main():compute-mfcc-feats.cc:182) Processed features for key VIVOSSPK13-048
VLOG[2] (compute-mfcc-feats[5.5.987~1-eb8d0]:main():compute-mfcc-feats.cc:182) Processed features for key VIVOSSPK13-049
VLOG[2] (compute-mfcc-feats[5.5.987~1-eb8d0]:main():compute-mfcc-feats.cc:182) Processed features for key VIVOSSPK13-050
VLOG[2] (compute-mfcc-feats[5.5.987~1-eb8d0]:main():compute-mfcc-feats.cc:182) Processed features for key VIVOSSPK13-051
VLOG[2] (compute-mfcc-feats[5.5.987~1-eb8d0]:main():compute-mfcc-feats.cc:182) Processed features for key VIVOSSPK13-052
VLOG[2] (compute-mfcc-feats[5.5.987~1-eb8d0]:main():compute-mfcc-feats.cc:182) Processed features for key VIVOSSPK13-053
VLOG[2] (compute-mfcc-feats[5.5.987~1-eb8d0]:main():compute-mfcc-feats.cc:182) Processed features for key VIVOSSPK13-054
VLOG[2] (compute-mfcc-feats[5.5.987~1-eb8d0]:main():compute-mfcc-feats.cc:182) Processed features for key VIVOSSPK13-055
LOG (compute-mfcc-feats[5.5.987~1-eb8d0]:main():compute-mfcc-feats.cc:181) Processed 140 utterances
VLOG[2] (compute-mfcc-feats[5.5.987~1-eb8d0]:main():compute-mfcc-feats.cc:182) Processed features for key VIVOSSPK13-056
VLOG[2] (compute-mfcc-feats[5.5.987~1-eb8d0]:main():compute-mfcc-feats.cc:182) Processed features for key VIVOSSPK13-057
VLOG[2] (compute-mfcc-feats[5.5.987~1-eb8d0]:main():compute-mfcc-feats.cc:182) Processed features for key VIVOSSPK13-058
VLOG[2] (compute-mfcc-feats[5.5.987~1-eb8d0]:main():compute-mfcc-feats.cc:182) Processed features for key VIVOSSPK13-059
VLOG[2] (compute-mfcc-feats[5.5.987~1-eb8d0]:main():compute-mfcc-feats.cc:182) Processed features for key VIVOSSPK13-060
VLOG[2] (compute-mfcc-feats[5.5.987~1-eb8d0]:main():compute-mfcc-feats.cc:182) Processed features for key VIVOSSPK13-061
VLOG[2] (compute-mfcc-feats[5.5.987~1-eb8d0]:main():compute-mfcc-feats.cc:182) Processed features for key VIVOSSPK13-062
VLOG[2] (compute-mfcc-feats[5.5.987~1-eb8d0]:main():compute-mfcc-feats.cc:182) Processed features for key VIVOSSPK13-063
VLOG[2] (compute-mfcc-feats[5.5.987~1-eb8d0]:main():compute-mfcc-feats.cc:182) Processed features for key VIVOSSPK13-064
VLOG[2] (compute-mfcc-feats[5.5.987~1-eb8d0]:main():compute-mfcc-feats.cc:182) Processed features for key VIVOSSPK13-065
LOG (compute-mfcc-feats[5.5.987~1-eb8d0]:main():compute-mfcc-feats.cc:181) Processed 150 utterances
VLOG[2] (compute-mfcc-feats[5.5.987~1-eb8d0]:main():compute-mfcc-feats.cc:182) Processed features for key VIVOSSPK13-066
VLOG[2] (compute-mfcc-feats[5.5.987~1-eb8d0]:main():compute-mfcc-feats.cc:182) Processed features for key VIVOSSPK13-067
VLOG[2] (compute-mfcc-feats[5.5.987~1-eb8d0]:main():compute-mfcc-feats.cc:182) Processed features for key VIVOSSPK13-068
VLOG[2] (compute-mfcc-feats[5.5.987~1-eb8d0]:main():compute-mfcc-feats.cc:182) Processed features for key VIVOSSPK13-069
VLOG[2] (compute-mfcc-feats[5.5.987~1-eb8d0]:main():compute-mfcc-feats.cc:182) Processed features for key VIVOSSPK13-070
VLOG[2] (compute-mfcc-feats[5.5.987~1-eb8d0]:main():compute-mfcc-feats.cc:182) Processed features for key VIVOSSPK13-071
VLOG[2] (compute-mfcc-feats[5.5.987~1-eb8d0]:main():compute-mfcc-feats.cc:182) Processed features for key VIVOSSPK13-072
VLOG[2] (compute-mfcc-feats[5.5.987~1-eb8d0]:main():compute-mfcc-feats.cc:182) Processed features for key VIVOSSPK13-073
VLOG[2] (compute-mfcc-feats[5.5.987~1-eb8d0]:main():compute-mfcc-feats.cc:182) Processed features for key VIVOSSPK13-074
VLOG[2] (compute-mfcc-feats[5.5.987~1-eb8d0]:main():compute-mfcc-feats.cc:182) Processed features for key VIVOSSPK13-075
LOG (compute-mfcc-feats[5.5.987~1-eb8d0]:main():compute-mfcc-feats.cc:181) Processed 160 utterances
VLOG[2] (compute-mfcc-feats[5.5.987~1-eb8d0]:main():compute-mfcc-feats.cc:182) Processed features for key VIVOSSPK13-076
VLOG[2] (compute-mfcc-feats[5.5.987~1-eb8d0]:main():compute-mfcc-feats.cc:182) Processed features for key VIVOSSPK13-077
VLOG[2] (compute-mfcc-feats[5.5.987~1-eb8d0]:main():compute-mfcc-feats.cc:182) Processed features for key VIVOSSPK13-078
VLOG[2] (compute-mfcc-feats[5.5.987~1-eb8d0]:main():compute-mfcc-feats.cc:182) Processed features for key VIVOSSPK13-079
VLOG[2] (compute-mfcc-feats[5.5.987~1-eb8d0]:main():compute-mfcc-feats.cc:182) Processed features for key VIVOSSPK13-080
VLOG[2] (compute-mfcc-feats[5.5.987~1-eb8d0]:main():compute-mfcc-feats.cc:182) Processed features for key VIVOSSPK13-081
VLOG[2] (compute-mfcc-feats[5.5.987~1-eb8d0]:main():compute-mfcc-feats.cc:182) Processed features for key VIVOSSPK13-082
VLOG[2] (compute-mfcc-feats[5.5.987~1-eb8d0]:main():compute-mfcc-feats.cc:182) Processed features for key VIVOSSPK13-083
VLOG[2] (compute-mfcc-feats[5.5.987~1-eb8d0]:main():compute-mfcc-feats.cc:182) Processed features for key VIVOSSPK13-084
VLOG[2] (compute-mfcc-feats[5.5.987~1-eb8d0]:main():compute-mfcc-feats.cc:182) Processed features for key VIVOSSPK13-085
LOG (compute-mfcc-feats[5.5.987~1-eb8d0]:main():compute-mfcc-feats.cc:181) Processed 170 utterances
VLOG[2] (compute-mfcc-feats[5.5.987~1-eb8d0]:main():compute-mfcc-feats.cc:182) Processed features for key VIVOSSPK13-086
VLOG[2] (compute-mfcc-feats[5.5.987~1-eb8d0]:main():compute-mfcc-feats.cc:182) Processed features for key VIVOSSPK13-087
VLOG[2] (compute-mfcc-feats[5.5.987~1-eb8d0]:main():compute-mfcc-feats.cc:182) Processed features for key VIVOSSPK13-088
VLOG[2] (compute-mfcc-feats[5.5.987~1-eb8d0]:main():compute-mfcc-feats.cc:182) Processed features for key VIVOSSPK13-089
VLOG[2] (compute-mfcc-feats[5.5.987~1-eb8d0]:main():compute-mfcc-feats.cc:182) Processed features for key VIVOSSPK13-090
VLOG[2] (compute-mfcc-feats[5.5.987~1-eb8d0]:main():compute-mfcc-feats.cc:182) Processed features for key VIVOSSPK13-091
VLOG[2] (compute-mfcc-feats[5.5.987~1-eb8d0]:main():compute-mfcc-feats.cc:182) Processed features for key VIVOSSPK13-092
VLOG[2] (compute-mfcc-feats[5.5.987~1-eb8d0]:main():compute-mfcc-feats.cc:182) Processed features for key VIVOSSPK13-093
VLOG[2] (compute-mfcc-feats[5.5.987~1-eb8d0]:main():compute-mfcc-feats.cc:182) Processed features for key VIVOSSPK13-094
VLOG[2] (compute-mfcc-feats[5.5.987~1-eb8d0]:main():compute-mfcc-feats.cc:182) Processed features for key VIVOSSPK13-095
LOG (compute-mfcc-feats[5.5.987~1-eb8d0]:main():compute-mfcc-feats.cc:181) Processed 180 utterances
VLOG[2] (compute-mfcc-feats[5.5.987~1-eb8d0]:main():compute-mfcc-feats.cc:182) Processed features for key VIVOSSPK13-096
VLOG[2] (compute-mfcc-feats[5.5.987~1-eb8d0]:main():compute-mfcc-feats.cc:182) Processed features for key VIVOSSPK13-097
VLOG[2] (compute-mfcc-feats[5.5.987~1-eb8d0]:main():compute-mfcc-feats.cc:182) Processed features for key VIVOSSPK13-098
VLOG[2] (compute-mfcc-feats[5.5.987~1-eb8d0]:main():compute-mfcc-feats.cc:182) Processed features for key VIVOSSPK13-099
VLOG[2] (compute-mfcc-feats[5.5.987~1-eb8d0]:main():compute-mfcc-feats.cc:182) Processed features for key VIVOSSPK13-100
VLOG[2] (compute-mfcc-feats[5.5.987~1-eb8d0]:main():compute-mfcc-feats.cc:182) Processed features for key VIVOSSPK13-101
VLOG[2] (compute-mfcc-feats[5.5.987~1-eb8d0]:main():compute-mfcc-feats.cc:182) Processed features for key VIVOSSPK13-102
VLOG[2] (compute-mfcc-feats[5.5.987~1-eb8d0]:main():compute-mfcc-feats.cc:182) Processed features for key VIVOSSPK13-103
VLOG[2] (compute-mfcc-feats[5.5.987~1-eb8d0]:main():compute-mfcc-feats.cc:182) Processed features for key VIVOSSPK13-104
VLOG[2] (compute-mfcc-feats[5.5.987~1-eb8d0]:main():compute-mfcc-feats.cc:182) Processed features for key VIVOSSPK13-105
LOG (compute-mfcc-feats[5.5.987~1-eb8d0]:main():compute-mfcc-feats.cc:181) Processed 190 utterances
VLOG[2] (compute-mfcc-feats[5.5.987~1-eb8d0]:main():compute-mfcc-feats.cc:182) Processed features for key VIVOSSPK13-106
VLOG[2] (compute-mfcc-feats[5.5.987~1-eb8d0]:main():compute-mfcc-feats.cc:182) Processed features for key VIVOSSPK13-107
VLOG[2] (compute-mfcc-feats[5.5.987~1-eb8d0]:main():compute-mfcc-feats.cc:182) Processed features for key VIVOSSPK13-108
VLOG[2] (compute-mfcc-feats[5.5.987~1-eb8d0]:main():compute-mfcc-feats.cc:182) Processed features for key VIVOSSPK13-109
VLOG[2] (compute-mfcc-feats[5.5.987~1-eb8d0]:main():compute-mfcc-feats.cc:182) Processed features for key VIVOSSPK13-110
VLOG[2] (compute-mfcc-feats[5.5.987~1-eb8d0]:main():compute-mfcc-feats.cc:182) Processed features for key VIVOSSPK13-111
VLOG[2] (compute-mfcc-feats[5.5.987~1-eb8d0]:main():compute-mfcc-feats.cc:182) Processed features for key VIVOSSPK13-112
VLOG[2] (compute-mfcc-feats[5.5.987~1-eb8d0]:main():compute-mfcc-feats.cc:182) Processed features for key VIVOSSPK13-113
VLOG[2] (compute-mfcc-feats[5.5.987~1-eb8d0]:main():compute-mfcc-feats.cc:182) Processed features for key VIVOSSPK13-114
VLOG[2] (compute-mfcc-feats[5.5.987~1-eb8d0]:main():compute-mfcc-feats.cc:182) Processed features for key VIVOSSPK13-115
LOG (compute-mfcc-feats[5.5.987~1-eb8d0]:main():compute-mfcc-feats.cc:181) Processed 200 utterances
VLOG[2] (compute-mfcc-feats[5.5.987~1-eb8d0]:main():compute-mfcc-feats.cc:182) Processed features for key VIVOSSPK13-116
VLOG[2] (compute-mfcc-feats[5.5.987~1-eb8d0]:main():compute-mfcc-feats.cc:182) Processed features for key VIVOSSPK13-117
VLOG[2] (compute-mfcc-feats[5.5.987~1-eb8d0]:main():compute-mfcc-feats.cc:182) Processed features for key VIVOSSPK13-118
VLOG[2] (compute-mfcc-feats[5.5.987~1-eb8d0]:main():compute-mfcc-feats.cc:182) Processed features for key VIVOSSPK13-119
VLOG[2] (compute-mfcc-feats[5.5.987~1-eb8d0]:main():compute-mfcc-feats.cc:182) Processed features for key VIVOSSPK13-120
VLOG[2] (compute-mfcc-feats[5.5.987~1-eb8d0]:main():compute-mfcc-feats.cc:182) Processed features for key VIVOSSPK13-121
VLOG[2] (compute-mfcc-feats[5.5.987~1-eb8d0]:main():compute-mfcc-feats.cc:182) Processed features for key VIVOSSPK13-122
VLOG[2] (compute-mfcc-feats[5.5.987~1-eb8d0]:main():compute-mfcc-feats.cc:182) Processed features for key VIVOSSPK13-123
VLOG[2] (compute-mfcc-feats[5.5.987~1-eb8d0]:main():compute-mfcc-feats.cc:182) Processed features for key VIVOSSPK13-124
VLOG[2] (compute-mfcc-feats[5.5.987~1-eb8d0]:main():compute-mfcc-feats.cc:182) Processed features for key VIVOSSPK13-125
LOG (compute-mfcc-feats[5.5.987~1-eb8d0]:main():compute-mfcc-feats.cc:181) Processed 210 utterances
VLOG[2] (compute-mfcc-feats[5.5.987~1-eb8d0]:main():compute-mfcc-feats.cc:182) Processed features for key VIVOSSPK13-126
VLOG[2] (compute-mfcc-feats[5.5.987~1-eb8d0]:main():compute-mfcc-feats.cc:182) Processed features for key VIVOSSPK13-127
VLOG[2] (compute-mfcc-feats[5.5.987~1-eb8d0]:main():compute-mfcc-feats.cc:182) Processed features for key VIVOSSPK13-128
VLOG[2] (compute-mfcc-feats[5.5.987~1-eb8d0]:main():compute-mfcc-feats.cc:182) Processed features for key VIVOSSPK13-129
VLOG[2] (compute-mfcc-feats[5.5.987~1-eb8d0]:main():compute-mfcc-feats.cc:182) Processed features for key VIVOSSPK13-130
VLOG[2] (compute-mfcc-feats[5.5.987~1-eb8d0]:main():compute-mfcc-feats.cc:182) Processed features for key VIVOSSPK13-131
VLOG[2] (compute-mfcc-feats[5.5.987~1-eb8d0]:main():compute-mfcc-feats.cc:182) Processed features for key VIVOSSPK13-132
VLOG[2] (compute-mfcc-feats[5.5.987~1-eb8d0]:main():compute-mfcc-feats.cc:182) Processed features for key VIVOSSPK13-133
VLOG[2] (compute-mfcc-feats[5.5.987~1-eb8d0]:main():compute-mfcc-feats.cc:182) Processed features for key VIVOSSPK13-134
VLOG[2] (compute-mfcc-feats[5.5.987~1-eb8d0]:main():compute-mfcc-feats.cc:182) Processed features for key VIVOSSPK13-135
LOG (compute-mfcc-feats[5.5.987~1-eb8d0]:main():compute-mfcc-feats.cc:181) Processed 220 utterances
VLOG[2] (compute-mfcc-feats[5.5.987~1-eb8d0]:main():compute-mfcc-feats.cc:182) Processed features for key VIVOSSPK13-136
VLOG[2] (compute-mfcc-feats[5.5.987~1-eb8d0]:main():compute-mfcc-feats.cc:182) Processed features for key VIVOSSPK13-137
VLOG[2] (compute-mfcc-feats[5.5.987~1-eb8d0]:main():compute-mfcc-feats.cc:182) Processed features for key VIVOSSPK13-138
VLOG[2] (compute-mfcc-feats[5.5.987~1-eb8d0]:main():compute-mfcc-feats.cc:182) Processed features for key VIVOSSPK13-139
VLOG[2] (compute-mfcc-feats[5.5.987~1-eb8d0]:main():compute-mfcc-feats.cc:182) Processed features for key VIVOSSPK13-140
VLOG[2] (compute-mfcc-feats[5.5.987~1-eb8d0]:main():compute-mfcc-feats.cc:182) Processed features for key VIVOSSPK13-141
VLOG[2] (compute-mfcc-feats[5.5.987~1-eb8d0]:main():compute-mfcc-feats.cc:182) Processed features for key VIVOSSPK13-142
VLOG[2] (compute-mfcc-feats[5.5.987~1-eb8d0]:main():compute-mfcc-feats.cc:182) Processed features for key VIVOSSPK13-143
VLOG[2] (compute-mfcc-feats[5.5.987~1-eb8d0]:main():compute-mfcc-feats.cc:182) Processed features for key VIVOSSPK13-144
VLOG[2] (compute-mfcc-feats[5.5.987~1-eb8d0]:main():compute-mfcc-feats.cc:182) Processed features for key VIVOSSPK13-145
LOG (compute-mfcc-feats[5.5.987~1-eb8d0]:main():compute-mfcc-feats.cc:181) Processed 230 utterances
VLOG[2] (compute-mfcc-feats[5.5.987~1-eb8d0]:main():compute-mfcc-feats.cc:182) Processed features for key VIVOSSPK13-146
VLOG[2] (compute-mfcc-feats[5.5.987~1-eb8d0]:main():compute-mfcc-feats.cc:182) Processed features for key VIVOSSPK13-147
VLOG[2] (compute-mfcc-feats[5.5.987~1-eb8d0]:main():compute-mfcc-feats.cc:182) Processed features for key VIVOSSPK13-148
VLOG[2] (compute-mfcc-feats[5.5.987~1-eb8d0]:main():compute-mfcc-feats.cc:182) Processed features for key VIVOSSPK13-149
VLOG[2] (compute-mfcc-feats[5.5.987~1-eb8d0]:main():compute-mfcc-feats.cc:182) Processed features for key VIVOSSPK13-150
VLOG[2] (compute-mfcc-feats[5.5.987~1-eb8d0]:main():compute-mfcc-feats.cc:182) Processed features for key VIVOSSPK13-151
VLOG[2] (compute-mfcc-feats[5.5.987~1-eb8d0]:main():compute-mfcc-feats.cc:182) Processed features for key VIVOSSPK13-152
VLOG[2] (compute-mfcc-feats[5.5.987~1-eb8d0]:main():compute-mfcc-feats.cc:182) Processed features for key VIVOSSPK13-153
VLOG[2] (compute-mfcc-feats[5.5.987~1-eb8d0]:main():compute-mfcc-feats.cc:182) Processed features for key VIVOSSPK13-154
VLOG[2] (compute-mfcc-feats[5.5.987~1-eb8d0]:main():compute-mfcc-feats.cc:182) Processed features for key VIVOSSPK13-155
LOG (compute-mfcc-feats[5.5.987~1-eb8d0]:main():compute-mfcc-feats.cc:181) Processed 240 utterances
VLOG[2] (compute-mfcc-feats[5.5.987~1-eb8d0]:main():compute-mfcc-feats.cc:182) Processed features for key VIVOSSPK13-156
VLOG[2] (compute-mfcc-feats[5.5.987~1-eb8d0]:main():compute-mfcc-feats.cc:182) Processed features for key VIVOSSPK13-157
VLOG[2] (compute-mfcc-feats[5.5.987~1-eb8d0]:main():compute-mfcc-feats.cc:182) Processed features for key VIVOSSPK13-158
VLOG[2] (compute-mfcc-feats[5.5.987~1-eb8d0]:main():compute-mfcc-feats.cc:182) Processed features for key VIVOSSPK13-159
VLOG[2] (compute-mfcc-feats[5.5.987~1-eb8d0]:main():compute-mfcc-feats.cc:182) Processed features for key VIVOSSPK13-160
VLOG[2] (compute-mfcc-feats[5.5.987~1-eb8d0]:main():compute-mfcc-feats.cc:182) Processed features for key VIVOSSPK13-161
VLOG[2] (compute-mfcc-feats[5.5.987~1-eb8d0]:main():compute-mfcc-feats.cc:182) Processed features for key VIVOSSPK13-162
VLOG[2] (compute-mfcc-feats[5.5.987~1-eb8d0]:main():compute-mfcc-feats.cc:182) Processed features for key VIVOSSPK13-163
VLOG[2] (compute-mfcc-feats[5.5.987~1-eb8d0]:main():compute-mfcc-feats.cc:182) Processed features for key VIVOSSPK13-164
VLOG[2] (compute-mfcc-feats[5.5.987~1-eb8d0]:main():compute-mfcc-feats.cc:182) Processed features for key VIVOSSPK13-165
LOG (compute-mfcc-feats[5.5.987~1-eb8d0]:main():compute-mfcc-feats.cc:181) Processed 250 utterances
VLOG[2] (compute-mfcc-feats[5.5.987~1-eb8d0]:main():compute-mfcc-feats.cc:182) Processed features for key VIVOSSPK13-166
VLOG[2] (compute-mfcc-feats[5.5.987~1-eb8d0]:main():compute-mfcc-feats.cc:182) Processed features for key VIVOSSPK13-167
VLOG[2] (compute-mfcc-feats[5.5.987~1-eb8d0]:main():compute-mfcc-feats.cc:182) Processed features for key VIVOSSPK13-168
VLOG[2] (compute-mfcc-feats[5.5.987~1-eb8d0]:main():compute-mfcc-feats.cc:182) Processed features for key VIVOSSPK13-169
VLOG[2] (compute-mfcc-feats[5.5.987~1-eb8d0]:main():compute-mfcc-feats.cc:182) Processed features for key VIVOSSPK13-170
VLOG[2] (compute-mfcc-feats[5.5.987~1-eb8d0]:main():compute-mfcc-feats.cc:182) Processed features for key VIVOSSPK13-171
VLOG[2] (compute-mfcc-feats[5.5.987~1-eb8d0]:main():compute-mfcc-feats.cc:182) Processed features for key VIVOSSPK13-172
VLOG[2] (compute-mfcc-feats[5.5.987~1-eb8d0]:main():compute-mfcc-feats.cc:182) Processed features for key VIVOSSPK13-173
VLOG[2] (compute-mfcc-feats[5.5.987~1-eb8d0]:main():compute-mfcc-feats.cc:182) Processed features for key VIVOSSPK13-174
VLOG[2] (compute-mfcc-feats[5.5.987~1-eb8d0]:main():compute-mfcc-feats.cc:182) Processed features for key VIVOSSPK13-175
LOG (compute-mfcc-feats[5.5.987~1-eb8d0]:main():compute-mfcc-feats.cc:181) Processed 260 utterances
VLOG[2] (compute-mfcc-feats[5.5.987~1-eb8d0]:main():compute-mfcc-feats.cc:182) Processed features for key VIVOSSPK13-176
VLOG[2] (compute-mfcc-feats[5.5.987~1-eb8d0]:main():compute-mfcc-feats.cc:182) Processed features for key VIVOSSPK13-177
VLOG[2] (compute-mfcc-feats[5.5.987~1-eb8d0]:main():compute-mfcc-feats.cc:182) Processed features for key VIVOSSPK13-178
VLOG[2] (compute-mfcc-feats[5.5.987~1-eb8d0]:main():compute-mfcc-feats.cc:182) Processed features for key VIVOSSPK13-179
VLOG[2] (compute-mfcc-feats[5.5.987~1-eb8d0]:main():compute-mfcc-feats.cc:182) Processed features for key VIVOSSPK13-180
VLOG[2] (compute-mfcc-feats[5.5.987~1-eb8d0]:main():compute-mfcc-feats.cc:182) Processed features for key VIVOSSPK13-181
VLOG[2] (compute-mfcc-feats[5.5.987~1-eb8d0]:main():compute-mfcc-feats.cc:182) Processed features for key VIVOSSPK13-182
VLOG[2] (compute-mfcc-feats[5.5.987~1-eb8d0]:main():compute-mfcc-feats.cc:182) Processed features for key VIVOSSPK13-183
VLOG[2] (compute-mfcc-feats[5.5.987~1-eb8d0]:main():compute-mfcc-feats.cc:182) Processed features for key VIVOSSPK13-184
VLOG[2] (compute-mfcc-feats[5.5.987~1-eb8d0]:main():compute-mfcc-feats.cc:182) Processed features for key VIVOSSPK13-185
LOG (compute-mfcc-feats[5.5.987~1-eb8d0]:main():compute-mfcc-feats.cc:181) Processed 270 utterances
VLOG[2] (compute-mfcc-feats[5.5.987~1-eb8d0]:main():compute-mfcc-feats.cc:182) Processed features for key VIVOSSPK13-186
VLOG[2] (compute-mfcc-feats[5.5.987~1-eb8d0]:main():compute-mfcc-feats.cc:182) Processed features for key VIVOSSPK13-187
VLOG[2] (compute-mfcc-feats[5.5.987~1-eb8d0]:main():compute-mfcc-feats.cc:182) Processed features for key VIVOSSPK13-188
VLOG[2] (compute-mfcc-feats[5.5.987~1-eb8d0]:main():compute-mfcc-feats.cc:182) Processed features for key VIVOSSPK13-189
VLOG[2] (compute-mfcc-feats[5.5.987~1-eb8d0]:main():compute-mfcc-feats.cc:182) Processed features for key VIVOSSPK13-190
VLOG[2] (compute-mfcc-feats[5.5.987~1-eb8d0]:main():compute-mfcc-feats.cc:182) Processed features for key VIVOSSPK13-191
VLOG[2] (compute-mfcc-feats[5.5.987~1-eb8d0]:main():compute-mfcc-feats.cc:182) Processed features for key VIVOSSPK13-192
VLOG[2] (compute-mfcc-feats[5.5.987~1-eb8d0]:main():compute-mfcc-feats.cc:182) Processed features for key VIVOSSPK13-193
VLOG[2] (compute-mfcc-feats[5.5.987~1-eb8d0]:main():compute-mfcc-feats.cc:182) Processed features for key VIVOSSPK13-194
VLOG[2] (compute-mfcc-feats[5.5.987~1-eb8d0]:main():compute-mfcc-feats.cc:182) Processed features for key VIVOSSPK13-195
LOG (compute-mfcc-feats[5.5.987~1-eb8d0]:main():compute-mfcc-feats.cc:181) Processed 280 utterances
VLOG[2] (compute-mfcc-feats[5.5.987~1-eb8d0]:main():compute-mfcc-feats.cc:182) Processed features for key VIVOSSPK13-196
VLOG[2] (compute-mfcc-feats[5.5.987~1-eb8d0]:main():compute-mfcc-feats.cc:182) Processed features for key VIVOSSPK13-197
VLOG[2] (compute-mfcc-feats[5.5.987~1-eb8d0]:main():compute-mfcc-feats.cc:182) Processed features for key VIVOSSPK13-198
VLOG[2] (compute-mfcc-feats[5.5.987~1-eb8d0]:main():compute-mfcc-feats.cc:182) Processed features for key VIVOSSPK13-199
VLOG[2] (compute-mfcc-feats[5.5.987~1-eb8d0]:main():compute-mfcc-feats.cc:182) Processed features for key VIVOSSPK13-200
VLOG[2] (compute-mfcc-feats[5.5.987~1-eb8d0]:main():compute-mfcc-feats.cc:182) Processed features for key VIVOSSPK13-201
VLOG[2] (compute-mfcc-feats[5.5.987~1-eb8d0]:main():compute-mfcc-feats.cc:182) Processed features for key VIVOSSPK13-202
VLOG[2] (compute-mfcc-feats[5.5.987~1-eb8d0]:main():compute-mfcc-feats.cc:182) Processed features for key VIVOSSPK13-203
VLOG[2] (compute-mfcc-feats[5.5.987~1-eb8d0]:main():compute-mfcc-feats.cc:182) Processed features for key VIVOSSPK13-204
VLOG[2] (compute-mfcc-feats[5.5.987~1-eb8d0]:main():compute-mfcc-feats.cc:182) Processed features for key VIVOSSPK13-205
LOG (compute-mfcc-feats[5.5.987~1-eb8d0]:main():compute-mfcc-feats.cc:181) Processed 290 utterances
VLOG[2] (compute-mfcc-feats[5.5.987~1-eb8d0]:main():compute-mfcc-feats.cc:182) Processed features for key VIVOSSPK13-206
VLOG[2] (compute-mfcc-feats[5.5.987~1-eb8d0]:main():compute-mfcc-feats.cc:182) Processed features for key VIVOSSPK13-207
VLOG[2] (compute-mfcc-feats[5.5.987~1-eb8d0]:main():compute-mfcc-feats.cc:182) Processed features for key VIVOSSPK13-208
VLOG[2] (compute-mfcc-feats[5.5.987~1-eb8d0]:main():compute-mfcc-feats.cc:182) Processed features for key VIVOSSPK13-209
VLOG[2] (compute-mfcc-feats[5.5.987~1-eb8d0]:main():compute-mfcc-feats.cc:182) Processed features for key VIVOSSPK13-210
VLOG[2] (compute-mfcc-feats[5.5.987~1-eb8d0]:main():compute-mfcc-feats.cc:182) Processed features for key VIVOSSPK13-211
VLOG[2] (compute-mfcc-feats[5.5.987~1-eb8d0]:main():compute-mfcc-feats.cc:182) Processed features for key VIVOSSPK13-212
VLOG[2] (compute-mfcc-feats[5.5.987~1-eb8d0]:main():compute-mfcc-feats.cc:182) Processed features for key VIVOSSPK13-213
VLOG[2] (compute-mfcc-feats[5.5.987~1-eb8d0]:main():compute-mfcc-feats.cc:182) Processed features for key VIVOSSPK13-214
VLOG[2] (compute-mfcc-feats[5.5.987~1-eb8d0]:main():compute-mfcc-feats.cc:182) Processed features for key VIVOSSPK13-215
LOG (compute-mfcc-feats[5.5.987~1-eb8d0]:main():compute-mfcc-feats.cc:181) Processed 300 utterances
VLOG[2] (compute-mfcc-feats[5.5.987~1-eb8d0]:main():compute-mfcc-feats.cc:182) Processed features for key VIVOSSPK13-216
VLOG[2] (compute-mfcc-feats[5.5.987~1-eb8d0]:main():compute-mfcc-feats.cc:182) Processed features for key VIVOSSPK13-217
VLOG[2] (compute-mfcc-feats[5.5.987~1-eb8d0]:main():compute-mfcc-feats.cc:182) Processed features for key VIVOSSPK13-218
VLOG[2] (compute-mfcc-feats[5.5.987~1-eb8d0]:main():compute-mfcc-feats.cc:182) Processed features for key VIVOSSPK13-219
VLOG[2] (compute-mfcc-feats[5.5.987~1-eb8d0]:main():compute-mfcc-feats.cc:182) Processed features for key VIVOSSPK13-220
VLOG[2] (compute-mfcc-feats[5.5.987~1-eb8d0]:main():compute-mfcc-feats.cc:182) Processed features for key VIVOSSPK13-221
VLOG[2] (compute-mfcc-feats[5.5.987~1-eb8d0]:main():compute-mfcc-feats.cc:182) Processed features for key VIVOSSPK13-222
VLOG[2] (compute-mfcc-feats[5.5.987~1-eb8d0]:main():compute-mfcc-feats.cc:182) Processed features for key VIVOSSPK13-223
VLOG[2] (compute-mfcc-feats[5.5.987~1-eb8d0]:main():compute-mfcc-feats.cc:182) Processed features for key VIVOSSPK13-224
VLOG[2] (compute-mfcc-feats[5.5.987~1-eb8d0]:main():compute-mfcc-feats.cc:182) Processed features for key VIVOSSPK13-225
LOG (compute-mfcc-feats[5.5.987~1-eb8d0]:main():compute-mfcc-feats.cc:181) Processed 310 utterances
VLOG[2] (compute-mfcc-feats[5.5.987~1-eb8d0]:main():compute-mfcc-feats.cc:182) Processed features for key VIVOSSPK13-226
VLOG[2] (compute-mfcc-feats[5.5.987~1-eb8d0]:main():compute-mfcc-feats.cc:182) Processed features for key VIVOSSPK13-227
VLOG[2] (compute-mfcc-feats[5.5.987~1-eb8d0]:main():compute-mfcc-feats.cc:182) Processed features for key VIVOSSPK13-228
VLOG[2] (compute-mfcc-feats[5.5.987~1-eb8d0]:main():compute-mfcc-feats.cc:182) Processed features for key VIVOSSPK13-229
VLOG[2] (compute-mfcc-feats[5.5.987~1-eb8d0]:main():compute-mfcc-feats.cc:182) Processed features for key VIVOSSPK13-230
VLOG[2] (compute-mfcc-feats[5.5.987~1-eb8d0]:main():compute-mfcc-feats.cc:182) Processed features for key VIVOSSPK13-231
VLOG[2] (compute-mfcc-feats[5.5.987~1-eb8d0]:main():compute-mfcc-feats.cc:182) Processed features for key VIVOSSPK13-232
VLOG[2] (compute-mfcc-feats[5.5.987~1-eb8d0]:main():compute-mfcc-feats.cc:182) Processed features for key VIVOSSPK13-233
VLOG[2] (compute-mfcc-feats[5.5.987~1-eb8d0]:main():compute-mfcc-feats.cc:182) Processed features for key VIVOSSPK13-234
VLOG[2] (compute-mfcc-feats[5.5.987~1-eb8d0]:main():compute-mfcc-feats.cc:182) Processed features for key VIVOSSPK13-235
LOG (compute-mfcc-feats[5.5.987~1-eb8d0]:main():compute-mfcc-feats.cc:181) Processed 320 utterances
VLOG[2] (compute-mfcc-feats[5.5.987~1-eb8d0]:main():compute-mfcc-feats.cc:182) Processed features for key VIVOSSPK13-236
VLOG[2] (compute-mfcc-feats[5.5.987~1-eb8d0]:main():compute-mfcc-feats.cc:182) Processed features for key VIVOSSPK13-237
VLOG[2] (compute-mfcc-feats[5.5.987~1-eb8d0]:main():compute-mfcc-feats.cc:182) Processed features for key VIVOSSPK13-238
VLOG[2] (compute-mfcc-feats[5.5.987~1-eb8d0]:main():compute-mfcc-feats.cc:182) Processed features for key VIVOSSPK13-239
VLOG[2] (compute-mfcc-feats[5.5.987~1-eb8d0]:main():compute-mfcc-feats.cc:182) Processed features for key VIVOSSPK13-240
VLOG[2] (compute-mfcc-feats[5.5.987~1-eb8d0]:main():compute-mfcc-feats.cc:182) Processed features for key VIVOSSPK13-241
VLOG[2] (compute-mfcc-feats[5.5.987~1-eb8d0]:main():compute-mfcc-feats.cc:182) Processed features for key VIVOSSPK13-242
VLOG[2] (compute-mfcc-feats[5.5.987~1-eb8d0]:main():compute-mfcc-feats.cc:182) Processed features for key VIVOSSPK13-243
VLOG[2] (compute-mfcc-feats[5.5.987~1-eb8d0]:main():compute-mfcc-feats.cc:182) Processed features for key VIVOSSPK13-244
VLOG[2] (compute-mfcc-feats[5.5.987~1-eb8d0]:main():compute-mfcc-feats.cc:182) Processed features for key VIVOSSPK13-245
LOG (compute-mfcc-feats[5.5.987~1-eb8d0]:main():compute-mfcc-feats.cc:181) Processed 330 utterances
VLOG[2] (compute-mfcc-feats[5.5.987~1-eb8d0]:main():compute-mfcc-feats.cc:182) Processed features for key VIVOSSPK13-246
VLOG[2] (compute-mfcc-feats[5.5.987~1-eb8d0]:main():compute-mfcc-feats.cc:182) Processed features for key VIVOSSPK13-247
VLOG[2] (compute-mfcc-feats[5.5.987~1-eb8d0]:main():compute-mfcc-feats.cc:182) Processed features for key VIVOSSPK13-248
VLOG[2] (compute-mfcc-feats[5.5.987~1-eb8d0]:main():compute-mfcc-feats.cc:182) Processed features for key VIVOSSPK13-249
VLOG[2] (compute-mfcc-feats[5.5.987~1-eb8d0]:main():compute-mfcc-feats.cc:182) Processed features for key VIVOSSPK13-250
VLOG[2] (compute-mfcc-feats[5.5.987~1-eb8d0]:main():compute-mfcc-feats.cc:182) Processed features for key VIVOSSPK13-251
VLOG[2] (compute-mfcc-feats[5.5.987~1-eb8d0]:main():compute-mfcc-feats.cc:182) Processed features for key VIVOSSPK13-252
VLOG[2] (compute-mfcc-feats[5.5.987~1-eb8d0]:main():compute-mfcc-feats.cc:182) Processed features for key VIVOSSPK13-253
VLOG[2] (compute-mfcc-feats[5.5.987~1-eb8d0]:main():compute-mfcc-feats.cc:182) Processed features for key VIVOSSPK13-254
VLOG[2] (compute-mfcc-feats[5.5.987~1-eb8d0]:main():compute-mfcc-feats.cc:182) Processed features for key VIVOSSPK13-255
LOG (compute-mfcc-feats[5.5.987~1-eb8d0]:main():compute-mfcc-feats.cc:181) Processed 340 utterances
VLOG[2] (compute-mfcc-feats[5.5.987~1-eb8d0]:main():compute-mfcc-feats.cc:182) Processed features for key VIVOSSPK13-256
VLOG[2] (compute-mfcc-feats[5.5.987~1-eb8d0]:main():compute-mfcc-feats.cc:182) Processed features for key VIVOSSPK13-257
VLOG[2] (compute-mfcc-feats[5.5.987~1-eb8d0]:main():compute-mfcc-feats.cc:182) Processed features for key VIVOSSPK13-258
VLOG[2] (compute-mfcc-feats[5.5.987~1-eb8d0]:main():compute-mfcc-feats.cc:182) Processed features for key VIVOSSPK13-259
VLOG[2] (compute-mfcc-feats[5.5.987~1-eb8d0]:main():compute-mfcc-feats.cc:182) Processed features for key VIVOSSPK13-260
VLOG[2] (compute-mfcc-feats[5.5.987~1-eb8d0]:main():compute-mfcc-feats.cc:182) Processed features for key VIVOSSPK13-261
VLOG[2] (compute-mfcc-feats[5.5.987~1-eb8d0]:main():compute-mfcc-feats.cc:182) Processed features for key VIVOSSPK13-262
VLOG[2] (compute-mfcc-feats[5.5.987~1-eb8d0]:main():compute-mfcc-feats.cc:182) Processed features for key VIVOSSPK13-263
VLOG[2] (compute-mfcc-feats[5.5.987~1-eb8d0]:main():compute-mfcc-feats.cc:182) Processed features for key VIVOSSPK13-264
VLOG[2] (compute-mfcc-feats[5.5.987~1-eb8d0]:main():compute-mfcc-feats.cc:182) Processed features for key VIVOSSPK13-265
LOG (compute-mfcc-feats[5.5.987~1-eb8d0]:main():compute-mfcc-feats.cc:181) Processed 350 utterances
VLOG[2] (compute-mfcc-feats[5.5.987~1-eb8d0]:main():compute-mfcc-feats.cc:182) Processed features for key VIVOSSPK13-266
VLOG[2] (compute-mfcc-feats[5.5.987~1-eb8d0]:main():compute-mfcc-feats.cc:182) Processed features for key VIVOSSPK13-267
VLOG[2] (compute-mfcc-feats[5.5.987~1-eb8d0]:main():compute-mfcc-feats.cc:182) Processed features for key VIVOSSPK13-268
VLOG[2] (compute-mfcc-feats[5.5.987~1-eb8d0]:main():compute-mfcc-feats.cc:182) Processed features for key VIVOSSPK13-269
VLOG[2] (compute-mfcc-feats[5.5.987~1-eb8d0]:main():compute-mfcc-feats.cc:182) Processed features for key VIVOSSPK13-270
VLOG[2] (compute-mfcc-feats[5.5.987~1-eb8d0]:main():compute-mfcc-feats.cc:182) Processed features for key VIVOSSPK13-271
VLOG[2] (compute-mfcc-feats[5.5.987~1-eb8d0]:main():compute-mfcc-feats.cc:182) Processed features for key VIVOSSPK13-272
VLOG[2] (compute-mfcc-feats[5.5.987~1-eb8d0]:main():compute-mfcc-feats.cc:182) Processed features for key VIVOSSPK13-273
VLOG[2] (compute-mfcc-feats[5.5.987~1-eb8d0]:main():compute-mfcc-feats.cc:182) Processed features for key VIVOSSPK13-274
VLOG[2] (compute-mfcc-feats[5.5.987~1-eb8d0]:main():compute-mfcc-feats.cc:182) Processed features for key VIVOSSPK13-275
LOG (compute-mfcc-feats[5.5.987~1-eb8d0]:main():compute-mfcc-feats.cc:181) Processed 360 utterances
VLOG[2] (compute-mfcc-feats[5.5.987~1-eb8d0]:main():compute-mfcc-feats.cc:182) Processed features for key VIVOSSPK13-276
VLOG[2] (compute-mfcc-feats[5.5.987~1-eb8d0]:main():compute-mfcc-feats.cc:182) Processed features for key VIVOSSPK13-277
VLOG[2] (compute-mfcc-feats[5.5.987~1-eb8d0]:main():compute-mfcc-feats.cc:182) Processed features for key VIVOSSPK13-278
VLOG[2] (compute-mfcc-feats[5.5.987~1-eb8d0]:main():compute-mfcc-feats.cc:182) Processed features for key VIVOSSPK13-279
VLOG[2] (compute-mfcc-feats[5.5.987~1-eb8d0]:main():compute-mfcc-feats.cc:182) Processed features for key VIVOSSPK13-280
VLOG[2] (compute-mfcc-feats[5.5.987~1-eb8d0]:main():compute-mfcc-feats.cc:182) Processed features for key VIVOSSPK13-281
VLOG[2] (compute-mfcc-feats[5.5.987~1-eb8d0]:main():compute-mfcc-feats.cc:182) Processed features for key VIVOSSPK13-282
VLOG[2] (compute-mfcc-feats[5.5.987~1-eb8d0]:main():compute-mfcc-feats.cc:182) Processed features for key VIVOSSPK13-283
VLOG[2] (compute-mfcc-feats[5.5.987~1-eb8d0]:main():compute-mfcc-feats.cc:182) Processed features for key VIVOSSPK13-284
VLOG[2] (compute-mfcc-feats[5.5.987~1-eb8d0]:main():compute-mfcc-feats.cc:182) Processed features for key VIVOSSPK13-285
LOG (compute-mfcc-feats[5.5.987~1-eb8d0]:main():compute-mfcc-feats.cc:181) Processed 370 utterances
VLOG[2] (compute-mfcc-feats[5.5.987~1-eb8d0]:main():compute-mfcc-feats.cc:182) Processed features for key VIVOSSPK13-286
VLOG[2] (compute-mfcc-feats[5.5.987~1-eb8d0]:main():compute-mfcc-feats.cc:182) Processed features for key VIVOSSPK13-287
VLOG[2] (compute-mfcc-feats[5.5.987~1-eb8d0]:main():compute-mfcc-feats.cc:182) Processed features for key VIVOSSPK13-288
VLOG[2] (compute-mfcc-feats[5.5.987~1-eb8d0]:main():compute-mfcc-feats.cc:182) Processed features for key VIVOSSPK13-289
VLOG[2] (compute-mfcc-feats[5.5.987~1-eb8d0]:main():compute-mfcc-feats.cc:182) Processed features for key VIVOSSPK13-290
VLOG[2] (compute-mfcc-feats[5.5.987~1-eb8d0]:main():compute-mfcc-feats.cc:182) Processed features for key VIVOSSPK13-291
VLOG[2] (compute-mfcc-feats[5.5.987~1-eb8d0]:main():compute-mfcc-feats.cc:182) Processed features for key VIVOSSPK13-292
VLOG[2] (compute-mfcc-feats[5.5.987~1-eb8d0]:main():compute-mfcc-feats.cc:182) Processed features for key VIVOSSPK13-293
VLOG[2] (compute-mfcc-feats[5.5.987~1-eb8d0]:main():compute-mfcc-feats.cc:182) Processed features for key VIVOSSPK13-294
VLOG[2] (compute-mfcc-feats[5.5.987~1-eb8d0]:main():compute-mfcc-feats.cc:182) Processed features for key VIVOSSPK13-295
LOG (compute-mfcc-feats[5.5.987~1-eb8d0]:main():compute-mfcc-feats.cc:181) Processed 380 utterances
VLOG[2] (compute-mfcc-feats[5.5.987~1-eb8d0]:main():compute-mfcc-feats.cc:182) Processed features for key VIVOSSPK13-296
VLOG[2] (compute-mfcc-feats[5.5.987~1-eb8d0]:main():compute-mfcc-feats.cc:182) Processed features for key VIVOSSPK13-297
VLOG[2] (compute-mfcc-feats[5.5.987~1-eb8d0]:main():compute-mfcc-feats.cc:182) Processed features for key VIVOSSPK13-298
VLOG[2] (compute-mfcc-feats[5.5.987~1-eb8d0]:main():compute-mfcc-feats.cc:182) Processed features for key VIVOSSPK13-299
VLOG[2] (compute-mfcc-feats[5.5.987~1-eb8d0]:main():compute-mfcc-feats.cc:182) Processed features for key VIVOSSPK13-300
VLOG[2] (compute-mfcc-feats[5.5.987~1-eb8d0]:main():compute-mfcc-feats.cc:182) Processed features for key VIVOSSPK14-001
VLOG[2] (compute-mfcc-feats[5.5.987~1-eb8d0]:main():compute-mfcc-feats.cc:182) Processed features for key VIVOSSPK14-002
VLOG[2] (compute-mfcc-feats[5.5.987~1-eb8d0]:main():compute-mfcc-feats.cc:182) Processed features for key VIVOSSPK14-003
VLOG[2] (compute-mfcc-feats[5.5.987~1-eb8d0]:main():compute-mfcc-feats.cc:182) Processed features for key VIVOSSPK14-004
VLOG[2] (compute-mfcc-feats[5.5.987~1-eb8d0]:main():compute-mfcc-feats.cc:182) Processed features for key VIVOSSPK14-005
LOG (compute-mfcc-feats[5.5.987~1-eb8d0]:main():compute-mfcc-feats.cc:181) Processed 390 utterances
VLOG[2] (compute-mfcc-feats[5.5.987~1-eb8d0]:main():compute-mfcc-feats.cc:182) Processed features for key VIVOSSPK14-006
VLOG[2] (compute-mfcc-feats[5.5.987~1-eb8d0]:main():compute-mfcc-feats.cc:182) Processed features for key VIVOSSPK14-007
VLOG[2] (compute-mfcc-feats[5.5.987~1-eb8d0]:main():compute-mfcc-feats.cc:182) Processed features for key VIVOSSPK14-008
VLOG[2] (compute-mfcc-feats[5.5.987~1-eb8d0]:main():compute-mfcc-feats.cc:182) Processed features for key VIVOSSPK14-009
VLOG[2] (compute-mfcc-feats[5.5.987~1-eb8d0]:main():compute-mfcc-feats.cc:182) Processed features for key VIVOSSPK14-010
VLOG[2] (compute-mfcc-feats[5.5.987~1-eb8d0]:main():compute-mfcc-feats.cc:182) Processed features for key VIVOSSPK14-011
VLOG[2] (compute-mfcc-feats[5.5.987~1-eb8d0]:main():compute-mfcc-feats.cc:182) Processed features for key VIVOSSPK14-012
VLOG[2] (compute-mfcc-feats[5.5.987~1-eb8d0]:main():compute-mfcc-feats.cc:182) Processed features for key VIVOSSPK14-013
VLOG[2] (compute-mfcc-feats[5.5.987~1-eb8d0]:main():compute-mfcc-feats.cc:182) Processed features for key VIVOSSPK14-014
VLOG[2] (compute-mfcc-feats[5.5.987~1-eb8d0]:main():compute-mfcc-feats.cc:182) Processed features for key VIVOSSPK14-015
LOG (compute-mfcc-feats[5.5.987~1-eb8d0]:main():compute-mfcc-feats.cc:181) Processed 400 utterances
VLOG[2] (compute-mfcc-feats[5.5.987~1-eb8d0]:main():compute-mfcc-feats.cc:182) Processed features for key VIVOSSPK14-016
VLOG[2] (compute-mfcc-feats[5.5.987~1-eb8d0]:main():compute-mfcc-feats.cc:182) Processed features for key VIVOSSPK14-017
VLOG[2] (compute-mfcc-feats[5.5.987~1-eb8d0]:main():compute-mfcc-feats.cc:182) Processed features for key VIVOSSPK14-018
VLOG[2] (compute-mfcc-feats[5.5.987~1-eb8d0]:main():compute-mfcc-feats.cc:182) Processed features for key VIVOSSPK14-019
VLOG[2] (compute-mfcc-feats[5.5.987~1-eb8d0]:main():compute-mfcc-feats.cc:182) Processed features for key VIVOSSPK14-020
VLOG[2] (compute-mfcc-feats[5.5.987~1-eb8d0]:main():compute-mfcc-feats.cc:182) Processed features for key VIVOSSPK14-021
VLOG[2] (compute-mfcc-feats[5.5.987~1-eb8d0]:main():compute-mfcc-feats.cc:182) Processed features for key VIVOSSPK14-022
VLOG[2] (compute-mfcc-feats[5.5.987~1-eb8d0]:main():compute-mfcc-feats.cc:182) Processed features for key VIVOSSPK14-023
VLOG[2] (compute-mfcc-feats[5.5.987~1-eb8d0]:main():compute-mfcc-feats.cc:182) Processed features for key VIVOSSPK14-024
VLOG[2] (compute-mfcc-feats[5.5.987~1-eb8d0]:main():compute-mfcc-feats.cc:182) Processed features for key VIVOSSPK14-025
LOG (compute-mfcc-feats[5.5.987~1-eb8d0]:main():compute-mfcc-feats.cc:181) Processed 410 utterances
VLOG[2] (compute-mfcc-feats[5.5.987~1-eb8d0]:main():compute-mfcc-feats.cc:182) Processed features for key VIVOSSPK14-026
VLOG[2] (compute-mfcc-feats[5.5.987~1-eb8d0]:main():compute-mfcc-feats.cc:182) Processed features for key VIVOSSPK14-027
VLOG[2] (compute-mfcc-feats[5.5.987~1-eb8d0]:main():compute-mfcc-feats.cc:182) Processed features for key VIVOSSPK14-028
VLOG[2] (compute-mfcc-feats[5.5.987~1-eb8d0]:main():compute-mfcc-feats.cc:182) Processed features for key VIVOSSPK14-029
VLOG[2] (compute-mfcc-feats[5.5.987~1-eb8d0]:main():compute-mfcc-feats.cc:182) Processed features for key VIVOSSPK14-030
VLOG[2] (compute-mfcc-feats[5.5.987~1-eb8d0]:main():compute-mfcc-feats.cc:182) Processed features for key VIVOSSPK14-031
VLOG[2] (compute-mfcc-feats[5.5.987~1-eb8d0]:main():compute-mfcc-feats.cc:182) Processed features for key VIVOSSPK14-032
VLOG[2] (compute-mfcc-feats[5.5.987~1-eb8d0]:main():compute-mfcc-feats.cc:182) Processed features for key VIVOSSPK14-033
VLOG[2] (compute-mfcc-feats[5.5.987~1-eb8d0]:main():compute-mfcc-feats.cc:182) Processed features for key VIVOSSPK14-034
VLOG[2] (compute-mfcc-feats[5.5.987~1-eb8d0]:main():compute-mfcc-feats.cc:182) Processed features for key VIVOSSPK14-035
LOG (compute-mfcc-feats[5.5.987~1-eb8d0]:main():compute-mfcc-feats.cc:181) Processed 420 utterances
VLOG[2] (compute-mfcc-feats[5.5.987~1-eb8d0]:main():compute-mfcc-feats.cc:182) Processed features for key VIVOSSPK14-036
VLOG[2] (compute-mfcc-feats[5.5.987~1-eb8d0]:main():compute-mfcc-feats.cc:182) Processed features for key VIVOSSPK14-037
VLOG[2] (compute-mfcc-feats[5.5.987~1-eb8d0]:main():compute-mfcc-feats.cc:182) Processed features for key VIVOSSPK14-038
VLOG[2] (compute-mfcc-feats[5.5.987~1-eb8d0]:main():compute-mfcc-feats.cc:182) Processed features for key VIVOSSPK14-039
VLOG[2] (compute-mfcc-feats[5.5.987~1-eb8d0]:main():compute-mfcc-feats.cc:182) Processed features for key VIVOSSPK14-040
VLOG[2] (compute-mfcc-feats[5.5.987~1-eb8d0]:main():compute-mfcc-feats.cc:182) Processed features for key VIVOSSPK14-041
VLOG[2] (compute-mfcc-feats[5.5.987~1-eb8d0]:main():compute-mfcc-feats.cc:182) Processed features for key VIVOSSPK14-042
VLOG[2] (compute-mfcc-feats[5.5.987~1-eb8d0]:main():compute-mfcc-feats.cc:182) Processed features for key VIVOSSPK14-043
VLOG[2] (compute-mfcc-feats[5.5.987~1-eb8d0]:main():compute-mfcc-feats.cc:182) Processed features for key VIVOSSPK14-044
VLOG[2] (compute-mfcc-feats[5.5.987~1-eb8d0]:main():compute-mfcc-feats.cc:182) Processed features for key VIVOSSPK14-045
LOG (compute-mfcc-feats[5.5.987~1-eb8d0]:main():compute-mfcc-feats.cc:181) Processed 430 utterances
VLOG[2] (compute-mfcc-feats[5.5.987~1-eb8d0]:main():compute-mfcc-feats.cc:182) Processed features for key VIVOSSPK14-046
VLOG[2] (compute-mfcc-feats[5.5.987~1-eb8d0]:main():compute-mfcc-feats.cc:182) Processed features for key VIVOSSPK14-047
VLOG[2] (compute-mfcc-feats[5.5.987~1-eb8d0]:main():compute-mfcc-feats.cc:182) Processed features for key VIVOSSPK14-048
VLOG[2] (compute-mfcc-feats[5.5.987~1-eb8d0]:main():compute-mfcc-feats.cc:182) Processed features for key VIVOSSPK14-049
VLOG[2] (compute-mfcc-feats[5.5.987~1-eb8d0]:main():compute-mfcc-feats.cc:182) Processed features for key VIVOSSPK14-050
VLOG[2] (compute-mfcc-feats[5.5.987~1-eb8d0]:main():compute-mfcc-feats.cc:182) Processed features for key VIVOSSPK14-051
VLOG[2] (compute-mfcc-feats[5.5.987~1-eb8d0]:main():compute-mfcc-feats.cc:182) Processed features for key VIVOSSPK14-052
VLOG[2] (compute-mfcc-feats[5.5.987~1-eb8d0]:main():compute-mfcc-feats.cc:182) Processed features for key VIVOSSPK14-053
VLOG[2] (compute-mfcc-feats[5.5.987~1-eb8d0]:main():compute-mfcc-feats.cc:182) Processed features for key VIVOSSPK14-054
VLOG[2] (compute-mfcc-feats[5.5.987~1-eb8d0]:main():compute-mfcc-feats.cc:182) Processed features for key VIVOSSPK14-055
LOG (compute-mfcc-feats[5.5.987~1-eb8d0]:main():compute-mfcc-feats.cc:181) Processed 440 utterances
VLOG[2] (compute-mfcc-feats[5.5.987~1-eb8d0]:main():compute-mfcc-feats.cc:182) Processed features for key VIVOSSPK14-056
VLOG[2] (compute-mfcc-feats[5.5.987~1-eb8d0]:main():compute-mfcc-feats.cc:182) Processed features for key VIVOSSPK14-057
VLOG[2] (compute-mfcc-feats[5.5.987~1-eb8d0]:main():compute-mfcc-feats.cc:182) Processed features for key VIVOSSPK14-058
VLOG[2] (compute-mfcc-feats[5.5.987~1-eb8d0]:main():compute-mfcc-feats.cc:182) Processed features for key VIVOSSPK14-059
VLOG[2] (compute-mfcc-feats[5.5.987~1-eb8d0]:main():compute-mfcc-feats.cc:182) Processed features for key VIVOSSPK14-060
VLOG[2] (compute-mfcc-feats[5.5.987~1-eb8d0]:main():compute-mfcc-feats.cc:182) Processed features for key VIVOSSPK14-061
VLOG[2] (compute-mfcc-feats[5.5.987~1-eb8d0]:main():compute-mfcc-feats.cc:182) Processed features for key VIVOSSPK14-062
VLOG[2] (compute-mfcc-feats[5.5.987~1-eb8d0]:main():compute-mfcc-feats.cc:182) Processed features for key VIVOSSPK14-063
VLOG[2] (compute-mfcc-feats[5.5.987~1-eb8d0]:main():compute-mfcc-feats.cc:182) Processed features for key VIVOSSPK14-064
VLOG[2] (compute-mfcc-feats[5.5.987~1-eb8d0]:main():compute-mfcc-feats.cc:182) Processed features for key VIVOSSPK14-065
LOG (compute-mfcc-feats[5.5.987~1-eb8d0]:main():compute-mfcc-feats.cc:181) Processed 450 utterances
VLOG[2] (compute-mfcc-feats[5.5.987~1-eb8d0]:main():compute-mfcc-feats.cc:182) Processed features for key VIVOSSPK14-066
VLOG[2] (compute-mfcc-feats[5.5.987~1-eb8d0]:main():compute-mfcc-feats.cc:182) Processed features for key VIVOSSPK14-067
VLOG[2] (compute-mfcc-feats[5.5.987~1-eb8d0]:main():compute-mfcc-feats.cc:182) Processed features for key VIVOSSPK14-068
VLOG[2] (compute-mfcc-feats[5.5.987~1-eb8d0]:main():compute-mfcc-feats.cc:182) Processed features for key VIVOSSPK14-069
VLOG[2] (compute-mfcc-feats[5.5.987~1-eb8d0]:main():compute-mfcc-feats.cc:182) Processed features for key VIVOSSPK14-070
VLOG[2] (compute-mfcc-feats[5.5.987~1-eb8d0]:main():compute-mfcc-feats.cc:182) Processed features for key VIVOSSPK14-071
VLOG[2] (compute-mfcc-feats[5.5.987~1-eb8d0]:main():compute-mfcc-feats.cc:182) Processed features for key VIVOSSPK14-072
VLOG[2] (compute-mfcc-feats[5.5.987~1-eb8d0]:main():compute-mfcc-feats.cc:182) Processed features for key VIVOSSPK14-073
VLOG[2] (compute-mfcc-feats[5.5.987~1-eb8d0]:main():compute-mfcc-feats.cc:182) Processed features for key VIVOSSPK14-074
VLOG[2] (compute-mfcc-feats[5.5.987~1-eb8d0]:main():compute-mfcc-feats.cc:182) Processed features for key VIVOSSPK14-075
LOG (compute-mfcc-feats[5.5.987~1-eb8d0]:main():compute-mfcc-feats.cc:181) Processed 460 utterances
VLOG[2] (compute-mfcc-feats[5.5.987~1-eb8d0]:main():compute-mfcc-feats.cc:182) Processed features for key VIVOSSPK14-076
VLOG[2] (compute-mfcc-feats[5.5.987~1-eb8d0]:main():compute-mfcc-feats.cc:182) Processed features for key VIVOSSPK14-077
VLOG[2] (compute-mfcc-feats[5.5.987~1-eb8d0]:main():compute-mfcc-feats.cc:182) Processed features for key VIVOSSPK14-078
VLOG[2] (compute-mfcc-feats[5.5.987~1-eb8d0]:main():compute-mfcc-feats.cc:182) Processed features for key VIVOSSPK14-079
VLOG[2] (compute-mfcc-feats[5.5.987~1-eb8d0]:main():compute-mfcc-feats.cc:182) Processed features for key VIVOSSPK14-080
VLOG[2] (compute-mfcc-feats[5.5.987~1-eb8d0]:main():compute-mfcc-feats.cc:182) Processed features for key VIVOSSPK14-081
VLOG[2] (compute-mfcc-feats[5.5.987~1-eb8d0]:main():compute-mfcc-feats.cc:182) Processed features for key VIVOSSPK14-082
VLOG[2] (compute-mfcc-feats[5.5.987~1-eb8d0]:main():compute-mfcc-feats.cc:182) Processed features for key VIVOSSPK14-083
VLOG[2] (compute-mfcc-feats[5.5.987~1-eb8d0]:main():compute-mfcc-feats.cc:182) Processed features for key VIVOSSPK14-084
VLOG[2] (compute-mfcc-feats[5.5.987~1-eb8d0]:main():compute-mfcc-feats.cc:182) Processed features for key VIVOSSPK14-085
LOG (compute-mfcc-feats[5.5.987~1-eb8d0]:main():compute-mfcc-feats.cc:181) Processed 470 utterances
VLOG[2] (compute-mfcc-feats[5.5.987~1-eb8d0]:main():compute-mfcc-feats.cc:182) Processed features for key VIVOSSPK14-086
VLOG[2] (compute-mfcc-feats[5.5.987~1-eb8d0]:main():compute-mfcc-feats.cc:182) Processed features for key VIVOSSPK14-087
VLOG[2] (compute-mfcc-feats[5.5.987~1-eb8d0]:main():compute-mfcc-feats.cc:182) Processed features for key VIVOSSPK14-088
VLOG[2] (compute-mfcc-feats[5.5.987~1-eb8d0]:main():compute-mfcc-feats.cc:182) Processed features for key VIVOSSPK14-089
VLOG[2] (compute-mfcc-feats[5.5.987~1-eb8d0]:main():compute-mfcc-feats.cc:182) Processed features for key VIVOSSPK14-090
VLOG[2] (compute-mfcc-feats[5.5.987~1-eb8d0]:main():compute-mfcc-feats.cc:182) Processed features for key VIVOSSPK14-091
VLOG[2] (compute-mfcc-feats[5.5.987~1-eb8d0]:main():compute-mfcc-feats.cc:182) Processed features for key VIVOSSPK14-092
VLOG[2] (compute-mfcc-feats[5.5.987~1-eb8d0]:main():compute-mfcc-feats.cc:182) Processed features for key VIVOSSPK14-093
VLOG[2] (compute-mfcc-feats[5.5.987~1-eb8d0]:main():compute-mfcc-feats.cc:182) Processed features for key VIVOSSPK14-094
VLOG[2] (compute-mfcc-feats[5.5.987~1-eb8d0]:main():compute-mfcc-feats.cc:182) Processed features for key VIVOSSPK14-095
LOG (compute-mfcc-feats[5.5.987~1-eb8d0]:main():compute-mfcc-feats.cc:181) Processed 480 utterances
VLOG[2] (compute-mfcc-feats[5.5.987~1-eb8d0]:main():compute-mfcc-feats.cc:182) Processed features for key VIVOSSPK14-096
VLOG[2] (compute-mfcc-feats[5.5.987~1-eb8d0]:main():compute-mfcc-feats.cc:182) Processed features for key VIVOSSPK14-097
VLOG[2] (compute-mfcc-feats[5.5.987~1-eb8d0]:main():compute-mfcc-feats.cc:182) Processed features for key VIVOSSPK14-098
VLOG[2] (compute-mfcc-feats[5.5.987~1-eb8d0]:main():compute-mfcc-feats.cc:182) Processed features for key VIVOSSPK14-099
VLOG[2] (compute-mfcc-feats[5.5.987~1-eb8d0]:main():compute-mfcc-feats.cc:182) Processed features for key VIVOSSPK14-100
VLOG[2] (compute-mfcc-feats[5.5.987~1-eb8d0]:main():compute-mfcc-feats.cc:182) Processed features for key VIVOSSPK14-101
VLOG[2] (compute-mfcc-feats[5.5.987~1-eb8d0]:main():compute-mfcc-feats.cc:182) Processed features for key VIVOSSPK14-102
VLOG[2] (compute-mfcc-feats[5.5.987~1-eb8d0]:main():compute-mfcc-feats.cc:182) Processed features for key VIVOSSPK14-103
VLOG[2] (compute-mfcc-feats[5.5.987~1-eb8d0]:main():compute-mfcc-feats.cc:182) Processed features for key VIVOSSPK14-104
VLOG[2] (compute-mfcc-feats[5.5.987~1-eb8d0]:main():compute-mfcc-feats.cc:182) Processed features for key VIVOSSPK14-105
LOG (compute-mfcc-feats[5.5.987~1-eb8d0]:main():compute-mfcc-feats.cc:181) Processed 490 utterances
VLOG[2] (compute-mfcc-feats[5.5.987~1-eb8d0]:main():compute-mfcc-feats.cc:182) Processed features for key VIVOSSPK14-106
VLOG[2] (compute-mfcc-feats[5.5.987~1-eb8d0]:main():compute-mfcc-feats.cc:182) Processed features for key VIVOSSPK14-107
VLOG[2] (compute-mfcc-feats[5.5.987~1-eb8d0]:main():compute-mfcc-feats.cc:182) Processed features for key VIVOSSPK14-108
VLOG[2] (compute-mfcc-feats[5.5.987~1-eb8d0]:main():compute-mfcc-feats.cc:182) Processed features for key VIVOSSPK14-109
VLOG[2] (compute-mfcc-feats[5.5.987~1-eb8d0]:main():compute-mfcc-feats.cc:182) Processed features for key VIVOSSPK14-110
VLOG[2] (compute-mfcc-feats[5.5.987~1-eb8d0]:main():compute-mfcc-feats.cc:182) Processed features for key VIVOSSPK14-111
VLOG[2] (compute-mfcc-feats[5.5.987~1-eb8d0]:main():compute-mfcc-feats.cc:182) Processed features for key VIVOSSPK14-112
VLOG[2] (compute-mfcc-feats[5.5.987~1-eb8d0]:main():compute-mfcc-feats.cc:182) Processed features for key VIVOSSPK14-113
VLOG[2] (compute-mfcc-feats[5.5.987~1-eb8d0]:main():compute-mfcc-feats.cc:182) Processed features for key VIVOSSPK14-114
VLOG[2] (compute-mfcc-feats[5.5.987~1-eb8d0]:main():compute-mfcc-feats.cc:182) Processed features for key VIVOSSPK14-115
LOG (compute-mfcc-feats[5.5.987~1-eb8d0]:main():compute-mfcc-feats.cc:181) Processed 500 utterances
VLOG[2] (compute-mfcc-feats[5.5.987~1-eb8d0]:main():compute-mfcc-feats.cc:182) Processed features for key VIVOSSPK14-116
VLOG[2] (compute-mfcc-feats[5.5.987~1-eb8d0]:main():compute-mfcc-feats.cc:182) Processed features for key VIVOSSPK14-117
VLOG[2] (compute-mfcc-feats[5.5.987~1-eb8d0]:main():compute-mfcc-feats.cc:182) Processed features for key VIVOSSPK14-118
VLOG[2] (compute-mfcc-feats[5.5.987~1-eb8d0]:main():compute-mfcc-feats.cc:182) Processed features for key VIVOSSPK14-119
VLOG[2] (compute-mfcc-feats[5.5.987~1-eb8d0]:main():compute-mfcc-feats.cc:182) Processed features for key VIVOSSPK14-120
VLOG[2] (compute-mfcc-feats[5.5.987~1-eb8d0]:main():compute-mfcc-feats.cc:182) Processed features for key VIVOSSPK14-121
VLOG[2] (compute-mfcc-feats[5.5.987~1-eb8d0]:main():compute-mfcc-feats.cc:182) Processed features for key VIVOSSPK14-122
VLOG[2] (compute-mfcc-feats[5.5.987~1-eb8d0]:main():compute-mfcc-feats.cc:182) Processed features for key VIVOSSPK14-123
VLOG[2] (compute-mfcc-feats[5.5.987~1-eb8d0]:main():compute-mfcc-feats.cc:182) Processed features for key VIVOSSPK14-124
VLOG[2] (compute-mfcc-feats[5.5.987~1-eb8d0]:main():compute-mfcc-feats.cc:182) Processed features for key VIVOSSPK14-125
LOG (compute-mfcc-feats[5.5.987~1-eb8d0]:main():compute-mfcc-feats.cc:181) Processed 510 utterances
VLOG[2] (compute-mfcc-feats[5.5.987~1-eb8d0]:main():compute-mfcc-feats.cc:182) Processed features for key VIVOSSPK14-126
VLOG[2] (compute-mfcc-feats[5.5.987~1-eb8d0]:main():compute-mfcc-feats.cc:182) Processed features for key VIVOSSPK14-127
VLOG[2] (compute-mfcc-feats[5.5.987~1-eb8d0]:main():compute-mfcc-feats.cc:182) Processed features for key VIVOSSPK14-128
VLOG[2] (compute-mfcc-feats[5.5.987~1-eb8d0]:main():compute-mfcc-feats.cc:182) Processed features for key VIVOSSPK14-129
VLOG[2] (compute-mfcc-feats[5.5.987~1-eb8d0]:main():compute-mfcc-feats.cc:182) Processed features for key VIVOSSPK14-130
VLOG[2] (compute-mfcc-feats[5.5.987~1-eb8d0]:main():compute-mfcc-feats.cc:182) Processed features for key VIVOSSPK14-131
VLOG[2] (compute-mfcc-feats[5.5.987~1-eb8d0]:main():compute-mfcc-feats.cc:182) Processed features for key VIVOSSPK14-132
VLOG[2] (compute-mfcc-feats[5.5.987~1-eb8d0]:main():compute-mfcc-feats.cc:182) Processed features for key VIVOSSPK14-133
VLOG[2] (compute-mfcc-feats[5.5.987~1-eb8d0]:main():compute-mfcc-feats.cc:182) Processed features for key VIVOSSPK14-134
VLOG[2] (compute-mfcc-feats[5.5.987~1-eb8d0]:main():compute-mfcc-feats.cc:182) Processed features for key VIVOSSPK14-135
LOG (compute-mfcc-feats[5.5.987~1-eb8d0]:main():compute-mfcc-feats.cc:181) Processed 520 utterances
VLOG[2] (compute-mfcc-feats[5.5.987~1-eb8d0]:main():compute-mfcc-feats.cc:182) Processed features for key VIVOSSPK14-136
VLOG[2] (compute-mfcc-feats[5.5.987~1-eb8d0]:main():compute-mfcc-feats.cc:182) Processed features for key VIVOSSPK14-137
VLOG[2] (compute-mfcc-feats[5.5.987~1-eb8d0]:main():compute-mfcc-feats.cc:182) Processed features for key VIVOSSPK14-138
VLOG[2] (compute-mfcc-feats[5.5.987~1-eb8d0]:main():compute-mfcc-feats.cc:182) Processed features for key VIVOSSPK14-139
VLOG[2] (compute-mfcc-feats[5.5.987~1-eb8d0]:main():compute-mfcc-feats.cc:182) Processed features for key VIVOSSPK14-140
VLOG[2] (compute-mfcc-feats[5.5.987~1-eb8d0]:main():compute-mfcc-feats.cc:182) Processed features for key VIVOSSPK14-141
VLOG[2] (compute-mfcc-feats[5.5.987~1-eb8d0]:main():compute-mfcc-feats.cc:182) Processed features for key VIVOSSPK14-142
VLOG[2] (compute-mfcc-feats[5.5.987~1-eb8d0]:main():compute-mfcc-feats.cc:182) Processed features for key VIVOSSPK14-143
VLOG[2] (compute-mfcc-feats[5.5.987~1-eb8d0]:main():compute-mfcc-feats.cc:182) Processed features for key VIVOSSPK14-144
VLOG[2] (compute-mfcc-feats[5.5.987~1-eb8d0]:main():compute-mfcc-feats.cc:182) Processed features for key VIVOSSPK14-145
LOG (compute-mfcc-feats[5.5.987~1-eb8d0]:main():compute-mfcc-feats.cc:181) Processed 530 utterances
VLOG[2] (compute-mfcc-feats[5.5.987~1-eb8d0]:main():compute-mfcc-feats.cc:182) Processed features for key VIVOSSPK14-146
VLOG[2] (compute-mfcc-feats[5.5.987~1-eb8d0]:main():compute-mfcc-feats.cc:182) Processed features for key VIVOSSPK14-147
VLOG[2] (compute-mfcc-feats[5.5.987~1-eb8d0]:main():compute-mfcc-feats.cc:182) Processed features for key VIVOSSPK14-148
VLOG[2] (compute-mfcc-feats[5.5.987~1-eb8d0]:main():compute-mfcc-feats.cc:182) Processed features for key VIVOSSPK14-149
VLOG[2] (compute-mfcc-feats[5.5.987~1-eb8d0]:main():compute-mfcc-feats.cc:182) Processed features for key VIVOSSPK14-150
VLOG[2] (compute-mfcc-feats[5.5.987~1-eb8d0]:main():compute-mfcc-feats.cc:182) Processed features for key VIVOSSPK14-151
VLOG[2] (compute-mfcc-feats[5.5.987~1-eb8d0]:main():compute-mfcc-feats.cc:182) Processed features for key VIVOSSPK14-152
VLOG[2] (compute-mfcc-feats[5.5.987~1-eb8d0]:main():compute-mfcc-feats.cc:182) Processed features for key VIVOSSPK14-153
VLOG[2] (compute-mfcc-feats[5.5.987~1-eb8d0]:main():compute-mfcc-feats.cc:182) Processed features for key VIVOSSPK14-154
VLOG[2] (compute-mfcc-feats[5.5.987~1-eb8d0]:main():compute-mfcc-feats.cc:182) Processed features for key VIVOSSPK14-155
LOG (compute-mfcc-feats[5.5.987~1-eb8d0]:main():compute-mfcc-feats.cc:181) Processed 540 utterances
VLOG[2] (compute-mfcc-feats[5.5.987~1-eb8d0]:main():compute-mfcc-feats.cc:182) Processed features for key VIVOSSPK14-156
VLOG[2] (compute-mfcc-feats[5.5.987~1-eb8d0]:main():compute-mfcc-feats.cc:182) Processed features for key VIVOSSPK14-157
VLOG[2] (compute-mfcc-feats[5.5.987~1-eb8d0]:main():compute-mfcc-feats.cc:182) Processed features for key VIVOSSPK14-158
VLOG[2] (compute-mfcc-feats[5.5.987~1-eb8d0]:main():compute-mfcc-feats.cc:182) Processed features for key VIVOSSPK14-159
VLOG[2] (compute-mfcc-feats[5.5.987~1-eb8d0]:main():compute-mfcc-feats.cc:182) Processed features for key VIVOSSPK14-160
VLOG[2] (compute-mfcc-feats[5.5.987~1-eb8d0]:main():compute-mfcc-feats.cc:182) Processed features for key VIVOSSPK14-161
VLOG[2] (compute-mfcc-feats[5.5.987~1-eb8d0]:main():compute-mfcc-feats.cc:182) Processed features for key VIVOSSPK14-162
VLOG[2] (compute-mfcc-feats[5.5.987~1-eb8d0]:main():compute-mfcc-feats.cc:182) Processed features for key VIVOSSPK14-163
VLOG[2] (compute-mfcc-feats[5.5.987~1-eb8d0]:main():compute-mfcc-feats.cc:182) Processed features for key VIVOSSPK14-164
VLOG[2] (compute-mfcc-feats[5.5.987~1-eb8d0]:main():compute-mfcc-feats.cc:182) Processed features for key VIVOSSPK14-165
LOG (compute-mfcc-feats[5.5.987~1-eb8d0]:main():compute-mfcc-feats.cc:181) Processed 550 utterances
VLOG[2] (compute-mfcc-feats[5.5.987~1-eb8d0]:main():compute-mfcc-feats.cc:182) Processed features for key VIVOSSPK14-166
VLOG[2] (compute-mfcc-feats[5.5.987~1-eb8d0]:main():compute-mfcc-feats.cc:182) Processed features for key VIVOSSPK14-167
VLOG[2] (compute-mfcc-feats[5.5.987~1-eb8d0]:main():compute-mfcc-feats.cc:182) Processed features for key VIVOSSPK14-168
VLOG[2] (compute-mfcc-feats[5.5.987~1-eb8d0]:main():compute-mfcc-feats.cc:182) Processed features for key VIVOSSPK14-169
VLOG[2] (compute-mfcc-feats[5.5.987~1-eb8d0]:main():compute-mfcc-feats.cc:182) Processed features for key VIVOSSPK14-170
VLOG[2] (compute-mfcc-feats[5.5.987~1-eb8d0]:main():compute-mfcc-feats.cc:182) Processed features for key VIVOSSPK14-171
VLOG[2] (compute-mfcc-feats[5.5.987~1-eb8d0]:main():compute-mfcc-feats.cc:182) Processed features for key VIVOSSPK14-172
VLOG[2] (compute-mfcc-feats[5.5.987~1-eb8d0]:main():compute-mfcc-feats.cc:182) Processed features for key VIVOSSPK14-173
VLOG[2] (compute-mfcc-feats[5.5.987~1-eb8d0]:main():compute-mfcc-feats.cc:182) Processed features for key VIVOSSPK14-174
VLOG[2] (compute-mfcc-feats[5.5.987~1-eb8d0]:main():compute-mfcc-feats.cc:182) Processed features for key VIVOSSPK14-175
LOG (compute-mfcc-feats[5.5.987~1-eb8d0]:main():compute-mfcc-feats.cc:181) Processed 560 utterances
VLOG[2] (compute-mfcc-feats[5.5.987~1-eb8d0]:main():compute-mfcc-feats.cc:182) Processed features for key VIVOSSPK14-176
VLOG[2] (compute-mfcc-feats[5.5.987~1-eb8d0]:main():compute-mfcc-feats.cc:182) Processed features for key VIVOSSPK14-177
VLOG[2] (compute-mfcc-feats[5.5.987~1-eb8d0]:main():compute-mfcc-feats.cc:182) Processed features for key VIVOSSPK14-178
VLOG[2] (compute-mfcc-feats[5.5.987~1-eb8d0]:main():compute-mfcc-feats.cc:182) Processed features for key VIVOSSPK14-179
VLOG[2] (compute-mfcc-feats[5.5.987~1-eb8d0]:main():compute-mfcc-feats.cc:182) Processed features for key VIVOSSPK14-180
VLOG[2] (compute-mfcc-feats[5.5.987~1-eb8d0]:main():compute-mfcc-feats.cc:182) Processed features for key VIVOSSPK14-181
VLOG[2] (compute-mfcc-feats[5.5.987~1-eb8d0]:main():compute-mfcc-feats.cc:182) Processed features for key VIVOSSPK14-182
VLOG[2] (compute-mfcc-feats[5.5.987~1-eb8d0]:main():compute-mfcc-feats.cc:182) Processed features for key VIVOSSPK14-183
VLOG[2] (compute-mfcc-feats[5.5.987~1-eb8d0]:main():compute-mfcc-feats.cc:182) Processed features for key VIVOSSPK14-184
VLOG[2] (compute-mfcc-feats[5.5.987~1-eb8d0]:main():compute-mfcc-feats.cc:182) Processed features for key VIVOSSPK14-185
LOG (compute-mfcc-feats[5.5.987~1-eb8d0]:main():compute-mfcc-feats.cc:181) Processed 570 utterances
VLOG[2] (compute-mfcc-feats[5.5.987~1-eb8d0]:main():compute-mfcc-feats.cc:182) Processed features for key VIVOSSPK14-186
VLOG[2] (compute-mfcc-feats[5.5.987~1-eb8d0]:main():compute-mfcc-feats.cc:182) Processed features for key VIVOSSPK14-187
VLOG[2] (compute-mfcc-feats[5.5.987~1-eb8d0]:main():compute-mfcc-feats.cc:182) Processed features for key VIVOSSPK14-188
VLOG[2] (compute-mfcc-feats[5.5.987~1-eb8d0]:main():compute-mfcc-feats.cc:182) Processed features for key VIVOSSPK14-189
VLOG[2] (compute-mfcc-feats[5.5.987~1-eb8d0]:main():compute-mfcc-feats.cc:182) Processed features for key VIVOSSPK14-190
VLOG[2] (compute-mfcc-feats[5.5.987~1-eb8d0]:main():compute-mfcc-feats.cc:182) Processed features for key VIVOSSPK14-191
VLOG[2] (compute-mfcc-feats[5.5.987~1-eb8d0]:main():compute-mfcc-feats.cc:182) Processed features for key VIVOSSPK14-192
VLOG[2] (compute-mfcc-feats[5.5.987~1-eb8d0]:main():compute-mfcc-feats.cc:182) Processed features for key VIVOSSPK14-193
VLOG[2] (compute-mfcc-feats[5.5.987~1-eb8d0]:main():compute-mfcc-feats.cc:182) Processed features for key VIVOSSPK14-194
VLOG[2] (compute-mfcc-feats[5.5.987~1-eb8d0]:main():compute-mfcc-feats.cc:182) Processed features for key VIVOSSPK14-195
LOG (compute-mfcc-feats[5.5.987~1-eb8d0]:main():compute-mfcc-feats.cc:181) Processed 580 utterances
VLOG[2] (compute-mfcc-feats[5.5.987~1-eb8d0]:main():compute-mfcc-feats.cc:182) Processed features for key VIVOSSPK14-196
VLOG[2] (compute-mfcc-feats[5.5.987~1-eb8d0]:main():compute-mfcc-feats.cc:182) Processed features for key VIVOSSPK14-197
VLOG[2] (compute-mfcc-feats[5.5.987~1-eb8d0]:main():compute-mfcc-feats.cc:182) Processed features for key VIVOSSPK14-198
VLOG[2] (compute-mfcc-feats[5.5.987~1-eb8d0]:main():compute-mfcc-feats.cc:182) Processed features for key VIVOSSPK14-199
VLOG[2] (compute-mfcc-feats[5.5.987~1-eb8d0]:main():compute-mfcc-feats.cc:182) Processed features for key VIVOSSPK14-200
VLOG[2] (compute-mfcc-feats[5.5.987~1-eb8d0]:main():compute-mfcc-feats.cc:182) Processed features for key VIVOSSPK14-201
VLOG[2] (compute-mfcc-feats[5.5.987~1-eb8d0]:main():compute-mfcc-feats.cc:182) Processed features for key VIVOSSPK14-202
VLOG[2] (compute-mfcc-feats[5.5.987~1-eb8d0]:main():compute-mfcc-feats.cc:182) Processed features for key VIVOSSPK14-203
VLOG[2] (compute-mfcc-feats[5.5.987~1-eb8d0]:main():compute-mfcc-feats.cc:182) Processed features for key VIVOSSPK14-204
VLOG[2] (compute-mfcc-feats[5.5.987~1-eb8d0]:main():compute-mfcc-feats.cc:182) Processed features for key VIVOSSPK14-205
LOG (compute-mfcc-feats[5.5.987~1-eb8d0]:main():compute-mfcc-feats.cc:181) Processed 590 utterances
VLOG[2] (compute-mfcc-feats[5.5.987~1-eb8d0]:main():compute-mfcc-feats.cc:182) Processed features for key VIVOSSPK14-206
VLOG[2] (compute-mfcc-feats[5.5.987~1-eb8d0]:main():compute-mfcc-feats.cc:182) Processed features for key VIVOSSPK14-207
VLOG[2] (compute-mfcc-feats[5.5.987~1-eb8d0]:main():compute-mfcc-feats.cc:182) Processed features for key VIVOSSPK14-208
VLOG[2] (compute-mfcc-feats[5.5.987~1-eb8d0]:main():compute-mfcc-feats.cc:182) Processed features for key VIVOSSPK14-209
VLOG[2] (compute-mfcc-feats[5.5.987~1-eb8d0]:main():compute-mfcc-feats.cc:182) Processed features for key VIVOSSPK14-210
VLOG[2] (compute-mfcc-feats[5.5.987~1-eb8d0]:main():compute-mfcc-feats.cc:182) Processed features for key VIVOSSPK14-211
VLOG[2] (compute-mfcc-feats[5.5.987~1-eb8d0]:main():compute-mfcc-feats.cc:182) Processed features for key VIVOSSPK14-212
VLOG[2] (compute-mfcc-feats[5.5.987~1-eb8d0]:main():compute-mfcc-feats.cc:182) Processed features for key VIVOSSPK14-213
VLOG[2] (compute-mfcc-feats[5.5.987~1-eb8d0]:main():compute-mfcc-feats.cc:182) Processed features for key VIVOSSPK14-214
VLOG[2] (compute-mfcc-feats[5.5.987~1-eb8d0]:main():compute-mfcc-feats.cc:182) Processed features for key VIVOSSPK14-215
LOG (compute-mfcc-feats[5.5.987~1-eb8d0]:main():compute-mfcc-feats.cc:181) Processed 600 utterances
VLOG[2] (compute-mfcc-feats[5.5.987~1-eb8d0]:main():compute-mfcc-feats.cc:182) Processed features for key VIVOSSPK14-216
VLOG[2] (compute-mfcc-feats[5.5.987~1-eb8d0]:main():compute-mfcc-feats.cc:182) Processed features for key VIVOSSPK14-217
VLOG[2] (compute-mfcc-feats[5.5.987~1-eb8d0]:main():compute-mfcc-feats.cc:182) Processed features for key VIVOSSPK14-218
VLOG[2] (compute-mfcc-feats[5.5.987~1-eb8d0]:main():compute-mfcc-feats.cc:182) Processed features for key VIVOSSPK14-219
VLOG[2] (compute-mfcc-feats[5.5.987~1-eb8d0]:main():compute-mfcc-feats.cc:182) Processed features for key VIVOSSPK14-220
VLOG[2] (compute-mfcc-feats[5.5.987~1-eb8d0]:main():compute-mfcc-feats.cc:182) Processed features for key VIVOSSPK14-221
VLOG[2] (compute-mfcc-feats[5.5.987~1-eb8d0]:main():compute-mfcc-feats.cc:182) Processed features for key VIVOSSPK14-222
VLOG[2] (compute-mfcc-feats[5.5.987~1-eb8d0]:main():compute-mfcc-feats.cc:182) Processed features for key VIVOSSPK14-223
VLOG[2] (compute-mfcc-feats[5.5.987~1-eb8d0]:main():compute-mfcc-feats.cc:182) Processed features for key VIVOSSPK14-224
VLOG[2] (compute-mfcc-feats[5.5.987~1-eb8d0]:main():compute-mfcc-feats.cc:182) Processed features for key VIVOSSPK14-225
LOG (compute-mfcc-feats[5.5.987~1-eb8d0]:main():compute-mfcc-feats.cc:181) Processed 610 utterances
VLOG[2] (compute-mfcc-feats[5.5.987~1-eb8d0]:main():compute-mfcc-feats.cc:182) Processed features for key VIVOSSPK14-226
VLOG[2] (compute-mfcc-feats[5.5.987~1-eb8d0]:main():compute-mfcc-feats.cc:182) Processed features for key VIVOSSPK14-227
VLOG[2] (compute-mfcc-feats[5.5.987~1-eb8d0]:main():compute-mfcc-feats.cc:182) Processed features for key VIVOSSPK14-228
VLOG[2] (compute-mfcc-feats[5.5.987~1-eb8d0]:main():compute-mfcc-feats.cc:182) Processed features for key VIVOSSPK14-229
VLOG[2] (compute-mfcc-feats[5.5.987~1-eb8d0]:main():compute-mfcc-feats.cc:182) Processed features for key VIVOSSPK14-230
VLOG[2] (compute-mfcc-feats[5.5.987~1-eb8d0]:main():compute-mfcc-feats.cc:182) Processed features for key VIVOSSPK14-231
VLOG[2] (compute-mfcc-feats[5.5.987~1-eb8d0]:main():compute-mfcc-feats.cc:182) Processed features for key VIVOSSPK14-232
VLOG[2] (compute-mfcc-feats[5.5.987~1-eb8d0]:main():compute-mfcc-feats.cc:182) Processed features for key VIVOSSPK14-233
VLOG[2] (compute-mfcc-feats[5.5.987~1-eb8d0]:main():compute-mfcc-feats.cc:182) Processed features for key VIVOSSPK14-234
VLOG[2] (compute-mfcc-feats[5.5.987~1-eb8d0]:main():compute-mfcc-feats.cc:182) Processed features for key VIVOSSPK14-235
LOG (compute-mfcc-feats[5.5.987~1-eb8d0]:main():compute-mfcc-feats.cc:181) Processed 620 utterances
VLOG[2] (compute-mfcc-feats[5.5.987~1-eb8d0]:main():compute-mfcc-feats.cc:182) Processed features for key VIVOSSPK14-236
VLOG[2] (compute-mfcc-feats[5.5.987~1-eb8d0]:main():compute-mfcc-feats.cc:182) Processed features for key VIVOSSPK14-237
VLOG[2] (compute-mfcc-feats[5.5.987~1-eb8d0]:main():compute-mfcc-feats.cc:182) Processed features for key VIVOSSPK14-238
VLOG[2] (compute-mfcc-feats[5.5.987~1-eb8d0]:main():compute-mfcc-feats.cc:182) Processed features for key VIVOSSPK14-239
VLOG[2] (compute-mfcc-feats[5.5.987~1-eb8d0]:main():compute-mfcc-feats.cc:182) Processed features for key VIVOSSPK14-240
VLOG[2] (compute-mfcc-feats[5.5.987~1-eb8d0]:main():compute-mfcc-feats.cc:182) Processed features for key VIVOSSPK14-241
VLOG[2] (compute-mfcc-feats[5.5.987~1-eb8d0]:main():compute-mfcc-feats.cc:182) Processed features for key VIVOSSPK14-242
VLOG[2] (compute-mfcc-feats[5.5.987~1-eb8d0]:main():compute-mfcc-feats.cc:182) Processed features for key VIVOSSPK14-243
VLOG[2] (compute-mfcc-feats[5.5.987~1-eb8d0]:main():compute-mfcc-feats.cc:182) Processed features for key VIVOSSPK14-244
VLOG[2] (compute-mfcc-feats[5.5.987~1-eb8d0]:main():compute-mfcc-feats.cc:182) Processed features for key VIVOSSPK14-245
LOG (compute-mfcc-feats[5.5.987~1-eb8d0]:main():compute-mfcc-feats.cc:181) Processed 630 utterances
VLOG[2] (compute-mfcc-feats[5.5.987~1-eb8d0]:main():compute-mfcc-feats.cc:182) Processed features for key VIVOSSPK14-246
VLOG[2] (compute-mfcc-feats[5.5.987~1-eb8d0]:main():compute-mfcc-feats.cc:182) Processed features for key VIVOSSPK14-247
VLOG[2] (compute-mfcc-feats[5.5.987~1-eb8d0]:main():compute-mfcc-feats.cc:182) Processed features for key VIVOSSPK14-248
VLOG[2] (compute-mfcc-feats[5.5.987~1-eb8d0]:main():compute-mfcc-feats.cc:182) Processed features for key VIVOSSPK14-249
VLOG[2] (compute-mfcc-feats[5.5.987~1-eb8d0]:main():compute-mfcc-feats.cc:182) Processed features for key VIVOSSPK14-250
VLOG[2] (compute-mfcc-feats[5.5.987~1-eb8d0]:main():compute-mfcc-feats.cc:182) Processed features for key VIVOSSPK14-251
VLOG[2] (compute-mfcc-feats[5.5.987~1-eb8d0]:main():compute-mfcc-feats.cc:182) Processed features for key VIVOSSPK14-252
VLOG[2] (compute-mfcc-feats[5.5.987~1-eb8d0]:main():compute-mfcc-feats.cc:182) Processed features for key VIVOSSPK14-253
VLOG[2] (compute-mfcc-feats[5.5.987~1-eb8d0]:main():compute-mfcc-feats.cc:182) Processed features for key VIVOSSPK14-254
VLOG[2] (compute-mfcc-feats[5.5.987~1-eb8d0]:main():compute-mfcc-feats.cc:182) Processed features for key VIVOSSPK14-255
LOG (compute-mfcc-feats[5.5.987~1-eb8d0]:main():compute-mfcc-feats.cc:181) Processed 640 utterances
VLOG[2] (compute-mfcc-feats[5.5.987~1-eb8d0]:main():compute-mfcc-feats.cc:182) Processed features for key VIVOSSPK14-256
VLOG[2] (compute-mfcc-feats[5.5.987~1-eb8d0]:main():compute-mfcc-feats.cc:182) Processed features for key VIVOSSPK14-257
VLOG[2] (compute-mfcc-feats[5.5.987~1-eb8d0]:main():compute-mfcc-feats.cc:182) Processed features for key VIVOSSPK14-258
VLOG[2] (compute-mfcc-feats[5.5.987~1-eb8d0]:main():compute-mfcc-feats.cc:182) Processed features for key VIVOSSPK14-259
VLOG[2] (compute-mfcc-feats[5.5.987~1-eb8d0]:main():compute-mfcc-feats.cc:182) Processed features for key VIVOSSPK14-260
VLOG[2] (compute-mfcc-feats[5.5.987~1-eb8d0]:main():compute-mfcc-feats.cc:182) Processed features for key VIVOSSPK14-261
VLOG[2] (compute-mfcc-feats[5.5.987~1-eb8d0]:main():compute-mfcc-feats.cc:182) Processed features for key VIVOSSPK14-262
VLOG[2] (compute-mfcc-feats[5.5.987~1-eb8d0]:main():compute-mfcc-feats.cc:182) Processed features for key VIVOSSPK14-263
VLOG[2] (compute-mfcc-feats[5.5.987~1-eb8d0]:main():compute-mfcc-feats.cc:182) Processed features for key VIVOSSPK14-264
VLOG[2] (compute-mfcc-feats[5.5.987~1-eb8d0]:main():compute-mfcc-feats.cc:182) Processed features for key VIVOSSPK14-265
LOG (compute-mfcc-feats[5.5.987~1-eb8d0]:main():compute-mfcc-feats.cc:181) Processed 650 utterances
VLOG[2] (compute-mfcc-feats[5.5.987~1-eb8d0]:main():compute-mfcc-feats.cc:182) Processed features for key VIVOSSPK14-266
VLOG[2] (compute-mfcc-feats[5.5.987~1-eb8d0]:main():compute-mfcc-feats.cc:182) Processed features for key VIVOSSPK14-267
VLOG[2] (compute-mfcc-feats[5.5.987~1-eb8d0]:main():compute-mfcc-feats.cc:182) Processed features for key VIVOSSPK14-268
VLOG[2] (compute-mfcc-feats[5.5.987~1-eb8d0]:main():compute-mfcc-feats.cc:182) Processed features for key VIVOSSPK14-269
VLOG[2] (compute-mfcc-feats[5.5.987~1-eb8d0]:main():compute-mfcc-feats.cc:182) Processed features for key VIVOSSPK14-270
VLOG[2] (compute-mfcc-feats[5.5.987~1-eb8d0]:main():compute-mfcc-feats.cc:182) Processed features for key VIVOSSPK14-271
VLOG[2] (compute-mfcc-feats[5.5.987~1-eb8d0]:main():compute-mfcc-feats.cc:182) Processed features for key VIVOSSPK14-272
VLOG[2] (compute-mfcc-feats[5.5.987~1-eb8d0]:main():compute-mfcc-feats.cc:182) Processed features for key VIVOSSPK14-273
VLOG[2] (compute-mfcc-feats[5.5.987~1-eb8d0]:main():compute-mfcc-feats.cc:182) Processed features for key VIVOSSPK14-274
VLOG[2] (compute-mfcc-feats[5.5.987~1-eb8d0]:main():compute-mfcc-feats.cc:182) Processed features for key VIVOSSPK14-275
LOG (compute-mfcc-feats[5.5.987~1-eb8d0]:main():compute-mfcc-feats.cc:181) Processed 660 utterances
VLOG[2] (compute-mfcc-feats[5.5.987~1-eb8d0]:main():compute-mfcc-feats.cc:182) Processed features for key VIVOSSPK14-276
VLOG[2] (compute-mfcc-feats[5.5.987~1-eb8d0]:main():compute-mfcc-feats.cc:182) Processed features for key VIVOSSPK14-277
VLOG[2] (compute-mfcc-feats[5.5.987~1-eb8d0]:main():compute-mfcc-feats.cc:182) Processed features for key VIVOSSPK14-278
VLOG[2] (compute-mfcc-feats[5.5.987~1-eb8d0]:main():compute-mfcc-feats.cc:182) Processed features for key VIVOSSPK14-279
VLOG[2] (compute-mfcc-feats[5.5.987~1-eb8d0]:main():compute-mfcc-feats.cc:182) Processed features for key VIVOSSPK14-280
VLOG[2] (compute-mfcc-feats[5.5.987~1-eb8d0]:main():compute-mfcc-feats.cc:182) Processed features for key VIVOSSPK14-281
VLOG[2] (compute-mfcc-feats[5.5.987~1-eb8d0]:main():compute-mfcc-feats.cc:182) Processed features for key VIVOSSPK14-282
VLOG[2] (compute-mfcc-feats[5.5.987~1-eb8d0]:main():compute-mfcc-feats.cc:182) Processed features for key VIVOSSPK14-283
VLOG[2] (compute-mfcc-feats[5.5.987~1-eb8d0]:main():compute-mfcc-feats.cc:182) Processed features for key VIVOSSPK14-284
VLOG[2] (compute-mfcc-feats[5.5.987~1-eb8d0]:main():compute-mfcc-feats.cc:182) Processed features for key VIVOSSPK14-285
LOG (compute-mfcc-feats[5.5.987~1-eb8d0]:main():compute-mfcc-feats.cc:181) Processed 670 utterances
VLOG[2] (compute-mfcc-feats[5.5.987~1-eb8d0]:main():compute-mfcc-feats.cc:182) Processed features for key VIVOSSPK14-286
VLOG[2] (compute-mfcc-feats[5.5.987~1-eb8d0]:main():compute-mfcc-feats.cc:182) Processed features for key VIVOSSPK14-287
VLOG[2] (compute-mfcc-feats[5.5.987~1-eb8d0]:main():compute-mfcc-feats.cc:182) Processed features for key VIVOSSPK14-288
VLOG[2] (compute-mfcc-feats[5.5.987~1-eb8d0]:main():compute-mfcc-feats.cc:182) Processed features for key VIVOSSPK14-289
VLOG[2] (compute-mfcc-feats[5.5.987~1-eb8d0]:main():compute-mfcc-feats.cc:182) Processed features for key VIVOSSPK14-290
VLOG[2] (compute-mfcc-feats[5.5.987~1-eb8d0]:main():compute-mfcc-feats.cc:182) Processed features for key VIVOSSPK14-291
VLOG[2] (compute-mfcc-feats[5.5.987~1-eb8d0]:main():compute-mfcc-feats.cc:182) Processed features for key VIVOSSPK14-292
VLOG[2] (compute-mfcc-feats[5.5.987~1-eb8d0]:main():compute-mfcc-feats.cc:182) Processed features for key VIVOSSPK14-293
VLOG[2] (compute-mfcc-feats[5.5.987~1-eb8d0]:main():compute-mfcc-feats.cc:182) Processed features for key VIVOSSPK14-294
VLOG[2] (compute-mfcc-feats[5.5.987~1-eb8d0]:main():compute-mfcc-feats.cc:182) Processed features for key VIVOSSPK14-295
LOG (compute-mfcc-feats[5.5.987~1-eb8d0]:main():compute-mfcc-feats.cc:181) Processed 680 utterances
VLOG[2] (compute-mfcc-feats[5.5.987~1-eb8d0]:main():compute-mfcc-feats.cc:182) Processed features for key VIVOSSPK14-296
VLOG[2] (compute-mfcc-feats[5.5.987~1-eb8d0]:main():compute-mfcc-feats.cc:182) Processed features for key VIVOSSPK14-297
VLOG[2] (compute-mfcc-feats[5.5.987~1-eb8d0]:main():compute-mfcc-feats.cc:182) Processed features for key VIVOSSPK14-298
VLOG[2] (compute-mfcc-feats[5.5.987~1-eb8d0]:main():compute-mfcc-feats.cc:182) Processed features for key VIVOSSPK14-299
VLOG[2] (compute-mfcc-feats[5.5.987~1-eb8d0]:main():compute-mfcc-feats.cc:182) Processed features for key VIVOSSPK14-300
VLOG[2] (compute-mfcc-feats[5.5.987~1-eb8d0]:main():compute-mfcc-feats.cc:182) Processed features for key VIVOSSPK15-001
VLOG[2] (compute-mfcc-feats[5.5.987~1-eb8d0]:main():compute-mfcc-feats.cc:182) Processed features for key VIVOSSPK15-002
VLOG[2] (compute-mfcc-feats[5.5.987~1-eb8d0]:main():compute-mfcc-feats.cc:182) Processed features for key VIVOSSPK15-003
VLOG[2] (compute-mfcc-feats[5.5.987~1-eb8d0]:main():compute-mfcc-feats.cc:182) Processed features for key VIVOSSPK15-004
VLOG[2] (compute-mfcc-feats[5.5.987~1-eb8d0]:main():compute-mfcc-feats.cc:182) Processed features for key VIVOSSPK15-005
LOG (compute-mfcc-feats[5.5.987~1-eb8d0]:main():compute-mfcc-feats.cc:181) Processed 690 utterances
VLOG[2] (compute-mfcc-feats[5.5.987~1-eb8d0]:main():compute-mfcc-feats.cc:182) Processed features for key VIVOSSPK15-006
VLOG[2] (compute-mfcc-feats[5.5.987~1-eb8d0]:main():compute-mfcc-feats.cc:182) Processed features for key VIVOSSPK15-007
VLOG[2] (compute-mfcc-feats[5.5.987~1-eb8d0]:main():compute-mfcc-feats.cc:182) Processed features for key VIVOSSPK15-008
VLOG[2] (compute-mfcc-feats[5.5.987~1-eb8d0]:main():compute-mfcc-feats.cc:182) Processed features for key VIVOSSPK15-009
VLOG[2] (compute-mfcc-feats[5.5.987~1-eb8d0]:main():compute-mfcc-feats.cc:182) Processed features for key VIVOSSPK15-010
VLOG[2] (compute-mfcc-feats[5.5.987~1-eb8d0]:main():compute-mfcc-feats.cc:182) Processed features for key VIVOSSPK15-011
VLOG[2] (compute-mfcc-feats[5.5.987~1-eb8d0]:main():compute-mfcc-feats.cc:182) Processed features for key VIVOSSPK15-012
VLOG[2] (compute-mfcc-feats[5.5.987~1-eb8d0]:main():compute-mfcc-feats.cc:182) Processed features for key VIVOSSPK15-013
VLOG[2] (compute-mfcc-feats[5.5.987~1-eb8d0]:main():compute-mfcc-feats.cc:182) Processed features for key VIVOSSPK15-014
VLOG[2] (compute-mfcc-feats[5.5.987~1-eb8d0]:main():compute-mfcc-feats.cc:182) Processed features for key VIVOSSPK15-015
LOG (compute-mfcc-feats[5.5.987~1-eb8d0]:main():compute-mfcc-feats.cc:181) Processed 700 utterances
VLOG[2] (compute-mfcc-feats[5.5.987~1-eb8d0]:main():compute-mfcc-feats.cc:182) Processed features for key VIVOSSPK15-016
VLOG[2] (compute-mfcc-feats[5.5.987~1-eb8d0]:main():compute-mfcc-feats.cc:182) Processed features for key VIVOSSPK15-017
VLOG[2] (compute-mfcc-feats[5.5.987~1-eb8d0]:main():compute-mfcc-feats.cc:182) Processed features for key VIVOSSPK15-018
VLOG[2] (compute-mfcc-feats[5.5.987~1-eb8d0]:main():compute-mfcc-feats.cc:182) Processed features for key VIVOSSPK15-019
VLOG[2] (compute-mfcc-feats[5.5.987~1-eb8d0]:main():compute-mfcc-feats.cc:182) Processed features for key VIVOSSPK15-020
VLOG[2] (compute-mfcc-feats[5.5.987~1-eb8d0]:main():compute-mfcc-feats.cc:182) Processed features for key VIVOSSPK15-021
VLOG[2] (compute-mfcc-feats[5.5.987~1-eb8d0]:main():compute-mfcc-feats.cc:182) Processed features for key VIVOSSPK15-022
VLOG[2] (compute-mfcc-feats[5.5.987~1-eb8d0]:main():compute-mfcc-feats.cc:182) Processed features for key VIVOSSPK15-023
VLOG[2] (compute-mfcc-feats[5.5.987~1-eb8d0]:main():compute-mfcc-feats.cc:182) Processed features for key VIVOSSPK15-024
VLOG[2] (compute-mfcc-feats[5.5.987~1-eb8d0]:main():compute-mfcc-feats.cc:182) Processed features for key VIVOSSPK15-025
LOG (compute-mfcc-feats[5.5.987~1-eb8d0]:main():compute-mfcc-feats.cc:181) Processed 710 utterances
VLOG[2] (compute-mfcc-feats[5.5.987~1-eb8d0]:main():compute-mfcc-feats.cc:182) Processed features for key VIVOSSPK15-026
VLOG[2] (compute-mfcc-feats[5.5.987~1-eb8d0]:main():compute-mfcc-feats.cc:182) Processed features for key VIVOSSPK15-027
VLOG[2] (compute-mfcc-feats[5.5.987~1-eb8d0]:main():compute-mfcc-feats.cc:182) Processed features for key VIVOSSPK15-028
VLOG[2] (compute-mfcc-feats[5.5.987~1-eb8d0]:main():compute-mfcc-feats.cc:182) Processed features for key VIVOSSPK15-029
VLOG[2] (compute-mfcc-feats[5.5.987~1-eb8d0]:main():compute-mfcc-feats.cc:182) Processed features for key VIVOSSPK15-030
VLOG[2] (compute-mfcc-feats[5.5.987~1-eb8d0]:main():compute-mfcc-feats.cc:182) Processed features for key VIVOSSPK15-031
VLOG[2] (compute-mfcc-feats[5.5.987~1-eb8d0]:main():compute-mfcc-feats.cc:182) Processed features for key VIVOSSPK15-032
VLOG[2] (compute-mfcc-feats[5.5.987~1-eb8d0]:main():compute-mfcc-feats.cc:182) Processed features for key VIVOSSPK15-033
VLOG[2] (compute-mfcc-feats[5.5.987~1-eb8d0]:main():compute-mfcc-feats.cc:182) Processed features for key VIVOSSPK15-034
VLOG[2] (compute-mfcc-feats[5.5.987~1-eb8d0]:main():compute-mfcc-feats.cc:182) Processed features for key VIVOSSPK15-035
LOG (compute-mfcc-feats[5.5.987~1-eb8d0]:main():compute-mfcc-feats.cc:181) Processed 720 utterances
VLOG[2] (compute-mfcc-feats[5.5.987~1-eb8d0]:main():compute-mfcc-feats.cc:182) Processed features for key VIVOSSPK15-036
VLOG[2] (compute-mfcc-feats[5.5.987~1-eb8d0]:main():compute-mfcc-feats.cc:182) Processed features for key VIVOSSPK15-037
VLOG[2] (compute-mfcc-feats[5.5.987~1-eb8d0]:main():compute-mfcc-feats.cc:182) Processed features for key VIVOSSPK15-038
VLOG[2] (compute-mfcc-feats[5.5.987~1-eb8d0]:main():compute-mfcc-feats.cc:182) Processed features for key VIVOSSPK15-039
VLOG[2] (compute-mfcc-feats[5.5.987~1-eb8d0]:main():compute-mfcc-feats.cc:182) Processed features for key VIVOSSPK15-040
VLOG[2] (compute-mfcc-feats[5.5.987~1-eb8d0]:main():compute-mfcc-feats.cc:182) Processed features for key VIVOSSPK15-041
VLOG[2] (compute-mfcc-feats[5.5.987~1-eb8d0]:main():compute-mfcc-feats.cc:182) Processed features for key VIVOSSPK15-042
VLOG[2] (compute-mfcc-feats[5.5.987~1-eb8d0]:main():compute-mfcc-feats.cc:182) Processed features for key VIVOSSPK15-043
VLOG[2] (compute-mfcc-feats[5.5.987~1-eb8d0]:main():compute-mfcc-feats.cc:182) Processed features for key VIVOSSPK15-044
VLOG[2] (compute-mfcc-feats[5.5.987~1-eb8d0]:main():compute-mfcc-feats.cc:182) Processed features for key VIVOSSPK15-045
LOG (compute-mfcc-feats[5.5.987~1-eb8d0]:main():compute-mfcc-feats.cc:185)  Done 729 out of 729 utterances.
LOG (copy-feats[5.5.987~1-eb8d0]:main():copy-feats.cc:143) Copied 729 feature matrices.
# Accounting: time=7 threads=1
# Ended (code 0) at Fri Oct 29 08:01:03 +07 2021, elapsed time 7 seconds
