# compute-mfcc-feats --write-utt2dur=ark,t:exp/make_mfcc/train/utt2dur.6 --verbose=2 --config=conf/mfcc.conf scp,p:exp/make_mfcc/train/wav_train.6.scp ark:- | copy-feats --write-num-frames=ark,t:exp/make_mfcc/train/utt2num_frames.6 --compress=true ark:- ark,scp:/home/phuc/workspace/research/kaldi/egs/vivos/mfcc/raw_mfcc_train.6.ark,/home/phuc/workspace/research/kaldi/egs/vivos/mfcc/raw_mfcc_train.6.scp 
# Started at Fri Oct 29 08:00:56 +07 2021
#
copy-feats --write-num-frames=ark,t:exp/make_mfcc/train/utt2num_frames.6 --compress=true ark:- ark,scp:/home/phuc/workspace/research/kaldi/egs/vivos/mfcc/raw_mfcc_train.6.ark,/home/phuc/workspace/research/kaldi/egs/vivos/mfcc/raw_mfcc_train.6.scp 
compute-mfcc-feats --write-utt2dur=ark,t:exp/make_mfcc/train/utt2dur.6 --verbose=2 --config=conf/mfcc.conf scp,p:exp/make_mfcc/train/wav_train.6.scp ark:- 
VLOG[2] (compute-mfcc-feats[5.5.987~1-eb8d0]:main():compute-mfcc-feats.cc:182) Processed features for key VIVOSSPK15-046
VLOG[2] (compute-mfcc-feats[5.5.987~1-eb8d0]:main():compute-mfcc-feats.cc:182) Processed features for key VIVOSSPK15-047
VLOG[2] (compute-mfcc-feats[5.5.987~1-eb8d0]:main():compute-mfcc-feats.cc:182) Processed features for key VIVOSSPK15-048
VLOG[2] (compute-mfcc-feats[5.5.987~1-eb8d0]:main():compute-mfcc-feats.cc:182) Processed features for key VIVOSSPK15-049
VLOG[2] (compute-mfcc-feats[5.5.987~1-eb8d0]:main():compute-mfcc-feats.cc:182) Processed features for key VIVOSSPK15-050
VLOG[2] (compute-mfcc-feats[5.5.987~1-eb8d0]:main():compute-mfcc-feats.cc:182) Processed features for key VIVOSSPK15-051
VLOG[2] (compute-mfcc-feats[5.5.987~1-eb8d0]:main():compute-mfcc-feats.cc:182) Processed features for key VIVOSSPK15-052
VLOG[2] (compute-mfcc-feats[5.5.987~1-eb8d0]:main():compute-mfcc-feats.cc:182) Processed features for key VIVOSSPK15-053
VLOG[2] (compute-mfcc-feats[5.5.987~1-eb8d0]:main():compute-mfcc-feats.cc:182) Processed features for key VIVOSSPK15-054
LOG (compute-mfcc-feats[5.5.987~1-eb8d0]:main():compute-mfcc-feats.cc:181) Processed 10 utterances
VLOG[2] (compute-mfcc-feats[5.5.987~1-eb8d0]:main():compute-mfcc-feats.cc:182) Processed features for key VIVOSSPK15-055
VLOG[2] (compute-mfcc-feats[5.5.987~1-eb8d0]:main():compute-mfcc-feats.cc:182) Processed features for key VIVOSSPK15-056
VLOG[2] (compute-mfcc-feats[5.5.987~1-eb8d0]:main():compute-mfcc-feats.cc:182) Processed features for key VIVOSSPK15-057
VLOG[2] (compute-mfcc-feats[5.5.987~1-eb8d0]:main():compute-mfcc-feats.cc:182) Processed features for key VIVOSSPK15-058
VLOG[2] (compute-mfcc-feats[5.5.987~1-eb8d0]:main():compute-mfcc-feats.cc:182) Processed features for key VIVOSSPK15-059
VLOG[2] (compute-mfcc-feats[5.5.987~1-eb8d0]:main():compute-mfcc-feats.cc:182) Processed features for key VIVOSSPK15-060
VLOG[2] (compute-mfcc-feats[5.5.987~1-eb8d0]:main():compute-mfcc-feats.cc:182) Processed features for key VIVOSSPK15-061
VLOG[2] (compute-mfcc-feats[5.5.987~1-eb8d0]:main():compute-mfcc-feats.cc:182) Processed features for key VIVOSSPK15-062
VLOG[2] (compute-mfcc-feats[5.5.987~1-eb8d0]:main():compute-mfcc-feats.cc:182) Processed features for key VIVOSSPK15-063
VLOG[2] (compute-mfcc-feats[5.5.987~1-eb8d0]:main():compute-mfcc-feats.cc:182) Processed features for key VIVOSSPK15-064
LOG (compute-mfcc-feats[5.5.987~1-eb8d0]:main():compute-mfcc-feats.cc:181) Processed 20 utterances
VLOG[2] (compute-mfcc-feats[5.5.987~1-eb8d0]:main():compute-mfcc-feats.cc:182) Processed features for key VIVOSSPK15-065
VLOG[2] (compute-mfcc-feats[5.5.987~1-eb8d0]:main():compute-mfcc-feats.cc:182) Processed features for key VIVOSSPK15-066
VLOG[2] (compute-mfcc-feats[5.5.987~1-eb8d0]:main():compute-mfcc-feats.cc:182) Processed features for key VIVOSSPK15-067
VLOG[2] (compute-mfcc-feats[5.5.987~1-eb8d0]:main():compute-mfcc-feats.cc:182) Processed features for key VIVOSSPK15-068
VLOG[2] (compute-mfcc-feats[5.5.987~1-eb8d0]:main():compute-mfcc-feats.cc:182) Processed features for key VIVOSSPK15-069
VLOG[2] (compute-mfcc-feats[5.5.987~1-eb8d0]:main():compute-mfcc-feats.cc:182) Processed features for key VIVOSSPK15-070
VLOG[2] (compute-mfcc-feats[5.5.987~1-eb8d0]:main():compute-mfcc-feats.cc:182) Processed features for key VIVOSSPK15-071
VLOG[2] (compute-mfcc-feats[5.5.987~1-eb8d0]:main():compute-mfcc-feats.cc:182) Processed features for key VIVOSSPK15-072
VLOG[2] (compute-mfcc-feats[5.5.987~1-eb8d0]:main():compute-mfcc-feats.cc:182) Processed features for key VIVOSSPK15-073
VLOG[2] (compute-mfcc-feats[5.5.987~1-eb8d0]:main():compute-mfcc-feats.cc:182) Processed features for key VIVOSSPK15-074
LOG (compute-mfcc-feats[5.5.987~1-eb8d0]:main():compute-mfcc-feats.cc:181) Processed 30 utterances
VLOG[2] (compute-mfcc-feats[5.5.987~1-eb8d0]:main():compute-mfcc-feats.cc:182) Processed features for key VIVOSSPK15-075
VLOG[2] (compute-mfcc-feats[5.5.987~1-eb8d0]:main():compute-mfcc-feats.cc:182) Processed features for key VIVOSSPK15-076
VLOG[2] (compute-mfcc-feats[5.5.987~1-eb8d0]:main():compute-mfcc-feats.cc:182) Processed features for key VIVOSSPK15-077
VLOG[2] (compute-mfcc-feats[5.5.987~1-eb8d0]:main():compute-mfcc-feats.cc:182) Processed features for key VIVOSSPK15-078
VLOG[2] (compute-mfcc-feats[5.5.987~1-eb8d0]:main():compute-mfcc-feats.cc:182) Processed features for key VIVOSSPK15-079
VLOG[2] (compute-mfcc-feats[5.5.987~1-eb8d0]:main():compute-mfcc-feats.cc:182) Processed features for key VIVOSSPK15-080
VLOG[2] (compute-mfcc-feats[5.5.987~1-eb8d0]:main():compute-mfcc-feats.cc:182) Processed features for key VIVOSSPK15-081
VLOG[2] (compute-mfcc-feats[5.5.987~1-eb8d0]:main():compute-mfcc-feats.cc:182) Processed features for key VIVOSSPK15-082
VLOG[2] (compute-mfcc-feats[5.5.987~1-eb8d0]:main():compute-mfcc-feats.cc:182) Processed features for key VIVOSSPK15-083
VLOG[2] (compute-mfcc-feats[5.5.987~1-eb8d0]:main():compute-mfcc-feats.cc:182) Processed features for key VIVOSSPK15-084
LOG (compute-mfcc-feats[5.5.987~1-eb8d0]:main():compute-mfcc-feats.cc:181) Processed 40 utterances
VLOG[2] (compute-mfcc-feats[5.5.987~1-eb8d0]:main():compute-mfcc-feats.cc:182) Processed features for key VIVOSSPK15-085
VLOG[2] (compute-mfcc-feats[5.5.987~1-eb8d0]:main():compute-mfcc-feats.cc:182) Processed features for key VIVOSSPK15-086
VLOG[2] (compute-mfcc-feats[5.5.987~1-eb8d0]:main():compute-mfcc-feats.cc:182) Processed features for key VIVOSSPK15-087
VLOG[2] (compute-mfcc-feats[5.5.987~1-eb8d0]:main():compute-mfcc-feats.cc:182) Processed features for key VIVOSSPK15-088
VLOG[2] (compute-mfcc-feats[5.5.987~1-eb8d0]:main():compute-mfcc-feats.cc:182) Processed features for key VIVOSSPK15-089
VLOG[2] (compute-mfcc-feats[5.5.987~1-eb8d0]:main():compute-mfcc-feats.cc:182) Processed features for key VIVOSSPK15-090
VLOG[2] (compute-mfcc-feats[5.5.987~1-eb8d0]:main():compute-mfcc-feats.cc:182) Processed features for key VIVOSSPK15-091
VLOG[2] (compute-mfcc-feats[5.5.987~1-eb8d0]:main():compute-mfcc-feats.cc:182) Processed features for key VIVOSSPK15-092
VLOG[2] (compute-mfcc-feats[5.5.987~1-eb8d0]:main():compute-mfcc-feats.cc:182) Processed features for key VIVOSSPK15-093
VLOG[2] (compute-mfcc-feats[5.5.987~1-eb8d0]:main():compute-mfcc-feats.cc:182) Processed features for key VIVOSSPK15-094
LOG (compute-mfcc-feats[5.5.987~1-eb8d0]:main():compute-mfcc-feats.cc:181) Processed 50 utterances
VLOG[2] (compute-mfcc-feats[5.5.987~1-eb8d0]:main():compute-mfcc-feats.cc:182) Processed features for key VIVOSSPK15-095
VLOG[2] (compute-mfcc-feats[5.5.987~1-eb8d0]:main():compute-mfcc-feats.cc:182) Processed features for key VIVOSSPK15-096
VLOG[2] (compute-mfcc-feats[5.5.987~1-eb8d0]:main():compute-mfcc-feats.cc:182) Processed features for key VIVOSSPK15-097
VLOG[2] (compute-mfcc-feats[5.5.987~1-eb8d0]:main():compute-mfcc-feats.cc:182) Processed features for key VIVOSSPK15-098
VLOG[2] (compute-mfcc-feats[5.5.987~1-eb8d0]:main():compute-mfcc-feats.cc:182) Processed features for key VIVOSSPK15-099
VLOG[2] (compute-mfcc-feats[5.5.987~1-eb8d0]:main():compute-mfcc-feats.cc:182) Processed features for key VIVOSSPK15-100
VLOG[2] (compute-mfcc-feats[5.5.987~1-eb8d0]:main():compute-mfcc-feats.cc:182) Processed features for key VIVOSSPK15-101
VLOG[2] (compute-mfcc-feats[5.5.987~1-eb8d0]:main():compute-mfcc-feats.cc:182) Processed features for key VIVOSSPK15-102
VLOG[2] (compute-mfcc-feats[5.5.987~1-eb8d0]:main():compute-mfcc-feats.cc:182) Processed features for key VIVOSSPK15-103
VLOG[2] (compute-mfcc-feats[5.5.987~1-eb8d0]:main():compute-mfcc-feats.cc:182) Processed features for key VIVOSSPK15-104
LOG (compute-mfcc-feats[5.5.987~1-eb8d0]:main():compute-mfcc-feats.cc:181) Processed 60 utterances
VLOG[2] (compute-mfcc-feats[5.5.987~1-eb8d0]:main():compute-mfcc-feats.cc:182) Processed features for key VIVOSSPK15-105
VLOG[2] (compute-mfcc-feats[5.5.987~1-eb8d0]:main():compute-mfcc-feats.cc:182) Processed features for key VIVOSSPK15-106
VLOG[2] (compute-mfcc-feats[5.5.987~1-eb8d0]:main():compute-mfcc-feats.cc:182) Processed features for key VIVOSSPK15-107
VLOG[2] (compute-mfcc-feats[5.5.987~1-eb8d0]:main():compute-mfcc-feats.cc:182) Processed features for key VIVOSSPK15-108
VLOG[2] (compute-mfcc-feats[5.5.987~1-eb8d0]:main():compute-mfcc-feats.cc:182) Processed features for key VIVOSSPK15-109
VLOG[2] (compute-mfcc-feats[5.5.987~1-eb8d0]:main():compute-mfcc-feats.cc:182) Processed features for key VIVOSSPK15-110
VLOG[2] (compute-mfcc-feats[5.5.987~1-eb8d0]:main():compute-mfcc-feats.cc:182) Processed features for key VIVOSSPK15-111
VLOG[2] (compute-mfcc-feats[5.5.987~1-eb8d0]:main():compute-mfcc-feats.cc:182) Processed features for key VIVOSSPK15-112
VLOG[2] (compute-mfcc-feats[5.5.987~1-eb8d0]:main():compute-mfcc-feats.cc:182) Processed features for key VIVOSSPK15-113
VLOG[2] (compute-mfcc-feats[5.5.987~1-eb8d0]:main():compute-mfcc-feats.cc:182) Processed features for key VIVOSSPK15-114
LOG (compute-mfcc-feats[5.5.987~1-eb8d0]:main():compute-mfcc-feats.cc:181) Processed 70 utterances
VLOG[2] (compute-mfcc-feats[5.5.987~1-eb8d0]:main():compute-mfcc-feats.cc:182) Processed features for key VIVOSSPK15-115
VLOG[2] (compute-mfcc-feats[5.5.987~1-eb8d0]:main():compute-mfcc-feats.cc:182) Processed features for key VIVOSSPK15-116
VLOG[2] (compute-mfcc-feats[5.5.987~1-eb8d0]:main():compute-mfcc-feats.cc:182) Processed features for key VIVOSSPK15-117
VLOG[2] (compute-mfcc-feats[5.5.987~1-eb8d0]:main():compute-mfcc-feats.cc:182) Processed features for key VIVOSSPK15-118
VLOG[2] (compute-mfcc-feats[5.5.987~1-eb8d0]:main():compute-mfcc-feats.cc:182) Processed features for key VIVOSSPK15-119
VLOG[2] (compute-mfcc-feats[5.5.987~1-eb8d0]:main():compute-mfcc-feats.cc:182) Processed features for key VIVOSSPK15-120
VLOG[2] (compute-mfcc-feats[5.5.987~1-eb8d0]:main():compute-mfcc-feats.cc:182) Processed features for key VIVOSSPK15-121
VLOG[2] (compute-mfcc-feats[5.5.987~1-eb8d0]:main():compute-mfcc-feats.cc:182) Processed features for key VIVOSSPK15-122
VLOG[2] (compute-mfcc-feats[5.5.987~1-eb8d0]:main():compute-mfcc-feats.cc:182) Processed features for key VIVOSSPK15-123
VLOG[2] (compute-mfcc-feats[5.5.987~1-eb8d0]:main():compute-mfcc-feats.cc:182) Processed features for key VIVOSSPK15-124
LOG (compute-mfcc-feats[5.5.987~1-eb8d0]:main():compute-mfcc-feats.cc:181) Processed 80 utterances
VLOG[2] (compute-mfcc-feats[5.5.987~1-eb8d0]:main():compute-mfcc-feats.cc:182) Processed features for key VIVOSSPK15-125
VLOG[2] (compute-mfcc-feats[5.5.987~1-eb8d0]:main():compute-mfcc-feats.cc:182) Processed features for key VIVOSSPK15-126
VLOG[2] (compute-mfcc-feats[5.5.987~1-eb8d0]:main():compute-mfcc-feats.cc:182) Processed features for key VIVOSSPK15-127
VLOG[2] (compute-mfcc-feats[5.5.987~1-eb8d0]:main():compute-mfcc-feats.cc:182) Processed features for key VIVOSSPK15-128
VLOG[2] (compute-mfcc-feats[5.5.987~1-eb8d0]:main():compute-mfcc-feats.cc:182) Processed features for key VIVOSSPK15-129
VLOG[2] (compute-mfcc-feats[5.5.987~1-eb8d0]:main():compute-mfcc-feats.cc:182) Processed features for key VIVOSSPK15-130
VLOG[2] (compute-mfcc-feats[5.5.987~1-eb8d0]:main():compute-mfcc-feats.cc:182) Processed features for key VIVOSSPK15-131
VLOG[2] (compute-mfcc-feats[5.5.987~1-eb8d0]:main():compute-mfcc-feats.cc:182) Processed features for key VIVOSSPK15-132
VLOG[2] (compute-mfcc-feats[5.5.987~1-eb8d0]:main():compute-mfcc-feats.cc:182) Processed features for key VIVOSSPK15-133
VLOG[2] (compute-mfcc-feats[5.5.987~1-eb8d0]:main():compute-mfcc-feats.cc:182) Processed features for key VIVOSSPK15-134
LOG (compute-mfcc-feats[5.5.987~1-eb8d0]:main():compute-mfcc-feats.cc:181) Processed 90 utterances
VLOG[2] (compute-mfcc-feats[5.5.987~1-eb8d0]:main():compute-mfcc-feats.cc:182) Processed features for key VIVOSSPK15-135
VLOG[2] (compute-mfcc-feats[5.5.987~1-eb8d0]:main():compute-mfcc-feats.cc:182) Processed features for key VIVOSSPK15-136
VLOG[2] (compute-mfcc-feats[5.5.987~1-eb8d0]:main():compute-mfcc-feats.cc:182) Processed features for key VIVOSSPK15-137
VLOG[2] (compute-mfcc-feats[5.5.987~1-eb8d0]:main():compute-mfcc-feats.cc:182) Processed features for key VIVOSSPK15-138
VLOG[2] (compute-mfcc-feats[5.5.987~1-eb8d0]:main():compute-mfcc-feats.cc:182) Processed features for key VIVOSSPK15-139
VLOG[2] (compute-mfcc-feats[5.5.987~1-eb8d0]:main():compute-mfcc-feats.cc:182) Processed features for key VIVOSSPK15-140
VLOG[2] (compute-mfcc-feats[5.5.987~1-eb8d0]:main():compute-mfcc-feats.cc:182) Processed features for key VIVOSSPK15-141
VLOG[2] (compute-mfcc-feats[5.5.987~1-eb8d0]:main():compute-mfcc-feats.cc:182) Processed features for key VIVOSSPK15-142
VLOG[2] (compute-mfcc-feats[5.5.987~1-eb8d0]:main():compute-mfcc-feats.cc:182) Processed features for key VIVOSSPK15-143
VLOG[2] (compute-mfcc-feats[5.5.987~1-eb8d0]:main():compute-mfcc-feats.cc:182) Processed features for key VIVOSSPK15-144
LOG (compute-mfcc-feats[5.5.987~1-eb8d0]:main():compute-mfcc-feats.cc:181) Processed 100 utterances
VLOG[2] (compute-mfcc-feats[5.5.987~1-eb8d0]:main():compute-mfcc-feats.cc:182) Processed features for key VIVOSSPK15-145
VLOG[2] (compute-mfcc-feats[5.5.987~1-eb8d0]:main():compute-mfcc-feats.cc:182) Processed features for key VIVOSSPK15-146
VLOG[2] (compute-mfcc-feats[5.5.987~1-eb8d0]:main():compute-mfcc-feats.cc:182) Processed features for key VIVOSSPK15-147
VLOG[2] (compute-mfcc-feats[5.5.987~1-eb8d0]:main():compute-mfcc-feats.cc:182) Processed features for key VIVOSSPK15-148
VLOG[2] (compute-mfcc-feats[5.5.987~1-eb8d0]:main():compute-mfcc-feats.cc:182) Processed features for key VIVOSSPK15-149
VLOG[2] (compute-mfcc-feats[5.5.987~1-eb8d0]:main():compute-mfcc-feats.cc:182) Processed features for key VIVOSSPK15-150
VLOG[2] (compute-mfcc-feats[5.5.987~1-eb8d0]:main():compute-mfcc-feats.cc:182) Processed features for key VIVOSSPK15-151
VLOG[2] (compute-mfcc-feats[5.5.987~1-eb8d0]:main():compute-mfcc-feats.cc:182) Processed features for key VIVOSSPK15-152
VLOG[2] (compute-mfcc-feats[5.5.987~1-eb8d0]:main():compute-mfcc-feats.cc:182) Processed features for key VIVOSSPK15-153
VLOG[2] (compute-mfcc-feats[5.5.987~1-eb8d0]:main():compute-mfcc-feats.cc:182) Processed features for key VIVOSSPK15-154
LOG (compute-mfcc-feats[5.5.987~1-eb8d0]:main():compute-mfcc-feats.cc:181) Processed 110 utterances
VLOG[2] (compute-mfcc-feats[5.5.987~1-eb8d0]:main():compute-mfcc-feats.cc:182) Processed features for key VIVOSSPK15-155
VLOG[2] (compute-mfcc-feats[5.5.987~1-eb8d0]:main():compute-mfcc-feats.cc:182) Processed features for key VIVOSSPK15-156
VLOG[2] (compute-mfcc-feats[5.5.987~1-eb8d0]:main():compute-mfcc-feats.cc:182) Processed features for key VIVOSSPK15-157
VLOG[2] (compute-mfcc-feats[5.5.987~1-eb8d0]:main():compute-mfcc-feats.cc:182) Processed features for key VIVOSSPK15-158
VLOG[2] (compute-mfcc-feats[5.5.987~1-eb8d0]:main():compute-mfcc-feats.cc:182) Processed features for key VIVOSSPK15-159
VLOG[2] (compute-mfcc-feats[5.5.987~1-eb8d0]:main():compute-mfcc-feats.cc:182) Processed features for key VIVOSSPK15-160
VLOG[2] (compute-mfcc-feats[5.5.987~1-eb8d0]:main():compute-mfcc-feats.cc:182) Processed features for key VIVOSSPK15-161
VLOG[2] (compute-mfcc-feats[5.5.987~1-eb8d0]:main():compute-mfcc-feats.cc:182) Processed features for key VIVOSSPK15-162
VLOG[2] (compute-mfcc-feats[5.5.987~1-eb8d0]:main():compute-mfcc-feats.cc:182) Processed features for key VIVOSSPK15-163
VLOG[2] (compute-mfcc-feats[5.5.987~1-eb8d0]:main():compute-mfcc-feats.cc:182) Processed features for key VIVOSSPK15-164
LOG (compute-mfcc-feats[5.5.987~1-eb8d0]:main():compute-mfcc-feats.cc:181) Processed 120 utterances
VLOG[2] (compute-mfcc-feats[5.5.987~1-eb8d0]:main():compute-mfcc-feats.cc:182) Processed features for key VIVOSSPK15-165
VLOG[2] (compute-mfcc-feats[5.5.987~1-eb8d0]:main():compute-mfcc-feats.cc:182) Processed features for key VIVOSSPK15-166
VLOG[2] (compute-mfcc-feats[5.5.987~1-eb8d0]:main():compute-mfcc-feats.cc:182) Processed features for key VIVOSSPK15-167
VLOG[2] (compute-mfcc-feats[5.5.987~1-eb8d0]:main():compute-mfcc-feats.cc:182) Processed features for key VIVOSSPK15-168
VLOG[2] (compute-mfcc-feats[5.5.987~1-eb8d0]:main():compute-mfcc-feats.cc:182) Processed features for key VIVOSSPK15-169
VLOG[2] (compute-mfcc-feats[5.5.987~1-eb8d0]:main():compute-mfcc-feats.cc:182) Processed features for key VIVOSSPK15-170
VLOG[2] (compute-mfcc-feats[5.5.987~1-eb8d0]:main():compute-mfcc-feats.cc:182) Processed features for key VIVOSSPK15-171
VLOG[2] (compute-mfcc-feats[5.5.987~1-eb8d0]:main():compute-mfcc-feats.cc:182) Processed features for key VIVOSSPK15-172
VLOG[2] (compute-mfcc-feats[5.5.987~1-eb8d0]:main():compute-mfcc-feats.cc:182) Processed features for key VIVOSSPK15-173
VLOG[2] (compute-mfcc-feats[5.5.987~1-eb8d0]:main():compute-mfcc-feats.cc:182) Processed features for key VIVOSSPK15-174
LOG (compute-mfcc-feats[5.5.987~1-eb8d0]:main():compute-mfcc-feats.cc:181) Processed 130 utterances
VLOG[2] (compute-mfcc-feats[5.5.987~1-eb8d0]:main():compute-mfcc-feats.cc:182) Processed features for key VIVOSSPK15-175
VLOG[2] (compute-mfcc-feats[5.5.987~1-eb8d0]:main():compute-mfcc-feats.cc:182) Processed features for key VIVOSSPK15-176
VLOG[2] (compute-mfcc-feats[5.5.987~1-eb8d0]:main():compute-mfcc-feats.cc:182) Processed features for key VIVOSSPK15-177
VLOG[2] (compute-mfcc-feats[5.5.987~1-eb8d0]:main():compute-mfcc-feats.cc:182) Processed features for key VIVOSSPK15-178
VLOG[2] (compute-mfcc-feats[5.5.987~1-eb8d0]:main():compute-mfcc-feats.cc:182) Processed features for key VIVOSSPK15-179
VLOG[2] (compute-mfcc-feats[5.5.987~1-eb8d0]:main():compute-mfcc-feats.cc:182) Processed features for key VIVOSSPK15-180
VLOG[2] (compute-mfcc-feats[5.5.987~1-eb8d0]:main():compute-mfcc-feats.cc:182) Processed features for key VIVOSSPK15-181
VLOG[2] (compute-mfcc-feats[5.5.987~1-eb8d0]:main():compute-mfcc-feats.cc:182) Processed features for key VIVOSSPK15-182
VLOG[2] (compute-mfcc-feats[5.5.987~1-eb8d0]:main():compute-mfcc-feats.cc:182) Processed features for key VIVOSSPK15-183
VLOG[2] (compute-mfcc-feats[5.5.987~1-eb8d0]:main():compute-mfcc-feats.cc:182) Processed features for key VIVOSSPK15-184
LOG (compute-mfcc-feats[5.5.987~1-eb8d0]:main():compute-mfcc-feats.cc:181) Processed 140 utterances
VLOG[2] (compute-mfcc-feats[5.5.987~1-eb8d0]:main():compute-mfcc-feats.cc:182) Processed features for key VIVOSSPK15-185
VLOG[2] (compute-mfcc-feats[5.5.987~1-eb8d0]:main():compute-mfcc-feats.cc:182) Processed features for key VIVOSSPK15-186
VLOG[2] (compute-mfcc-feats[5.5.987~1-eb8d0]:main():compute-mfcc-feats.cc:182) Processed features for key VIVOSSPK15-187
VLOG[2] (compute-mfcc-feats[5.5.987~1-eb8d0]:main():compute-mfcc-feats.cc:182) Processed features for key VIVOSSPK15-188
VLOG[2] (compute-mfcc-feats[5.5.987~1-eb8d0]:main():compute-mfcc-feats.cc:182) Processed features for key VIVOSSPK15-189
VLOG[2] (compute-mfcc-feats[5.5.987~1-eb8d0]:main():compute-mfcc-feats.cc:182) Processed features for key VIVOSSPK15-190
VLOG[2] (compute-mfcc-feats[5.5.987~1-eb8d0]:main():compute-mfcc-feats.cc:182) Processed features for key VIVOSSPK15-191
VLOG[2] (compute-mfcc-feats[5.5.987~1-eb8d0]:main():compute-mfcc-feats.cc:182) Processed features for key VIVOSSPK15-192
VLOG[2] (compute-mfcc-feats[5.5.987~1-eb8d0]:main():compute-mfcc-feats.cc:182) Processed features for key VIVOSSPK15-193
VLOG[2] (compute-mfcc-feats[5.5.987~1-eb8d0]:main():compute-mfcc-feats.cc:182) Processed features for key VIVOSSPK15-194
LOG (compute-mfcc-feats[5.5.987~1-eb8d0]:main():compute-mfcc-feats.cc:181) Processed 150 utterances
VLOG[2] (compute-mfcc-feats[5.5.987~1-eb8d0]:main():compute-mfcc-feats.cc:182) Processed features for key VIVOSSPK15-195
VLOG[2] (compute-mfcc-feats[5.5.987~1-eb8d0]:main():compute-mfcc-feats.cc:182) Processed features for key VIVOSSPK15-196
VLOG[2] (compute-mfcc-feats[5.5.987~1-eb8d0]:main():compute-mfcc-feats.cc:182) Processed features for key VIVOSSPK15-197
VLOG[2] (compute-mfcc-feats[5.5.987~1-eb8d0]:main():compute-mfcc-feats.cc:182) Processed features for key VIVOSSPK15-198
VLOG[2] (compute-mfcc-feats[5.5.987~1-eb8d0]:main():compute-mfcc-feats.cc:182) Processed features for key VIVOSSPK15-199
VLOG[2] (compute-mfcc-feats[5.5.987~1-eb8d0]:main():compute-mfcc-feats.cc:182) Processed features for key VIVOSSPK15-200
VLOG[2] (compute-mfcc-feats[5.5.987~1-eb8d0]:main():compute-mfcc-feats.cc:182) Processed features for key VIVOSSPK15-201
VLOG[2] (compute-mfcc-feats[5.5.987~1-eb8d0]:main():compute-mfcc-feats.cc:182) Processed features for key VIVOSSPK15-202
VLOG[2] (compute-mfcc-feats[5.5.987~1-eb8d0]:main():compute-mfcc-feats.cc:182) Processed features for key VIVOSSPK15-203
VLOG[2] (compute-mfcc-feats[5.5.987~1-eb8d0]:main():compute-mfcc-feats.cc:182) Processed features for key VIVOSSPK15-204
LOG (compute-mfcc-feats[5.5.987~1-eb8d0]:main():compute-mfcc-feats.cc:181) Processed 160 utterances
VLOG[2] (compute-mfcc-feats[5.5.987~1-eb8d0]:main():compute-mfcc-feats.cc:182) Processed features for key VIVOSSPK15-205
VLOG[2] (compute-mfcc-feats[5.5.987~1-eb8d0]:main():compute-mfcc-feats.cc:182) Processed features for key VIVOSSPK15-206
VLOG[2] (compute-mfcc-feats[5.5.987~1-eb8d0]:main():compute-mfcc-feats.cc:182) Processed features for key VIVOSSPK15-207
VLOG[2] (compute-mfcc-feats[5.5.987~1-eb8d0]:main():compute-mfcc-feats.cc:182) Processed features for key VIVOSSPK15-208
VLOG[2] (compute-mfcc-feats[5.5.987~1-eb8d0]:main():compute-mfcc-feats.cc:182) Processed features for key VIVOSSPK15-209
VLOG[2] (compute-mfcc-feats[5.5.987~1-eb8d0]:main():compute-mfcc-feats.cc:182) Processed features for key VIVOSSPK15-210
VLOG[2] (compute-mfcc-feats[5.5.987~1-eb8d0]:main():compute-mfcc-feats.cc:182) Processed features for key VIVOSSPK15-211
VLOG[2] (compute-mfcc-feats[5.5.987~1-eb8d0]:main():compute-mfcc-feats.cc:182) Processed features for key VIVOSSPK15-212
VLOG[2] (compute-mfcc-feats[5.5.987~1-eb8d0]:main():compute-mfcc-feats.cc:182) Processed features for key VIVOSSPK15-213
VLOG[2] (compute-mfcc-feats[5.5.987~1-eb8d0]:main():compute-mfcc-feats.cc:182) Processed features for key VIVOSSPK15-214
LOG (compute-mfcc-feats[5.5.987~1-eb8d0]:main():compute-mfcc-feats.cc:181) Processed 170 utterances
VLOG[2] (compute-mfcc-feats[5.5.987~1-eb8d0]:main():compute-mfcc-feats.cc:182) Processed features for key VIVOSSPK15-215
VLOG[2] (compute-mfcc-feats[5.5.987~1-eb8d0]:main():compute-mfcc-feats.cc:182) Processed features for key VIVOSSPK15-216
VLOG[2] (compute-mfcc-feats[5.5.987~1-eb8d0]:main():compute-mfcc-feats.cc:182) Processed features for key VIVOSSPK15-217
VLOG[2] (compute-mfcc-feats[5.5.987~1-eb8d0]:main():compute-mfcc-feats.cc:182) Processed features for key VIVOSSPK15-218
VLOG[2] (compute-mfcc-feats[5.5.987~1-eb8d0]:main():compute-mfcc-feats.cc:182) Processed features for key VIVOSSPK15-219
VLOG[2] (compute-mfcc-feats[5.5.987~1-eb8d0]:main():compute-mfcc-feats.cc:182) Processed features for key VIVOSSPK15-220
VLOG[2] (compute-mfcc-feats[5.5.987~1-eb8d0]:main():compute-mfcc-feats.cc:182) Processed features for key VIVOSSPK15-221
VLOG[2] (compute-mfcc-feats[5.5.987~1-eb8d0]:main():compute-mfcc-feats.cc:182) Processed features for key VIVOSSPK15-222
VLOG[2] (compute-mfcc-feats[5.5.987~1-eb8d0]:main():compute-mfcc-feats.cc:182) Processed features for key VIVOSSPK15-223
VLOG[2] (compute-mfcc-feats[5.5.987~1-eb8d0]:main():compute-mfcc-feats.cc:182) Processed features for key VIVOSSPK15-224
LOG (compute-mfcc-feats[5.5.987~1-eb8d0]:main():compute-mfcc-feats.cc:181) Processed 180 utterances
VLOG[2] (compute-mfcc-feats[5.5.987~1-eb8d0]:main():compute-mfcc-feats.cc:182) Processed features for key VIVOSSPK15-225
VLOG[2] (compute-mfcc-feats[5.5.987~1-eb8d0]:main():compute-mfcc-feats.cc:182) Processed features for key VIVOSSPK15-226
VLOG[2] (compute-mfcc-feats[5.5.987~1-eb8d0]:main():compute-mfcc-feats.cc:182) Processed features for key VIVOSSPK15-227
VLOG[2] (compute-mfcc-feats[5.5.987~1-eb8d0]:main():compute-mfcc-feats.cc:182) Processed features for key VIVOSSPK15-228
VLOG[2] (compute-mfcc-feats[5.5.987~1-eb8d0]:main():compute-mfcc-feats.cc:182) Processed features for key VIVOSSPK15-229
VLOG[2] (compute-mfcc-feats[5.5.987~1-eb8d0]:main():compute-mfcc-feats.cc:182) Processed features for key VIVOSSPK15-230
VLOG[2] (compute-mfcc-feats[5.5.987~1-eb8d0]:main():compute-mfcc-feats.cc:182) Processed features for key VIVOSSPK15-231
VLOG[2] (compute-mfcc-feats[5.5.987~1-eb8d0]:main():compute-mfcc-feats.cc:182) Processed features for key VIVOSSPK15-232
VLOG[2] (compute-mfcc-feats[5.5.987~1-eb8d0]:main():compute-mfcc-feats.cc:182) Processed features for key VIVOSSPK15-233
VLOG[2] (compute-mfcc-feats[5.5.987~1-eb8d0]:main():compute-mfcc-feats.cc:182) Processed features for key VIVOSSPK15-234
LOG (compute-mfcc-feats[5.5.987~1-eb8d0]:main():compute-mfcc-feats.cc:181) Processed 190 utterances
VLOG[2] (compute-mfcc-feats[5.5.987~1-eb8d0]:main():compute-mfcc-feats.cc:182) Processed features for key VIVOSSPK15-235
VLOG[2] (compute-mfcc-feats[5.5.987~1-eb8d0]:main():compute-mfcc-feats.cc:182) Processed features for key VIVOSSPK15-236
VLOG[2] (compute-mfcc-feats[5.5.987~1-eb8d0]:main():compute-mfcc-feats.cc:182) Processed features for key VIVOSSPK15-237
VLOG[2] (compute-mfcc-feats[5.5.987~1-eb8d0]:main():compute-mfcc-feats.cc:182) Processed features for key VIVOSSPK15-238
VLOG[2] (compute-mfcc-feats[5.5.987~1-eb8d0]:main():compute-mfcc-feats.cc:182) Processed features for key VIVOSSPK15-239
VLOG[2] (compute-mfcc-feats[5.5.987~1-eb8d0]:main():compute-mfcc-feats.cc:182) Processed features for key VIVOSSPK15-240
VLOG[2] (compute-mfcc-feats[5.5.987~1-eb8d0]:main():compute-mfcc-feats.cc:182) Processed features for key VIVOSSPK15-241
VLOG[2] (compute-mfcc-feats[5.5.987~1-eb8d0]:main():compute-mfcc-feats.cc:182) Processed features for key VIVOSSPK15-242
VLOG[2] (compute-mfcc-feats[5.5.987~1-eb8d0]:main():compute-mfcc-feats.cc:182) Processed features for key VIVOSSPK15-243
VLOG[2] (compute-mfcc-feats[5.5.987~1-eb8d0]:main():compute-mfcc-feats.cc:182) Processed features for key VIVOSSPK15-244
LOG (compute-mfcc-feats[5.5.987~1-eb8d0]:main():compute-mfcc-feats.cc:181) Processed 200 utterances
VLOG[2] (compute-mfcc-feats[5.5.987~1-eb8d0]:main():compute-mfcc-feats.cc:182) Processed features for key VIVOSSPK15-245
VLOG[2] (compute-mfcc-feats[5.5.987~1-eb8d0]:main():compute-mfcc-feats.cc:182) Processed features for key VIVOSSPK15-246
VLOG[2] (compute-mfcc-feats[5.5.987~1-eb8d0]:main():compute-mfcc-feats.cc:182) Processed features for key VIVOSSPK15-247
VLOG[2] (compute-mfcc-feats[5.5.987~1-eb8d0]:main():compute-mfcc-feats.cc:182) Processed features for key VIVOSSPK15-248
VLOG[2] (compute-mfcc-feats[5.5.987~1-eb8d0]:main():compute-mfcc-feats.cc:182) Processed features for key VIVOSSPK15-249
VLOG[2] (compute-mfcc-feats[5.5.987~1-eb8d0]:main():compute-mfcc-feats.cc:182) Processed features for key VIVOSSPK15-250
VLOG[2] (compute-mfcc-feats[5.5.987~1-eb8d0]:main():compute-mfcc-feats.cc:182) Processed features for key VIVOSSPK15-251
VLOG[2] (compute-mfcc-feats[5.5.987~1-eb8d0]:main():compute-mfcc-feats.cc:182) Processed features for key VIVOSSPK15-252
VLOG[2] (compute-mfcc-feats[5.5.987~1-eb8d0]:main():compute-mfcc-feats.cc:182) Processed features for key VIVOSSPK15-253
VLOG[2] (compute-mfcc-feats[5.5.987~1-eb8d0]:main():compute-mfcc-feats.cc:182) Processed features for key VIVOSSPK15-254
LOG (compute-mfcc-feats[5.5.987~1-eb8d0]:main():compute-mfcc-feats.cc:181) Processed 210 utterances
VLOG[2] (compute-mfcc-feats[5.5.987~1-eb8d0]:main():compute-mfcc-feats.cc:182) Processed features for key VIVOSSPK15-255
VLOG[2] (compute-mfcc-feats[5.5.987~1-eb8d0]:main():compute-mfcc-feats.cc:182) Processed features for key VIVOSSPK15-256
VLOG[2] (compute-mfcc-feats[5.5.987~1-eb8d0]:main():compute-mfcc-feats.cc:182) Processed features for key VIVOSSPK15-257
VLOG[2] (compute-mfcc-feats[5.5.987~1-eb8d0]:main():compute-mfcc-feats.cc:182) Processed features for key VIVOSSPK15-258
VLOG[2] (compute-mfcc-feats[5.5.987~1-eb8d0]:main():compute-mfcc-feats.cc:182) Processed features for key VIVOSSPK15-259
VLOG[2] (compute-mfcc-feats[5.5.987~1-eb8d0]:main():compute-mfcc-feats.cc:182) Processed features for key VIVOSSPK15-260
VLOG[2] (compute-mfcc-feats[5.5.987~1-eb8d0]:main():compute-mfcc-feats.cc:182) Processed features for key VIVOSSPK15-261
VLOG[2] (compute-mfcc-feats[5.5.987~1-eb8d0]:main():compute-mfcc-feats.cc:182) Processed features for key VIVOSSPK15-262
VLOG[2] (compute-mfcc-feats[5.5.987~1-eb8d0]:main():compute-mfcc-feats.cc:182) Processed features for key VIVOSSPK15-263
VLOG[2] (compute-mfcc-feats[5.5.987~1-eb8d0]:main():compute-mfcc-feats.cc:182) Processed features for key VIVOSSPK15-264
LOG (compute-mfcc-feats[5.5.987~1-eb8d0]:main():compute-mfcc-feats.cc:181) Processed 220 utterances
VLOG[2] (compute-mfcc-feats[5.5.987~1-eb8d0]:main():compute-mfcc-feats.cc:182) Processed features for key VIVOSSPK15-265
VLOG[2] (compute-mfcc-feats[5.5.987~1-eb8d0]:main():compute-mfcc-feats.cc:182) Processed features for key VIVOSSPK15-266
VLOG[2] (compute-mfcc-feats[5.5.987~1-eb8d0]:main():compute-mfcc-feats.cc:182) Processed features for key VIVOSSPK15-267
VLOG[2] (compute-mfcc-feats[5.5.987~1-eb8d0]:main():compute-mfcc-feats.cc:182) Processed features for key VIVOSSPK15-268
VLOG[2] (compute-mfcc-feats[5.5.987~1-eb8d0]:main():compute-mfcc-feats.cc:182) Processed features for key VIVOSSPK15-269
VLOG[2] (compute-mfcc-feats[5.5.987~1-eb8d0]:main():compute-mfcc-feats.cc:182) Processed features for key VIVOSSPK15-270
VLOG[2] (compute-mfcc-feats[5.5.987~1-eb8d0]:main():compute-mfcc-feats.cc:182) Processed features for key VIVOSSPK15-271
VLOG[2] (compute-mfcc-feats[5.5.987~1-eb8d0]:main():compute-mfcc-feats.cc:182) Processed features for key VIVOSSPK15-272
VLOG[2] (compute-mfcc-feats[5.5.987~1-eb8d0]:main():compute-mfcc-feats.cc:182) Processed features for key VIVOSSPK15-273
VLOG[2] (compute-mfcc-feats[5.5.987~1-eb8d0]:main():compute-mfcc-feats.cc:182) Processed features for key VIVOSSPK15-274
LOG (compute-mfcc-feats[5.5.987~1-eb8d0]:main():compute-mfcc-feats.cc:181) Processed 230 utterances
VLOG[2] (compute-mfcc-feats[5.5.987~1-eb8d0]:main():compute-mfcc-feats.cc:182) Processed features for key VIVOSSPK15-275
VLOG[2] (compute-mfcc-feats[5.5.987~1-eb8d0]:main():compute-mfcc-feats.cc:182) Processed features for key VIVOSSPK15-276
VLOG[2] (compute-mfcc-feats[5.5.987~1-eb8d0]:main():compute-mfcc-feats.cc:182) Processed features for key VIVOSSPK15-277
VLOG[2] (compute-mfcc-feats[5.5.987~1-eb8d0]:main():compute-mfcc-feats.cc:182) Processed features for key VIVOSSPK15-278
VLOG[2] (compute-mfcc-feats[5.5.987~1-eb8d0]:main():compute-mfcc-feats.cc:182) Processed features for key VIVOSSPK15-279
VLOG[2] (compute-mfcc-feats[5.5.987~1-eb8d0]:main():compute-mfcc-feats.cc:182) Processed features for key VIVOSSPK15-280
VLOG[2] (compute-mfcc-feats[5.5.987~1-eb8d0]:main():compute-mfcc-feats.cc:182) Processed features for key VIVOSSPK15-281
VLOG[2] (compute-mfcc-feats[5.5.987~1-eb8d0]:main():compute-mfcc-feats.cc:182) Processed features for key VIVOSSPK15-282
VLOG[2] (compute-mfcc-feats[5.5.987~1-eb8d0]:main():compute-mfcc-feats.cc:182) Processed features for key VIVOSSPK15-283
VLOG[2] (compute-mfcc-feats[5.5.987~1-eb8d0]:main():compute-mfcc-feats.cc:182) Processed features for key VIVOSSPK15-284
LOG (compute-mfcc-feats[5.5.987~1-eb8d0]:main():compute-mfcc-feats.cc:181) Processed 240 utterances
VLOG[2] (compute-mfcc-feats[5.5.987~1-eb8d0]:main():compute-mfcc-feats.cc:182) Processed features for key VIVOSSPK15-285
VLOG[2] (compute-mfcc-feats[5.5.987~1-eb8d0]:main():compute-mfcc-feats.cc:182) Processed features for key VIVOSSPK15-286
VLOG[2] (compute-mfcc-feats[5.5.987~1-eb8d0]:main():compute-mfcc-feats.cc:182) Processed features for key VIVOSSPK15-287
VLOG[2] (compute-mfcc-feats[5.5.987~1-eb8d0]:main():compute-mfcc-feats.cc:182) Processed features for key VIVOSSPK15-288
VLOG[2] (compute-mfcc-feats[5.5.987~1-eb8d0]:main():compute-mfcc-feats.cc:182) Processed features for key VIVOSSPK15-289
VLOG[2] (compute-mfcc-feats[5.5.987~1-eb8d0]:main():compute-mfcc-feats.cc:182) Processed features for key VIVOSSPK15-290
VLOG[2] (compute-mfcc-feats[5.5.987~1-eb8d0]:main():compute-mfcc-feats.cc:182) Processed features for key VIVOSSPK15-291
VLOG[2] (compute-mfcc-feats[5.5.987~1-eb8d0]:main():compute-mfcc-feats.cc:182) Processed features for key VIVOSSPK15-292
VLOG[2] (compute-mfcc-feats[5.5.987~1-eb8d0]:main():compute-mfcc-feats.cc:182) Processed features for key VIVOSSPK15-293
VLOG[2] (compute-mfcc-feats[5.5.987~1-eb8d0]:main():compute-mfcc-feats.cc:182) Processed features for key VIVOSSPK15-294
LOG (compute-mfcc-feats[5.5.987~1-eb8d0]:main():compute-mfcc-feats.cc:181) Processed 250 utterances
VLOG[2] (compute-mfcc-feats[5.5.987~1-eb8d0]:main():compute-mfcc-feats.cc:182) Processed features for key VIVOSSPK15-295
VLOG[2] (compute-mfcc-feats[5.5.987~1-eb8d0]:main():compute-mfcc-feats.cc:182) Processed features for key VIVOSSPK15-296
VLOG[2] (compute-mfcc-feats[5.5.987~1-eb8d0]:main():compute-mfcc-feats.cc:182) Processed features for key VIVOSSPK15-297
VLOG[2] (compute-mfcc-feats[5.5.987~1-eb8d0]:main():compute-mfcc-feats.cc:182) Processed features for key VIVOSSPK15-298
VLOG[2] (compute-mfcc-feats[5.5.987~1-eb8d0]:main():compute-mfcc-feats.cc:182) Processed features for key VIVOSSPK15-299
VLOG[2] (compute-mfcc-feats[5.5.987~1-eb8d0]:main():compute-mfcc-feats.cc:182) Processed features for key VIVOSSPK15-300
VLOG[2] (compute-mfcc-feats[5.5.987~1-eb8d0]:main():compute-mfcc-feats.cc:182) Processed features for key VIVOSSPK16-001
VLOG[2] (compute-mfcc-feats[5.5.987~1-eb8d0]:main():compute-mfcc-feats.cc:182) Processed features for key VIVOSSPK16-002
VLOG[2] (compute-mfcc-feats[5.5.987~1-eb8d0]:main():compute-mfcc-feats.cc:182) Processed features for key VIVOSSPK16-003
VLOG[2] (compute-mfcc-feats[5.5.987~1-eb8d0]:main():compute-mfcc-feats.cc:182) Processed features for key VIVOSSPK16-004
LOG (compute-mfcc-feats[5.5.987~1-eb8d0]:main():compute-mfcc-feats.cc:181) Processed 260 utterances
VLOG[2] (compute-mfcc-feats[5.5.987~1-eb8d0]:main():compute-mfcc-feats.cc:182) Processed features for key VIVOSSPK16-005
VLOG[2] (compute-mfcc-feats[5.5.987~1-eb8d0]:main():compute-mfcc-feats.cc:182) Processed features for key VIVOSSPK16-006
VLOG[2] (compute-mfcc-feats[5.5.987~1-eb8d0]:main():compute-mfcc-feats.cc:182) Processed features for key VIVOSSPK16-007
VLOG[2] (compute-mfcc-feats[5.5.987~1-eb8d0]:main():compute-mfcc-feats.cc:182) Processed features for key VIVOSSPK16-008
VLOG[2] (compute-mfcc-feats[5.5.987~1-eb8d0]:main():compute-mfcc-feats.cc:182) Processed features for key VIVOSSPK16-009
VLOG[2] (compute-mfcc-feats[5.5.987~1-eb8d0]:main():compute-mfcc-feats.cc:182) Processed features for key VIVOSSPK16-010
VLOG[2] (compute-mfcc-feats[5.5.987~1-eb8d0]:main():compute-mfcc-feats.cc:182) Processed features for key VIVOSSPK16-011
VLOG[2] (compute-mfcc-feats[5.5.987~1-eb8d0]:main():compute-mfcc-feats.cc:182) Processed features for key VIVOSSPK16-012
VLOG[2] (compute-mfcc-feats[5.5.987~1-eb8d0]:main():compute-mfcc-feats.cc:182) Processed features for key VIVOSSPK16-013
VLOG[2] (compute-mfcc-feats[5.5.987~1-eb8d0]:main():compute-mfcc-feats.cc:182) Processed features for key VIVOSSPK16-014
LOG (compute-mfcc-feats[5.5.987~1-eb8d0]:main():compute-mfcc-feats.cc:181) Processed 270 utterances
VLOG[2] (compute-mfcc-feats[5.5.987~1-eb8d0]:main():compute-mfcc-feats.cc:182) Processed features for key VIVOSSPK16-015
VLOG[2] (compute-mfcc-feats[5.5.987~1-eb8d0]:main():compute-mfcc-feats.cc:182) Processed features for key VIVOSSPK16-016
VLOG[2] (compute-mfcc-feats[5.5.987~1-eb8d0]:main():compute-mfcc-feats.cc:182) Processed features for key VIVOSSPK16-017
VLOG[2] (compute-mfcc-feats[5.5.987~1-eb8d0]:main():compute-mfcc-feats.cc:182) Processed features for key VIVOSSPK16-018
VLOG[2] (compute-mfcc-feats[5.5.987~1-eb8d0]:main():compute-mfcc-feats.cc:182) Processed features for key VIVOSSPK16-019
VLOG[2] (compute-mfcc-feats[5.5.987~1-eb8d0]:main():compute-mfcc-feats.cc:182) Processed features for key VIVOSSPK16-020
VLOG[2] (compute-mfcc-feats[5.5.987~1-eb8d0]:main():compute-mfcc-feats.cc:182) Processed features for key VIVOSSPK16-021
VLOG[2] (compute-mfcc-feats[5.5.987~1-eb8d0]:main():compute-mfcc-feats.cc:182) Processed features for key VIVOSSPK16-022
VLOG[2] (compute-mfcc-feats[5.5.987~1-eb8d0]:main():compute-mfcc-feats.cc:182) Processed features for key VIVOSSPK16-023
VLOG[2] (compute-mfcc-feats[5.5.987~1-eb8d0]:main():compute-mfcc-feats.cc:182) Processed features for key VIVOSSPK16-024
LOG (compute-mfcc-feats[5.5.987~1-eb8d0]:main():compute-mfcc-feats.cc:181) Processed 280 utterances
VLOG[2] (compute-mfcc-feats[5.5.987~1-eb8d0]:main():compute-mfcc-feats.cc:182) Processed features for key VIVOSSPK16-025
VLOG[2] (compute-mfcc-feats[5.5.987~1-eb8d0]:main():compute-mfcc-feats.cc:182) Processed features for key VIVOSSPK16-026
VLOG[2] (compute-mfcc-feats[5.5.987~1-eb8d0]:main():compute-mfcc-feats.cc:182) Processed features for key VIVOSSPK16-027
VLOG[2] (compute-mfcc-feats[5.5.987~1-eb8d0]:main():compute-mfcc-feats.cc:182) Processed features for key VIVOSSPK16-028
VLOG[2] (compute-mfcc-feats[5.5.987~1-eb8d0]:main():compute-mfcc-feats.cc:182) Processed features for key VIVOSSPK16-029
VLOG[2] (compute-mfcc-feats[5.5.987~1-eb8d0]:main():compute-mfcc-feats.cc:182) Processed features for key VIVOSSPK16-030
VLOG[2] (compute-mfcc-feats[5.5.987~1-eb8d0]:main():compute-mfcc-feats.cc:182) Processed features for key VIVOSSPK16-031
VLOG[2] (compute-mfcc-feats[5.5.987~1-eb8d0]:main():compute-mfcc-feats.cc:182) Processed features for key VIVOSSPK16-032
VLOG[2] (compute-mfcc-feats[5.5.987~1-eb8d0]:main():compute-mfcc-feats.cc:182) Processed features for key VIVOSSPK16-033
VLOG[2] (compute-mfcc-feats[5.5.987~1-eb8d0]:main():compute-mfcc-feats.cc:182) Processed features for key VIVOSSPK16-034
LOG (compute-mfcc-feats[5.5.987~1-eb8d0]:main():compute-mfcc-feats.cc:181) Processed 290 utterances
VLOG[2] (compute-mfcc-feats[5.5.987~1-eb8d0]:main():compute-mfcc-feats.cc:182) Processed features for key VIVOSSPK16-035
VLOG[2] (compute-mfcc-feats[5.5.987~1-eb8d0]:main():compute-mfcc-feats.cc:182) Processed features for key VIVOSSPK16-036
VLOG[2] (compute-mfcc-feats[5.5.987~1-eb8d0]:main():compute-mfcc-feats.cc:182) Processed features for key VIVOSSPK16-037
VLOG[2] (compute-mfcc-feats[5.5.987~1-eb8d0]:main():compute-mfcc-feats.cc:182) Processed features for key VIVOSSPK16-038
VLOG[2] (compute-mfcc-feats[5.5.987~1-eb8d0]:main():compute-mfcc-feats.cc:182) Processed features for key VIVOSSPK16-039
VLOG[2] (compute-mfcc-feats[5.5.987~1-eb8d0]:main():compute-mfcc-feats.cc:182) Processed features for key VIVOSSPK16-040
VLOG[2] (compute-mfcc-feats[5.5.987~1-eb8d0]:main():compute-mfcc-feats.cc:182) Processed features for key VIVOSSPK16-041
VLOG[2] (compute-mfcc-feats[5.5.987~1-eb8d0]:main():compute-mfcc-feats.cc:182) Processed features for key VIVOSSPK16-042
VLOG[2] (compute-mfcc-feats[5.5.987~1-eb8d0]:main():compute-mfcc-feats.cc:182) Processed features for key VIVOSSPK16-043
VLOG[2] (compute-mfcc-feats[5.5.987~1-eb8d0]:main():compute-mfcc-feats.cc:182) Processed features for key VIVOSSPK16-044
LOG (compute-mfcc-feats[5.5.987~1-eb8d0]:main():compute-mfcc-feats.cc:181) Processed 300 utterances
VLOG[2] (compute-mfcc-feats[5.5.987~1-eb8d0]:main():compute-mfcc-feats.cc:182) Processed features for key VIVOSSPK16-045
VLOG[2] (compute-mfcc-feats[5.5.987~1-eb8d0]:main():compute-mfcc-feats.cc:182) Processed features for key VIVOSSPK16-046
VLOG[2] (compute-mfcc-feats[5.5.987~1-eb8d0]:main():compute-mfcc-feats.cc:182) Processed features for key VIVOSSPK16-047
VLOG[2] (compute-mfcc-feats[5.5.987~1-eb8d0]:main():compute-mfcc-feats.cc:182) Processed features for key VIVOSSPK16-048
VLOG[2] (compute-mfcc-feats[5.5.987~1-eb8d0]:main():compute-mfcc-feats.cc:182) Processed features for key VIVOSSPK16-049
VLOG[2] (compute-mfcc-feats[5.5.987~1-eb8d0]:main():compute-mfcc-feats.cc:182) Processed features for key VIVOSSPK16-050
VLOG[2] (compute-mfcc-feats[5.5.987~1-eb8d0]:main():compute-mfcc-feats.cc:182) Processed features for key VIVOSSPK16-051
VLOG[2] (compute-mfcc-feats[5.5.987~1-eb8d0]:main():compute-mfcc-feats.cc:182) Processed features for key VIVOSSPK16-052
VLOG[2] (compute-mfcc-feats[5.5.987~1-eb8d0]:main():compute-mfcc-feats.cc:182) Processed features for key VIVOSSPK16-053
VLOG[2] (compute-mfcc-feats[5.5.987~1-eb8d0]:main():compute-mfcc-feats.cc:182) Processed features for key VIVOSSPK16-054
LOG (compute-mfcc-feats[5.5.987~1-eb8d0]:main():compute-mfcc-feats.cc:181) Processed 310 utterances
VLOG[2] (compute-mfcc-feats[5.5.987~1-eb8d0]:main():compute-mfcc-feats.cc:182) Processed features for key VIVOSSPK16-055
VLOG[2] (compute-mfcc-feats[5.5.987~1-eb8d0]:main():compute-mfcc-feats.cc:182) Processed features for key VIVOSSPK16-056
VLOG[2] (compute-mfcc-feats[5.5.987~1-eb8d0]:main():compute-mfcc-feats.cc:182) Processed features for key VIVOSSPK16-057
VLOG[2] (compute-mfcc-feats[5.5.987~1-eb8d0]:main():compute-mfcc-feats.cc:182) Processed features for key VIVOSSPK16-058
VLOG[2] (compute-mfcc-feats[5.5.987~1-eb8d0]:main():compute-mfcc-feats.cc:182) Processed features for key VIVOSSPK16-059
VLOG[2] (compute-mfcc-feats[5.5.987~1-eb8d0]:main():compute-mfcc-feats.cc:182) Processed features for key VIVOSSPK16-060
VLOG[2] (compute-mfcc-feats[5.5.987~1-eb8d0]:main():compute-mfcc-feats.cc:182) Processed features for key VIVOSSPK16-061
VLOG[2] (compute-mfcc-feats[5.5.987~1-eb8d0]:main():compute-mfcc-feats.cc:182) Processed features for key VIVOSSPK16-062
VLOG[2] (compute-mfcc-feats[5.5.987~1-eb8d0]:main():compute-mfcc-feats.cc:182) Processed features for key VIVOSSPK16-063
VLOG[2] (compute-mfcc-feats[5.5.987~1-eb8d0]:main():compute-mfcc-feats.cc:182) Processed features for key VIVOSSPK16-064
LOG (compute-mfcc-feats[5.5.987~1-eb8d0]:main():compute-mfcc-feats.cc:181) Processed 320 utterances
VLOG[2] (compute-mfcc-feats[5.5.987~1-eb8d0]:main():compute-mfcc-feats.cc:182) Processed features for key VIVOSSPK16-065
VLOG[2] (compute-mfcc-feats[5.5.987~1-eb8d0]:main():compute-mfcc-feats.cc:182) Processed features for key VIVOSSPK16-066
VLOG[2] (compute-mfcc-feats[5.5.987~1-eb8d0]:main():compute-mfcc-feats.cc:182) Processed features for key VIVOSSPK16-067
VLOG[2] (compute-mfcc-feats[5.5.987~1-eb8d0]:main():compute-mfcc-feats.cc:182) Processed features for key VIVOSSPK16-068
VLOG[2] (compute-mfcc-feats[5.5.987~1-eb8d0]:main():compute-mfcc-feats.cc:182) Processed features for key VIVOSSPK16-069
VLOG[2] (compute-mfcc-feats[5.5.987~1-eb8d0]:main():compute-mfcc-feats.cc:182) Processed features for key VIVOSSPK16-070
VLOG[2] (compute-mfcc-feats[5.5.987~1-eb8d0]:main():compute-mfcc-feats.cc:182) Processed features for key VIVOSSPK16-071
VLOG[2] (compute-mfcc-feats[5.5.987~1-eb8d0]:main():compute-mfcc-feats.cc:182) Processed features for key VIVOSSPK16-072
VLOG[2] (compute-mfcc-feats[5.5.987~1-eb8d0]:main():compute-mfcc-feats.cc:182) Processed features for key VIVOSSPK16-073
VLOG[2] (compute-mfcc-feats[5.5.987~1-eb8d0]:main():compute-mfcc-feats.cc:182) Processed features for key VIVOSSPK16-074
LOG (compute-mfcc-feats[5.5.987~1-eb8d0]:main():compute-mfcc-feats.cc:181) Processed 330 utterances
VLOG[2] (compute-mfcc-feats[5.5.987~1-eb8d0]:main():compute-mfcc-feats.cc:182) Processed features for key VIVOSSPK16-075
VLOG[2] (compute-mfcc-feats[5.5.987~1-eb8d0]:main():compute-mfcc-feats.cc:182) Processed features for key VIVOSSPK16-076
VLOG[2] (compute-mfcc-feats[5.5.987~1-eb8d0]:main():compute-mfcc-feats.cc:182) Processed features for key VIVOSSPK16-077
VLOG[2] (compute-mfcc-feats[5.5.987~1-eb8d0]:main():compute-mfcc-feats.cc:182) Processed features for key VIVOSSPK16-078
VLOG[2] (compute-mfcc-feats[5.5.987~1-eb8d0]:main():compute-mfcc-feats.cc:182) Processed features for key VIVOSSPK16-079
VLOG[2] (compute-mfcc-feats[5.5.987~1-eb8d0]:main():compute-mfcc-feats.cc:182) Processed features for key VIVOSSPK16-080
VLOG[2] (compute-mfcc-feats[5.5.987~1-eb8d0]:main():compute-mfcc-feats.cc:182) Processed features for key VIVOSSPK16-081
VLOG[2] (compute-mfcc-feats[5.5.987~1-eb8d0]:main():compute-mfcc-feats.cc:182) Processed features for key VIVOSSPK16-082
VLOG[2] (compute-mfcc-feats[5.5.987~1-eb8d0]:main():compute-mfcc-feats.cc:182) Processed features for key VIVOSSPK16-083
VLOG[2] (compute-mfcc-feats[5.5.987~1-eb8d0]:main():compute-mfcc-feats.cc:182) Processed features for key VIVOSSPK16-084
LOG (compute-mfcc-feats[5.5.987~1-eb8d0]:main():compute-mfcc-feats.cc:181) Processed 340 utterances
VLOG[2] (compute-mfcc-feats[5.5.987~1-eb8d0]:main():compute-mfcc-feats.cc:182) Processed features for key VIVOSSPK16-085
VLOG[2] (compute-mfcc-feats[5.5.987~1-eb8d0]:main():compute-mfcc-feats.cc:182) Processed features for key VIVOSSPK16-086
VLOG[2] (compute-mfcc-feats[5.5.987~1-eb8d0]:main():compute-mfcc-feats.cc:182) Processed features for key VIVOSSPK16-087
VLOG[2] (compute-mfcc-feats[5.5.987~1-eb8d0]:main():compute-mfcc-feats.cc:182) Processed features for key VIVOSSPK16-088
VLOG[2] (compute-mfcc-feats[5.5.987~1-eb8d0]:main():compute-mfcc-feats.cc:182) Processed features for key VIVOSSPK16-089
VLOG[2] (compute-mfcc-feats[5.5.987~1-eb8d0]:main():compute-mfcc-feats.cc:182) Processed features for key VIVOSSPK16-090
VLOG[2] (compute-mfcc-feats[5.5.987~1-eb8d0]:main():compute-mfcc-feats.cc:182) Processed features for key VIVOSSPK16-091
VLOG[2] (compute-mfcc-feats[5.5.987~1-eb8d0]:main():compute-mfcc-feats.cc:182) Processed features for key VIVOSSPK16-092
VLOG[2] (compute-mfcc-feats[5.5.987~1-eb8d0]:main():compute-mfcc-feats.cc:182) Processed features for key VIVOSSPK16-093
VLOG[2] (compute-mfcc-feats[5.5.987~1-eb8d0]:main():compute-mfcc-feats.cc:182) Processed features for key VIVOSSPK16-094
LOG (compute-mfcc-feats[5.5.987~1-eb8d0]:main():compute-mfcc-feats.cc:181) Processed 350 utterances
VLOG[2] (compute-mfcc-feats[5.5.987~1-eb8d0]:main():compute-mfcc-feats.cc:182) Processed features for key VIVOSSPK16-095
VLOG[2] (compute-mfcc-feats[5.5.987~1-eb8d0]:main():compute-mfcc-feats.cc:182) Processed features for key VIVOSSPK16-096
VLOG[2] (compute-mfcc-feats[5.5.987~1-eb8d0]:main():compute-mfcc-feats.cc:182) Processed features for key VIVOSSPK16-097
VLOG[2] (compute-mfcc-feats[5.5.987~1-eb8d0]:main():compute-mfcc-feats.cc:182) Processed features for key VIVOSSPK16-098
VLOG[2] (compute-mfcc-feats[5.5.987~1-eb8d0]:main():compute-mfcc-feats.cc:182) Processed features for key VIVOSSPK16-099
VLOG[2] (compute-mfcc-feats[5.5.987~1-eb8d0]:main():compute-mfcc-feats.cc:182) Processed features for key VIVOSSPK16-100
VLOG[2] (compute-mfcc-feats[5.5.987~1-eb8d0]:main():compute-mfcc-feats.cc:182) Processed features for key VIVOSSPK16-101
VLOG[2] (compute-mfcc-feats[5.5.987~1-eb8d0]:main():compute-mfcc-feats.cc:182) Processed features for key VIVOSSPK16-102
VLOG[2] (compute-mfcc-feats[5.5.987~1-eb8d0]:main():compute-mfcc-feats.cc:182) Processed features for key VIVOSSPK16-103
VLOG[2] (compute-mfcc-feats[5.5.987~1-eb8d0]:main():compute-mfcc-feats.cc:182) Processed features for key VIVOSSPK16-104
LOG (compute-mfcc-feats[5.5.987~1-eb8d0]:main():compute-mfcc-feats.cc:181) Processed 360 utterances
VLOG[2] (compute-mfcc-feats[5.5.987~1-eb8d0]:main():compute-mfcc-feats.cc:182) Processed features for key VIVOSSPK16-105
VLOG[2] (compute-mfcc-feats[5.5.987~1-eb8d0]:main():compute-mfcc-feats.cc:182) Processed features for key VIVOSSPK16-106
VLOG[2] (compute-mfcc-feats[5.5.987~1-eb8d0]:main():compute-mfcc-feats.cc:182) Processed features for key VIVOSSPK16-107
VLOG[2] (compute-mfcc-feats[5.5.987~1-eb8d0]:main():compute-mfcc-feats.cc:182) Processed features for key VIVOSSPK16-108
VLOG[2] (compute-mfcc-feats[5.5.987~1-eb8d0]:main():compute-mfcc-feats.cc:182) Processed features for key VIVOSSPK16-109
VLOG[2] (compute-mfcc-feats[5.5.987~1-eb8d0]:main():compute-mfcc-feats.cc:182) Processed features for key VIVOSSPK16-110
VLOG[2] (compute-mfcc-feats[5.5.987~1-eb8d0]:main():compute-mfcc-feats.cc:182) Processed features for key VIVOSSPK16-111
VLOG[2] (compute-mfcc-feats[5.5.987~1-eb8d0]:main():compute-mfcc-feats.cc:182) Processed features for key VIVOSSPK16-112
VLOG[2] (compute-mfcc-feats[5.5.987~1-eb8d0]:main():compute-mfcc-feats.cc:182) Processed features for key VIVOSSPK16-113
VLOG[2] (compute-mfcc-feats[5.5.987~1-eb8d0]:main():compute-mfcc-feats.cc:182) Processed features for key VIVOSSPK16-114
LOG (compute-mfcc-feats[5.5.987~1-eb8d0]:main():compute-mfcc-feats.cc:181) Processed 370 utterances
VLOG[2] (compute-mfcc-feats[5.5.987~1-eb8d0]:main():compute-mfcc-feats.cc:182) Processed features for key VIVOSSPK16-115
VLOG[2] (compute-mfcc-feats[5.5.987~1-eb8d0]:main():compute-mfcc-feats.cc:182) Processed features for key VIVOSSPK16-116
VLOG[2] (compute-mfcc-feats[5.5.987~1-eb8d0]:main():compute-mfcc-feats.cc:182) Processed features for key VIVOSSPK16-117
VLOG[2] (compute-mfcc-feats[5.5.987~1-eb8d0]:main():compute-mfcc-feats.cc:182) Processed features for key VIVOSSPK16-118
VLOG[2] (compute-mfcc-feats[5.5.987~1-eb8d0]:main():compute-mfcc-feats.cc:182) Processed features for key VIVOSSPK16-119
VLOG[2] (compute-mfcc-feats[5.5.987~1-eb8d0]:main():compute-mfcc-feats.cc:182) Processed features for key VIVOSSPK16-120
VLOG[2] (compute-mfcc-feats[5.5.987~1-eb8d0]:main():compute-mfcc-feats.cc:182) Processed features for key VIVOSSPK16-121
VLOG[2] (compute-mfcc-feats[5.5.987~1-eb8d0]:main():compute-mfcc-feats.cc:182) Processed features for key VIVOSSPK16-122
VLOG[2] (compute-mfcc-feats[5.5.987~1-eb8d0]:main():compute-mfcc-feats.cc:182) Processed features for key VIVOSSPK16-123
VLOG[2] (compute-mfcc-feats[5.5.987~1-eb8d0]:main():compute-mfcc-feats.cc:182) Processed features for key VIVOSSPK16-124
LOG (compute-mfcc-feats[5.5.987~1-eb8d0]:main():compute-mfcc-feats.cc:181) Processed 380 utterances
VLOG[2] (compute-mfcc-feats[5.5.987~1-eb8d0]:main():compute-mfcc-feats.cc:182) Processed features for key VIVOSSPK16-125
VLOG[2] (compute-mfcc-feats[5.5.987~1-eb8d0]:main():compute-mfcc-feats.cc:182) Processed features for key VIVOSSPK16-126
VLOG[2] (compute-mfcc-feats[5.5.987~1-eb8d0]:main():compute-mfcc-feats.cc:182) Processed features for key VIVOSSPK16-127
VLOG[2] (compute-mfcc-feats[5.5.987~1-eb8d0]:main():compute-mfcc-feats.cc:182) Processed features for key VIVOSSPK16-128
VLOG[2] (compute-mfcc-feats[5.5.987~1-eb8d0]:main():compute-mfcc-feats.cc:182) Processed features for key VIVOSSPK16-129
VLOG[2] (compute-mfcc-feats[5.5.987~1-eb8d0]:main():compute-mfcc-feats.cc:182) Processed features for key VIVOSSPK16-130
VLOG[2] (compute-mfcc-feats[5.5.987~1-eb8d0]:main():compute-mfcc-feats.cc:182) Processed features for key VIVOSSPK16-131
VLOG[2] (compute-mfcc-feats[5.5.987~1-eb8d0]:main():compute-mfcc-feats.cc:182) Processed features for key VIVOSSPK16-132
VLOG[2] (compute-mfcc-feats[5.5.987~1-eb8d0]:main():compute-mfcc-feats.cc:182) Processed features for key VIVOSSPK16-133
VLOG[2] (compute-mfcc-feats[5.5.987~1-eb8d0]:main():compute-mfcc-feats.cc:182) Processed features for key VIVOSSPK16-134
LOG (compute-mfcc-feats[5.5.987~1-eb8d0]:main():compute-mfcc-feats.cc:181) Processed 390 utterances
VLOG[2] (compute-mfcc-feats[5.5.987~1-eb8d0]:main():compute-mfcc-feats.cc:182) Processed features for key VIVOSSPK16-135
VLOG[2] (compute-mfcc-feats[5.5.987~1-eb8d0]:main():compute-mfcc-feats.cc:182) Processed features for key VIVOSSPK16-136
VLOG[2] (compute-mfcc-feats[5.5.987~1-eb8d0]:main():compute-mfcc-feats.cc:182) Processed features for key VIVOSSPK16-137
VLOG[2] (compute-mfcc-feats[5.5.987~1-eb8d0]:main():compute-mfcc-feats.cc:182) Processed features for key VIVOSSPK16-138
VLOG[2] (compute-mfcc-feats[5.5.987~1-eb8d0]:main():compute-mfcc-feats.cc:182) Processed features for key VIVOSSPK16-139
VLOG[2] (compute-mfcc-feats[5.5.987~1-eb8d0]:main():compute-mfcc-feats.cc:182) Processed features for key VIVOSSPK16-140
VLOG[2] (compute-mfcc-feats[5.5.987~1-eb8d0]:main():compute-mfcc-feats.cc:182) Processed features for key VIVOSSPK16-141
VLOG[2] (compute-mfcc-feats[5.5.987~1-eb8d0]:main():compute-mfcc-feats.cc:182) Processed features for key VIVOSSPK16-142
VLOG[2] (compute-mfcc-feats[5.5.987~1-eb8d0]:main():compute-mfcc-feats.cc:182) Processed features for key VIVOSSPK16-143
VLOG[2] (compute-mfcc-feats[5.5.987~1-eb8d0]:main():compute-mfcc-feats.cc:182) Processed features for key VIVOSSPK16-144
LOG (compute-mfcc-feats[5.5.987~1-eb8d0]:main():compute-mfcc-feats.cc:181) Processed 400 utterances
VLOG[2] (compute-mfcc-feats[5.5.987~1-eb8d0]:main():compute-mfcc-feats.cc:182) Processed features for key VIVOSSPK16-145
VLOG[2] (compute-mfcc-feats[5.5.987~1-eb8d0]:main():compute-mfcc-feats.cc:182) Processed features for key VIVOSSPK16-146
VLOG[2] (compute-mfcc-feats[5.5.987~1-eb8d0]:main():compute-mfcc-feats.cc:182) Processed features for key VIVOSSPK16-147
VLOG[2] (compute-mfcc-feats[5.5.987~1-eb8d0]:main():compute-mfcc-feats.cc:182) Processed features for key VIVOSSPK16-148
VLOG[2] (compute-mfcc-feats[5.5.987~1-eb8d0]:main():compute-mfcc-feats.cc:182) Processed features for key VIVOSSPK16-149
VLOG[2] (compute-mfcc-feats[5.5.987~1-eb8d0]:main():compute-mfcc-feats.cc:182) Processed features for key VIVOSSPK16-150
VLOG[2] (compute-mfcc-feats[5.5.987~1-eb8d0]:main():compute-mfcc-feats.cc:182) Processed features for key VIVOSSPK16-151
VLOG[2] (compute-mfcc-feats[5.5.987~1-eb8d0]:main():compute-mfcc-feats.cc:182) Processed features for key VIVOSSPK16-152
VLOG[2] (compute-mfcc-feats[5.5.987~1-eb8d0]:main():compute-mfcc-feats.cc:182) Processed features for key VIVOSSPK16-153
VLOG[2] (compute-mfcc-feats[5.5.987~1-eb8d0]:main():compute-mfcc-feats.cc:182) Processed features for key VIVOSSPK16-154
LOG (compute-mfcc-feats[5.5.987~1-eb8d0]:main():compute-mfcc-feats.cc:181) Processed 410 utterances
VLOG[2] (compute-mfcc-feats[5.5.987~1-eb8d0]:main():compute-mfcc-feats.cc:182) Processed features for key VIVOSSPK16-155
VLOG[2] (compute-mfcc-feats[5.5.987~1-eb8d0]:main():compute-mfcc-feats.cc:182) Processed features for key VIVOSSPK16-156
VLOG[2] (compute-mfcc-feats[5.5.987~1-eb8d0]:main():compute-mfcc-feats.cc:182) Processed features for key VIVOSSPK16-157
VLOG[2] (compute-mfcc-feats[5.5.987~1-eb8d0]:main():compute-mfcc-feats.cc:182) Processed features for key VIVOSSPK16-158
VLOG[2] (compute-mfcc-feats[5.5.987~1-eb8d0]:main():compute-mfcc-feats.cc:182) Processed features for key VIVOSSPK16-159
VLOG[2] (compute-mfcc-feats[5.5.987~1-eb8d0]:main():compute-mfcc-feats.cc:182) Processed features for key VIVOSSPK16-160
VLOG[2] (compute-mfcc-feats[5.5.987~1-eb8d0]:main():compute-mfcc-feats.cc:182) Processed features for key VIVOSSPK16-161
VLOG[2] (compute-mfcc-feats[5.5.987~1-eb8d0]:main():compute-mfcc-feats.cc:182) Processed features for key VIVOSSPK16-162
VLOG[2] (compute-mfcc-feats[5.5.987~1-eb8d0]:main():compute-mfcc-feats.cc:182) Processed features for key VIVOSSPK16-163
VLOG[2] (compute-mfcc-feats[5.5.987~1-eb8d0]:main():compute-mfcc-feats.cc:182) Processed features for key VIVOSSPK16-164
LOG (compute-mfcc-feats[5.5.987~1-eb8d0]:main():compute-mfcc-feats.cc:181) Processed 420 utterances
VLOG[2] (compute-mfcc-feats[5.5.987~1-eb8d0]:main():compute-mfcc-feats.cc:182) Processed features for key VIVOSSPK16-165
VLOG[2] (compute-mfcc-feats[5.5.987~1-eb8d0]:main():compute-mfcc-feats.cc:182) Processed features for key VIVOSSPK16-166
VLOG[2] (compute-mfcc-feats[5.5.987~1-eb8d0]:main():compute-mfcc-feats.cc:182) Processed features for key VIVOSSPK16-167
VLOG[2] (compute-mfcc-feats[5.5.987~1-eb8d0]:main():compute-mfcc-feats.cc:182) Processed features for key VIVOSSPK16-168
VLOG[2] (compute-mfcc-feats[5.5.987~1-eb8d0]:main():compute-mfcc-feats.cc:182) Processed features for key VIVOSSPK16-169
VLOG[2] (compute-mfcc-feats[5.5.987~1-eb8d0]:main():compute-mfcc-feats.cc:182) Processed features for key VIVOSSPK16-170
VLOG[2] (compute-mfcc-feats[5.5.987~1-eb8d0]:main():compute-mfcc-feats.cc:182) Processed features for key VIVOSSPK16-171
VLOG[2] (compute-mfcc-feats[5.5.987~1-eb8d0]:main():compute-mfcc-feats.cc:182) Processed features for key VIVOSSPK16-172
VLOG[2] (compute-mfcc-feats[5.5.987~1-eb8d0]:main():compute-mfcc-feats.cc:182) Processed features for key VIVOSSPK16-173
VLOG[2] (compute-mfcc-feats[5.5.987~1-eb8d0]:main():compute-mfcc-feats.cc:182) Processed features for key VIVOSSPK16-174
LOG (compute-mfcc-feats[5.5.987~1-eb8d0]:main():compute-mfcc-feats.cc:181) Processed 430 utterances
VLOG[2] (compute-mfcc-feats[5.5.987~1-eb8d0]:main():compute-mfcc-feats.cc:182) Processed features for key VIVOSSPK16-175
VLOG[2] (compute-mfcc-feats[5.5.987~1-eb8d0]:main():compute-mfcc-feats.cc:182) Processed features for key VIVOSSPK16-176
VLOG[2] (compute-mfcc-feats[5.5.987~1-eb8d0]:main():compute-mfcc-feats.cc:182) Processed features for key VIVOSSPK16-177
VLOG[2] (compute-mfcc-feats[5.5.987~1-eb8d0]:main():compute-mfcc-feats.cc:182) Processed features for key VIVOSSPK16-178
VLOG[2] (compute-mfcc-feats[5.5.987~1-eb8d0]:main():compute-mfcc-feats.cc:182) Processed features for key VIVOSSPK16-179
VLOG[2] (compute-mfcc-feats[5.5.987~1-eb8d0]:main():compute-mfcc-feats.cc:182) Processed features for key VIVOSSPK16-180
VLOG[2] (compute-mfcc-feats[5.5.987~1-eb8d0]:main():compute-mfcc-feats.cc:182) Processed features for key VIVOSSPK16-181
VLOG[2] (compute-mfcc-feats[5.5.987~1-eb8d0]:main():compute-mfcc-feats.cc:182) Processed features for key VIVOSSPK16-182
VLOG[2] (compute-mfcc-feats[5.5.987~1-eb8d0]:main():compute-mfcc-feats.cc:182) Processed features for key VIVOSSPK16-183
VLOG[2] (compute-mfcc-feats[5.5.987~1-eb8d0]:main():compute-mfcc-feats.cc:182) Processed features for key VIVOSSPK16-184
LOG (compute-mfcc-feats[5.5.987~1-eb8d0]:main():compute-mfcc-feats.cc:181) Processed 440 utterances
VLOG[2] (compute-mfcc-feats[5.5.987~1-eb8d0]:main():compute-mfcc-feats.cc:182) Processed features for key VIVOSSPK16-185
VLOG[2] (compute-mfcc-feats[5.5.987~1-eb8d0]:main():compute-mfcc-feats.cc:182) Processed features for key VIVOSSPK16-186
VLOG[2] (compute-mfcc-feats[5.5.987~1-eb8d0]:main():compute-mfcc-feats.cc:182) Processed features for key VIVOSSPK16-187
VLOG[2] (compute-mfcc-feats[5.5.987~1-eb8d0]:main():compute-mfcc-feats.cc:182) Processed features for key VIVOSSPK16-188
VLOG[2] (compute-mfcc-feats[5.5.987~1-eb8d0]:main():compute-mfcc-feats.cc:182) Processed features for key VIVOSSPK16-189
VLOG[2] (compute-mfcc-feats[5.5.987~1-eb8d0]:main():compute-mfcc-feats.cc:182) Processed features for key VIVOSSPK16-190
VLOG[2] (compute-mfcc-feats[5.5.987~1-eb8d0]:main():compute-mfcc-feats.cc:182) Processed features for key VIVOSSPK16-191
VLOG[2] (compute-mfcc-feats[5.5.987~1-eb8d0]:main():compute-mfcc-feats.cc:182) Processed features for key VIVOSSPK16-192
VLOG[2] (compute-mfcc-feats[5.5.987~1-eb8d0]:main():compute-mfcc-feats.cc:182) Processed features for key VIVOSSPK16-193
VLOG[2] (compute-mfcc-feats[5.5.987~1-eb8d0]:main():compute-mfcc-feats.cc:182) Processed features for key VIVOSSPK16-194
LOG (compute-mfcc-feats[5.5.987~1-eb8d0]:main():compute-mfcc-feats.cc:181) Processed 450 utterances
VLOG[2] (compute-mfcc-feats[5.5.987~1-eb8d0]:main():compute-mfcc-feats.cc:182) Processed features for key VIVOSSPK16-195
VLOG[2] (compute-mfcc-feats[5.5.987~1-eb8d0]:main():compute-mfcc-feats.cc:182) Processed features for key VIVOSSPK16-196
VLOG[2] (compute-mfcc-feats[5.5.987~1-eb8d0]:main():compute-mfcc-feats.cc:182) Processed features for key VIVOSSPK16-197
VLOG[2] (compute-mfcc-feats[5.5.987~1-eb8d0]:main():compute-mfcc-feats.cc:182) Processed features for key VIVOSSPK16-198
VLOG[2] (compute-mfcc-feats[5.5.987~1-eb8d0]:main():compute-mfcc-feats.cc:182) Processed features for key VIVOSSPK16-199
VLOG[2] (compute-mfcc-feats[5.5.987~1-eb8d0]:main():compute-mfcc-feats.cc:182) Processed features for key VIVOSSPK16-200
VLOG[2] (compute-mfcc-feats[5.5.987~1-eb8d0]:main():compute-mfcc-feats.cc:182) Processed features for key VIVOSSPK16-201
VLOG[2] (compute-mfcc-feats[5.5.987~1-eb8d0]:main():compute-mfcc-feats.cc:182) Processed features for key VIVOSSPK16-202
VLOG[2] (compute-mfcc-feats[5.5.987~1-eb8d0]:main():compute-mfcc-feats.cc:182) Processed features for key VIVOSSPK16-203
VLOG[2] (compute-mfcc-feats[5.5.987~1-eb8d0]:main():compute-mfcc-feats.cc:182) Processed features for key VIVOSSPK16-204
LOG (compute-mfcc-feats[5.5.987~1-eb8d0]:main():compute-mfcc-feats.cc:181) Processed 460 utterances
VLOG[2] (compute-mfcc-feats[5.5.987~1-eb8d0]:main():compute-mfcc-feats.cc:182) Processed features for key VIVOSSPK16-205
VLOG[2] (compute-mfcc-feats[5.5.987~1-eb8d0]:main():compute-mfcc-feats.cc:182) Processed features for key VIVOSSPK16-206
VLOG[2] (compute-mfcc-feats[5.5.987~1-eb8d0]:main():compute-mfcc-feats.cc:182) Processed features for key VIVOSSPK16-207
VLOG[2] (compute-mfcc-feats[5.5.987~1-eb8d0]:main():compute-mfcc-feats.cc:182) Processed features for key VIVOSSPK16-208
VLOG[2] (compute-mfcc-feats[5.5.987~1-eb8d0]:main():compute-mfcc-feats.cc:182) Processed features for key VIVOSSPK16-209
VLOG[2] (compute-mfcc-feats[5.5.987~1-eb8d0]:main():compute-mfcc-feats.cc:182) Processed features for key VIVOSSPK16-210
VLOG[2] (compute-mfcc-feats[5.5.987~1-eb8d0]:main():compute-mfcc-feats.cc:182) Processed features for key VIVOSSPK16-211
VLOG[2] (compute-mfcc-feats[5.5.987~1-eb8d0]:main():compute-mfcc-feats.cc:182) Processed features for key VIVOSSPK16-212
VLOG[2] (compute-mfcc-feats[5.5.987~1-eb8d0]:main():compute-mfcc-feats.cc:182) Processed features for key VIVOSSPK16-213
VLOG[2] (compute-mfcc-feats[5.5.987~1-eb8d0]:main():compute-mfcc-feats.cc:182) Processed features for key VIVOSSPK16-214
LOG (compute-mfcc-feats[5.5.987~1-eb8d0]:main():compute-mfcc-feats.cc:181) Processed 470 utterances
VLOG[2] (compute-mfcc-feats[5.5.987~1-eb8d0]:main():compute-mfcc-feats.cc:182) Processed features for key VIVOSSPK16-215
VLOG[2] (compute-mfcc-feats[5.5.987~1-eb8d0]:main():compute-mfcc-feats.cc:182) Processed features for key VIVOSSPK16-216
VLOG[2] (compute-mfcc-feats[5.5.987~1-eb8d0]:main():compute-mfcc-feats.cc:182) Processed features for key VIVOSSPK16-217
VLOG[2] (compute-mfcc-feats[5.5.987~1-eb8d0]:main():compute-mfcc-feats.cc:182) Processed features for key VIVOSSPK16-218
VLOG[2] (compute-mfcc-feats[5.5.987~1-eb8d0]:main():compute-mfcc-feats.cc:182) Processed features for key VIVOSSPK16-219
VLOG[2] (compute-mfcc-feats[5.5.987~1-eb8d0]:main():compute-mfcc-feats.cc:182) Processed features for key VIVOSSPK16-220
VLOG[2] (compute-mfcc-feats[5.5.987~1-eb8d0]:main():compute-mfcc-feats.cc:182) Processed features for key VIVOSSPK16-221
VLOG[2] (compute-mfcc-feats[5.5.987~1-eb8d0]:main():compute-mfcc-feats.cc:182) Processed features for key VIVOSSPK16-222
VLOG[2] (compute-mfcc-feats[5.5.987~1-eb8d0]:main():compute-mfcc-feats.cc:182) Processed features for key VIVOSSPK16-223
VLOG[2] (compute-mfcc-feats[5.5.987~1-eb8d0]:main():compute-mfcc-feats.cc:182) Processed features for key VIVOSSPK16-224
LOG (compute-mfcc-feats[5.5.987~1-eb8d0]:main():compute-mfcc-feats.cc:181) Processed 480 utterances
VLOG[2] (compute-mfcc-feats[5.5.987~1-eb8d0]:main():compute-mfcc-feats.cc:182) Processed features for key VIVOSSPK16-225
VLOG[2] (compute-mfcc-feats[5.5.987~1-eb8d0]:main():compute-mfcc-feats.cc:182) Processed features for key VIVOSSPK16-226
VLOG[2] (compute-mfcc-feats[5.5.987~1-eb8d0]:main():compute-mfcc-feats.cc:182) Processed features for key VIVOSSPK16-227
VLOG[2] (compute-mfcc-feats[5.5.987~1-eb8d0]:main():compute-mfcc-feats.cc:182) Processed features for key VIVOSSPK16-228
VLOG[2] (compute-mfcc-feats[5.5.987~1-eb8d0]:main():compute-mfcc-feats.cc:182) Processed features for key VIVOSSPK16-229
VLOG[2] (compute-mfcc-feats[5.5.987~1-eb8d0]:main():compute-mfcc-feats.cc:182) Processed features for key VIVOSSPK16-230
VLOG[2] (compute-mfcc-feats[5.5.987~1-eb8d0]:main():compute-mfcc-feats.cc:182) Processed features for key VIVOSSPK16-231
VLOG[2] (compute-mfcc-feats[5.5.987~1-eb8d0]:main():compute-mfcc-feats.cc:182) Processed features for key VIVOSSPK16-232
VLOG[2] (compute-mfcc-feats[5.5.987~1-eb8d0]:main():compute-mfcc-feats.cc:182) Processed features for key VIVOSSPK16-233
VLOG[2] (compute-mfcc-feats[5.5.987~1-eb8d0]:main():compute-mfcc-feats.cc:182) Processed features for key VIVOSSPK16-234
LOG (compute-mfcc-feats[5.5.987~1-eb8d0]:main():compute-mfcc-feats.cc:181) Processed 490 utterances
VLOG[2] (compute-mfcc-feats[5.5.987~1-eb8d0]:main():compute-mfcc-feats.cc:182) Processed features for key VIVOSSPK16-235
VLOG[2] (compute-mfcc-feats[5.5.987~1-eb8d0]:main():compute-mfcc-feats.cc:182) Processed features for key VIVOSSPK16-236
VLOG[2] (compute-mfcc-feats[5.5.987~1-eb8d0]:main():compute-mfcc-feats.cc:182) Processed features for key VIVOSSPK16-237
VLOG[2] (compute-mfcc-feats[5.5.987~1-eb8d0]:main():compute-mfcc-feats.cc:182) Processed features for key VIVOSSPK16-238
VLOG[2] (compute-mfcc-feats[5.5.987~1-eb8d0]:main():compute-mfcc-feats.cc:182) Processed features for key VIVOSSPK16-239
VLOG[2] (compute-mfcc-feats[5.5.987~1-eb8d0]:main():compute-mfcc-feats.cc:182) Processed features for key VIVOSSPK16-240
VLOG[2] (compute-mfcc-feats[5.5.987~1-eb8d0]:main():compute-mfcc-feats.cc:182) Processed features for key VIVOSSPK16-241
VLOG[2] (compute-mfcc-feats[5.5.987~1-eb8d0]:main():compute-mfcc-feats.cc:182) Processed features for key VIVOSSPK16-242
VLOG[2] (compute-mfcc-feats[5.5.987~1-eb8d0]:main():compute-mfcc-feats.cc:182) Processed features for key VIVOSSPK16-243
VLOG[2] (compute-mfcc-feats[5.5.987~1-eb8d0]:main():compute-mfcc-feats.cc:182) Processed features for key VIVOSSPK16-244
LOG (compute-mfcc-feats[5.5.987~1-eb8d0]:main():compute-mfcc-feats.cc:181) Processed 500 utterances
VLOG[2] (compute-mfcc-feats[5.5.987~1-eb8d0]:main():compute-mfcc-feats.cc:182) Processed features for key VIVOSSPK16-245
VLOG[2] (compute-mfcc-feats[5.5.987~1-eb8d0]:main():compute-mfcc-feats.cc:182) Processed features for key VIVOSSPK16-246
VLOG[2] (compute-mfcc-feats[5.5.987~1-eb8d0]:main():compute-mfcc-feats.cc:182) Processed features for key VIVOSSPK16-247
VLOG[2] (compute-mfcc-feats[5.5.987~1-eb8d0]:main():compute-mfcc-feats.cc:182) Processed features for key VIVOSSPK16-248
VLOG[2] (compute-mfcc-feats[5.5.987~1-eb8d0]:main():compute-mfcc-feats.cc:182) Processed features for key VIVOSSPK16-249
VLOG[2] (compute-mfcc-feats[5.5.987~1-eb8d0]:main():compute-mfcc-feats.cc:182) Processed features for key VIVOSSPK16-250
VLOG[2] (compute-mfcc-feats[5.5.987~1-eb8d0]:main():compute-mfcc-feats.cc:182) Processed features for key VIVOSSPK16-251
VLOG[2] (compute-mfcc-feats[5.5.987~1-eb8d0]:main():compute-mfcc-feats.cc:182) Processed features for key VIVOSSPK16-252
VLOG[2] (compute-mfcc-feats[5.5.987~1-eb8d0]:main():compute-mfcc-feats.cc:182) Processed features for key VIVOSSPK16-253
VLOG[2] (compute-mfcc-feats[5.5.987~1-eb8d0]:main():compute-mfcc-feats.cc:182) Processed features for key VIVOSSPK16-254
LOG (compute-mfcc-feats[5.5.987~1-eb8d0]:main():compute-mfcc-feats.cc:181) Processed 510 utterances
VLOG[2] (compute-mfcc-feats[5.5.987~1-eb8d0]:main():compute-mfcc-feats.cc:182) Processed features for key VIVOSSPK16-255
VLOG[2] (compute-mfcc-feats[5.5.987~1-eb8d0]:main():compute-mfcc-feats.cc:182) Processed features for key VIVOSSPK16-256
VLOG[2] (compute-mfcc-feats[5.5.987~1-eb8d0]:main():compute-mfcc-feats.cc:182) Processed features for key VIVOSSPK16-257
VLOG[2] (compute-mfcc-feats[5.5.987~1-eb8d0]:main():compute-mfcc-feats.cc:182) Processed features for key VIVOSSPK16-258
VLOG[2] (compute-mfcc-feats[5.5.987~1-eb8d0]:main():compute-mfcc-feats.cc:182) Processed features for key VIVOSSPK16-259
VLOG[2] (compute-mfcc-feats[5.5.987~1-eb8d0]:main():compute-mfcc-feats.cc:182) Processed features for key VIVOSSPK16-260
VLOG[2] (compute-mfcc-feats[5.5.987~1-eb8d0]:main():compute-mfcc-feats.cc:182) Processed features for key VIVOSSPK16-261
VLOG[2] (compute-mfcc-feats[5.5.987~1-eb8d0]:main():compute-mfcc-feats.cc:182) Processed features for key VIVOSSPK16-262
VLOG[2] (compute-mfcc-feats[5.5.987~1-eb8d0]:main():compute-mfcc-feats.cc:182) Processed features for key VIVOSSPK16-263
VLOG[2] (compute-mfcc-feats[5.5.987~1-eb8d0]:main():compute-mfcc-feats.cc:182) Processed features for key VIVOSSPK16-264
LOG (compute-mfcc-feats[5.5.987~1-eb8d0]:main():compute-mfcc-feats.cc:181) Processed 520 utterances
VLOG[2] (compute-mfcc-feats[5.5.987~1-eb8d0]:main():compute-mfcc-feats.cc:182) Processed features for key VIVOSSPK16-265
VLOG[2] (compute-mfcc-feats[5.5.987~1-eb8d0]:main():compute-mfcc-feats.cc:182) Processed features for key VIVOSSPK16-266
VLOG[2] (compute-mfcc-feats[5.5.987~1-eb8d0]:main():compute-mfcc-feats.cc:182) Processed features for key VIVOSSPK16-267
VLOG[2] (compute-mfcc-feats[5.5.987~1-eb8d0]:main():compute-mfcc-feats.cc:182) Processed features for key VIVOSSPK16-268
VLOG[2] (compute-mfcc-feats[5.5.987~1-eb8d0]:main():compute-mfcc-feats.cc:182) Processed features for key VIVOSSPK16-269
VLOG[2] (compute-mfcc-feats[5.5.987~1-eb8d0]:main():compute-mfcc-feats.cc:182) Processed features for key VIVOSSPK16-270
VLOG[2] (compute-mfcc-feats[5.5.987~1-eb8d0]:main():compute-mfcc-feats.cc:182) Processed features for key VIVOSSPK16-271
VLOG[2] (compute-mfcc-feats[5.5.987~1-eb8d0]:main():compute-mfcc-feats.cc:182) Processed features for key VIVOSSPK16-272
VLOG[2] (compute-mfcc-feats[5.5.987~1-eb8d0]:main():compute-mfcc-feats.cc:182) Processed features for key VIVOSSPK16-273
VLOG[2] (compute-mfcc-feats[5.5.987~1-eb8d0]:main():compute-mfcc-feats.cc:182) Processed features for key VIVOSSPK16-274
LOG (compute-mfcc-feats[5.5.987~1-eb8d0]:main():compute-mfcc-feats.cc:181) Processed 530 utterances
VLOG[2] (compute-mfcc-feats[5.5.987~1-eb8d0]:main():compute-mfcc-feats.cc:182) Processed features for key VIVOSSPK16-275
VLOG[2] (compute-mfcc-feats[5.5.987~1-eb8d0]:main():compute-mfcc-feats.cc:182) Processed features for key VIVOSSPK16-276
VLOG[2] (compute-mfcc-feats[5.5.987~1-eb8d0]:main():compute-mfcc-feats.cc:182) Processed features for key VIVOSSPK16-277
VLOG[2] (compute-mfcc-feats[5.5.987~1-eb8d0]:main():compute-mfcc-feats.cc:182) Processed features for key VIVOSSPK16-278
VLOG[2] (compute-mfcc-feats[5.5.987~1-eb8d0]:main():compute-mfcc-feats.cc:182) Processed features for key VIVOSSPK16-279
VLOG[2] (compute-mfcc-feats[5.5.987~1-eb8d0]:main():compute-mfcc-feats.cc:182) Processed features for key VIVOSSPK16-280
VLOG[2] (compute-mfcc-feats[5.5.987~1-eb8d0]:main():compute-mfcc-feats.cc:182) Processed features for key VIVOSSPK16-281
VLOG[2] (compute-mfcc-feats[5.5.987~1-eb8d0]:main():compute-mfcc-feats.cc:182) Processed features for key VIVOSSPK16-282
VLOG[2] (compute-mfcc-feats[5.5.987~1-eb8d0]:main():compute-mfcc-feats.cc:182) Processed features for key VIVOSSPK16-283
VLOG[2] (compute-mfcc-feats[5.5.987~1-eb8d0]:main():compute-mfcc-feats.cc:182) Processed features for key VIVOSSPK16-284
LOG (compute-mfcc-feats[5.5.987~1-eb8d0]:main():compute-mfcc-feats.cc:181) Processed 540 utterances
VLOG[2] (compute-mfcc-feats[5.5.987~1-eb8d0]:main():compute-mfcc-feats.cc:182) Processed features for key VIVOSSPK16-285
VLOG[2] (compute-mfcc-feats[5.5.987~1-eb8d0]:main():compute-mfcc-feats.cc:182) Processed features for key VIVOSSPK16-286
VLOG[2] (compute-mfcc-feats[5.5.987~1-eb8d0]:main():compute-mfcc-feats.cc:182) Processed features for key VIVOSSPK16-287
VLOG[2] (compute-mfcc-feats[5.5.987~1-eb8d0]:main():compute-mfcc-feats.cc:182) Processed features for key VIVOSSPK16-288
VLOG[2] (compute-mfcc-feats[5.5.987~1-eb8d0]:main():compute-mfcc-feats.cc:182) Processed features for key VIVOSSPK16-289
VLOG[2] (compute-mfcc-feats[5.5.987~1-eb8d0]:main():compute-mfcc-feats.cc:182) Processed features for key VIVOSSPK16-290
VLOG[2] (compute-mfcc-feats[5.5.987~1-eb8d0]:main():compute-mfcc-feats.cc:182) Processed features for key VIVOSSPK16-291
VLOG[2] (compute-mfcc-feats[5.5.987~1-eb8d0]:main():compute-mfcc-feats.cc:182) Processed features for key VIVOSSPK16-292
VLOG[2] (compute-mfcc-feats[5.5.987~1-eb8d0]:main():compute-mfcc-feats.cc:182) Processed features for key VIVOSSPK16-293
VLOG[2] (compute-mfcc-feats[5.5.987~1-eb8d0]:main():compute-mfcc-feats.cc:182) Processed features for key VIVOSSPK16-294
LOG (compute-mfcc-feats[5.5.987~1-eb8d0]:main():compute-mfcc-feats.cc:181) Processed 550 utterances
VLOG[2] (compute-mfcc-feats[5.5.987~1-eb8d0]:main():compute-mfcc-feats.cc:182) Processed features for key VIVOSSPK16-295
VLOG[2] (compute-mfcc-feats[5.5.987~1-eb8d0]:main():compute-mfcc-feats.cc:182) Processed features for key VIVOSSPK16-296
VLOG[2] (compute-mfcc-feats[5.5.987~1-eb8d0]:main():compute-mfcc-feats.cc:182) Processed features for key VIVOSSPK16-297
VLOG[2] (compute-mfcc-feats[5.5.987~1-eb8d0]:main():compute-mfcc-feats.cc:182) Processed features for key VIVOSSPK16-298
VLOG[2] (compute-mfcc-feats[5.5.987~1-eb8d0]:main():compute-mfcc-feats.cc:182) Processed features for key VIVOSSPK16-299
VLOG[2] (compute-mfcc-feats[5.5.987~1-eb8d0]:main():compute-mfcc-feats.cc:182) Processed features for key VIVOSSPK16-300
VLOG[2] (compute-mfcc-feats[5.5.987~1-eb8d0]:main():compute-mfcc-feats.cc:182) Processed features for key VIVOSSPK17-001
VLOG[2] (compute-mfcc-feats[5.5.987~1-eb8d0]:main():compute-mfcc-feats.cc:182) Processed features for key VIVOSSPK17-002
VLOG[2] (compute-mfcc-feats[5.5.987~1-eb8d0]:main():compute-mfcc-feats.cc:182) Processed features for key VIVOSSPK17-003
VLOG[2] (compute-mfcc-feats[5.5.987~1-eb8d0]:main():compute-mfcc-feats.cc:182) Processed features for key VIVOSSPK17-004
LOG (compute-mfcc-feats[5.5.987~1-eb8d0]:main():compute-mfcc-feats.cc:181) Processed 560 utterances
VLOG[2] (compute-mfcc-feats[5.5.987~1-eb8d0]:main():compute-mfcc-feats.cc:182) Processed features for key VIVOSSPK17-005
VLOG[2] (compute-mfcc-feats[5.5.987~1-eb8d0]:main():compute-mfcc-feats.cc:182) Processed features for key VIVOSSPK17-006
VLOG[2] (compute-mfcc-feats[5.5.987~1-eb8d0]:main():compute-mfcc-feats.cc:182) Processed features for key VIVOSSPK17-007
VLOG[2] (compute-mfcc-feats[5.5.987~1-eb8d0]:main():compute-mfcc-feats.cc:182) Processed features for key VIVOSSPK17-008
VLOG[2] (compute-mfcc-feats[5.5.987~1-eb8d0]:main():compute-mfcc-feats.cc:182) Processed features for key VIVOSSPK17-009
VLOG[2] (compute-mfcc-feats[5.5.987~1-eb8d0]:main():compute-mfcc-feats.cc:182) Processed features for key VIVOSSPK17-010
VLOG[2] (compute-mfcc-feats[5.5.987~1-eb8d0]:main():compute-mfcc-feats.cc:182) Processed features for key VIVOSSPK17-011
VLOG[2] (compute-mfcc-feats[5.5.987~1-eb8d0]:main():compute-mfcc-feats.cc:182) Processed features for key VIVOSSPK17-012
VLOG[2] (compute-mfcc-feats[5.5.987~1-eb8d0]:main():compute-mfcc-feats.cc:182) Processed features for key VIVOSSPK17-013
VLOG[2] (compute-mfcc-feats[5.5.987~1-eb8d0]:main():compute-mfcc-feats.cc:182) Processed features for key VIVOSSPK17-014
LOG (compute-mfcc-feats[5.5.987~1-eb8d0]:main():compute-mfcc-feats.cc:181) Processed 570 utterances
VLOG[2] (compute-mfcc-feats[5.5.987~1-eb8d0]:main():compute-mfcc-feats.cc:182) Processed features for key VIVOSSPK17-015
VLOG[2] (compute-mfcc-feats[5.5.987~1-eb8d0]:main():compute-mfcc-feats.cc:182) Processed features for key VIVOSSPK17-016
VLOG[2] (compute-mfcc-feats[5.5.987~1-eb8d0]:main():compute-mfcc-feats.cc:182) Processed features for key VIVOSSPK17-017
VLOG[2] (compute-mfcc-feats[5.5.987~1-eb8d0]:main():compute-mfcc-feats.cc:182) Processed features for key VIVOSSPK17-018
VLOG[2] (compute-mfcc-feats[5.5.987~1-eb8d0]:main():compute-mfcc-feats.cc:182) Processed features for key VIVOSSPK17-019
VLOG[2] (compute-mfcc-feats[5.5.987~1-eb8d0]:main():compute-mfcc-feats.cc:182) Processed features for key VIVOSSPK17-020
VLOG[2] (compute-mfcc-feats[5.5.987~1-eb8d0]:main():compute-mfcc-feats.cc:182) Processed features for key VIVOSSPK17-021
VLOG[2] (compute-mfcc-feats[5.5.987~1-eb8d0]:main():compute-mfcc-feats.cc:182) Processed features for key VIVOSSPK17-022
VLOG[2] (compute-mfcc-feats[5.5.987~1-eb8d0]:main():compute-mfcc-feats.cc:182) Processed features for key VIVOSSPK17-023
VLOG[2] (compute-mfcc-feats[5.5.987~1-eb8d0]:main():compute-mfcc-feats.cc:182) Processed features for key VIVOSSPK17-024
LOG (compute-mfcc-feats[5.5.987~1-eb8d0]:main():compute-mfcc-feats.cc:181) Processed 580 utterances
VLOG[2] (compute-mfcc-feats[5.5.987~1-eb8d0]:main():compute-mfcc-feats.cc:182) Processed features for key VIVOSSPK17-025
VLOG[2] (compute-mfcc-feats[5.5.987~1-eb8d0]:main():compute-mfcc-feats.cc:182) Processed features for key VIVOSSPK17-026
VLOG[2] (compute-mfcc-feats[5.5.987~1-eb8d0]:main():compute-mfcc-feats.cc:182) Processed features for key VIVOSSPK17-027
VLOG[2] (compute-mfcc-feats[5.5.987~1-eb8d0]:main():compute-mfcc-feats.cc:182) Processed features for key VIVOSSPK17-028
VLOG[2] (compute-mfcc-feats[5.5.987~1-eb8d0]:main():compute-mfcc-feats.cc:182) Processed features for key VIVOSSPK17-029
VLOG[2] (compute-mfcc-feats[5.5.987~1-eb8d0]:main():compute-mfcc-feats.cc:182) Processed features for key VIVOSSPK17-030
VLOG[2] (compute-mfcc-feats[5.5.987~1-eb8d0]:main():compute-mfcc-feats.cc:182) Processed features for key VIVOSSPK17-031
VLOG[2] (compute-mfcc-feats[5.5.987~1-eb8d0]:main():compute-mfcc-feats.cc:182) Processed features for key VIVOSSPK17-032
VLOG[2] (compute-mfcc-feats[5.5.987~1-eb8d0]:main():compute-mfcc-feats.cc:182) Processed features for key VIVOSSPK17-033
VLOG[2] (compute-mfcc-feats[5.5.987~1-eb8d0]:main():compute-mfcc-feats.cc:182) Processed features for key VIVOSSPK17-034
LOG (compute-mfcc-feats[5.5.987~1-eb8d0]:main():compute-mfcc-feats.cc:181) Processed 590 utterances
VLOG[2] (compute-mfcc-feats[5.5.987~1-eb8d0]:main():compute-mfcc-feats.cc:182) Processed features for key VIVOSSPK17-035
VLOG[2] (compute-mfcc-feats[5.5.987~1-eb8d0]:main():compute-mfcc-feats.cc:182) Processed features for key VIVOSSPK17-036
VLOG[2] (compute-mfcc-feats[5.5.987~1-eb8d0]:main():compute-mfcc-feats.cc:182) Processed features for key VIVOSSPK17-037
VLOG[2] (compute-mfcc-feats[5.5.987~1-eb8d0]:main():compute-mfcc-feats.cc:182) Processed features for key VIVOSSPK17-038
VLOG[2] (compute-mfcc-feats[5.5.987~1-eb8d0]:main():compute-mfcc-feats.cc:182) Processed features for key VIVOSSPK17-039
VLOG[2] (compute-mfcc-feats[5.5.987~1-eb8d0]:main():compute-mfcc-feats.cc:182) Processed features for key VIVOSSPK17-040
VLOG[2] (compute-mfcc-feats[5.5.987~1-eb8d0]:main():compute-mfcc-feats.cc:182) Processed features for key VIVOSSPK17-041
VLOG[2] (compute-mfcc-feats[5.5.987~1-eb8d0]:main():compute-mfcc-feats.cc:182) Processed features for key VIVOSSPK17-042
VLOG[2] (compute-mfcc-feats[5.5.987~1-eb8d0]:main():compute-mfcc-feats.cc:182) Processed features for key VIVOSSPK17-043
VLOG[2] (compute-mfcc-feats[5.5.987~1-eb8d0]:main():compute-mfcc-feats.cc:182) Processed features for key VIVOSSPK17-044
LOG (compute-mfcc-feats[5.5.987~1-eb8d0]:main():compute-mfcc-feats.cc:181) Processed 600 utterances
VLOG[2] (compute-mfcc-feats[5.5.987~1-eb8d0]:main():compute-mfcc-feats.cc:182) Processed features for key VIVOSSPK17-045
VLOG[2] (compute-mfcc-feats[5.5.987~1-eb8d0]:main():compute-mfcc-feats.cc:182) Processed features for key VIVOSSPK17-046
VLOG[2] (compute-mfcc-feats[5.5.987~1-eb8d0]:main():compute-mfcc-feats.cc:182) Processed features for key VIVOSSPK17-047
VLOG[2] (compute-mfcc-feats[5.5.987~1-eb8d0]:main():compute-mfcc-feats.cc:182) Processed features for key VIVOSSPK17-048
VLOG[2] (compute-mfcc-feats[5.5.987~1-eb8d0]:main():compute-mfcc-feats.cc:182) Processed features for key VIVOSSPK17-049
VLOG[2] (compute-mfcc-feats[5.5.987~1-eb8d0]:main():compute-mfcc-feats.cc:182) Processed features for key VIVOSSPK17-050
VLOG[2] (compute-mfcc-feats[5.5.987~1-eb8d0]:main():compute-mfcc-feats.cc:182) Processed features for key VIVOSSPK17-051
VLOG[2] (compute-mfcc-feats[5.5.987~1-eb8d0]:main():compute-mfcc-feats.cc:182) Processed features for key VIVOSSPK17-052
VLOG[2] (compute-mfcc-feats[5.5.987~1-eb8d0]:main():compute-mfcc-feats.cc:182) Processed features for key VIVOSSPK17-053
VLOG[2] (compute-mfcc-feats[5.5.987~1-eb8d0]:main():compute-mfcc-feats.cc:182) Processed features for key VIVOSSPK17-054
LOG (compute-mfcc-feats[5.5.987~1-eb8d0]:main():compute-mfcc-feats.cc:181) Processed 610 utterances
VLOG[2] (compute-mfcc-feats[5.5.987~1-eb8d0]:main():compute-mfcc-feats.cc:182) Processed features for key VIVOSSPK17-055
VLOG[2] (compute-mfcc-feats[5.5.987~1-eb8d0]:main():compute-mfcc-feats.cc:182) Processed features for key VIVOSSPK17-056
VLOG[2] (compute-mfcc-feats[5.5.987~1-eb8d0]:main():compute-mfcc-feats.cc:182) Processed features for key VIVOSSPK17-057
VLOG[2] (compute-mfcc-feats[5.5.987~1-eb8d0]:main():compute-mfcc-feats.cc:182) Processed features for key VIVOSSPK17-058
VLOG[2] (compute-mfcc-feats[5.5.987~1-eb8d0]:main():compute-mfcc-feats.cc:182) Processed features for key VIVOSSPK17-059
VLOG[2] (compute-mfcc-feats[5.5.987~1-eb8d0]:main():compute-mfcc-feats.cc:182) Processed features for key VIVOSSPK17-060
VLOG[2] (compute-mfcc-feats[5.5.987~1-eb8d0]:main():compute-mfcc-feats.cc:182) Processed features for key VIVOSSPK17-061
VLOG[2] (compute-mfcc-feats[5.5.987~1-eb8d0]:main():compute-mfcc-feats.cc:182) Processed features for key VIVOSSPK17-062
VLOG[2] (compute-mfcc-feats[5.5.987~1-eb8d0]:main():compute-mfcc-feats.cc:182) Processed features for key VIVOSSPK17-063
VLOG[2] (compute-mfcc-feats[5.5.987~1-eb8d0]:main():compute-mfcc-feats.cc:182) Processed features for key VIVOSSPK17-064
LOG (compute-mfcc-feats[5.5.987~1-eb8d0]:main():compute-mfcc-feats.cc:181) Processed 620 utterances
VLOG[2] (compute-mfcc-feats[5.5.987~1-eb8d0]:main():compute-mfcc-feats.cc:182) Processed features for key VIVOSSPK17-065
VLOG[2] (compute-mfcc-feats[5.5.987~1-eb8d0]:main():compute-mfcc-feats.cc:182) Processed features for key VIVOSSPK17-066
VLOG[2] (compute-mfcc-feats[5.5.987~1-eb8d0]:main():compute-mfcc-feats.cc:182) Processed features for key VIVOSSPK17-067
VLOG[2] (compute-mfcc-feats[5.5.987~1-eb8d0]:main():compute-mfcc-feats.cc:182) Processed features for key VIVOSSPK17-068
VLOG[2] (compute-mfcc-feats[5.5.987~1-eb8d0]:main():compute-mfcc-feats.cc:182) Processed features for key VIVOSSPK17-069
VLOG[2] (compute-mfcc-feats[5.5.987~1-eb8d0]:main():compute-mfcc-feats.cc:182) Processed features for key VIVOSSPK17-070
VLOG[2] (compute-mfcc-feats[5.5.987~1-eb8d0]:main():compute-mfcc-feats.cc:182) Processed features for key VIVOSSPK17-071
VLOG[2] (compute-mfcc-feats[5.5.987~1-eb8d0]:main():compute-mfcc-feats.cc:182) Processed features for key VIVOSSPK17-072
VLOG[2] (compute-mfcc-feats[5.5.987~1-eb8d0]:main():compute-mfcc-feats.cc:182) Processed features for key VIVOSSPK17-073
VLOG[2] (compute-mfcc-feats[5.5.987~1-eb8d0]:main():compute-mfcc-feats.cc:182) Processed features for key VIVOSSPK17-074
LOG (compute-mfcc-feats[5.5.987~1-eb8d0]:main():compute-mfcc-feats.cc:181) Processed 630 utterances
VLOG[2] (compute-mfcc-feats[5.5.987~1-eb8d0]:main():compute-mfcc-feats.cc:182) Processed features for key VIVOSSPK17-075
VLOG[2] (compute-mfcc-feats[5.5.987~1-eb8d0]:main():compute-mfcc-feats.cc:182) Processed features for key VIVOSSPK17-076
VLOG[2] (compute-mfcc-feats[5.5.987~1-eb8d0]:main():compute-mfcc-feats.cc:182) Processed features for key VIVOSSPK17-077
VLOG[2] (compute-mfcc-feats[5.5.987~1-eb8d0]:main():compute-mfcc-feats.cc:182) Processed features for key VIVOSSPK17-078
VLOG[2] (compute-mfcc-feats[5.5.987~1-eb8d0]:main():compute-mfcc-feats.cc:182) Processed features for key VIVOSSPK17-079
VLOG[2] (compute-mfcc-feats[5.5.987~1-eb8d0]:main():compute-mfcc-feats.cc:182) Processed features for key VIVOSSPK17-080
VLOG[2] (compute-mfcc-feats[5.5.987~1-eb8d0]:main():compute-mfcc-feats.cc:182) Processed features for key VIVOSSPK17-081
VLOG[2] (compute-mfcc-feats[5.5.987~1-eb8d0]:main():compute-mfcc-feats.cc:182) Processed features for key VIVOSSPK17-082
VLOG[2] (compute-mfcc-feats[5.5.987~1-eb8d0]:main():compute-mfcc-feats.cc:182) Processed features for key VIVOSSPK17-083
VLOG[2] (compute-mfcc-feats[5.5.987~1-eb8d0]:main():compute-mfcc-feats.cc:182) Processed features for key VIVOSSPK17-084
LOG (compute-mfcc-feats[5.5.987~1-eb8d0]:main():compute-mfcc-feats.cc:181) Processed 640 utterances
VLOG[2] (compute-mfcc-feats[5.5.987~1-eb8d0]:main():compute-mfcc-feats.cc:182) Processed features for key VIVOSSPK17-085
VLOG[2] (compute-mfcc-feats[5.5.987~1-eb8d0]:main():compute-mfcc-feats.cc:182) Processed features for key VIVOSSPK17-086
VLOG[2] (compute-mfcc-feats[5.5.987~1-eb8d0]:main():compute-mfcc-feats.cc:182) Processed features for key VIVOSSPK17-087
VLOG[2] (compute-mfcc-feats[5.5.987~1-eb8d0]:main():compute-mfcc-feats.cc:182) Processed features for key VIVOSSPK17-088
VLOG[2] (compute-mfcc-feats[5.5.987~1-eb8d0]:main():compute-mfcc-feats.cc:182) Processed features for key VIVOSSPK17-089
VLOG[2] (compute-mfcc-feats[5.5.987~1-eb8d0]:main():compute-mfcc-feats.cc:182) Processed features for key VIVOSSPK17-090
VLOG[2] (compute-mfcc-feats[5.5.987~1-eb8d0]:main():compute-mfcc-feats.cc:182) Processed features for key VIVOSSPK17-091
VLOG[2] (compute-mfcc-feats[5.5.987~1-eb8d0]:main():compute-mfcc-feats.cc:182) Processed features for key VIVOSSPK17-092
VLOG[2] (compute-mfcc-feats[5.5.987~1-eb8d0]:main():compute-mfcc-feats.cc:182) Processed features for key VIVOSSPK17-093
VLOG[2] (compute-mfcc-feats[5.5.987~1-eb8d0]:main():compute-mfcc-feats.cc:182) Processed features for key VIVOSSPK17-094
LOG (compute-mfcc-feats[5.5.987~1-eb8d0]:main():compute-mfcc-feats.cc:181) Processed 650 utterances
VLOG[2] (compute-mfcc-feats[5.5.987~1-eb8d0]:main():compute-mfcc-feats.cc:182) Processed features for key VIVOSSPK17-095
VLOG[2] (compute-mfcc-feats[5.5.987~1-eb8d0]:main():compute-mfcc-feats.cc:182) Processed features for key VIVOSSPK17-096
VLOG[2] (compute-mfcc-feats[5.5.987~1-eb8d0]:main():compute-mfcc-feats.cc:182) Processed features for key VIVOSSPK17-097
VLOG[2] (compute-mfcc-feats[5.5.987~1-eb8d0]:main():compute-mfcc-feats.cc:182) Processed features for key VIVOSSPK17-098
VLOG[2] (compute-mfcc-feats[5.5.987~1-eb8d0]:main():compute-mfcc-feats.cc:182) Processed features for key VIVOSSPK17-099
VLOG[2] (compute-mfcc-feats[5.5.987~1-eb8d0]:main():compute-mfcc-feats.cc:182) Processed features for key VIVOSSPK17-100
VLOG[2] (compute-mfcc-feats[5.5.987~1-eb8d0]:main():compute-mfcc-feats.cc:182) Processed features for key VIVOSSPK17-101
VLOG[2] (compute-mfcc-feats[5.5.987~1-eb8d0]:main():compute-mfcc-feats.cc:182) Processed features for key VIVOSSPK17-102
VLOG[2] (compute-mfcc-feats[5.5.987~1-eb8d0]:main():compute-mfcc-feats.cc:182) Processed features for key VIVOSSPK17-103
VLOG[2] (compute-mfcc-feats[5.5.987~1-eb8d0]:main():compute-mfcc-feats.cc:182) Processed features for key VIVOSSPK17-104
LOG (compute-mfcc-feats[5.5.987~1-eb8d0]:main():compute-mfcc-feats.cc:181) Processed 660 utterances
VLOG[2] (compute-mfcc-feats[5.5.987~1-eb8d0]:main():compute-mfcc-feats.cc:182) Processed features for key VIVOSSPK17-105
VLOG[2] (compute-mfcc-feats[5.5.987~1-eb8d0]:main():compute-mfcc-feats.cc:182) Processed features for key VIVOSSPK17-106
VLOG[2] (compute-mfcc-feats[5.5.987~1-eb8d0]:main():compute-mfcc-feats.cc:182) Processed features for key VIVOSSPK17-107
VLOG[2] (compute-mfcc-feats[5.5.987~1-eb8d0]:main():compute-mfcc-feats.cc:182) Processed features for key VIVOSSPK17-108
VLOG[2] (compute-mfcc-feats[5.5.987~1-eb8d0]:main():compute-mfcc-feats.cc:182) Processed features for key VIVOSSPK17-109
VLOG[2] (compute-mfcc-feats[5.5.987~1-eb8d0]:main():compute-mfcc-feats.cc:182) Processed features for key VIVOSSPK17-110
VLOG[2] (compute-mfcc-feats[5.5.987~1-eb8d0]:main():compute-mfcc-feats.cc:182) Processed features for key VIVOSSPK17-111
VLOG[2] (compute-mfcc-feats[5.5.987~1-eb8d0]:main():compute-mfcc-feats.cc:182) Processed features for key VIVOSSPK17-112
VLOG[2] (compute-mfcc-feats[5.5.987~1-eb8d0]:main():compute-mfcc-feats.cc:182) Processed features for key VIVOSSPK17-113
VLOG[2] (compute-mfcc-feats[5.5.987~1-eb8d0]:main():compute-mfcc-feats.cc:182) Processed features for key VIVOSSPK17-114
LOG (compute-mfcc-feats[5.5.987~1-eb8d0]:main():compute-mfcc-feats.cc:181) Processed 670 utterances
VLOG[2] (compute-mfcc-feats[5.5.987~1-eb8d0]:main():compute-mfcc-feats.cc:182) Processed features for key VIVOSSPK17-115
VLOG[2] (compute-mfcc-feats[5.5.987~1-eb8d0]:main():compute-mfcc-feats.cc:182) Processed features for key VIVOSSPK17-116
VLOG[2] (compute-mfcc-feats[5.5.987~1-eb8d0]:main():compute-mfcc-feats.cc:182) Processed features for key VIVOSSPK17-117
VLOG[2] (compute-mfcc-feats[5.5.987~1-eb8d0]:main():compute-mfcc-feats.cc:182) Processed features for key VIVOSSPK17-118
VLOG[2] (compute-mfcc-feats[5.5.987~1-eb8d0]:main():compute-mfcc-feats.cc:182) Processed features for key VIVOSSPK17-119
VLOG[2] (compute-mfcc-feats[5.5.987~1-eb8d0]:main():compute-mfcc-feats.cc:182) Processed features for key VIVOSSPK17-120
VLOG[2] (compute-mfcc-feats[5.5.987~1-eb8d0]:main():compute-mfcc-feats.cc:182) Processed features for key VIVOSSPK17-121
VLOG[2] (compute-mfcc-feats[5.5.987~1-eb8d0]:main():compute-mfcc-feats.cc:182) Processed features for key VIVOSSPK17-122
VLOG[2] (compute-mfcc-feats[5.5.987~1-eb8d0]:main():compute-mfcc-feats.cc:182) Processed features for key VIVOSSPK17-123
VLOG[2] (compute-mfcc-feats[5.5.987~1-eb8d0]:main():compute-mfcc-feats.cc:182) Processed features for key VIVOSSPK17-124
LOG (compute-mfcc-feats[5.5.987~1-eb8d0]:main():compute-mfcc-feats.cc:181) Processed 680 utterances
VLOG[2] (compute-mfcc-feats[5.5.987~1-eb8d0]:main():compute-mfcc-feats.cc:182) Processed features for key VIVOSSPK17-125
VLOG[2] (compute-mfcc-feats[5.5.987~1-eb8d0]:main():compute-mfcc-feats.cc:182) Processed features for key VIVOSSPK17-126
VLOG[2] (compute-mfcc-feats[5.5.987~1-eb8d0]:main():compute-mfcc-feats.cc:182) Processed features for key VIVOSSPK17-127
VLOG[2] (compute-mfcc-feats[5.5.987~1-eb8d0]:main():compute-mfcc-feats.cc:182) Processed features for key VIVOSSPK17-128
VLOG[2] (compute-mfcc-feats[5.5.987~1-eb8d0]:main():compute-mfcc-feats.cc:182) Processed features for key VIVOSSPK17-129
VLOG[2] (compute-mfcc-feats[5.5.987~1-eb8d0]:main():compute-mfcc-feats.cc:182) Processed features for key VIVOSSPK17-130
VLOG[2] (compute-mfcc-feats[5.5.987~1-eb8d0]:main():compute-mfcc-feats.cc:182) Processed features for key VIVOSSPK17-131
VLOG[2] (compute-mfcc-feats[5.5.987~1-eb8d0]:main():compute-mfcc-feats.cc:182) Processed features for key VIVOSSPK17-132
VLOG[2] (compute-mfcc-feats[5.5.987~1-eb8d0]:main():compute-mfcc-feats.cc:182) Processed features for key VIVOSSPK17-133
VLOG[2] (compute-mfcc-feats[5.5.987~1-eb8d0]:main():compute-mfcc-feats.cc:182) Processed features for key VIVOSSPK17-134
LOG (compute-mfcc-feats[5.5.987~1-eb8d0]:main():compute-mfcc-feats.cc:181) Processed 690 utterances
VLOG[2] (compute-mfcc-feats[5.5.987~1-eb8d0]:main():compute-mfcc-feats.cc:182) Processed features for key VIVOSSPK17-135
VLOG[2] (compute-mfcc-feats[5.5.987~1-eb8d0]:main():compute-mfcc-feats.cc:182) Processed features for key VIVOSSPK17-136
VLOG[2] (compute-mfcc-feats[5.5.987~1-eb8d0]:main():compute-mfcc-feats.cc:182) Processed features for key VIVOSSPK17-137
VLOG[2] (compute-mfcc-feats[5.5.987~1-eb8d0]:main():compute-mfcc-feats.cc:182) Processed features for key VIVOSSPK17-138
VLOG[2] (compute-mfcc-feats[5.5.987~1-eb8d0]:main():compute-mfcc-feats.cc:182) Processed features for key VIVOSSPK17-139
VLOG[2] (compute-mfcc-feats[5.5.987~1-eb8d0]:main():compute-mfcc-feats.cc:182) Processed features for key VIVOSSPK17-140
VLOG[2] (compute-mfcc-feats[5.5.987~1-eb8d0]:main():compute-mfcc-feats.cc:182) Processed features for key VIVOSSPK17-141
VLOG[2] (compute-mfcc-feats[5.5.987~1-eb8d0]:main():compute-mfcc-feats.cc:182) Processed features for key VIVOSSPK17-142
VLOG[2] (compute-mfcc-feats[5.5.987~1-eb8d0]:main():compute-mfcc-feats.cc:182) Processed features for key VIVOSSPK17-143
VLOG[2] (compute-mfcc-feats[5.5.987~1-eb8d0]:main():compute-mfcc-feats.cc:182) Processed features for key VIVOSSPK17-144
LOG (compute-mfcc-feats[5.5.987~1-eb8d0]:main():compute-mfcc-feats.cc:181) Processed 700 utterances
VLOG[2] (compute-mfcc-feats[5.5.987~1-eb8d0]:main():compute-mfcc-feats.cc:182) Processed features for key VIVOSSPK17-145
VLOG[2] (compute-mfcc-feats[5.5.987~1-eb8d0]:main():compute-mfcc-feats.cc:182) Processed features for key VIVOSSPK17-146
VLOG[2] (compute-mfcc-feats[5.5.987~1-eb8d0]:main():compute-mfcc-feats.cc:182) Processed features for key VIVOSSPK17-147
VLOG[2] (compute-mfcc-feats[5.5.987~1-eb8d0]:main():compute-mfcc-feats.cc:182) Processed features for key VIVOSSPK17-148
VLOG[2] (compute-mfcc-feats[5.5.987~1-eb8d0]:main():compute-mfcc-feats.cc:182) Processed features for key VIVOSSPK17-149
VLOG[2] (compute-mfcc-feats[5.5.987~1-eb8d0]:main():compute-mfcc-feats.cc:182) Processed features for key VIVOSSPK17-150
VLOG[2] (compute-mfcc-feats[5.5.987~1-eb8d0]:main():compute-mfcc-feats.cc:182) Processed features for key VIVOSSPK17-151
VLOG[2] (compute-mfcc-feats[5.5.987~1-eb8d0]:main():compute-mfcc-feats.cc:182) Processed features for key VIVOSSPK17-152
VLOG[2] (compute-mfcc-feats[5.5.987~1-eb8d0]:main():compute-mfcc-feats.cc:182) Processed features for key VIVOSSPK17-153
VLOG[2] (compute-mfcc-feats[5.5.987~1-eb8d0]:main():compute-mfcc-feats.cc:182) Processed features for key VIVOSSPK17-154
LOG (compute-mfcc-feats[5.5.987~1-eb8d0]:main():compute-mfcc-feats.cc:181) Processed 710 utterances
VLOG[2] (compute-mfcc-feats[5.5.987~1-eb8d0]:main():compute-mfcc-feats.cc:182) Processed features for key VIVOSSPK17-155
VLOG[2] (compute-mfcc-feats[5.5.987~1-eb8d0]:main():compute-mfcc-feats.cc:182) Processed features for key VIVOSSPK17-156
VLOG[2] (compute-mfcc-feats[5.5.987~1-eb8d0]:main():compute-mfcc-feats.cc:182) Processed features for key VIVOSSPK17-157
VLOG[2] (compute-mfcc-feats[5.5.987~1-eb8d0]:main():compute-mfcc-feats.cc:182) Processed features for key VIVOSSPK17-158
VLOG[2] (compute-mfcc-feats[5.5.987~1-eb8d0]:main():compute-mfcc-feats.cc:182) Processed features for key VIVOSSPK17-159
VLOG[2] (compute-mfcc-feats[5.5.987~1-eb8d0]:main():compute-mfcc-feats.cc:182) Processed features for key VIVOSSPK17-160
VLOG[2] (compute-mfcc-feats[5.5.987~1-eb8d0]:main():compute-mfcc-feats.cc:182) Processed features for key VIVOSSPK17-161
VLOG[2] (compute-mfcc-feats[5.5.987~1-eb8d0]:main():compute-mfcc-feats.cc:182) Processed features for key VIVOSSPK17-162
VLOG[2] (compute-mfcc-feats[5.5.987~1-eb8d0]:main():compute-mfcc-feats.cc:182) Processed features for key VIVOSSPK17-163
VLOG[2] (compute-mfcc-feats[5.5.987~1-eb8d0]:main():compute-mfcc-feats.cc:182) Processed features for key VIVOSSPK17-164
LOG (compute-mfcc-feats[5.5.987~1-eb8d0]:main():compute-mfcc-feats.cc:181) Processed 720 utterances
VLOG[2] (compute-mfcc-feats[5.5.987~1-eb8d0]:main():compute-mfcc-feats.cc:182) Processed features for key VIVOSSPK17-165
VLOG[2] (compute-mfcc-feats[5.5.987~1-eb8d0]:main():compute-mfcc-feats.cc:182) Processed features for key VIVOSSPK17-166
VLOG[2] (compute-mfcc-feats[5.5.987~1-eb8d0]:main():compute-mfcc-feats.cc:182) Processed features for key VIVOSSPK17-167
VLOG[2] (compute-mfcc-feats[5.5.987~1-eb8d0]:main():compute-mfcc-feats.cc:182) Processed features for key VIVOSSPK17-168
VLOG[2] (compute-mfcc-feats[5.5.987~1-eb8d0]:main():compute-mfcc-feats.cc:182) Processed features for key VIVOSSPK17-169
VLOG[2] (compute-mfcc-feats[5.5.987~1-eb8d0]:main():compute-mfcc-feats.cc:182) Processed features for key VIVOSSPK17-170
VLOG[2] (compute-mfcc-feats[5.5.987~1-eb8d0]:main():compute-mfcc-feats.cc:182) Processed features for key VIVOSSPK17-171
VLOG[2] (compute-mfcc-feats[5.5.987~1-eb8d0]:main():compute-mfcc-feats.cc:182) Processed features for key VIVOSSPK17-172
VLOG[2] (compute-mfcc-feats[5.5.987~1-eb8d0]:main():compute-mfcc-feats.cc:182) Processed features for key VIVOSSPK17-173
VLOG[2] (compute-mfcc-feats[5.5.987~1-eb8d0]:main():compute-mfcc-feats.cc:182) Processed features for key VIVOSSPK17-174
LOG (compute-mfcc-feats[5.5.987~1-eb8d0]:main():compute-mfcc-feats.cc:185)  Done 729 out of 729 utterances.
LOG (copy-feats[5.5.987~1-eb8d0]:main():copy-feats.cc:143) Copied 729 feature matrices.
# Accounting: time=5 threads=1
# Ended (code 0) at Fri Oct 29 08:01:01 +07 2021, elapsed time 5 seconds
